Loading genetic_alg_settings.json
# Hall of Fame size: 10 

# Get problem data...
# wHullDist: Will calculate hull distance: hull_dist(CALCULATED,atom_frac)
# Query requested: ['formation_energy', 'is_calculated', 'corr', 'hull_dist(CALCULATED,atom_frac)']
# Use existing: []
# Querying: ['formation_energy', 'is_calculated', 'corr', 'hull_dist(CALCULATED,atom_frac)']
#   DONE

# Target: formation_energy
# Training samples: 627
# Features: 253 

# Weighting:
{
  "method": "wHullDist",
  "kwargs": {
    "A": 1.05,
    "B": 1.0,
    "kT": 0.1,
    "hull_selection": "CALCULATED"
  }
}

# CV:
{
  "method": "KFold",
  "kwargs": {
    "n_splits": 10,
    "shuffle": true
  },
  "penalty": 0.0
} 

# Writing problem specs to: genetic_alg_settings_specs.pkl
# To inspect or customize the problem specs further, use the '--checkspecs' method

# Estimator:
{
  "method": "LinearRegression",
  "kwargs": {
    "fit_intercept": false
  }
} 

# Feature Selection:
{
  "method": "GeneticAlgorithm",
  "kwargs": {
    "constraints_kwargs": {
      "n_features_max": 100,
      "n_features_min": 3,
      "fix_off": [],
      "fix_on": [
        0,
        1,
        2
      ]
    },
    "selTournamentSize": 3,
    "mutFlipBitProb": 0.01,
    "evolve_params_kwargs": {
      "n_generation": 20,
      "n_repetition": 20,
      "n_features_init": 3,
      "n_population": 10,
      "n_halloffame": 10,
      "halloffame_filename": "evolve_halloffame.pkl",
      "filename_prefix": "genetic_alg_settings"
    },
    "cxUniformProb": 0.5
  }
} 

# Fit and select...
Constructing initial population
Begin 1 of 20 repetitions
Begin 20 generations
gen	nevals	avg      	std        	min      	max      
0  	10    	0.0195649	0.000713422	0.0183534	0.0205805
1  	10    	0.0186301	0.000557073	0.0177711	0.0194895
2  	10    	0.0180064	0.000668902	0.0170467	0.0195365
3  	10    	0.0169048	0.00144229 	0.013764 	0.0193434
4  	10    	0.0147025	0.00157126 	0.0111277	0.0161005
5  	10    	0.0133134	0.00214202 	0.0104211	0.0165862
6  	10    	0.0115128	0.000578316	0.0106641	0.0125104
7  	10    	0.0112322	0.00138932 	0.0102317	0.0153004
8  	10    	0.0105994	0.000809325	0.00996487	0.0129274
9  	10    	0.0100064	0.000466702	0.00931626	0.0111524
10 	10    	0.00925604	0.000713506	0.00791232	0.0102593
11 	10    	0.00901652	0.00133808 	0.00772784	0.0126608
12 	10    	0.00807862	0.000225563	0.00782142	0.00862056
13 	10    	0.00786073	0.000307354	0.00745368	0.00844439
14 	10    	0.00768287	0.000292129	0.00735742	0.00847474
15 	10    	0.00750513	0.000176948	0.00724215	0.00785752
16 	10    	0.00753945	0.000487341	0.00720414	0.00894492
17 	10    	0.00731728	0.000239863	0.00697676	0.00792499
18 	10    	0.00723055	0.000165591	0.00692331	0.00758392
19 	10    	0.0072196 	0.000433589	0.00696377	0.00848189
20 	10    	0.00695363	9.51651e-05	0.00684333	0.00712793
Runtime: 2.7509729619996506 (s)


Final population:
Index: Selected                                    #Selected    CV          
----------------------------------------------------------------------------------------------------
    0: 1111000100001010000000001011001100000001... 55           0.0068433315
    1: 1111100100001010000010001011001110001001... 56           0.0068635324
    2: 1111000100101010000000001011001100000001... 54           0.007012541 
    3: 1111100100001010000000001011001110000001... 53           0.0069204147
    4: 1111000100001010000000001011001100001001... 55           0.0068873194
    5: 1111000100001010000000001011001100000001... 54           0.0069162797
    6: 1111000100101000000000001011001100000001... 57           0.0071177311
    7: 1111000100101000000000001011001100000001... 53           0.0071279263
    8: 1111000100001010000000001011001100001001... 55           0.0069436099
    9: 1111000100001010000000001011001100001001... 56           0.006903571 

Pickling population to: genetic_alg_settings_population_end.pkl

Hall of Fame:
Index: Selected                                    #Selected    CV          
----------------------------------------------------------------------------------------------------
    0: 1111000100001010000000001011001100000001... 55           0.0068433315
    1: 1111100100001010000010001011001110001001... 56           0.0068635324
    2: 1111000100001010000000001011001100001001... 55           0.0068873194
    3: 1111000100001010000000001011001100001001... 56           0.006903571 
    4: 1111000100001010000000001011001100000001... 54           0.0069162797
    5: 1111100100001010000000001011001110000001... 53           0.0069204147
    6: 1111000100001010000000001011001100000001... 51           0.0069233052
    7: 1111000100001010000000001011001100001001... 55           0.0069436099
    8: 1111100100001010000000001011001110000001... 53           0.0069637682
    9: 1111000100001010000000001011001100000001... 53           0.0069751529

Pickling Hall of Fame to: genetic_alg_settings_evolve_halloffame.pkl
Begin 2 of 20 repetitions
Begin 20 generations
gen	nevals	avg       	std        	min       	max       
0  	0     	0.00695363	9.51651e-05	0.00684333	0.00712793
1  	10    	0.00693588	0.00011782 	0.00676216	0.00716012
2  	10    	0.00681522	0.000135332	0.00656384	0.00710829
3  	10    	0.00676344	8.45286e-05	0.00665988	0.00691004
4  	10    	0.00676015	0.000122819	0.00653836	0.00694578
5  	10    	0.00672151	0.000170858	0.00643689	0.00700504
6  	10    	0.00663919	0.000136443	0.00635604	0.0068694 
7  	10    	0.00652584	0.000180603	0.00626422	0.00682315
8  	10    	0.00660122	0.000428548	0.00625117	0.00778429
9  	10    	0.00633874	0.000124337	0.00618415	0.00658318
10 	10    	0.00625842	0.000118481	0.0060611 	0.00647262
11 	10    	0.00639532	0.000373339	0.00606388	0.00736939
12 	10    	0.00635424	0.000243632	0.00600836	0.00694516
13 	10    	0.00620312	0.000134554	0.00602642	0.00650013
14 	10    	0.00612376	9.67107e-05	0.00592125	0.00625276
15 	10    	0.00616747	0.000214558	0.00594226	0.00670572
16 	10    	0.00605458	9.80568e-05	0.00586849	0.00621608
17 	10    	0.00613039	0.000217729	0.0059026 	0.00663166
18 	10    	0.00596949	9.97469e-05	0.0058297 	0.00618396
19 	10    	0.0059148 	8.38894e-05	0.00574618	0.0060113 
20 	10    	0.0061151 	0.000347958	0.00578003	0.00711814
Runtime: 4.380739894000726 (s)


Final population:
Index: Selected                                    #Selected    CV          
----------------------------------------------------------------------------------------------------
    0: 1111000101010010010010001011001100011001... 85           0.0057800252
    1: 1111000101011010010010001011001100011001... 84           0.005946041 
    2: 1111000101010010010010001011001100011001... 85           0.006060274 
    3: 1111000101010010010010001011001100011001... 78           0.0060447389
    4: 1111000101010110010010001011001100011001... 86           0.0060475183
    5: 1111000101010010010010001011001100011001... 82           0.0059983644
    6: 1111000101010010010010000011001110011001... 82           0.0071181437
    7: 1111000101010010010010001011001101011001... 81           0.0060738007
    8: 1111000101010010010010001011001100011001... 83           0.0061527647
    9: 1111000101010010010010001011001100011001... 84           0.0059293116

Pickling population to: genetic_alg_settings_population_end.pkl

Hall of Fame:
Index: Selected                                    #Selected    CV          
----------------------------------------------------------------------------------------------------
    0: 1111000101010010010010001011001111011001... 81           0.0057461834
    1: 1111000101010010010010001011001100011001... 85           0.0057800252
    2: 1111000101010010010010001011001101011001... 81           0.0058297008
    3: 1111000101010010010010001011001100011001... 81           0.005847882 
    4: 1111000101010010010110001011001100011001... 83           0.0058507981
    5: 1111000101010010010010001011001100011001... 78           0.0058644426
    6: 1111000101111010010010001011001100011011... 80           0.0058684918
    7: 1111000101010010010010001011001100011001... 79           0.0058782852
    8: 1111000101011010010010001011001100011001... 87           0.005890039 
    9: 1111000101010010010010001011001100011001... 79           0.0059025977

Pickling Hall of Fame to: genetic_alg_settings_evolve_halloffame.pkl
Begin 3 of 20 repetitions
Begin 20 generations
gen	nevals	avg      	std        	min       	max       
0  	0     	0.0061151	0.000347958	0.00578003	0.00711814
1  	10    	0.00592925	0.000112298	0.00578694	0.00621444
2  	10    	0.00600332	0.000193831	0.00585362	0.00653182
3  	10    	0.00593249	0.000134644	0.00568489	0.00610791
4  	10    	0.00592319	9.29284e-05	0.00579651	0.00613659
5  	10    	0.00592624	7.3387e-05 	0.00585799	0.00609495
6  	10    	0.00595286	0.000132575	0.00578141	0.00627015
7  	10    	0.0058944 	7.36279e-05	0.00574772	0.0060292 
8  	10    	0.00590303	8.58025e-05	0.00581137	0.00606253
9  	10    	0.00587236	8.13988e-05	0.0057605 	0.0060135 
10 	10    	0.00585565	5.62574e-05	0.00580513	0.00601196
11 	10    	0.00595694	0.000368712	0.00572947	0.00704463
12 	10    	0.00589025	3.85391e-05	0.00582292	0.00595563
13 	10    	0.00587678	0.000112546	0.00575238	0.00616589
14 	10    	0.00592516	0.000225535	0.00567678	0.00653723
15 	10    	0.00582915	9.24041e-05	0.00573593	0.00606102
16 	10    	0.0058166 	7.01836e-05	0.00570496	0.00592237
17 	10    	0.00585138	6.79739e-05	0.00570797	0.00597142
18 	10    	0.00597479	0.000300019	0.00575236	0.00682139
19 	10    	0.00584002	0.000102829	0.00570723	0.00602121
20 	10    	0.00593677	0.000159032	0.00579317	0.00633881
Runtime: 5.425731679999444 (s)


Final population:
Index: Selected                                    #Selected    CV          
----------------------------------------------------------------------------------------------------
    0: 1111000001110011010111011011011110011001... 100          0.0063388136
    1: 1111000001110011010011011011011110011000... 97           0.0059053499
    2: 1111000001010001010011011011001110011000... 100          0.0058375429
    3: 1111000001110011010011011011011110011001... 98           0.0058961909
    4: 1111000001110011010011011011011110011001... 100          0.005793175 
    5: 1111000011110011010011011011011110011001... 100          0.0058779155
    6: 1111000001110011010011011011001110010000... 93           0.0058060438
    7: 1111000001100011010011011011101110011000... 100          0.0061193751
    8: 1111000001110011000011011011011110011000... 99           0.0058736824
    9: 1111000001110011010011011011011110011001... 100          0.0059195866

Pickling population to: genetic_alg_settings_population_end.pkl

Hall of Fame:
Index: Selected                                    #Selected    CV          
----------------------------------------------------------------------------------------------------
    0: 1111000101010011010011011011001110011000... 94           0.0056767782
    1: 1111000101010010010010001011001100011001... 86           0.0056848923
    2: 1111000101010011010011001011001110011001... 98           0.005704965 
    3: 1111000001110011010011011011011110011001... 99           0.0057072341
    4: 1111000001110111010011001011001110011001... 95           0.0057079726
    5: 1111000101110111010011011011011110011000... 99           0.0057288673
    6: 1111000001010001010011011011001110011001... 96           0.0057289042
    7: 1111000101010011010010001011001100011001... 95           0.0057294726
    8: 1111000101010011010011001011001110010001... 97           0.0057359295
    9: 1111000101010010010011001011001110011001... 87           0.0057365293

Pickling Hall of Fame to: genetic_alg_settings_evolve_halloffame.pkl
Begin 4 of 20 repetitions
Begin 20 generations
gen	nevals	avg       	std        	min       	max       
0  	0     	0.00593677	0.000159032	0.00579317	0.00633881
1  	10    	0.00589719	0.000109155	0.00573348	0.00611314
2  	10    	0.00603461	0.000347936	0.00574966	0.00687525
3  	10    	0.0059558 	0.000140441	0.00575671	0.00612597
4  	10    	0.00601531	0.000162339	0.00577254	0.00634917
5  	10    	0.00591171	9.1562e-05 	0.00576568	0.0060785 
6  	10    	0.00585732	9.46245e-05	0.00574993	0.00600472
7  	10    	0.00600896	0.000412348	0.00572521	0.00721381
8  	10    	0.00603885	0.000503659	0.00575517	0.0075243 
9  	10    	0.00582217	0.000120356	0.00568979	0.00611297
10 	10    	0.00585567	0.000122532	0.00571291	0.0061157 
11 	10    	0.00579307	6.1279e-05 	0.00572473	0.00592109
12 	10    	0.00598038	0.00027654 	0.00572979	0.00676785
13 	10    	0.00586144	9.03048e-05	0.00575336	0.00602326
14 	10    	0.0059204 	0.000146025	0.00571041	0.00615645
15 	10    	0.00590638	0.000115435	0.00566322	0.00602328
16 	10    	0.00596531	0.000388957	0.00566332	0.00708756
17 	10    	0.00587862	0.000156304	0.00563083	0.0062    
18 	10    	0.00577848	9.55102e-05	0.00568233	0.00596051
19 	10    	0.005733  	0.000114733	0.00553398	0.00592938
20 	10    	0.00583156	0.000212298	0.00561532	0.00638589
Runtime: 5.548256850001053 (s)


Final population:
Index: Selected                                    #Selected    CV          
----------------------------------------------------------------------------------------------------
    0: 1111000100110000110001011011011111001101... 100          0.0059801793
    1: 1111000100110000110001011011011111001101... 100          0.0058982629
    2: 1111000101110000110001011011001110001101... 99           0.0057221018
    3: 1111000101110000110001011011011110001011... 99           0.0057224146
    4: 1111000101110000110001011011011110001101... 99           0.0056153214
    5: 1111000101110000110001011011011110001101... 100          0.0063858891
    6: 1111000101110000110001011011001110001111... 100          0.0057827005
    7: 1111000101110000110001011011011110000101... 97           0.005735953 
    8: 1111000101110000110001011011001110001111... 99           0.0058274893
    9: 1111000101110000110001001011001110001111... 100          0.0056453051

Pickling population to: genetic_alg_settings_population_end.pkl

Hall of Fame:
Index: Selected                                    #Selected    CV          
----------------------------------------------------------------------------------------------------
    0: 1111000101110000110001011011011110000101... 99           0.0055339801
    1: 1111000101110000110001011011011110001101... 99           0.0056153214
    2: 1111000101110000110001011011001110001111... 100          0.0056219605
    3: 1111000101110000110001011011011110001101... 100          0.0056283729
    4: 1111000101110000110001011011011110001101... 100          0.005630835 
    5: 1111000101110000110001001011001110001111... 100          0.0056453051
    6: 1111000001110001110011011011011110001101... 100          0.0056632218
    7: 1111000001110001110001011011011110001101... 96           0.0056633201
    8: 1111000001110001110001011011011110001101... 99           0.0056638115
    9: 1111000101110000110001011011011110001101... 100          0.005669572 

Pickling Hall of Fame to: genetic_alg_settings_evolve_halloffame.pkl
Begin 5 of 20 repetitions
Begin 20 generations
gen	nevals	avg       	std        	min       	max       
0  	0     	0.00583156	0.000212298	0.00561532	0.00638589
1  	10    	0.00594665	0.000283903	0.00558299	0.00668139
2  	10    	0.00579571	0.0001137  	0.00561942	0.00599758
3  	10    	0.00585542	0.000270739	0.00562604	0.00660129
4  	10    	0.00571221	8.97159e-05	0.00555816	0.00582553
5  	10    	0.00593105	0.000396168	0.00563731	0.00684366
6  	10    	0.00581399	0.000291086	0.00567372	0.00667797
7  	10    	0.00585639	0.000425454	0.00559332	0.00705233
8  	10    	0.00572989	0.000115852	0.00561167	0.0060159 
9  	10    	0.00570499	0.000120115	0.00557351	0.00594323
10 	10    	0.00592873	0.000313922	0.005576  	0.00663795
11 	10    	0.00579288	0.000139166	0.00557864	0.00602606
12 	10    	0.00574573	0.000133706	0.00556093	0.00598972
13 	10    	0.00577945	0.000109538	0.00558736	0.00595658
14 	10    	0.0057344 	0.000373993	0.00551391	0.00684649
15 	10    	0.00566183	5.11154e-05	0.00556003	0.00573761
16 	10    	0.00571798	9.36587e-05	0.00556697	0.00592071
17 	10    	0.00576824	8.99127e-05	0.00568114	0.0059345 
18 	10    	0.00582226	0.000244571	0.00558896	0.00644377
19 	10    	0.00575802	0.000139741	0.00555872	0.00610814
20 	10    	0.00581892	0.000357665	0.00544185	0.00678423
Runtime: 5.568872782998369 (s)


Final population:
Index: Selected                                    #Selected    CV          
----------------------------------------------------------------------------------------------------
    0: 1111010100110000000110011111001110011111... 100          0.0056534995
    1: 1111010101110000010010001111001110011111... 97           0.0057731405
    2: 1110010100110010010010011111001100011111... 99           0.0067842287
    3: 1111000101110000000010011111001110110111... 100          0.0056804262
    4: 1111010100110000000010011111001110011111... 95           0.0056793531
    5: 1111010101110001010010011111001110011111... 98           0.0060774371
    6: 1111010101110000000010011111001110011111... 100          0.0054418496
    7: 1111010101110000000010011110001110011111... 100          0.0057278299
    8: 1111010100110000010010011111001110011111... 100          0.0055705859
    9: 1111010100110001010010011101001110011111... 99           0.0058008754

Pickling population to: genetic_alg_settings_population_end.pkl

Hall of Fame:
Index: Selected                                    #Selected    CV          
----------------------------------------------------------------------------------------------------
    0: 1111010101110000000010011111001110011111... 100          0.0054418496
    1: 1111010101110000010010011011001111011111... 99           0.0055139122
    2: 1111000101010000010010011111011110111111... 98           0.0055294399
    3: 1111000101110000110001011011011110000101... 99           0.0055339801
    4: 1111000101110000010000011111001110001111... 95           0.0055581602
    5: 1111010101110000000010011111001110011111... 100          0.0055587167
    6: 1111010101110000010010011011001111011111... 100          0.0055600328
    7: 1111010101111000010000011011001111011111... 100          0.0055609349
    8: 1111010101111000010010011011001111011111... 98           0.0055669657
    9: 1111010100110000010010011111001110011111... 100          0.0055705859

Pickling Hall of Fame to: genetic_alg_settings_evolve_halloffame.pkl
Begin 6 of 20 repetitions
Begin 20 generations
gen	nevals	avg       	std        	min       	max       
0  	0     	0.00581892	0.000357665	0.00544185	0.00678423
1  	10    	0.00573864	0.000355991	0.00532809	0.00673521
2  	10    	0.00588604	0.00038093 	0.00550221	0.00679249
3  	10    	0.00568386	0.000168794	0.00547056	0.00605096
4  	10    	0.00585976	0.000283186	0.00551624	0.0064392 
5  	10    	0.00587496	0.000321847	0.0055578 	0.00660463
6  	10    	0.00569541	0.000133918	0.00544305	0.00588498
7  	10    	0.00563802	0.000123758	0.00549406	0.00588466
8  	10    	0.00569498	0.000171526	0.00554669	0.00612046
9  	10    	0.00561307	4.76567e-05	0.005545  	0.00567154
10 	10    	0.00563996	7.4914e-05 	0.00550881	0.00573216
11 	10    	0.00576779	0.000255633	0.00552033	0.00648747
12 	10    	0.00573926	0.000189378	0.00553398	0.00608775
13 	10    	0.00568319	0.000170962	0.00553429	0.00608243
14 	10    	0.00578889	0.000300097	0.00548794	0.00653316
15 	10    	0.00569199	0.000237786	0.00546709	0.00635903
16 	10    	0.00582914	0.000302992	0.00558399	0.0066508 
17 	10    	0.00583585	0.000276329	0.0055713 	0.00657718
18 	10    	0.00569976	9.73454e-05	0.00553042	0.00584071
19 	10    	0.00569297	0.000181038	0.00550619	0.0061587 
20 	10    	0.00582536	0.00036852 	0.00561113	0.00691146
Runtime: 5.524400548001722 (s)


Final population:
Index: Selected                                    #Selected    CV          
----------------------------------------------------------------------------------------------------
    0: 1111010101010010001010011110001110111111... 99           0.0056182585
    1: 1111110000010010001010011111001110111111... 100          0.0057958214
    2: 1111010001010000001010011111001110111111... 100          0.0056422086
    3: 1111010100010000001000011111001110110111... 99           0.0058221764
    4: 1111010101010000000010001111001110110111... 100          0.005611134 
    5: 1111010100010000000000011111001110110111... 96           0.0057055736
    6: 1110010100010000000010011111001110110111... 99           0.0069114638
    7: 1111010101010000001000001111001110110111... 97           0.0057719847
    8: 1111010101010000001010011110001110110111... 99           0.005684477 
    9: 1111000100010000000010001111001110111111... 96           0.0056904895

Pickling population to: genetic_alg_settings_population_end.pkl

Hall of Fame:
Index: Selected                                    #Selected    CV          
----------------------------------------------------------------------------------------------------
    0: 1111010100110000010010011111001110011111... 97           0.0053280886
    1: 1111010101110000000010011111001110011111... 100          0.0054418496
    2: 1111010001110000000010011110001110011111... 100          0.0054430517
    3: 1111010101010000001010011111001111111111... 99           0.005467092 
    4: 1111010001110000000010011111011110011111... 100          0.005470555 
    5: 1111010101110000000010011111001110011101... 97           0.0054772277
    6: 1111010100110000001010011111001110111111... 100          0.0054879388
    7: 1111010001110000000010011111001110111111... 95           0.0054940613
    8: 1111010001110000010010011011001110111111... 100          0.0055022148
    9: 1111010001110000000010011110001110111111... 100          0.0055045134

Pickling Hall of Fame to: genetic_alg_settings_evolve_halloffame.pkl
Begin 7 of 20 repetitions
Begin 20 generations
gen	nevals	avg       	std       	min       	max       
0  	0     	0.00582536	0.00036852	0.00561113	0.00691146
1  	10    	0.00572356	0.000153112	0.00550836	0.0059452 
2  	10    	0.00567756	6.43102e-05	0.00560506	0.00583738
3  	10    	0.00591149	0.00031495 	0.00556853	0.00671719
4  	10    	0.0058537 	0.00025343 	0.00558297	0.00646427
5  	10    	0.00575718	0.00019655 	0.00552964	0.00618608
6  	10    	0.00574552	0.000232651	0.00553161	0.00625066
7  	10    	0.00579813	0.000207299	0.00561068	0.00636547
8  	10    	0.00577137	0.000181236	0.00560451	0.00625142
9  	10    	0.00581323	0.000282042	0.00558432	0.00661533
10 	10    	0.00587198	0.000387046	0.00551866	0.00689801
11 	10    	0.0058362 	0.000203234	0.00546306	0.00629146
12 	10    	0.00584915	0.000271052	0.00548729	0.00647567
13 	10    	0.00567234	0.00013208 	0.00552739	0.0059112 
14 	10    	0.00561754	0.000135593	0.00535812	0.00581553
15 	10    	0.00571222	0.000237379	0.00543248	0.00613817
16 	10    	0.00565754	0.000179121	0.00545446	0.00602751
17 	10    	0.00576542	0.000414648	0.00547765	0.00690957
18 	10    	0.00565229	0.000140304	0.00549569	0.00599728
19 	10    	0.00569141	0.000143699	0.00541074	0.00592643
20 	10    	0.00565634	7.21855e-05	0.00554713	0.00581237
Runtime: 5.53305765299956 (s)


Final population:
Index: Selected                                    #Selected    CV          
----------------------------------------------------------------------------------------------------
    0: 1111010101011000001010001111001111110111... 94           0.0056249785
    1: 1111010101011010001010001111001110110111... 100          0.0056625148
    2: 1111010101010000001000001111001110110111... 93           0.0057172323
    3: 1111010101010000001000001111001110110111... 94           0.0055762525
    4: 1111011101010001001000001111001110110111... 94           0.0055471321
    5: 1111010101011000001110101111101110110111... 100          0.0056745027
    6: 1111010101011001001010001111001111110111... 100          0.0057003656
    7: 1111010101011000001000101111001110110011... 100          0.0056370697
    8: 1111010101011000001010001111001110110101... 95           0.005812369 
    9: 1111000101011000000011001111001110110111... 97           0.0056110303

Pickling population to: genetic_alg_settings_population_end.pkl

Hall of Fame:
Index: Selected                                    #Selected    CV          
----------------------------------------------------------------------------------------------------
    0: 1111010100110000010010011111001110011111... 97           0.0053280886
    1: 1111010101010010001010001110001110110111... 100          0.0053581161
    2: 1111010101010000001000001111001110110111... 93           0.0054107405
    3: 1111010101010010001010001111001110110111... 99           0.0054324816
    4: 1111010101010000001010001111001110110111... 98           0.0054381208
    5: 1111010101110000000010011111001110011111... 100          0.0054418496
    6: 1111010001110000000010011110001110011111... 100          0.0054430517
    7: 1111010101010010001010001111001110110111... 99           0.0054544601
    8: 1111010101010000001010011110001110110111... 100          0.0054630587
    9: 1111010101010000001010011111001111111111... 99           0.005467092 

Pickling Hall of Fame to: genetic_alg_settings_evolve_halloffame.pkl
Begin 8 of 20 repetitions
Begin 20 generations
gen	nevals	avg       	std        	min       	max       
0  	0     	0.00565634	7.21855e-05	0.00554713	0.00581237
1  	10    	0.0055858 	7.00562e-05	0.00544406	0.00567583
2  	10    	0.00556995	6.96253e-05	0.00545426	0.00568414
3  	10    	0.00563326	0.000119853	0.00546715	0.0058267 
4  	10    	0.00562385	0.000107439	0.00548398	0.00584956
5  	10    	0.00578342	0.000325939	0.00544646	0.00634112
6  	10    	0.00556131	7.05435e-05	0.00549185	0.00573356
7  	10    	0.00557323	7.3396e-05 	0.00546518	0.00573358
8  	10    	0.00560622	6.76192e-05	0.0055047 	0.00571487
9  	10    	0.00567736	0.000215308	0.00548155	0.00617879
10 	10    	0.00557718	0.000132633	0.00544657	0.00594662
11 	10    	0.00571536	0.000338157	0.0054737 	0.00666844
12 	10    	0.00572456	0.000177869	0.00547578	0.0061095 
13 	10    	0.00571006	0.000182132	0.00538625	0.00596806
14 	10    	0.00586106	0.000398047	0.00546495	0.00687041
15 	10    	0.00572491	0.000179286	0.00546999	0.00612258
16 	10    	0.00571374	0.000192679	0.00550261	0.00619585
17 	10    	0.00566518	0.000132431	0.00550042	0.00597138
18 	10    	0.00566392	0.000303755	0.00542901	0.0065453 
19 	10    	0.00568387	0.000227099	0.00554074	0.00626697
20 	10    	0.00566628	9.34987e-05	0.00546498	0.00578354
Runtime: 5.4973500769992825 (s)


Final population:
Index: Selected                                    #Selected    CV          
----------------------------------------------------------------------------------------------------
    0: 1111000101010001001000001110001110110111... 98           0.0057096991
    1: 1111000101010001001001001111001110110111... 100          0.0057179852
    2: 1111001101010001001000001110001110110111... 93           0.0057106404
    3: 1111010101010001001001001111001110111111... 100          0.0056705781
    4: 1111011101010001001000001111101110110111... 100          0.0054649792
    5: 1111001101010001001001001110001110110111... 100          0.0056505348
    6: 1111010101010001001101001111001110110111... 99           0.0055797489
    7: 1111000101010001001001001110001110101111... 100          0.0057835432
    8: 1111010001010001001001001110001111101111... 97           0.0057823321
    9: 1111010101010100001100001111011110110011... 99           0.0055928033

Pickling population to: genetic_alg_settings_population_end.pkl

Hall of Fame:
Index: Selected                                    #Selected    CV          
----------------------------------------------------------------------------------------------------
    0: 1111010100110000010010011111001110011111... 97           0.0053280886
    1: 1111010101010010001010001110001110110111... 100          0.0053581161
    2: 1111011101010001001000001111001110110111... 100          0.0053862488
    3: 1111010101010000001000001111001110110111... 93           0.0054107405
    4: 1111010101010001001000001111001110110011... 98           0.0054290081
    5: 1111010101010010001010001111001110110111... 99           0.0054324816
    6: 1111010101010000001010001111001110110111... 98           0.0054381208
    7: 1111010101110000000010011111001110011111... 100          0.0054418496
    8: 1111010001110000000010011110001110011111... 100          0.0054430517
    9: 1111010101010001001000001111001110110111... 92           0.0054440574

Pickling Hall of Fame to: genetic_alg_settings_evolve_halloffame.pkl
Begin 9 of 20 repetitions
Begin 20 generations
gen	nevals	avg       	std        	min       	max       
0  	0     	0.00566628	9.34987e-05	0.00546498	0.00578354
1  	10    	0.00601561	0.000880739	0.0054947 	0.00855651
2  	10    	0.00565745	0.000124994	0.00549064	0.00583027
3  	10    	0.00571179	0.000123337	0.00552231	0.0059081 
4  	10    	0.00560528	0.000164248	0.00537971	0.00588878
5  	10    	0.00562833	0.000176425	0.00541987	0.00592721
6  	10    	0.00556302	0.000110921	0.00538758	0.00569535
7  	10    	0.00560821	0.000169354	0.00536903	0.00590973
8  	10    	0.00552173	0.000157677	0.00537034	0.00592203
9  	10    	0.00552395	0.000171014	0.00539105	0.00601298
10 	10    	0.00552323	9.06929e-05	0.00542462	0.0057174 
11 	10    	0.00546701	7.98607e-05	0.00537516	0.00559916
12 	10    	0.0054918 	0.000124489	0.00537384	0.00577501
13 	10    	0.00544406	7.14546e-05	0.00534181	0.00557213
14 	10    	0.00544346	9.43244e-05	0.0052763 	0.0055769 
15 	10    	0.00561784	0.000323599	0.00534971	0.00642477
16 	10    	0.00546298	9.09439e-05	0.00531841	0.00568009
17 	10    	0.00536431	5.34167e-05	0.00530319	0.00546889
18 	10    	0.00541927	0.000123911	0.00530811	0.0057415 
19 	10    	0.00556083	0.000173505	0.00535965	0.00585796
20 	10    	0.00548849	0.000113179	0.00535994	0.00579842
Runtime: 5.499608186000842 (s)


Final population:
Index: Selected                                    #Selected    CV          
----------------------------------------------------------------------------------------------------
    0: 1111110101010000001000001110001111110010... 94           0.0054203734
    1: 1111010101010000001001001110011110110010... 97           0.0054220609
    2: 1111110101010000001000001110011111110010... 96           0.0053599446
    3: 1111010101010000000000011110001111110010... 97           0.0055139172
    4: 1111110101010000001000001110001101110110... 96           0.0057984195
    5: 1111010101010000001000001111011110110010... 97           0.0054448175
    6: 1111010101010000101000001110011110110010... 100          0.0054915192
    7: 1111110101011000001000001110011111110010... 99           0.0054613943
    8: 1111110101011000001000001110001110110010... 98           0.00544649  
    9: 1111010101010000001100001110011111110010... 99           0.0055259152

Pickling population to: genetic_alg_settings_population_end.pkl

Hall of Fame:
Index: Selected                                    #Selected    CV          
----------------------------------------------------------------------------------------------------
    0: 1111010101010000001000001110011110110010... 97           0.0052762983
    1: 1111010101010000001000001110001110110010... 93           0.0053031857
    2: 1111010101010000001000011110011111110010... 97           0.0053060204
    3: 1111010101010000001000011110011111110010... 97           0.0053081091
    4: 1111110101010000001000001110011111110010... 95           0.005311968 
    5: 1111010101010000001000001110001110110010... 91           0.0053184069
    6: 1111010101010000001000001110001110110010... 94           0.0053266437
    7: 1111010100110000010010011111001110011111... 97           0.0053280886
    8: 1111010101010000001000001110001110110010... 93           0.0053307896
    9: 1111010101010000101000001110001110110010... 98           0.0053406181

Pickling Hall of Fame to: genetic_alg_settings_evolve_halloffame.pkl
Begin 10 of 20 repetitions
Begin 20 generations
gen	nevals	avg       	std        	min       	max       
0  	0     	0.00548849	0.000113179	0.00535994	0.00579842
1  	10    	0.00563103	0.000442662	0.00535907	0.00686013
2  	10    	0.00550465	0.000156811	0.00538674	0.00592815
3  	10    	0.00543061	7.46896e-05	0.00534451	0.00553535
4  	10    	0.00549443	0.000116995	0.00534933	0.00568418
5  	10    	0.00561321	0.000301547	0.00528215	0.00639308
6  	10    	0.005454  	9.4941e-05 	0.00533704	0.00565575
7  	10    	0.00550447	0.000167212	0.00525542	0.00590009
8  	10    	0.00561768	0.000308166	0.0053324 	0.00646027
9  	10    	0.00543267	7.52751e-05	0.00534655	0.00554596
10 	10    	0.00534063	5.30012e-05	0.0052734 	0.00544855
11 	10    	0.00551079	0.000179929	0.00533068	0.0059128 
12 	10    	0.00546005	8.47382e-05	0.0053396 	0.00565178
13 	10    	0.00549215	0.00010755 	0.00529422	0.00569406
14 	10    	0.00551915	0.000262793	0.00524562	0.00621419
15 	10    	0.00564817	0.000493839	0.00539595	0.00711593
16 	10    	0.00553531	0.000183516	0.00539846	0.00606397
17 	10    	0.00564405	0.000328564	0.00540594	0.00659545
18 	10    	0.00565769	0.000196034	0.00544712	0.00614523
19 	10    	0.00570412	0.000328666	0.00541422	0.0066449 
20 	10    	0.00565912	0.000164881	0.00539451	0.00600743
Runtime: 5.531670441003371 (s)


Final population:
Index: Selected                                    #Selected    CV          
----------------------------------------------------------------------------------------------------
    0: 1111110101010000010000001110011111010011... 96           0.006007435 
    1: 1111110101010011000000001110001111010011... 98           0.0054677595
    2: 1111110111010010010000001110011111110011... 99           0.0055489584
    3: 1111110101010010000000001110011111000011... 100          0.0056415347
    4: 1111110001010010000000001010011111010011... 93           0.0057504245
    5: 1111110101010000000000001110011111010011... 96           0.0057754924
    6: 1111110101010010000000001110001111010011... 95           0.0053945104
    7: 1111110101010010000000011110011111010011... 100          0.0057319202
    8: 1111110101010000000000001110010111010011... 100          0.0056769465
    9: 1111100101010010000000001110001111010011... 97           0.0055962365

Pickling population to: genetic_alg_settings_population_end.pkl

Hall of Fame:
Index: Selected                                    #Selected    CV          
----------------------------------------------------------------------------------------------------
    0: 1111110101010001000000001110011111010010... 99           0.0052456211
    1: 1111110101010001000000001110011111010010... 94           0.0052554206
    2: 1111110101010001000000001111011111010010... 98           0.0052734043
    3: 1111010101010000001000001110011110110010... 97           0.0052762983
    4: 1111010101010000000000001110001111010010... 98           0.0052821472
    5: 1111110101010001000001001110011111010010... 96           0.0052883176
    6: 1111110101010001000000001110011111010011... 98           0.0052942202
    7: 1111110101010001000000101110011111110110... 100          0.0053024269
    8: 1111010101010000001000001110001110110010... 93           0.0053031857
    9: 1111010101010000001000011110011111110010... 97           0.0053060204

Pickling Hall of Fame to: genetic_alg_settings_evolve_halloffame.pkl
Begin 11 of 20 repetitions
Begin 20 generations
gen	nevals	avg       	std        	min       	max       
0  	0     	0.00565912	0.000164881	0.00539451	0.00600743
1  	10    	0.00563592	0.000108377	0.00544954	0.00573761
2  	10    	0.00574646	0.000348666	0.00540385	0.00664548
3  	10    	0.00572598	0.000458198	0.00538999	0.00702051
4  	10    	0.0055143 	6.99518e-05	0.00540449	0.00562996
5  	10    	0.00564089	0.000384333	0.00537301	0.00675389
6  	10    	0.00557186	0.00012973 	0.00541603	0.00586484
7  	10    	0.00566381	0.000396622	0.00536728	0.00669263
8  	10    	0.00549786	0.000115841	0.00536964	0.00578625
9  	10    	0.00549967	6.77033e-05	0.00538647	0.00560696
10 	10    	0.00565296	0.000542687	0.00533696	0.0072676 
11 	10    	0.00565529	0.000307661	0.00546113	0.00655258
12 	10    	0.00560354	0.000102383	0.0054299 	0.00578044
13 	10    	0.00566179	0.000256275	0.00544501	0.00628639
14 	10    	0.00576788	0.000527705	0.00541846	0.00697093
15 	10    	0.00574031	0.000357593	0.00544543	0.00674172
16 	10    	0.00560148	0.000307295	0.00537505	0.00649495
17 	10    	0.00561633	0.000385213	0.00541658	0.00676234
18 	10    	0.00557139	0.000323668	0.00533636	0.0065045 
19 	10    	0.00555774	0.000159527	0.00538943	0.00591955
20 	10    	0.0056753 	0.000312926	0.00540115	0.00655971
Runtime: 5.539501519000623 (s)


Final population:
Index: Selected                                    #Selected    CV          
----------------------------------------------------------------------------------------------------
    0: 1110110101010010000000011010001111010011... 97           0.0065597086
    1: 1111110101010011000000001010001111010010... 99           0.005653025 
    2: 1111011101010011000000011010001111010011... 97           0.0056026841
    3: 1111100111010010000000011010001111010011... 100          0.0057360759
    4: 1111110101010010000000011010001111000011... 100          0.0056322859
    5: 1111110101010010000000001010001111010010... 93           0.0056713546
    6: 1111011101010011000000001010001111010011... 99           0.0054299197
    7: 1111010101010011000000001010001111010011... 97           0.0054011492
    8: 1111010111010011000001011010001111010011... 100          0.0054623955
    9: 1111110101010010000000011010001111010011... 100          0.0056044208

Pickling population to: genetic_alg_settings_population_end.pkl

Hall of Fame:
Index: Selected                                    #Selected    CV          
----------------------------------------------------------------------------------------------------
    0: 1111110101010001000000001110011111010010... 99           0.0052456211
    1: 1111110101010001000000001110011111010010... 94           0.0052554206
    2: 1111110101010001000000001111011111010010... 98           0.0052734043
    3: 1111010101010000001000001110011110110010... 97           0.0052762983
    4: 1111010101010000000000001110001111010010... 98           0.0052821472
    5: 1111110101010001000001001110011111010010... 96           0.0052883176
    6: 1111110101010001000000001110011111010011... 98           0.0052942202
    7: 1111110101010001000000101110011111110110... 100          0.0053024269
    8: 1111010101010000001000001110001110110010... 93           0.0053031857
    9: 1111010101010000001000011110011111110010... 97           0.0053060204

Pickling Hall of Fame to: genetic_alg_settings_evolve_halloffame.pkl
Begin 12 of 20 repetitions
Begin 20 generations
gen	nevals	avg      	std        	min       	max       
0  	0     	0.0056753	0.000312926	0.00540115	0.00655971
1  	10    	0.00567299	0.000329199	0.00538426	0.00652054
2  	10    	0.0055909 	0.000180242	0.0053124 	0.00587903
3  	10    	0.00563304	0.000227268	0.00527506	0.00608782
4  	10    	0.00544645	0.000107621	0.00532961	0.00562716
5  	10    	0.00546658	0.000103173	0.00533849	0.0057158 
6  	10    	0.00550476	0.000125376	0.00537606	0.00585661
7  	10    	0.00562319	0.00019929 	0.00538487	0.00613886
8  	10    	0.00558419	0.000118299	0.00544694	0.00577578
9  	10    	0.00557197	0.000135115	0.00541041	0.00585347
10 	10    	0.00567992	0.000293234	0.0054058 	0.0064808 
11 	10    	0.00570924	0.000503542	0.0054001 	0.00715185
12 	10    	0.00548251	0.000117165	0.00536374	0.00575466
13 	10    	0.00557997	0.000133163	0.00542989	0.00588137
14 	10    	0.00555512	7.90735e-05	0.00544255	0.00568177
15 	10    	0.00560473	0.000102578	0.00546272	0.00576955
16 	10    	0.00557243	9.48789e-05	0.00539457	0.00569772
17 	10    	0.00571305	0.000230715	0.00540158	0.00598636
18 	10    	0.00570988	0.000310039	0.0053959 	0.0063286 
19 	10    	0.00558468	0.000104317	0.00543919	0.00583893
20 	10    	0.00554633	9.90663e-05	0.0053937 	0.00566422
Runtime: 5.5377269519995025 (s)


Final population:
Index: Selected                                    #Selected    CV          
----------------------------------------------------------------------------------------------------
    0: 1111011111010111000100001110001110010011... 97           0.0056343931
    1: 1111011111010011000000001010001110011011... 97           0.0054941497
    2: 1111011111010101000000001010001111010011... 98           0.0056327874
    3: 1111011111010101000000001010001110010011... 100          0.0056642157
    4: 1111011111010111000000101010001110010011... 94           0.0053937041
    5: 1111011111010111000001001010001110010011... 97           0.0054881351
    6: 1111011111000101000000101010001111010011... 100          0.0056083049
    7: 1111011111010101000000001010001110010011... 93           0.0056593318
    8: 1111011111010111000000001010001110010011... 96           0.005411648 
    9: 1111011111010111000000001010001110010011... 96           0.0054766117

Pickling population to: genetic_alg_settings_population_end.pkl

Hall of Fame:
Index: Selected                                    #Selected    CV          
----------------------------------------------------------------------------------------------------
    0: 1111110101010001000000001110011111010010... 99           0.0052456211
    1: 1111110101010001000000001110011111010010... 94           0.0052554206
    2: 1111110101010001000000001111011111010010... 98           0.0052734043
    3: 1111010101010011000000001010001111010011... 99           0.0052750646
    4: 1111010101010000001000001110011110110010... 97           0.0052762983
    5: 1111010101010000000000001110001111010010... 98           0.0052821472
    6: 1111110101010001000001001110011111010010... 96           0.0052883176
    7: 1111110101010001000000001110011111010011... 98           0.0052942202
    8: 1111110101010001000000101110011111110110... 100          0.0053024269
    9: 1111010101010000001000001110001110110010... 93           0.0053031857

Pickling Hall of Fame to: genetic_alg_settings_evolve_halloffame.pkl
Begin 13 of 20 repetitions
Begin 20 generations
gen	nevals	avg       	std        	min      	max       
0  	0     	0.00554633	9.90663e-05	0.0053937	0.00566422
1  	10    	0.00567493	0.000406403	0.00544406	0.00687046
2  	10    	0.00563889	0.000476738	0.00538631	0.0070596 
3  	10    	0.00567105	0.000459048	0.00533943	0.00695583
4  	10    	0.00554742	0.000164273	0.00542158	0.00599969
5  	10    	0.0055411 	3.97147e-05	0.00546375	0.00560359
6  	10    	0.0056506 	0.000140174	0.00545595	0.00588102
7  	10    	0.00555904	0.000135112	0.00537739	0.00580471
8  	10    	0.00566462	0.000205946	0.00542476	0.0061553 
9  	10    	0.00556016	5.93377e-05	0.00546805	0.0056533 
10 	10    	0.00554426	7.93003e-05	0.00542946	0.00570005
11 	10    	0.00583142	0.000378797	0.00552792	0.00688829
12 	10    	0.00602814	0.000575445	0.00550694	0.00749645
13 	10    	0.00598506	0.00057634 	0.00549308	0.00715719
14 	10    	0.00568955	0.000261574	0.00545819	0.00635553
15 	10    	0.00576251	0.000438178	0.00535667	0.00697093
16 	10    	0.00568254	0.000172778	0.00538759	0.00594718
17 	10    	0.00571225	0.000247568	0.00538168	0.00616225
18 	10    	0.00570832	0.000246501	0.00542682	0.00625323
19 	10    	0.00557783	0.000149759	0.00537513	0.00581717
20 	10    	0.00577635	0.000435882	0.00537105	0.00661983
Runtime: 5.544705865999276 (s)


Final population:
Index: Selected                                    #Selected    CV          
----------------------------------------------------------------------------------------------------
    0: 1111010111110111000000001010001110010011... 98           0.005500395 
    1: 1111010111110111000000001010001110000011... 95           0.0055314378
    2: 1111010011110111000010001010001110010011... 99           0.0055923135
    3: 1111011111110011000000001011001111010011... 100          0.0054601176
    4: 1110010111110111000000001010101110010011... 97           0.0062784487
    5: 1110010111110111000000001010001110010011... 100          0.0063735071
    6: 1111010111110111000000001010101110010011... 100          0.0053710523
    7: 1111010111110111100000001010001110010011... 98           0.0055963513
    8: 1111011111110111000000010010000111010011... 95           0.0066198295
    9: 1111010111110111000000001010001110010011... 100          0.0054400379

Pickling population to: genetic_alg_settings_population_end.pkl

Hall of Fame:
Index: Selected                                    #Selected    CV          
----------------------------------------------------------------------------------------------------
    0: 1111110101010001000000001110011111010010... 99           0.0052456211
    1: 1111110101010001000000001110011111010010... 94           0.0052554206
    2: 1111110101010001000000001111011111010010... 98           0.0052734043
    3: 1111010101010011000000001010001111010011... 99           0.0052750646
    4: 1111010101010000001000001110011110110010... 97           0.0052762983
    5: 1111010101010000000000001110001111010010... 98           0.0052821472
    6: 1111110101010001000001001110011111010010... 96           0.0052883176
    7: 1111110101010001000000001110011111010011... 98           0.0052942202
    8: 1111110101010001000000101110011111110110... 100          0.0053024269
    9: 1111010101010000001000001110001110110010... 93           0.0053031857

Pickling Hall of Fame to: genetic_alg_settings_evolve_halloffame.pkl
Begin 14 of 20 repetitions
Begin 20 generations
gen	nevals	avg       	std        	min       	max       
0  	0     	0.00577635	0.000435882	0.00537105	0.00661983
1  	10    	0.00560817	0.000187341	0.00537832	0.00609132
2  	10    	0.00569466	0.000441283	0.0053389 	0.0069592 
3  	10    	0.00571874	0.000266254	0.00539211	0.00630161
4  	10    	0.0056667 	0.000206578	0.00545098	0.00609339
5  	10    	0.00563726	0.000306656	0.00534744	0.00646121
6  	10    	0.00550924	0.000120203	0.00537286	0.00570315
7  	10    	0.00561624	0.000297896	0.00532935	0.00644654
8  	10    	0.00572781	0.000539838	0.00538105	0.00715791
9  	10    	0.00542904	0.000113129	0.00530822	0.00570765
10 	10    	0.00538632	4.56099e-05	0.00529805	0.00547884
11 	10    	0.00541676	0.000122501	0.00529642	0.00565706
12 	10    	0.00536924	5.52961e-05	0.00527148	0.00545336
13 	10    	0.00538079	6.27231e-05	0.00525862	0.0054863 
14 	10    	0.00542828	8.03802e-05	0.0052575 	0.00555411
15 	10    	0.00539238	9.48891e-05	0.00524452	0.00558139
16 	10    	0.00553703	0.000275975	0.00531376	0.00632517
17 	10    	0.00557583	0.000358215	0.00526874	0.00632197
18 	10    	0.00556447	0.000397253	0.00532782	0.00671918
19 	10    	0.00554188	0.000349257	0.00525952	0.00628046
20 	10    	0.00538737	0.000137782	0.00526431	0.00573849
Runtime: 5.509124978001637 (s)


Final population:
Index: Selected                                    #Selected    CV          
----------------------------------------------------------------------------------------------------
    0: 1111010111110111000000001110111110010011... 97           0.0054069539
    1: 1111010111110111000000001010111110110011... 100          0.0055053266
    2: 1111010111110111000000001010111110000011... 98           0.0057384901
    3: 1111010111110111000000001010111110110011... 96           0.0053725781
    4: 1111010111110111000000001010111110110011... 100          0.00528218  
    5: 1111010111110111000000001010111110110011... 99           0.005270867 
    6: 1111010111111111000000001010111110010011... 99           0.0052643125
    7: 1111010011110111000000001110111110010011... 100          0.0053948417
    8: 1111010111110111000000001010111110010011... 98           0.0052811757
    9: 1111010111110111000000001010111110110011... 99           0.0053570012

Pickling population to: genetic_alg_settings_population_end.pkl

Hall of Fame:
Index: Selected                                    #Selected    CV          
----------------------------------------------------------------------------------------------------
    0: 1111010111110111000000001010111110010011... 96           0.0052445236
    1: 1111110101010001000000001110011111010010... 99           0.0052456211
    2: 1111110101010001000000001110011111010010... 94           0.0052554206
    3: 1111010111110111100000001010111110010011... 97           0.0052575044
    4: 1111010111110011000010001010111110010011... 95           0.0052586191
    5: 1111010111110111000000001110111110010011... 100          0.0052595155
    6: 1111010111110111000000001010111110010011... 95           0.0052605879
    7: 1111010111111111000000001010111110010011... 99           0.0052643125
    8: 1111010111110111000000001010111110110011... 98           0.005268438 
    9: 1111010111110111000000001010111110010011... 97           0.0052687369

Pickling Hall of Fame to: genetic_alg_settings_evolve_halloffame.pkl
Begin 15 of 20 repetitions
Begin 20 generations
gen	nevals	avg       	std        	min       	max       
0  	0     	0.00538737	0.000137782	0.00526431	0.00573849
1  	10    	0.00546499	0.000167879	0.00524984	0.00582931
2  	10    	0.00541192	7.53851e-05	0.00525676	0.00554536
3  	10    	0.00564765	0.000491769	0.00518503	0.00678701
4  	10    	0.00561212	0.000320342	0.00530685	0.00627522
5  	10    	0.00546771	0.000182292	0.00532249	0.00598229
6  	10    	0.00540936	8.44653e-05	0.00528072	0.00557142
7  	10    	0.00553335	0.000197657	0.00539181	0.00609191
8  	10    	0.00552809	0.000136871	0.00535129	0.00585183
9  	10    	0.00566579	0.000417954	0.00531779	0.00675439
10 	10    	0.00549868	0.000204723	0.0053331 	0.00606111
11 	10    	0.00556958	0.000271806	0.00535595	0.00622918
12 	10    	0.00541964	9.1576e-05 	0.0052496 	0.00562052
13 	10    	0.00539368	7.57352e-05	0.00527817	0.00557303
14 	10    	0.00540061	0.0001037  	0.00524933	0.0056355 
15 	10    	0.00548012	0.000166464	0.00532079	0.00581732
16 	10    	0.00546245	8.82279e-05	0.0053739 	0.00568809
17 	10    	0.00549951	0.000193979	0.00532305	0.00600811
18 	10    	0.00556212	0.000250291	0.0053126 	0.00620813
19 	10    	0.00555426	0.000287384	0.00529769	0.00630347
20 	10    	0.00554604	9.29967e-05	0.0054093 	0.00566389
Runtime: 5.4827813359988795 (s)


Final population:
Index: Selected                                    #Selected    CV          
----------------------------------------------------------------------------------------------------
    0: 1111010111111111000100001010101110010011... 100          0.0056146949
    1: 1111110111110011000000001010111111010011... 97           0.0055210502
    2: 1111010111110011000000001010111110011011... 97           0.0056638898
    3: 1111010111110011000000001010011111010011... 97           0.0056628842
    4: 1111010011111011000000001010111110011011... 95           0.0054865278
    5: 1111010111110011000000001010111110010011... 99           0.0055317471
    6: 1111010111110011000000001010111110010011... 98           0.0054092955
    7: 1111010111111011000000001010111110010011... 96           0.0054945033
    8: 1111010011111011000100001010101110010011... 100          0.0056570326
    9: 1111010111110011000000001010111110010011... 97           0.0054188222

Pickling population to: genetic_alg_settings_population_end.pkl

Hall of Fame:
Index: Selected                                    #Selected    CV          
----------------------------------------------------------------------------------------------------
    0: 1111110111111111000000001010111110010011... 99           0.005185032 
    1: 1111010111111011010000001010111110110011... 98           0.0051984293
    2: 1111010111110111000000001010111110010011... 96           0.0052445236
    3: 1111110101010001000000001110011111010010... 99           0.0052456211
    4: 1111010111110011000000001010111110010011... 92           0.005249327 
    5: 1111010111110011000000001010111110010011... 89           0.0052495999
    6: 1111010111111111000000001010111110010011... 97           0.0052498387
    7: 1111110101010001000000001110011111010010... 94           0.0052554206
    8: 1111110111111111010000001010111110010011... 100          0.0052567582
    9: 1111010111110111100000001010111110010011... 97           0.0052575044

Pickling Hall of Fame to: genetic_alg_settings_evolve_halloffame.pkl
Begin 16 of 20 repetitions
Begin 20 generations
gen	nevals	avg       	std        	min      	max       
0  	0     	0.00554604	9.29967e-05	0.0054093	0.00566389
1  	10    	0.00548626	0.000131961	0.00531998	0.00574391
2  	10    	0.00548018	7.96406e-05	0.00536289	0.00566391
3  	10    	0.0055942 	0.000247795	0.00533848	0.00623947
4  	10    	0.00552554	0.00018328 	0.00528077	0.00586249
5  	10    	0.00547689	0.000117192	0.00533701	0.00565534
6  	10    	0.00550906	9.32552e-05	0.00537983	0.00571018
7  	10    	0.00552333	0.00015637 	0.00531596	0.00589553
8  	10    	0.00558206	0.000127074	0.00539863	0.00587283
9  	10    	0.0057263 	0.000430228	0.00540978	0.00693009
10 	10    	0.00560658	0.000250878	0.00540374	0.00627065
11 	10    	0.00559205	0.000287887	0.00540483	0.00642127
12 	10    	0.00569077	0.000222878	0.00533597	0.00609859
13 	10    	0.00585194	0.000481756	0.0053908 	0.0069987 
14 	10    	0.00592993	0.000509312	0.00544018	0.00689633
15 	10    	0.00574925	0.000377153	0.00538936	0.00656449
16 	10    	0.00567102	0.000284396	0.0053877 	0.00634631
17 	10    	0.00549445	0.0001107  	0.00530288	0.00566637
18 	10    	0.00555197	0.000190162	0.00538382	0.00606136
19 	10    	0.00548883	0.000116863	0.00525984	0.0056519 
20 	10    	0.0054584 	8.94965e-05	0.00537402	0.0056524 
Runtime: 5.536339682999824 (s)


Final population:
Index: Selected                                    #Selected    CV          
----------------------------------------------------------------------------------------------------
    0: 1111010111110010000000001010011110010011... 96           0.0056524025
    1: 1111010111110011000000001110111110010011... 100          0.0053740187
    2: 1111110111110010000000001010111110010011... 100          0.0054366414
    3: 1111010111010011000000001010111110010011... 92           0.0053891307
    4: 1111010111110011000000001110111110010011... 95           0.0054162041
    5: 1111010111110011000000001010111110010011... 100          0.0054238247
    6: 1111010111110010000000001110111110010011... 96           0.0054237765
    7: 1111010111110011000000001010111110010011... 98           0.0054024352
    8: 1111010111110010000000001010111110010011... 90           0.0054563197
    9: 1111011111110011000000001010111110010011... 98           0.0056092517

Pickling population to: genetic_alg_settings_population_end.pkl

Hall of Fame:
Index: Selected                                    #Selected    CV          
----------------------------------------------------------------------------------------------------
    0: 1111110111111111000000001010111110010011... 99           0.005185032 
    1: 1111010111111011010000001010111110110011... 98           0.0051984293
    2: 1111010111110111000000001010111110010011... 96           0.0052445236
    3: 1111110101010001000000001110011111010010... 99           0.0052456211
    4: 1111010111110011000000001010111110010011... 92           0.005249327 
    5: 1111010111110011000000001010111110010011... 89           0.0052495999
    6: 1111010111111111000000001010111110010011... 97           0.0052498387
    7: 1111110101010001000000001110011111010010... 94           0.0052554206
    8: 1111110111111111010000001010111110010011... 100          0.0052567582
    9: 1111010111110111100000001010111110010011... 97           0.0052575044

Pickling Hall of Fame to: genetic_alg_settings_evolve_halloffame.pkl
Begin 17 of 20 repetitions
Begin 20 generations
gen	nevals	avg      	std        	min       	max      
0  	0     	0.0054584	8.94965e-05	0.00537402	0.0056524
1  	10    	0.00544525	8.43473e-05	0.00533786	0.00562269
2  	10    	0.00544586	0.000128041	0.00528747	0.00570559
3  	10    	0.00543505	0.000121065	0.00529378	0.00571199
4  	10    	0.00553161	0.000123587	0.00535109	0.00577258
5  	10    	0.00551117	0.000154812	0.00537747	0.00589581
6  	10    	0.00542292	7.85656e-05	0.00530267	0.00554874
7  	10    	0.00549935	0.000164364	0.00534135	0.00592695
8  	10    	0.0055269 	0.000121394	0.00541563	0.00578374
9  	10    	0.00553439	0.00017373 	0.00537744	0.00596627
10 	10    	0.00547693	6.11523e-05	0.00532909	0.00555211
11 	10    	0.00549657	8.28959e-05	0.0053556 	0.00562253
12 	10    	0.0055777 	0.000129206	0.00543792	0.00583637
13 	10    	0.00566903	0.000317229	0.00533829	0.00635202
14 	10    	0.00560888	0.000256268	0.00543286	0.00635657
15 	10    	0.00556907	0.000135594	0.00542794	0.00593968
16 	10    	0.00557584	0.000244037	0.00533726	0.00626772
17 	10    	0.00551255	0.000121306	0.00532797	0.00580202
18 	10    	0.00550593	0.000101736	0.00532494	0.005652  
19 	10    	0.00554298	0.000169235	0.00528859	0.00580919
20 	10    	0.00558191	0.000255023	0.00532728	0.00623698
Runtime: 5.553154706001806 (s)


Final population:
Index: Selected                                    #Selected    CV          
----------------------------------------------------------------------------------------------------
    0: 1111110111110011000000011110111110010011... 100          0.0053935018
    1: 1111010111110010000000001110111110010011... 100          0.0053272822
    2: 1111110111110011000000001110111110010010... 100          0.0056025363
    3: 1111110111110011000000001110111110010000... 100          0.0055475151
    4: 1111110111110011000000001100111110010010... 98           0.0057691346
    5: 1111110111110011000000001110111110010010... 99           0.0056168163
    6: 1111110111110011000000001110111110010010... 100          0.0053731526
    7: 1111110111110011010000001110101110010010... 100          0.0053837449
    8: 1110110111110011000010011110111110010011... 100          0.0062369845
    9: 1111110111110010000000011110111110010011... 96           0.0055684559

Pickling population to: genetic_alg_settings_population_end.pkl

Hall of Fame:
Index: Selected                                    #Selected    CV          
----------------------------------------------------------------------------------------------------
    0: 1111110111111111000000001010111110010011... 99           0.005185032 
    1: 1111010111111011010000001010111110110011... 98           0.0051984293
    2: 1111010111110111000000001010111110010011... 96           0.0052445236
    3: 1111110101010001000000001110011111010010... 99           0.0052456211
    4: 1111010111110011000000001010111110010011... 92           0.005249327 
    5: 1111010111110011000000001010111110010011... 89           0.0052495999
    6: 1111010111111111000000001010111110010011... 97           0.0052498387
    7: 1111110101010001000000001110011111010010... 94           0.0052554206
    8: 1111110111111111010000001010111110010011... 100          0.0052567582
    9: 1111010111110111100000001010111110010011... 97           0.0052575044

Pickling Hall of Fame to: genetic_alg_settings_evolve_halloffame.pkl
Begin 18 of 20 repetitions
Begin 20 generations
gen	nevals	avg       	std        	min       	max       
0  	0     	0.00558191	0.000255023	0.00532728	0.00623698
1  	10    	0.00551695	8.82972e-05	0.00541544	0.00568364
2  	10    	0.00551157	0.000201585	0.00533571	0.0060561 
3  	10    	0.00552979	0.000111399	0.00539475	0.00577463
4  	10    	0.00552089	0.000105652	0.00537325	0.00566399
5  	10    	0.00550544	0.000142271	0.00536238	0.00587622
6  	10    	0.00578642	0.000929994	0.00534428	0.00856686
7  	10    	0.00558681	0.000273088	0.00534277	0.0062656 
8  	10    	0.00549992	0.000113806	0.00536867	0.00576695
9  	10    	0.00548225	0.000109368	0.00530468	0.0056933 
10 	10    	0.00549963	9.3461e-05 	0.00530661	0.00561448
11 	10    	0.00561711	0.000295189	0.00535367	0.00617348
12 	10    	0.00548299	8.66524e-05	0.00536734	0.00566124
13 	10    	0.00547657	0.000118429	0.00528465	0.00568276
14 	10    	0.00552287	7.70899e-05	0.00535646	0.00564076
15 	10    	0.00554342	0.000142142	0.00534876	0.00579632
16 	10    	0.00563333	0.000336652	0.00540386	0.0066004 
17 	10    	0.00547292	0.000106416	0.00537801	0.00573451
18 	10    	0.00549859	0.00011828 	0.00538499	0.00582258
19 	10    	0.00547397	8.45268e-05	0.0053382 	0.00563162
20 	10    	0.00549522	0.00016046 	0.00526398	0.00577181
Runtime: 5.531951618999301 (s)


Final population:
Index: Selected                                    #Selected    CV          
----------------------------------------------------------------------------------------------------
    0: 1111010111111010000010001110111111010010... 97           0.005559427 
    1: 1111010101111010000010001110111111010010... 99           0.0053102698
    2: 1111010001111010000010001110111111010011... 97           0.0054030536
    3: 1111010101111010000010101110111110000011... 98           0.0052639797
    4: 1111010101111010000010001110111110010010... 94           0.0056803978
    5: 1111010101111010000010101110111111010011... 92           0.0053594155
    6: 1111010101111010000010001010111111010110... 98           0.005654973 
    7: 1111010011111010000010001110111111010010... 93           0.0055023824
    8: 1111010100111010000010101110111011010010... 93           0.0057718054
    9: 1111011101111010000010001110111110010011... 95           0.0054465215

Pickling population to: genetic_alg_settings_population_end.pkl

Hall of Fame:
Index: Selected                                    #Selected    CV          
----------------------------------------------------------------------------------------------------
    0: 1111110111111111000000001010111110010011... 99           0.005185032 
    1: 1111010111111011010000001010111110110011... 98           0.0051984293
    2: 1111010111110111000000001010111110010011... 96           0.0052445236
    3: 1111110101010001000000001110011111010010... 99           0.0052456211
    4: 1111010111110011000000001010111110010011... 92           0.005249327 
    5: 1111010111110011000000001010111110010011... 89           0.0052495999
    6: 1111010111111111000000001010111110010011... 97           0.0052498387
    7: 1111110101010001000000001110011111010010... 94           0.0052554206
    8: 1111110111111111010000001010111110010011... 100          0.0052567582
    9: 1111010111110111100000001010111110010011... 97           0.0052575044

Pickling Hall of Fame to: genetic_alg_settings_evolve_halloffame.pkl
Begin 19 of 20 repetitions
Begin 20 generations
gen	nevals	avg       	std       	min       	max       
0  	0     	0.00549522	0.00016046	0.00526398	0.00577181
1  	10    	0.00566632	0.000351364	0.00532809	0.00642066
2  	10    	0.00562391	0.000219214	0.00530896	0.00611384
3  	10    	0.00566936	0.000357396	0.00536342	0.00665844
4  	10    	0.00552163	0.000160248	0.00525624	0.00580281
5  	10    	0.00542296	9.13248e-05	0.00524517	0.00560024
6  	10    	0.00549052	0.000320737	0.00526118	0.00642505
7  	10    	0.00537714	6.90073e-05	0.00530394	0.00549302
8  	10    	0.00548325	0.000408828	0.0052407 	0.00668506
9  	10    	0.00538875	7.68186e-05	0.00530291	0.00557278
10 	10    	0.00535716	9.19947e-05	0.0052836 	0.00561674
11 	10    	0.00545532	0.000187893	0.005296  	0.00596722
12 	10    	0.0054054 	5.21307e-05	0.00530498	0.00548803
13 	10    	0.00547881	0.000174482	0.00527413	0.00581719
14 	10    	0.00538414	0.000135697	0.00525878	0.00577521
15 	10    	0.00543656	0.000156685	0.00519649	0.00569441
16 	10    	0.00539145	0.000129811	0.00522362	0.00563631
17 	10    	0.00556073	0.000352863	0.00525591	0.0062184 
18 	10    	0.00545911	0.000241304	0.00521823	0.00599173
19 	10    	0.00555827	0.000323845	0.00525508	0.00630312
20 	10    	0.00548923	0.000177167	0.0053459 	0.00595968
Runtime: 5.538193624000996 (s)


Final population:
Index: Selected                                    #Selected    CV          
----------------------------------------------------------------------------------------------------
    0: 1111110111110010000010001000111010011011... 100          0.0059596785
    1: 1111010101011010000010101010111110010011... 96           0.005370896 
    2: 1111010111111010000000001010111110010011... 92           0.0054107054
    3: 1111010111111010000000111010111110010011... 100          0.0053813974
    4: 1111010111111010000000001010111110010011... 93           0.0055028314
    5: 1111010111111010000000101010111110010011... 95           0.0054239754
    6: 1111110111111010000010001010111110010011... 96           0.0053459021
    7: 1111010101010010000000101010111110001011... 94           0.0055438555
    8: 1111010111111010000010001010111110010011... 95           0.0053491313
    9: 1111010111111010000000101010111110010011... 100          0.0056039758

Pickling population to: genetic_alg_settings_population_end.pkl

Hall of Fame:
Index: Selected                                    #Selected    CV          
----------------------------------------------------------------------------------------------------
    0: 1111110111111111000000001010111110010011... 99           0.005185032 
    1: 1111010111111010000010101110111110010011... 100          0.0051964925
    2: 1111010111111011010000001010111110110011... 98           0.0051984293
    3: 1111010111111010000000101010111110010011... 100          0.0052182297
    4: 1111010111111010000010101110111110010011... 100          0.0052236241
    5: 1111010111110010000010101110111110010010... 94           0.0052406959
    6: 1111010111110010000010101110111110010010... 97           0.0052431705
    7: 1111010111110111000000001010111110010011... 96           0.0052445236
    8: 1111010111110010000010101110011110010000... 95           0.0052451688
    9: 1111110101010001000000001110011111010010... 99           0.0052456211

Pickling Hall of Fame to: genetic_alg_settings_evolve_halloffame.pkl
Begin 20 of 20 repetitions
Begin 20 generations
gen	nevals	avg       	std        	min      	max       
0  	0     	0.00548923	0.000177167	0.0053459	0.00595968
1  	10    	0.00540134	9.17e-05   	0.00530763	0.00561235
2  	10    	0.00544087	0.000203682	0.00525702	0.00600193
3  	10    	0.00541504	0.00017176 	0.00521715	0.00586146
4  	10    	0.00535292	0.000163426	0.00521461	0.00581175
5  	10    	0.00547904	0.00020319 	0.00530777	0.00605524
6  	10    	0.00544062	0.00014434 	0.00534428	0.00584486
7  	10    	0.0056258 	0.000276418	0.00534555	0.00629176
8  	10    	0.0054824 	0.000260079	0.00524497	0.00621448
9  	10    	0.00563357	0.000382438	0.00522   	0.0063834 
10 	10    	0.00551111	0.000136812	0.00532072	0.00571446
11 	10    	0.00543727	0.000125129	0.00524106	0.00570512
12 	10    	0.00550672	0.000277044	0.00529776	0.00626594
13 	10    	0.00548402	0.00025249 	0.00520797	0.00605691
14 	10    	0.00542236	0.000163831	0.00517328	0.00568529
15 	10    	0.00535193	9.67384e-05	0.005229  	0.00555977
16 	10    	0.00536268	0.000115629	0.00518426	0.00563379
17 	10    	0.00547663	0.000274639	0.00523579	0.00622747
18 	10    	0.00543365	9.819e-05  	0.00525399	0.00558372
19 	10    	0.00545571	0.000325743	0.00520561	0.00639886
20 	10    	0.00532088	5.97605e-05	0.00521092	0.00540517
Runtime: 5.52307380700222 (s)


Final population:
Index: Selected                                    #Selected    CV          
----------------------------------------------------------------------------------------------------
    0: 1111110111011010101011101010011110010011... 97           0.0052856853
    1: 1111110111011010001010101010111110010011... 99           0.0053481946
    2: 1111110111011010101011101010011110011011... 100          0.0053696139
    3: 1111110111011010101011101010111110010011... 97           0.0054051682
    4: 1111110101011010101001101010011110011011... 96           0.0053704529
    5: 1111110111011010101011101010111110010011... 99           0.0052253029
    6: 1111110111011011001011101010011110010011... 99           0.0053438599
    7: 1111110111011111001011101010011110010011... 100          0.0052109196
    8: 1111110111011010101011101010111110010011... 99           0.0053229585
    9: 1111110111011010101111101010111110010011... 100          0.0053265996

Pickling population to: genetic_alg_settings_population_end.pkl

Hall of Fame:
Index: Selected                                    #Selected    CV          
----------------------------------------------------------------------------------------------------
    0: 1111110111011010001010101010111110011011... 100          0.005173283 
    1: 1111110111011010001011101010111110010011... 100          0.0051842612
    2: 1111110111111111000000001010111110010011... 99           0.005185032 
    3: 1111010111111010000010101110111110010011... 100          0.0051964925
    4: 1111010111111011010000001010111110110011... 98           0.0051984293
    5: 1111110111011011001011101010011110010011... 98           0.0052056088
    6: 1111110111011010001011101010011110010011... 98           0.0052079678
    7: 1111110111011111001011101010011110010011... 100          0.0052109196
    8: 1111010111011010000111101010111110010011... 100          0.0052146105
    9: 1111010111111010000111001010111110010011... 99           0.0052153445

Pickling Hall of Fame to: genetic_alg_settings_evolve_halloffame.pkl
#   DONE  Runtime: 106.57221936499991 (s)

Adding statistics...
  DONE

Result:
Index: Selected                                    #Selected    CV           RMS          wRMS         Estimator                FeatureSelection         Note
--------------------------------------------------------------------------------------------------------------------------------------------------------------------
    0: 1111110111011010001010101010111110011011... 100          0.005173283  0.0043397958 0.0043723228 LinearRegression         GeneticAlgorithm         
    1: 1111110111011010001011101010111110010011... 100          0.0051842612 0.0043066846 0.0043400933 LinearRegression         GeneticAlgorithm         
    2: 1111110111111111000000001010111110010011... 99           0.005185032  0.0042845445 0.0043259141 LinearRegression         GeneticAlgorithm         
    3: 1111010111111010000010101110111110010011... 100          0.0051964925 0.0043135943 0.0043539479 LinearRegression         GeneticAlgorithm         
    4: 1111010111111011010000001010111110110011... 98           0.0051984293 0.0043218706 0.0043606006 LinearRegression         GeneticAlgorithm         
    5: 1111110111011011001011101010011110010011... 98           0.0052056088 0.0043167475 0.0043544929 LinearRegression         GeneticAlgorithm         
    6: 1111110111011010001011101010011110010011... 98           0.0052079678 0.0043272745 0.0043605454 LinearRegression         GeneticAlgorithm         
    7: 1111110111011111001011101010011110010011... 100          0.0052109196 0.004299443  0.0043399378 LinearRegression         GeneticAlgorithm         
    8: 1111010111011010000111101010111110010011... 100          0.0052146105 0.0043163836 0.0043491106 LinearRegression         GeneticAlgorithm         
    9: 1111010111111010000111001010111110010011... 99           0.0052153445 0.0042785941 0.0043119477 LinearRegression         GeneticAlgorithm         

Pickling Hall of Fame to: genetic_alg_settings_halloffame.pkl
