Loading genetic_alg_settings.json
# Hall of Fame size: 10 

# Get problem data...
# wHullDist: Will calculate hull distance: hull_dist(CALCULATED,atom_frac)
# Query requested: ['formation_energy', 'is_calculated', 'corr', 'hull_dist(CALCULATED,atom_frac)']
# Use existing: []
# Querying: ['formation_energy', 'is_calculated', 'corr', 'hull_dist(CALCULATED,atom_frac)']
#   DONE

# Target: formation_energy
# Training samples: 627
# Features: 253 

# Weighting:
{
  "method": "wHullDist",
  "kwargs": {
    "A": 1.05,
    "B": 2.0,
    "kT": 0.05500000000000001,
    "hull_selection": "CALCULATED"
  }
}

# CV:
{
  "method": "KFold",
  "kwargs": {
    "n_splits": 10,
    "shuffle": true
  },
  "penalty": 0.0
} 

# Writing problem specs to: genetic_alg_settings_specs.pkl
# To inspect or customize the problem specs further, use the '--checkspecs' method

# Estimator:
{
  "method": "LinearRegression",
  "kwargs": {
    "fit_intercept": false
  }
} 

# Feature Selection:
{
  "method": "GeneticAlgorithm",
  "kwargs": {
    "constraints_kwargs": {
      "n_features_max": 100,
      "n_features_min": 3,
      "fix_off": [],
      "fix_on": [
        0,
        1,
        2
      ]
    },
    "selTournamentSize": 3,
    "mutFlipBitProb": 0.01,
    "evolve_params_kwargs": {
      "n_generation": 20,
      "n_repetition": 20,
      "n_features_init": 3,
      "n_population": 10,
      "n_halloffame": 10,
      "halloffame_filename": "evolve_halloffame.pkl",
      "filename_prefix": "genetic_alg_settings"
    },
    "cxUniformProb": 0.5
  }
} 

# Fit and select...
Constructing initial population
Begin 1 of 20 repetitions
Begin 20 generations
gen	nevals	avg      	std        	min      	max      
0  	10    	0.0200773	0.000399308	0.0194186	0.0207835
1  	10    	0.0184614	0.000887269	0.0168115	0.0193329
2  	10    	0.0174957	0.000836484	0.0153946	0.0183333
3  	10    	0.0165933	0.00174828 	0.0120463	0.0183589
4  	10    	0.0144043	0.00242768 	0.0108905	0.0180923
5  	10    	0.0116498	0.000607803	0.0108524	0.0130721
6  	10    	0.0114148	0.00144832 	0.0103291	0.0155951
7  	10    	0.0104459	0.000309742	0.00994261	0.0108759
8  	10    	0.0101288	0.000378538	0.00964673	0.0109373
9  	10    	0.00969804	0.000253747	0.00923134	0.0101599
10 	10    	0.00956908	0.000257797	0.00906679	0.0100278
11 	10    	0.00926939	0.000328716	0.00867531	0.00977572
12 	10    	0.00894777	0.000278075	0.00861981	0.00957723
13 	10    	0.00864563	0.00014072 	0.00832675	0.00891834
14 	10    	0.00851923	0.000275601	0.00821191	0.00900336
15 	10    	0.00812947	0.000165666	0.00785668	0.00851045
16 	10    	0.00793767	0.000179981	0.00761531	0.0081407 
17 	10    	0.0077597 	0.000153389	0.00742961	0.00800381
18 	10    	0.00764618	0.000171173	0.00732095	0.00791258
19 	10    	0.0075712 	0.000332156	0.00713764	0.00812563
20 	10    	0.00726131	0.000254793	0.00686703	0.00772863
Runtime: 3.1303379439996206 (s)


Final population:
Index: Selected                                    #Selected    CV          
----------------------------------------------------------------------------------------------------
    0: 1111010101000100000000001000001100000001... 61           0.0072053989
    1: 1111110001010100000000001000000100001000... 59           0.0073441195
    2: 1111010101010100000000001000001100000001... 63           0.0070568955
    3: 1111010101010100000000001000001100000001... 64           0.0070962225
    4: 1111010101000100000010001000001100000001... 62           0.00743292  
    5: 1111110101010100000100001000000100001000... 63           0.0068670292
    6: 1111110101000100000000001000000100001000... 63           0.0070727038
    7: 1111010101010100000000001000001100000001... 61           0.0071921314
    8: 1111010101000100000000001000000100001001... 64           0.0077286308
    9: 1111010101000100000000001000000100001001... 63           0.0076170013

Pickling population to: genetic_alg_settings_population_end.pkl

Hall of Fame:
Index: Selected                                    #Selected    CV          
----------------------------------------------------------------------------------------------------
    0: 1111110101010100000100001000000100001000... 63           0.0068670292
    1: 1111010101010100000000001000001100000001... 63           0.0070568955
    2: 1111110101000100000000001000000100001000... 63           0.0070727038
    3: 1111010101010100000000001000001100000001... 64           0.0070962225
    4: 1111010101010100000000001000001100000001... 63           0.0071376394
    5: 1111010101010100000000001000001100000001... 61           0.0071921314
    6: 1111010101000100000000001000001100000001... 61           0.0072053989
    7: 1111010101000110100000001000001100000000... 68           0.007222819 
    8: 1111110101000100000000001000000100001000... 59           0.0073155727
    9: 1111110101000100000000001000000100000000... 58           0.0073209532

Pickling Hall of Fame to: genetic_alg_settings_evolve_halloffame.pkl
Begin 2 of 20 repetitions
Begin 20 generations
gen	nevals	avg       	std        	min       	max       
0  	0     	0.00726131	0.000254793	0.00686703	0.00772863
1  	10    	0.00712561	0.000122976	0.00697949	0.00736097
2  	10    	0.00702259	0.000240489	0.00670821	0.0076377 
3  	10    	0.00696715	0.000147572	0.00670164	0.0072985 
4  	10    	0.00695623	0.000230935	0.00661631	0.00737646
5  	10    	0.00678655	0.000116687	0.00656039	0.00693559
6  	10    	0.0066975 	9.10657e-05	0.00659657	0.0068531 
7  	10    	0.00665844	0.000141913	0.00644504	0.00695933
8  	10    	0.00661206	0.00012172 	0.00640799	0.00679784
9  	10    	0.00656286	0.000221874	0.0063476 	0.00716242
10 	10    	0.00651161	0.000213403	0.00626755	0.00709696
11 	10    	0.00651832	0.000118258	0.00640294	0.00678023
12 	10    	0.00643153	6.82875e-05	0.00636033	0.00660736
13 	10    	0.00638398	7.97499e-05	0.00627091	0.00654986
14 	10    	0.00649327	0.000319198	0.00621226	0.00740967
15 	10    	0.00637527	0.000142066	0.00613778	0.00662153
16 	10    	0.00642771	0.000364639	0.00606553	0.00747094
17 	10    	0.00625278	0.000124273	0.00595853	0.00637543
18 	10    	0.00619818	0.000199055	0.00593971	0.00670301
19 	10    	0.00612162	7.6618e-05 	0.00592911	0.00622042
20 	10    	0.00604837	9.45214e-05	0.00591358	0.00623231
Runtime: 4.903332403999229 (s)


Final population:
Index: Selected                                    #Selected    CV          
----------------------------------------------------------------------------------------------------
    0: 1111110100011100101000001000001100001011... 93           0.0061762301
    1: 1111110100011110101000001000001100001001... 94           0.0060432676
    2: 1111110100011100101000001000001100001011... 94           0.0059351937
    3: 1111110100011110101000001000001100001011... 92           0.0060716717
    4: 1111110100011100001000001100001100001001... 93           0.0062323093
    5: 1111110100011100101000001000001100001011... 87           0.0060928343
    6: 1111110100011110101000001000001100001011... 95           0.0059977772
    7: 1111110100011110101000001000001100001011... 93           0.0059135779
    8: 1111110100011100101000001000001100001001... 93           0.0060004466
    9: 1111110100011110101000001000001100001011... 92           0.0060204248

Pickling population to: genetic_alg_settings_population_end.pkl

Hall of Fame:
Index: Selected                                    #Selected    CV          
----------------------------------------------------------------------------------------------------
    0: 1111110100011110101000001000001100001011... 93           0.0059135779
    1: 1111110100011110101000001000001100001011... 94           0.0059291139
    2: 1111110100011100101000001000001100001011... 94           0.0059351937
    3: 1111110100010110101000001000001100001011... 91           0.0059397106
    4: 1111110100011110101000001000001100001011... 95           0.0059585342
    5: 1111110100011110101000001000001100001011... 95           0.0059977772
    6: 1111110100011100101000001000001100001001... 93           0.0060004466
    7: 1111110100011110101000001000001100001011... 92           0.0060204248
    8: 1111110100011100101000001000001100001011... 91           0.0060225799
    9: 1111110100011110101000001000001100001001... 94           0.0060432676

Pickling Hall of Fame to: genetic_alg_settings_evolve_halloffame.pkl
Begin 3 of 20 repetitions
Begin 20 generations
gen	nevals	avg       	std        	min       	max       
0  	0     	0.00604837	9.45214e-05	0.00591358	0.00623231
1  	10    	0.00602107	0.00012759 	0.00589989	0.00636567
2  	10    	0.00599196	6.73293e-05	0.00586999	0.00608979
3  	10    	0.00597821	8.96386e-05	0.00584906	0.0061204 
4  	10    	0.00600565	0.000224051	0.00582726	0.00662707
5  	10    	0.00603725	0.00025391 	0.00583453	0.00673831
6  	10    	0.00606771	0.000230337	0.0057853 	0.006591  
7  	10    	0.0059869 	0.000128707	0.00581898	0.00622743
8  	10    	0.00606513	0.000288734	0.00582361	0.00689298
9  	10    	0.0060541 	0.000311047	0.00585532	0.0069533 
10 	10    	0.00596926	0.000194074	0.00581295	0.00653328
11 	10    	0.00588404	0.000118985	0.00573023	0.00618901
12 	10    	0.00600653	0.000345274	0.0057415 	0.0069858 
13 	10    	0.00578183	0.000143104	0.00568136	0.006174  
14 	10    	0.00578254	5.39167e-05	0.0057017 	0.00590987
15 	10    	0.00581453	8.08483e-05	0.00566746	0.00595173
16 	10    	0.00592674	0.000368661	0.0057009 	0.00700386
17 	10    	0.00584275	0.000106446	0.00564026	0.00602055
18 	10    	0.00583155	6.0077e-05 	0.00575328	0.00593164
19 	10    	0.00586736	7.2006e-05 	0.00574932	0.00597517
20 	10    	0.00584413	8.19205e-05	0.0057281 	0.00602877
Runtime: 5.863178016999882 (s)


Final population:
Index: Selected                                    #Selected    CV          
----------------------------------------------------------------------------------------------------
    0: 1111110010011010101000011010000101100011... 100          0.0058072778
    1: 1111110000001011101000001010000101001011... 96           0.0060287657
    2: 1111100010011011101001001010000101101011... 97           0.0058592354
    3: 1111110010011011101000001010000101101011... 99           0.0057557038
    4: 1111110010011011101000001010000101000011... 100          0.0057873088
    5: 1111110000011010001000011010000101101011... 98           0.0058676451
    6: 1111110001011010101000011010000100100011... 97           0.0059107008
    7: 1111110000011010101000011010000100000011... 100          0.0058791383
    8: 1111110000011010101000011010000101000011... 100          0.0058174518
    9: 1111110000011010101000011010000101000011... 99           0.0057280984

Pickling population to: genetic_alg_settings_population_end.pkl

Hall of Fame:
Index: Selected                                    #Selected    CV          
----------------------------------------------------------------------------------------------------
    0: 1111110000011010101000001010000101000011... 95           0.0056402586
    1: 1111110000011010101000001010001100000011... 92           0.0056674553
    2: 1111110000011011101001001010000100000011... 97           0.0056813643
    3: 1111110000011110101000001010001100000011... 96           0.0056837064
    4: 1111110000011010101000011010000100000011... 95           0.0056985996
    5: 1111110000011010101010011010001100000011... 95           0.0056989246
    6: 1111110001011010101010011010000100100011... 95           0.0057009033
    7: 1111110000011010101000001010000100100011... 94           0.0057016984
    8: 1111110000011010101000001011001100000011... 94           0.0057059653
    9: 1111110000011010101000011010000100000011... 94           0.0057224879

Pickling Hall of Fame to: genetic_alg_settings_evolve_halloffame.pkl
Begin 4 of 20 repetitions
Begin 20 generations
gen	nevals	avg       	std        	min      	max       
0  	0     	0.00584413	8.19205e-05	0.0057281	0.00602877
1  	10    	0.00596381	0.000362974	0.0057007	0.00703588
2  	10    	0.00579303	9.06015e-05	0.00569153	0.00600751
3  	10    	0.00595251	0.000269907	0.00567256	0.00667611
4  	10    	0.0058772 	0.000182963	0.00564263	0.00629887
5  	10    	0.00580577	6.87602e-05	0.0057169 	0.00592876
6  	10    	0.00581932	0.000121973	0.00561372	0.00604428
7  	10    	0.00573071	0.000139993	0.00548529	0.00595831
8  	10    	0.00567171	5.21882e-05	0.00558558	0.00577467
9  	10    	0.00570338	7.53298e-05	0.0056143 	0.0059005 
10 	10    	0.0057703 	0.000131073	0.0055981 	0.006073  
11 	10    	0.00573642	0.000101632	0.00559139	0.00594835
12 	10    	0.00573121	0.000165353	0.00558892	0.00604056
13 	10    	0.00564872	9.09054e-05	0.00552612	0.00586321
14 	10    	0.00573623	0.000115203	0.0055996 	0.00595456
15 	10    	0.00568659	9.05285e-05	0.00558178	0.0058901 
16 	10    	0.00568701	8.5958e-05 	0.00548414	0.00579959
17 	10    	0.00571479	0.000134198	0.00558287	0.006079  
18 	10    	0.00587845	0.000235966	0.0055876 	0.00637319
19 	10    	0.00574814	0.000115495	0.00562673	0.00601795
20 	10    	0.00578365	0.000169706	0.00561435	0.00617743
Runtime: 5.877544603001297 (s)


Final population:
Index: Selected                                    #Selected    CV          
----------------------------------------------------------------------------------------------------
    0: 1111110010011010101000001110000101010011... 95           0.0056472128
    1: 1111110010011010101000001110000100000011... 100          0.0057317444
    2: 1111110010011000100000001110000101000011... 97           0.0057540825
    3: 1111110010001010101000001110000101000011... 100          0.0060248226
    4: 1111110011011010101000001110000101000011... 100          0.005708495 
    5: 1111110010011010101000001110000101000011... 100          0.0056143509
    6: 1111110010011010101000001110000101010011... 100          0.005800744 
    7: 1111110010011010101000011110000101000011... 98           0.0056880783
    8: 1111110010000010101000001110000101000011... 97           0.0061774265
    9: 1111110000011010101000001110000101010011... 100          0.0056895385

Pickling population to: genetic_alg_settings_population_end.pkl

Hall of Fame:
Index: Selected                                    #Selected    CV          
----------------------------------------------------------------------------------------------------
    0: 1111110010011010101000001110000101010011... 98           0.0054841391
    1: 1111110010011010101000001010000101000011... 90           0.0054852928
    2: 1111110010011010101000001110000101000111... 95           0.0055261163
    3: 1111110010011010101000001110000101010011... 98           0.0055690437
    4: 1111110010011010101000001110000101010011... 99           0.0055817765
    5: 1111110010011010101000001110000101000011... 97           0.0055828738
    6: 1111110000011010101000011010000101000011... 98           0.0055831073
    7: 1111110010011010101000001110000101000111... 99           0.0055831665
    8: 1111110010011010101000001010000101000011... 95           0.0055855795
    9: 1111110010011010101000001110000101000011... 100          0.0055875968

Pickling Hall of Fame to: genetic_alg_settings_evolve_halloffame.pkl
Begin 5 of 20 repetitions
Begin 20 generations
gen	nevals	avg       	std        	min       	max       
0  	0     	0.00578365	0.000169706	0.00561435	0.00617743
1  	10    	0.00575723	0.000130905	0.00558319	0.00596706
2  	10    	0.00570874	0.000216169	0.00555519	0.00633368
3  	10    	0.00567659	9.11801e-05	0.00556538	0.00590967
4  	10    	0.00582488	0.000347353	0.00555863	0.00655926
5  	10    	0.00568328	0.000172104	0.00556706	0.00615577
6  	10    	0.00560634	6.56505e-05	0.00550453	0.00574056
7  	10    	0.00575681	0.000374651	0.00552427	0.00682327
8  	10    	0.00566953	8.77756e-05	0.00553337	0.00581963
9  	10    	0.00570246	7.74782e-05	0.00560514	0.00584333
10 	10    	0.00573002	0.000117214	0.00554545	0.00591048
11 	10    	0.00569833	5.61543e-05	0.00563628	0.00583012
12 	10    	0.00567319	9.98325e-05	0.00553243	0.00584703
13 	10    	0.00569485	0.000207122	0.00546703	0.00622465
14 	10    	0.00568329	0.000147385	0.00553396	0.0059187 
15 	10    	0.00562852	6.89741e-05	0.00548783	0.00571523
16 	10    	0.00560019	6.40684e-05	0.00550599	0.00570708
17 	10    	0.0056613 	0.000186501	0.00553724	0.00620069
18 	10    	0.00561451	7.67206e-05	0.00547581	0.00572793
19 	10    	0.00566655	0.000129008	0.00552628	0.00595365
20 	10    	0.00560214	4.82459e-05	0.00552428	0.00568998
Runtime: 5.7907573860029515 (s)


Final population:
Index: Selected                                    #Selected    CV          
----------------------------------------------------------------------------------------------------
    0: 1111110010011010111000001110000100010011... 100          0.0055242755
    1: 1111110010011011111010001110000100010011... 91           0.005542313 
    2: 1111110010011010011100001110000100010111... 96           0.0056899842
    3: 1111110010011010111100001110000100010011... 97           0.0056421654
    4: 1111110010011010111101001110000100010011... 97           0.0055848254
    5: 1111110010011010101100001110000100010011... 93           0.0056351709
    6: 1111100010011010111100001110000100010011... 98           0.0056144761
    7: 1111110010011010111000001110000101010011... 100          0.005594123 
    8: 1111110010011010111100001110000100010011... 97           0.0056334787
    9: 1111110010011010011100001110000100010011... 90           0.0055605895

Pickling population to: genetic_alg_settings_population_end.pkl

Hall of Fame:
Index: Selected                                    #Selected    CV          
----------------------------------------------------------------------------------------------------
    0: 1111110010011010111100001110000100010011... 98           0.0054670267
    1: 1111100011011010111100001110000101010011... 98           0.005475808 
    2: 1111110010011010101000001110000101010011... 98           0.0054841391
    3: 1111110010011010101000001010000101000011... 90           0.0054852928
    4: 1111110010011010111100001110000101010011... 94           0.0054878297
    5: 1111110010011010111000001110000101010011... 100          0.005504532 
    6: 1111110010011010111100001110000101010011... 100          0.005505992 
    7: 1111110011011010111100001110000100010011... 96           0.0055104338
    8: 1111110010011010101000001110000101010011... 100          0.0055242697
    9: 1111110010011010111000001110000100010011... 100          0.0055242755

Pickling Hall of Fame to: genetic_alg_settings_evolve_halloffame.pkl
Begin 6 of 20 repetitions
Begin 20 generations
gen	nevals	avg       	std        	min       	max       
0  	0     	0.00560214	4.82459e-05	0.00552428	0.00568998
1  	10    	0.00566204	0.000169978	0.00544427	0.0059977 
2  	10    	0.00563102	0.000144668	0.00543337	0.00598152
3  	10    	0.00566247	0.000214601	0.00549125	0.00626087
4  	10    	0.00565431	0.000298802	0.00548422	0.00650555
5  	10    	0.00564213	0.000133998	0.00551894	0.00593079
6  	10    	0.00566867	0.000139802	0.00553223	0.00604936
7  	10    	0.00564979	0.000106135	0.0054974 	0.00585582
8  	10    	0.00569196	0.000260486	0.00544504	0.00636776
9  	10    	0.00575724	0.000439322	0.00547438	0.00704069
10 	10    	0.00571049	0.000188318	0.00552607	0.00623406
11 	10    	0.00565908	0.000104076	0.00549589	0.00585161
12 	10    	0.00573155	0.000185706	0.00560124	0.00625997
13 	10    	0.00563074	7.0778e-05 	0.00553534	0.0057261 
14 	10    	0.00572164	0.000380094	0.00550515	0.00684582
15 	10    	0.0055653 	4.49419e-05	0.00548978	0.00565026
16 	10    	0.00570345	0.0003456  	0.00550182	0.00672223
17 	10    	0.00556858	0.000110262	0.00546258	0.00586217
18 	10    	0.00556602	4.9448e-05 	0.00547618	0.00563942
19 	10    	0.00578381	0.000229934	0.00554185	0.00617728
20 	10    	0.00585519	0.000365542	0.00555534	0.00679311
Runtime: 6.068408071001613 (s)


Final population:
Index: Selected                                    #Selected    CV          
----------------------------------------------------------------------------------------------------
    0: 1111001000011011111010001110000100010111... 98           0.0056568538
    1: 1111001000011011111010001110000100010111... 99           0.0056035179
    2: 1111001000001010111010001110100101010111... 97           0.0067931097
    3: 1111000000011010111010001110000001010111... 94           0.0061818374
    4: 1111001000011011111010001110100100010111... 98           0.0058361224
    5: 1111000000011011111010001110000100010111... 98           0.0056102646
    6: 1111001000011011111010001110000101010101... 100          0.0059965145
    7: 1111001000111010111010001110000101000111... 97           0.0056651564
    8: 1111001000011011111000001110000101010111... 99           0.0055553362
    9: 1111001000011010111010001110100101010110... 97           0.0056532215

Pickling population to: genetic_alg_settings_population_end.pkl

Hall of Fame:
Index: Selected                                    #Selected    CV          
----------------------------------------------------------------------------------------------------
    0: 1111010010011011111010001110000100010011... 96           0.0054333749
    1: 1111110010011011111010001110000100010011... 97           0.005444275 
    2: 1111110000011010111010001110000100010111... 100          0.0054450377
    3: 1111001000011010111010001110000100010111... 100          0.005462582 
    4: 1111110010011010111100001110000100010011... 98           0.0054670267
    5: 1111111010011010111010001110000100010011... 95           0.0054743818
    6: 1111100011011010111100001110000101010011... 98           0.005475808 
    7: 1111000000011011111010001110000100010111... 94           0.0054761823
    8: 1111110000011010110010001110010100010111... 100          0.0054817136
    9: 1111110010011010101000001110000101010011... 98           0.0054841391

Pickling Hall of Fame to: genetic_alg_settings_evolve_halloffame.pkl
Begin 7 of 20 repetitions
Begin 20 generations
gen	nevals	avg       	std        	min       	max       
0  	0     	0.00585519	0.000365542	0.00555534	0.00679311
1  	10    	0.00568409	0.00011983 	0.00549597	0.00593551
2  	10    	0.00565599	0.000133581	0.00547674	0.00598005
3  	10    	0.00567129	0.000212703	0.00542753	0.00617454
4  	10    	0.00561078	0.000150427	0.00545966	0.00602496
5  	10    	0.00569087	0.000478544	0.00542832	0.00710876
6  	10    	0.00582561	0.000376432	0.00545223	0.00666716
7  	10    	0.00573407	0.000233157	0.00551024	0.00627202
8  	10    	0.00571332	0.000200757	0.0054888 	0.00607115
9  	10    	0.00571417	0.000307537	0.00544207	0.00651397
10 	10    	0.00558014	5.84797e-05	0.00550743	0.0056945 
11 	10    	0.00566918	0.000260939	0.0054075 	0.00638767
12 	10    	0.00563313	0.000239171	0.00536952	0.006243  
13 	10    	0.00563982	0.000178475	0.00549795	0.00613778
14 	10    	0.0057434 	0.000303017	0.00547075	0.00654199
15 	10    	0.00565751	0.000179886	0.00547533	0.00608126
16 	10    	0.00563888	0.000151407	0.00546984	0.00594952
17 	10    	0.00562724	0.000105882	0.00545146	0.00579032
18 	10    	0.00576081	0.000308639	0.00547821	0.00660596
19 	10    	0.00566795	0.000123831	0.0055011 	0.00587678
20 	10    	0.00563661	0.000168011	0.00546814	0.00609635
Runtime: 5.840076869997574 (s)


Final population:
Index: Selected                                    #Selected    CV          
----------------------------------------------------------------------------------------------------
    0: 1111001000011011111000001110100110010111... 100          0.0056139669
    1: 1111001000011011111000001110100100010111... 100          0.006096345 
    2: 1111001000011011111000001111100100010111... 99           0.0056424434
    3: 1111001000011011111000001110100100010111... 98           0.0057178439
    4: 1111001000011011111000001110100100010111... 99           0.0056064961
    5: 1111001000011011111000001110100100010111... 100          0.0056100099
    6: 1111001000011011111000001110100100010111... 98           0.0055784589
    7: 1111001000011011111000001110100100010111... 99           0.0054897526
    8: 1111001000011011111000001110000100010111... 100          0.0054681358
    9: 1111001000011011111000001110100100010111... 98           0.0055426419

Pickling population to: genetic_alg_settings_population_end.pkl

Hall of Fame:
Index: Selected                                    #Selected    CV          
----------------------------------------------------------------------------------------------------
    0: 1111001000011011111000001110100100010111... 99           0.005369518 
    1: 1111001000011011111000001110100100010111... 93           0.0054075017
    2: 1111001000011011111010001110000100010111... 98           0.0054275325
    3: 1111001000111011111000001110000100010111... 98           0.0054283205
    4: 1111010010011011111010001110000100010011... 96           0.0054333749
    5: 1111001000011011111000001110100100010111... 99           0.005442074 
    6: 1111110010011011111010001110000100010011... 97           0.005444275 
    7: 1111110000011010111010001110000100010111... 100          0.0054450377
    8: 1111001000011010111000001110100100010111... 99           0.0054486364
    9: 1111001000011011111000001110100100010111... 98           0.0054514596

Pickling Hall of Fame to: genetic_alg_settings_evolve_halloffame.pkl
Begin 8 of 20 repetitions
Begin 20 generations
gen	nevals	avg       	std        	min       	max       
0  	0     	0.00563661	0.000168011	0.00546814	0.00609635
1  	10    	0.00579127	0.000326335	0.00552051	0.00669574
2  	10    	0.00584159	0.000376061	0.00558923	0.00688154
3  	10    	0.00572257	7.14203e-05	0.0056225 	0.00584648
4  	10    	0.0057756 	0.000189361	0.00560806	0.00622054
5  	10    	0.00572222	0.000216856	0.00552072	0.00631152
6  	10    	0.00574089	0.000251734	0.00552234	0.00645175
7  	10    	0.00570184	0.000105123	0.00556707	0.00590298
8  	10    	0.00571514	0.000133636	0.00554456	0.00607757
9  	10    	0.005744  	0.000212183	0.00556132	0.00625299
10 	10    	0.00575261	0.000101143	0.0055985 	0.00590327
11 	10    	0.00584663	0.000247721	0.00558873	0.0063186 
12 	10    	0.00585167	0.000355925	0.00556074	0.00687178
13 	10    	0.00571627	7.78968e-05	0.00556355	0.00582282
14 	10    	0.00582975	0.000277921	0.00554347	0.00644572
15 	10    	0.00583889	0.000427097	0.00552433	0.00702433
16 	10    	0.0055954 	7.21374e-05	0.00549594	0.00570603
17 	10    	0.00578373	0.000184545	0.00557575	0.00612578
18 	10    	0.00569965	0.000164862	0.00552886	0.00603403
19 	10    	0.0057694 	0.000343672	0.00556913	0.00677491
20 	10    	0.00572475	0.000125299	0.00556828	0.0060103 
Runtime: 5.69017540799905 (s)


Final population:
Index: Selected                                    #Selected    CV          
----------------------------------------------------------------------------------------------------
    0: 1111000000011011101000001110000100011111... 100          0.0057289555
    1: 1111000000011011001000001110000100110111... 97           0.0055786447
    2: 1111000000011011001000001110000100010111... 99           0.0057058864
    3: 1111000000011011101000001100000100110111... 100          0.0060103008
    4: 1111000000011011101000001110010100010111... 99           0.005758207 
    5: 1111000000011011101000001110000100010111... 93           0.0055682779
    6: 1111000000011011101000001110000100010111... 98           0.0056402283
    7: 1111000000011011111000001110000100010101... 98           0.0057309779
    8: 1111000000011011101000001110000100010111... 93           0.0056680536
    9: 1111000000001011101000001110000100010111... 100          0.0058579409

Pickling population to: genetic_alg_settings_population_end.pkl

Hall of Fame:
Index: Selected                                    #Selected    CV          
----------------------------------------------------------------------------------------------------
    0: 1111001000011011111000001110100100010111... 99           0.005369518 
    1: 1111001000011011111000001110100100010111... 93           0.0054075017
    2: 1111001000011011111010001110000100010111... 98           0.0054275325
    3: 1111001000111011111000001110000100010111... 98           0.0054283205
    4: 1111010010011011111010001110000100010011... 96           0.0054333749
    5: 1111001000011011111000001110100100010111... 99           0.005442074 
    6: 1111110010011011111010001110000100010011... 97           0.005444275 
    7: 1111110000011010111010001110000100010111... 100          0.0054450377
    8: 1111001000011010111000001110100100010111... 99           0.0054486364
    9: 1111001000011011111000001110100100010111... 98           0.0054514596

Pickling Hall of Fame to: genetic_alg_settings_evolve_halloffame.pkl
Begin 9 of 20 repetitions
Begin 20 generations
gen	nevals	avg       	std        	min       	max      
0  	0     	0.00572475	0.000125299	0.00556828	0.0060103
1  	10    	0.00567896	0.000111698	0.00555462	0.00595283
2  	10    	0.00576133	0.000147644	0.00553886	0.00601141
3  	10    	0.00569197	9.86993e-05	0.00558043	0.0058861 
4  	10    	0.00568857	8.72401e-05	0.00555964	0.00585953
5  	10    	0.00574638	0.000169534	0.00564044	0.00623809
6  	10    	0.00572987	0.000143817	0.00547783	0.00594676
7  	10    	0.00568792	0.000262526	0.00547729	0.0064462 
8  	10    	0.00580615	0.000367394	0.00555352	0.00687544
9  	10    	0.00564732	0.000168404	0.00539583	0.00596153
10 	10    	0.00560855	0.000133625	0.00542118	0.00589388
11 	10    	0.00578438	0.000204425	0.00549992	0.0061682 
12 	10    	0.00560977	0.000125459	0.00545706	0.00593151
13 	10    	0.00572892	0.000210675	0.00544725	0.00623945
14 	10    	0.00563914	0.000203793	0.00539587	0.00610372
15 	10    	0.00565968	0.000143772	0.00547092	0.0059283 
16 	10    	0.00574861	0.000220341	0.00550363	0.00618976
17 	10    	0.00563319	0.000175926	0.00537495	0.00597236
18 	10    	0.00571223	0.000370299	0.00544803	0.00658085
19 	10    	0.0056505 	0.000239701	0.00534612	0.00606809
20 	10    	0.00555411	0.000107761	0.00544241	0.0058017 
Runtime: 5.646183980999922 (s)


Final population:
Index: Selected                                    #Selected    CV          
----------------------------------------------------------------------------------------------------
    0: 1111000110011111001000001110001101111111... 96           0.0054967406
    1: 1111000110011111001000001110001101111111... 97           0.0054808132
    2: 1111000100011011001000001110001101111111... 94           0.0056954066
    3: 1111000110011111001000001110001101101011... 100          0.0055099072
    4: 1111000100011111001000001110000101111111... 96           0.0054722002
    5: 1111010110011111001000001110011100111111... 97           0.0054901227
    6: 1111000110011111001000001110001101111111... 96           0.0058017005
    7: 1111000110011111001000001110001101111110... 93           0.0055733754
    8: 1111000110011111001000001110001100111111... 95           0.0054424111
    9: 1111010100011111001000001110010101111111... 95           0.0055783988

Pickling population to: genetic_alg_settings_population_end.pkl

Hall of Fame:
Index: Selected                                    #Selected    CV          
----------------------------------------------------------------------------------------------------
    0: 1111000110011111001000001110001101111111... 95           0.0053461206
    1: 1111001000011011111000001110100100010111... 99           0.005369518 
    2: 1111010100011111001000001110010100111111... 98           0.0053749503
    3: 1111000100011111101000001110101100110111... 97           0.0053958346
    4: 1111000100011011001000001110001100110111... 100          0.0053958702
    5: 1111010100011111001000001110010100111111... 97           0.0054000411
    6: 1111001000011011111000001110100100010111... 93           0.0054075017
    7: 1111000100011111101000001110101100110111... 100          0.0054211781
    8: 1111001000011011111010001110000100010111... 98           0.0054275325
    9: 1111001000111011111000001110000100010111... 98           0.0054283205

Pickling Hall of Fame to: genetic_alg_settings_evolve_halloffame.pkl
Begin 10 of 20 repetitions
Begin 20 generations
gen	nevals	avg       	std        	min       	max      
0  	0     	0.00555411	0.000107761	0.00544241	0.0058017
1  	10    	0.00564046	0.000285003	0.0054203 	0.00636859
2  	10    	0.0056023 	0.000146006	0.00543118	0.00592476
3  	10    	0.00570618	0.00021639 	0.00536571	0.00614582
4  	10    	0.00561076	7.02643e-05	0.00551297	0.00574275
5  	10    	0.00582173	0.000358131	0.00556873	0.00685746
6  	10    	0.00572281	0.000110031	0.00553436	0.00594322
7  	10    	0.00576442	0.000210488	0.00556461	0.00634929
8  	10    	0.00569739	0.000117106	0.00552568	0.00591296
9  	10    	0.00572383	0.000203636	0.00552187	0.0062177 
10 	10    	0.00579971	0.000275256	0.00558635	0.00658766
11 	10    	0.0057607 	0.00023522 	0.00559438	0.00644073
12 	10    	0.00593868	0.000775263	0.00545857	0.00821301
13 	10    	0.00574234	0.00023274 	0.00555325	0.00641016
14 	10    	0.00566147	8.56915e-05	0.00553388	0.00578275
15 	10    	0.00571823	0.00018574 	0.00554155	0.00619331
16 	10    	0.00565272	0.000114169	0.0054608 	0.00585574
17 	10    	0.00563571	9.42661e-05	0.00548368	0.00582751
18 	10    	0.0056423 	0.000109017	0.00550024	0.00581565
19 	10    	0.00561089	9.98729e-05	0.00546811	0.00574549
20 	10    	0.00560364	0.00012444 	0.00547151	0.00584   
Runtime: 5.638515755999833 (s)


Final population:
Index: Selected                                    #Selected    CV          
----------------------------------------------------------------------------------------------------
    0: 1111000100011111010000001110011100111111... 99           0.0055804836
    1: 1111000100011110001011001110011100111111... 94           0.0054902154
    2: 1111000100011101000111001110011100110111... 99           0.0055730634
    3: 1111000110011111010011001110011100111111... 100          0.0055663267
    4: 1111000110011111011011001110011100111111... 100          0.005505849 
    5: 1111000100011111000011001110011100110111... 97           0.0056037373
    6: 1111000100011111001111001110011100101111... 95           0.0055672683
    7: 1111000100011111000011001110011110111111... 100          0.0058379822
    8: 1111000110011111010011001110011101111111... 97           0.0058399957
    9: 1111000100011111010011001110011100110111... 100          0.0054715061

Pickling population to: genetic_alg_settings_population_end.pkl

Hall of Fame:
Index: Selected                                    #Selected    CV          
----------------------------------------------------------------------------------------------------
    0: 1111000110011111001000001110001101111111... 95           0.0053461206
    1: 1111010110011111011000001110011100111111... 100          0.0053657057
    2: 1111001000011011111000001110100100010111... 99           0.005369518 
    3: 1111010100011111001000001110010100111111... 98           0.0053749503
    4: 1111000100011111101000001110101100110111... 97           0.0053958346
    5: 1111000100011011001000001110001100110111... 100          0.0053958702
    6: 1111010100011111001000001110010100111111... 97           0.0054000411
    7: 1111001000011011111000001110100100010111... 93           0.0054075017
    8: 1111000110011111001000001110000100111111... 99           0.0054202979
    9: 1111000100011111101000001110101100110111... 100          0.0054211781

Pickling Hall of Fame to: genetic_alg_settings_evolve_halloffame.pkl
Begin 11 of 20 repetitions
Begin 20 generations
gen	nevals	avg       	std       	min       	max    
0  	0     	0.00560364	0.00012444	0.00547151	0.00584
1  	10    	0.00563793	9.00982e-05	0.00541066	0.00574033
2  	10    	0.00568983	0.000140792	0.00546573	0.00594204
3  	10    	0.00568308	0.000209685	0.00545639	0.00615423
4  	10    	0.00563973	0.000218616	0.00544863	0.00625117
5  	10    	0.00562685	9.27119e-05	0.00550574	0.005804  
6  	10    	0.00551734	4.87212e-05	0.00541918	0.00560395
7  	10    	0.00564798	0.000285782	0.00538697	0.00648375
8  	10    	0.00553155	0.000105646	0.00535817	0.00566584
9  	10    	0.00563083	0.000188829	0.0053566 	0.00604565
10 	10    	0.00564547	0.00020972 	0.00541999	0.00617327
11 	10    	0.0055224 	0.000172669	0.00529434	0.00596872
12 	10    	0.00552889	0.000146773	0.0053566 	0.00589926
13 	10    	0.00553986	6.05718e-05	0.005458  	0.00565308
14 	10    	0.00573276	0.000237084	0.00537906	0.00619248
15 	10    	0.00568606	0.000172847	0.00546549	0.00596341
16 	10    	0.00584616	0.000665736	0.00549964	0.00781748
17 	10    	0.00568388	9.88254e-05	0.00550978	0.00584956
18 	10    	0.00562567	0.000195397	0.00546625	0.0060858 
19 	10    	0.00555631	5.20258e-05	0.00546511	0.00566369
20 	10    	0.00559196	9.5488e-05 	0.00544563	0.00579315
Runtime: 5.6528144650001195 (s)


Final population:
Index: Selected                                    #Selected    CV          
----------------------------------------------------------------------------------------------------
    0: 1111001101011111110100001110011100010011... 99           0.0056427267
    1: 1111000101011111010100001110011100010111... 95           0.0055954535
    2: 1111000101010111010000001110011100010111... 95           0.005793147 
    3: 1111000101011111010000001110011100010111... 95           0.005622478 
    4: 1111000101011111010100001111011100010111... 100          0.0054923641
    5: 1111000101011110010100001110011100010111... 95           0.005602975 
    6: 1111000101011111010100001110011100010111... 97           0.0055327372
    7: 1111000101011111010100001110011100010011... 95           0.0055179935
    8: 1111000100011111010000001110011100010111... 95           0.0056741302
    9: 1111000101011111010100001110011100010111... 95           0.0054456333

Pickling population to: genetic_alg_settings_population_end.pkl

Hall of Fame:
Index: Selected                                    #Selected    CV          
----------------------------------------------------------------------------------------------------
    0: 1111000101011011010111001110011100010111... 96           0.0052943444
    1: 1111000110011111001000001110001101111111... 95           0.0053461206
    2: 1111000101011111010101001110011100010111... 100          0.0053565976
    3: 1111000101011111010101001110011100010111... 100          0.005356601 
    4: 1111000100011111000101001110011100010111... 98           0.0053581685
    5: 1111010110011111011000001110011100111111... 100          0.0053657057
    6: 1111001000011011111000001110100100010111... 99           0.005369518 
    7: 1111010100011111001000001110010100111111... 98           0.0053749503
    8: 1111000101011111010101001110011100010111... 98           0.0053764021
    9: 1111000101011111010100001110011100010111... 99           0.0053790557

Pickling Hall of Fame to: genetic_alg_settings_evolve_halloffame.pkl
Begin 12 of 20 repetitions
Begin 20 generations
gen	nevals	avg       	std       	min       	max       
0  	0     	0.00559196	9.5488e-05	0.00544563	0.00579315
1  	10    	0.00559359	0.000175589	0.00539411	0.00606357
2  	10    	0.00551193	0.000115321	0.00534255	0.00576684
3  	10    	0.00549163	6.53503e-05	0.00541624	0.0055988 
4  	10    	0.00563084	0.000324773	0.00541333	0.0065576 
5  	10    	0.00561492	0.000305889	0.00536062	0.00639776
6  	10    	0.00563532	0.000255206	0.00540075	0.00614523
7  	10    	0.00554281	0.000131661	0.00534874	0.00585671
8  	10    	0.00569122	0.00023422 	0.00545214	0.00619439
9  	10    	0.0056381 	0.000230868	0.00537233	0.00610094
10 	10    	0.0055402 	0.000228013	0.00538266	0.00619375
11 	10    	0.00560828	0.000229497	0.00540168	0.00622615
12 	10    	0.00553728	0.00022873 	0.00531004	0.00618946
13 	10    	0.00552974	0.000117218	0.00542374	0.0058414 
14 	10    	0.00550188	5.51054e-05	0.00543523	0.00558511
15 	10    	0.00550776	6.60184e-05	0.00542146	0.00563734
16 	10    	0.00555739	0.000132102	0.00533374	0.00581876
17 	10    	0.00546151	7.80236e-05	0.00539904	0.00567789
18 	10    	0.00553044	0.000103138	0.00539264	0.00571945
19 	10    	0.00562719	0.000324413	0.00534538	0.00632468
20 	10    	0.00565485	0.000253136	0.00536621	0.00630453
Runtime: 5.6454281250007625 (s)


Final population:
Index: Selected                                    #Selected    CV          
----------------------------------------------------------------------------------------------------
    0: 1111000001011111110000001110011100010011... 95           0.0057246444
    1: 1111000001011111110000001110011100010011... 94           0.0053988156
    2: 1111000001011111010000001110011100010011... 97           0.0053662149
    3: 1111000001011111110000001110011100110011... 99           0.005599365 
    4: 1111000001011111010000001110011100110011... 94           0.0054373657
    5: 1111000001011111110000001110011000010011... 100          0.0063045344
    6: 1111000001011111110000001110011100010011... 98           0.0056152238
    7: 1111000001010111110000001110011100110011... 96           0.0057495534
    8: 1111000001001111110000001110011100110011... 99           0.00571582  
    9: 1111000001011111110000001110011100010011... 100          0.0056369281

Pickling population to: genetic_alg_settings_population_end.pkl

Hall of Fame:
Index: Selected                                    #Selected    CV          
----------------------------------------------------------------------------------------------------
    0: 1111000101011011010111001110011100010111... 96           0.0052943444
    1: 1111000001011111010100001110011100010011... 100          0.0053100412
    2: 1111000001011111010000001110011100010011... 94           0.005333742 
    3: 1111000101011111010100001110011100010111... 97           0.0053425533
    4: 1111000001011111110000001110011100010011... 93           0.0053453825
    5: 1111000110011111001000001110001101111111... 95           0.0053461206
    6: 1111000001011111010100001110011100010111... 99           0.0053487372
    7: 1111000101011111010100001110011100010111... 94           0.0053515786
    8: 1111000101011111010101001110011100010111... 100          0.0053565976
    9: 1111000101011111010101001110011100010111... 100          0.005356601 

Pickling Hall of Fame to: genetic_alg_settings_evolve_halloffame.pkl
Begin 13 of 20 repetitions
Begin 20 generations
gen	nevals	avg       	std        	min       	max       
0  	0     	0.00565485	0.000253136	0.00536621	0.00630453
1  	10    	0.0057169 	0.00025841 	0.00536013	0.00621355
2  	10    	0.00564188	0.00017918 	0.00543314	0.00608006
3  	10    	0.00563428	0.000208111	0.00540476	0.0060338 
4  	10    	0.00553178	0.000103493	0.0054107 	0.00574053
5  	10    	0.00561168	0.000141635	0.00538822	0.00587204
6  	10    	0.00562969	0.000347756	0.00540104	0.00665268
7  	10    	0.00563069	0.000218514	0.00543446	0.00616056
8  	10    	0.00550859	0.000104145	0.00537818	0.00569536
9  	10    	0.00560296	0.000218709	0.00541208	0.00623303
10 	10    	0.00574742	0.000301499	0.00547213	0.0063834 
11 	10    	0.00576649	0.00039757 	0.00541751	0.00667045
12 	10    	0.00564695	0.000244882	0.00540262	0.00621849
13 	10    	0.00555885	6.17014e-05	0.00544647	0.00565254
14 	10    	0.00565324	0.000129308	0.00548811	0.00586461
15 	10    	0.00558791	0.000103626	0.00540917	0.00574905
16 	10    	0.00563506	0.000198042	0.00540171	0.00612379
17 	10    	0.00555981	0.000111779	0.00540064	0.00581749
18 	10    	0.00565093	0.000258728	0.00540111	0.00623914
19 	10    	0.00561885	0.000244029	0.00539826	0.00616511
20 	10    	0.00555407	0.000110127	0.00538922	0.00577201
Runtime: 5.642503630999272 (s)


Final population:
Index: Selected                                    #Selected    CV          
----------------------------------------------------------------------------------------------------
    0: 1111000001011111110000011110110100000011... 98           0.0053892229
    1: 1111000001011011110000011110110100000011... 100          0.0056191548
    2: 1111000001011111110000011110111100000011... 100          0.0055534168
    3: 1111000001011111110000011111110100000011... 100          0.0055282478
    4: 1111000001011111110000011110110100001011... 100          0.0054639554
    5: 1111000001011111110000011110110101000011... 99           0.0054435635
    6: 1111000001011111110000011110110100000011... 99           0.0054911352
    7: 1111000001001111110000011110110100000011... 100          0.0056763371
    8: 1111000001011111110000011110110100000001... 100          0.0056037018
    9: 1111000001011101110000011110110100000011... 96           0.0057720082

Pickling population to: genetic_alg_settings_population_end.pkl

Hall of Fame:
Index: Selected                                    #Selected    CV          
----------------------------------------------------------------------------------------------------
    0: 1111000101011011010111001110011100010111... 96           0.0052943444
    1: 1111000001011111010100001110011100010011... 100          0.0053100412
    2: 1111000001011111010000001110011100010011... 94           0.005333742 
    3: 1111000101011111010100001110011100010111... 97           0.0053425533
    4: 1111000001011111110000001110011100010011... 93           0.0053453825
    5: 1111000110011111001000001110001101111111... 95           0.0053461206
    6: 1111000001011111010100001110011100010111... 99           0.0053487372
    7: 1111000101011111010100001110011100010111... 94           0.0053515786
    8: 1111000101011111010101001110011100010111... 100          0.0053565976
    9: 1111000101011111010101001110011100010111... 100          0.005356601 

Pickling Hall of Fame to: genetic_alg_settings_evolve_halloffame.pkl
Begin 14 of 20 repetitions
Begin 20 generations
gen	nevals	avg       	std        	min       	max       
0  	0     	0.00555407	0.000110127	0.00538922	0.00577201
1  	10    	0.00554038	8.8657e-05 	0.00543397	0.0057683 
2  	10    	0.00561336	0.000153387	0.00546234	0.0059511 
3  	10    	0.00564796	0.00014131 	0.00540616	0.00599232
4  	10    	0.00570721	0.00026537 	0.00542058	0.00622949
5  	10    	0.00567119	0.000264262	0.0054544 	0.00623088
6  	10    	0.00569415	0.000442011	0.0053795 	0.00698345
7  	10    	0.0056407 	0.000158947	0.00543035	0.00595305
8  	10    	0.00558953	0.000208492	0.00539668	0.00612547
9  	10    	0.0055529 	0.000123808	0.00532573	0.00574096
10 	10    	0.00559773	0.000162455	0.00541821	0.00604251
11 	10    	0.00553099	0.000118087	0.00534055	0.00571448
12 	10    	0.00554338	6.1017e-05 	0.00544603	0.00562782
13 	10    	0.00553664	0.000143585	0.00538597	0.00580426
14 	10    	0.00558722	0.000213253	0.0053591 	0.00612978
15 	10    	0.00552985	4.77176e-05	0.00545243	0.00561891
16 	10    	0.00560051	0.00022569 	0.00536479	0.00619338
17 	10    	0.00562313	0.000169178	0.00537846	0.0059392 
18 	10    	0.0055904 	0.00015865 	0.00532293	0.00586152
19 	10    	0.00560858	0.000313143	0.00542605	0.00652484
20 	10    	0.00563188	0.000297764	0.00529286	0.00632228
Runtime: 5.652686307999829 (s)


Final population:
Index: Selected                                    #Selected    CV          
----------------------------------------------------------------------------------------------------
    0: 1111000001110010000000011010010100000011... 99           0.005482945 
    1: 1111000001110011000000011010010100000011... 100          0.0052928564
    2: 1111000101011111010000011010010100000011... 98           0.0055360238
    3: 1111000101011111010100011010010100000011... 99           0.0054073527
    4: 1111000001110011000000011010110100000011... 99           0.0053751518
    5: 1111000001110000000000011010000100000011... 98           0.0057497323
    6: 1111000001110111010000011010010001000011... 100          0.0063222806
    7: 1111000101010011000000011010010100000011... 98           0.0055264511
    8: 1111000001011110010000011010010100000011... 100          0.0059814326
    9: 1111000101110011000000011010010100000011... 93           0.0056445893

Pickling population to: genetic_alg_settings_population_end.pkl

Hall of Fame:
Index: Selected                                    #Selected    CV          
----------------------------------------------------------------------------------------------------
    0: 1111000001110011000000011010010100000011... 100          0.0052928564
    1: 1111000101011011010111001110011100010111... 96           0.0052943444
    2: 1111000001011111010100001110011100010011... 100          0.0053100412
    3: 1111000101011111010000011010010100000011... 97           0.0053229271
    4: 1111000001011111010000011110110100001011... 100          0.0053257268
    5: 1111000001011111010000001110011100010011... 94           0.005333742 
    6: 1111000001110011000000011010010100000011... 100          0.0053359222
    7: 1111000001010111010000011010110100001011... 99           0.0053405515
    8: 1111000101011111010100001110011100010111... 97           0.0053425533
    9: 1111000001011111110000001110011100010011... 93           0.0053453825

Pickling Hall of Fame to: genetic_alg_settings_evolve_halloffame.pkl
Begin 15 of 20 repetitions
Begin 20 generations
gen	nevals	avg       	std        	min       	max       
0  	0     	0.00563188	0.000297764	0.00529286	0.00632228
1  	10    	0.00560393	0.000190465	0.00530449	0.0060145 
2  	10    	0.00559868	0.00013955 	0.00546009	0.00595535
3  	10    	0.00572883	0.000276142	0.00548262	0.00650692
4  	10    	0.00560104	0.000136929	0.00544494	0.00582034
5  	10    	0.00561109	0.000193833	0.00541043	0.00609077
6  	10    	0.00558311	0.000146228	0.00545391	0.00593639
7  	10    	0.00561949	0.000275707	0.00537455	0.00639797
8  	10    	0.00560465	0.00023491 	0.00540663	0.0060818 
9  	10    	0.00563444	0.000221187	0.00549706	0.00627898
10 	10    	0.00556188	0.000118147	0.00538678	0.00582245
11 	10    	0.00556931	0.000113863	0.00544122	0.00586651
12 	10    	0.0056034 	0.000280556	0.00543009	0.00642056
13 	10    	0.00568925	0.000251977	0.00543155	0.00631225
14 	10    	0.00556164	8.8247e-05 	0.00545485	0.00576303
15 	10    	0.00550308	0.000109341	0.00536876	0.00567045
16 	10    	0.00543769	4.9554e-05 	0.00538085	0.0055478 
17 	10    	0.00546632	0.00011812 	0.00535772	0.00579204
18 	10    	0.00545633	7.13792e-05	0.00536653	0.00557211
19 	10    	0.00547118	4.37481e-05	0.005407  	0.0055474 
20 	10    	0.00546746	8.42889e-05	0.00530531	0.0055854 
Runtime: 5.64760883299823 (s)


Final population:
Index: Selected                                    #Selected    CV          
----------------------------------------------------------------------------------------------------
    0: 1111001001111001000011001010011100100011... 97           0.0055218741
    1: 1111000001111101000001001010011100000011... 94           0.0053053116
    2: 1111001001111001000011001010011100000011... 96           0.0055853978
    3: 1111001001111001000011001010011100000011... 98           0.0054741918
    4: 1111000001111101000001001011011100000011... 100          0.0054211256
    5: 1111000001111101000001001010011100000011... 100          0.0053601928
    6: 1111001001111001000011001010011100000011... 99           0.0054819346
    7: 1111001001111001000011001010011100000011... 96           0.0055817541
    8: 1111001001111001000011001010011100000011... 96           0.0054504425
    9: 1111001001111001000011001010011100000011... 99           0.0054924221

Pickling population to: genetic_alg_settings_population_end.pkl

Hall of Fame:
Index: Selected                                    #Selected    CV          
----------------------------------------------------------------------------------------------------
    0: 1111000001110011000000011010010100000011... 100          0.0052928564
    1: 1111000101011011010111001110011100010111... 96           0.0052943444
    2: 1111000001110011000000011010110100000011... 100          0.0053044918
    3: 1111000001111101000001001010011100000011... 94           0.0053053116
    4: 1111000001011111010100001110011100010011... 100          0.0053100412
    5: 1111000101011111010000011010010100000011... 97           0.0053229271
    6: 1111000001011111010000011110110100001011... 100          0.0053257268
    7: 1111000001011111010000001110011100010011... 94           0.005333742 
    8: 1111000001110011000000011010010100000011... 100          0.0053359222
    9: 1111000001010111010000011010110100001011... 99           0.0053405515

Pickling Hall of Fame to: genetic_alg_settings_evolve_halloffame.pkl
Begin 16 of 20 repetitions
Begin 20 generations
gen	nevals	avg       	std        	min       	max      
0  	0     	0.00546746	8.42889e-05	0.00530531	0.0055854
1  	10    	0.00547958	0.000109024	0.00533658	0.0057251
2  	10    	0.00558637	0.000325212	0.00525618	0.00650098
3  	10    	0.0054231 	9.42063e-05	0.00532002	0.00559558
4  	10    	0.00540224	8.99053e-05	0.00525523	0.0055641 
5  	10    	0.00534847	7.01684e-05	0.00526243	0.00551473
6  	10    	0.00535275	8.67407e-05	0.00519181	0.00548576
7  	10    	0.005481  	0.000243516	0.0053037 	0.0061988 
8  	10    	0.00539456	5.28083e-05	0.00531218	0.00547738
9  	10    	0.00565469	0.000441187	0.00529876	0.00662147
10 	10    	0.00542393	6.45535e-05	0.00534227	0.00551828
11 	10    	0.00547711	5.546e-05  	0.0053712 	0.00557651
12 	10    	0.00575395	0.000373992	0.00538823	0.00649529
13 	10    	0.00576548	0.000311342	0.00537493	0.00648562
14 	10    	0.00566813	0.00017164 	0.00540147	0.0061142 
15 	10    	0.00558403	0.000164745	0.00535604	0.00588937
16 	10    	0.00563847	0.000257686	0.00537609	0.0062463 
17 	10    	0.00548902	0.000174146	0.00531176	0.0058863 
18 	10    	0.00562175	0.000163468	0.00537317	0.00594368
19 	10    	0.00548152	9.09852e-05	0.0052817 	0.00558516
20 	10    	0.00559092	7.55242e-05	0.00549769	0.00572862
Runtime: 5.616983943000378 (s)


Final population:
Index: Selected                                    #Selected    CV          
----------------------------------------------------------------------------------------------------
    0: 1111010001111101000000001110011100000010... 93           0.0055056693
    1: 1111010011111101001001001110010100000010... 97           0.0057286233
    2: 1111010011101101001001001110011100000010... 95           0.0055526787
    3: 1111010011111101001001001110011100000010... 97           0.0055565161
    4: 1111010001111101000000101110011100000000... 95           0.0057018385
    5: 1111010011111101001001001110010100000010... 96           0.0056502774
    6: 1111010011111101000000001110010110000000... 95           0.0055631489
    7: 1111010001111101000000101110010100001010... 96           0.005541372 
    8: 1111010001101101000000001110010100001010... 93           0.0056113825
    9: 1111010011111101000001001110011100000010... 97           0.005497689 

Pickling population to: genetic_alg_settings_population_end.pkl

Hall of Fame:
Index: Selected                                    #Selected    CV          
----------------------------------------------------------------------------------------------------
    0: 1111000001111101000001001010010100100111... 99           0.0051918056
    1: 1111000001111101000001001010010100000011... 97           0.0052552327
    2: 1111000001111101000001001010010100000011... 97           0.0052561778
    3: 1111000001111101000001001010010100100111... 100          0.0052624289
    4: 1111000001111101000001001010010100000011... 96           0.0052681875
    5: 1111010011111101000001101110010100000000... 94           0.0052816952
    6: 1111000001111101000001001010010100000011... 96           0.0052840544
    7: 1111000001111101000001001010010100000011... 96           0.0052911567
    8: 1111000001110011000000011010010100000011... 100          0.0052928564
    9: 1111000101011011010111001110011100010111... 96           0.0052943444

Pickling Hall of Fame to: genetic_alg_settings_evolve_halloffame.pkl
Begin 17 of 20 repetitions
Begin 20 generations
gen	nevals	avg       	std        	min       	max       
0  	0     	0.00559092	7.55242e-05	0.00549769	0.00572862
1  	10    	0.0055414 	0.000123064	0.00539111	0.0057491 
2  	10    	0.00552207	8.28983e-05	0.0053721 	0.00567767
3  	10    	0.00569083	0.00027146 	0.00540552	0.00631002
4  	10    	0.00558125	9.61269e-05	0.00543387	0.00575931
5  	10    	0.00555291	7.57856e-05	0.00544197	0.00569905
6  	10    	0.00555486	0.000130613	0.00540079	0.00579908
7  	10    	0.00559929	0.000161937	0.00536608	0.00585581
8  	10    	0.00556646	0.000171832	0.00538021	0.00602632
9  	10    	0.00565388	0.000289818	0.00532139	0.00637082
10 	10    	0.00560985	0.000125338	0.00546428	0.00591424
11 	10    	0.00556155	0.000151403	0.0054    	0.00585403
12 	10    	0.00569165	0.000360808	0.00540138	0.00646698
13 	10    	0.00552548	9.80713e-05	0.0053938 	0.00567288
14 	10    	0.00546559	5.95525e-05	0.00535255	0.00558065
15 	10    	0.00557378	0.000106763	0.00542967	0.00578395
16 	10    	0.00561993	0.000224412	0.00539754	0.00619945
17 	10    	0.00558719	0.000143434	0.00538235	0.00587463
18 	10    	0.00549789	9.13969e-05	0.00537564	0.00568947
19 	10    	0.00552343	0.000122744	0.00537049	0.00577482
20 	10    	0.00554306	9.90882e-05	0.00540167	0.00575127
Runtime: 5.663825801999337 (s)


Final population:
Index: Selected                                    #Selected    CV          
----------------------------------------------------------------------------------------------------
    0: 1111110001101101000001011110011100110001... 99           0.0055495111
    1: 1111010000101101000001001010011100110001... 100          0.0057512703
    2: 1111010001101101100001011110011100110001... 100          0.0054016658
    3: 1111010001101101000011011110011100110001... 97           0.0055796326
    4: 1111010001101101100001011110011100110001... 100          0.0054897696
    5: 1111010001101101000001011110011100110001... 98           0.0054663332
    6: 1111010011101101000000011010011100110001... 100          0.0054802599
    7: 1111010001001101101001011110010100110001... 95           0.0056478586
    8: 1111010001100101000011011110011100110001... 100          0.0056013382
    9: 1111010001101101000001011110011100110001... 98           0.0054629854

Pickling population to: genetic_alg_settings_population_end.pkl

Hall of Fame:
Index: Selected                                    #Selected    CV          
----------------------------------------------------------------------------------------------------
    0: 1111000001111101000001001010010100100111... 99           0.0051918056
    1: 1111000001111101000001001010010100000011... 97           0.0052552327
    2: 1111000001111101000001001010010100000011... 97           0.0052561778
    3: 1111000001111101000001001010010100100111... 100          0.0052624289
    4: 1111000001111101000001001010010100000011... 96           0.0052681875
    5: 1111010011111101000001101110010100000000... 94           0.0052816952
    6: 1111000001111101000001001010010100000011... 96           0.0052840544
    7: 1111000001111101000001001010010100000011... 96           0.0052911567
    8: 1111000001110011000000011010010100000011... 100          0.0052928564
    9: 1111000101011011010111001110011100010111... 96           0.0052943444

Pickling Hall of Fame to: genetic_alg_settings_evolve_halloffame.pkl
Begin 18 of 20 repetitions
Begin 20 generations
gen	nevals	avg       	std        	min       	max       
0  	0     	0.00554306	9.90882e-05	0.00540167	0.00575127
1  	10    	0.0055309 	0.000129442	0.005389  	0.00574788
2  	10    	0.00557661	0.000111492	0.00535785	0.00570617
3  	10    	0.00565281	0.000251691	0.00544687	0.00630587
4  	10    	0.00558294	0.000218119	0.0053687 	0.00616605
5  	10    	0.00556029	8.74413e-05	0.00546073	0.00573755
6  	10    	0.0056188 	0.000223353	0.00542731	0.0062605 
7  	10    	0.00560597	9.03323e-05	0.00547917	0.00580744
8  	10    	0.00559033	8.41801e-05	0.00549249	0.0057571 
9  	10    	0.00558991	0.000144925	0.00539385	0.0058626 
10 	10    	0.00567644	0.000188599	0.00551125	0.00616305
11 	10    	0.00557912	8.79085e-05	0.00547992	0.00575042
12 	10    	0.00556853	0.000103059	0.00543067	0.00574337
13 	10    	0.00556221	0.000100031	0.00539205	0.00566315
14 	10    	0.005631  	0.000266859	0.00538286	0.00634274
15 	10    	0.00574673	0.000330285	0.00550083	0.00665846
16 	10    	0.00557807	0.00013926 	0.00540072	0.0058007 
17 	10    	0.00555797	9.74995e-05	0.00544371	0.00573647
18 	10    	0.00558243	0.000112488	0.00547428	0.00579871
19 	10    	0.00558593	0.000235413	0.00532369	0.00599694
20 	10    	0.00555323	0.000102321	0.0053977 	0.00573471
Runtime: 5.693195839001419 (s)


Final population:
Index: Selected                                    #Selected    CV          
----------------------------------------------------------------------------------------------------
    0: 1111110001101001000001011110011100111001... 100          0.0054623354
    1: 1111110101101111010001011010011100111001... 100          0.0054755815
    2: 1111110101101101000001011011011100111001... 100          0.0055961414
    3: 1111110001101001010001011110011100111001... 100          0.0056634987
    4: 1111100000101101000001011110011100111001... 95           0.0055297446
    5: 1111110001101101000001011110011100111001... 99           0.0053977008
    6: 1111110001101101010001011010011100011001... 98           0.0057347071
    7: 1111110101101101000001011110011100111001... 99           0.0056683406
    8: 1111110001101101000001011110011100011001... 99           0.0055134688
    9: 1111110101101101000001011110011100111001... 100          0.0054907957

Pickling population to: genetic_alg_settings_population_end.pkl

Hall of Fame:
Index: Selected                                    #Selected    CV          
----------------------------------------------------------------------------------------------------
    0: 1111000001111101000001001010010100100111... 99           0.0051918056
    1: 1111000001111101000001001010010100000011... 97           0.0052552327
    2: 1111000001111101000001001010010100000011... 97           0.0052561778
    3: 1111000001111101000001001010010100100111... 100          0.0052624289
    4: 1111000001111101000001001010010100000011... 96           0.0052681875
    5: 1111010011111101000001101110010100000000... 94           0.0052816952
    6: 1111000001111101000001001010010100000011... 96           0.0052840544
    7: 1111000001111101000001001010010100000011... 96           0.0052911567
    8: 1111000001110011000000011010010100000011... 100          0.0052928564
    9: 1111000101011011010111001110011100010111... 96           0.0052943444

Pickling Hall of Fame to: genetic_alg_settings_evolve_halloffame.pkl
Begin 19 of 20 repetitions
Begin 20 generations
gen	nevals	avg       	std        	min      	max       
0  	0     	0.00555323	0.000102321	0.0053977	0.00573471
1  	10    	0.00573053	0.000224579	0.00551672	0.0062265 
2  	10    	0.00581009	0.000412985	0.00542269	0.00665242
3  	10    	0.00562716	0.000223465	0.00546859	0.0062797 
4  	10    	0.00559855	0.000179361	0.00542355	0.0060872 
5  	10    	0.00559842	8.86149e-05	0.00547236	0.00579389
6  	10    	0.005598  	9.85152e-05	0.00544581	0.00575724
7  	10    	0.00557914	0.000106151	0.00539623	0.00579845
8  	10    	0.0056187 	0.000102736	0.00549003	0.00575737
9  	10    	0.00574229	0.00042596 	0.00543445	0.00699082
10 	10    	0.00575064	0.000345818	0.00540145	0.0065365 
11 	10    	0.00563791	0.000124765	0.00542291	0.0058939 
12 	10    	0.00568182	0.000365071	0.0054248 	0.0067509 
13 	10    	0.00573051	0.000228242	0.00553374	0.00633097
14 	10    	0.00560211	9.79462e-05	0.00545973	0.00578743
15 	10    	0.00558344	6.96048e-05	0.00544881	0.00566933
16 	10    	0.00558389	0.000133267	0.00538734	0.00589544
17 	10    	0.00562596	0.000297823	0.00532904	0.00641432
18 	10    	0.00559746	9.33069e-05	0.00546786	0.00580618
19 	10    	0.00552715	8.10486e-05	0.00538852	0.00563752
20 	10    	0.00553543	6.67447e-05	0.00544878	0.00568134
Runtime: 5.653326486997685 (s)


Final population:
Index: Selected                                    #Selected    CV          
----------------------------------------------------------------------------------------------------
    0: 1111110001101100000010011110000100111000... 100          0.0054611356
    1: 1111110001101100000010011110000100111000... 99           0.0055790903
    2: 1111110001101100000010001110000100111000... 98           0.0055437219
    3: 1111110001101100000010011110000100111000... 98           0.0054487802
    4: 1111110000101110000010001110000100111000... 99           0.0055961189
    5: 1111110001101100000010001110001100111000... 97           0.0054971368
    6: 1111110001101000000010001110000100111000... 98           0.0055511775
    7: 1111110001101100000010011110000100111000... 100          0.0055023478
    8: 1111110001101100000010011110100100111000... 98           0.005493415 
    9: 1111110001101100000010001110000100111000... 96           0.0056813361

Pickling population to: genetic_alg_settings_population_end.pkl

Hall of Fame:
Index: Selected                                    #Selected    CV          
----------------------------------------------------------------------------------------------------
    0: 1111000001111101000001001010010100100111... 99           0.0051918056
    1: 1111000001111101000001001010010100000011... 97           0.0052552327
    2: 1111000001111101000001001010010100000011... 97           0.0052561778
    3: 1111000001111101000001001010010100100111... 100          0.0052624289
    4: 1111000001111101000001001010010100000011... 96           0.0052681875
    5: 1111010011111101000001101110010100000000... 94           0.0052816952
    6: 1111000001111101000001001010010100000011... 96           0.0052840544
    7: 1111000001111101000001001010010100000011... 96           0.0052911567
    8: 1111000001110011000000011010010100000011... 100          0.0052928564
    9: 1111000101011011010111001110011100010111... 96           0.0052943444

Pickling Hall of Fame to: genetic_alg_settings_evolve_halloffame.pkl
Begin 20 of 20 repetitions
Begin 20 generations
gen	nevals	avg       	std        	min       	max       
0  	0     	0.00553543	6.67447e-05	0.00544878	0.00568134
1  	10    	0.00564276	0.000324295	0.00534127	0.00655656
2  	10    	0.00568638	0.000237342	0.00543091	0.00631612
3  	10    	0.00571921	0.000226084	0.00547741	0.00629925
4  	10    	0.00565594	0.0001141  	0.00554067	0.00587499
5  	10    	0.00560314	0.000133476	0.00540393	0.00583537
6  	10    	0.00566272	0.000101118	0.00551687	0.00581683
7  	10    	0.00577664	0.000242985	0.00556539	0.00626412
8  	10    	0.00587974	0.000369413	0.00557369	0.00689914
9  	10    	0.00575786	0.000137149	0.00555846	0.00602238
10 	10    	0.00570199	0.000146443	0.00556301	0.00595617
11 	10    	0.00561793	0.000131642	0.00533976	0.00580061
12 	10    	0.00566412	0.000210586	0.00540361	0.00611986
13 	10    	0.00562391	7.73423e-05	0.00549692	0.00573429
14 	10    	0.00575348	0.000218808	0.00539547	0.0060563 
15 	10    	0.00578793	0.000198844	0.00550925	0.00613989
16 	10    	0.00568972	0.000107655	0.00551585	0.00587146
17 	10    	0.00577353	0.000139628	0.00561073	0.00606484
18 	10    	0.00571184	0.000158368	0.00552927	0.00609652
19 	10    	0.00569242	0.00011243 	0.00548618	0.00584898
20 	10    	0.00568591	0.000108744	0.0055394 	0.00586222
Runtime: 5.6542346390015155 (s)


Final population:
Index: Selected                                    #Selected    CV          
----------------------------------------------------------------------------------------------------
    0: 1111110001100010000010001111000111110000... 98           0.0055393996
    1: 1111110001100010000000001110000111110001... 100          0.0055997138
    2: 1111110001100110000010001111000111110001... 100          0.0058460095
    3: 1111110001100010000010001111000100110100... 97           0.005862223 
    4: 1111110001000010000010001110000111110000... 96           0.0056942521
    5: 1111110001100010000000001111000111110001... 98           0.005594079 
    6: 1111110001100010000010001111000101100100... 95           0.0056824015
    7: 1111110001100110000010001111000110110001... 98           0.0056070345
    8: 1111110001100010000000001110000111110001... 99           0.0056276467
    9: 1111110000100000000010001111000111110000... 98           0.0058063583

Pickling population to: genetic_alg_settings_population_end.pkl

Hall of Fame:
Index: Selected                                    #Selected    CV          
----------------------------------------------------------------------------------------------------
    0: 1111000001111101000001001010010100100111... 99           0.0051918056
    1: 1111000001111101000001001010010100000011... 97           0.0052552327
    2: 1111000001111101000001001010010100000011... 97           0.0052561778
    3: 1111000001111101000001001010010100100111... 100          0.0052624289
    4: 1111000001111101000001001010010100000011... 96           0.0052681875
    5: 1111010011111101000001101110010100000000... 94           0.0052816952
    6: 1111000001111101000001001010010100000011... 96           0.0052840544
    7: 1111000001111101000001001010010100000011... 96           0.0052911567
    8: 1111000001110011000000011010010100000011... 100          0.0052928564
    9: 1111000101011011010111001110011100010111... 96           0.0052943444

Pickling Hall of Fame to: genetic_alg_settings_evolve_halloffame.pkl
#   DONE  Runtime: 110.98616257299727 (s)

Adding statistics...
  DONE

Result:
Index: Selected                                    #Selected    CV           RMS          wRMS         Estimator                FeatureSelection         Note
--------------------------------------------------------------------------------------------------------------------------------------------------------------------
    0: 1111000001111101000001001010010100100111... 99           0.0051918056 0.004369204  0.0044014013 LinearRegression         GeneticAlgorithm         
    1: 1111000001111101000001001010010100000011... 97           0.0052552327 0.0043956262 0.0044243397 LinearRegression         GeneticAlgorithm         
    2: 1111000001111101000001001010010100000011... 97           0.0052561778 0.0043955812 0.0044262208 LinearRegression         GeneticAlgorithm         
    3: 1111000001111101000001001010010100100111... 100          0.0052624289 0.0043448316 0.004373449  LinearRegression         GeneticAlgorithm         
    4: 1111000001111101000001001010010100000011... 96           0.0052681875 0.0044329891 0.0044710349 LinearRegression         GeneticAlgorithm         
    5: 1111010011111101000001101110010100000000... 94           0.0052816952 0.0044556185 0.0044919817 LinearRegression         GeneticAlgorithm         
    6: 1111000001111101000001001010010100000011... 96           0.0052840544 0.004420691  0.0044537941 LinearRegression         GeneticAlgorithm         
    7: 1111000001111101000001001010010100000011... 96           0.0052911567 0.0043976392 0.0044260908 LinearRegression         GeneticAlgorithm         
    8: 1111000001110011000000011010010100000011... 100          0.0052928564 0.004429691  0.0044699537 LinearRegression         GeneticAlgorithm         
    9: 1111000101011011010111001110011100010111... 96           0.0052943444 0.0044628474 0.0044966083 LinearRegression         GeneticAlgorithm         

Pickling Hall of Fame to: genetic_alg_settings_halloffame.pkl
