Loading genetic_alg_settings.json
# Hall of Fame size: 10 

# Get problem data...
# wHullDist: Will calculate hull distance: hull_dist(CALCULATED,atom_frac)
# Query requested: ['formation_energy', 'is_calculated', 'corr', 'hull_dist(CALCULATED,atom_frac)']
# Use existing: []
# Querying: ['formation_energy', 'is_calculated', 'corr', 'hull_dist(CALCULATED,atom_frac)']
#   DONE

# Target: formation_energy
# Training samples: 627
# Features: 253 

# Weighting:
{
  "method": "wHullDist",
  "kwargs": {
    "A": 0.1,
    "B": 0.0,
    "kT": 0.01,
    "hull_selection": "CALCULATED"
  }
}

# CV:
{
  "method": "KFold",
  "kwargs": {
    "n_splits": 10,
    "shuffle": true
  },
  "penalty": 0.0
} 

# Writing problem specs to: genetic_alg_settings_specs.pkl
# To inspect or customize the problem specs further, use the '--checkspecs' method

# Estimator:
{
  "method": "LinearRegression",
  "kwargs": {
    "fit_intercept": false
  }
} 

# Feature Selection:
{
  "method": "GeneticAlgorithm",
  "kwargs": {
    "constraints_kwargs": {
      "n_features_max": 100,
      "n_features_min": 3,
      "fix_off": [],
      "fix_on": [
        0,
        1,
        2
      ]
    },
    "selTournamentSize": 3,
    "mutFlipBitProb": 0.01,
    "evolve_params_kwargs": {
      "n_generation": 20,
      "n_repetition": 20,
      "n_features_init": 3,
      "n_population": 10,
      "n_halloffame": 10,
      "halloffame_filename": "evolve_halloffame.pkl",
      "filename_prefix": "genetic_alg_settings"
    },
    "cxUniformProb": 0.5
  }
} 

# Fit and select...
Constructing initial population
Begin 1 of 20 repetitions
Begin 20 generations
gen	nevals	avg      	std       	min      	max      
0  	10    	0.0148576	0.00123713	0.0130374	0.0168422
1  	10    	0.0139987	0.000814  	0.0126332	0.0157558
2  	10    	0.0137045	0.000974208	0.0126967	0.0163568
3  	10    	0.0137801	0.000756546	0.0125874	0.0151311
4  	10    	0.0137466	0.000654967	0.0129815	0.0153797
5  	10    	0.0134996	0.000707531	0.01234  	0.0146934
6  	10    	0.0126758	0.000380693	0.0120416	0.013135 
7  	10    	0.0130124	0.00060082 	0.0120875	0.014044 
8  	10    	0.0130652	0.000682339	0.0122571	0.0147226
9  	10    	0.0126468	0.000747551	0.0114352	0.0136664
10 	10    	0.0117697	0.00040519 	0.0112731	0.0123356
11 	10    	0.0111938	0.000554236	0.0102687	0.0118779
12 	10    	0.0107372	0.000579485	0.00975546	0.0116193
13 	10    	0.0105397	0.000400342	0.00963482	0.0111093
14 	10    	0.0106263	0.000645203	0.00961637	0.0114133
15 	10    	0.0100397	0.000802713	0.00802831	0.0110949
16 	10    	0.0101288	0.00067079 	0.00905571	0.0112776
17 	10    	0.00964546	0.000739474	0.00851668	0.0106229
18 	10    	0.00926677	0.00100598 	0.00797801	0.0107415
19 	10    	0.00844192	0.000519121	0.00752541	0.00919534
20 	10    	0.00848195	0.000428507	0.00785184	0.00918296
Runtime: 3.3669354420017044 (s)


Final population:
Index: Selected                                    #Selected    CV          
----------------------------------------------------------------------------------------------------
    0: 1111001001100000000000000001110000100000... 50           0.0089656439
    1: 1111001001100010000000100001100000000000... 45           0.0091829559
    2: 1111001011100000100000100011000000100000... 50           0.0088157196
    3: 1111000001100000101000001000000000100000... 53           0.0084092134
    4: 1111001001100000101000000010000000100000... 49           0.0079552474
    5: 1111001001100000101000000010000000100000... 53           0.0078518352
    6: 1111001001100000010000000000100000110000... 47           0.0080028416
    7: 1111001001101000101000100011000000100000... 48           0.0086582903
    8: 1111000011100000100000000000000000100000... 49           0.008660532 
    9: 1111001001100000101000101011000000100000... 55           0.008317249 

Pickling population to: genetic_alg_settings_population_end.pkl

Hall of Fame:
Index: Selected                                    #Selected    CV          
----------------------------------------------------------------------------------------------------
    0: 1111000011100000100000101001000000100000... 52           0.0075254099
    1: 1111001001100000101000000010000000100000... 53           0.0078518352
    2: 1111001001100000101000000010000000100000... 50           0.0079366592
    3: 1111001001100000100000000011010000000000... 55           0.0079378791
    4: 1111001001100000101000000010000000100000... 49           0.0079552474
    5: 1111001001100000100000000011010000000000... 51           0.0079780138
    6: 1111001001100000010000000000100000110000... 47           0.0080028416
    7: 1111000001000000000100000010000000000000... 45           0.0080283068
    8: 1111001001100000000000100001100000100000... 41           0.0082352514
    9: 1111000001100000000000000001100000000000... 48           0.0082549644

Pickling Hall of Fame to: genetic_alg_settings_evolve_halloffame.pkl
Begin 2 of 20 repetitions
Begin 20 generations
gen	nevals	avg       	std        	min       	max       
0  	0     	0.00848195	0.000428507	0.00785184	0.00918296
1  	10    	0.00865095	0.000827077	0.00689869	0.0103751 
2  	10    	0.00774797	0.000510867	0.00709724	0.00878899
3  	10    	0.00753292	0.000460891	0.00704353	0.00868275
4  	10    	0.00748576	0.00036605 	0.00687193	0.00811662
5  	10    	0.00719881	0.000384205	0.00670066	0.00787206
6  	10    	0.00706324	0.000337042	0.00656262	0.00759592
7  	10    	0.00721298	0.000437549	0.00658804	0.00775504
8  	10    	0.00728772	0.00092409 	0.00634378	0.00937067
9  	10    	0.00711326	0.000626703	0.00637781	0.00833178
10 	10    	0.00654275	0.000379195	0.0055984 	0.0070601 
11 	10    	0.00653169	0.000320209	0.00584354	0.00691954
12 	10    	0.00672288	0.000615184	0.00592494	0.007982  
13 	10    	0.00673008	0.000412252	0.00604479	0.00752326
14 	10    	0.0064325 	0.000364245	0.00588563	0.0071099 
15 	10    	0.00661611	0.000483697	0.00618424	0.00792885
16 	10    	0.00646044	0.000488087	0.00569597	0.00726197
17 	10    	0.00624918	0.000535252	0.00584816	0.00777388
18 	10    	0.00628721	0.000183558	0.00588815	0.00653246
19 	10    	0.00640345	0.000459534	0.00593829	0.00750637
20 	10    	0.00615972	0.000219885	0.00584774	0.00656993
Runtime: 5.147970437999902 (s)


Final population:
Index: Selected                                    #Selected    CV          
----------------------------------------------------------------------------------------------------
    0: 1111001011010110110000101011001100100001... 83           0.006185071 
    1: 1111001011010110110000101111001100100001... 85           0.0060746303
    2: 1111001011010110110000101011001100100001... 84           0.0065699281
    3: 1111001011010110110000101011001100100001... 80           0.0064118303
    4: 1111001011010110111000101011001100100001... 82           0.0063676544
    5: 1111001011010110111000101011001100100001... 82           0.0060911497
    6: 1111001011010110100000101111001100110001... 81           0.0058598715
    7: 1111001011010110100000101111001100110001... 82           0.0060863638
    8: 1111001011010100111001101011000100100001... 84           0.0058477355
    9: 1111001011010110111000101011011100100001... 83           0.0061030019

Pickling population to: genetic_alg_settings_population_end.pkl

Hall of Fame:
Index: Selected                                    #Selected    CV          
----------------------------------------------------------------------------------------------------
    0: 1111001111110100101000101011101110100000... 65           0.005598399 
    1: 1111001001010110101000101011100100100001... 78           0.0056959658
    2: 1111001001110100111000101011100100100001... 71           0.0058435362
    3: 1111001011010100111001101011000100100001... 84           0.0058477355
    4: 1111001001010110101000101011100100100001... 80           0.0058481598
    5: 1111001011010110100000101111001100110001... 81           0.0058598715
    6: 1111001101010000111000101011000100100101... 78           0.0058856306
    7: 1111001011010110101000101011001100101001... 83           0.005888151 
    8: 1111001101010010111000101011100100100001... 72           0.00592494  
    9: 1111001011010110100000101111001100110001... 82           0.0059382887

Pickling Hall of Fame to: genetic_alg_settings_evolve_halloffame.pkl
Begin 3 of 20 repetitions
Begin 20 generations
gen	nevals	avg       	std        	min       	max       
0  	0     	0.00615972	0.000219885	0.00584774	0.00656993
1  	10    	0.00621512	0.000339649	0.00583356	0.00696261
2  	10    	0.00625856	0.000392278	0.00582387	0.00712481
3  	10    	0.00614323	0.000255342	0.0056942 	0.00642169
4  	10    	0.00617659	0.000275325	0.00579849	0.00667396
5  	10    	0.0061487 	0.000301956	0.00570684	0.00681733
6  	10    	0.00613102	0.000225476	0.00571903	0.00646698
7  	10    	0.00614564	0.000414246	0.00564209	0.00723485
8  	10    	0.00609278	0.000186827	0.0058042 	0.00641324
9  	10    	0.00610886	0.000259602	0.00567984	0.00661588
10 	10    	0.00635586	0.000254261	0.00606782	0.00680849
11 	10    	0.00627323	0.00023482 	0.00587427	0.00671902
12 	10    	0.00629503	0.000459828	0.00582943	0.00723042
13 	10    	0.00607656	0.00020634 	0.00572428	0.00640467
14 	10    	0.00584692	0.000141042	0.00566938	0.00606528
15 	10    	0.00611354	0.000487385	0.00562655	0.00725636
16 	10    	0.00597946	0.000220157	0.00555836	0.00637603
17 	10    	0.00615133	0.000215447	0.00590813	0.00658907
18 	10    	0.00608564	0.000245879	0.00574106	0.00668138
19 	10    	0.00616818	0.000327344	0.005748  	0.00671745
20 	10    	0.00630985	0.000206768	0.00601195	0.00675597
Runtime: 6.40575929699844 (s)


Final population:
Index: Selected                                    #Selected    CV          
----------------------------------------------------------------------------------------------------
    0: 1111000011011110111001101111000100100001... 85           0.0067559719
    1: 1111001011011110101011101111000100100001... 87           0.0063286563
    2: 1111000011011110110001101111000100110101... 84           0.0064490993
    3: 1111000011011110101001101111000100100001... 78           0.0060119541
    4: 1111000011011110111001101111000100100001... 78           0.0063142937
    5: 1111000011011110101001101111000100100001... 86           0.0060929393
    6: 1111000011011110110001101111000100100001... 84           0.0061471188
    7: 1111001011011110100001101111000100000001... 79           0.0062862611
    8: 1111001011011110110001101111000100100001... 80           0.006211827 
    9: 1111000011011110101001101111000100100001... 84           0.0065003856

Pickling population to: genetic_alg_settings_population_end.pkl

Hall of Fame:
Index: Selected                                    #Selected    CV          
----------------------------------------------------------------------------------------------------
    0: 1111001011011110101100101111000100100001... 81           0.0055583564
    1: 1111001111110100101000101011101110100000... 65           0.005598399 
    2: 1111001011011110100001101111000100100001... 81           0.0056265516
    3: 1111001011011110101101101111000100100001... 82           0.005630241 
    4: 1111001011010110101001101111000100100001... 78           0.005642093 
    5: 1111001011011110111001101111000100100001... 84           0.0056693821
    6: 1111001011010110101001101111000100100001... 84           0.0056798372
    7: 1111001011010110101001101111000100100001... 83           0.005694198 
    8: 1111001001010110101000101011100100100001... 78           0.0056959658
    9: 1111001011011110101001101111000100100001... 82           0.0057056647

Pickling Hall of Fame to: genetic_alg_settings_evolve_halloffame.pkl
Begin 4 of 20 repetitions
Begin 20 generations
gen	nevals	avg       	std        	min       	max       
0  	0     	0.00630985	0.000206768	0.00601195	0.00675597
1  	10    	0.0061839 	0.000355636	0.00560778	0.00673862
2  	10    	0.00591511	0.000136878	0.00562688	0.00604634
3  	10    	0.00605279	0.000331786	0.00553842	0.00688058
4  	10    	0.00583808	0.00024508 	0.00556797	0.00649922
5  	10    	0.00582493	0.00031639 	0.00544556	0.00654302
6  	10    	0.00582611	0.00018988 	0.00552175	0.00613548
7  	10    	0.00604327	0.000328148	0.00546776	0.00685596
8  	10    	0.00622642	0.000461358	0.00564354	0.00737102
9  	10    	0.0061212 	0.000421009	0.00558596	0.0071084 
10 	10    	0.00619504	0.000485695	0.00551401	0.00715496
11 	10    	0.0059    	0.000222088	0.00555354	0.00628792
12 	10    	0.0060747 	0.000250283	0.00570337	0.0065239 
13 	10    	0.00590879	0.00036349 	0.00543765	0.00676586
14 	10    	0.00580061	0.000268426	0.00539251	0.00626231
15 	10    	0.00609959	0.00059652 	0.00540477	0.00758022
16 	10    	0.00590332	0.000299945	0.00540902	0.00632872
17 	10    	0.00570727	0.000323324	0.00519217	0.00638126
18 	10    	0.00566397	0.000252344	0.00529575	0.00622849
19 	10    	0.00566072	0.000251888	0.00513442	0.00610563
20 	10    	0.00564992	0.000291175	0.0053372 	0.00638857
Runtime: 6.970033921003051 (s)


Final population:
Index: Selected                                    #Selected    CV          
----------------------------------------------------------------------------------------------------
    0: 1111000011000110100000101111000110100101... 92           0.0057000093
    1: 1111000001011110100000101111000110100101... 90           0.0053717084
    2: 1111000011011110100000101111000110100101... 91           0.0054171932
    3: 1111000011010110100000101111000110100101... 91           0.0053371969
    4: 1111000011000110100000101111000110100101... 89           0.005757601 
    5: 1111000011010110110000101111000110100101... 94           0.0057449089
    6: 1111000011010110100000101111000110100101... 89           0.0055409933
    7: 1111000011011110100000101111000110100101... 90           0.0057549477
    8: 1111000001010110100000101111000110100100... 89           0.005486064 
    9: 1111000111011110100000101111000110100101... 90           0.0063885678

Pickling population to: genetic_alg_settings_population_end.pkl

Hall of Fame:
Index: Selected                                    #Selected    CV          
----------------------------------------------------------------------------------------------------
    0: 1111000011011110100000101111000110100101... 90           0.0051344235
    1: 1111000011010110100000101111000110100101... 87           0.0051921729
    2: 1111000011010110100000101111000110100101... 90           0.0052918601
    3: 1111000011010110100000101111000110100101... 88           0.0052957547
    4: 1111000011010110100000101111000110100101... 91           0.0053371969
    5: 1111000001011110100000101111000110100101... 90           0.0053717084
    6: 1111000011010110100000101111000100100101... 87           0.0053925086
    7: 1111000011010110100000101111000110100101... 89           0.0054047686
    8: 1111000011010110100000101111000110100101... 89           0.005409024 
    9: 1111000011011110100000101111000110100101... 91           0.0054171932

Pickling Hall of Fame to: genetic_alg_settings_evolve_halloffame.pkl
Begin 5 of 20 repetitions
Begin 20 generations
gen	nevals	avg       	std        	min      	max       
0  	0     	0.00564992	0.000291175	0.0053372	0.00638857
1  	10    	0.00588786	0.000614854	0.00539086	0.00755413
2  	10    	0.00581867	0.000317985	0.00530067	0.00641869
3  	10    	0.00587976	0.000276263	0.00544276	0.00642094
4  	10    	0.00582833	0.000214345	0.00549626	0.00607423
5  	10    	0.00597345	0.000373919	0.00517408	0.0065778 
6  	10    	0.00606029	0.000444063	0.00540501	0.00698521
7  	10    	0.00597089	0.000533834	0.00535941	0.00708   
8  	10    	0.00567498	0.000280135	0.0053705 	0.00619932
9  	10    	0.00575518	0.000341805	0.0052588 	0.00621408
10 	10    	0.00577664	0.000272908	0.00541691	0.00638251
11 	10    	0.00593767	0.000582264	0.00529452	0.00731632
12 	10    	0.00578108	0.000494723	0.00534713	0.00712293
13 	10    	0.00620975	0.000877988	0.0051849 	0.00769694
14 	10    	0.00576247	0.000300393	0.00539071	0.00625703
15 	10    	0.00568272	0.000322514	0.00529509	0.00653893
16 	10    	0.00560098	0.000346462	0.00501182	0.00628001
17 	10    	0.00563891	0.000383018	0.00519419	0.00632634
18 	10    	0.00567338	0.000394151	0.00498123	0.00650714
19 	10    	0.00570938	0.000458564	0.00481106	0.00636104
20 	10    	0.00558779	0.000498429	0.00491985	0.00669217
Runtime: 7.466423297999427 (s)


Final population:
Index: Selected                                    #Selected    CV          
----------------------------------------------------------------------------------------------------
    0: 1111000001111110101100101011000110100001... 98           0.0049198459
    1: 1111000001111110101100101011000110100001... 97           0.0051422661
    2: 1111000001101110100100101001000110100101... 100          0.0066921684
    3: 1111001001001110100100101010000110100101... 97           0.0056695385
    4: 1111000001111110100000101011000110100001... 97           0.0055017981
    5: 1111001001011110101100101010000110100001... 100          0.0051519897
    6: 1111000001111110100100101011000110100101... 100          0.0056511215
    7: 1111000001101110101100101110000010100001... 95           0.0059656562
    8: 1111001001101110100100101010000110100101... 100          0.005958616 
    9: 1111000001011110101100101011000110100001... 97           0.0052248636

Pickling population to: genetic_alg_settings_population_end.pkl

Hall of Fame:
Index: Selected                                    #Selected    CV          
----------------------------------------------------------------------------------------------------
    0: 1111000001111110101100101011000110100001... 96           0.0048110599
    1: 1111000001111110101100101011000110100001... 98           0.0049198459
    2: 1111000001111110101100101010000110100001... 97           0.0049812282
    3: 1111000001111110100000101010000110100001... 99           0.0050118164
    4: 1111000011011110100000101111000110100101... 90           0.0051344235
    5: 1111000001111110101100101011000110100001... 97           0.0051422661
    6: 1111001001011110101100101010000110100001... 100          0.0051519897
    7: 1111000001101110100100101010000110100101... 97           0.0051689376
    8: 1111000011001110100000101111000111100101... 100          0.0051740798
    9: 1111000001111110100100101011000110100101... 100          0.0051848951

Pickling Hall of Fame to: genetic_alg_settings_evolve_halloffame.pkl
Begin 6 of 20 repetitions
Begin 20 generations
gen	nevals	avg       	std        	min       	max       
0  	0     	0.00558779	0.000498429	0.00491985	0.00669217
1  	10    	0.00535086	0.000326757	0.00490081	0.00599778
2  	10    	0.00541437	0.000254108	0.00510036	0.00587494
3  	10    	0.0055957 	0.000319397	0.00521815	0.00630875
4  	10    	0.00552485	0.000400693	0.00491006	0.00609101
5  	10    	0.00513247	0.000321207	0.00463258	0.00576245
6  	10    	0.0052484 	0.000114357	0.00507329	0.00543586
7  	10    	0.00523358	0.000225279	0.00494557	0.00575371
8  	10    	0.00525302	0.000197087	0.00488916	0.00559347
9  	10    	0.00549502	0.000288824	0.00513258	0.00606262
10 	10    	0.00539881	0.000266883	0.004844  	0.00580875
11 	10    	0.00547967	0.000289405	0.00505476	0.00605356
12 	10    	0.00580174	0.000298117	0.00533468	0.00634258
13 	10    	0.00546063	0.000322769	0.00497241	0.00600002
14 	10    	0.00541951	0.000206983	0.00504603	0.00572999
15 	10    	0.00555363	0.000436881	0.00494611	0.00645531
16 	10    	0.00549934	0.000404302	0.00457064	0.00612418
17 	10    	0.00530744	0.000361768	0.00481567	0.00594118
18 	10    	0.00539402	0.000538837	0.00474888	0.00655628
19 	10    	0.0051849 	0.000212907	0.0048075 	0.00551597
20 	10    	0.00533962	0.000392958	0.00488628	0.00618132
Runtime: 7.206163833001483 (s)


Final population:
Index: Selected                                    #Selected    CV          
----------------------------------------------------------------------------------------------------
    0: 1111000001111110100000101011000110100001... 100          0.0055004707
    1: 1111000001111110100000101011000110100001... 97           0.0049180252
    2: 1110000001111110100000101011000110100001... 97           0.005668522 
    3: 1111100001111110101000001011000110100001... 100          0.0050025308
    4: 1111000001111110100000101011000110100001... 98           0.0061813172
    5: 1111000001111110100000101011000110100001... 100          0.0050570539
    6: 1111000001111110100000101011000110100001... 100          0.0051159054
    7: 1111000001111110101000001011000110100001... 97           0.0048862845
    8: 1111000001111110100000101011000110100001... 99           0.0055383411
    9: 1111000001111110101000001011000110100001... 100          0.0055277396

Pickling population to: genetic_alg_settings_population_end.pkl

Hall of Fame:
Index: Selected                                    #Selected    CV          
----------------------------------------------------------------------------------------------------
    0: 1111000001111110100000101011000110100001... 99           0.0045706408
    1: 1111000001111110101110101011000110100001... 100          0.0046325752
    2: 1111000001111110100000101011000110100001... 96           0.0047488837
    3: 1111000001111110100000101011000110100001... 100          0.0047687266
    4: 1111000001111110100000101011000110100001... 96           0.0048074981
    5: 1111000001111110101100101011000110100001... 96           0.0048110599
    6: 1111000001111110100000101011000110100001... 100          0.0048156684
    7: 1111000001111100101100101111000110100001... 99           0.0048439964
    8: 1111000001111110100000101111000110100001... 97           0.0048454111
    9: 1111000001111110101100101011000110100001... 97           0.0048542325

Pickling Hall of Fame to: genetic_alg_settings_evolve_halloffame.pkl
Begin 7 of 20 repetitions
Begin 20 generations
gen	nevals	avg       	std        	min       	max       
0  	0     	0.00533962	0.000392958	0.00488628	0.00618132
1  	10    	0.00503127	0.000231335	0.00466918	0.00558978
2  	10    	0.00518536	0.000291312	0.00472979	0.00564182
3  	10    	0.00534751	0.000400073	0.00486075	0.00626334
4  	10    	0.00541486	0.000377838	0.00502406	0.00646113
5  	10    	0.00565529	0.000539975	0.00491312	0.00655751
6  	10    	0.00557116	0.000225674	0.00522851	0.00597882
7  	10    	0.0055183 	0.000424112	0.00468121	0.00613812
8  	10    	0.00530742	0.000224619	0.00509606	0.00574145
9  	10    	0.00535734	0.000275247	0.00492352	0.00572775
10 	10    	0.00546904	0.00057307 	0.00500126	0.00700906
11 	10    	0.00533601	0.000285148	0.00485977	0.00585849
12 	10    	0.00546653	0.000366381	0.00486102	0.00600338
13 	10    	0.00553375	0.000355701	0.00517024	0.0062915 
14 	10    	0.00526069	0.000197558	0.00483142	0.00561941
15 	10    	0.00522589	0.000252933	0.00470813	0.00561951
16 	10    	0.00514953	0.000254651	0.00484736	0.0055137 
17 	10    	0.005444  	0.000269586	0.00509292	0.00609477
18 	10    	0.00539813	0.000151852	0.00517519	0.0057498 
19 	10    	0.00537834	0.000281255	0.00500159	0.0058783 
20 	10    	0.00530402	0.000331715	0.00491554	0.0061589 
Runtime: 7.608535662999202 (s)


Final population:
Index: Selected                                    #Selected    CV          
----------------------------------------------------------------------------------------------------
    0: 1111001001011110101000001011000110100001... 98           0.0055682483
    1: 1111001001111110100000001011000110100001... 97           0.0051034674
    2: 1111000001111110100000001011000110100001... 97           0.0053193548
    3: 1111000001111110100000001011000110101001... 100          0.0051825303
    4: 1111000001111110100000000011000110100001... 95           0.0061589013
    5: 1111001001111110100000001011000110100001... 97           0.0052358475
    6: 1111001001111110101000001011000110100001... 100          0.0050786415
    7: 1111000001111110100000001011000110100001... 94           0.0053605554
    8: 1111000001111110100000001011000110100001... 97           0.0051171217
    9: 1111000001111110100000001011000110100001... 99           0.0049155356

Pickling population to: genetic_alg_settings_population_end.pkl

Hall of Fame:
Index: Selected                                    #Selected    CV          
----------------------------------------------------------------------------------------------------
    0: 1111000001111110100000101011000110100001... 99           0.0045706408
    1: 1111000001111110101110101011000110100001... 100          0.0046325752
    2: 1111000001111110101000001011000110100001... 99           0.0046691801
    3: 1111000001111110101000001011000110100001... 96           0.00468121  
    4: 1111000001111110100000001011000110100001... 99           0.0047081303
    5: 1111000001111110101000001011000110100001... 99           0.0047297901
    6: 1111000001111110100000101011000110100001... 96           0.0047488837
    7: 1111000001111110100000101011000110100001... 100          0.0047687266
    8: 1111000001111110100000101011000110100001... 96           0.0048074981
    9: 1111000001111110101100101011000110100001... 96           0.0048110599

Pickling Hall of Fame to: genetic_alg_settings_evolve_halloffame.pkl
Begin 8 of 20 repetitions
Begin 20 generations
gen	nevals	avg       	std        	min       	max      
0  	0     	0.00530402	0.000331715	0.00491554	0.0061589
1  	10    	0.00562494	0.000684568	0.00495117	0.00751026
2  	10    	0.00548488	0.000559815	0.00466685	0.00651963
3  	10    	0.00537433	0.000284398	0.00509516	0.00605995
4  	10    	0.00548047	0.000336149	0.0049873 	0.00599118
5  	10    	0.00537195	0.00030679 	0.00500378	0.00616853
6  	10    	0.00543743	0.000319178	0.0049941 	0.00615875
7  	10    	0.00555628	0.000483721	0.00508332	0.00688462
8  	10    	0.0055349 	0.000437732	0.00509926	0.00659473
9  	10    	0.00531292	0.000373339	0.00476524	0.00599499
10 	10    	0.00559562	0.000786711	0.00483681	0.00746632
11 	10    	0.00545737	0.000643541	0.0047777 	0.00684869
12 	10    	0.00567444	0.000674296	0.00506388	0.00700273
13 	10    	0.00532423	0.000225133	0.00501296	0.00573404
14 	10    	0.0056772 	0.000577523	0.00501436	0.00691897
15 	10    	0.0057088 	0.000430924	0.00507137	0.00665444
16 	10    	0.00581872	0.000605683	0.00486864	0.00702305
17 	10    	0.00574093	0.000449374	0.00515879	0.00651129
18 	10    	0.00575815	0.00036954 	0.00537404	0.00650302
19 	10    	0.0054769 	0.00036627 	0.00512154	0.00629385
20 	10    	0.00547731	0.000294592	0.00493728	0.0061004 
Runtime: 7.537525727002503 (s)


Final population:
Index: Selected                                    #Selected    CV          
----------------------------------------------------------------------------------------------------
    0: 1111000001111110101010011011000110100001... 99           0.0052597908
    1: 1111000001101110101010001011000110100000... 98           0.0055014414
    2: 1111000101111110101000001011000110100000... 98           0.0054150738
    3: 1111000001111110101010001011000110100000... 98           0.0056972083
    4: 1111000001111110101010011011000110100000... 99           0.0056090053
    5: 1111000001101110101010001011000110100001... 100          0.0049372754
    6: 1111000101111110101010001011001110100000... 100          0.0053547346
    7: 1111000001111110101000001011000110100000... 96           0.005613183 
    8: 1111000001101110101010011011000110100101... 96           0.0052849366
    9: 1111000001111110101010001011000110000010... 99           0.0061004018

Pickling population to: genetic_alg_settings_population_end.pkl

Hall of Fame:
Index: Selected                                    #Selected    CV          
----------------------------------------------------------------------------------------------------
    0: 1111000001111110100000101011000110100001... 99           0.0045706408
    1: 1111000001111110101110101011000110100001... 100          0.0046325752
    2: 1111000001111110101000001011000110100001... 99           0.0046668517
    3: 1111000001111110101000001011000110100001... 99           0.0046691801
    4: 1111000001111110101000001011000110100001... 96           0.00468121  
    5: 1111000001111110100000001011000110100001... 99           0.0047081303
    6: 1111000001111110101000001011000110100001... 99           0.0047297901
    7: 1111000001111110100000101011000110100001... 96           0.0047488837
    8: 1111000011111110101000001011000110100001... 100          0.0047652356
    9: 1111000001111110100000101011000110100001... 100          0.0047687266

Pickling Hall of Fame to: genetic_alg_settings_evolve_halloffame.pkl
Begin 9 of 20 repetitions
Begin 20 generations
gen	nevals	avg       	std        	min       	max      
0  	0     	0.00547731	0.000294592	0.00493728	0.0061004
1  	10    	0.0055705 	0.000452867	0.00498986	0.00659259
2  	10    	0.00567822	0.000300922	0.00526061	0.00626366
3  	10    	0.00550429	0.00027313 	0.0051509 	0.00606925
4  	10    	0.0055883 	0.000265641	0.00526148	0.00596963
5  	10    	0.00554387	0.000870675	0.0048273 	0.00786106
6  	10    	0.00521076	0.000152117	0.00486683	0.00545004
7  	10    	0.00526298	0.00032573 	0.0048008 	0.00593878
8  	10    	0.00529594	0.000348467	0.00477973	0.00600582
9  	10    	0.0052763 	0.000238012	0.00496251	0.00576894
10 	10    	0.00550027	0.000294315	0.00513068	0.00603179
11 	10    	0.00521228	0.000293811	0.00469589	0.00569229
12 	10    	0.00579839	0.000893626	0.0048696 	0.00770754
13 	10    	0.00547969	0.000339977	0.00490245	0.00613849
14 	10    	0.00547645	0.000373686	0.0050027 	0.00624535
15 	10    	0.00562711	0.000620695	0.00492171	0.0068395 
16 	10    	0.00562693	0.000738092	0.00496204	0.00737658
17 	10    	0.00545046	0.000379373	0.00503646	0.00611552
18 	10    	0.00557915	0.000490425	0.00503934	0.00650944
19 	10    	0.00564911	0.00049346 	0.00499764	0.00683523
20 	10    	0.00573222	0.000316923	0.00514511	0.00616046
Runtime: 6.536354114999995 (s)


Final population:
Index: Selected                                    #Selected    CV          
----------------------------------------------------------------------------------------------------
    0: 1111100001101110101010001011000110100000... 100          0.0061604582
    1: 1111000001101110101010001011000110100001... 99           0.0055293246
    2: 1111000001101110101010001011000110100000... 94           0.0061312495
    3: 1111000001101110101000101011000110100001... 96           0.0051451106
    4: 1111000001101110101000101011000110100000... 99           0.0059352831
    5: 1111000001101110100010001011000110100000... 99           0.0054033969
    6: 1111000011101110101010001011000110100000... 96           0.0058299058
    7: 1111000001101110101010001011000110100000... 100          0.0054902158
    8: 1111000001101110101000101011000110100001... 94           0.0057234063
    9: 1111000011101110101000101011000110100001... 98           0.0059738351

Pickling population to: genetic_alg_settings_population_end.pkl

Hall of Fame:
Index: Selected                                    #Selected    CV          
----------------------------------------------------------------------------------------------------
    0: 1111000001111110100000101011000110100001... 99           0.0045706408
    1: 1111000001111110101110101011000110100001... 100          0.0046325752
    2: 1111000001111110101000001011000110100001... 99           0.0046668517
    3: 1111000001111110101000001011000110100001... 99           0.0046691801
    4: 1111000001111110101000001011000110100001... 96           0.00468121  
    5: 1111000001101110001010001011000110100001... 99           0.0046958943
    6: 1111000001111110100000001011000110100001... 99           0.0047081303
    7: 1111000001111110101000001011000110100001... 99           0.0047297901
    8: 1111000001111110100000101011000110100001... 96           0.0047488837
    9: 1111000001101110001010101011000110100001... 100          0.0047640568

Pickling Hall of Fame to: genetic_alg_settings_evolve_halloffame.pkl
Begin 10 of 20 repetitions
Begin 20 generations
gen	nevals	avg       	std        	min       	max       
0  	0     	0.00573222	0.000316923	0.00514511	0.00616046
1  	10    	0.00560534	0.000309264	0.00515291	0.00629439
2  	10    	0.00556817	0.000562712	0.00478276	0.00666291
3  	10    	0.00581946	0.000559755	0.00497618	0.00705393
4  	10    	0.00566911	0.000415881	0.00507587	0.00619222
5  	10    	0.00587755	0.000710225	0.00511282	0.00764993
6  	10    	0.00570289	0.000356402	0.00529631	0.00629057
7  	10    	0.00554459	0.000435241	0.00488054	0.00640558
8  	10    	0.00548802	0.000226059	0.00518203	0.00601016
9  	10    	0.00562909	0.000354048	0.00500296	0.0062051 
10 	10    	0.00556129	0.00046742 	0.00508695	0.00665494
11 	10    	0.00539909	0.000492008	0.00488409	0.00636506
12 	10    	0.0053266 	0.000322943	0.0049539 	0.00588073
13 	10    	0.0053152 	0.000250092	0.00492115	0.00579675
14 	10    	0.00559489	0.000340395	0.00503818	0.0062372 
15 	10    	0.00532535	0.00022192 	0.00494827	0.00563641
16 	10    	0.00508028	0.00020445 	0.00474818	0.00545144
17 	10    	0.00537432	0.000338727	0.00489233	0.00598893
18 	10    	0.00518586	0.000283751	0.00466453	0.0057057 
19 	10    	0.00519618	0.000287069	0.00471109	0.00569449
20 	10    	0.00559088	0.000479923	0.00506806	0.00657728
Runtime: 6.606114009999146 (s)


Final population:
Index: Selected                                    #Selected    CV          
----------------------------------------------------------------------------------------------------
    0: 1111000001101010100010001011000110100000... 98           0.0053228532
    1: 1111000001101010100010001011000110100000... 97           0.0050680597
    2: 1111000001100010000010001011000110100000... 100          0.0062695382
    3: 1111100001101010000010001001000110100000... 99           0.005588265 
    4: 1111000001101011000010001011000110100000... 99           0.0053118536
    5: 1111000001101010000010001011000110100100... 98           0.0051443725
    6: 1111000000101010000010001011100110100000... 98           0.00526198  
    7: 1111100001101010100010001011000110100010... 100          0.0065772803
    8: 1111100001101010100010001011000110100000... 100          0.0059296713
    9: 1111000001101010000010001011000110100000... 97           0.0054348943

Pickling population to: genetic_alg_settings_population_end.pkl

Hall of Fame:
Index: Selected                                    #Selected    CV          
----------------------------------------------------------------------------------------------------
    0: 1111000001111110100000101011000110100001... 99           0.0045706408
    1: 1111000001111110101110101011000110100001... 100          0.0046325752
    2: 1111000001101011000010001011000110100000... 100          0.0046645323
    3: 1111000001111110101000001011000110100001... 99           0.0046668517
    4: 1111000001111110101000001011000110100001... 99           0.0046691801
    5: 1111000001111110101000001011000110100001... 96           0.00468121  
    6: 1111000001101110001010001011000110100001... 99           0.0046958943
    7: 1111000001111110100000001011000110100001... 99           0.0047081303
    8: 1111000001101011000010001011000110100000... 99           0.0047110922
    9: 1111000001111110101000001011000110100001... 99           0.0047297901

Pickling Hall of Fame to: genetic_alg_settings_evolve_halloffame.pkl
Begin 11 of 20 repetitions
Begin 20 generations
gen	nevals	avg       	std        	min       	max       
0  	0     	0.00559088	0.000479923	0.00506806	0.00657728
1  	10    	0.00528101	0.000232874	0.00497978	0.00584705
2  	10    	0.00530694	0.000240489	0.00507302	0.00580986
3  	10    	0.00536668	0.000385338	0.00490322	0.00588621
4  	10    	0.00562319	0.00075678 	0.00493168	0.00737599
5  	10    	0.00530992	0.000550141	0.00485364	0.00660853
6  	10    	0.0052601 	0.000210608	0.00500518	0.00572269
7  	10    	0.00525829	0.000217533	0.00494498	0.0055455 
8  	10    	0.00542027	0.00027755 	0.00495998	0.00595301
9  	10    	0.00564985	0.000309969	0.00524834	0.00625345
10 	10    	0.00557664	0.00037597 	0.0049578 	0.00618228
11 	10    	0.00534905	0.000377008	0.00495617	0.006046  
12 	10    	0.00543893	0.000328084	0.00491477	0.00608276
13 	10    	0.00570924	0.000499533	0.00499651	0.00674133
14 	10    	0.00544418	0.000449495	0.00482238	0.00607458
15 	10    	0.00526859	0.000366621	0.00458674	0.00577708
16 	10    	0.00530791	0.000392704	0.00481101	0.00618417
17 	10    	0.00512976	0.000268988	0.00478701	0.005681  
18 	10    	0.00526572	0.000302827	0.00483824	0.00570442
19 	10    	0.00514031	0.000210198	0.00480679	0.00549672
20 	10    	0.00520797	0.000438379	0.00477711	0.00615006
Runtime: 7.712948914999288 (s)


Final population:
Index: Selected                                    #Selected    CV          
----------------------------------------------------------------------------------------------------
    0: 1111000001101010001010101011000110100001... 96           0.0052344455
    1: 1111000001111000001010101011000110100001... 97           0.0048442852
    2: 1111000001101010000010001011010110100001... 96           0.0057274398
    3: 1111100001101010001010001011000100100001... 94           0.0052173163
    4: 1111000001101010000010101011000110100001... 95           0.0047771087
    5: 1111100001110000000000001011000111100001... 100          0.0061500638
    6: 1111000001101010000110101011000110100001... 97           0.0055124599
    7: 1111100001101000001010001011000110100001... 92           0.0048669443
    8: 1111000001101010000010001011110110100001... 96           0.0047891003
    9: 1111000001101010000010101011000110100001... 98           0.0049605536

Pickling population to: genetic_alg_settings_population_end.pkl

Hall of Fame:
Index: Selected                                    #Selected    CV          
----------------------------------------------------------------------------------------------------
    0: 1111000001111110100000101011000110100001... 99           0.0045706408
    1: 1111000001101010000010001011100110100001... 97           0.0045867424
    2: 1111000001111110101110101011000110100001... 100          0.0046325752
    3: 1111000001101011000010001011000110100000... 100          0.0046645323
    4: 1111000001111110101000001011000110100001... 99           0.0046668517
    5: 1111000001111110101000001011000110100001... 99           0.0046691801
    6: 1111000001111110101000001011000110100001... 96           0.00468121  
    7: 1111000001101110001010001011000110100001... 99           0.0046958943
    8: 1111000001111110100000001011000110100001... 99           0.0047081303
    9: 1111000001101011000010001011000110100000... 99           0.0047110922

Pickling Hall of Fame to: genetic_alg_settings_evolve_halloffame.pkl
Begin 12 of 20 repetitions
Begin 20 generations
gen	nevals	avg       	std        	min       	max       
0  	0     	0.00520797	0.000438379	0.00477711	0.00615006
1  	10    	0.00497664	0.000224261	0.00469825	0.00557523
2  	10    	0.00494649	0.000188969	0.00463796	0.00530388
3  	10    	0.00507787	0.000347122	0.00478818	0.0059188 
4  	10    	0.00500845	0.000291272	0.00467188	0.0057226 
5  	10    	0.00517442	0.00038353 	0.00478612	0.00622293
6  	10    	0.00495814	0.000226581	0.00458611	0.0052849 
7  	10    	0.00510277	0.000152232	0.00482857	0.00535625
8  	10    	0.0050967 	0.000482559	0.00451566	0.00625689
9  	10    	0.00512055	0.000437441	0.00466383	0.00623126
10 	10    	0.00522672	0.000412382	0.00472169	0.00622074
11 	10    	0.00508816	0.000202265	0.00478032	0.00551482
12 	10    	0.00531425	0.000304317	0.00475697	0.00589529
13 	10    	0.00514885	0.000207796	0.0049159 	0.00550105
14 	10    	0.00532517	0.000486694	0.00477392	0.00627663
15 	10    	0.00522286	0.000246322	0.00486317	0.00572487
16 	10    	0.00526262	0.000303676	0.00484482	0.00587697
17 	10    	0.00526506	0.000309531	0.00489389	0.00582698
18 	10    	0.0055389 	0.000232172	0.00510534	0.00595906
19 	10    	0.00546886	0.000378816	0.00509778	0.00633092
20 	10    	0.00565325	0.000696585	0.00502075	0.00721446
Runtime: 6.427534775000822 (s)


Final population:
Index: Selected                                    #Selected    CV          
----------------------------------------------------------------------------------------------------
    0: 1111000001101010000010111011100110100001... 98           0.0055694776
    1: 1111000001101000000010111011100110100001... 96           0.0051045847
    2: 1111001001101000000010111011100110100001... 95           0.0050207453
    3: 1111100001101000000010111011100110100001... 99           0.005384204 
    4: 1111100000001000000010111011100110100001... 96           0.0057706002
    5: 1111000001101000000010101011100110100001... 97           0.0050702656
    6: 1111000000101000000010111011100110100001... 99           0.0065973983
    7: 1111100001101000000010111011100110101001... 93           0.0057619929
    8: 1111100001101000000011110011100110100001... 100          0.0072144634
    9: 1111100001101000000010111011100110100001... 99           0.0050388101

Pickling population to: genetic_alg_settings_population_end.pkl

Hall of Fame:
Index: Selected                                    #Selected    CV          
----------------------------------------------------------------------------------------------------
    0: 1111000001101000000010001011000110100001... 96           0.0045156615
    1: 1111000001111110100000101011000110100001... 99           0.0045706408
    2: 1111000001101000000010101011100110100001... 96           0.0045861099
    3: 1111000001101010000010001011100110100001... 97           0.0045867424
    4: 1111000001101010000010001011100110100001... 96           0.0046169396
    5: 1111000001101000000010101011100110100001... 94           0.0046213123
    6: 1111000001111110101110101011000110100001... 100          0.0046325752
    7: 1111000001101010000010101011000110100001... 96           0.0046379606
    8: 1111000001101000000010001011000110100001... 97           0.0046638275
    9: 1111000001101011000010001011000110100000... 100          0.0046645323

Pickling Hall of Fame to: genetic_alg_settings_evolve_halloffame.pkl
Begin 13 of 20 repetitions
Begin 20 generations
gen	nevals	avg       	std        	min       	max       
0  	0     	0.00565325	0.000696585	0.00502075	0.00721446
1  	10    	0.00550641	0.000410451	0.00498024	0.00633238
2  	10    	0.00538809	0.000191389	0.00518645	0.00584889
3  	10    	0.00526269	0.000300611	0.00480208	0.00571087
4  	10    	0.00521981	0.00045709 	0.00466286	0.00615861
5  	10    	0.00527279	0.000467075	0.00467732	0.00635426
6  	10    	0.00522895	0.000223905	0.00480042	0.00569297
7  	10    	0.00525509	0.000327782	0.00482315	0.00592498
8  	10    	0.00529018	0.000339839	0.00497632	0.00621253
9  	10    	0.00531882	0.000432106	0.00491235	0.00640952
10 	10    	0.00517898	0.000251706	0.00477727	0.00567801
11 	10    	0.00525484	0.000287636	0.00476408	0.00575837
12 	10    	0.0055771 	0.000453992	0.00500391	0.00657081
13 	10    	0.00544528	0.000295908	0.00509716	0.00614105
14 	10    	0.00544207	0.000378959	0.00506624	0.00651107
15 	10    	0.00555069	0.000493172	0.00492818	0.00669846
16 	10    	0.00530792	0.000147011	0.00508944	0.00550978
17 	10    	0.00534762	0.000277876	0.00493698	0.00602406
18 	10    	0.00541892	0.000176215	0.00504826	0.00564317
19 	10    	0.00530823	0.000222481	0.00499033	0.00579207
20 	10    	0.00537015	0.000251733	0.00503267	0.00575677
Runtime: 6.397740841999621 (s)


Final population:
Index: Selected                                    #Selected    CV          
----------------------------------------------------------------------------------------------------
    0: 1111000001001001000010111011100111100001... 98           0.0055548894
    1: 1111000001001001000010111011100110101001... 100          0.0051884459
    2: 1111000001001000000010111011100110101001... 100          0.0057567667
    3: 1111000001001001000010101011100110100001... 97           0.0051450698
    4: 1111000001001001000010111011110110101001... 93           0.0056426656
    5: 1111000001001001000010111011100110101001... 99           0.0052464497
    6: 1111000001001001000010111011101110101001... 98           0.005053374 
    7: 1111010001001001010010111011100110101001... 95           0.0050326723
    8: 1111000001001001000010110011100110101001... 99           0.0055880709
    9: 1111000001001001000000101011100110100001... 95           0.0054931236

Pickling population to: genetic_alg_settings_population_end.pkl

Hall of Fame:
Index: Selected                                    #Selected    CV          
----------------------------------------------------------------------------------------------------
    0: 1111000001101000000010001011000110100001... 96           0.0045156615
    1: 1111000001111110100000101011000110100001... 99           0.0045706408
    2: 1111000001101000000010101011100110100001... 96           0.0045861099
    3: 1111000001101010000010001011100110100001... 97           0.0045867424
    4: 1111000001101010000010001011100110100001... 96           0.0046169396
    5: 1111000001101000000010101011100110100001... 94           0.0046213123
    6: 1111000001111110101110101011000110100001... 100          0.0046325752
    7: 1111000001101010000010101011000110100001... 96           0.0046379606
    8: 1111000001001000000010111011100110100001... 95           0.0046628583
    9: 1111000001101000000010001011000110100001... 97           0.0046638275

Pickling Hall of Fame to: genetic_alg_settings_evolve_halloffame.pkl
Begin 14 of 20 repetitions
Begin 20 generations
gen	nevals	avg       	std        	min       	max       
0  	0     	0.00537015	0.000251733	0.00503267	0.00575677
1  	10    	0.00554381	0.000311629	0.00520544	0.00616238
2  	10    	0.00562205	0.000496075	0.00508339	0.00632683
3  	10    	0.00547938	0.000736738	0.00485146	0.00712355
4  	10    	0.00533846	0.000247272	0.00496539	0.00581396
5  	10    	0.00544635	0.000286542	0.00497965	0.00593474
6  	10    	0.00536915	0.000372578	0.00481879	0.00618856
7  	10    	0.00542682	0.000218268	0.00503473	0.00581235
8  	10    	0.00545976	0.000231522	0.00495484	0.00568721
9  	10    	0.00576617	0.00040546 	0.00511353	0.00644666
10 	10    	0.00557891	0.000352019	0.00508777	0.00625278
11 	10    	0.0053893 	0.000192741	0.00515356	0.00579082
12 	10    	0.00554939	0.000309479	0.00518275	0.00617645
13 	10    	0.00539355	0.000173986	0.00521807	0.00577632
14 	10    	0.00537671	0.000281941	0.00499207	0.00593893
15 	10    	0.00544937	0.000357491	0.00496635	0.0061647 
16 	10    	0.00561661	0.000429337	0.0050431 	0.00634283
17 	10    	0.00543852	0.00032304 	0.00503154	0.00605604
18 	10    	0.00587322	0.000599359	0.00498243	0.00683955
19 	10    	0.00566471	0.000509807	0.0049689 	0.00689271
20 	10    	0.00548131	0.000253991	0.0049302 	0.00590975
Runtime: 6.407737207999162 (s)


Final population:
Index: Selected                                    #Selected    CV          
----------------------------------------------------------------------------------------------------
    0: 1111000000001100000010111001101100111001... 96           0.0056173908
    1: 1111000000011100000000111001101100110001... 94           0.0055385008
    2: 1111000001011000001010111011101100110000... 97           0.005738696 
    3: 1111100010011101000010111011101100010001... 99           0.0054750092
    4: 1111000000011100000010111001111100110001... 94           0.0055693653
    5: 1111000000011100000000111001101100110001... 91           0.004930204 
    6: 1111000000011000000010111001101100110001... 91           0.0053398868
    7: 1111000000011100000010111001101100110001... 92           0.0052923318
    8: 1111000000011000000010111001101100110001... 92           0.0054019639
    9: 1111000001011000000010111001101100110001... 97           0.0059097465

Pickling population to: genetic_alg_settings_population_end.pkl

Hall of Fame:
Index: Selected                                    #Selected    CV          
----------------------------------------------------------------------------------------------------
    0: 1111000001101000000010001011000110100001... 96           0.0045156615
    1: 1111000001111110100000101011000110100001... 99           0.0045706408
    2: 1111000001101000000010101011100110100001... 96           0.0045861099
    3: 1111000001101010000010001011100110100001... 97           0.0045867424
    4: 1111000001101010000010001011100110100001... 96           0.0046169396
    5: 1111000001101000000010101011100110100001... 94           0.0046213123
    6: 1111000001111110101110101011000110100001... 100          0.0046325752
    7: 1111000001101010000010101011000110100001... 96           0.0046379606
    8: 1111000001001000000010111011100110100001... 95           0.0046628583
    9: 1111000001101000000010001011000110100001... 97           0.0046638275

Pickling Hall of Fame to: genetic_alg_settings_evolve_halloffame.pkl
Begin 15 of 20 repetitions
Begin 20 generations
gen	nevals	avg       	std        	min      	max       
0  	0     	0.00548131	0.000253991	0.0049302	0.00590975
1  	10    	0.00556408	0.000260284	0.00528732	0.0061871 
2  	10    	0.00575609	0.000213801	0.00527393	0.00603494
3  	10    	0.00580699	0.000359144	0.00529134	0.00655224
4  	10    	0.00556199	0.000191979	0.00533016	0.00592667
5  	10    	0.00551485	0.000389824	0.00509363	0.00650548
6  	10    	0.005441  	0.000174401	0.00523925	0.0058799 
7  	10    	0.0053471 	0.000225694	0.00506146	0.00572221
8  	10    	0.00541587	0.000220291	0.0051431 	0.00592332
9  	10    	0.00556687	0.000427626	0.00507034	0.00659868
10 	10    	0.00544086	0.000163367	0.00519205	0.00580902
11 	10    	0.00543996	0.000269062	0.00498733	0.00597477
12 	10    	0.00535122	0.000339857	0.00498536	0.00602843
13 	10    	0.00534959	0.000370069	0.00487875	0.00623719
14 	10    	0.00526168	0.000121852	0.00497579	0.00539898
15 	10    	0.0053393 	0.000287329	0.00476721	0.00574376
16 	10    	0.00535365	0.000506032	0.00494884	0.00677931
17 	10    	0.00559931	0.00040984 	0.00492565	0.00643748
18 	10    	0.00527444	0.000307912	0.00480802	0.00566498
19 	10    	0.00525718	0.00038052 	0.0047788 	0.00604798
20 	10    	0.00504005	0.000182899	0.0047532 	0.00539428
Runtime: 6.3701575199993385 (s)


Final population:
Index: Selected                                    #Selected    CV          
----------------------------------------------------------------------------------------------------
    0: 1111000000011100000010111011101100110101... 91           0.0050640673
    1: 1111000000011100000010111011101110110001... 97           0.0053942796
    2: 1111000000011100000010111011101100110001... 94           0.0047532023
    3: 1111000000011100000010111011101100110001... 94           0.0051414866
    4: 1111000000011100100010111011101100110001... 96           0.0051975158
    5: 1111001000011100000010111011101100110001... 94           0.0048204437
    6: 1111000001011100000000111011101100110101... 96           0.0051623058
    7: 1111000000011100000010111011101100110001... 95           0.0048955459
    8: 1111000001011100000000111011101100110101... 97           0.0049617042
    9: 1111000001011100000000111011101100110101... 94           0.0050099672

Pickling population to: genetic_alg_settings_population_end.pkl

Hall of Fame:
Index: Selected                                    #Selected    CV          
----------------------------------------------------------------------------------------------------
    0: 1111000001101000000010001011000110100001... 96           0.0045156615
    1: 1111000001111110100000101011000110100001... 99           0.0045706408
    2: 1111000001101000000010101011100110100001... 96           0.0045861099
    3: 1111000001101010000010001011100110100001... 97           0.0045867424
    4: 1111000001101010000010001011100110100001... 96           0.0046169396
    5: 1111000001101000000010101011100110100001... 94           0.0046213123
    6: 1111000001111110101110101011000110100001... 100          0.0046325752
    7: 1111000001101010000010101011000110100001... 96           0.0046379606
    8: 1111000001001000000010111011100110100001... 95           0.0046628583
    9: 1111000001101000000010001011000110100001... 97           0.0046638275

Pickling Hall of Fame to: genetic_alg_settings_evolve_halloffame.pkl
Begin 16 of 20 repetitions
Begin 20 generations
gen	nevals	avg       	std        	min      	max       
0  	0     	0.00504005	0.000182899	0.0047532	0.00539428
1  	10    	0.00517331	0.000176528	0.00482685	0.00543424
2  	10    	0.0052535 	0.000302072	0.00485359	0.00588729
3  	10    	0.00520237	0.000357242	0.0048173 	0.00613055
4  	10    	0.0052447 	0.000294645	0.004865  	0.00565837
5  	10    	0.00513155	0.000220681	0.00469897	0.00550082
6  	10    	0.00512971	0.000160308	0.00480445	0.00541444
7  	10    	0.00513977	0.000206581	0.00482963	0.00550008
8  	10    	0.00523293	0.000209563	0.00483807	0.00561909
9  	10    	0.00519869	0.000270864	0.00480006	0.0058642 
10 	10    	0.00507727	0.000240415	0.00476327	0.00544938
11 	10    	0.00501673	0.00024607 	0.00472288	0.00551537
12 	10    	0.00515952	0.000284653	0.00491363	0.00569034
13 	10    	0.00515853	0.000292731	0.00480578	0.00561676
14 	10    	0.00544903	0.000470388	0.00482778	0.00618689
15 	10    	0.0051947 	0.000342655	0.00452343	0.00574491
16 	10    	0.00524262	0.000301009	0.00495315	0.00597807
17 	10    	0.00504598	0.000275664	0.00469606	0.00575719
18 	10    	0.00538166	0.000497251	0.00492861	0.00674227
19 	10    	0.00524188	0.000155143	0.0049966 	0.0054383 
20 	10    	0.0052463 	0.000176512	0.00495829	0.00554353
Runtime: 6.245084186997701 (s)


Final population:
Index: Selected                                    #Selected    CV          
----------------------------------------------------------------------------------------------------
    0: 1111101001011000010010111011101101110001... 98           0.0055435303
    1: 1111101010011000100010111011101100110101... 100          0.005456428 
    2: 1111001010010000100010111011101100110101... 97           0.0052682311
    3: 1111101010011000010010111011101100110001... 94           0.0051464534
    4: 1111000011011010000010111011101100100001... 89           0.005424601 
    5: 1111001011011000000010111011101100110001... 91           0.005283601 
    6: 1111001000011000010010111011100100110001... 93           0.0049582922
    7: 1111001010011000011010111011101100100001... 94           0.0050476849
    8: 1111001000011000010010111011101100110001... 92           0.0051515343
    9: 1111001000011000010010111011101100110000... 90           0.0051826243

Pickling population to: genetic_alg_settings_population_end.pkl

Hall of Fame:
Index: Selected                                    #Selected    CV          
----------------------------------------------------------------------------------------------------
    0: 1111000001101000000010001011000110100001... 96           0.0045156615
    1: 1111001000011000000010111011101100100001... 92           0.0045234331
    2: 1111000001111110100000101011000110100001... 99           0.0045706408
    3: 1111000001101000000010101011100110100001... 96           0.0045861099
    4: 1111000001101010000010001011100110100001... 97           0.0045867424
    5: 1111000001101010000010001011100110100001... 96           0.0046169396
    6: 1111000001101000000010101011100110100001... 94           0.0046213123
    7: 1111000001111110101110101011000110100001... 100          0.0046325752
    8: 1111000001101010000010101011000110100001... 96           0.0046379606
    9: 1111000001001000000010111011100110100001... 95           0.0046628583

Pickling Hall of Fame to: genetic_alg_settings_evolve_halloffame.pkl
Begin 17 of 20 repetitions
Begin 20 generations
gen	nevals	avg      	std        	min       	max       
0  	0     	0.0052463	0.000176512	0.00495829	0.00554353
1  	10    	0.00513346	0.000228437	0.00491184	0.00565837
2  	10    	0.00533805	0.00024978 	0.00497365	0.00576466
3  	10    	0.00552033	0.000288484	0.00518094	0.00608075
4  	10    	0.00522074	0.000198796	0.00486538	0.00555937
5  	10    	0.00540965	0.00022205 	0.0051302 	0.00592604
6  	10    	0.00559904	0.000390271	0.0050502 	0.00636897
7  	10    	0.00540155	0.000238729	0.00498957	0.00564328
8  	10    	0.00549683	9.42766e-05	0.00535393	0.00564572
9  	10    	0.00559781	0.000329089	0.0050714 	0.00626712
10 	10    	0.0054765 	0.000194358	0.00521732	0.0058247 
11 	10    	0.00561285	0.000347964	0.00532016	0.00647121
12 	10    	0.0056327 	0.000302765	0.00517985	0.00616796
13 	10    	0.00563866	0.000293321	0.00514668	0.00617668
14 	10    	0.00564779	0.000445839	0.00522845	0.00669326
15 	10    	0.0055974 	0.000434586	0.00501578	0.00628862
16 	10    	0.00558769	0.000257852	0.00521426	0.00614098
17 	10    	0.00559905	0.000357141	0.00519599	0.00630619
18 	10    	0.00564021	0.000320208	0.00521196	0.0063823 
19 	10    	0.0055694 	0.000146634	0.0053428 	0.00584787
20 	10    	0.00560457	0.000282266	0.0052294 	0.00607603
Runtime: 6.344065756002237 (s)


Final population:
Index: Selected                                    #Selected    CV          
----------------------------------------------------------------------------------------------------
    0: 1111001101010001010000111011100110010001... 96           0.0052512863
    1: 1111001101010000010000111011100100010001... 97           0.0057950287
    2: 1111001101010001010000111111100110010001... 96           0.0058781639
    3: 1111001101010000010000111011100100010001... 100          0.0058764221
    4: 1111001101010010010000111010100100110001... 97           0.0052885092
    5: 1111001101010010010000111010100100110001... 97           0.0052293985
    6: 1111001101010000010000111011100100110001... 98           0.0060760329
    7: 1111001101010011010000111010100100010001... 96           0.0056480221
    8: 1111001101010000010000111011100100110001... 94           0.0054813136
    9: 1111001101010010010000111010100110010001... 96           0.005521541 

Pickling population to: genetic_alg_settings_population_end.pkl

Hall of Fame:
Index: Selected                                    #Selected    CV          
----------------------------------------------------------------------------------------------------
    0: 1111000001101000000010001011000110100001... 96           0.0045156615
    1: 1111001000011000000010111011101100100001... 92           0.0045234331
    2: 1111000001111110100000101011000110100001... 99           0.0045706408
    3: 1111000001101000000010101011100110100001... 96           0.0045861099
    4: 1111000001101010000010001011100110100001... 97           0.0045867424
    5: 1111000001101010000010001011100110100001... 96           0.0046169396
    6: 1111000001101000000010101011100110100001... 94           0.0046213123
    7: 1111000001111110101110101011000110100001... 100          0.0046325752
    8: 1111000001101010000010101011000110100001... 96           0.0046379606
    9: 1111000001001000000010111011100110100001... 95           0.0046628583

Pickling Hall of Fame to: genetic_alg_settings_evolve_halloffame.pkl
Begin 18 of 20 repetitions
Begin 20 generations
gen	nevals	avg       	std        	min      	max       
0  	0     	0.00560457	0.000282266	0.0052294	0.00607603
1  	10    	0.00553156	0.000241336	0.00511598	0.00597247
2  	10    	0.00554948	0.000251118	0.0052718 	0.00599986
3  	10    	0.00573101	0.000309387	0.00529631	0.00625196
4  	10    	0.00567892	0.000383437	0.00515182	0.00649809
5  	10    	0.00561532	0.000378577	0.00515756	0.00659565
6  	10    	0.00574745	0.000408279	0.00508261	0.00672608
7  	10    	0.00560584	0.000217904	0.00518457	0.00589769
8  	10    	0.00562707	0.000212804	0.00536304	0.00600569
9  	10    	0.00556593	0.000320985	0.00518674	0.00609888
10 	10    	0.00550862	0.000249643	0.00515618	0.00593139
11 	10    	0.00555563	0.000302549	0.00520156	0.00618901
12 	10    	0.00574023	0.000360132	0.0050592 	0.00625367
13 	10    	0.00568148	0.000383   	0.00504138	0.00659265
14 	10    	0.00600912	0.000436576	0.00534218	0.00675306
15 	10    	0.00589089	0.000321222	0.00544114	0.00651925
16 	10    	0.00582582	0.000231904	0.00555996	0.00637452
17 	10    	0.00610927	0.000770744	0.00525467	0.00792624
18 	10    	0.00567085	0.000350367	0.00520218	0.00634252
19 	10    	0.00573683	0.000444893	0.0052462 	0.0064091 
20 	10    	0.00552232	0.000305199	0.00495569	0.00602939
Runtime: 6.2071600790004595 (s)


Final population:
Index: Selected                                    #Selected    CV          
----------------------------------------------------------------------------------------------------
    0: 1111001101010000000100111010000100110001... 94           0.0055711468
    1: 1111001101010000001000101010100100110001... 96           0.0060293938
    2: 1111001101010000000000111010100100110001... 94           0.0049556856
    3: 1111001101010000000000111010100100110001... 100          0.0056933112
    4: 1111001101110000000000111010100100110001... 97           0.0052739655
    5: 1111001101010000000000111010100100110001... 97           0.0054648998
    6: 1111001101010000000000111010100100110001... 100          0.0058373187
    7: 1111001101010000000100101010100100110101... 97           0.0052918429
    8: 1111001101010000000000101010100100110001... 97           0.0053264923
    9: 1111001101010000000001101010100100110001... 98           0.0057791783

Pickling population to: genetic_alg_settings_population_end.pkl

Hall of Fame:
Index: Selected                                    #Selected    CV          
----------------------------------------------------------------------------------------------------
    0: 1111000001101000000010001011000110100001... 96           0.0045156615
    1: 1111001000011000000010111011101100100001... 92           0.0045234331
    2: 1111000001111110100000101011000110100001... 99           0.0045706408
    3: 1111000001101000000010101011100110100001... 96           0.0045861099
    4: 1111000001101010000010001011100110100001... 97           0.0045867424
    5: 1111000001101010000010001011100110100001... 96           0.0046169396
    6: 1111000001101000000010101011100110100001... 94           0.0046213123
    7: 1111000001111110101110101011000110100001... 100          0.0046325752
    8: 1111000001101010000010101011000110100001... 96           0.0046379606
    9: 1111000001001000000010111011100110100001... 95           0.0046628583

Pickling Hall of Fame to: genetic_alg_settings_evolve_halloffame.pkl
Begin 19 of 20 repetitions
Begin 20 generations
gen	nevals	avg       	std        	min       	max       
0  	0     	0.00552232	0.000305199	0.00495569	0.00602939
1  	10    	0.00540679	0.000181092	0.00509952	0.00573942
2  	10    	0.0054221 	0.000389113	0.004741  	0.00600383
3  	10    	0.00542309	0.000293949	0.00514386	0.00618893
4  	10    	0.00539673	0.000457591	0.0048228 	0.00654123
5  	10    	0.0055521 	0.000268098	0.00508013	0.00601337
6  	10    	0.00528496	0.000126501	0.00513026	0.0055081 
7  	10    	0.00526166	0.000144579	0.00508177	0.00546861
8  	10    	0.00542119	0.000363359	0.0050509 	0.0062636 
9  	10    	0.00556486	0.000433758	0.00503165	0.00632321
10 	10    	0.00531647	0.000285676	0.00499091	0.00604525
11 	10    	0.0054635 	0.000321053	0.0049595 	0.00600689
12 	10    	0.00553638	0.000421625	0.004998  	0.00629711
13 	10    	0.00535245	0.000306661	0.00500548	0.00609175
14 	10    	0.00544855	0.000317791	0.00486881	0.00590571
15 	10    	0.00520462	0.00020641 	0.00489483	0.00548397
16 	10    	0.00527717	0.000222054	0.00493877	0.00577839
17 	10    	0.00516897	0.000195787	0.00484752	0.00544977
18 	10    	0.00539704	0.000397921	0.00497051	0.00605666
19 	10    	0.00554867	0.000504818	0.00503179	0.00669813
20 	10    	0.00526651	0.000377933	0.00483233	0.006229  
Runtime: 7.035350972000742 (s)


Final population:
Index: Selected                                    #Selected    CV          
----------------------------------------------------------------------------------------------------
    0: 1111000101010000000000101010100100110101... 99           0.0054523691
    1: 1111000100010000000000101011100100110101... 100          0.005101165 
    2: 1111000100010000000000101010100100110101... 100          0.0062290011
    3: 1111000101010000000000101010110100110101... 96           0.0050594934
    4: 1111000101010000000000101000100100110101... 100          0.0054965091
    5: 1111000100010000000000101010100100110101... 100          0.0051542583
    6: 1111000101010000000000101010100100110101... 100          0.0052170518
    7: 1111001100010000000000101010100100110101... 95           0.0048931609
    8: 1111000100010000000000101010100100110101... 99           0.0052297293
    9: 1111000101010000000000101010100100110101... 100          0.0048323256

Pickling population to: genetic_alg_settings_population_end.pkl

Hall of Fame:
Index: Selected                                    #Selected    CV          
----------------------------------------------------------------------------------------------------
    0: 1111000001101000000010001011000110100001... 96           0.0045156615
    1: 1111001000011000000010111011101100100001... 92           0.0045234331
    2: 1111000001111110100000101011000110100001... 99           0.0045706408
    3: 1111000001101000000010101011100110100001... 96           0.0045861099
    4: 1111000001101010000010001011100110100001... 97           0.0045867424
    5: 1111000001101010000010001011100110100001... 96           0.0046169396
    6: 1111000001101000000010101011100110100001... 94           0.0046213123
    7: 1111000001111110101110101011000110100001... 100          0.0046325752
    8: 1111000001101010000010101011000110100001... 96           0.0046379606
    9: 1111000001001000000010111011100110100001... 95           0.0046628583

Pickling Hall of Fame to: genetic_alg_settings_evolve_halloffame.pkl
Begin 20 of 20 repetitions
Begin 20 generations
gen	nevals	avg       	std        	min       	max     
0  	0     	0.00526651	0.000377933	0.00483233	0.006229
1  	10    	0.00531674	0.000522009	0.00479364	0.0066599
2  	10    	0.00516012	0.000188949	0.00480594	0.00549766
3  	10    	0.00529903	0.000543313	0.00474845	0.00642934
4  	10    	0.0051306 	0.000253071	0.00480224	0.00571268
5  	10    	0.00523241	0.000253385	0.00480677	0.00560226
6  	10    	0.00533506	0.000345264	0.00504138	0.00626582
7  	10    	0.00530387	0.000311248	0.0048535 	0.00588375
8  	10    	0.00521209	0.000392113	0.00476503	0.00609659
9  	10    	0.00535312	0.00058687 	0.00474988	0.00694408
10 	10    	0.00538014	0.000706336	0.00473771	0.00736152
11 	10    	0.0051935 	0.000403135	0.00453966	0.00589909
12 	10    	0.00534688	0.000894651	0.00473625	0.00797145
13 	10    	0.00497685	0.000164135	0.00475689	0.00528901
14 	10    	0.00508751	0.00046452 	0.00471084	0.00635573
15 	10    	0.00526107	0.00034804 	0.00485917	0.00601391
16 	10    	0.00506382	0.000375142	0.00470921	0.00610665
17 	10    	0.00508074	0.000248247	0.00478976	0.00563881
18 	10    	0.0051037 	0.000387399	0.00456543	0.00611328
19 	10    	0.0049271 	0.00027177 	0.0045244 	0.00550564
20 	10    	0.00503604	0.000201205	0.00471259	0.00545228
Runtime: 7.049011868999514 (s)


Final population:
Index: Selected                                    #Selected    CV          
----------------------------------------------------------------------------------------------------
    0: 1111000100010000001000101010100100100101... 100          0.0050087606
    1: 1111000100010000000000101010100100110101... 96           0.0048536574
    2: 1111000100010000010000101010100100100101... 98           0.0047125877
    3: 1111000100010000010000101010100100100101... 100          0.0052031187
    4: 1111000110010000000000111010100100100101... 95           0.0049598704
    5: 1111000100010000000000101010100100100101... 97           0.0049993425
    6: 1111000100010000000000101010100100100101... 100          0.0052231411
    7: 1111000100010000000000101010100100100101... 89           0.0048868318
    8: 1111000100010000000000101010100100110101... 97           0.0054522848
    9: 1111000100010000000000101010100100100101... 94           0.0050608034

Pickling population to: genetic_alg_settings_population_end.pkl

Hall of Fame:
Index: Selected                                    #Selected    CV          
----------------------------------------------------------------------------------------------------
    0: 1111000001101000000010001011000110100001... 96           0.0045156615
    1: 1111001000011000000010111011101100100001... 92           0.0045234331
    2: 1111000100010000000000101010100100100101... 95           0.0045243975
    3: 1111000100010000000000101010100100110101... 96           0.0045396567
    4: 1111000100010000001000101010100100110101... 100          0.0045654335
    5: 1111000001111110100000101011000110100001... 99           0.0045706408
    6: 1111000001101000000010101011100110100001... 96           0.0045861099
    7: 1111000001101010000010001011100110100001... 97           0.0045867424
    8: 1111000001101010000010001011100110100001... 96           0.0046169396
    9: 1111000001101000000010101011100110100001... 94           0.0046213123

Pickling Hall of Fame to: genetic_alg_settings_evolve_halloffame.pkl
#   DONE  Runtime: 131.06621441400057 (s)

Adding statistics...
  DONE

Result:
Index: Selected                                    #Selected    CV           RMS          wRMS         Estimator                FeatureSelection         Note
--------------------------------------------------------------------------------------------------------------------------------------------------------------------
    0: 1111000001101000000010001011000110100001... 96           0.0045156615 0.0084564716 0.0031554501 LinearRegression         GeneticAlgorithm         
    1: 1111001000011000000010111011101100100001... 92           0.0045234331 0.0087325863 0.0032265979 LinearRegression         GeneticAlgorithm         
    2: 1111000100010000000000101010100100100101... 95           0.0045243975 0.0090380861 0.0031498745 LinearRegression         GeneticAlgorithm         
    3: 1111000100010000000000101010100100110101... 96           0.0045396567 0.0086377558 0.0031573242 LinearRegression         GeneticAlgorithm         
    4: 1111000100010000001000101010100100110101... 100          0.0045654335 0.0093357579 0.0030764919 LinearRegression         GeneticAlgorithm         
    5: 1111000001111110100000101011000110100001... 99           0.0045706408 0.0088111115 0.0029982815 LinearRegression         GeneticAlgorithm         
    6: 1111000001101000000010101011100110100001... 96           0.0045861099 0.0085370908 0.0031671827 LinearRegression         GeneticAlgorithm         
    7: 1111000001101010000010001011100110100001... 97           0.0045867424 0.0084579996 0.0030884145 LinearRegression         GeneticAlgorithm         
    8: 1111000001101010000010001011100110100001... 96           0.0046169396 0.0083137532 0.0031454514 LinearRegression         GeneticAlgorithm         
    9: 1111000001101000000010101011100110100001... 94           0.0046213123 0.0084183244 0.003145257  LinearRegression         GeneticAlgorithm         

Pickling Hall of Fame to: genetic_alg_settings_halloffame.pkl
