Loading genetic_alg_settings.json
# Hall of Fame size: 10 

# Get problem data...
# wHullDist: Will calculate hull distance: hull_dist(CALCULATED,atom_frac)
# Query requested: ['formation_energy', 'is_calculated', 'corr', 'hull_dist(CALCULATED,atom_frac)']
# Use existing: []
# Querying: ['formation_energy', 'is_calculated', 'corr', 'hull_dist(CALCULATED,atom_frac)']
#   DONE

# Target: formation_energy
# Training samples: 627
# Features: 253 

# Weighting:
{
  "method": "wHullDist",
  "kwargs": {
    "A": 2.0,
    "B": 0.0,
    "kT": 0.01,
    "hull_selection": "CALCULATED"
  }
}

# CV:
{
  "method": "KFold",
  "kwargs": {
    "n_splits": 10,
    "shuffle": true
  },
  "penalty": 0.0
} 

# Writing problem specs to: genetic_alg_settings_specs.pkl
# To inspect or customize the problem specs further, use the '--checkspecs' method

# Estimator:
{
  "method": "LinearRegression",
  "kwargs": {
    "fit_intercept": false
  }
} 

# Feature Selection:
{
  "method": "GeneticAlgorithm",
  "kwargs": {
    "constraints_kwargs": {
      "n_features_max": 100,
      "n_features_min": 3,
      "fix_off": [],
      "fix_on": [
        0,
        1,
        2
      ]
    },
    "selTournamentSize": 3,
    "mutFlipBitProb": 0.01,
    "evolve_params_kwargs": {
      "n_generation": 20,
      "n_repetition": 20,
      "n_features_init": 3,
      "n_population": 10,
      "n_halloffame": 10,
      "halloffame_filename": "evolve_halloffame.pkl",
      "filename_prefix": "genetic_alg_settings"
    },
    "cxUniformProb": 0.5
  }
} 

# Fit and select...
Constructing initial population
Begin 1 of 20 repetitions
Begin 20 generations
gen	nevals	avg      	std        	min      	max      
0  	10    	0.0146221	0.000396657	0.0140179	0.0154557
1  	10    	0.0140739	0.000349064	0.0136178	0.0148789
2  	10    	0.0137532	0.000650787	0.0130855	0.0151767
3  	10    	0.0137673	0.00053683 	0.0129335	0.0145642
4  	10    	0.0134636	0.000503541	0.0127786	0.0143059
5  	10    	0.0133454	0.00107441 	0.0121409	0.0151804
6  	10    	0.0130418	0.000390481	0.0124674	0.0135795
7  	10    	0.0126025	0.00109677 	0.010459 	0.0143337
8  	10    	0.012747 	0.00118346 	0.0109436	0.0150217
9  	10    	0.0123337	0.00138248 	0.0104718	0.0148991
10 	10    	0.0114837	0.000567235	0.0105217	0.0126329
11 	10    	0.0108535	0.000692808	0.009799 	0.0121192
12 	10    	0.0107577	0.000714577	0.0096427	0.012246 
13 	10    	0.0107688	0.000969029	0.00963527	0.0131723
14 	10    	0.0102088	0.000876101	0.00882069	0.0115437
15 	10    	0.0101279	0.000641614	0.00923495	0.0111506
16 	10    	0.0096522	0.00036382 	0.00908184	0.0103215
17 	10    	0.00952726	0.00028663 	0.00922297	0.00999545
18 	10    	0.00962302	0.000511205	0.00899942	0.0107873 
19 	10    	0.00938185	0.000399953	0.00895856	0.0102935 
20 	10    	0.00930133	0.000476448	0.00864289	0.0103537 
Runtime: 2.758494742996845 (s)


Final population:
Index: Selected                                    #Selected    CV          
----------------------------------------------------------------------------------------------------
    0: 1110000111001100000010000100010101000100... 55           0.0097111921
    1: 1110000110001100000010100100010101000110... 61           0.0093720461
    2: 1110000110011000000110000000010101000100... 52           0.0090258083
    3: 1110000110011000000010000000010101000100... 50           0.010353682 
    4: 1110000110011000000010000000010101000100... 54           0.0093673085
    5: 1110000110001100100000100100010101000100... 54           0.0090770649
    6: 1110000111011000000010000100011101000100... 53           0.0093915225
    7: 1110000111011100000010000100010101000100... 52           0.0094076631
    8: 1110000111111100000010000000010101000110... 55           0.0086641118
    9: 1110000110001000000010000100010101000100... 56           0.0086428883

Pickling population to: genetic_alg_settings_population_end.pkl

Hall of Fame:
Index: Selected                                    #Selected    CV          
----------------------------------------------------------------------------------------------------
    0: 1110000110001000000010000100010101000100... 56           0.0086428883
    1: 1110000111111100000010000000010101000110... 55           0.0086641118
    2: 1110000110000100000000001100010100010100... 41           0.0088206884
    3: 1110000110011000000010000000010101000100... 49           0.0089585606
    4: 1110000110001100000010100100010101000100... 54           0.0089994196
    5: 1110000111011100000010000100010101000100... 51           0.0090056277
    6: 1110000110011000000110000000010101000100... 52           0.0090258083
    7: 1110000110001100100000100100010101000100... 54           0.0090770649
    8: 1110000110001100000010000100010101000100... 48           0.0090818433
    9: 1110000111011100000010000100010101000100... 52           0.0091156812

Pickling Hall of Fame to: genetic_alg_settings_evolve_halloffame.pkl
Begin 2 of 20 repetitions
Begin 20 generations
gen	nevals	avg       	std        	min       	max      
0  	0     	0.00930133	0.000476448	0.00864289	0.0103537
1  	10    	0.00904863	0.000444779	0.00840316	0.00996506
2  	10    	0.00927496	0.000618029	0.00863956	0.0103944 
3  	10    	0.00865569	0.000636594	0.00775982	0.00973372
4  	10    	0.00857019	0.000834156	0.00727955	0.00980203
5  	10    	0.00829856	0.000615198	0.00746709	0.00927859
6  	10    	0.00800306	0.000445838	0.00736169	0.00859038
7  	10    	0.00779473	0.000445462	0.00677198	0.00827886
8  	10    	0.00774888	0.000407723	0.00735352	0.00886271
9  	10    	0.0077578 	0.000487076	0.00672914	0.00877833
10 	10    	0.00770123	0.000372666	0.00728864	0.00850017
11 	10    	0.00766164	0.000385334	0.00721985	0.0084784 
12 	10    	0.00755958	0.000381587	0.00686856	0.00814613
13 	10    	0.00725649	0.000426039	0.00682717	0.008241  
14 	10    	0.00741368	0.000291094	0.00675078	0.00785144
15 	10    	0.0071699 	0.000360156	0.00655782	0.00786117
16 	10    	0.00722582	0.000207807	0.00692235	0.00747713
17 	10    	0.00757205	0.000373188	0.00691818	0.00842289
18 	10    	0.00711371	0.000380435	0.00637515	0.00776049
19 	10    	0.00698904	0.000397413	0.00641654	0.00786121
20 	10    	0.00713219	0.000570936	0.00639723	0.00843925
Runtime: 4.580845905999013 (s)


Final population:
Index: Selected                                    #Selected    CV          
----------------------------------------------------------------------------------------------------
    0: 1111000111101010100011000000100101100110... 86           0.0076647895
    1: 1111000111101000000011000000110111100110... 89           0.0070830754
    2: 1111000111101000000011000000100111100110... 84           0.0068149751
    3: 1111000111101000000011000000100111100110... 87           0.0063972318
    4: 1111000111101011000011000000111101100110... 85           0.0084392468
    5: 1111000111101000000011000000100111100110... 86           0.0070667137
    6: 1111000111101001000011000000100111100110... 84           0.0074099936
    7: 1111000111101000000011000000100111100110... 87           0.006925231 
    8: 1111000111101000000011000000100111100110... 83           0.0064259907
    9: 1111000111101001001011000000100111000110... 85           0.0070946627

Pickling population to: genetic_alg_settings_population_end.pkl

Hall of Fame:
Index: Selected                                    #Selected    CV          
----------------------------------------------------------------------------------------------------
    0: 1111000111101000000011000000100111100110... 83           0.0063751471
    1: 1111000111101000000011000000100111100110... 87           0.0063972318
    2: 1111000111101000000011000000100111100110... 83           0.0064165444
    3: 1111000111101000000011000000100111100110... 83           0.0064259907
    4: 1111000111101010000011000000100101100110... 86           0.0065578182
    5: 1111000111101001000011000000100111100110... 83           0.006660114 
    6: 1111000111101000000011010000100101100110... 87           0.0066869865
    7: 1111000111101000000011010000100101100110... 88           0.0066876127
    8: 1111000111101000000011000000100111100110... 85           0.006687825 
    9: 1111000111101000000011000000100101000110... 72           0.006729141 

Pickling Hall of Fame to: genetic_alg_settings_evolve_halloffame.pkl
Begin 3 of 20 repetitions
Begin 20 generations
gen	nevals	avg       	std        	min       	max       
0  	0     	0.00713219	0.000570936	0.00639723	0.00843925
1  	10    	0.00670482	0.0001843  	0.00637721	0.00691566
2  	10    	0.00682825	0.000411357	0.00620256	0.00775327
3  	10    	0.00685072	0.000281015	0.00648983	0.00744463
4  	10    	0.00683508	0.000478436	0.00622062	0.00772353
5  	10    	0.00689069	0.000419591	0.00630422	0.00789655
6  	10    	0.00676047	0.000407584	0.00624367	0.00772089
7  	10    	0.00675538	0.000233745	0.00634178	0.00713004
8  	10    	0.00712672	0.000564213	0.0065594 	0.00824688
9  	10    	0.00698552	0.00043907 	0.00634083	0.0078306 
10 	10    	0.00689168	0.000338975	0.00640956	0.00735415
11 	10    	0.00679396	0.000489126	0.00598617	0.00790029
12 	10    	0.00684912	0.00032012 	0.00624345	0.00732286
13 	10    	0.00682233	0.00040198 	0.00622839	0.00757323
14 	10    	0.00661743	0.000241239	0.00618418	0.00705994
15 	10    	0.00694471	0.000378251	0.00639846	0.00773158
16 	10    	0.00681876	0.00053674 	0.00601492	0.00793562
17 	10    	0.0065595 	0.000284958	0.00612878	0.00701618
18 	10    	0.0066564 	0.000351734	0.0060861 	0.00731901
19 	10    	0.00657707	0.000499489	0.00562314	0.0075549 
20 	10    	0.00647855	0.000371523	0.00583549	0.00713732
Runtime: 5.539236516000528 (s)


Final population:
Index: Selected                                    #Selected    CV          
----------------------------------------------------------------------------------------------------
    0: 1111000010111000101001100000100111100100... 92           0.0071373217
    1: 1111000011111000001001000010100110100100... 93           0.0068007748
    2: 1111000011111000001001000000100111100100... 90           0.0062146632
    3: 1111000011111000001001000010100111100110... 96           0.0067610617
    4: 1111000011111000001001000110100111100100... 100          0.0064109364
    5: 1111000011111000001001000010100110100100... 93           0.0060832299
    6: 1111000011111000001001000110100110100100... 97           0.0066164863
    7: 1111000011111000001001000010100111100100... 98           0.0058354895
    8: 1111000011111000111001000010100111100100... 95           0.0062401172
    9: 1111000011111000001001000000100111100110... 96           0.0066853822

Pickling population to: genetic_alg_settings_population_end.pkl

Hall of Fame:
Index: Selected                                    #Selected    CV          
----------------------------------------------------------------------------------------------------
    0: 1111000011111000001001000010100111100100... 92           0.0056231405
    1: 1111000011111000001001000010100111100100... 98           0.0058354895
    2: 1111000111111000000001000000100111100110... 89           0.0059861714
    3: 1111000111111000001001000000100111100100... 94           0.0060149162
    4: 1111000011111000001001000010100110100100... 95           0.0060330146
    5: 1111000011111000001001000010100110100100... 93           0.0060832299
    6: 1111000011111000001001000010100111100100... 95           0.0060848747
    7: 1111000011111000001001000010100111100100... 94           0.0060861045
    8: 1111000011111000001001000010100111100100... 96           0.0061287814
    9: 1111000111111000001001000000100111100110... 97           0.0061841837

Pickling Hall of Fame to: genetic_alg_settings_evolve_halloffame.pkl
Begin 4 of 20 repetitions
Begin 20 generations
gen	nevals	avg       	std        	min       	max       
0  	0     	0.00647855	0.000371523	0.00583549	0.00713732
1  	10    	0.00622141	0.000290758	0.00577615	0.00681519
2  	10    	0.00629436	0.000294506	0.00592115	0.00689804
3  	10    	0.00628971	0.000309562	0.00595037	0.00694298
4  	10    	0.00636518	0.000241879	0.0060254 	0.00685212
5  	10    	0.00651485	0.000368301	0.00584349	0.00714582
6  	10    	0.00620027	0.000441809	0.00560831	0.00702592
7  	10    	0.00624074	0.000343641	0.0056861 	0.00663625
8  	10    	0.0061376 	0.00040835 	0.00556648	0.00691248
9  	10    	0.00621152	0.000460514	0.00540281	0.00703269
10 	10    	0.00608779	0.000404835	0.00571577	0.00705157
11 	10    	0.00598978	0.00041788 	0.00551278	0.00677062
12 	10    	0.0059931 	0.00036894 	0.00549507	0.00687088
13 	10    	0.00589805	0.000349132	0.00544125	0.00676698
14 	10    	0.00619295	0.000521729	0.00556045	0.00695196
15 	10    	0.00591907	0.000400283	0.00537186	0.00663195
16 	10    	0.00625702	0.000669293	0.00556807	0.00757148
17 	10    	0.00615255	0.000356416	0.00563644	0.00678108
18 	10    	0.00583683	0.000231332	0.00539314	0.00629117
19 	10    	0.00593661	0.000228737	0.00551265	0.00621164
20 	10    	0.00600938	0.000466935	0.00520282	0.00689484
Runtime: 5.6740644150013395 (s)


Final population:
Index: Selected                                    #Selected    CV          
----------------------------------------------------------------------------------------------------
    0: 1111000011111010001001000011100110110000... 98           0.0052028168
    1: 1111000011111010011001000011100100110000... 98           0.0059766992
    2: 1111000011111000001001000011100010110000... 94           0.0058438085
    3: 1111001011111010011001000011100110010000... 97           0.0065772469
    4: 1111000011111010011001000011100100110000... 97           0.0060009234
    5: 1111000110111010001001000011100100110000... 95           0.0068948359
    6: 1111000001011010001001000011100110000100... 100          0.006391723 
    7: 1111000011111010011001000011100100110001... 97           0.0057389627
    8: 1111000011111011011001000011100100110000... 100          0.0056261113
    9: 1111000011111010011001000011100100010000... 99           0.0058406496

Pickling population to: genetic_alg_settings_population_end.pkl

Hall of Fame:
Index: Selected                                    #Selected    CV          
----------------------------------------------------------------------------------------------------
    0: 1111000011111010001001000011100110110000... 98           0.0052028168
    1: 1111000011111010011001000011100110110000... 100          0.005371856 
    2: 1111000011011010001001000011100100110001... 95           0.0053931372
    3: 1111001011111010001101000011100110100000... 93           0.0054028054
    4: 1111001011111010001001000011100110100100... 99           0.0054412451
    5: 1111001011111010001001000011100110110000... 97           0.0054950683
    6: 1111000001111010001001000011100110110000... 96           0.0054986955
    7: 1111000001111010011001000011100110000100... 100          0.0055126458
    8: 1111001011111010101001000011100110110000... 97           0.0055127831
    9: 1111001001111010001001000011100110100100... 98           0.0055301196

Pickling Hall of Fame to: genetic_alg_settings_evolve_halloffame.pkl
Begin 5 of 20 repetitions
Begin 20 generations
gen	nevals	avg       	std        	min       	max       
0  	0     	0.00600938	0.000466935	0.00520282	0.00689484
1  	10    	0.00615871	0.000406993	0.00544219	0.00677251
2  	10    	0.00629788	0.000586807	0.00564856	0.0077245 
3  	10    	0.00602961	0.000398173	0.0056166 	0.00682338
4  	10    	0.0061338 	0.000405004	0.00530453	0.00687834
5  	10    	0.00624147	0.00058655 	0.00526609	0.00695193
6  	10    	0.00617408	0.000665759	0.00526182	0.00775104
7  	10    	0.00613987	0.000691508	0.00530709	0.00789442
8  	10    	0.00578547	0.000149734	0.00549811	0.00606981
9  	10    	0.00606845	0.000423235	0.00562206	0.00689908
10 	10    	0.00597109	0.000274069	0.00547114	0.00653225
11 	10    	0.0060735 	0.000345996	0.00558493	0.00659694
12 	10    	0.00627967	0.000348226	0.0056275 	0.0068309 
13 	10    	0.00617915	0.00038141 	0.00564859	0.00688121
14 	10    	0.00637399	0.000505099	0.00579011	0.0073359 
15 	10    	0.00645658	0.000717433	0.00591338	0.0084396 
16 	10    	0.00620864	0.000261651	0.00581184	0.00661498
17 	10    	0.00619908	0.000298096	0.00572394	0.006878  
18 	10    	0.00600979	0.000310122	0.005494  	0.00660841
19 	10    	0.00626103	0.000291187	0.00574577	0.00692781
20 	10    	0.006056  	0.00040602 	0.00554539	0.00703537
Runtime: 5.6874231370020425 (s)


Final population:
Index: Selected                                    #Selected    CV          
----------------------------------------------------------------------------------------------------
    0: 1111010001111010001001100011110001010001... 94           0.0060708785
    1: 1111010001111011101001100011110001010001... 97           0.0055453894
    2: 1111010001111010101001100011110001010001... 97           0.0060090785
    3: 1111010001111010001001100111110001010001... 94           0.0056891079
    4: 1111000001111011100001100011110001010001... 100          0.0058778036
    5: 1111010001111011101001100011110001010001... 100          0.007035369 
    6: 1111010011111011101001100011110001010001... 100          0.0060897888
    7: 1111010001111011101001100011110001010001... 100          0.0064589485
    8: 1111010001111010001001100011110001010001... 91           0.0060374326
    9: 1111010001111011101001100011110001010001... 97           0.0057461714

Pickling population to: genetic_alg_settings_population_end.pkl

Hall of Fame:
Index: Selected                                    #Selected    CV          
----------------------------------------------------------------------------------------------------
    0: 1111000011111010001001000011100110110000... 98           0.0052028168
    1: 1111010001111010011001000111100001010101... 99           0.0052618244
    2: 1111100001111010011001010111100101010101... 100          0.0052660917
    3: 1111000001111010011001010011100001010101... 100          0.0053045322
    4: 1111000011111010011001000111100001010101... 95           0.0053070943
    5: 1111000011111010011001000011100110110000... 100          0.005371856 
    6: 1111000011011010001001000011100100110001... 95           0.0053931372
    7: 1111001011111010001101000011100110100000... 93           0.0054028054
    8: 1111010001111010011001000011100000010101... 100          0.0054181832
    9: 1111001011111010001001000011100110100100... 99           0.0054412451

Pickling Hall of Fame to: genetic_alg_settings_evolve_halloffame.pkl
Begin 6 of 20 repetitions
Begin 20 generations
gen	nevals	avg     	std       	min       	max       
0  	0     	0.006056	0.00040602	0.00554539	0.00703537
1  	10    	0.0063833	0.000416885	0.00588608	0.00737786
2  	10    	0.00644575	0.000250072	0.00601939	0.00686917
3  	10    	0.00686423	0.00075939 	0.00614581	0.00844387
4  	10    	0.00628507	0.000327366	0.00586559	0.00697086
5  	10    	0.00647874	0.00054932 	0.00596311	0.00800109
6  	10    	0.00628975	0.000600966	0.00560476	0.00752173
7  	10    	0.00593071	0.0002978  	0.00536103	0.00623025
8  	10    	0.00588571	0.000356179	0.00545702	0.00679035
9  	10    	0.00583252	0.000341796	0.00539102	0.00640397
10 	10    	0.00601601	0.000466029	0.00528219	0.00677653
11 	10    	0.00576815	0.000210174	0.00544864	0.0061002 
12 	10    	0.00567547	0.000197381	0.00544319	0.0061675 
13 	10    	0.00616518	0.000292462	0.00561019	0.00660693
14 	10    	0.005928  	0.000248772	0.00562302	0.00638067
15 	10    	0.0060174 	0.000179041	0.0056743 	0.00630509
16 	10    	0.00599419	0.000307667	0.00555921	0.00667856
17 	10    	0.00605864	0.000328884	0.00527387	0.00653505
18 	10    	0.00599237	0.000345074	0.00550369	0.00647971
19 	10    	0.00580269	0.000355105	0.00533278	0.00637956
20 	10    	0.00570721	0.000238587	0.00548681	0.00638098
Runtime: 5.660449607999908 (s)


Final population:
Index: Selected                                    #Selected    CV          
----------------------------------------------------------------------------------------------------
    0: 1111010101111010001000101101110001010001... 98           0.0056138469
    1: 1111010101111010001000101101110001010001... 99           0.0056805691
    2: 1111010101111010001000100101100001010001... 92           0.0057110941
    3: 1111010101111010000000101101110011010001... 97           0.0055576033
    4: 1111000101111010001001101101110001010001... 98           0.005486811 
    5: 1111010111111010001000101101110001010001... 95           0.0056482879
    6: 1111010011111010000000100101100011010001... 97           0.0063809827
    7: 1111010101111010001001101101100011010001... 97           0.0057694516
    8: 1111010101111010001000101101110001010001... 97           0.0055435624
    9: 1111010101011010001000101101110001010001... 96           0.0056799356

Pickling population to: genetic_alg_settings_population_end.pkl

Hall of Fame:
Index: Selected                                    #Selected    CV          
----------------------------------------------------------------------------------------------------
    0: 1111000011111010001001000011100110110000... 98           0.0052028168
    1: 1111010001111010011001000111100001010101... 99           0.0052618244
    2: 1111100001111010011001010111100101010101... 100          0.0052660917
    3: 1111010101111010101001111101110011010001... 100          0.0052738662
    4: 1111010001111110001001100101110011010001... 92           0.0052821927
    5: 1111000001111010011001010011100001010101... 100          0.0053045322
    6: 1111000011111010011001000111100001010101... 95           0.0053070943
    7: 1111010101111010001000101101110001010001... 97           0.0053327771
    8: 1111010101111010001001101101110011010001... 98           0.0053439303
    9: 1111010101111110001001100111110001010001... 100          0.0053610323

Pickling Hall of Fame to: genetic_alg_settings_evolve_halloffame.pkl
Begin 7 of 20 repetitions
Begin 20 generations
gen	nevals	avg       	std        	min       	max       
0  	0     	0.00570721	0.000238587	0.00548681	0.00638098
1  	10    	0.00617025	0.000596543	0.00551744	0.00752934
2  	10    	0.00582334	0.000416598	0.00526078	0.00688904
3  	10    	0.00569252	0.00020404 	0.00534907	0.0059949 
4  	10    	0.00570919	0.000274139	0.00531943	0.00610422
5  	10    	0.00568878	0.000233541	0.00535723	0.00616026
6  	10    	0.00582012	0.000489216	0.00544472	0.00716944
7  	10    	0.00562056	0.000256335	0.00519688	0.00605925
8  	10    	0.00570507	0.000302995	0.00515751	0.00612175
9  	10    	0.0057452 	0.000224082	0.00520193	0.00609242
10 	10    	0.00571575	0.000310089	0.00508921	0.00612996
11 	10    	0.00569198	0.000307237	0.00512808	0.00605195
12 	10    	0.00572477	0.000231956	0.00537238	0.00610375
13 	10    	0.00577126	0.000366261	0.00536044	0.00650908
14 	10    	0.00588543	0.000358246	0.00555029	0.00678534
15 	10    	0.00599282	0.000339959	0.00557729	0.00663316
16 	10    	0.0057564 	0.000321129	0.00533355	0.00657296
17 	10    	0.00612048	0.000327565	0.00557181	0.00683876
18 	10    	0.00602418	0.000305742	0.00548872	0.00673283
19 	10    	0.00585392	0.000325976	0.00543795	0.00631305
20 	10    	0.00591667	0.000173636	0.00558611	0.0061363 
Runtime: 5.658826377999503 (s)


Final population:
Index: Selected                                    #Selected    CV          
----------------------------------------------------------------------------------------------------
    0: 1111010100111000001000101101100001000101... 97           0.0057303207
    1: 1111000110111000000000001101100001000101... 96           0.0057688141
    2: 1111000100110000011000001100100001000101... 100          0.0061363028
    3: 1111000100111000001000001101100001000101... 92           0.0059472148
    4: 1111000100111000001000001100110001000001... 100          0.0060281449
    5: 1111010100110000011000001101100001000101... 91           0.0055861141
    6: 1111000100110000011000001100110001000101... 96           0.0058854843
    7: 1111010100111000001000001101100001000101... 96           0.0058737647
    8: 1111000100111000001001001101100001000101... 95           0.0060983005
    9: 1111000100111010001000001101100001000101... 97           0.00611222  

Pickling population to: genetic_alg_settings_population_end.pkl

Hall of Fame:
Index: Selected                                    #Selected    CV          
----------------------------------------------------------------------------------------------------
    0: 1111010100111010000000101101110001000001... 92           0.0050892054
    1: 1111010100111010000000101101111001000001... 96           0.00512808  
    2: 1111010101111110000000101101110001000001... 93           0.0051575122
    3: 1111010101111110000000101101110001000001... 91           0.0051968753
    4: 1111010101111010001000101101110001000001... 97           0.0052019264
    5: 1111000011111010001001000011100110110000... 98           0.0052028168
    6: 1111010100111010001000101101110001000001... 98           0.0052570791
    7: 1111010101111010000000101101110001010001... 100          0.0052607778
    8: 1111010001111010011001000111100001010101... 99           0.0052618244
    9: 1111100001111010011001010111100101010101... 100          0.0052660917

Pickling Hall of Fame to: genetic_alg_settings_evolve_halloffame.pkl
Begin 8 of 20 repetitions
Begin 20 generations
gen	nevals	avg       	std        	min       	max      
0  	0     	0.00591667	0.000173636	0.00558611	0.0061363
1  	10    	0.00597061	0.000360078	0.00556544	0.00690008
2  	10    	0.00615821	0.00022291 	0.00570165	0.00644877
3  	10    	0.006034  	0.000218062	0.00571564	0.00647183
4  	10    	0.00582687	0.000408037	0.00515787	0.00673341
5  	10    	0.00562405	0.000200647	0.00525476	0.00609817
6  	10    	0.00594083	0.000365312	0.00532251	0.0065027 
7  	10    	0.00563592	0.000326562	0.00502762	0.00609821
8  	10    	0.0057827 	0.000394201	0.00530984	0.00686846
9  	10    	0.00591276	0.000325178	0.00548151	0.00652604
10 	10    	0.00582045	0.00022156 	0.00554365	0.00629363
11 	10    	0.00583239	0.000261011	0.00544329	0.00624729
12 	10    	0.00591532	0.000522798	0.00547507	0.00683003
13 	10    	0.00604036	0.000594505	0.00548666	0.00762855
14 	10    	0.00592128	0.000500412	0.00532304	0.00706566
15 	10    	0.00565477	0.00033384 	0.00516096	0.00628607
16 	10    	0.00570818	0.000452949	0.0051846 	0.00691348
17 	10    	0.00574264	0.000448896	0.00517717	0.00641406
18 	10    	0.00537826	0.000140091	0.00521538	0.00565722
19 	10    	0.00556519	0.000206397	0.00529101	0.00595367
20 	10    	0.00555139	0.000251648	0.00518067	0.00611227
Runtime: 5.687005383999349 (s)


Final population:
Index: Selected                                    #Selected    CV          
----------------------------------------------------------------------------------------------------
    0: 1111010100101010001001101101101001000101... 99           0.0054608925
    1: 1111100100001011001001101111101001000001... 100          0.0055384371
    2: 1111010100001111001001101111001001000101... 100          0.0058373928
    3: 1111010100101111001001101101101001000101... 94           0.0051806716
    4: 1111010100101111001001101101101001000101... 99           0.0056920601
    5: 1111010100001111001001101101101001000101... 100          0.0054633221
    6: 1111010100101111001001101111101001000101... 97           0.0053726258
    7: 1111010100101111001001101101101001000101... 98           0.0054036359
    8: 1111010100001011001001101101101001000001... 97           0.0054525664
    9: 1111010100101111001001101101101001000101... 99           0.0061122673

Pickling population to: genetic_alg_settings_population_end.pkl

Hall of Fame:
Index: Selected                                    #Selected    CV          
----------------------------------------------------------------------------------------------------
    0: 1111010100111010001000001101100001000101... 97           0.00502762  
    1: 1111010100111010000000101101110001000001... 92           0.0050892054
    2: 1111010100111010000000101101111001000001... 96           0.00512808  
    3: 1111010101111110000000101101110001000001... 93           0.0051575122
    4: 1111010100111000001010001101100001000101... 91           0.0051578656
    5: 1111010100111010001001101101101001000101... 99           0.0051609552
    6: 1111010100101111001001101101101001000101... 99           0.0051771741
    7: 1111010100101111001001101101101001000101... 94           0.0051806716
    8: 1111010100111011001001101101101001000101... 99           0.0051845957
    9: 1111010101111110000000101101110001000001... 91           0.0051968753

Pickling Hall of Fame to: genetic_alg_settings_evolve_halloffame.pkl
Begin 9 of 20 repetitions
Begin 20 generations
gen	nevals	avg       	std        	min       	max       
0  	0     	0.00555139	0.000251648	0.00518067	0.00611227
1  	10    	0.00569794	0.000245605	0.00518747	0.00604493
2  	10    	0.00572887	0.000432662	0.00526483	0.00645534
3  	10    	0.00567387	0.000133762	0.00548042	0.00596687
4  	10    	0.00581429	0.000544155	0.0051673 	0.00676026
5  	10    	0.00543564	0.000330494	0.00490908	0.00595383
6  	10    	0.00563648	0.000171451	0.00541574	0.00591961
7  	10    	0.00554716	0.000368783	0.00504653	0.00640538
8  	10    	0.0055357 	0.000336272	0.00503604	0.00613096
9  	10    	0.00565607	0.00109196 	0.00484614	0.00866307
10 	10    	0.00539677	0.000433471	0.00497956	0.00641551
11 	10    	0.00564168	0.000958076	0.00508844	0.00843232
12 	10    	0.00551637	0.000689383	0.00509797	0.00750803
13 	10    	0.00544093	0.00027264 	0.00503042	0.00594988
14 	10    	0.00561064	0.000319672	0.00518195	0.00624276
15 	10    	0.00560744	0.000420169	0.00502058	0.00640374
16 	10    	0.00553972	0.000273064	0.00499431	0.00604357
17 	10    	0.0063148 	0.00117125 	0.00521272	0.00903764
18 	10    	0.00548492	0.000382596	0.00498493	0.00625257
19 	10    	0.00554598	0.000350077	0.00508527	0.00628899
20 	10    	0.00559546	0.000353942	0.00510383	0.0062337 
Runtime: 5.656306821001635 (s)


Final population:
Index: Selected                                    #Selected    CV          
----------------------------------------------------------------------------------------------------
    0: 1111010110101111000001101010101001000001... 97           0.0056544898
    1: 1111010110101111000001101010101001000001... 97           0.005367065 
    2: 1111010100101111000001101010101001000101... 96           0.005369843 
    3: 1111011100101101000000101010101011000000... 100          0.0060841502
    4: 1111010100101101000000101010101001000001... 96           0.0051629333
    5: 1111010100101111000001101010101001000001... 100          0.0057610178
    6: 1111010100101111000001101011101001010101... 99           0.0054613667
    7: 1111010100101101000000101010101000000001... 100          0.0062337032
    8: 1111010110101111100001101011101001010001... 100          0.0057562497
    9: 1111010100101111000001101010101001000001... 95           0.0051038266

Pickling population to: genetic_alg_settings_population_end.pkl

Hall of Fame:
Index: Selected                                    #Selected    CV          
----------------------------------------------------------------------------------------------------
    0: 1111010100101111001001101111101001000101... 100          0.0048461433
    1: 1111010100101111000001101111101001000101... 95           0.0049090841
    2: 1111010100101111000001101110101001000001... 94           0.0049323072
    3: 1111010100101111000001101110101001000001... 95           0.0049795579
    4: 1111010100101111000001101111101001000101... 99           0.0049798123
    5: 1111010100101111000001101010101001000001... 98           0.0049849279
    6: 1111010100101111000001101010101001000001... 99           0.0049943113
    7: 1111010100101111001001101111101001000101... 98           0.0049988236
    8: 1111010100101111000001101011101001000001... 98           0.0050205777
    9: 1111010100101111000001101111101001000101... 96           0.0050271402

Pickling Hall of Fame to: genetic_alg_settings_evolve_halloffame.pkl
Begin 10 of 20 repetitions
Begin 20 generations
gen	nevals	avg       	std        	min       	max      
0  	0     	0.00559546	0.000353942	0.00510383	0.0062337
1  	10    	0.00544069	0.000372485	0.00500921	0.00614442
2  	10    	0.00571897	0.000561767	0.00522149	0.00720325
3  	10    	0.00558585	0.000500504	0.00503732	0.00697657
4  	10    	0.00546968	0.000400926	0.00492808	0.00632474
5  	10    	0.00564333	0.000495613	0.00507968	0.00641639
6  	10    	0.00545359	0.000264699	0.00508439	0.00595265
7  	10    	0.00538639	0.000258671	0.00495558	0.005764  
8  	10    	0.00525409	0.000262565	0.00478779	0.00586202
9  	10    	0.00530358	0.000246441	0.0048206 	0.00558751
10 	10    	0.00526578	0.000235526	0.00488069	0.00556035
11 	10    	0.0055041 	0.000482063	0.0051173 	0.00671278
12 	10    	0.00552735	0.000577748	0.00501707	0.00707531
13 	10    	0.00537555	0.000211645	0.00508637	0.00584204
14 	10    	0.00524076	0.000185422	0.00477323	0.00542612
15 	10    	0.00542881	0.000616664	0.0048446 	0.00702196
16 	10    	0.0052261 	0.000106342	0.00501788	0.00538131
17 	10    	0.00536524	0.000281333	0.00479775	0.0058694 
18 	10    	0.00536651	0.000298953	0.00494243	0.00592094
19 	10    	0.00543113	0.000473152	0.00475672	0.00658931
20 	10    	0.00526845	0.000267451	0.00486683	0.00574673
Runtime: 5.6795756760002405 (s)


Final population:
Index: Selected                                    #Selected    CV          
----------------------------------------------------------------------------------------------------
    0: 1111110100101111000101101010101001000000... 98           0.0054796045
    1: 1111110100101111000101101010101001000001... 99           0.0048668255
    2: 1111110100101111000001101010101001000001... 98           0.0054715251
    3: 1111110100101111000001101010101001000001... 98           0.005312293 
    4: 1111110100101111000101101010101001000001... 100          0.0052995276
    5: 1111110100101011000001101010101001000001... 97           0.0048771009
    6: 1111110100101111000001101010101001000011... 100          0.0051767649
    7: 1111110100101111000001101010101001000001... 100          0.0054161926
    8: 1111110100101111000001101010001001000001... 99           0.0050379052
    9: 1111110100101111000001101010101001000001... 99           0.0057467258

Pickling population to: genetic_alg_settings_population_end.pkl

Hall of Fame:
Index: Selected                                    #Selected    CV          
----------------------------------------------------------------------------------------------------
    0: 1111110100101111000101101010101001000001... 97           0.0047567173
    1: 1111110100101111000001101010001001000001... 97           0.0047732279
    2: 1111010100101111000001101010101001000001... 97           0.0047877867
    3: 1111110100101111000001101010101001000001... 96           0.0047977504
    4: 1111110100101111000001101010101001000001... 98           0.004820597 
    5: 1111110100101111000001101010101001000001... 100          0.0048445996
    6: 1111010100101111001001101111101001000101... 100          0.0048461433
    7: 1111110100101111000001101010001001000001... 99           0.0048593791
    8: 1111110100101111000101101010101001000001... 99           0.0048668255
    9: 1111110100101011000001101010101001000001... 97           0.0048771009

Pickling Hall of Fame to: genetic_alg_settings_evolve_halloffame.pkl
Begin 11 of 20 repetitions
Begin 20 generations
gen	nevals	avg       	std        	min       	max       
0  	0     	0.00526845	0.000267451	0.00486683	0.00574673
1  	10    	0.00537127	0.000314799	0.00496443	0.00603538
2  	10    	0.00559354	0.000306509	0.00506084	0.00605815
3  	10    	0.00568646	0.00100033 	0.00503651	0.00863715
4  	10    	0.00532024	0.00037925 	0.00481356	0.00618928
5  	10    	0.00530701	0.000368989	0.00487299	0.0061563 
6  	10    	0.00551842	0.000475321	0.00500538	0.00662215
7  	10    	0.00517821	0.000151544	0.00498027	0.00549906
8  	10    	0.00536666	0.00043277 	0.0049788 	0.00616226
9  	10    	0.00559189	0.000337635	0.00501239	0.00607053
10 	10    	0.00541966	0.00037183 	0.00473069	0.00593612
11 	10    	0.0054701 	0.000346433	0.00501392	0.00609857
12 	10    	0.00563152	0.000400221	0.00512807	0.00635676
13 	10    	0.0053932 	0.000217925	0.00499087	0.00566856
14 	10    	0.00542454	0.000331797	0.00486934	0.00600391
15 	10    	0.00536258	0.000487494	0.00489116	0.00652406
16 	10    	0.005322  	0.000285519	0.00493991	0.00582634
17 	10    	0.00544805	0.000368548	0.00496519	0.00615551
18 	10    	0.00527804	0.000254613	0.00498693	0.00581895
19 	10    	0.00519288	0.000251304	0.00483481	0.00566258
20 	10    	0.00557776	0.000612333	0.00501257	0.00728192
Runtime: 5.688427024000703 (s)


Final population:
Index: Selected                                    #Selected    CV          
----------------------------------------------------------------------------------------------------
    0: 1111110100101111000001101010000001001001... 94           0.0054874215
    1: 1111110100101111000001101010110001000001... 100          0.005613139 
    2: 1110110000101111000001101010100001100001... 97           0.0072819155
    3: 1111110100101111000001101010100001000011... 100          0.0054475028
    4: 1111110100101111000001101011100001000001... 97           0.0050125695
    5: 1111100100111111000001101010100001000001... 100          0.0055139732
    6: 1111110100101111000001101010100001000001... 98           0.005019372 
    7: 1111110110101111000001101010100001000001... 99           0.0051818092
    8: 1111110100101110000001101010100001000011... 94           0.0054985073
    9: 1111110101101111000101101010100001000001... 97           0.0057213819

Pickling population to: genetic_alg_settings_population_end.pkl

Hall of Fame:
Index: Selected                                    #Selected    CV          
----------------------------------------------------------------------------------------------------
    0: 1111110100101111000001101010100001000001... 96           0.0047306873
    1: 1111110100101111000101101010101001000001... 97           0.0047567173
    2: 1111110100101111000001101010001001000001... 97           0.0047732279
    3: 1111010100101111000001101010101001000001... 97           0.0047877867
    4: 1111110100101111000001101010101001000001... 96           0.0047977504
    5: 1111111100101111000001101010101001000001... 94           0.0048135643
    6: 1111110100101111000001101010101001000001... 98           0.004820597 
    7: 1111110100101111000001101010100001000001... 98           0.0048348106
    8: 1111110100101111000001101010100001000001... 100          0.0048391001
    9: 1111110100101111000001101010101001000001... 100          0.0048445996

Pickling Hall of Fame to: genetic_alg_settings_evolve_halloffame.pkl
Begin 12 of 20 repetitions
Begin 20 generations
gen	nevals	avg       	std        	min       	max       
0  	0     	0.00557776	0.000612333	0.00501257	0.00728192
1  	10    	0.00545555	0.000233006	0.00519358	0.00577043
2  	10    	0.00529691	0.00010725 	0.00516424	0.00553125
3  	10    	0.00548176	0.000248196	0.00509108	0.00600943
4  	10    	0.00552254	0.00037902 	0.00491739	0.00615987
5  	10    	0.00563635	0.000422294	0.00513078	0.00660648
6  	10    	0.00550212	0.000226279	0.00499766	0.00575219
7  	10    	0.00561135	0.00037345 	0.00510956	0.0063146 
8  	10    	0.00567083	0.000255462	0.0052443 	0.00605928
9  	10    	0.00565089	0.000279585	0.00528243	0.00618988
10 	10    	0.0057404 	0.000198981	0.00547481	0.00604603
11 	10    	0.00576177	0.000279495	0.00542026	0.00639093
12 	10    	0.00563373	0.00020615 	0.00525067	0.0059291 
13 	10    	0.00553645	0.000288731	0.00508329	0.00619931
14 	10    	0.00553873	0.000232226	0.00529242	0.00588124
15 	10    	0.00567024	0.000359428	0.0051763 	0.00632924
16 	10    	0.0057541 	0.000422565	0.00531066	0.00653198
17 	10    	0.00589275	0.000355866	0.00546142	0.00667173
18 	10    	0.00580236	0.000364152	0.00525153	0.00639992
19 	10    	0.00591381	0.000302939	0.00544603	0.00655026
20 	10    	0.00586096	0.000351268	0.00516746	0.00647859
Runtime: 5.661796928998228 (s)


Final population:
Index: Selected                                    #Selected    CV          
----------------------------------------------------------------------------------------------------
    0: 1111110100101111000011101010100001000001... 99           0.0056722453
    1: 1111110100101111000011101010100001000001... 100          0.0058056851
    2: 1111110100101110000011101000100101000001... 95           0.0061285518
    3: 1111110100101111000011101000100101000001... 95           0.00547157  
    4: 1111110100001111000011101010100101000001... 100          0.005871671 
    5: 1111110100001111000011101010100101000001... 95           0.0058520046
    6: 1111110100001111000011111010100001000001... 99           0.0061603716
    7: 1111110100101111000011101010100101000001... 98           0.0060014508
    8: 1111111100001110000011101000100101000001... 99           0.0064785894
    9: 1111110100101111000011101010100101000001... 97           0.0051674554

Pickling population to: genetic_alg_settings_population_end.pkl

Hall of Fame:
Index: Selected                                    #Selected    CV          
----------------------------------------------------------------------------------------------------
    0: 1111110100101111000001101010100001000001... 96           0.0047306873
    1: 1111110100101111000101101010101001000001... 97           0.0047567173
    2: 1111110100101111000001101010001001000001... 97           0.0047732279
    3: 1111010100101111000001101010101001000001... 97           0.0047877867
    4: 1111110100101111000001101010101001000001... 96           0.0047977504
    5: 1111111100101111000001101010101001000001... 94           0.0048135643
    6: 1111110100101111000001101010101001000001... 98           0.004820597 
    7: 1111110100101111000001101010100001000001... 98           0.0048348106
    8: 1111110100101111000001101010100001000001... 100          0.0048391001
    9: 1111110100101111000001101010101001000001... 100          0.0048445996

Pickling Hall of Fame to: genetic_alg_settings_evolve_halloffame.pkl
Begin 13 of 20 repetitions
Begin 20 generations
gen	nevals	avg       	std        	min       	max       
0  	0     	0.00586096	0.000351268	0.00516746	0.00647859
1  	10    	0.00586873	0.000581947	0.00538474	0.00745427
2  	10    	0.00570675	0.000248366	0.0053342 	0.00607236
3  	10    	0.00560976	0.000211679	0.00528774	0.00591941
4  	10    	0.00570655	0.000308817	0.00532124	0.00623538
5  	10    	0.00564836	0.000346913	0.0053546 	0.00654331
6  	10    	0.00569811	0.000426885	0.00526859	0.00665033
7  	10    	0.00590947	0.000615965	0.00541108	0.00755207
8  	10    	0.0057287 	0.000271543	0.00526977	0.00607964
9  	10    	0.00587739	0.000274681	0.00550503	0.006317  
10 	10    	0.00578589	0.000785808	0.00518056	0.00806202
11 	10    	0.00563574	0.000434797	0.00512354	0.00676383
12 	10    	0.00569444	0.000231188	0.00527875	0.00603476
13 	10    	0.00576589	0.000628071	0.00525907	0.00736642
14 	10    	0.0058123 	0.000443746	0.00525503	0.00669973
15 	10    	0.00571784	0.00040272 	0.00540293	0.00683662
16 	10    	0.00561168	0.000346469	0.00511396	0.00631481
17 	10    	0.0058577 	0.000390574	0.00535174	0.00663338
18 	10    	0.00575311	0.000244755	0.00537193	0.00615353
19 	10    	0.00569619	0.000424909	0.00518142	0.00656601
20 	10    	0.00579836	0.000648782	0.00526544	0.00753177
Runtime: 5.689123780997761 (s)


Final population:
Index: Selected                                    #Selected    CV          
----------------------------------------------------------------------------------------------------
    0: 1111110100101101001010101110100101000011... 98           0.0053725844
    1: 1111110100101101001010101111100001000011... 99           0.0062969862
    2: 1111110100101101001010101110100001000011... 100          0.0058428002
    3: 1111110100101101001010101110100101000011... 97           0.0056302753
    4: 1111111100101101001010101110000101000010... 100          0.0075317718
    5: 1111110100101001001010101110101101000011... 95           0.0052737967
    6: 1111110100001001001010101110100101000011... 98           0.0054245101
    7: 1111110100101101001011101110100101000011... 100          0.0057558234
    8: 1111100100101101001010101111000101000011... 98           0.0052654408
    9: 1111111100101101001010101110100101000011... 100          0.0055896116

Pickling population to: genetic_alg_settings_population_end.pkl

Hall of Fame:
Index: Selected                                    #Selected    CV          
----------------------------------------------------------------------------------------------------
    0: 1111110100101111000001101010100001000001... 96           0.0047306873
    1: 1111110100101111000101101010101001000001... 97           0.0047567173
    2: 1111110100101111000001101010001001000001... 97           0.0047732279
    3: 1111010100101111000001101010101001000001... 97           0.0047877867
    4: 1111110100101111000001101010101001000001... 96           0.0047977504
    5: 1111111100101111000001101010101001000001... 94           0.0048135643
    6: 1111110100101111000001101010101001000001... 98           0.004820597 
    7: 1111110100101111000001101010100001000001... 98           0.0048348106
    8: 1111110100101111000001101010100001000001... 100          0.0048391001
    9: 1111110100101111000001101010101001000001... 100          0.0048445996

Pickling Hall of Fame to: genetic_alg_settings_evolve_halloffame.pkl
Begin 14 of 20 repetitions
Begin 20 generations
gen	nevals	avg       	std        	min       	max       
0  	0     	0.00579836	0.000648782	0.00526544	0.00753177
1  	10    	0.00580564	0.000292694	0.00529067	0.0061952 
2  	10    	0.00604535	0.00047423 	0.00555868	0.00710565
3  	10    	0.0059927 	0.000497479	0.00547183	0.00695086
4  	10    	0.00577494	0.00029226 	0.00545796	0.00650943
5  	10    	0.00583279	0.000321781	0.00528323	0.00654036
6  	10    	0.00579003	0.000404475	0.00524691	0.00657638
7  	10    	0.00584435	0.000244449	0.00553946	0.00624382
8  	10    	0.00564481	0.00025901 	0.00526447	0.00616305
9  	10    	0.00586418	0.00039079 	0.00526792	0.0067008 
10 	10    	0.00583425	0.000380053	0.00540415	0.0066937 
11 	10    	0.00603824	0.000324191	0.00535865	0.00640235
12 	10    	0.00608496	0.000515287	0.00546144	0.00691759
13 	10    	0.00582256	0.000465008	0.00513497	0.00671205
14 	10    	0.0057184 	0.000206599	0.00528803	0.00601395
15 	10    	0.00572384	0.000382278	0.00522635	0.00642307
16 	10    	0.00556981	0.000322042	0.00492906	0.00600745
17 	10    	0.00562838	0.000255945	0.0053216 	0.00630147
18 	10    	0.00564384	0.000339063	0.00520738	0.00642159
19 	10    	0.00587503	0.000395788	0.00519638	0.00672251
20 	10    	0.00584572	0.000319199	0.00527246	0.00631347
Runtime: 5.660222747999796 (s)


Final population:
Index: Selected                                    #Selected    CV          
----------------------------------------------------------------------------------------------------
    0: 1111110010100001001011001111100101000010... 88           0.0062081105
    1: 1111110100101001001011001111100101000011... 94           0.0060188089
    2: 1111110100101000001000001110100101000011... 93           0.0058470659
    3: 1111110100101000001010001110100101000011... 91           0.0055354843
    4: 1111110100110011001010001111100101000011... 96           0.0062094263
    5: 1111110100100000001011001110100101000011... 94           0.0056846217
    6: 1111110100100001001010001110100101000011... 93           0.0056432928
    7: 1111110100101000001011001111100101000011... 94           0.0052724551
    8: 1111100000101001001011001111100101000010... 89           0.0063134748
    9: 1111110110101000001010001111100101000011... 95           0.0057244516

Pickling population to: genetic_alg_settings_population_end.pkl

Hall of Fame:
Index: Selected                                    #Selected    CV          
----------------------------------------------------------------------------------------------------
    0: 1111110100101111000001101010100001000001... 96           0.0047306873
    1: 1111110100101111000101101010101001000001... 97           0.0047567173
    2: 1111110100101111000001101010001001000001... 97           0.0047732279
    3: 1111010100101111000001101010101001000001... 97           0.0047877867
    4: 1111110100101111000001101010101001000001... 96           0.0047977504
    5: 1111111100101111000001101010101001000001... 94           0.0048135643
    6: 1111110100101111000001101010101001000001... 98           0.004820597 
    7: 1111110100101111000001101010100001000001... 98           0.0048348106
    8: 1111110100101111000001101010100001000001... 100          0.0048391001
    9: 1111110100101111000001101010101001000001... 100          0.0048445996

Pickling Hall of Fame to: genetic_alg_settings_evolve_halloffame.pkl
Begin 15 of 20 repetitions
Begin 20 generations
gen	nevals	avg       	std        	min       	max       
0  	0     	0.00584572	0.000319199	0.00527246	0.00631347
1  	10    	0.00561115	0.000237311	0.0051173 	0.00587466
2  	10    	0.00572793	0.000503376	0.00530345	0.00714239
3  	10    	0.00556783	0.000138208	0.00539417	0.00581413
4  	10    	0.00552226	0.000176831	0.00530485	0.0059974 
5  	10    	0.00562027	0.000252812	0.00534396	0.00612536
6  	10    	0.00572205	0.000416984	0.00532668	0.00668369
7  	10    	0.00557398	0.000144804	0.00532497	0.00579715
8  	10    	0.00577204	0.000324924	0.0050216 	0.00617001
9  	10    	0.00564735	0.000348771	0.00524403	0.00630441
10 	10    	0.00556369	0.000174962	0.00526335	0.00577778
11 	10    	0.0055392 	0.000201753	0.00524621	0.00584708
12 	10    	0.00565336	0.000229048	0.00508106	0.00594987
13 	10    	0.00568039	0.000214352	0.00519709	0.00598604
14 	10    	0.00558182	0.000318331	0.005186  	0.00617021
15 	10    	0.00556422	0.000341028	0.00515369	0.00617853
16 	10    	0.00586448	0.000489562	0.00513895	0.00679803
17 	10    	0.00568789	0.000259123	0.00526192	0.00627094
18 	10    	0.00565768	0.000247246	0.00523012	0.00605939
19 	10    	0.00578597	0.000264658	0.00540476	0.00621725
20 	10    	0.00588117	0.000347336	0.00548129	0.00672258
Runtime: 5.6604096650007705 (s)


Final population:
Index: Selected                                    #Selected    CV          
----------------------------------------------------------------------------------------------------
    0: 1111100100001000001010001111100100000011... 93           0.0067225849
    1: 1111110100001000001010001111000111000011... 100          0.0055366328
    2: 1111110100001000000010001101100101000011... 99           0.0059329933
    3: 1111100100101000001000001111100110000011... 92           0.0056497776
    4: 1111101100001000001010001111100110000011... 96           0.0056138903
    5: 1111110100001000001010001111000111000011... 100          0.0058758314
    6: 1111100100001000001010001111000101000011... 96           0.0060451329
    7: 1111100100001000001010001111000101000011... 95           0.0058235072
    8: 1111110100001000001010001101100111000011... 98           0.0061300178
    9: 1111001100001000011010001110000101100011... 100          0.0054812872

Pickling population to: genetic_alg_settings_population_end.pkl

Hall of Fame:
Index: Selected                                    #Selected    CV          
----------------------------------------------------------------------------------------------------
    0: 1111110100101111000001101010100001000001... 96           0.0047306873
    1: 1111110100101111000101101010101001000001... 97           0.0047567173
    2: 1111110100101111000001101010001001000001... 97           0.0047732279
    3: 1111010100101111000001101010101001000001... 97           0.0047877867
    4: 1111110100101111000001101010101001000001... 96           0.0047977504
    5: 1111111100101111000001101010101001000001... 94           0.0048135643
    6: 1111110100101111000001101010101001000001... 98           0.004820597 
    7: 1111110100101111000001101010100001000001... 98           0.0048348106
    8: 1111110100101111000001101010100001000001... 100          0.0048391001
    9: 1111110100101111000001101010101001000001... 100          0.0048445996

Pickling Hall of Fame to: genetic_alg_settings_evolve_halloffame.pkl
Begin 16 of 20 repetitions
Begin 20 generations
gen	nevals	avg       	std        	min       	max       
0  	0     	0.00588117	0.000347336	0.00548129	0.00672258
1  	10    	0.00592489	0.000439868	0.00536849	0.00676448
2  	10    	0.00590117	0.000586286	0.00522612	0.00739365
3  	10    	0.00609273	0.000469758	0.00557317	0.00701153
4  	10    	0.00565948	0.000230012	0.00512425	0.00592834
5  	10    	0.00575825	0.000212156	0.00546198	0.00601134
6  	10    	0.00583187	0.000344607	0.00518951	0.00641993
7  	10    	0.00583236	0.000263377	0.00530557	0.00628822
8  	10    	0.00585788	0.000316212	0.00536606	0.00636846
9  	10    	0.00592918	0.000302278	0.00547412	0.00633809
10 	10    	0.00588835	0.000231675	0.00538314	0.00619406
11 	10    	0.00589549	0.000283795	0.00546076	0.00648458
12 	10    	0.00602785	0.000419289	0.00537046	0.0070374 
13 	10    	0.00585334	0.000369268	0.00520015	0.00652241
14 	10    	0.00600102	0.000330482	0.0054961 	0.00655509
15 	10    	0.00588699	0.000211915	0.00551947	0.00622924
16 	10    	0.0058918 	0.000260857	0.00556882	0.00647426
17 	10    	0.00598191	0.00024299 	0.00553571	0.00632566
18 	10    	0.00609824	0.000385912	0.0055346 	0.00672719
19 	10    	0.00615243	0.000331407	0.00565781	0.00682815
20 	10    	0.00578603	0.000501962	0.00520235	0.00696938
Runtime: 5.689905653998721 (s)


Final population:
Index: Selected                                    #Selected    CV          
----------------------------------------------------------------------------------------------------
    0: 1111101100001000001000001111000001100011... 95           0.00642579  
    1: 1111101100001000011000001111000101100011... 97           0.0052023521
    2: 1111101100001000001000001111000101100011... 98           0.005463302 
    3: 1111101100001000011000001111000101100011... 100          0.0055799265
    4: 1111001100001000001000001111000101100011... 95           0.005925302 
    5: 1111101100001000001001001110000001100011... 100          0.0055335278
    6: 1111101100001010001000001111000101100011... 100          0.0054847319
    7: 1111101100001000001000001111000101100011... 100          0.0056880138
    8: 1111101100001000001000001111000101100011... 100          0.0055880282
    9: 1111101100001000001000001111000101100011... 94           0.0069693754

Pickling population to: genetic_alg_settings_population_end.pkl

Hall of Fame:
Index: Selected                                    #Selected    CV          
----------------------------------------------------------------------------------------------------
    0: 1111110100101111000001101010100001000001... 96           0.0047306873
    1: 1111110100101111000101101010101001000001... 97           0.0047567173
    2: 1111110100101111000001101010001001000001... 97           0.0047732279
    3: 1111010100101111000001101010101001000001... 97           0.0047877867
    4: 1111110100101111000001101010101001000001... 96           0.0047977504
    5: 1111111100101111000001101010101001000001... 94           0.0048135643
    6: 1111110100101111000001101010101001000001... 98           0.004820597 
    7: 1111110100101111000001101010100001000001... 98           0.0048348106
    8: 1111110100101111000001101010100001000001... 100          0.0048391001
    9: 1111110100101111000001101010101001000001... 100          0.0048445996

Pickling Hall of Fame to: genetic_alg_settings_evolve_halloffame.pkl
Begin 17 of 20 repetitions
Begin 20 generations
gen	nevals	avg       	std        	min       	max       
0  	0     	0.00578603	0.000501962	0.00520235	0.00696938
1  	10    	0.00578621	0.000350522	0.00512906	0.00639119
2  	10    	0.00618684	0.000488906	0.00572984	0.007255  
3  	10    	0.00601926	0.000491305	0.00546606	0.00691389
4  	10    	0.00590188	0.000372458	0.00537304	0.0065416 
5  	10    	0.00607042	0.000532599	0.00534834	0.0073132 
6  	10    	0.00612162	0.000347151	0.00575162	0.00691782
7  	10    	0.0059904 	0.000567827	0.00516447	0.00686561
8  	10    	0.00592203	0.000410624	0.00541164	0.0066976 
9  	10    	0.00595175	0.000397605	0.00536475	0.00668033
10 	10    	0.00562013	0.000304164	0.00496044	0.00603734
11 	10    	0.00577056	0.000279167	0.00547251	0.00633944
12 	10    	0.00607144	0.000662952	0.00500374	0.00722644
13 	10    	0.00573054	0.000334765	0.00534325	0.00634222
14 	10    	0.00606199	0.000891207	0.00531359	0.00821072
15 	10    	0.0062539 	0.000861669	0.00536673	0.0082167 
16 	10    	0.00588164	0.00030029 	0.00532784	0.0063644 
17 	10    	0.00576552	0.000224624	0.00540566	0.00608645
18 	10    	0.00559721	0.000272107	0.00521923	0.00620219
19 	10    	0.00565469	0.000311453	0.00495858	0.00613073
20 	10    	0.00592651	0.000516977	0.0050826 	0.00712245
Runtime: 5.659356156000285 (s)


Final population:
Index: Selected                                    #Selected    CV          
----------------------------------------------------------------------------------------------------
    0: 1111111100001000001000001111001100100001... 97           0.0071224523
    1: 1111101100001000001000001011001101100001... 100          0.0061596981
    2: 1111101100001000001000001111001101100001... 98           0.0050826039
    3: 1111101100001000001000001111001101100001... 95           0.0059751498
    4: 1111101100001000001000001011001101100001... 100          0.0059914395
    5: 1111101100001000001000001111001101100001... 96           0.0054959052
    6: 1111101100001000001000001111001101100001... 96           0.0057060141
    7: 1111101100001000001000001111001101100001... 100          0.0060882065
    8: 1111111100011000001000001111001101100001... 100          0.0061277004
    9: 1111101100001000001000001111001101100001... 96           0.0055159309

Pickling population to: genetic_alg_settings_population_end.pkl

Hall of Fame:
Index: Selected                                    #Selected    CV          
----------------------------------------------------------------------------------------------------
    0: 1111110100101111000001101010100001000001... 96           0.0047306873
    1: 1111110100101111000101101010101001000001... 97           0.0047567173
    2: 1111110100101111000001101010001001000001... 97           0.0047732279
    3: 1111010100101111000001101010101001000001... 97           0.0047877867
    4: 1111110100101111000001101010101001000001... 96           0.0047977504
    5: 1111111100101111000001101010101001000001... 94           0.0048135643
    6: 1111110100101111000001101010101001000001... 98           0.004820597 
    7: 1111110100101111000001101010100001000001... 98           0.0048348106
    8: 1111110100101111000001101010100001000001... 100          0.0048391001
    9: 1111110100101111000001101010101001000001... 100          0.0048445996

Pickling Hall of Fame to: genetic_alg_settings_evolve_halloffame.pkl
Begin 18 of 20 repetitions
Begin 20 generations
gen	nevals	avg       	std        	min      	max       
0  	0     	0.00592651	0.000516977	0.0050826	0.00712245
1  	10    	0.00551552	0.000159268	0.00524839	0.00577956
2  	10    	0.00558522	0.000296473	0.00536627	0.00640125
3  	10    	0.00597687	0.000427616	0.0053768 	0.00676575
4  	10    	0.00588848	0.000465264	0.00525866	0.00674558
5  	10    	0.00577403	0.000441585	0.00520208	0.00661013
6  	10    	0.00571295	0.000348836	0.00521108	0.00619107
7  	10    	0.0056191 	0.000355697	0.00513435	0.00639074
8  	10    	0.00552297	0.000283158	0.00508553	0.00610318
9  	10    	0.00553679	0.000476895	0.00508106	0.00677784
10 	10    	0.00534315	0.00021643 	0.00506861	0.00584067
11 	10    	0.00537237	0.000294254	0.00483268	0.00583028
12 	10    	0.00539397	0.000170528	0.00520912	0.00580235
13 	10    	0.0056263 	0.000886254	0.00481591	0.00812016
14 	10    	0.00548911	0.000198965	0.00521584	0.00583713
15 	10    	0.00556629	0.000320853	0.0051571 	0.00607519
16 	10    	0.00564462	0.00057567 	0.00501308	0.00683341
17 	10    	0.00528855	0.000268579	0.0048922 	0.00589552
18 	10    	0.00543566	0.000371944	0.0049733 	0.00644659
19 	10    	0.0055262 	0.000282106	0.00519725	0.00601361
20 	10    	0.00559108	0.0002896  	0.00512186	0.00604282
Runtime: 5.691622012000153 (s)


Final population:
Index: Selected                                    #Selected    CV          
----------------------------------------------------------------------------------------------------
    0: 1111001000000100001100001110100100100001... 98           0.0052022257
    1: 1111001100000000001100001110100100100001... 98           0.0053603388
    2: 1111101100000010001100001110101100000001... 97           0.0053945971
    3: 1111001000000000001000000110100100100011... 100          0.0059099728
    4: 1111001000000000001100001110100100100001... 100          0.0051218581
    5: 1111001000000000001100001110100100100001... 100          0.0056948246
    6: 1111001100000100000100001110100100000001... 100          0.0057460654
    7: 1111001100100100001000001110101100100001... 94           0.0060428214
    8: 1111001100000100001000001110100100100001... 90           0.0056862645
    9: 1111011100000100001000001110100100000001... 96           0.0057518666

Pickling population to: genetic_alg_settings_population_end.pkl

Hall of Fame:
Index: Selected                                    #Selected    CV          
----------------------------------------------------------------------------------------------------
    0: 1111110100101111000001101010100001000001... 96           0.0047306873
    1: 1111110100101111000101101010101001000001... 97           0.0047567173
    2: 1111110100101111000001101010001001000001... 97           0.0047732279
    3: 1111010100101111000001101010101001000001... 97           0.0047877867
    4: 1111110100101111000001101010101001000001... 96           0.0047977504
    5: 1111111100101111000001101010101001000001... 94           0.0048135643
    6: 1111101000000000001000001111101100100001... 95           0.0048159124
    7: 1111110100101111000001101010101001000001... 98           0.004820597 
    8: 1111101000001000001000001111101100100001... 100          0.004832684 
    9: 1111110100101111000001101010100001000001... 98           0.0048348106

Pickling Hall of Fame to: genetic_alg_settings_evolve_halloffame.pkl
Begin 19 of 20 repetitions
Begin 20 generations
gen	nevals	avg       	std      	min       	max       
0  	0     	0.00559108	0.0002896	0.00512186	0.00604282
1  	10    	0.00547354	0.000245765	0.00508848	0.0059241 
2  	10    	0.00540772	0.000244053	0.0050495 	0.00586851
3  	10    	0.00556116	0.000311669	0.00509571	0.00624815
4  	10    	0.00576411	0.000569883	0.00519511	0.0073259 
5  	10    	0.00559496	0.000441266	0.00510998	0.00662921
6  	10    	0.00591302	0.000720692	0.00508788	0.00764396
7  	10    	0.00568744	0.000397841	0.00514611	0.0064728 
8  	10    	0.00558022	0.000227231	0.00523312	0.0060926 
9  	10    	0.0056561 	0.000251528	0.00531685	0.00621461
10 	10    	0.00583494	0.000449987	0.00522578	0.00689738
11 	10    	0.00581186	0.000607382	0.00516778	0.00712059
12 	10    	0.00572015	0.000561934	0.00515249	0.00718415
13 	10    	0.00570552	0.00034118 	0.00513372	0.00649849
14 	10    	0.00564744	0.000232694	0.00529691	0.00595322
15 	10    	0.00577132	0.00034767 	0.00521574	0.00634667
16 	10    	0.00584258	0.000390706	0.00533656	0.00657028
17 	10    	0.00569268	0.000612423	0.00515127	0.00742336
18 	10    	0.00567735	0.00029991 	0.00535905	0.00636423
19 	10    	0.00556683	0.000264228	0.00522202	0.00614388
20 	10    	0.00562943	0.000322629	0.00510259	0.00616749
Runtime: 5.670810224997695 (s)


Final population:
Index: Selected                                    #Selected    CV          
----------------------------------------------------------------------------------------------------
    0: 1111001000001001011000001000100100000101... 100          0.0052957701
    1: 1111001010001000001100001000100100000101... 95           0.0052777095
    2: 1111001010001001001000001000100100000101... 92           0.0054872397
    3: 1111001010001001001000001100100100000101... 95           0.0061674874
    4: 1111001010001001001000001000100100000101... 99           0.006045509 
    5: 1111001000000001101000001100100100000101... 100          0.0056784255
    6: 1111001001001001001000001000100100000101... 95           0.0051025906
    7: 1111001010001001011000001100100100000101... 98           0.005716288 
    8: 1111001010001001111000001100100100000101... 100          0.0057450505
    9: 1111001000001001001100001000100100000101... 98           0.0057782176

Pickling population to: genetic_alg_settings_population_end.pkl

Hall of Fame:
Index: Selected                                    #Selected    CV          
----------------------------------------------------------------------------------------------------
    0: 1111110100101111000001101010100001000001... 96           0.0047306873
    1: 1111110100101111000101101010101001000001... 97           0.0047567173
    2: 1111110100101111000001101010001001000001... 97           0.0047732279
    3: 1111010100101111000001101010101001000001... 97           0.0047877867
    4: 1111110100101111000001101010101001000001... 96           0.0047977504
    5: 1111111100101111000001101010101001000001... 94           0.0048135643
    6: 1111101000000000001000001111101100100001... 95           0.0048159124
    7: 1111110100101111000001101010101001000001... 98           0.004820597 
    8: 1111101000001000001000001111101100100001... 100          0.004832684 
    9: 1111110100101111000001101010100001000001... 98           0.0048348106

Pickling Hall of Fame to: genetic_alg_settings_evolve_halloffame.pkl
Begin 20 of 20 repetitions
Begin 20 generations
gen	nevals	avg       	std        	min       	max       
0  	0     	0.00562943	0.000322629	0.00510259	0.00616749
1  	10    	0.00540215	0.000334232	0.00499872	0.00615557
2  	10    	0.00535482	0.000348999	0.00511175	0.00631742
3  	10    	0.00534721	0.000124656	0.00516475	0.00558943
4  	10    	0.00554218	0.000346563	0.00502486	0.0060948 
5  	10    	0.00555705	0.000356544	0.00512643	0.00646613
6  	10    	0.00541757	0.000220986	0.00513222	0.00591393
7  	10    	0.00541065	0.000177213	0.00500988	0.00562348
8  	10    	0.00544183	0.000233657	0.00508138	0.00593832
9  	10    	0.00556484	0.000218565	0.00513419	0.00600786
10 	10    	0.00526631	0.000209853	0.00500212	0.00558111
11 	10    	0.00517236	0.000215969	0.00487193	0.00551258
12 	10    	0.00535147	0.000134747	0.0051038 	0.00560195
13 	10    	0.00536792	0.000251658	0.00498488	0.00577038
14 	10    	0.00547064	0.000443533	0.00498963	0.00652643
15 	10    	0.00530059	0.000234321	0.00492316	0.00567804
16 	10    	0.00564797	0.000896922	0.00502624	0.00827966
17 	10    	0.00566694	0.000378876	0.00522324	0.00671753
18 	10    	0.00551054	0.000202222	0.00510244	0.00577575
19 	10    	0.00544603	0.000286557	0.005023  	0.00598884
20 	10    	0.005457  	0.000379809	0.0049262 	0.00631032
Runtime: 5.680749179999111 (s)


Final population:
Index: Selected                                    #Selected    CV          
----------------------------------------------------------------------------------------------------
    0: 1111001100001001101100001011101100000101... 98           0.0052896558
    1: 1111000100001001001100001011100100000101... 95           0.005876559 
    2: 1111000100001101101100101011101100000101... 95           0.0054986131
    3: 1111000100000001101100101011100100000101... 99           0.0052809109
    4: 1111001100001001101100001011100100000101... 98           0.005640638 
    5: 1111000100001001001100001011100100000101... 90           0.0053896018
    6: 1111001100001101101100101011100100000101... 97           0.0052157553
    7: 1110001100001101101100101011100100000101... 98           0.0063103211
    8: 1111001100001001001100001011100100000101... 93           0.0049262014
    9: 1111001100001100101100101011100100000101... 96           0.0051417085

Pickling population to: genetic_alg_settings_population_end.pkl

Hall of Fame:
Index: Selected                                    #Selected    CV          
----------------------------------------------------------------------------------------------------
    0: 1111110100101111000001101010100001000001... 96           0.0047306873
    1: 1111110100101111000101101010101001000001... 97           0.0047567173
    2: 1111110100101111000001101010001001000001... 97           0.0047732279
    3: 1111010100101111000001101010101001000001... 97           0.0047877867
    4: 1111110100101111000001101010101001000001... 96           0.0047977504
    5: 1111111100101111000001101010101001000001... 94           0.0048135643
    6: 1111101000000000001000001111101100100001... 95           0.0048159124
    7: 1111110100101111000001101010101001000001... 98           0.004820597 
    8: 1111101000001000001000001111101100100001... 100          0.004832684 
    9: 1111110100101111000001101010100001000001... 98           0.0048348106

Pickling Hall of Fame to: genetic_alg_settings_evolve_halloffame.pkl
#   DONE  Runtime: 109.34969405100128 (s)

Adding statistics...
  DONE

Result:
Index: Selected                                    #Selected    CV           RMS          wRMS         Estimator                FeatureSelection         Note
--------------------------------------------------------------------------------------------------------------------------------------------------------------------
    0: 1111110100101111000001101010100001000001... 96           0.0047306873 0.0094647395 0.003118007  LinearRegression         GeneticAlgorithm         
    1: 1111110100101111000101101010101001000001... 97           0.0047567173 0.0096328097 0.0031703958 LinearRegression         GeneticAlgorithm         
    2: 1111110100101111000001101010001001000001... 97           0.0047732279 0.0095756726 0.0031878939 LinearRegression         GeneticAlgorithm         
    3: 1111010100101111000001101010101001000001... 97           0.0047877867 0.0098939528 0.0032346305 LinearRegression         GeneticAlgorithm         
    4: 1111110100101111000001101010101001000001... 96           0.0047977504 0.0096632668 0.0031641255 LinearRegression         GeneticAlgorithm         
    5: 1111111100101111000001101010101001000001... 94           0.0048135643 0.0093380773 0.0031027428 LinearRegression         GeneticAlgorithm         
    6: 1111101000000000001000001111101100100001... 95           0.0048159124 0.0086049795 0.0032877624 LinearRegression         GeneticAlgorithm         
    7: 1111110100101111000001101010101001000001... 98           0.004820597  0.0091410572 0.0032214296 LinearRegression         GeneticAlgorithm         
    8: 1111101000001000001000001111101100100001... 100          0.004832684  0.0086887703 0.0030690541 LinearRegression         GeneticAlgorithm         
    9: 1111110100101111000001101010100001000001... 98           0.0048348106 0.0096949011 0.0032060272 LinearRegression         GeneticAlgorithm         

Pickling Hall of Fame to: genetic_alg_settings_halloffame.pkl
