Loading genetic_alg_settings.json
# Hall of Fame size: 10 

# Get problem data...
# wHullDist: Will calculate hull distance: hull_dist(CALCULATED,atom_frac)
# Query requested: ['formation_energy', 'is_calculated', 'corr', 'hull_dist(CALCULATED,atom_frac)']
# Use existing: []
# Querying: ['formation_energy', 'is_calculated', 'corr', 'hull_dist(CALCULATED,atom_frac)']
#   DONE

# Target: formation_energy
# Training samples: 627
# Features: 253 

# Weighting:
{
  "method": "wHullDist",
  "kwargs": {
    "A": 0.1,
    "B": 0.0,
    "kT": 0.01,
    "hull_selection": "CALCULATED"
  }
}

# CV:
{
  "method": "KFold",
  "kwargs": {
    "n_splits": 10,
    "shuffle": true
  },
  "penalty": 0.0
} 

# Writing problem specs to: genetic_alg_settings_specs.pkl
# To inspect or customize the problem specs further, use the '--checkspecs' method

# Estimator:
{
  "method": "LinearRegression",
  "kwargs": {
    "fit_intercept": false
  }
} 

# Feature Selection:
{
  "method": "GeneticAlgorithm",
  "kwargs": {
    "constraints_kwargs": {
      "n_features_max": 10,
      "n_features_min": 3,
      "fix_off": [],
      "fix_on": [
        0,
        1,
        2
      ]
    },
    "selTournamentSize": 3,
    "mutFlipBitProb": 0.01,
    "evolve_params_kwargs": {
      "n_generation": 20,
      "n_repetition": 20,
      "n_features_init": 3,
      "n_population": 10,
      "n_halloffame": 10,
      "halloffame_filename": "evolve_halloffame.pkl",
      "filename_prefix": "genetic_alg_settings"
    },
    "cxUniformProb": 0.5
  }
} 

# Fit and select...
Constructing initial population
Begin 1 of 20 repetitions
Begin 20 generations
gen	nevals	avg      	std        	min      	max      
0  	10    	0.0145025	0.000833318	0.0135139	0.0165936
1  	10    	0.0137329	0.000728153	0.0121667	0.0145022
2  	10    	0.0132285	0.000771257	0.0116623	0.0142208
3  	10    	0.0133826	0.000922857	0.0113203	0.0146635
4  	10    	0.012928 	0.00110227 	0.0113882	0.0146078
5  	10    	0.0126723	0.000801821	0.0117032	0.0140732
6  	10    	0.0130285	0.000966397	0.0114161	0.0149548
7  	10    	0.0124385	0.000633237	0.0116641	0.0135356
8  	10    	0.0128854	0.00120508 	0.0113997	0.01497  
9  	10    	0.0122973	0.000584951	0.011193 	0.0130518
10 	10    	0.0124996	0.000967994	0.011312 	0.014545 
11 	10    	0.0129286	0.000767256	0.0116937	0.0140364
12 	10    	0.0128728	0.00146444 	0.00967816	0.0147813
13 	10    	0.0125025	0.00112978 	0.00975927	0.0139385
14 	10    	0.0127276	0.00185625 	0.00963746	0.0150249
15 	10    	0.012879 	0.00111532 	0.0106788 	0.0142356
16 	10    	0.0122824	0.00167632 	0.0103913 	0.0154989
17 	10    	0.011621 	0.00105446 	0.0106477 	0.0137842
18 	10    	0.0125597	0.00145726 	0.0106357 	0.0145823
19 	10    	0.0119476	0.00134143 	0.0104657 	0.0142393
20 	10    	0.0122879	0.00169238 	0.0104522 	0.0152273
Runtime: 4.264906797 (s)


Final population:
Index: Selected                                    #Selected    CV          
----------------------------------------------------------------------------------------------------
    0: 1110000000000000000000000000000000100000... 10           0.014491788 
    1: 1111000000000100000100001000010000000000... 9            0.011261702 
    2: 1111000000000000000000100000010000000000... 10           0.011728254 
    3: 1111000000000000000000001000000000000000... 10           0.010547324 
    4: 1110000000000000000100001000000000000000... 10           0.014144144 
    5: 1111000000000000000000001000000000000000... 10           0.010452229 
    6: 1111000000000000000000001000000000000000... 10           0.01089076  
    7: 1110000000000000000100001000000000000000... 10           0.0152273   
    8: 1111000000000000000000001000010000100000... 10           0.011097253 
    9: 1111000000000000000000000000000101000000... 10           0.013038637 

Pickling population to: genetic_alg_settings_population_end.pkl

Hall of Fame:
Index: Selected                                    #Selected    CV          
----------------------------------------------------------------------------------------------------
    0: 1111000000000000000000001000000000100000... 10           0.0096374596
    1: 1111000000000000000000001000000000000000... 10           0.0096781601
    2: 1111000000000000000000001000010000000000... 10           0.0097592671
    3: 1111000000000000000000001000000000000000... 10           0.010339585 
    4: 1111000000000000000000001000000000100000... 10           0.010391331 
    5: 1111000000000010000000001000010000000000... 10           0.01040788  
    6: 1111000000000000000000001000000000000000... 10           0.010452229 
    7: 1111000000000000000000001000000000000000... 10           0.010465699 
    8: 1111000000000000000000001000000000000000... 10           0.010547324 
    9: 1111000000000000000000001000000000000000... 10           0.010574814 

Pickling Hall of Fame to: genetic_alg_settings_evolve_halloffame.pkl
Begin 2 of 20 repetitions
Begin 20 generations
gen	nevals	avg      	std       	min      	max      
0  	0     	0.0122879	0.00169238	0.0104522	0.0152273
1  	10    	0.0118195	0.00126578	0.00947295	0.0137117
2  	10    	0.0114965	0.00120989	0.00925604	0.0143047
3  	10    	0.0119359	0.00178203	0.00953765	0.0144553
4  	10    	0.0120531	0.00189997	0.00945918	0.0145675
5  	10    	0.0118518	0.00172785	0.00929741	0.0146535
6  	10    	0.0114523	0.00189446	0.00922325	0.0142254
7  	10    	0.0125005	0.00233414	0.00923884	0.0170223
8  	10    	0.0119687	0.00207335	0.00884152	0.0142048
9  	10    	0.0118813	0.00152944	0.00916942	0.0139594
10 	10    	0.0129136	0.00132428	0.0109711 	0.0153097
11 	10    	0.0126649	0.000598103	0.0116087 	0.0136037
12 	10    	0.0126664	0.000925769	0.011352  	0.0141982
13 	10    	0.0126652	0.00082413 	0.0118078 	0.0139915
14 	10    	0.0130438	0.00100301 	0.011946  	0.0142972
15 	10    	0.012073 	0.000974543	0.0104    	0.0137148
16 	10    	0.012327 	0.000966733	0.0110109 	0.0142823
17 	10    	0.0119886	0.000599097	0.0109991 	0.0129889
18 	10    	0.0122908	0.00105855 	0.0109919 	0.0141459
19 	10    	0.0126387	0.000937617	0.0114587 	0.0146155
20 	10    	0.0125436	0.00151423 	0.0110909 	0.0161807
Runtime: 1.9989106480000007 (s)


Final population:
Index: Selected                                    #Selected    CV          
----------------------------------------------------------------------------------------------------
    0: 1111000000000000000000000000000000010000... 10           0.011750894 
    1: 1111000000000000000000000000000000011000... 10           0.011680774 
    2: 1110000100000000000000000000000000011000... 10           0.013184264 
    3: 1111000000000000000000000000000000011000... 10           0.011090902 
    4: 1111000000000000000000000000000000001000... 9            0.01192464  
    5: 1111000100000000000000000000000000000000... 10           0.012062311 
    6: 1110000000000000000000000000000000000000... 10           0.014377502 
    7: 1110000000000000000000000000100000000000... 10           0.016180666 
    8: 1111000000000000000000000000000000010000... 10           0.011498423 
    9: 1111000000000000000000000000000000001000... 10           0.011685309 

Pickling population to: genetic_alg_settings_population_end.pkl

Hall of Fame:
Index: Selected                                    #Selected    CV          
----------------------------------------------------------------------------------------------------
    0: 1111000000000000000000001000000000000000... 10           0.0088415158
    1: 1111000000000000000000001000000000000000... 10           0.0090246425
    2: 1111000000000000000000001000000000000000... 10           0.0091694151
    3: 1111000000000000000000001000000000000000... 9            0.0091793047
    4: 1111000000000000000000001000000001000000... 10           0.0092232493
    5: 1111000000000000000000001000000000000000... 10           0.0092388441
    6: 1111000000000000000000001000010000000000... 10           0.0092560447
    7: 1111000000000000000000001000010000000000... 10           0.0092974053
    8: 1111000000000000000000001000000000000000... 10           0.0093158299
    9: 1111000000000000000000001000010000000000... 10           0.0094591783

Pickling Hall of Fame to: genetic_alg_settings_evolve_halloffame.pkl
Begin 3 of 20 repetitions
Begin 20 generations
gen	nevals	avg      	std       	min      	max      
0  	0     	0.0125436	0.00151423	0.0110909	0.0161807
1  	10    	0.0129408	0.00127415	0.0111451	0.0154353
2  	10    	0.0129784	0.00203401	0.0105653	0.0173634
3  	10    	0.0125006	0.00112362	0.0111954	0.0142937
4  	10    	0.0127791	0.00092123	0.0115985	0.0140981
5  	10    	0.0131993	0.000891646	0.0116227	0.0142255
6  	10    	0.0132715	0.0010428  	0.0116699	0.0147208
7  	10    	0.012952 	0.00108828 	0.0115029	0.0146005
8  	10    	0.013772 	0.000902521	0.0121188	0.015124 
9  	10    	0.0139324	0.0010437  	0.0117724	0.0149906
10 	10    	0.012934 	0.00132478 	0.0106612	0.0159765
11 	10    	0.013038 	0.00107709 	0.0113266	0.0149863
12 	10    	0.0131078	0.000871568	0.012029 	0.0149025
13 	10    	0.0129563	0.00120562 	0.0112379	0.0148142
14 	10    	0.0126778	0.000990193	0.0112583	0.014095 
15 	10    	0.0124431	0.000790744	0.0111612	0.0139706
16 	10    	0.0123635	0.000521452	0.0117837	0.0136571
17 	10    	0.0127936	0.001492   	0.0111929	0.0150705
18 	10    	0.0121108	0.00113016 	0.0109901	0.014906 
19 	10    	0.0125533	0.000757885	0.0114884	0.0137152
20 	10    	0.0128327	0.00114643 	0.0112119	0.0141996
Runtime: 2.2025762600000007 (s)


Final population:
Index: Selected                                    #Selected    CV          
----------------------------------------------------------------------------------------------------
    0: 1111000000000000000000000000000000000000... 10           0.011291609 
    1: 1110000000100000000000000000000010000000... 10           0.013868438 
    2: 1110000000000000000010001000000000000000... 10           0.01382039  
    3: 1110000101000000000000000000000000000000... 10           0.013937107 
    4: 1111000000000000000000000000000000000000... 10           0.011211932 
    5: 1110000000000000000000000000000000000000... 10           0.014199574 
    6: 1111000000000000000000000000000000010000... 10           0.012244805 
    7: 1111001000000000000000000000000000010000... 10           0.012600485 
    8: 1110000000000000000000000000000000000000... 10           0.013688766 
    9: 1111000000000000000000000000000000000000... 9            0.01146431  

Pickling population to: genetic_alg_settings_population_end.pkl

Hall of Fame:
Index: Selected                                    #Selected    CV          
----------------------------------------------------------------------------------------------------
    0: 1111000000000000000000001000000000000000... 10           0.0088415158
    1: 1111000000000000000000001000000000000000... 10           0.0090246425
    2: 1111000000000000000000001000000000000000... 10           0.0091694151
    3: 1111000000000000000000001000000000000000... 9            0.0091793047
    4: 1111000000000000000000001000000001000000... 10           0.0092232493
    5: 1111000000000000000000001000000000000000... 10           0.0092388441
    6: 1111000000000000000000001000010000000000... 10           0.0092560447
    7: 1111000000000000000000001000010000000000... 10           0.0092974053
    8: 1111000000000000000000001000000000000000... 10           0.0093158299
    9: 1111000000000000000000001000010000000000... 10           0.0094591783

Pickling Hall of Fame to: genetic_alg_settings_evolve_halloffame.pkl
Begin 4 of 20 repetitions
Begin 20 generations
gen	nevals	avg      	std       	min      	max      
0  	0     	0.0128327	0.00114643	0.0112119	0.0141996
1  	10    	0.0126581	0.00120159	0.0114015	0.0151793
2  	10    	0.0127769	0.00102635	0.0110259	0.0141363
3  	10    	0.0126396	0.000814274	0.0114973	0.0142255
4  	10    	0.0128919	0.000872236	0.0115165	0.0140216
5  	10    	0.0125   	0.00118069 	0.0106467	0.013832 
6  	10    	0.0121539	0.00121978 	0.0108358	0.0144644
7  	10    	0.0120326	0.00109658 	0.0106691	0.0144331
8  	10    	0.0121302	0.000976164	0.0109253	0.0145705
9  	10    	0.012196 	0.00110631 	0.0109102	0.0144747
10 	10    	0.0126679	0.0010806  	0.0110432	0.0140757
11 	10    	0.0127321	0.000917487	0.0106561	0.0136465
12 	10    	0.0136716	0.00106688 	0.0115167	0.0153688
13 	10    	0.0133688	0.00112274 	0.0113186	0.0155689
14 	10    	0.0126686	0.000871426	0.0114058	0.0140243
15 	10    	0.0129292	0.0016596  	0.0108634	0.0163079
16 	10    	0.012557 	0.00154198 	0.00996892	0.0146597
17 	10    	0.0125075	0.00124684 	0.00994162	0.0142743
18 	10    	0.012768 	0.00112688 	0.0102424 	0.0144914
19 	10    	0.0126159	0.000997692	0.0110606 	0.0141338
20 	10    	0.0135548	0.0011475  	0.0114505 	0.0148556
Runtime: 1.9574055770000012 (s)


Final population:
Index: Selected                                    #Selected    CV          
----------------------------------------------------------------------------------------------------
    0: 1110000000000000000000000000000000010000... 10           0.014855604 
    1: 1110000000000000000000000000000010000000... 10           0.014409325 
    2: 1111000000000000000100000000000000000000... 10           0.012806479 
    3: 1111000000000000000000000000000000000000... 10           0.014807995 
    4: 1111000000000000000000000000000000000000... 10           0.011928841 
    5: 1110010000000000000000000000000000000000... 10           0.01342505  
    6: 1111000000000000000000000000000000000000... 10           0.011450523 
    7: 1111000000000000000000000000000000000000... 10           0.013119938 
    8: 1110000000000000000000000000000001001000... 10           0.014348144 
    9: 1110000000000000000000000000000000010000... 10           0.014396091 

Pickling population to: genetic_alg_settings_population_end.pkl

Hall of Fame:
Index: Selected                                    #Selected    CV          
----------------------------------------------------------------------------------------------------
    0: 1111000000000000000000001000000000000000... 10           0.0088415158
    1: 1111000000000000000000001000000000000000... 10           0.0090246425
    2: 1111000000000000000000001000000000000000... 10           0.0091694151
    3: 1111000000000000000000001000000000000000... 9            0.0091793047
    4: 1111000000000000000000001000000001000000... 10           0.0092232493
    5: 1111000000000000000000001000000000000000... 10           0.0092388441
    6: 1111000000000000000000001000010000000000... 10           0.0092560447
    7: 1111000000000000000000001000010000000000... 10           0.0092974053
    8: 1111000000000000000000001000000000000000... 10           0.0093158299
    9: 1111000000000000000000001000010000000000... 10           0.0094591783

Pickling Hall of Fame to: genetic_alg_settings_evolve_halloffame.pkl
Begin 5 of 20 repetitions
Begin 20 generations
gen	nevals	avg      	std      	min      	max      
0  	0     	0.0135548	0.0011475	0.0114505	0.0148556
1  	10    	0.0132274	0.00105051	0.0111313	0.0148141
2  	10    	0.0132287	0.000900813	0.0115087	0.0146304
3  	10    	0.0130158	0.00106679 	0.0114302	0.0147622
4  	10    	0.0129077	0.000989033	0.0109436	0.014739 
5  	10    	0.0137808	0.000810415	0.0117501	0.0148759
6  	10    	0.0133295	0.000806328	0.0121026	0.0144085
7  	10    	0.0128199	0.000868712	0.0115764	0.0146431
8  	10    	0.012436 	0.00107589 	0.0106756	0.0139088
9  	10    	0.0129163	0.0015783  	0.0109475	0.016176 
10 	10    	0.0124314	0.00126544 	0.0109255	0.0144938
11 	10    	0.0120385	0.00116231 	0.0108175	0.0150123
12 	10    	0.0123304	0.00109484 	0.0105906	0.0138346
13 	10    	0.0126201	0.00130968 	0.0106757	0.0146804
14 	10    	0.0128307	0.000577231	0.0118313	0.0134406
15 	10    	0.0124213	0.000909944	0.0112012	0.0141632
16 	10    	0.0128954	0.00104494 	0.011632 	0.014855 
17 	10    	0.0127643	0.00105602 	0.0113651	0.0150974
18 	10    	0.0124506	0.00091371 	0.0110999	0.0145203
19 	10    	0.012289 	0.00102024 	0.0104041	0.0137655
20 	10    	0.0124404	0.00110988 	0.0104154	0.0141401
Runtime: 2.3166330770000005 (s)


Final population:
Index: Selected                                    #Selected    CV          
----------------------------------------------------------------------------------------------------
    0: 1111000000000010000000000000000000000000... 9            0.014140119 
    1: 1111000000000000000000000000000000000000... 10           0.01215336  
    2: 1111000001000010000000000000000000000000... 10           0.011284682 
    3: 1111000101000010000000000000000000000000... 10           0.010415395 
    4: 1110000100000010000000000000000000000000... 10           0.013687244 
    5: 1111000100000010000000100000000000000000... 10           0.011462395 
    6: 1111000100000000000000000000000000000000... 10           0.013020261 
    7: 1111000000000010000000000000000000000000... 10           0.012482112 
    8: 1111000100000000000000000000000000000000... 10           0.012297756 
    9: 1110000001000010000000000000000000000000... 10           0.013460784 

Pickling population to: genetic_alg_settings_population_end.pkl

Hall of Fame:
Index: Selected                                    #Selected    CV          
----------------------------------------------------------------------------------------------------
    0: 1111000000000000000000001000000000000000... 10           0.0088415158
    1: 1111000000000000000000001000000000000000... 10           0.0090246425
    2: 1111000000000000000000001000000000000000... 10           0.0091694151
    3: 1111000000000000000000001000000000000000... 9            0.0091793047
    4: 1111000000000000000000001000000001000000... 10           0.0092232493
    5: 1111000000000000000000001000000000000000... 10           0.0092388441
    6: 1111000000000000000000001000010000000000... 10           0.0092560447
    7: 1111000000000000000000001000010000000000... 10           0.0092974053
    8: 1111000000000000000000001000000000000000... 10           0.0093158299
    9: 1111000000000000000000001000010000000000... 10           0.0094591783

Pickling Hall of Fame to: genetic_alg_settings_evolve_halloffame.pkl
Begin 6 of 20 repetitions
Begin 20 generations
gen	nevals	avg      	std       	min      	max      
0  	0     	0.0124404	0.00110988	0.0104154	0.0141401
1  	10    	0.01254  	0.00079221	0.0113243	0.0137653
2  	10    	0.0128083	0.000839257	0.0110796	0.0142671
3  	10    	0.0128211	0.000682722	0.0114776	0.0137006
4  	10    	0.0130913	0.00131941 	0.00985785	0.0142914
5  	10    	0.012328 	0.00116073 	0.0102467 	0.0137787
6  	10    	0.0119305	0.00111287 	0.0104965 	0.0136776
7  	10    	0.011673 	0.000907634	0.0105234 	0.0133246
8  	10    	0.0118913	0.00132385 	0.010291  	0.0142751
9  	10    	0.0127424	0.0009306  	0.0113152 	0.0140738
10 	10    	0.0129882	0.00101985 	0.0105586 	0.0140236
11 	10    	0.0131298	0.000888809	0.0109627 	0.0141249
12 	10    	0.0122245	0.000677089	0.0109726 	0.0135376
13 	10    	0.0127538	0.00125132 	0.0112524 	0.0157063
14 	10    	0.0128404	0.000960905	0.0112585 	0.0141913
15 	10    	0.012838 	0.000932797	0.0115957 	0.0143772
16 	10    	0.0129166	0.000806727	0.0117819 	0.0143241
17 	10    	0.0126614	0.00103343 	0.0111728 	0.0148426
18 	10    	0.0124955	0.000969544	0.0112888 	0.0141815
19 	10    	0.0118074	0.000990104	0.0108542 	0.014343 
20 	10    	0.0117787	0.000831503	0.0108827 	0.0139471
Runtime: 1.9248960329999996 (s)


Final population:
Index: Selected                                    #Selected    CV          
----------------------------------------------------------------------------------------------------
    0: 1111000100000000000000000010000000000000... 10           0.011260132 
    1: 1111000000000000000100000000000000000000... 10           0.012244046 
    2: 1111000000000000000000000000000000000000... 9            0.011734843 
    3: 1111000000000000000000000000000000000000... 10           0.0118417   
    4: 1111010000000000000000000000000000000000... 10           0.011384673 
    5: 1111000000000000000000000010000000000000... 10           0.012082376 
    6: 1110000000000000000000000000000000000000... 10           0.013947133 
    7: 1111000000000000000000000000000000000001... 10           0.011130673 
    8: 1111000000000000000000000010000000000000... 10           0.011278331 
    9: 1111000000000000000000000010000000000000... 9            0.010882743 

Pickling population to: genetic_alg_settings_population_end.pkl

Hall of Fame:
Index: Selected                                    #Selected    CV          
----------------------------------------------------------------------------------------------------
    0: 1111000000000000000000001000000000000000... 10           0.0088415158
    1: 1111000000000000000000001000000000000000... 10           0.0090246425
    2: 1111000000000000000000001000000000000000... 10           0.0091694151
    3: 1111000000000000000000001000000000000000... 9            0.0091793047
    4: 1111000000000000000000001000000001000000... 10           0.0092232493
    5: 1111000000000000000000001000000000000000... 10           0.0092388441
    6: 1111000000000000000000001000010000000000... 10           0.0092560447
    7: 1111000000000000000000001000010000000000... 10           0.0092974053
    8: 1111000000000000000000001000000000000000... 10           0.0093158299
    9: 1111000000000000000000001000010000000000... 10           0.0094591783

Pickling Hall of Fame to: genetic_alg_settings_evolve_halloffame.pkl
Begin 7 of 20 repetitions
Begin 20 generations
gen	nevals	avg      	std        	min      	max      
0  	0     	0.0117787	0.000831503	0.0108827	0.0139471
1  	10    	0.0119289	0.000845803	0.0108908	0.0139118
2  	10    	0.0120235	0.000740434	0.011006 	0.0133752
3  	10    	0.0120211	0.000915181	0.0107614	0.0137259
4  	10    	0.0128447	0.00159377 	0.011091 	0.0149343
5  	10    	0.0123557	0.00137656 	0.0109404	0.0149437
6  	10    	0.0115606	0.000529243	0.0109267	0.0125513
7  	10    	0.0117971	0.00109061 	0.0105591	0.0142523
8  	10    	0.0127129	0.0016596  	0.0106166	0.0156406
9  	10    	0.0125862	0.00168664 	0.0104743	0.0148328
10 	10    	0.0129667	0.00151669 	0.011033 	0.0152606
11 	10    	0.0123908	0.00129617 	0.0109922	0.0146433
12 	10    	0.0120828	0.00142312 	0.0107456	0.0150116
13 	10    	0.0121134	0.00129964 	0.0107191	0.0147414
14 	10    	0.0125419	0.00139826 	0.0108187	0.0143736
15 	10    	0.0116694	0.00114624 	0.0103556	0.0139059
16 	10    	0.0117097	0.00143965 	0.0104536	0.0154121
17 	10    	0.0117542	0.00101684 	0.0106012	0.0140321
18 	10    	0.011452 	0.000774628	0.0106588	0.0133841
19 	10    	0.0120024	0.000845225	0.0112118	0.0135833
20 	10    	0.0125709	0.000906153	0.0111758	0.0142047
Runtime: 1.9095598290000027 (s)


Final population:
Index: Selected                                    #Selected    CV          
----------------------------------------------------------------------------------------------------
    0: 1110000000100000000010000000000000000000... 10           0.014204666 
    1: 1111000000000000000000000000000000000000... 10           0.011404312 
    2: 1111000000100010000000000000000000000000... 10           0.013197059 
    3: 1111000000000010000000000000000000000000... 10           0.012373278 
    4: 1111000000000000000000000000000000000000... 10           0.01261909  
    5: 1111000000000000000000000000000000001000... 10           0.011175817 
    6: 1111000000100000000000000000000000000000... 8            0.01282419  
    7: 1111000000000010000000000000000000000000... 10           0.011606925 
    8: 1111000000000000000100000000000000000000... 10           0.012893481 
    9: 1110000000000000000000000000000000000000... 10           0.013409855 

Pickling population to: genetic_alg_settings_population_end.pkl

Hall of Fame:
Index: Selected                                    #Selected    CV          
----------------------------------------------------------------------------------------------------
    0: 1111000000000000000000001000000000000000... 10           0.0088415158
    1: 1111000000000000000000001000000000000000... 10           0.0090246425
    2: 1111000000000000000000001000000000000000... 10           0.0091694151
    3: 1111000000000000000000001000000000000000... 9            0.0091793047
    4: 1111000000000000000000001000000001000000... 10           0.0092232493
    5: 1111000000000000000000001000000000000000... 10           0.0092388441
    6: 1111000000000000000000001000010000000000... 10           0.0092560447
    7: 1111000000000000000000001000010000000000... 10           0.0092974053
    8: 1111000000000000000000001000000000000000... 10           0.0093158299
    9: 1111000000000000000000001000010000000000... 10           0.0094591783

Pickling Hall of Fame to: genetic_alg_settings_evolve_halloffame.pkl
Begin 8 of 20 repetitions
Begin 20 generations
gen	nevals	avg      	std        	min      	max      
0  	0     	0.0125709	0.000906153	0.0111758	0.0142047
1  	10    	0.0125483	0.00123264 	0.0109752	0.0150739
2  	10    	0.0139598	0.00124469 	0.0115917	0.0154593
3  	10    	0.0135229	0.000833271	0.0114262	0.0144848
4  	10    	0.0132542	0.000901506	0.011652 	0.0149582
5  	10    	0.013305 	0.000866232	0.0120987	0.0145299
6  	10    	0.0136873	0.000954351	0.0122506	0.0149864
7  	10    	0.0132324	0.00118656 	0.0115862	0.0151413
8  	10    	0.0132522	0.000740134	0.0123024	0.0144782
9  	10    	0.0129372	0.000864447	0.0118579	0.0143086
10 	10    	0.0130916	0.000824204	0.0121442	0.0146954
11 	10    	0.0129843	0.000624294	0.0121249	0.0141481
12 	10    	0.012858 	0.000447714	0.0122364	0.0135035
13 	10    	0.0128376	0.000874678	0.0116855	0.0145954
14 	10    	0.0126579	0.000827416	0.0115724	0.0136589
15 	10    	0.0125328	0.00067018 	0.0117261	0.0139617
16 	10    	0.0128582	0.000937457	0.0118161	0.0153147
17 	10    	0.0125564	0.000699218	0.0117473	0.0139644
18 	10    	0.0124017	0.00101415 	0.0112436	0.014594 
19 	10    	0.0122889	0.000805331	0.0114155	0.0137665
20 	10    	0.0125196	0.00129908 	0.0102083	0.0145585
Runtime: 1.9284404299999984 (s)


Final population:
Index: Selected                                    #Selected    CV          
----------------------------------------------------------------------------------------------------
    0: 1111000000000000000000000000000000000000... 10           0.013544301 
    1: 1111000000000000000000000000000000000000... 10           0.013011385 
    2: 1110000000000000000000000010000000000000... 10           0.014558476 
    3: 1110000100000000000000000010000000000000... 10           0.014300513 
    4: 1111000000000000000000000000000000000000... 10           0.012151333 
    5: 1111000100000000000000000010000000000000... 10           0.011439601 
    6: 1111000000001000000000001000000000000000... 10           0.010208277 
    7: 1111000100000000000000000010000000000000... 10           0.011716222 
    8: 1110000100001000001000000010000000000000... 10           0.012710308 
    9: 1111000100000000000000000010000000000000... 9            0.011555536 

Pickling population to: genetic_alg_settings_population_end.pkl

Hall of Fame:
Index: Selected                                    #Selected    CV          
----------------------------------------------------------------------------------------------------
    0: 1111000000000000000000001000000000000000... 10           0.0088415158
    1: 1111000000000000000000001000000000000000... 10           0.0090246425
    2: 1111000000000000000000001000000000000000... 10           0.0091694151
    3: 1111000000000000000000001000000000000000... 9            0.0091793047
    4: 1111000000000000000000001000000001000000... 10           0.0092232493
    5: 1111000000000000000000001000000000000000... 10           0.0092388441
    6: 1111000000000000000000001000010000000000... 10           0.0092560447
    7: 1111000000000000000000001000010000000000... 10           0.0092974053
    8: 1111000000000000000000001000000000000000... 10           0.0093158299
    9: 1111000000000000000000001000010000000000... 10           0.0094591783

Pickling Hall of Fame to: genetic_alg_settings_evolve_halloffame.pkl
Begin 9 of 20 repetitions
Begin 20 generations
gen	nevals	avg      	std       	min      	max      
0  	0     	0.0125196	0.00129908	0.0102083	0.0145585
1  	10    	0.012832 	0.000791688	0.0114181	0.0139178
2  	10    	0.0133507	0.000923481	0.0111804	0.0143463
3  	10    	0.0126589	0.00135643 	0.0107577	0.014258 
4  	10    	0.0124608	0.00134325 	0.0104744	0.0140747
5  	10    	0.0119884	0.00166455 	0.00961652	0.0141449
6  	10    	0.0119834	0.0011617  	0.0105872 	0.013893 
7  	10    	0.0120788	0.00134076 	0.0107829 	0.0146793
8  	10    	0.0120819	0.000828539	0.0107896 	0.0137074
9  	10    	0.0129637	0.00138708 	0.0109152 	0.0150059
10 	10    	0.0126061	0.00109219 	0.010848  	0.0141273
11 	10    	0.0122797	0.00131457 	0.0108073 	0.0144163
12 	10    	0.0122041	0.000881461	0.010874  	0.0138302
13 	10    	0.0119568	0.000892844	0.0108911 	0.0143445
14 	10    	0.0124249	0.00109683 	0.0111998 	0.0145763
15 	10    	0.0124562	0.00109571 	0.011411  	0.0145754
16 	10    	0.0125127	0.000894894	0.0112631 	0.0140498
17 	10    	0.0127117	0.00084824 	0.0112756 	0.0138577
18 	10    	0.0127146	0.000974149	0.011054  	0.0140226
19 	10    	0.0130195	0.0010761  	0.0116006 	0.0145235
20 	10    	0.0126878	0.000662336	0.0118    	0.0139265
Runtime: 1.9447546770000024 (s)


Final population:
Index: Selected                                    #Selected    CV          
----------------------------------------------------------------------------------------------------
    0: 1111000100000000000000000000000000000000... 10           0.013051355 
    1: 1111000000000000000000000010000000000000... 10           0.011800033 
    2: 1111000000000000000000000010000000000001... 10           0.012116982 
    3: 1111000000001000000000000000000000000000... 10           0.013520278 
    4: 1111000000000000000000000100000000000000... 10           0.012422187 
    5: 1110000000000000000100000010000000000000... 10           0.013926496 
    6: 1111000000000000000000000000000000000000... 10           0.012782387 
    7: 1111000000000000000000000000000000000000... 10           0.012294474 
    8: 1111000010000000000000000000001000000000... 10           0.013027128 
    9: 1111000000000000000000000000000000000000... 10           0.011936787 

Pickling population to: genetic_alg_settings_population_end.pkl

Hall of Fame:
Index: Selected                                    #Selected    CV          
----------------------------------------------------------------------------------------------------
    0: 1111000000000000000000001000000000000000... 10           0.0088415158
    1: 1111000000000000000000001000000000000000... 10           0.0090246425
    2: 1111000000000000000000001000000000000000... 10           0.0091694151
    3: 1111000000000000000000001000000000000000... 9            0.0091793047
    4: 1111000000000000000000001000000001000000... 10           0.0092232493
    5: 1111000000000000000000001000000000000000... 10           0.0092388441
    6: 1111000000000000000000001000010000000000... 10           0.0092560447
    7: 1111000000000000000000001000010000000000... 10           0.0092974053
    8: 1111000000000000000000001000000000000000... 10           0.0093158299
    9: 1111000000000000000000001000010000000000... 10           0.0094591783

Pickling Hall of Fame to: genetic_alg_settings_evolve_halloffame.pkl
Begin 10 of 20 repetitions
Begin 20 generations
gen	nevals	avg      	std        	min   	max      
0  	0     	0.0126878	0.000662336	0.0118	0.0139265
1  	10    	0.0125991	0.000584574	0.011911	0.0140031
2  	10    	0.0136453	0.00129991 	0.0110396	0.0150802
3  	10    	0.0133903	0.000902286	0.0113538	0.0146587
4  	10    	0.0127451	0.000779521	0.0116091	0.0142528
5  	10    	0.0129773	0.000997847	0.0112236	0.0145393
6  	10    	0.0129857	0.00125038 	0.0115344	0.0151036
7  	10    	0.0123373	0.00119279 	0.0102057	0.0140651
8  	10    	0.0127341	0.00124153 	0.0102866	0.0142463
9  	10    	0.0118955	0.00140203 	0.00936962	0.014452 
10 	10    	0.0120905	0.00105057 	0.0107603 	0.0140939
11 	10    	0.012556 	0.00168841 	0.0101736 	0.0153281
12 	10    	0.0118697	0.00170452 	0.00939057	0.0148577
13 	10    	0.0126413	0.00201596 	0.00910781	0.0154814
14 	10    	0.0121304	0.001796   	0.00979932	0.0141531
15 	10    	0.0126076	0.00184995 	0.00975509	0.0158251
16 	10    	0.0128467	0.00136373 	0.0105969 	0.0149374
17 	10    	0.0124358	0.00117297 	0.010532  	0.0145352
18 	10    	0.0123342	0.00144313 	0.0111134 	0.0155541
19 	10    	0.0128291	0.00139845 	0.0108542 	0.0146528
20 	10    	0.0119361	0.00112052 	0.0107192 	0.0140916
Runtime: 1.9060093470000012 (s)


Final population:
Index: Selected                                    #Selected    CV          
----------------------------------------------------------------------------------------------------
    0: 1111000000000000000000001000010000000000... 10           0.010946607 
    1: 1111000000000000000000001000001010000000... 10           0.011350187 
    2: 1111000000000000000000001000000010000000... 10           0.011314805 
    3: 1110000000000000000000000000000000000000... 10           0.014091593 
    4: 1110000010000000000000000100000000001000... 10           0.014009352 
    5: 1111000000000000000000000000001100000000... 10           0.011714135 
    6: 1111000000000000000000000000000100000000... 10           0.010719151 
    7: 1111000000000000000000000010000000000001... 10           0.011871687 
    8: 1111000000000000000000001000000000000000... 10           0.011333741 
    9: 1111000000000000000000000000001100000000... 10           0.012009871 

Pickling population to: genetic_alg_settings_population_end.pkl

Hall of Fame:
Index: Selected                                    #Selected    CV          
----------------------------------------------------------------------------------------------------
    0: 1111000000000000000000001000000000000000... 10           0.0088415158
    1: 1111000000000000000000001000000000000000... 10           0.0090246425
    2: 1111000000000000000000001000000000000000... 10           0.0091078059
    3: 1111000000000000000000001000000000000000... 10           0.0091694151
    4: 1111000000000000000000001000000000000000... 9            0.0091793047
    5: 1111000000000000000000001000000001000000... 10           0.0092232493
    6: 1111000000000000000000001000000000000000... 10           0.0092388441
    7: 1111000000000000000000001000010000000000... 10           0.0092560447
    8: 1111000000000000000000001000010000000000... 10           0.0092974053
    9: 1111000000000000000000001000000000000000... 10           0.0093158299

Pickling Hall of Fame to: genetic_alg_settings_evolve_halloffame.pkl
Begin 11 of 20 repetitions
Begin 20 generations
gen	nevals	avg      	std       	min      	max      
0  	0     	0.0119361	0.00112052	0.0107192	0.0140916
1  	10    	0.0126537	0.00136883	0.0110356	0.0149084
2  	10    	0.0130682	0.0015218 	0.0105595	0.014899 
3  	10    	0.013233 	0.00126882	0.0112398	0.0146932
4  	10    	0.0129485	0.00147879	0.010733 	0.0147974
5  	10    	0.0122407	0.000962727	0.0106248	0.0140161
6  	10    	0.0124258	0.00113648 	0.0107422	0.0144617
7  	10    	0.0124517	0.00114143 	0.0106271	0.0141018
8  	10    	0.0124106	0.0013036  	0.0107121	0.0144116
9  	10    	0.0121744	0.000909129	0.0108016	0.0141832
10 	10    	0.0124494	0.00118629 	0.0111069	0.014613 
11 	10    	0.0118117	0.00102988 	0.0103186	0.0135538
12 	10    	0.0123374	0.000997156	0.0108382	0.0143378
13 	10    	0.0124305	0.00147624 	0.00969334	0.0156317
14 	10    	0.0116546	0.00134299 	0.0100136 	0.0136851
15 	10    	0.011236 	0.00106731 	0.00987448	0.0133085
16 	10    	0.0117086	0.00129595 	0.010191  	0.0138716
17 	10    	0.0115382	0.00180594 	0.00962209	0.0167041
18 	10    	0.0120739	0.00188388 	0.00949724	0.0145827
19 	10    	0.0128472	0.00155034 	0.00986831	0.0145681
20 	10    	0.0121055	0.00142508 	0.00958017	0.0138279
Runtime: 1.858184197 (s)


Final population:
Index: Selected                                    #Selected    CV          
----------------------------------------------------------------------------------------------------
    0: 1111000000000000000000001000000000000000... 10           0.010638522 
    1: 1111000000000000000000001000000000000000... 10           0.011012238 
    2: 1111000000000000010000001000001000000000... 10           0.0095801661
    3: 1110010000000000010000001000000000000000... 10           0.013827878 
    4: 1111000000000000000000000000000000000000... 10           0.013043527 
    5: 1110000000000010000000000000000000000000... 10           0.013062887 
    6: 1111000000000000010000001000000000000000... 10           0.010894507 
    7: 1111000001000000000000000000000000000000... 10           0.011866087 
    8: 1110000000000000000000000000000000000000... 10           0.013705877 
    9: 1110000000000010000000000000000000000000... 10           0.013423078 

Pickling population to: genetic_alg_settings_population_end.pkl

Hall of Fame:
Index: Selected                                    #Selected    CV          
----------------------------------------------------------------------------------------------------
    0: 1111000000000000000000001000000000000000... 10           0.0088415158
    1: 1111000000000000000000001000000000000000... 10           0.0090246425
    2: 1111000000000000000000001000000000000000... 10           0.0091078059
    3: 1111000000000000000000001000000000000000... 10           0.0091694151
    4: 1111000000000000000000001000000000000000... 9            0.0091793047
    5: 1111000000000000000000001000000001000000... 10           0.0092232493
    6: 1111000000000000000000001000000000000000... 10           0.0092388441
    7: 1111000000000000000000001000010000000000... 10           0.0092560447
    8: 1111000000000000000000001000010000000000... 10           0.0092974053
    9: 1111000000000000000000001000000000000000... 10           0.0093158299

Pickling Hall of Fame to: genetic_alg_settings_evolve_halloffame.pkl
Begin 12 of 20 repetitions
Begin 20 generations
gen	nevals	avg      	std       	min       	max      
0  	0     	0.0121055	0.00142508	0.00958017	0.0138279
1  	10    	0.0124151	0.00163157	0.00949551	0.0144665
2  	10    	0.0116143	0.00125714	0.00994295	0.013611 
3  	10    	0.0124367	0.00171811	0.0100151 	0.0147109
4  	10    	0.0127142	0.0018272 	0.00994852	0.0149582
5  	10    	0.0122957	0.00158425	0.00963174	0.0141613
6  	10    	0.0129462	0.00147378	0.0102315 	0.0142327
7  	10    	0.012254 	0.0014876 	0.00993065	0.014204 
8  	10    	0.0126581	0.00129595	0.0103068 	0.0142491
9  	10    	0.0116023	0.00124699	0.0100785 	0.0142775
10 	10    	0.0125572	0.00166987	0.00998185	0.0146058
11 	10    	0.0118732	0.00179443	0.00938005	0.0158972
12 	10    	0.0113921	0.00111113	0.00993117	0.0132655
13 	10    	0.0126549	0.00136849	0.0100307 	0.0142937
14 	10    	0.0118896	0.00127224	0.00992868	0.0136585
15 	10    	0.0119113	0.00128234	0.00972124	0.0146154
16 	10    	0.0125204	0.00147525	0.0100364 	0.014992 
17 	10    	0.0118891	0.00173137	0.00933288	0.0145464
18 	10    	0.0119623	0.00123357	0.0104422 	0.0140087
19 	10    	0.0116152	0.000977142	0.00970626	0.0134339
20 	10    	0.0124401	0.00154829 	0.00996419	0.014889 
Runtime: 1.8815732329999975 (s)


Final population:
Index: Selected                                    #Selected    CV          
----------------------------------------------------------------------------------------------------
    0: 1111010000000000000000000000000000000000... 10           0.011842762 
    1: 1110000000000000000000001000000000000000... 10           0.014759718 
    2: 1111000000000000000000010000000001000000... 10           0.014889047 
    3: 1111000000000000000000000000000000001000... 10           0.011868186 
    4: 1111000000000000000000011000000000000000... 10           0.0118707   
    5: 1111000000000000000000000000000000000000... 10           0.012075103 
    6: 1110011000000000000000001000000000000000... 10           0.013372909 
    7: 1111000000000000000000000000000000000000... 10           0.013261552 
    8: 1111010000000000000000001000000000000000... 10           0.0099641871
    9: 1111000000000000000000001000000000000000... 10           0.010496496 

Pickling population to: genetic_alg_settings_population_end.pkl

Hall of Fame:
Index: Selected                                    #Selected    CV          
----------------------------------------------------------------------------------------------------
    0: 1111000000000000000000001000000000000000... 10           0.0088415158
    1: 1111000000000000000000001000000000000000... 10           0.0090246425
    2: 1111000000000000000000001000000000000000... 10           0.0091078059
    3: 1111000000000000000000001000000000000000... 10           0.0091694151
    4: 1111000000000000000000001000000000000000... 9            0.0091793047
    5: 1111000000000000000000001000000001000000... 10           0.0092232493
    6: 1111000000000000000000001000000000000000... 10           0.0092388441
    7: 1111000000000000000000001000010000000000... 10           0.0092560447
    8: 1111000000000000000000001000010000000000... 10           0.0092974053
    9: 1111000000000000000000001000000000000000... 10           0.0093158299

Pickling Hall of Fame to: genetic_alg_settings_evolve_halloffame.pkl
Begin 13 of 20 repetitions
Begin 20 generations
gen	nevals	avg      	std       	min       	max     
0  	0     	0.0124401	0.00154829	0.00996419	0.014889
1  	10    	0.0124304	0.00154353	0.0101116 	0.0148549
2  	10    	0.0132669	0.000846125	0.0119339 	0.0143849
3  	10    	0.0130343	0.00106352 	0.0116313 	0.0150633
4  	10    	0.0134099	0.00105441 	0.0121092 	0.0150976
5  	10    	0.0125732	0.00123624 	0.011003  	0.0156076
6  	10    	0.013092 	0.00105751 	0.0115138 	0.0146978
7  	10    	0.0127818	0.0010723  	0.0108722 	0.014396 
8  	10    	0.0124522	0.000673299	0.0115721 	0.0136148
9  	10    	0.0127646	0.00116072 	0.0113505 	0.0147267
10 	10    	0.0123257	0.00112212 	0.0107717 	0.0148744
11 	10    	0.0119052	0.000921452	0.0106736 	0.0140797
12 	10    	0.0131231	0.00189689 	0.0104533 	0.0164657
13 	10    	0.0123546	0.00137558 	0.010839  	0.0150137
14 	10    	0.0116263	0.00040443 	0.0108897 	0.0123146
15 	10    	0.0115322	0.000928431	0.0104471 	0.0138813
16 	10    	0.0120077	0.00114909 	0.0105202 	0.0142041
17 	10    	0.0122313	0.00125121 	0.010681  	0.0147006
18 	10    	0.0120034	0.00111586 	0.0108063 	0.0143474
19 	10    	0.0124051	0.00115248 	0.0107908 	0.0151244
20 	10    	0.0128712	0.00110284 	0.0111196 	0.0149831
Runtime: 1.8464766650000008 (s)


Final population:
Index: Selected                                    #Selected    CV          
----------------------------------------------------------------------------------------------------
    0: 1110000001001000000000000000000000000000... 10           0.014983146 
    1: 1110000000000000000000000000000000000000... 10           0.014028398 
    2: 1111000000000000000000000000000000000000... 10           0.011563551 
    3: 1111000000010000000000000000000000000000... 10           0.013454058 
    4: 1111000100000000000000000010000000000000... 10           0.012401875 
    5: 1111000000000000000000000010000000000000... 10           0.011119581 
    6: 1111000000000000000000000000000000000000... 10           0.012340491 
    7: 1111000000000000000000000000000000000000... 10           0.012573427 
    8: 1110000100000000000000000010000000000000... 10           0.013637081 
    9: 1111000100000000000000000000000000000100... 10           0.012610031 

Pickling population to: genetic_alg_settings_population_end.pkl

Hall of Fame:
Index: Selected                                    #Selected    CV          
----------------------------------------------------------------------------------------------------
    0: 1111000000000000000000001000000000000000... 10           0.0088415158
    1: 1111000000000000000000001000000000000000... 10           0.0090246425
    2: 1111000000000000000000001000000000000000... 10           0.0091078059
    3: 1111000000000000000000001000000000000000... 10           0.0091694151
    4: 1111000000000000000000001000000000000000... 9            0.0091793047
    5: 1111000000000000000000001000000001000000... 10           0.0092232493
    6: 1111000000000000000000001000000000000000... 10           0.0092388441
    7: 1111000000000000000000001000010000000000... 10           0.0092560447
    8: 1111000000000000000000001000010000000000... 10           0.0092974053
    9: 1111000000000000000000001000000000000000... 10           0.0093158299

Pickling Hall of Fame to: genetic_alg_settings_evolve_halloffame.pkl
Begin 14 of 20 repetitions
Begin 20 generations
gen	nevals	avg      	std       	min      	max      
0  	0     	0.0128712	0.00110284	0.0111196	0.0149831
1  	10    	0.012541 	0.000913325	0.011111 	0.0137142
2  	10    	0.0125771	0.000909841	0.0112846	0.0140144
3  	10    	0.0123336	0.00147563 	0.0100676	0.0148798
4  	10    	0.0125856	0.000968332	0.0113429	0.0142369
5  	10    	0.0125279	0.00124506 	0.0113625	0.0148398
6  	10    	0.0123715	0.00119964 	0.0110005	0.0146274
7  	10    	0.0124181	0.00138683 	0.0104347	0.0142367
8  	10    	0.0119568	0.00133576 	0.00988271	0.0138861
9  	10    	0.0118568	0.00117015 	0.00930517	0.0139631
10 	10    	0.0123751	0.00152021 	0.0100892 	0.0143054
11 	10    	0.0116873	0.00119843 	0.00999971	0.0140288
12 	10    	0.0117166	0.00141807 	0.00981123	0.0140401
13 	10    	0.0116084	0.00125368 	0.00981612	0.013603 
14 	10    	0.0119687	0.00178381 	0.00942881	0.0144785
15 	10    	0.0114288	0.00103605 	0.0100561 	0.0132142
16 	10    	0.0115222	0.00134528 	0.00965167	0.0137284
17 	10    	0.0110327	0.0012882  	0.00967165	0.0142704
18 	10    	0.0118594	0.00154109 	0.00962636	0.0139805
19 	10    	0.0114851	0.00113446 	0.0101944 	0.0140545
20 	10    	0.0120497	0.0017533  	0.00985272	0.014864 
Runtime: 1.8956967230000004 (s)


Final population:
Index: Selected                                    #Selected    CV          
----------------------------------------------------------------------------------------------------
    0: 1111000000000000000000001000100000000000... 10           0.010643468 
    1: 1111000000000000000000001000000000000000... 10           0.012131503 
    2: 1111000000000000000000001000000000000000... 10           0.010864868 
    3: 1111000000000000000000001000100000000000... 10           0.010116092 
    4: 1111000000000000000000001000000000001000... 10           0.0098527202
    5: 1110000000000000000000001000000000000000... 10           0.01486395  
    6: 1111000000000000000000001000000000000000... 10           0.010839426 
    7: 1111000000010000000000000000000000000000... 10           0.014351259 
    8: 1110000000000000000000001000000000000010... 10           0.013845377 
    9: 1111000000000000000000000000000000000000... 10           0.012988173 

Pickling population to: genetic_alg_settings_population_end.pkl

Hall of Fame:
Index: Selected                                    #Selected    CV          
----------------------------------------------------------------------------------------------------
    0: 1111000000000000000000001000000000000000... 10           0.0088415158
    1: 1111000000000000000000001000000000000000... 10           0.0090246425
    2: 1111000000000000000000001000000000000000... 10           0.0091078059
    3: 1111000000000000000000001000000000000000... 10           0.0091694151
    4: 1111000000000000000000001000000000000000... 9            0.0091793047
    5: 1111000000000000000000001000000001000000... 10           0.0092232493
    6: 1111000000000000000000001000000000000000... 10           0.0092388441
    7: 1111000000000000000000001000010000000000... 10           0.0092560447
    8: 1111000000000000000000001000010000000000... 10           0.0092974053
    9: 1111100000000000000000001000000000100000... 10           0.0093051699

Pickling Hall of Fame to: genetic_alg_settings_evolve_halloffame.pkl
Begin 15 of 20 repetitions
Begin 20 generations
gen	nevals	avg      	std      	min       	max     
0  	0     	0.0120497	0.0017533	0.00985272	0.014864
1  	10    	0.0125498	0.00179947	0.00992573	0.0148395
2  	10    	0.0126875	0.00110714	0.0107959 	0.0143077
3  	10    	0.0121443	0.00135303	0.0102715 	0.0141665
4  	10    	0.0118087	0.00190358	0.010013  	0.0158833
5  	10    	0.0121979	0.00144367	0.01011   	0.0142861
6  	10    	0.0124156	0.0011646 	0.0102713 	0.0140361
7  	10    	0.0122401	0.00155638	0.00994346	0.0147654
8  	10    	0.0132679	0.00102017	0.0112474 	0.0147805
9  	10    	0.0129403	0.00165724	0.0107747 	0.0164758
10 	10    	0.0123322	0.000976589	0.0108372 	0.0142228
11 	10    	0.0128375	0.0014447  	0.0103107 	0.0148819
12 	10    	0.0124372	0.000945681	0.0109207 	0.0136936
13 	10    	0.0120662	0.00102986 	0.0100231 	0.0141121
14 	10    	0.0127839	0.00164926 	0.0102353 	0.0155551
15 	10    	0.0126401	0.00169903 	0.00966419	0.0147691
16 	10    	0.0125903	0.00107526 	0.0112985 	0.0142144
17 	10    	0.0129443	0.00101507 	0.0113028 	0.0144281
18 	10    	0.0129407	0.000877761	0.0112742 	0.0140232
19 	10    	0.0128437	0.00135456 	0.0102958 	0.0145331
20 	10    	0.0127093	0.00138453 	0.00976974	0.0141618
Runtime: 1.895334585999997 (s)


Final population:
Index: Selected                                    #Selected    CV          
----------------------------------------------------------------------------------------------------
    0: 1110000000000000000000001000000100000000... 10           0.014004203 
    1: 1111000000000000000000001000000000000000... 10           0.01144749  
    2: 1110000000000000000000000100000000000000... 9            0.014161849 
    3: 1111000000000000000000001000000000000000... 10           0.01302305  
    4: 1111000001000000000000000010000000000000... 10           0.011550733 
    5: 1110000000000000000000001100000000000000... 10           0.013820028 
    6: 1111000000000000000000001100000000000000... 10           0.009769742 
    7: 1110000000100000000000000100000000000000... 10           0.013876451 
    8: 1110000000000000001000101100000000000000... 10           0.013465697 
    9: 1111000000000000000000001100000000000000... 10           0.011974146 

Pickling population to: genetic_alg_settings_population_end.pkl

Hall of Fame:
Index: Selected                                    #Selected    CV          
----------------------------------------------------------------------------------------------------
    0: 1111000000000000000000001000000000000000... 10           0.0088415158
    1: 1111000000000000000000001000000000000000... 10           0.0090246425
    2: 1111000000000000000000001000000000000000... 10           0.0091078059
    3: 1111000000000000000000001000000000000000... 10           0.0091694151
    4: 1111000000000000000000001000000000000000... 9            0.0091793047
    5: 1111000000000000000000001000000001000000... 10           0.0092232493
    6: 1111000000000000000000001000000000000000... 10           0.0092388441
    7: 1111000000000000000000001000010000000000... 10           0.0092560447
    8: 1111000000000000000000001000010000000000... 10           0.0092974053
    9: 1111100000000000000000001000000000100000... 10           0.0093051699

Pickling Hall of Fame to: genetic_alg_settings_evolve_halloffame.pkl
Begin 16 of 20 repetitions
Begin 20 generations
gen	nevals	avg      	std       	min       	max      
0  	0     	0.0127093	0.00138453	0.00976974	0.0141618
1  	10    	0.012576 	0.0013883 	0.0102174 	0.0143925
2  	10    	0.0119947	0.00206219	0.0090591 	0.0143561
3  	10    	0.012703 	0.00202706	0.00867555	0.0160082
4  	10    	0.0120307	0.00163165	0.0093988 	0.0140124
5  	10    	0.0126876	0.00155316	0.0101302 	0.0145996
6  	10    	0.0124492	0.00166453	0.00973877	0.0148746
7  	10    	0.012552 	0.00151785	0.0103528 	0.0154119
8  	10    	0.0129559	0.0011276 	0.0115679 	0.0146707
9  	10    	0.0137319	0.00117681	0.0113228 	0.0150675
10 	10    	0.013185 	0.00134926	0.0108866 	0.0147469
11 	10    	0.0129083	0.00157426	0.00938975	0.0143983
12 	10    	0.012416 	0.00153325	0.00943543	0.0146006
13 	10    	0.0126915	0.00105614	0.0113845 	0.0146372
14 	10    	0.0133932	0.00161532	0.0110722 	0.0157387
15 	10    	0.0123155	0.000949623	0.0109063 	0.0138672
16 	10    	0.0121857	0.000903579	0.0108699 	0.0137048
17 	10    	0.0125406	0.0014678  	0.0105206 	0.0145943
18 	10    	0.0128479	0.000895935	0.0111642 	0.0143322
19 	10    	0.0132009	0.000925579	0.0114733 	0.0142083
20 	10    	0.012933 	0.000976872	0.0112055 	0.0143149
Runtime: 1.8836446530000046 (s)


Final population:
Index: Selected                                    #Selected    CV          
----------------------------------------------------------------------------------------------------
    0: 1111100000100000000000000000000000000000... 10           0.012005905 
    1: 1111100000000000000000000000000000000000... 10           0.012747324 
    2: 1111100000000100000000000000000000000000... 10           0.013039231 
    3: 1111100000000000000000000000000000000000... 10           0.014293948 
    4: 1111000000001000010000000000000000000000... 10           0.011205496 
    5: 1110000000001000000000000000000000100000... 10           0.013342045 
    6: 1110000000001000000000000000000000000001... 10           0.012672544 
    7: 1110100000000000000000000000000000000000... 10           0.014314923 
    8: 1111100000000100000000000000000000000000... 10           0.013760674 
    9: 1111100001000000000000000000000001000000... 10           0.011947522 

Pickling population to: genetic_alg_settings_population_end.pkl

Hall of Fame:
Index: Selected                                    #Selected    CV          
----------------------------------------------------------------------------------------------------
    0: 1111000000000000000000001000100000000000... 10           0.0086755522
    1: 1111000000000000000000001000000000000000... 10           0.0088415158
    2: 1111000000000000000000001000000000000000... 10           0.0090246425
    3: 1111000000000000000000001000100000000000... 10           0.0090590951
    4: 1111000000000000000000001000000000000000... 10           0.0091078059
    5: 1111000000000000000000001000000000000000... 10           0.0091694151
    6: 1111000000000000000000001000000000000000... 9            0.0091793047
    7: 1111000000000000000000001000000001000000... 10           0.0092232493
    8: 1111000000000000000000001000000000000000... 10           0.0092388441
    9: 1111000000000000000000001000010000000000... 10           0.0092560447

Pickling Hall of Fame to: genetic_alg_settings_evolve_halloffame.pkl
Begin 17 of 20 repetitions
Begin 20 generations
gen	nevals	avg     	std        	min      	max      
0  	0     	0.012933	0.000976872	0.0112055	0.0143149
1  	10    	0.0128742	0.00152366 	0.0105823	0.0160107
2  	10    	0.012896 	0.000718186	0.0117092	0.014045 
3  	10    	0.0131971	0.000879991	0.0124188	0.0153261
4  	10    	0.0133061	0.000893664	0.0122576	0.0150743
5  	10    	0.0130581	0.00079962 	0.0118484	0.014266 
6  	10    	0.0126528	0.00049633 	0.0117271	0.0134261
7  	10    	0.0130704	0.000900304	0.0115607	0.014096 
8  	10    	0.0128085	0.000857118	0.011958 	0.0141506
9  	10    	0.0130366	0.00106221 	0.011684 	0.0148928
10 	10    	0.0128926	0.000879734	0.0116764	0.014523 
11 	10    	0.013132 	0.0010365  	0.0116125	0.0147728
12 	10    	0.0127814	0.000933416	0.0115627	0.0141986
13 	10    	0.0128031	0.00105533 	0.0115581	0.0148984
14 	10    	0.0125958	0.00101218 	0.011723 	0.0148575
15 	10    	0.0129032	0.00100517 	0.0117355	0.0148349
16 	10    	0.0131007	0.0013237  	0.0115905	0.0146926
17 	10    	0.012394 	0.000897423	0.0115445	0.0147232
18 	10    	0.0125085	0.00110769 	0.0112141	0.0146085
19 	10    	0.0125725	0.00110659 	0.01123  	0.0145933
20 	10    	0.0124355	0.00100146 	0.0112023	0.0143302
Runtime: 1.9154006380000013 (s)


Final population:
Index: Selected                                    #Selected    CV          
----------------------------------------------------------------------------------------------------
    0: 1111010000000000000000000000000000100000... 10           0.012125008 
    1: 1111000000000000000000000000000000100000... 10           0.011740877 
    2: 1111000000000000000000000000000000100000... 10           0.012420766 
    3: 1111000000000000000000000000000000100000... 10           0.012032789 
    4: 1110000000000000000000000000000000100010... 10           0.014075819 
    5: 1111000000000000000000000000000000000000... 10           0.012555725 
    6: 1111000000000000000000000000000000000000... 10           0.011238293 
    7: 1110000000000000000000000000000000100000... 10           0.01433024  
    8: 1111000000000000000000000100000000000000... 10           0.011202341 
    9: 1111000000000000000000000000000000000000... 10           0.012632668 

Pickling population to: genetic_alg_settings_population_end.pkl

Hall of Fame:
Index: Selected                                    #Selected    CV          
----------------------------------------------------------------------------------------------------
    0: 1111000000000000000000001000100000000000... 10           0.0086755522
    1: 1111000000000000000000001000000000000000... 10           0.0088415158
    2: 1111000000000000000000001000000000000000... 10           0.0090246425
    3: 1111000000000000000000001000100000000000... 10           0.0090590951
    4: 1111000000000000000000001000000000000000... 10           0.0091078059
    5: 1111000000000000000000001000000000000000... 10           0.0091694151
    6: 1111000000000000000000001000000000000000... 9            0.0091793047
    7: 1111000000000000000000001000000001000000... 10           0.0092232493
    8: 1111000000000000000000001000000000000000... 10           0.0092388441
    9: 1111000000000000000000001000010000000000... 10           0.0092560447

Pickling Hall of Fame to: genetic_alg_settings_evolve_halloffame.pkl
Begin 18 of 20 repetitions
Begin 20 generations
gen	nevals	avg      	std       	min      	max      
0  	0     	0.0124355	0.00100146	0.0112023	0.0143302
1  	10    	0.0127015	0.000884998	0.0112799	0.0140475
2  	10    	0.0124252	0.000914518	0.0111587	0.0140249
3  	10    	0.0123474	0.000854215	0.0112132	0.013729 
4  	10    	0.01289  	0.000890895	0.0118731	0.01441  
5  	10    	0.0130178	0.00106251 	0.0118153	0.0149832
6  	10    	0.0127657	0.00141267 	0.011575 	0.0160158
7  	10    	0.0124355	0.00079279 	0.0108661	0.0137548
8  	10    	0.012836 	0.00100164 	0.0112791	0.014376 
9  	10    	0.0123165	0.00112743 	0.011071 	0.014654 
10 	10    	0.0126487	0.00109583 	0.0111009	0.0140621
11 	10    	0.012224 	0.00106809 	0.0110922	0.014942 
12 	10    	0.0121019	0.000914636	0.0111144	0.014252 
13 	10    	0.0121305	0.0010207  	0.0111107	0.0143726
14 	10    	0.012083 	0.00105183 	0.010652 	0.013687 
15 	10    	0.0119004	0.00143073 	0.0107062	0.0147325
16 	10    	0.0118912	0.00112015 	0.0106594	0.0143594
17 	10    	0.0127082	0.0012326  	0.0108479	0.0144949
18 	10    	0.0119472	0.00132979 	0.0108346	0.014782 
19 	10    	0.0120458	0.00120513 	0.0105738	0.0139818
20 	10    	0.0121947	0.0015801  	0.0106757	0.0157038
Runtime: 1.9949108830000029 (s)


Final population:
Index: Selected                                    #Selected    CV          
----------------------------------------------------------------------------------------------------
    0: 1110000000000000000100000011000000000000... 10           0.013958781 
    1: 1111000000000000000000100000100000000000... 10           0.011997346 
    2: 1110000000000000000000000000100000000000... 10           0.015703833 
    3: 1110000000000000000000000000100000000000... 10           0.013554077 
    4: 1111000000000000000000000001000000000000... 10           0.011291158 
    5: 1111000000000000000000000000100000000000... 10           0.010889314 
    6: 1111000000000000000000000000100000000000... 10           0.011038993 
    7: 1111000000000000000000000000100000000000... 10           0.010675738 
    8: 1111000000000000000000000000100000000000... 10           0.011039871 
    9: 1111000000000000000000000000100000000000... 10           0.011798118 

Pickling population to: genetic_alg_settings_population_end.pkl

Hall of Fame:
Index: Selected                                    #Selected    CV          
----------------------------------------------------------------------------------------------------
    0: 1111000000000000000000001000100000000000... 10           0.0086755522
    1: 1111000000000000000000001000000000000000... 10           0.0088415158
    2: 1111000000000000000000001000000000000000... 10           0.0090246425
    3: 1111000000000000000000001000100000000000... 10           0.0090590951
    4: 1111000000000000000000001000000000000000... 10           0.0091078059
    5: 1111000000000000000000001000000000000000... 10           0.0091694151
    6: 1111000000000000000000001000000000000000... 9            0.0091793047
    7: 1111000000000000000000001000000001000000... 10           0.0092232493
    8: 1111000000000000000000001000000000000000... 10           0.0092388441
    9: 1111000000000000000000001000010000000000... 10           0.0092560447

Pickling Hall of Fame to: genetic_alg_settings_evolve_halloffame.pkl
Begin 19 of 20 repetitions
Begin 20 generations
gen	nevals	avg      	std      	min      	max      
0  	0     	0.0121947	0.0015801	0.0106757	0.0157038
1  	10    	0.0118072	0.00159633	0.0103368	0.0160469
2  	10    	0.0120046	0.00107242	0.0108888	0.0143985
3  	10    	0.0120656	0.000710082	0.0111611	0.0136702
4  	10    	0.0124984	0.00153805 	0.0108885	0.0153751
5  	10    	0.0133464	0.00129177 	0.0111921	0.0160414
6  	10    	0.0131254	0.00179585 	0.0105636	0.0164251
7  	10    	0.0122825	0.00128609 	0.0111258	0.0149956
8  	10    	0.0116981	0.000962776	0.0106696	0.0140929
9  	10    	0.0122961	0.00130069 	0.0104115	0.0150107
10 	10    	0.0122524	0.00130407 	0.0104768	0.0148722
11 	10    	0.0119866	0.000882938	0.0109886	0.0136503
12 	10    	0.0125336	0.00125212 	0.0110702	0.0152306
13 	10    	0.012493 	0.00106568 	0.0110788	0.0142325
14 	10    	0.0126358	0.00147149 	0.0107506	0.0153341
15 	10    	0.0127234	0.000965891	0.0112022	0.0142537
16 	10    	0.0127073	0.00149636 	0.00970951	0.0148174
17 	10    	0.0116144	0.00074306 	0.00977041	0.0124574
18 	10    	0.011453 	0.00123197 	0.00977951	0.0140378
19 	10    	0.0115776	0.00137175 	0.00958268	0.0137665
20 	10    	0.0113597	0.00107192 	0.0100733 	0.0137422
Runtime: 1.9529577230000044 (s)


Final population:
Index: Selected                                    #Selected    CV          
----------------------------------------------------------------------------------------------------
    0: 1111010000000000000000001000100000000000... 10           0.011137951 
    1: 1111000000000000000000001000000000001000... 10           0.01046382  
    2: 1111000000001000000000001000000000000000... 10           0.011571835 
    3: 1110000000000000000000000000000000001000... 10           0.013742226 
    4: 1111000000100000000000000000100000000000... 10           0.012205298 
    5: 1111000000000000000000001000100000010000... 10           0.010073346 
    6: 1111000010000000000000001000100100000000... 10           0.010227971 
    7: 1111000010000000000000000000100000000000... 10           0.011456096 
    8: 1111000000000000010000000000000000000000... 10           0.012152224 
    9: 1111000000000000000000001000000100000000... 10           0.010566595 

Pickling population to: genetic_alg_settings_population_end.pkl

Hall of Fame:
Index: Selected                                    #Selected    CV          
----------------------------------------------------------------------------------------------------
    0: 1111000000000000000000001000100000000000... 10           0.0086755522
    1: 1111000000000000000000001000000000000000... 10           0.0088415158
    2: 1111000000000000000000001000000000000000... 10           0.0090246425
    3: 1111000000000000000000001000100000000000... 10           0.0090590951
    4: 1111000000000000000000001000000000000000... 10           0.0091078059
    5: 1111000000000000000000001000000000000000... 10           0.0091694151
    6: 1111000000000000000000001000000000000000... 9            0.0091793047
    7: 1111000000000000000000001000000001000000... 10           0.0092232493
    8: 1111000000000000000000001000000000000000... 10           0.0092388441
    9: 1111000000000000000000001000010000000000... 10           0.0092560447

Pickling Hall of Fame to: genetic_alg_settings_evolve_halloffame.pkl
Begin 20 of 20 repetitions
Begin 20 generations
gen	nevals	avg      	std       	min      	max      
0  	0     	0.0113597	0.00107192	0.0100733	0.0137422
1  	10    	0.0111066	0.000788895	0.00992581	0.012672 
2  	10    	0.0105741	0.00122571 	0.00948941	0.0136956
3  	10    	0.0108555	0.000981365	0.00966239	0.0125084
4  	10    	0.0112172	0.000978094	0.0099913 	0.012658 
5  	10    	0.0115548	0.00121683 	0.0099859 	0.0140754
6  	10    	0.0124744	0.00132951 	0.0101396 	0.0141499
7  	10    	0.0122868	0.0017662  	0.0093845 	0.0146049
8  	10    	0.0117604	0.00162881 	0.00923666	0.0143182
9  	10    	0.0127145	0.00170451 	0.0103242 	0.0150325
10 	10    	0.0120702	0.00159076 	0.00938389	0.0144534
11 	10    	0.0110663	0.00130887 	0.00906696	0.0129629
12 	10    	0.0118193	0.00125861 	0.0102889 	0.0138314
13 	10    	0.0126502	0.00117986 	0.0109986 	0.0139525
14 	10    	0.0128411	0.00115881 	0.0107416 	0.0140293
15 	10    	0.0127832	0.000840604	0.0114686 	0.0144994
16 	10    	0.0127045	0.00105385 	0.0111631 	0.0147533
17 	10    	0.0119433	0.00115277 	0.0099337 	0.0139476
18 	10    	0.0124224	0.0010229  	0.0109374 	0.0145223
19 	10    	0.0129061	0.00125614 	0.0107309 	0.0155158
20 	10    	0.0126217	0.00144641 	0.0108591 	0.0145268
Runtime: 2.0363223720000008 (s)


Final population:
Index: Selected                                    #Selected    CV          
----------------------------------------------------------------------------------------------------
    0: 1111000001000000000000101000100000000000... 9            0.011082804 
    1: 1110000000000000000000000000000000010000... 10           0.01398384  
    2: 1111000000000000000000000000100000000000... 10           0.012040156 
    3: 1110000000000000000000100000000000000000... 10           0.014526792 
    4: 1110000000000000100000000000100000000000... 10           0.014150375 
    5: 1110000000000000000100000000100000000000... 10           0.013779094 
    6: 1110000000000000000000101100000000000000... 10           0.013666665 
    7: 1111000000000000000000101000000000000000... 10           0.010859138 
    8: 1111000000000000000000101000000000000000... 10           0.011086504 
    9: 1111000000000000000000001000000000000000... 10           0.011041214 

Pickling population to: genetic_alg_settings_population_end.pkl

Hall of Fame:
Index: Selected                                    #Selected    CV          
----------------------------------------------------------------------------------------------------
    0: 1111000000000000000000001000100000000000... 10           0.0086755522
    1: 1111000000000000000000001000000000000000... 10           0.0088415158
    2: 1111000000000000000000001000000000000000... 10           0.0090246425
    3: 1111000000000000000000001000100000000000... 10           0.0090590951
    4: 1111000000000000000000001001010000000000... 10           0.0090669589
    5: 1111000000000000000000001000000000000000... 9            0.0091058328
    6: 1111000000000000000000001000000000000000... 10           0.0091078059
    7: 1111000000000000000000001000000000000000... 10           0.0091694151
    8: 1111000000000000000000001000000000000000... 9            0.0091793047
    9: 1111000000000000000000001000000001000000... 10           0.0092232493

Pickling Hall of Fame to: genetic_alg_settings_evolve_halloffame.pkl
#   DONE  Runtime: 41.604126409 (s)

Adding statistics...
  DONE

Result:
Index: Selected                                    #Selected    CV           RMS          wRMS         Estimator                FeatureSelection         Note
--------------------------------------------------------------------------------------------------------------------------------------------------------------------
    0: 1111000000000000000000001000100000000000... 10           0.0086755522 0.01571509   0.0079650579 LinearRegression         GeneticAlgorithm         
    1: 1111000000000000000000001000000000000000... 10           0.0088415158 0.017669921  0.0081371529 LinearRegression         GeneticAlgorithm         
    2: 1111000000000000000000001000000000000000... 10           0.0090246425 0.017881662  0.008336139  LinearRegression         GeneticAlgorithm         
    3: 1111000000000000000000001000100000000000... 10           0.0090590951 0.016858628  0.0080860676 LinearRegression         GeneticAlgorithm         
    4: 1111000000000000000000001001010000000000... 10           0.0090669589 0.015461254  0.008077657  LinearRegression         GeneticAlgorithm         
    5: 1111000000000000000000001000000000000000... 9            0.0091058328 0.017471055  0.0081901417 LinearRegression         GeneticAlgorithm         
    6: 1111000000000000000000001000000000000000... 10           0.0091078059 0.016799562  0.0082236609 LinearRegression         GeneticAlgorithm         
    7: 1111000000000000000000001000000000000000... 10           0.0091694151 0.017502132  0.0081965805 LinearRegression         GeneticAlgorithm         
    8: 1111000000000000000000001000000000000000... 9            0.0091793047 0.016708016  0.0080264527 LinearRegression         GeneticAlgorithm         
    9: 1111000000000000000000001000000001000000... 10           0.0092232493 0.017324247  0.0081039851 LinearRegression         GeneticAlgorithm         

Pickling Hall of Fame to: genetic_alg_settings_halloffame.pkl
