Loading genetic_alg_settings.json
# Hall of Fame size: 10 

# Get problem data...
# wHullDist: Will calculate hull distance: hull_dist(CALCULATED,atom_frac)
# Query requested: ['formation_energy', 'is_calculated', 'corr', 'hull_dist(CALCULATED,atom_frac)']
# Use existing: []
# Querying: ['formation_energy', 'is_calculated', 'corr', 'hull_dist(CALCULATED,atom_frac)']
#   DONE

# Target: formation_energy
# Training samples: 627
# Features: 253 

# Weighting:
{
  "method": "wHullDist",
  "kwargs": {
    "A": 2.0,
    "B": 0.0,
    "kT": 0.1,
    "hull_selection": "CALCULATED"
  }
}

# CV:
{
  "method": "KFold",
  "kwargs": {
    "n_splits": 10,
    "shuffle": true
  },
  "penalty": 0.0
} 

# Writing problem specs to: genetic_alg_settings_specs.pkl
# To inspect or customize the problem specs further, use the '--checkspecs' method

# Estimator:
{
  "method": "LinearRegression",
  "kwargs": {
    "fit_intercept": false
  }
} 

# Feature Selection:
{
  "method": "GeneticAlgorithm",
  "kwargs": {
    "constraints_kwargs": {
      "n_features_max": 100,
      "n_features_min": 3,
      "fix_off": [],
      "fix_on": [
        0,
        1,
        2
      ]
    },
    "selTournamentSize": 3,
    "mutFlipBitProb": 0.01,
    "evolve_params_kwargs": {
      "n_generation": 20,
      "n_repetition": 20,
      "n_features_init": 3,
      "n_population": 10,
      "n_halloffame": 10,
      "halloffame_filename": "evolve_halloffame.pkl",
      "filename_prefix": "genetic_alg_settings"
    },
    "cxUniformProb": 0.5
  }
} 

# Fit and select...
Constructing initial population
Begin 1 of 20 repetitions
Begin 20 generations
gen	nevals	avg      	std        	min     	max     
0  	10    	0.0196693	0.000687127	0.018413	0.020245
1  	10    	0.0186075	0.000863622	0.0167834	0.019981
2  	10    	0.0173445	0.00115101 	0.0157169	0.0192888
3  	10    	0.0159154	0.00151641 	0.0137269	0.0187894
4  	10    	0.0139531	0.00103356 	0.0121532	0.0159131
5  	10    	0.0128564	0.000989283	0.011695 	0.014507 
6  	10    	0.0120226	0.00065418 	0.0104904	0.0130114
7  	10    	0.0110925	0.00074358 	0.00995786	0.0122479
8  	10    	0.0111005	0.00116203 	0.00963381	0.0131894
9  	10    	0.0100669	0.000517212	0.00938158	0.0112674
10 	10    	0.00957292	0.000167104	0.00935332	0.00983536
11 	10    	0.00958403	0.000359369	0.00890257	0.0103896 
12 	10    	0.00937604	0.000186538	0.00899501	0.00956434
13 	10    	0.00917744	0.000254522	0.00866185	0.00964207
14 	10    	0.00892921	0.000188972	0.00859281	0.00923542
15 	10    	0.00874296	0.000128313	0.00852744	0.00898324
16 	10    	0.00874069	0.000247924	0.00856118	0.00946099
17 	10    	0.0087098 	0.000399818	0.00835345	0.00983534
18 	10    	0.00848319	0.000173526	0.00815699	0.00877886
19 	10    	0.00841747	0.000206932	0.00813206	0.00871935
20 	10    	0.00824843	0.000142314	0.00802014	0.00855301
Runtime: 3.031225345999701 (s)


Final population:
Index: Selected                                    #Selected    CV          
----------------------------------------------------------------------------------------------------
    0: 1110011110011011000100000001000100010001... 64           0.0081594611
    1: 1111011010011010000100000100000100010001... 57           0.0081604007
    2: 1111011010011011000110000001000100010001... 62           0.0081667421
    3: 1111011010011011000100000001000100010001... 64           0.0080201429
    4: 1111011000011011000100000001000100010001... 61           0.008553007 
    5: 1111011011011011000100000001000100110001... 65           0.0081824232
    6: 1110011011011011000100000001000100010001... 65           0.0083518268
    7: 1111011000011011000100000001000100110001... 63           0.0082976225
    8: 1110011110011011000100000001000100010001... 62           0.0083777412
    9: 1111011010011010000000000000000100010001... 56           0.008214904 

Pickling population to: genetic_alg_settings_population_end.pkl

Hall of Fame:
Index: Selected                                    #Selected    CV          
----------------------------------------------------------------------------------------------------
    0: 1111011010011011000100000001000100010001... 64           0.0080201429
    1: 1111011010011011000100000001000100010001... 62           0.0081320645
    2: 1111011011011011000100000001000100110001... 65           0.0081392073
    3: 1110011010011011000100000000000100110001... 61           0.0081569882
    4: 1110011110011011000100000001000100010001... 64           0.0081594611
    5: 1111011010011010000100000100000100010001... 57           0.0081604007
    6: 1111011010011011000110000001000100010001... 62           0.0081667421
    7: 1111011011011011000100000001000100110001... 65           0.0081824232
    8: 1111011010011010000000000000000100010001... 56           0.008214904 
    9: 1110011110011010000100000000000100010001... 58           0.0082179049

Pickling Hall of Fame to: genetic_alg_settings_evolve_halloffame.pkl
Begin 2 of 20 repetitions
Begin 20 generations
gen	nevals	avg       	std        	min       	max       
0  	0     	0.00824843	0.000142314	0.00802014	0.00855301
1  	10    	0.00808869	0.000165731	0.00775131	0.00825319
2  	10    	0.00802157	0.000301206	0.00763002	0.00878452
3  	10    	0.00777013	0.000213392	0.00722024	0.00802354
4  	10    	0.00758447	0.000389897	0.00693336	0.00807028
5  	10    	0.00716319	0.000352663	0.00684866	0.00805383
6  	10    	0.00711905	0.000191404	0.00684215	0.00743807
7  	10    	0.00698074	0.000108622	0.00686447	0.00724121
8  	10    	0.00693664	0.000151599	0.00674138	0.00725392
9  	10    	0.00691125	0.00021278 	0.0065803 	0.00732965
10 	10    	0.0068087 	0.000122745	0.00667792	0.00709557
11 	10    	0.00680432	0.000109985	0.00667167	0.00703156
12 	10    	0.00675626	0.000182748	0.00641704	0.00704858
13 	10    	0.00663294	0.000125096	0.00640882	0.00678966
14 	10    	0.00665125	0.000163175	0.00641736	0.0070113 
15 	10    	0.00649875	0.000111434	0.00632381	0.00667774
16 	10    	0.00641209	0.000120265	0.00628216	0.00664581
17 	10    	0.00635982	6.94107e-05	0.00624163	0.00652452
18 	10    	0.00642698	0.000135153	0.00627548	0.00669112
19 	10    	0.00635049	6.00075e-05	0.00626161	0.00649685
20 	10    	0.00633689	5.94672e-05	0.0062455 	0.00642757
Runtime: 4.918792536998808 (s)


Final population:
Index: Selected                                    #Selected    CV          
----------------------------------------------------------------------------------------------------
    0: 1111011110011011000100101001000100011001... 100          0.0064275688
    1: 1111011110011011000100101001000100011001... 98           0.0063395809
    2: 1111011110011011001100101001000100011001... 98           0.0063997692
    3: 1111011110011011000100101001000100011001... 100          0.0063973864
    4: 1111011110011111000100101001000100011011... 100          0.0062455032
    5: 1111011110011011000100101001000100011001... 99           0.006356456 
    6: 1111011110011011000100101001000100011001... 89           0.0063567823
    7: 1111011110011011000100101001000100011001... 100          0.0062578738
    8: 1111011110011011000100101001000100011001... 100          0.0062787401
    9: 1111011010011011000100101001000100011001... 98           0.0063092334

Pickling population to: genetic_alg_settings_population_end.pkl

Hall of Fame:
Index: Selected                                    #Selected    CV          
----------------------------------------------------------------------------------------------------
    0: 1111011110011011000100101001000100011001... 91           0.0062416287
    1: 1111011110011111000100101001000100011011... 100          0.0062455032
    2: 1111011110011011000100101001000100011001... 100          0.0062578738
    3: 1111011110011011000100101001000100011001... 96           0.0062616084
    4: 1111011110011011000100101001000100011001... 98           0.0062754763
    5: 1111011110011011000100101001000100011001... 100          0.0062787401
    6: 1111011110011011000100101001000100011001... 89           0.0062821612
    7: 1111011110011011000100101001000100010001... 88           0.0062829672
    8: 1111011110011011000100101001000100010001... 87           0.0062979794
    9: 1111011110011011000100101001000100011001... 97           0.0063070749

Pickling Hall of Fame to: genetic_alg_settings_evolve_halloffame.pkl
Begin 3 of 20 repetitions
Begin 20 generations
gen	nevals	avg       	std        	min      	max       
0  	0     	0.00633689	5.94672e-05	0.0062455	0.00642757
1  	10    	0.00628964	6.01593e-05	0.00620449	0.00638196
2  	10    	0.00636861	0.000184492	0.00615232	0.0068513 
3  	10    	0.00627754	9.38452e-05	0.00617881	0.00651711
4  	10    	0.00630574	0.000142805	0.00613269	0.00657547
5  	10    	0.00632979	0.000123642	0.00613397	0.00651444
6  	10    	0.0063743 	0.000183435	0.006199  	0.00670572
7  	10    	0.00624997	9.81653e-05	0.00605536	0.00638364
8  	10    	0.00629417	8.67753e-05	0.00618239	0.00645675
9  	10    	0.00626105	8.75786e-05	0.00612   	0.0063751 
10 	10    	0.00630804	0.000139402	0.00608739	0.00651794
11 	10    	0.0062886 	0.000153235	0.00603747	0.00649775
12 	10    	0.00642282	0.000423748	0.00616224	0.00765488
13 	10    	0.00624689	7.7462e-05 	0.00615091	0.00640552
14 	10    	0.00624026	0.000156999	0.00609416	0.00667995
15 	10    	0.00615451	9.88676e-05	0.0060145 	0.00635619
16 	10    	0.00622789	0.000252056	0.00601523	0.00687881
17 	10    	0.00619321	0.000123472	0.00602736	0.00642404
18 	10    	0.00635814	0.000378308	0.00604493	0.00721237
19 	10    	0.00622514	0.000171781	0.00603202	0.00667854
20 	10    	0.00617655	0.000165292	0.00594298	0.00653554
Runtime: 5.718411687998014 (s)


Final population:
Index: Selected                                    #Selected    CV          
----------------------------------------------------------------------------------------------------
    0: 1111011011011011000110101001000100011001... 99           0.0065355409
    1: 1111001111011001000100101001000100011001... 97           0.0060978921
    2: 1111011111011011000110101001000100011001... 98           0.0060697061
    3: 1111001111011011000100101001000100010001... 99           0.0061547325
    4: 1111011011011011000100011001000101011001... 99           0.0063334308
    5: 1111010110011011100110101001010110011001... 100          0.0059429834
    6: 1111011011111010000110001001000100011001... 97           0.0060390237
    7: 1111011011011011000110101001000100011001... 100          0.0061148383
    8: 1111011111011011000110101001000100011001... 97           0.0061473792
    9: 1111011011010011100100001001000100011001... 100          0.0063299234

Pickling population to: genetic_alg_settings_population_end.pkl

Hall of Fame:
Index: Selected                                    #Selected    CV          
----------------------------------------------------------------------------------------------------
    0: 1111010110011011100110101001010110011001... 100          0.0059429834
    1: 1111001111011011000100101001000101111001... 100          0.0060144983
    2: 1111001111011011000100101001000101011001... 100          0.0060152338
    3: 1111011111011011000100101001000100011001... 98           0.0060273621
    4: 1111011011011011000110001001000100011001... 100          0.006032021 
    5: 1111011011011011000110101001000100011001... 100          0.0060336878
    6: 1111001111011011000100101001000100011001... 100          0.0060361745
    7: 1111011111011011000110001001000100011001... 98           0.0060374731
    8: 1111011011111010000110001001000100011001... 97           0.0060390237
    9: 1111011111011011000110101001000100011001... 100          0.0060449294

Pickling Hall of Fame to: genetic_alg_settings_evolve_halloffame.pkl
Begin 4 of 20 repetitions
Begin 20 generations
gen	nevals	avg       	std        	min       	max       
0  	0     	0.00617655	0.000165292	0.00594298	0.00653554
1  	10    	0.0061571 	0.000157629	0.00598125	0.00648673
2  	10    	0.0061335 	9.18812e-05	0.00593866	0.00629618
3  	10    	0.00613454	0.000134496	0.00600443	0.00650783
4  	10    	0.00615708	0.00016924 	0.00592505	0.00655004
5  	10    	0.00621322	0.000275612	0.0059912 	0.00686779
6  	10    	0.00609747	9.72795e-05	0.00589099	0.00624735
7  	10    	0.0061164 	0.000169825	0.00590266	0.00648518
8  	10    	0.00611275	0.000152641	0.0059118 	0.00638829
9  	10    	0.0059925 	0.000120694	0.00573257	0.00612958
10 	10    	0.00601822	0.000102016	0.00581919	0.00617581
11 	10    	0.00603716	0.00012407 	0.00584148	0.00627705
12 	10    	0.00610007	0.000192514	0.00586861	0.00641142
13 	10    	0.00612386	0.000346001	0.00591741	0.00711975
14 	10    	0.00600013	8.1796e-05 	0.005869  	0.00612305
15 	10    	0.00591416	7.15363e-05	0.00579086	0.00605969
16 	10    	0.00606328	0.00034576 	0.0057968 	0.00705282
17 	10    	0.00596485	0.000179006	0.00573616	0.00636769
18 	10    	0.0060834 	0.000317345	0.00580512	0.00695286
19 	10    	0.00594811	0.000160924	0.00568576	0.00631516
20 	10    	0.00596026	0.000150673	0.00570298	0.00631256
Runtime: 5.678723785000329 (s)


Final population:
Index: Selected                                    #Selected    CV          
----------------------------------------------------------------------------------------------------
    0: 1111111011110010000111101001000100010111... 97           0.0058334528
    1: 1111111011110010000111101001000100010111... 98           0.0060265407
    2: 1111111011110010001111101001000100010111... 100          0.0059911666
    3: 1111110011110010000011101001000100010111... 100          0.0057029783
    4: 1111111011110010000110101001000100010111... 95           0.0058513807
    5: 1111111011100010000111101001000100010111... 99           0.0059802545
    6: 1111110011110010001111101001000100010101... 99           0.0063125647
    7: 1111111011110010001011101001010100010111... 100          0.0059255192
    8: 1111110011110010001110101001000100010111... 100          0.0059972951
    9: 1111111011110010001011101001000101010111... 100          0.0059814447

Pickling population to: genetic_alg_settings_population_end.pkl

Hall of Fame:
Index: Selected                                    #Selected    CV          
----------------------------------------------------------------------------------------------------
    0: 1111110011110010001011101001000100010111... 100          0.0056857557
    1: 1111110011110010000011101001000100010111... 100          0.0057029783
    2: 1111110011111010000100101001000101010101... 99           0.0057325699
    3: 1111111011110010000111101001000100010111... 100          0.0057361577
    4: 1111111011110010000110101001000100010111... 100          0.0057908557
    5: 1111111011110010000110101000000100010111... 99           0.0057967985
    6: 1111111011110010001111101001000100010111... 100          0.0058051229
    7: 1111111011110010000110101001000100010111... 99           0.0058191927
    8: 1111111011110010000110101001000100010111... 98           0.0058229691
    9: 1111111011110010000111101000000100010111... 100          0.0058236269

Pickling Hall of Fame to: genetic_alg_settings_evolve_halloffame.pkl
Begin 5 of 20 repetitions
Begin 20 generations
gen	nevals	avg       	std        	min       	max       
0  	0     	0.00596026	0.000150673	0.00570298	0.00631256
1  	10    	0.005954  	0.00011852 	0.00579582	0.00625463
2  	10    	0.00595325	0.000120125	0.0057691 	0.00620888
3  	10    	0.00604672	0.000359286	0.0058476 	0.00707211
4  	10    	0.00600683	0.000114702	0.00585233	0.00624725
5  	10    	0.00595455	3.73529e-05	0.00589116	0.00600255
6  	10    	0.00596348	6.33153e-05	0.00588124	0.00606022
7  	10    	0.00600558	0.000211421	0.00583647	0.00656005
8  	10    	0.00591863	0.000123542	0.00572556	0.00621651
9  	10    	0.00589447	9.54497e-05	0.00576127	0.00608342
10 	10    	0.00585989	6.56086e-05	0.00571847	0.00596343
11 	10    	0.00587823	9.91668e-05	0.00572135	0.0060525 
12 	10    	0.00600516	0.000390173	0.00568942	0.00711866
13 	10    	0.00599993	0.00032222 	0.00577432	0.00691467
14 	10    	0.00588496	0.000183719	0.00560204	0.00627813
15 	10    	0.00581089	0.000168384	0.0055671 	0.00615256
16 	10    	0.00581104	0.000164759	0.00559249	0.00623623
17 	10    	0.00583992	0.00019536 	0.00567584	0.00627189
18 	10    	0.00600646	0.000417287	0.00566728	0.00720147
19 	10    	0.00608711	0.00033677 	0.0057407 	0.0067208 
20 	10    	0.00589298	0.000154716	0.00565812	0.00619617
Runtime: 5.681326991001697 (s)


Final population:
Index: Selected                                    #Selected    CV          
----------------------------------------------------------------------------------------------------
    0: 1111111011010010000111001111000100010110... 100          0.0057592862
    1: 1111111011010010000100001111000100010110... 98           0.0058649663
    2: 1111111011000010000010101111000100010111... 94           0.005868709 
    3: 1111111011010010000111001001000100010110... 100          0.0060860454
    4: 1111111011010010000011101101000100010110... 99           0.0059042158
    5: 1111111011010010000111001111000100010110... 100          0.0059211148
    6: 1111111011010010000011101101000100010111... 96           0.0059544315
    7: 1111111011010010000111101101000100010000... 99           0.0061961704
    8: 1111111011000010000011101101000100010110... 100          0.0057167096
    9: 1111111011010010000011101001000100010110... 97           0.0056581238

Pickling population to: genetic_alg_settings_population_end.pkl

Hall of Fame:
Index: Selected                                    #Selected    CV          
----------------------------------------------------------------------------------------------------
    0: 1111111011010010000011001111000100010110... 100          0.0055671048
    1: 1111111011010010000011101101000100010110... 100          0.0055924912
    2: 1111111011000010000011001101000100010111... 100          0.0056020429
    3: 1111111011001010000010001101000100010111... 100          0.0056519095
    4: 1111111011000010000011001101000100010111... 99           0.005654725 
    5: 1111111011010010000011101001000100010110... 97           0.0056581238
    6: 1111111011010010000011101101000100010110... 100          0.0056672764
    7: 1111111011000010000111001111000100010110... 95           0.0056758402
    8: 1111110011110010001011101001000100010111... 100          0.0056857557
    9: 1111111011010010000010101101000100010111... 100          0.0056894237

Pickling Hall of Fame to: genetic_alg_settings_evolve_halloffame.pkl
Begin 6 of 20 repetitions
Begin 20 generations
gen	nevals	avg       	std        	min       	max       
0  	0     	0.00589298	0.000154716	0.00565812	0.00619617
1  	10    	0.00578706	0.000125814	0.00561854	0.00597674
2  	10    	0.00580523	0.000168534	0.00546837	0.00610746
3  	10    	0.00581589	0.000147662	0.00561091	0.00611434
4  	10    	0.00587833	0.000183527	0.00568323	0.00636241
5  	10    	0.0058911 	0.00022861 	0.00568974	0.00652098
6  	10    	0.00585999	0.000111486	0.00562514	0.00601755
7  	10    	0.00578435	0.000124554	0.00554738	0.00597942
8  	10    	0.00578327	0.000148154	0.00560481	0.00611364
9  	10    	0.00572611	0.000132059	0.0055757 	0.00607136
10 	10    	0.00581287	0.000156839	0.00558951	0.00617063
11 	10    	0.00578505	0.00016095 	0.00561136	0.00616222
12 	10    	0.00585978	0.000242012	0.0055923 	0.00647607
13 	10    	0.00580304	0.000169382	0.00556887	0.00621137
14 	10    	0.00585727	0.000210866	0.00565959	0.00636252
15 	10    	0.00572207	7.53946e-05	0.005651  	0.00590765
16 	10    	0.00583923	0.000323245	0.00562943	0.00678578
17 	10    	0.00580426	0.000202612	0.00567227	0.00639644
18 	10    	0.00583659	0.000226571	0.00560875	0.00646501
19 	10    	0.00583646	0.000190328	0.00566891	0.00635073
20 	10    	0.00581421	0.000298183	0.00562683	0.00668777
Runtime: 5.679066051001428 (s)


Final population:
Index: Selected                                    #Selected    CV          
----------------------------------------------------------------------------------------------------
    0: 1111101011011011000011001111000100010010... 98           0.0057352669
    1: 1111101011011011000011001111000100010010... 100          0.0057592366
    2: 1111101011011011000011001111000100010010... 100          0.0057420911
    3: 1111111001011011000011001111000100010010... 99           0.0057102611
    4: 1111101101011011000011001011000100010000... 100          0.0058694635
    5: 1111100011011011000011001111000100010010... 100          0.0056874524
    6: 1111111001011011000001000111000100000010... 97           0.0066877694
    7: 1111101001011011000011001111000100010010... 100          0.0056538697
    8: 1111100011011011000011001111001100010010... 100          0.0056699026
    9: 1111101011011011000011101111000100010010... 100          0.005626834 

Pickling population to: genetic_alg_settings_population_end.pkl

Hall of Fame:
Index: Selected                                    #Selected    CV          
----------------------------------------------------------------------------------------------------
    0: 1111111011011010000011001011000100010110... 97           0.005468368 
    1: 1111101011011010000011001111000100010110... 100          0.0055473797
    2: 1111111011010010000011001111000100010110... 100          0.0055671048
    3: 1111101011011010000011001111000100010010... 97           0.0055688749
    4: 1111101011011010000011001111000100010110... 99           0.0055756995
    5: 1111101011011011000011001111000100010010... 94           0.0055895136
    6: 1111101011011011000011001111000100010010... 96           0.0055911427
    7: 1111101011011011000011001111000100010010... 100          0.0055923011
    8: 1111111011010010000011101101000100010110... 100          0.0055924912
    9: 1111111011000010000011001101000100010111... 100          0.0056020429

Pickling Hall of Fame to: genetic_alg_settings_evolve_halloffame.pkl
Begin 7 of 20 repetitions
Begin 20 generations
gen	nevals	avg       	std        	min       	max       
0  	0     	0.00581421	0.000298183	0.00562683	0.00668777
1  	10    	0.00578824	0.000203093	0.00560013	0.00632113
2  	10    	0.00574812	7.07568e-05	0.00558369	0.00584044
3  	10    	0.00579463	9.8395e-05 	0.00561602	0.00593029
4  	10    	0.00579389	0.000133011	0.00563975	0.00615119
5  	10    	0.00588907	0.000337334	0.00560534	0.00680257
6  	10    	0.00583342	0.000136355	0.00563466	0.00612157
7  	10    	0.00581372	5.92664e-05	0.00572574	0.00591365
8  	10    	0.00589946	0.000184574	0.00568039	0.00629612
9  	10    	0.00592041	0.00031127 	0.0056355 	0.00677036
10 	10    	0.00587362	0.000192973	0.00571672	0.00638729
11 	10    	0.0058368 	0.000176593	0.00556919	0.00614015
12 	10    	0.0058928 	0.00024013 	0.00569522	0.00653903
13 	10    	0.00568787	8.13911e-05	0.00553515	0.00580795
14 	10    	0.00574903	9.89816e-05	0.00563035	0.00592082
15 	10    	0.00578191	0.000151934	0.0055966 	0.00614596
16 	10    	0.00579655	0.000144792	0.00566026	0.00607169
17 	10    	0.00576815	8.59636e-05	0.00563727	0.00597259
18 	10    	0.00575909	4.67667e-05	0.00566127	0.00583553
19 	10    	0.00582251	0.000117789	0.00564521	0.00602252
20 	10    	0.00575683	6.49296e-05	0.00565608	0.00585103
Runtime: 5.665282929003297 (s)


Final population:
Index: Selected                                    #Selected    CV          
----------------------------------------------------------------------------------------------------
    0: 1111001011011011000011011111000100010010... 98           0.0056641181
    1: 1111001011011011000011001111010100010010... 98           0.0057643726
    2: 1111001011011011000011001111001100010010... 100          0.0058510316
    3: 1111001011011011000011001111000100010010... 94           0.0057613854
    4: 1111001011011011000011001111000100010010... 96           0.0057218287
    5: 1111000011011011000011101111000100010010... 92           0.0058263108
    6: 1111001011011011000011001111000100010010... 100          0.005748273 
    7: 1111001011011011000011011111000100010010... 98           0.0056560779
    8: 1111001011011011000011011111001100010010... 96           0.0057305915
    9: 1111001011011011000011001111000100010010... 96           0.0058442724

Pickling population to: genetic_alg_settings_population_end.pkl

Hall of Fame:
Index: Selected                                    #Selected    CV          
----------------------------------------------------------------------------------------------------
    0: 1111111011011010000011001011000100010110... 97           0.005468368 
    1: 1111001011011011000011001111000100010010... 98           0.0055351537
    2: 1111101011011010000011001111000100010110... 100          0.0055473797
    3: 1111111011010010000011001111000100010110... 100          0.0055671048
    4: 1111101011011010000011001111000100010010... 97           0.0055688749
    5: 1111001011011011000011011111001100010010... 98           0.0055691917
    6: 1111101011011010000011001111000100010110... 99           0.0055756995
    7: 1111101001011011000011001111000100010010... 96           0.0055836905
    8: 1111101011011011000011001111000100010010... 94           0.0055895136
    9: 1111101011011011000011001111000100010010... 96           0.0055911427

Pickling Hall of Fame to: genetic_alg_settings_evolve_halloffame.pkl
Begin 8 of 20 repetitions
Begin 20 generations
gen	nevals	avg       	std        	min       	max       
0  	0     	0.00575683	6.49296e-05	0.00565608	0.00585103
1  	10    	0.00587655	0.000296955	0.00553012	0.00671728
2  	10    	0.00587014	0.00024532 	0.00562263	0.00654295
3  	10    	0.00575596	6.98649e-05	0.00563154	0.00589604
4  	10    	0.00580212	0.000107515	0.00568765	0.00602012
5  	10    	0.00574154	7.39799e-05	0.0056107 	0.00587406
6  	10    	0.00580013	0.000191718	0.00564463	0.00636364
7  	10    	0.00574392	7.89635e-05	0.00561265	0.00587827
8  	10    	0.00584753	0.000278487	0.005614  	0.0066636 
9  	10    	0.00572896	0.000116637	0.00555176	0.00602702
10 	10    	0.00583089	0.00031319 	0.0056435 	0.0067567 
11 	10    	0.00574495	9.26759e-05	0.00562953	0.00597058
12 	10    	0.0058616 	0.000291185	0.00566148	0.00660916
13 	10    	0.00571999	5.04782e-05	0.0056258 	0.00579117
14 	10    	0.00573586	7.43833e-05	0.00562064	0.00590557
15 	10    	0.0057397 	5.9888e-05 	0.00562722	0.00582   
16 	10    	0.00570582	8.10979e-05	0.00557144	0.00587704
17 	10    	0.0057431 	0.000180359	0.00562502	0.00626988
18 	10    	0.00569619	0.000103132	0.00556343	0.00586801
19 	10    	0.00575755	0.000145299	0.00558185	0.0060872 
20 	10    	0.00576133	0.000159127	0.00556964	0.00619038
Runtime: 5.648243142000865 (s)


Final population:
Index: Selected                                    #Selected    CV          
----------------------------------------------------------------------------------------------------
    0: 1111001011011010010001111111010100110010... 99           0.0057186232
    1: 1111001001011010010001111111000100110011... 99           0.0056334232
    2: 1111001011011010010001011111000100110111... 99           0.0057592327
    3: 1111011011011010010001011111000100110011... 99           0.0058386437
    4: 1111001001011010010001111111000100110111... 100          0.0055696399
    5: 1111001011011010010001011011000100110010... 99           0.0061903829
    6: 1111001011011010010001111111000110110010... 100          0.005693875 
    7: 1111001001011010010001111111110100110011... 100          0.0057059189
    8: 1111001001010010010001011111010100110011... 94           0.0057661702
    9: 1111001011011010010001111111010100110011... 100          0.0057373686

Pickling population to: genetic_alg_settings_population_end.pkl

Hall of Fame:
Index: Selected                                    #Selected    CV          
----------------------------------------------------------------------------------------------------
    0: 1111111011011010000011001011000100010110... 97           0.005468368 
    1: 1111001011011011000011001111000100010010... 98           0.0055301162
    2: 1111001011011011000011001111000100010010... 98           0.0055351537
    3: 1111101011011010000011001111000100010110... 100          0.0055473797
    4: 1111001011011010000001011111000100010010... 94           0.0055517561
    5: 1111001001011010010001011111000100110011... 99           0.005563426 
    6: 1111111011010010000011001111000100010110... 100          0.0055671048
    7: 1111101011011010000011001111000100010010... 97           0.0055688749
    8: 1111001011011011000011011111001100010010... 98           0.0055691917
    9: 1111001001011010010001111111000100110111... 100          0.0055696399

Pickling Hall of Fame to: genetic_alg_settings_evolve_halloffame.pkl
Begin 9 of 20 repetitions
Begin 20 generations
gen	nevals	avg       	std        	min       	max       
0  	0     	0.00576133	0.000159127	0.00556964	0.00619038
1  	10    	0.00573838	8.81379e-05	0.00563404	0.00590451
2  	10    	0.00575203	0.000109705	0.00552059	0.00598081
3  	10    	0.0057717 	7.52762e-05	0.00563953	0.00586257
4  	10    	0.00582721	9.90096e-05	0.00567881	0.00603207
5  	10    	0.00593423	0.000225653	0.00574488	0.00656669
6  	10    	0.00604753	0.000447908	0.00564985	0.00727502
7  	10    	0.00591224	0.0001488  	0.00572933	0.00619383
8  	10    	0.00598119	0.000436752	0.00573998	0.00726289
9  	10    	0.00589058	0.000157647	0.00568471	0.00619856
10 	10    	0.00607211	0.000494985	0.0056307 	0.00723092
11 	10    	0.00587425	0.000307015	0.00562494	0.00666749
12 	10    	0.00576476	0.000110317	0.00563578	0.00601286
13 	10    	0.0057684 	9.95909e-05	0.00559562	0.00594756
14 	10    	0.00579481	0.000111767	0.00565619	0.00605136
15 	10    	0.00588418	0.000313226	0.00555069	0.00659476
16 	10    	0.00567806	9.87307e-05	0.0055744 	0.00588029
17 	10    	0.00590043	0.000424815	0.00557869	0.00690809
18 	10    	0.00573524	8.89917e-05	0.00558846	0.00592192
19 	10    	0.00571799	8.88162e-05	0.00551585	0.00581217
20 	10    	0.00592145	0.000442675	0.00550777	0.00686491
Runtime: 5.6552028249971045 (s)


Final population:
Index: Selected                                    #Selected    CV          
----------------------------------------------------------------------------------------------------
    0: 1111001011011010011011101110010110110010... 99           0.0058128982
    1: 1111101011011010010011101110000110010010... 96           0.0058219071
    2: 1111001011011010010011101010001110110110... 96           0.0056544264
    3: 1111001111011010000011111110001110110000... 100          0.0058128916
    4: 1111001011011010110011100110011110110010... 100          0.0067051091
    5: 1111001011011010110011101110011110110010... 100          0.0055077735
    6: 1111001111011010010011101110000110110010... 99           0.0056697486
    7: 1111001011011010010011101010011110010010... 97           0.0057128397
    8: 1110001011011010110011101010001110000010... 100          0.0068649115
    9: 1111001011011010010001101110010110110010... 96           0.0056520227

Pickling population to: genetic_alg_settings_population_end.pkl

Hall of Fame:
Index: Selected                                    #Selected    CV          
----------------------------------------------------------------------------------------------------
    0: 1111111011011010000011001011000100010110... 97           0.005468368 
    1: 1111001011011010110011101110011110110010... 100          0.0055077735
    2: 1111001111011010010011101110001110110010... 100          0.0055158478
    3: 1111001011011010010001111111000100110010... 99           0.00552059  
    4: 1111001011011011000011001111000100010010... 98           0.0055301162
    5: 1111001011011011000011001111000100010010... 98           0.0055351537
    6: 1111101011011010000011001111000100010110... 100          0.0055473797
    7: 1111001011011010010011111110100110110010... 98           0.0055506895
    8: 1111001011011010000001011111000100010010... 94           0.0055517561
    9: 1111001001011010010001011111000100110011... 99           0.005563426 

Pickling Hall of Fame to: genetic_alg_settings_evolve_halloffame.pkl
Begin 10 of 20 repetitions
Begin 20 generations
gen	nevals	avg       	std        	min       	max       
0  	0     	0.00592145	0.000442675	0.00550777	0.00686491
1  	10    	0.00574215	0.000114769	0.00558574	0.00600746
2  	10    	0.00590083	0.000567669	0.00559721	0.00758922
3  	10    	0.00574815	9.6904e-05 	0.00557647	0.00588781
4  	10    	0.00575025	0.000109083	0.00559188	0.00598059
5  	10    	0.00575087	0.000285086	0.00548295	0.00656637
6  	10    	0.00563536	0.000106194	0.00548582	0.00586621
7  	10    	0.00565118	8.84086e-05	0.00550445	0.00582066
8  	10    	0.00569815	0.000100748	0.00551689	0.00591135
9  	10    	0.00569442	6.87622e-05	0.00561414	0.00582854
10 	10    	0.00564402	7.44327e-05	0.00556085	0.00577984
11 	10    	0.00566931	0.000121101	0.00557542	0.00600187
12 	10    	0.00563348	0.000105095	0.00549648	0.00587312
13 	10    	0.00585751	0.000331629	0.00552173	0.00654062
14 	10    	0.00571827	0.000241009	0.00542645	0.00637156
15 	10    	0.00566547	3.06042e-05	0.00561766	0.00571558
16 	10    	0.00574995	0.000212582	0.00558297	0.00635565
17 	10    	0.00576626	0.000295939	0.00552356	0.00655353
18 	10    	0.00568703	9.32161e-05	0.00559137	0.00586981
19 	10    	0.0057869 	0.000214376	0.00556845	0.00624469
20 	10    	0.00593405	0.000455819	0.00560788	0.00715462
Runtime: 5.680025615998602 (s)


Final population:
Index: Selected                                    #Selected    CV          
----------------------------------------------------------------------------------------------------
    0: 1111001101011010101001101110000101110011... 100          0.0056146071
    1: 1111001101011010101001101110000011110010... 100          0.0062178999
    2: 1111001101011010101001101110000111110011... 98           0.0056647364
    3: 1111001101011010101001101110000111110011... 100          0.0056078843
    4: 1111001101011010101001001110000111110010... 100          0.005667756 
    5: 1111001101011010111001101110000111110011... 96           0.0056777281
    6: 1111001101011000101001101110000011110010... 95           0.0071546213
    7: 1111000100011010101001101110000111110111... 97           0.0060606849
    8: 1111001101011010101001101110000111110011... 99           0.0056714446
    9: 1111001101011010101001101110000111110011... 97           0.0060031857

Pickling population to: genetic_alg_settings_population_end.pkl

Hall of Fame:
Index: Selected                                    #Selected    CV          
----------------------------------------------------------------------------------------------------
    0: 1111001101011010001011101110100110110011... 100          0.0054264509
    1: 1111111011011010000011001011000100010110... 97           0.005468368 
    2: 1111001011011010010011101110010110110010... 98           0.0054829472
    3: 1111001011011010010011101010000110110010... 100          0.00548582  
    4: 1111001101011010011011101110000111110010... 95           0.0054964764
    5: 1111001111011010010011101110000110110010... 96           0.0055044457
    6: 1111001011011010110011101110011110110010... 100          0.0055077735
    7: 1111001101011010001001101110000111110010... 100          0.0055086164
    8: 1111001111011010010011101110001110110010... 100          0.0055158478
    9: 1111001111011010010011101110000110110110... 99           0.005516894 

Pickling Hall of Fame to: genetic_alg_settings_evolve_halloffame.pkl
Begin 11 of 20 repetitions
Begin 20 generations
gen	nevals	avg       	std        	min       	max       
0  	0     	0.00593405	0.000455819	0.00560788	0.00715462
1  	10    	0.00601567	0.000346469	0.00567956	0.00682293
2  	10    	0.00568236	0.000107673	0.00555351	0.00585315
3  	10    	0.00573372	0.000138398	0.00555438	0.00605019
4  	10    	0.00583884	0.000407623	0.00552045	0.00680982
5  	10    	0.00574281	0.000238107	0.00549224	0.00628722
6  	10    	0.00562514	9.32938e-05	0.00549946	0.00582748
7  	10    	0.00569387	0.000168045	0.00554188	0.00611789
8  	10    	0.00582754	0.000381146	0.00547239	0.00662839
9  	10    	0.00569953	0.000117482	0.00555804	0.00596494
10 	10    	0.005632  	0.000145873	0.00551393	0.00604341
11 	10    	0.0056565 	9.14293e-05	0.00553026	0.0058211 
12 	10    	0.00564513	6.51407e-05	0.0055509 	0.00576705
13 	10    	0.00569283	0.000115286	0.00552261	0.00590596
14 	10    	0.00566534	0.000136732	0.00548451	0.00589167
15 	10    	0.00573312	8.02656e-05	0.00562823	0.00587031
16 	10    	0.00582639	0.000331539	0.00548347	0.00677111
17 	10    	0.00575216	0.000119989	0.0055855 	0.0060419 
18 	10    	0.00578912	7.79101e-05	0.00565341	0.00593042
19 	10    	0.00584905	0.00024491 	0.00559064	0.00643722
20 	10    	0.00593975	0.000342139	0.00559609	0.00662313
Runtime: 5.682746032998693 (s)


Final population:
Index: Selected                                    #Selected    CV          
----------------------------------------------------------------------------------------------------
    0: 1111001111010010100001001110000100110011... 100          0.0058226191
    1: 1111001001011010101001001110000101110011... 99           0.0057090389
    2: 1111001001011011101001001110000101110010... 97           0.005697385 
    3: 1111001101111010101001001110000100110011... 100          0.0058075647
    4: 1111001010011010101001001110000100110011... 100          0.0060271592
    5: 1111001101011010101001001110000101110011... 94           0.006623135 
    6: 1111001101011010101001001010000100110011... 100          0.0056615045
    7: 1111001001011010100001001110000100010011... 95           0.0059160139
    8: 1110001011011011101001001110010101110011... 99           0.0065369855
    9: 1111001101011010101001001110000100110011... 93           0.0055960906

Pickling population to: genetic_alg_settings_population_end.pkl

Hall of Fame:
Index: Selected                                    #Selected    CV          
----------------------------------------------------------------------------------------------------
    0: 1111001101011010001011101110100110110011... 100          0.0054264509
    1: 1111111011011010000011001011000100010110... 97           0.005468368 
    2: 1111001001011010001001101110000101110011... 97           0.0054723883
    3: 1111001011011010010011101110010110110010... 98           0.0054829472
    4: 1111001001011011101001001110000101110011... 100          0.0054834723
    5: 1111001001011011101001001110000101110111... 97           0.0054845123
    6: 1111001011011010010011101010000110110010... 100          0.00548582  
    7: 1111001001011010001011101110000101110011... 98           0.0054922433
    8: 1111001101011010011011101110000111110010... 95           0.0054964764
    9: 1111001001011010001001101010000101111111... 96           0.0054994591

Pickling Hall of Fame to: genetic_alg_settings_evolve_halloffame.pkl
Begin 12 of 20 repetitions
Begin 20 generations
gen	nevals	avg       	std        	min       	max       
0  	0     	0.00593975	0.000342139	0.00559609	0.00662313
1  	10    	0.0056515 	9.41072e-05	0.00551969	0.0057905 
2  	10    	0.00569509	0.000178176	0.0055381 	0.00617884
3  	10    	0.00563564	0.000101811	0.00540874	0.00578131
4  	10    	0.00566316	0.0001036  	0.00550623	0.00592244
5  	10    	0.00557139	6.04961e-05	0.0054576 	0.00568521
6  	10    	0.00566548	6.69433e-05	0.00560039	0.00579611
7  	10    	0.00576902	0.000154364	0.00559812	0.00616097
8  	10    	0.00573215	0.000160808	0.00545703	0.00594914
9  	10    	0.0057258 	0.000279274	0.00540404	0.00644382
10 	10    	0.00555059	8.7929e-05 	0.00537087	0.00569793
11 	10    	0.00559354	7.99755e-05	0.00548045	0.00577124
12 	10    	0.00552518	5.4507e-05 	0.00540066	0.00558333
13 	10    	0.00554827	0.000108166	0.00540049	0.00578635
14 	10    	0.00555583	0.000140104	0.00540265	0.00594008
15 	10    	0.00557294	0.000146628	0.00546309	0.00599181
16 	10    	0.00566843	0.000190165	0.00552495	0.00606385
17 	10    	0.00566918	0.000155453	0.00550855	0.00601835
18 	10    	0.00560079	0.000101819	0.00546881	0.00581607
19 	10    	0.00557766	6.94614e-05	0.00550674	0.00571711
20 	10    	0.00562097	8.64239e-05	0.00546276	0.00572846
Runtime: 5.650826560999121 (s)


Final population:
Index: Selected                                    #Selected    CV          
----------------------------------------------------------------------------------------------------
    0: 1111001101011010100101001110100100010011... 98           0.0055912205
    1: 1111001101010010100101001110110100010011... 100          0.0057284554
    2: 1111001101011010100101001110100100010011... 100          0.0055810696
    3: 1111001101011010101001001110100100010011... 98           0.005643951 
    4: 1111011101011010110001001110100100010011... 100          0.0054627629
    5: 1111001101010010100000101110100100010011... 97           0.0056726554
    6: 1111001101011010100001001110100100010011... 100          0.0054845905
    7: 1111001101010010101000101110100100010010... 99           0.005669146 
    8: 1111001101011000100001001110100100010011... 100          0.0057236055
    9: 1111001101011010100001001110100100010011... 99           0.0056522345

Pickling population to: genetic_alg_settings_population_end.pkl

Hall of Fame:
Index: Selected                                    #Selected    CV          
----------------------------------------------------------------------------------------------------
    0: 1111001101011010101001001110100100110011... 95           0.0053708711
    1: 1111001101011011100001001110100100010011... 94           0.0054004859
    2: 1111001101011010100001001110100100010011... 91           0.0054006616
    3: 1111001101011010100001011110100100010011... 98           0.0054026474
    4: 1111101101011010100001001110100100110011... 95           0.0054040429
    5: 1111001101011010101001001010100100110011... 97           0.0054087446
    6: 1111001101011010001011101110100110110011... 100          0.0054264509
    7: 1111001101011010100001001110100100110011... 95           0.0054481848
    8: 1111001101011010101001001110100100110011... 97           0.0054570259
    9: 1111001101011010101001001010100110110011... 97           0.0054576031

Pickling Hall of Fame to: genetic_alg_settings_evolve_halloffame.pkl
Begin 13 of 20 repetitions
Begin 20 generations
gen	nevals	avg       	std        	min       	max       
0  	0     	0.00562097	8.64239e-05	0.00546276	0.00572846
1  	10    	0.00568133	0.000156706	0.0055783 	0.00612791
2  	10    	0.00572882	0.000184084	0.00556183	0.00622918
3  	10    	0.00572223	0.000148342	0.00550994	0.00592914
4  	10    	0.00565657	7.29208e-05	0.00550885	0.00578954
5  	10    	0.00587491	0.000281552	0.00548541	0.00642196
6  	10    	0.00576673	0.000173765	0.00553464	0.00617537
7  	10    	0.00562183	6.83351e-05	0.00553816	0.00576854
8  	10    	0.00568171	6.46296e-05	0.00556386	0.00581405
9  	10    	0.00569318	0.000137923	0.00558761	0.00607013
10 	10    	0.00575497	0.000155155	0.00552784	0.00605948
11 	10    	0.00573386	0.000124222	0.00559253	0.00605568
12 	10    	0.00571028	0.000112495	0.00559315	0.00601097
13 	10    	0.00569615	7.77811e-05	0.00560259	0.00582923
14 	10    	0.00577089	0.000176674	0.0055661 	0.00615635
15 	10    	0.00583959	0.000242578	0.00561014	0.00639057
16 	10    	0.0057918 	0.000228036	0.00548884	0.00639303
17 	10    	0.00573449	0.000102387	0.00562529	0.00593769
18 	10    	0.00572093	8.06592e-05	0.00557374	0.00583706
19 	10    	0.00567975	4.07624e-05	0.00561177	0.00574217
20 	10    	0.00575459	0.000103709	0.00565857	0.00603024
Runtime: 5.653828768001404 (s)


Final population:
Index: Selected                                    #Selected    CV          
----------------------------------------------------------------------------------------------------
    0: 1111001101011010000111101010000100010010... 95           0.0056824578
    1: 1111001101011010100111101011000100010011... 99           0.0057399971
    2: 1111001101111010000111101010100100010011... 95           0.0056822237
    3: 1111001101011010101110101010000100010011... 97           0.0057157904
    4: 1111001101011010101111101110100100000011... 98           0.0056585743
    5: 1111001100011010101110101010100100010011... 96           0.00579895  
    6: 1111001101011010000111101011000100010001... 99           0.0060302395
    7: 1111001101111010000111101010000100010011... 99           0.0057787633
    8: 1111001101111010100111101010000100010011... 97           0.0057859647
    9: 1111001101011010000111101010000100110011... 100          0.0056729819

Pickling population to: genetic_alg_settings_population_end.pkl

Hall of Fame:
Index: Selected                                    #Selected    CV          
----------------------------------------------------------------------------------------------------
    0: 1111001101011010101001001110100100110011... 95           0.0053708711
    1: 1111001101011011100001001110100100010011... 94           0.0054004859
    2: 1111001101011010100001001110100100010011... 91           0.0054006616
    3: 1111001101011010100001011110100100010011... 98           0.0054026474
    4: 1111101101011010100001001110100100110011... 95           0.0054040429
    5: 1111001101011010101001001010100100110011... 97           0.0054087446
    6: 1111001101011010001011101110100110110011... 100          0.0054264509
    7: 1111001101011010100001001110100100110011... 95           0.0054481848
    8: 1111001101011010101001001110100100110011... 97           0.0054570259
    9: 1111001101011010101001001010100110110011... 97           0.0054576031

Pickling Hall of Fame to: genetic_alg_settings_evolve_halloffame.pkl
Begin 14 of 20 repetitions
Begin 20 generations
gen	nevals	avg       	std        	min       	max       
0  	0     	0.00575459	0.000103709	0.00565857	0.00603024
1  	10    	0.00572095	7.26773e-05	0.00563688	0.00583831
2  	10    	0.00581755	0.000184915	0.00568319	0.00633594
3  	10    	0.00574829	9.34336e-05	0.0056287 	0.0058759 
4  	10    	0.00581052	0.000181322	0.00564178	0.00625074
5  	10    	0.00572622	8.05433e-05	0.00561906	0.00589906
6  	10    	0.0057409 	0.000119891	0.00559078	0.00593107
7  	10    	0.00577873	0.000113051	0.00562165	0.00601029
8  	10    	0.00571709	8.14444e-05	0.00558834	0.00583862
9  	10    	0.00577447	0.000154589	0.00553053	0.00608354
10 	10    	0.00579283	0.000200883	0.0055692 	0.0063101 
11 	10    	0.00570452	9.61522e-05	0.0055609 	0.00592769
12 	10    	0.005709  	8.80392e-05	0.00560634	0.005877  
13 	10    	0.00584291	0.000389961	0.0054281 	0.0066406 
14 	10    	0.00577525	0.000128397	0.00562275	0.00599589
15 	10    	0.00573648	0.000113439	0.0055632 	0.00588089
16 	10    	0.00576057	0.000178209	0.00554437	0.0060627 
17 	10    	0.00574948	0.000128875	0.00559962	0.00602579
18 	10    	0.00586656	0.000295451	0.00559633	0.00659905
19 	10    	0.00574779	0.000163164	0.00555357	0.00610128
20 	10    	0.00576203	0.000283241	0.00545716	0.00652297
Runtime: 5.663734960999136 (s)


Final population:
Index: Selected                                    #Selected    CV          
----------------------------------------------------------------------------------------------------
    0: 1111001101011011111110101010100100010011... 99           0.0055533898
    1: 1111001101011011111110101010100100010011... 100          0.0057041234
    2: 1111001101011011101110101010100100010011... 99           0.0057300012
    3: 1111001101011011101110101010010100010011... 100          0.0054571637
    4: 1111011101011011101110101010100000010011... 100          0.0059179444
    5: 1111001111011011101110101110100100010011... 93           0.0056303927
    6: 1111001101011011101110101010001100010011... 100          0.0056786584
    7: 1111001101011011100110101010001100010011... 100          0.0055925385
    8: 1111001101011011101110101010000000010011... 99           0.0065229702
    9: 1111001101011011101110101010001100010011... 97           0.0058331431

Pickling population to: genetic_alg_settings_population_end.pkl

Hall of Fame:
Index: Selected                                    #Selected    CV          
----------------------------------------------------------------------------------------------------
    0: 1111001101011010101001001110100100110011... 95           0.0053708711
    1: 1111001101011011100001001110100100010011... 94           0.0054004859
    2: 1111001101011010100001001110100100010011... 91           0.0054006616
    3: 1111001101011010100001011110100100010011... 98           0.0054026474
    4: 1111101101011010100001001110100100110011... 95           0.0054040429
    5: 1111001101011010101001001010100100110011... 97           0.0054087446
    6: 1111001101011010001011101110100110110011... 100          0.0054264509
    7: 1111001101011011101110101010000100010011... 96           0.0054280978
    8: 1111001101011010100001001110100100110011... 95           0.0054481848
    9: 1111001101011010101001001110100100110011... 97           0.0054570259

Pickling Hall of Fame to: genetic_alg_settings_evolve_halloffame.pkl
Begin 15 of 20 repetitions
Begin 20 generations
gen	nevals	avg       	std        	min       	max       
0  	0     	0.00576203	0.000283241	0.00545716	0.00652297
1  	10    	0.00569661	8.65297e-05	0.00553856	0.00583014
2  	10    	0.00592058	0.000373315	0.0054438 	0.00660135
3  	10    	0.00580634	0.000279489	0.00539297	0.00650636
4  	10    	0.00571954	0.000126879	0.00547246	0.00590297
5  	10    	0.0057227 	8.19765e-05	0.00552924	0.00581604
6  	10    	0.00574073	0.000137827	0.00547343	0.0059351 
7  	10    	0.00566045	0.00010504 	0.00552124	0.00586544
8  	10    	0.00572609	0.000216516	0.0055362 	0.00619551
9  	10    	0.00565973	0.000206343	0.00547994	0.00621313
10 	10    	0.00565985	0.000116432	0.00554783	0.00593401
11 	10    	0.00568386	0.000140065	0.00549911	0.00597985
12 	10    	0.00580768	0.000367033	0.00543829	0.00678455
13 	10    	0.00587139	0.000338361	0.00565416	0.00686646
14 	10    	0.0059991 	0.000257691	0.00559609	0.00647468
15 	10    	0.00599378	0.00025635 	0.00573771	0.0065218 
16 	10    	0.00624398	0.000808519	0.00569825	0.00863117
17 	10    	0.00602142	0.00036108 	0.00562201	0.00679656
18 	10    	0.00587334	9.59763e-05	0.00571553	0.00603154
19 	10    	0.00600645	0.000378898	0.00569007	0.00695658
20 	10    	0.00590659	0.000141856	0.00576201	0.00620163
Runtime: 5.685083682001277 (s)


Final population:
Index: Selected                                    #Selected    CV          
----------------------------------------------------------------------------------------------------
    0: 1111001111011001110010101010000100010011... 99           0.0062016295
    1: 1111001101011011000010101010000101010011... 100          0.0061469148
    2: 1111011111011001100000101010010101010011... 100          0.0058040872
    3: 1111001101011010010010101010000100010011... 99           0.0057620106
    4: 1111001101111001100010101010000100010011... 100          0.0057993329
    5: 1111001101011101100010101010000100010011... 100          0.0058638237
    6: 1111001111011001010010101010000100010011... 94           0.0059195702
    7: 1111001101011010100000111010110101010011... 100          0.0058088481
    8: 1111011111011010010001101010010101010011... 100          0.0058962001
    9: 1111011111011010010000101010010101010011... 100          0.0058635272

Pickling population to: genetic_alg_settings_population_end.pkl

Hall of Fame:
Index: Selected                                    #Selected    CV          
----------------------------------------------------------------------------------------------------
    0: 1111001101011010101001001110100100110011... 95           0.0053708711
    1: 1111001101011011111110101010100100010011... 98           0.0053929665
    2: 1111001101011011100001001110100100010011... 94           0.0054004859
    3: 1111001101011010100001001110100100010011... 91           0.0054006616
    4: 1111001101011010100001011110100100010011... 98           0.0054026474
    5: 1111101101011010100001001110100100110011... 95           0.0054040429
    6: 1111001101011010101001001010100100110011... 97           0.0054087446
    7: 1111001101011010001011101110100110110011... 100          0.0054264509
    8: 1111001101011011101110101010000100010011... 96           0.0054280978
    9: 1111001101011010110010101010000100010011... 98           0.0054382877

Pickling Hall of Fame to: genetic_alg_settings_evolve_halloffame.pkl
Begin 16 of 20 repetitions
Begin 20 generations
gen	nevals	avg       	std        	min       	max       
0  	0     	0.00590659	0.000141856	0.00576201	0.00620163
1  	10    	0.00589632	0.000128785	0.00570756	0.00612854
2  	10    	0.00589882	0.000254615	0.00567827	0.00660478
3  	10    	0.00582778	0.000114776	0.00562846	0.00601374
4  	10    	0.00587292	0.000310536	0.00560575	0.00649779
5  	10    	0.00587891	0.000265726	0.00564047	0.00647576
6  	10    	0.00571784	0.000141277	0.00550848	0.00593785
7  	10    	0.00574934	6.08828e-05	0.00564272	0.00587219
8  	10    	0.00579389	8.35002e-05	0.00564629	0.0059925 
9  	10    	0.00577828	0.000138585	0.0055956 	0.00607262
10 	10    	0.00584778	0.000371078	0.00562014	0.00691931
11 	10    	0.00585416	0.000276906	0.00555009	0.00639029
12 	10    	0.00575772	0.000310763	0.00556632	0.00666717
13 	10    	0.00570793	8.12817e-05	0.00556736	0.0058406 
14 	10    	0.00588524	0.000309522	0.00551401	0.00656866
15 	10    	0.00591644	0.000350806	0.0056155 	0.00661787
16 	10    	0.00584667	0.000179219	0.00564095	0.00628908
17 	10    	0.00579354	0.000134095	0.00562181	0.0060101 
18 	10    	0.00578372	0.000160741	0.00562898	0.0062075 
19 	10    	0.00574915	9.57956e-05	0.00562017	0.00598283
20 	10    	0.00586593	0.000296677	0.0056987 	0.00673554
Runtime: 5.6573983679991215 (s)


Final population:
Index: Selected                                    #Selected    CV          
----------------------------------------------------------------------------------------------------
    0: 1111001100011000010010101010000100010010... 97           0.0058989606
    1: 1111001100011000010010101010100100010010... 100          0.0057551468
    2: 1111001100011000010010101010100100010010... 97           0.0056986963
    3: 1111001100011000010010101010100100010010... 98           0.0057023177
    4: 1111001100011000010010001010100100010010... 100          0.0057523814
    5: 1111001100011000000010101010100100010010... 100          0.0058106948
    6: 1111001100011000010010101010100100010010... 100          0.0057439645
    7: 1111001100011000010010001010100100010010... 98           0.0057082237
    8: 1111001100011000010010001010100100010010... 97           0.005853354 
    9: 1110001100011000010010101010100101010010... 94           0.0067355419

Pickling population to: genetic_alg_settings_population_end.pkl

Hall of Fame:
Index: Selected                                    #Selected    CV          
----------------------------------------------------------------------------------------------------
    0: 1111001101011010101001001110100100110011... 95           0.0053708711
    1: 1111001101011011111110101010100100010011... 98           0.0053929665
    2: 1111001101011011100001001110100100010011... 94           0.0054004859
    3: 1111001101011010100001001110100100010011... 91           0.0054006616
    4: 1111001101011010100001011110100100010011... 98           0.0054026474
    5: 1111101101011010100001001110100100110011... 95           0.0054040429
    6: 1111001101011010101001001010100100110011... 97           0.0054087446
    7: 1111001101011010001011101110100110110011... 100          0.0054264509
    8: 1111001101011011101110101010000100010011... 96           0.0054280978
    9: 1111001101011010110010101010000100010011... 98           0.0054382877

Pickling Hall of Fame to: genetic_alg_settings_evolve_halloffame.pkl
Begin 17 of 20 repetitions
Begin 20 generations
gen	nevals	avg       	std        	min      	max       
0  	0     	0.00586593	0.000296677	0.0056987	0.00673554
1  	10    	0.00583366	0.00012674 	0.00567409	0.00610019
2  	10    	0.00598507	0.000295894	0.00576671	0.00667021
3  	10    	0.00585598	5.56713e-05	0.00577334	0.00592227
4  	10    	0.00584875	0.000121558	0.00566781	0.00603989
5  	10    	0.0058423 	5.38687e-05	0.00575337	0.00593572
6  	10    	0.00582792	0.000119827	0.00563844	0.00605132
7  	10    	0.00581834	8.16991e-05	0.00573671	0.00598543
8  	10    	0.00583965	0.000135422	0.00567804	0.00607377
9  	10    	0.00596545	0.00023021 	0.00575079	0.00641381
10 	10    	0.00587624	0.000206202	0.0057118 	0.00645876
11 	10    	0.00585538	0.000107024	0.00566819	0.00598963
12 	10    	0.0057012 	7.39308e-05	0.00561761	0.0058639 
13 	10    	0.00584121	0.000286937	0.00560294	0.00652361
14 	10    	0.00575744	8.57163e-05	0.00555432	0.00584113
15 	10    	0.00586983	0.000281105	0.00559385	0.00636431
16 	10    	0.00576169	0.000209402	0.00556719	0.00630563
17 	10    	0.00582363	0.000314788	0.00566185	0.00675363
18 	10    	0.00585174	0.000213905	0.00553338	0.00624239
19 	10    	0.00582107	0.000166535	0.00563343	0.00615372
20 	10    	0.00563003	6.43619e-05	0.00552573	0.00573874
Runtime: 5.656056919000548 (s)


Final population:
Index: Selected                                    #Selected    CV          
----------------------------------------------------------------------------------------------------
    0: 1111001110001100000010001010100110000010... 96           0.005576231 
    1: 1111001110001100000010001010100110000010... 94           0.0055326569
    2: 1111001110001100000010001010100110000010... 98           0.0056557765
    3: 1111001110001100000010001010100110000010... 95           0.0055257261
    4: 1111001110001000000010001010100110000010... 97           0.0056418673
    5: 1111001110001100000010001010100110000010... 96           0.0056656835
    6: 1111001110001100001010011010100110000010... 100          0.0056944223
    7: 1111001110101100000010001010100110000010... 96           0.0057387355
    8: 1111001110001100000010001010100110000010... 94           0.0056413152
    9: 1111001110001100000010011010110110000010... 100          0.0056278751

Pickling population to: genetic_alg_settings_population_end.pkl

Hall of Fame:
Index: Selected                                    #Selected    CV          
----------------------------------------------------------------------------------------------------
    0: 1111001101011010101001001110100100110011... 95           0.0053708711
    1: 1111001101011011111110101010100100010011... 98           0.0053929665
    2: 1111001101011011100001001110100100010011... 94           0.0054004859
    3: 1111001101011010100001001110100100010011... 91           0.0054006616
    4: 1111001101011010100001011110100100010011... 98           0.0054026474
    5: 1111101101011010100001001110100100110011... 95           0.0054040429
    6: 1111001101011010101001001010100100110011... 97           0.0054087446
    7: 1111001101011010001011101110100110110011... 100          0.0054264509
    8: 1111001101011011101110101010000100010011... 96           0.0054280978
    9: 1111001101011010110010101010000100010011... 98           0.0054382877

Pickling Hall of Fame to: genetic_alg_settings_evolve_halloffame.pkl
Begin 18 of 20 repetitions
Begin 20 generations
gen	nevals	avg       	std        	min       	max       
0  	0     	0.00563003	6.43619e-05	0.00552573	0.00573874
1  	10    	0.00563807	9.95027e-05	0.00548757	0.00580823
2  	10    	0.00563849	7.81698e-05	0.00553483	0.00575566
3  	10    	0.00559843	0.00012566 	0.00540096	0.00588895
4  	10    	0.00559938	8.53297e-05	0.0054589 	0.00573769
5  	10    	0.00568918	0.000212996	0.00545596	0.00622903
6  	10    	0.00571127	0.000190191	0.00549214	0.00602295
7  	10    	0.00581953	0.000259785	0.00555729	0.00631232
8  	10    	0.00578992	0.000232824	0.005531  	0.00638262
9  	10    	0.00566867	0.000147196	0.00542559	0.00595122
10 	10    	0.00571244	0.000236097	0.00548713	0.00619999
11 	10    	0.00572778	0.000204636	0.00548235	0.00615019
12 	10    	0.00554345	0.000112352	0.00536551	0.00574311
13 	10    	0.00556632	0.000133623	0.00541081	0.00586709
14 	10    	0.00566031	0.00019052 	0.0054812 	0.00615155
15 	10    	0.00551737	0.000148827	0.00525446	0.00576458
16 	10    	0.00551809	0.000106014	0.00531979	0.00567017
17 	10    	0.00570186	0.000360117	0.00536614	0.00674159
18 	10    	0.00568724	0.000330811	0.00542942	0.00644637
19 	10    	0.00558691	0.000222875	0.0053955 	0.0061192 
20 	10    	0.00561373	0.000233429	0.00545062	0.00627329
Runtime: 5.665057196998532 (s)


Final population:
Index: Selected                                    #Selected    CV          
----------------------------------------------------------------------------------------------------
    0: 1111001111001100010000011010110110000010... 96           0.0054774548
    1: 1111011110001100010001011010110110010010... 100          0.0054506225
    2: 1111001110001100100001011010110110000010... 100          0.0056485882
    3: 1111001111001100010000011010110110010010... 97           0.0056358194
    4: 1111001110001100010001011010110110010010... 100          0.0056120288
    5: 1111001110001100010001011010110110010010... 100          0.0054842678
    6: 1111001110000100010000011010110110000010... 95           0.0054620221
    7: 1111011110001100010001011000110110010010... 100          0.0062732935
    8: 1111001110001100010001011010110110010010... 100          0.0056308186
    9: 1111001110001100010001011010110110000010... 98           0.0054623416

Pickling population to: genetic_alg_settings_population_end.pkl

Hall of Fame:
Index: Selected                                    #Selected    CV          
----------------------------------------------------------------------------------------------------
    0: 1111001110001100010010011010110110000010... 99           0.005254459 
    1: 1111001110001100010010011010110110000010... 99           0.0053197853
    2: 1111001110001100110000011010110110000010... 100          0.0053655058
    3: 1111001110001100010000011010110110000010... 100          0.0053661417
    4: 1111001101011010101001001110100100110011... 95           0.0053708711
    5: 1111001101011011111110101010100100010011... 98           0.0053929665
    6: 1111001110001100010001011010110110010010... 100          0.0053955013
    7: 1111001110001100010000011010110110000010... 98           0.0053999277
    8: 1111001101011011100001001110100100010011... 94           0.0054004859
    9: 1111001101011010100001001110100100010011... 91           0.0054006616

Pickling Hall of Fame to: genetic_alg_settings_evolve_halloffame.pkl
Begin 19 of 20 repetitions
Begin 20 generations
gen	nevals	avg       	std        	min       	max       
0  	0     	0.00561373	0.000233429	0.00545062	0.00627329
1  	10    	0.00557902	0.000127829	0.00542755	0.00575539
2  	10    	0.00558688	0.000211684	0.00542885	0.00600687
3  	10    	0.00553808	8.9366e-05 	0.00538035	0.00564506
4  	10    	0.00557666	0.000145294	0.00536895	0.00594886
5  	10    	0.00555463	9.82561e-05	0.00533674	0.00566514
6  	10    	0.00570763	0.000198977	0.00542227	0.00603057
7  	10    	0.00562628	0.000131196	0.0054822 	0.00593312
8  	10    	0.00559676	0.000270784	0.00537282	0.00635277
9  	10    	0.00559676	0.000176352	0.0053954 	0.00607221
10 	10    	0.00557996	0.000245675	0.00541189	0.00629927
11 	10    	0.00555513	9.88278e-05	0.00535   	0.0057218 
12 	10    	0.00549865	5.30103e-05	0.00541705	0.00557726
13 	10    	0.00556667	0.000117843	0.00540145	0.00586084
14 	10    	0.00555329	6.84705e-05	0.00545154	0.00567843
15 	10    	0.00567995	0.000211496	0.00548119	0.0062641 
16 	10    	0.00567359	0.000200336	0.00545992	0.00619082
17 	10    	0.00562094	0.00011246 	0.00543074	0.0057704 
18 	10    	0.00564686	0.000133035	0.00543545	0.00591585
19 	10    	0.0056323 	9.33123e-05	0.00547647	0.00574016
20 	10    	0.0056306 	0.000105403	0.00547248	0.00576621
Runtime: 5.668741959998442 (s)


Final population:
Index: Selected                                    #Selected    CV          
----------------------------------------------------------------------------------------------------
    0: 1111001100001100010001001010110110000010... 95           0.0057049694
    1: 1111000110001000010001011010110110000011... 100          0.0057662075
    2: 1111001100001100010001011010110110000011... 96           0.0057210501
    3: 1111001110001100010001011010110110000010... 100          0.0056803596
    4: 1111001110001100010001011010110110001010... 100          0.0054964542
    5: 1111001110001100010001011010110110000010... 100          0.0057314176
    6: 1111001110001100010001011010110110000110... 97           0.0056359619
    7: 1111001010001100010001011010110110000010... 100          0.0054724761
    8: 1111001110001100010001001010110110000011... 99           0.0054783201
    9: 1111001100001000010001011010110110000010... 99           0.0056187527

Pickling population to: genetic_alg_settings_population_end.pkl

Hall of Fame:
Index: Selected                                    #Selected    CV          
----------------------------------------------------------------------------------------------------
    0: 1111001110001100010010011010110110000010... 99           0.005254459 
    1: 1111001110001100010010011010110110000010... 99           0.0053197853
    2: 1111001110001100010001011010110110000010... 100          0.0053367383
    3: 1111011110001100110000011010110110000010... 99           0.0053499993
    4: 1111001110001100110000011010110110000010... 100          0.0053655058
    5: 1111001110001100010000011010110110000010... 100          0.0053661417
    6: 1111001110001100010001011011110110000010... 100          0.0053689461
    7: 1111001101011010101001001110100100110011... 95           0.0053708711
    8: 1111001110001100010011011011110110000010... 96           0.0053728209
    9: 1111001110001100010001011010110110000010... 99           0.0053803534

Pickling Hall of Fame to: genetic_alg_settings_evolve_halloffame.pkl
Begin 20 of 20 repetitions
Begin 20 generations
gen	nevals	avg      	std        	min       	max       
0  	0     	0.0056306	0.000105403	0.00547248	0.00576621
1  	10    	0.00579389	0.000224641	0.00538732	0.00611748
2  	10    	0.00589714	0.000319688	0.00558694	0.00664828
3  	10    	0.00587537	0.000240107	0.00565169	0.00641811
4  	10    	0.00587634	0.000422907	0.00551755	0.006743  
5  	10    	0.00577853	0.000182299	0.00555987	0.00627335
6  	10    	0.00587331	0.000300894	0.00563136	0.00673084
7  	10    	0.00591176	0.00031115 	0.00553694	0.00650658
8  	10    	0.00577171	0.000154538	0.00552667	0.00606706
9  	10    	0.00583531	0.000341982	0.00558201	0.00680222
10 	10    	0.00568696	9.24091e-05	0.00552179	0.00589891
11 	10    	0.00584178	0.000234933	0.00556366	0.00628339
12 	10    	0.00573677	0.000211591	0.00545965	0.0062789 
13 	10    	0.0057515 	0.00018101 	0.00555724	0.00625004
14 	10    	0.00579716	0.000150359	0.00551002	0.00602878
15 	10    	0.00571765	0.000136369	0.00549374	0.00596951
16 	10    	0.00568276	0.000133616	0.00557517	0.00600097
17 	10    	0.00570428	5.2328e-05 	0.00562998	0.00579913
18 	10    	0.00569081	8.54744e-05	0.00558607	0.00588095
19 	10    	0.00581555	0.000118997	0.00564648	0.00607602
20 	10    	0.00574709	0.000103845	0.00550819	0.00586105
Runtime: 5.675625501000468 (s)


Final population:
Index: Selected                                    #Selected    CV          
----------------------------------------------------------------------------------------------------
    0: 1111001010001000100000001010010111000011... 100          0.0058253491
    1: 1111001010001000100000001010010111000011... 100          0.0057941479
    2: 1111001110001000010000001010010111000011... 100          0.0056732211
    3: 1111001010001000010000001010010111000011... 98           0.0057252144
    4: 1111000010001000010000001110000111000011... 95           0.0058496886
    5: 1111101010001100010000001010010111000011... 99           0.0056532868
    6: 1111000010001000010000001110010111000011... 100          0.0058610525
    7: 1111001010001000010000001010010111000011... 97           0.0057757363
    8: 1111101010001000110000001010010111000011... 99           0.0058050236
    9: 1111001010001100010000001010010111000011... 100          0.0055081896

Pickling population to: genetic_alg_settings_population_end.pkl

Hall of Fame:
Index: Selected                                    #Selected    CV          
----------------------------------------------------------------------------------------------------
    0: 1111001110001100010010011010110110000010... 99           0.005254459 
    1: 1111001110001100010010011010110110000010... 99           0.0053197853
    2: 1111001110001100010001011010110110000010... 100          0.0053367383
    3: 1111011110001100110000011010110110000010... 99           0.0053499993
    4: 1111001110001100110000011010110110000010... 100          0.0053655058
    5: 1111001110001100010000011010110110000010... 100          0.0053661417
    6: 1111001110001100010001011011110110000010... 100          0.0053689461
    7: 1111001101011010101001001110100100110011... 95           0.0053708711
    8: 1111001110001100010011011011110110000010... 96           0.0053728209
    9: 1111001110001100010001011010110110000010... 99           0.0053803534

Pickling Hall of Fame to: genetic_alg_settings_evolve_halloffame.pkl
#   DONE  Runtime: 110.03067701400141 (s)

Adding statistics...
  DONE

Result:
Index: Selected                                    #Selected    CV           RMS          wRMS         Estimator                FeatureSelection         Note
--------------------------------------------------------------------------------------------------------------------------------------------------------------------
    0: 1111001110001100010010011010110110000010... 99           0.005254459  0.0044091715 0.0044481491 LinearRegression         GeneticAlgorithm         
    1: 1111001110001100010010011010110110000010... 99           0.0053197853 0.0044110153 0.0044476908 LinearRegression         GeneticAlgorithm         
    2: 1111001110001100010001011010110110000010... 100          0.0053367383 0.0044426453 0.0044843998 LinearRegression         GeneticAlgorithm         
    3: 1111011110001100110000011010110110000010... 99           0.0053499993 0.0044153847 0.0044593083 LinearRegression         GeneticAlgorithm         
    4: 1111001110001100110000011010110110000010... 100          0.0053655058 0.004413199  0.0044615822 LinearRegression         GeneticAlgorithm         
    5: 1111001110001100010000011010110110000010... 100          0.0053661417 0.0044070214 0.0044563749 LinearRegression         GeneticAlgorithm         
    6: 1111001110001100010001011011110110000010... 100          0.0053689461 0.0044040398 0.0044540957 LinearRegression         GeneticAlgorithm         
    7: 1111001101011010101001001110100100110011... 95           0.0053708711 0.0044369591 0.0045164367 LinearRegression         GeneticAlgorithm         
    8: 1111001110001100010011011011110110000010... 96           0.0053728209 0.0044475688 0.0045031972 LinearRegression         GeneticAlgorithm         
    9: 1111001110001100010001011010110110000010... 99           0.0053803534 0.0044143914 0.0044612342 LinearRegression         GeneticAlgorithm         

Pickling Hall of Fame to: genetic_alg_settings_halloffame.pkl
