Loading genetic_alg_settings.json
# Hall of Fame size: 10 

# Get problem data...
# wHullDist: Will calculate hull distance: hull_dist(CALCULATED,atom_frac)
# Query requested: ['formation_energy', 'is_calculated', 'corr', 'hull_dist(CALCULATED,atom_frac)']
# Use existing: []
# Querying: ['formation_energy', 'is_calculated', 'corr', 'hull_dist(CALCULATED,atom_frac)']
#   DONE

# Target: formation_energy
# Training samples: 627
# Features: 253 

# Weighting:
{
  "method": "wHullDist",
  "kwargs": {
    "A": 2.0,
    "B": 1.0,
    "kT": 0.01,
    "hull_selection": "CALCULATED"
  }
}

# CV:
{
  "method": "KFold",
  "kwargs": {
    "n_splits": 10,
    "shuffle": true
  },
  "penalty": 0.0
} 

# Writing problem specs to: genetic_alg_settings_specs.pkl
# To inspect or customize the problem specs further, use the '--checkspecs' method

# Estimator:
{
  "method": "LinearRegression",
  "kwargs": {
    "fit_intercept": false
  }
} 

# Feature Selection:
{
  "method": "GeneticAlgorithm",
  "kwargs": {
    "constraints_kwargs": {
      "n_features_max": 100,
      "n_features_min": 3,
      "fix_off": [],
      "fix_on": [
        0,
        1,
        2
      ]
    },
    "selTournamentSize": 3,
    "mutFlipBitProb": 0.01,
    "evolve_params_kwargs": {
      "n_generation": 20,
      "n_repetition": 20,
      "n_features_init": 3,
      "n_population": 10,
      "n_halloffame": 10,
      "halloffame_filename": "evolve_halloffame.pkl",
      "filename_prefix": "genetic_alg_settings"
    },
    "cxUniformProb": 0.5
  }
} 

# Fit and select...
Constructing initial population
Begin 1 of 20 repetitions
Begin 20 generations
gen	nevals	avg     	std       	min     	max     
0  	10    	0.020291	0.00109984	0.017847	0.021851
1  	10    	0.0192892	0.00125627	0.0173559	0.0209197
2  	10    	0.0183628	0.00135575	0.0163231	0.0214311
3  	10    	0.0171245	0.00088714	0.0154874	0.0181327
4  	10    	0.0160098	0.00138577	0.0127594	0.0177518
5  	10    	0.0147447	0.0015291 	0.011236 	0.0170626
6  	10    	0.0129236	0.00113498	0.0110607	0.0154191
7  	10    	0.012152 	0.000983066	0.0106533	0.0142189
8  	10    	0.0111309	0.000796401	0.00992038	0.0127174
9  	10    	0.0110016	0.000942905	0.010305  	0.0136945
10 	10    	0.0102304	0.000467772	0.00934615	0.0108584
11 	10    	0.0107772	0.00173943 	0.00951519	0.0150886
12 	10    	0.00965525	0.000251508	0.00927555	0.0103265
13 	10    	0.00944856	0.000492971	0.0087866 	0.010537 
14 	10    	0.00978787	0.00118114 	0.00882661	0.0121228
15 	10    	0.00923798	0.000939982	0.00812258	0.0118204
16 	10    	0.0086782 	0.000635892	0.00794202	0.0100475
17 	10    	0.00846272	0.000858507	0.00776485	0.0107444
18 	10    	0.00799774	0.000118943	0.00777184	0.00818168
19 	10    	0.00796354	0.000364558	0.00761587	0.00889733
20 	10    	0.00775671	0.000143278	0.0075087 	0.00802243
Runtime: 2.7826242570008617 (s)


Final population:
Index: Selected                                    #Selected    CV          
----------------------------------------------------------------------------------------------------
    0: 1110010100010001000000001101000100100000... 55           0.0075087008
    1: 1110000100010001000000011111000100100000... 56           0.0077393575
    2: 1110000100010001000000001111000100100000... 55           0.0079499107
    3: 1110010100000001000000001111000100100000... 54           0.0077495464
    4: 1110000100010001000000001111000100100000... 53           0.0075861319
    5: 1110000100000001000100001111000100100000... 55           0.0080224312
    6: 1110000100000001000000001111000100100000... 49           0.0078083919
    7: 1110010100010001000000001111000100100000... 53           0.0077353893
    8: 1110000100010001000000001111000100100000... 58           0.0077004308
    9: 1110010100010001000000001101000100100000... 52           0.0077667915

Pickling population to: genetic_alg_settings_population_end.pkl

Hall of Fame:
Index: Selected                                    #Selected    CV          
----------------------------------------------------------------------------------------------------
    0: 1110010100010001000000001101000100100000... 55           0.0075087008
    1: 1110000100010001000000001111000100100000... 53           0.0075861319
    2: 1110000100010001000000001111000100100000... 55           0.0076158652
    3: 1110000100010001000000001111000100100000... 58           0.0077004308
    4: 1110010100000001000000001111000100100000... 52           0.0077180413
    5: 1110010100010001000000001111000100100000... 53           0.0077353893
    6: 1110000100010001000000011111000100100000... 56           0.0077393575
    7: 1110010100000001000000001111000100100000... 54           0.0077495464
    8: 1110000100010001000000001111000100100000... 49           0.0077648456
    9: 1110010100010001000000001101000100100000... 52           0.0077667915

Pickling Hall of Fame to: genetic_alg_settings_evolve_halloffame.pkl
Begin 2 of 20 repetitions
Begin 20 generations
gen	nevals	avg       	std        	min      	max       
0  	0     	0.00775671	0.000143278	0.0075087	0.00802243
1  	10    	0.00766246	0.000110425	0.00752946	0.0078608 
2  	10    	0.00759392	0.000137123	0.00743704	0.00786769
3  	10    	0.00754353	0.000122683	0.00738435	0.00785136
4  	10    	0.00761762	0.000139644	0.0074492 	0.0078691 
5  	10    	0.00751279	0.000132721	0.00728356	0.00771485
6  	10    	0.00745932	0.000251795	0.00705703	0.00805897
7  	10    	0.00747901	0.00021375 	0.00707761	0.00783991
8  	10    	0.00734477	0.000155364	0.00700068	0.00757852
9  	10    	0.00736708	0.000290253	0.00691745	0.00793124
10 	10    	0.00718385	0.00023349 	0.00684036	0.00781292
11 	10    	0.00746849	0.00109782 	0.00682155	0.0107167 
12 	10    	0.00701012	0.000157535	0.00685474	0.00741791
13 	10    	0.00707518	0.00040121 	0.00644352	0.00804886
14 	10    	0.0069892 	0.000226803	0.00641667	0.00735208
15 	10    	0.00659833	0.000250438	0.00634461	0.00709396
16 	10    	0.00661325	0.000275734	0.0062595 	0.00710926
17 	10    	0.00644941	0.000178977	0.00618097	0.00689218
18 	10    	0.0064642 	0.000104103	0.00628344	0.00666277
19 	10    	0.00634666	0.000127134	0.00615858	0.00654966
20 	10    	0.00630537	6.59038e-05	0.00622892	0.00642431
Runtime: 4.554793602001155 (s)


Final population:
Index: Selected                                    #Selected    CV          
----------------------------------------------------------------------------------------------------
    0: 1111000100011000000100011011000100000000... 78           0.0062289163
    1: 1111000100011000000100111011000100000000... 85           0.0064243124
    2: 1111000100010000000100111001000100000000... 84           0.006320235 
    3: 1111000100011000000100011011000100000000... 86           0.0062388029
    4: 1111100100011000000100011011000100000000... 83           0.0063925074
    5: 1111000100011000000100111011000100000000... 87           0.0063375499
    6: 1111000100011000000100111001010100000010... 86           0.0062316646
    7: 1111000100011000000100111011000100000000... 83           0.0063070808
    8: 1111000100011000000100111011000100000000... 80           0.0062415951
    9: 1111000100011000000100111001000100000010... 91           0.0063310093

Pickling population to: genetic_alg_settings_population_end.pkl

Hall of Fame:
Index: Selected                                    #Selected    CV          
----------------------------------------------------------------------------------------------------
    0: 1111000100011000000100111011000100000000... 81           0.00615858  
    1: 1111000100011000000100011001000100000010... 83           0.0061809689
    2: 1111000100010000000100011001000100000000... 87           0.0061971408
    3: 1111000100011000000100011011000100000000... 78           0.0062289163
    4: 1111000100011000000100111001010100000010... 86           0.0062316646
    5: 1111000100011000000100111001000100000010... 87           0.0062350959
    6: 1111000100011000000100011011000100000000... 86           0.0062388029
    7: 1111000100011000000100111011000100000000... 80           0.0062415951
    8: 1111000100010000000100111001000100000000... 79           0.0062574572
    9: 1111000100010000000100011011000100000000... 81           0.0062594951

Pickling Hall of Fame to: genetic_alg_settings_evolve_halloffame.pkl
Begin 3 of 20 repetitions
Begin 20 generations
gen	nevals	avg       	std        	min       	max       
0  	0     	0.00630537	6.59038e-05	0.00622892	0.00642431
1  	10    	0.00627811	8.08763e-05	0.00616666	0.00641556
2  	10    	0.00621511	9.03325e-05	0.00607056	0.00634874
3  	10    	0.00619075	9.55767e-05	0.00602851	0.0063485 
4  	10    	0.00620185	0.00010256 	0.00604754	0.00637279
5  	10    	0.00623173	0.000195274	0.00609362	0.00679077
6  	10    	0.00621327	0.000199277	0.00607478	0.00677775
7  	10    	0.00618547	9.38102e-05	0.0060555 	0.00634849
8  	10    	0.00616344	9.38265e-05	0.00599278	0.00632636
9  	10    	0.00615003	9.58655e-05	0.00600247	0.00630151
10 	10    	0.00618726	0.000156458	0.00595419	0.0065381 
11 	10    	0.0061264 	0.00015543 	0.00585423	0.00635285
12 	10    	0.0060308 	8.13211e-05	0.00590701	0.00614194
13 	10    	0.00614013	0.000174227	0.00587758	0.00652716
14 	10    	0.00604965	0.000140133	0.005823  	0.00632438
15 	10    	0.00608028	0.000180687	0.00584268	0.0064684 
16 	10    	0.00607969	0.000349867	0.00582555	0.00710198
17 	10    	0.00611652	0.00027173 	0.0057421 	0.006657  
18 	10    	0.00614366	0.000391647	0.00576931	0.00714395
19 	10    	0.00594788	0.000349453	0.00558226	0.0068395 
20 	10    	0.00580674	0.000104837	0.00555172	0.00590903
Runtime: 5.631307480001851 (s)


Final population:
Index: Selected                                    #Selected    CV          
----------------------------------------------------------------------------------------------------
    0: 1111100100010000010000011011000100000000... 100          0.0058355909
    1: 1111100101010011010100001011000100000000... 99           0.0055517233
    2: 1111100101010000010000011011000100000000... 100          0.0057629845
    3: 1111100100010000010000011111000100000001... 100          0.0057856796
    4: 1111100100010000010000011011000100000000... 99           0.0059017286
    5: 1111100101010000010000001011000100000000... 99           0.0057182222
    6: 1111100100010000010000011011000100000000... 99           0.0058978827
    7: 1111100100010001010000011011000100000000... 98           0.0058213435
    8: 1111100100010000010000011011000100000000... 99           0.0059090338
    9: 1111100101010000010000001011000100000000... 100          0.0058831733

Pickling population to: genetic_alg_settings_population_end.pkl

Hall of Fame:
Index: Selected                                    #Selected    CV          
----------------------------------------------------------------------------------------------------
    0: 1111100101010011010100001011000100000000... 99           0.0055517233
    1: 1111100101010000010000011011000100000000... 99           0.0055822592
    2: 1111100100010000010000001011000100000000... 97           0.0056862808
    3: 1111100101010000010000001011000100000000... 99           0.0057182222
    4: 1111100100010000010000011011000100000000... 100          0.005725348 
    5: 1111100101010000010000011011000100000000... 98           0.0057275152
    6: 1111101101010000010000011011000100000000... 100          0.0057421027
    7: 1111100101010000010000011011000100000000... 100          0.0057629845
    8: 1111100101010000010000011011000100000000... 100          0.0057693122
    9: 1111100100010000010000011111000100000001... 100          0.0057856796

Pickling Hall of Fame to: genetic_alg_settings_evolve_halloffame.pkl
Begin 4 of 20 repetitions
Begin 20 generations
gen	nevals	avg       	std        	min       	max       
0  	0     	0.00580674	0.000104837	0.00555172	0.00590903
1  	10    	0.00583187	0.000116733	0.00566583	0.0060125 
2  	10    	0.00579247	9.33754e-05	0.00562277	0.00595588
3  	10    	0.00585953	0.00028494 	0.00559776	0.00668136
4  	10    	0.00591821	0.000234306	0.00574057	0.00656894
5  	10    	0.0059396 	0.000311853	0.00569725	0.00675069
6  	10    	0.00583955	0.000108592	0.00560787	0.00601833
7  	10    	0.00574292	0.000111209	0.0055645 	0.00591745
8  	10    	0.00584673	0.000305235	0.00565639	0.00669977
9  	10    	0.00591218	0.000271189	0.0056517 	0.00633955
10 	10    	0.00585503	0.000239907	0.00561818	0.00643105
11 	10    	0.00585696	0.000156476	0.0056248 	0.00619394
12 	10    	0.00576252	0.000141891	0.00558358	0.0060244 
13 	10    	0.00568714	7.52763e-05	0.0056145 	0.00587981
14 	10    	0.0056975 	9.26304e-05	0.00562637	0.00595105
15 	10    	0.00571664	9.27747e-05	0.0055594 	0.00586098
16 	10    	0.00572178	0.00015059 	0.00555807	0.00611419
17 	10    	0.00570246	0.000109227	0.00555837	0.00592635
18 	10    	0.00563306	8.71912e-05	0.00549425	0.00575143
19 	10    	0.00568483	0.000243335	0.00546235	0.00636442
20 	10    	0.00564065	0.000117261	0.00547583	0.00582002
Runtime: 5.746389077001368 (s)


Final population:
Index: Selected                                    #Selected    CV          
----------------------------------------------------------------------------------------------------
    0: 1111100101010011000000011111000100001011... 99           0.0055420307
    1: 1111100101110011000000011111000100001011... 100          0.0057273448
    2: 1111100110010011000000011111000100001010... 99           0.0058200209
    3: 1111100100010011000000011111000100001011... 95           0.0055428691
    4: 1111100110010011000000001111000100001011... 95           0.0054758329
    5: 1111100110010011000000011111000110001011... 99           0.0056914123
    6: 1111100100110011000010011111000100001011... 100          0.0056181284
    7: 1111100100010011000000011111000100001011... 100          0.0056661922
    8: 1111100100010011000000011011000100011011... 100          0.0058142583
    9: 1111100100010011100000011111000100000011... 95           0.0055084225

Pickling population to: genetic_alg_settings_population_end.pkl

Hall of Fame:
Index: Selected                                    #Selected    CV          
----------------------------------------------------------------------------------------------------
    0: 1111100100110011000010011111000100001011... 99           0.0054623502
    1: 1111100110010011000000001111000100001011... 95           0.0054758329
    2: 1111100110010011000000011111000100001011... 98           0.0054845004
    3: 1111100100110011000010011111000100001011... 98           0.0054942462
    4: 1111100100010011100000011111000100000011... 95           0.0055084225
    5: 1111100100010011000000011111000100001011... 95           0.0055286246
    6: 1111100101010011000000011111000100001011... 99           0.0055420307
    7: 1111100100010011000000011111000100001011... 95           0.0055428691
    8: 1111100101010011010100001011000100000000... 99           0.0055517233
    9: 1111100100110011000010011111000100001011... 100          0.0055580747

Pickling Hall of Fame to: genetic_alg_settings_evolve_halloffame.pkl
Begin 5 of 20 repetitions
Begin 20 generations
gen	nevals	avg       	std        	min       	max       
0  	0     	0.00564065	0.000117261	0.00547583	0.00582002
1  	10    	0.00562048	9.62025e-05	0.00553452	0.00581075
2  	10    	0.0056649 	0.000113332	0.00554774	0.00590008
3  	10    	0.00563852	0.000105214	0.00542805	0.00579471
4  	10    	0.00571635	0.000111383	0.00557853	0.00592726
5  	10    	0.00573723	0.000215086	0.00548331	0.00632177
6  	10    	0.00578233	0.000233345	0.00558905	0.0062792 
7  	10    	0.00568629	8.54508e-05	0.00559836	0.00587243
8  	10    	0.00572285	0.000127981	0.00553468	0.00592877
9  	10    	0.00581046	0.000246967	0.00549394	0.00630295
10 	10    	0.0058139 	0.000160449	0.00563023	0.00620803
11 	10    	0.00578701	0.000150532	0.00562355	0.00609775
12 	10    	0.00581163	0.000226319	0.00557914	0.00643248
13 	10    	0.00571834	0.000108405	0.00557141	0.00593379
14 	10    	0.00577306	0.000104119	0.00564709	0.00595301
15 	10    	0.00584038	0.000112893	0.00562942	0.00601627
16 	10    	0.00585616	0.00022302 	0.0056305 	0.00643669
17 	10    	0.00587355	0.000246688	0.00559522	0.00645832
18 	10    	0.00583183	0.000308227	0.00560715	0.00668335
19 	10    	0.00568649	7.27995e-05	0.00555715	0.00578198
20 	10    	0.00570632	8.29159e-05	0.00557161	0.00583003
Runtime: 5.723091821000708 (s)


Final population:
Index: Selected                                    #Selected    CV          
----------------------------------------------------------------------------------------------------
    0: 1111100110010011000000011010000100010011... 100          0.0056189872
    1: 1111100110100011000000011010001100010011... 96           0.0056923993
    2: 1111100110110011000000011110000100010011... 98           0.0057994907
    3: 1111100110000011000000011010001100010010... 100          0.0058300281
    4: 1111100110010011000000011111001100010011... 87           0.0056958318
    5: 1111100110010011000000011010000100000011... 96           0.0056085313
    6: 1111100010010011000000011010011100010011... 100          0.0057407824
    7: 1111100110100011000000011110001100010011... 97           0.0057953309
    8: 1111100110000011000000011011000100010011... 99           0.0057102482
    9: 1111100110110011000000011010001100010011... 99           0.0055716109

Pickling population to: genetic_alg_settings_population_end.pkl

Hall of Fame:
Index: Selected                                    #Selected    CV          
----------------------------------------------------------------------------------------------------
    0: 1111100100010011000000011111000100000011... 98           0.0054280461
    1: 1111100100110011000010011111000100001011... 99           0.0054623502
    2: 1111100110010011000000001111000100001011... 95           0.0054758329
    3: 1111100100010011000001011111010100000011... 100          0.0054833139
    4: 1111100110010011000000011111000100001011... 98           0.0054845004
    5: 1111100110010011001000011011011100000011... 100          0.0054939419
    6: 1111100100110011000010011111000100001011... 98           0.0054942462
    7: 1111100100010011100000011111000100000011... 95           0.0055084225
    8: 1111100100010011000000011111000100001011... 95           0.0055286246
    9: 1111000100010011100000011111000100000011... 95           0.0055299952

Pickling Hall of Fame to: genetic_alg_settings_evolve_halloffame.pkl
Begin 6 of 20 repetitions
Begin 20 generations
gen	nevals	avg       	std        	min       	max       
0  	0     	0.00570632	8.29159e-05	0.00557161	0.00583003
1  	10    	0.00575816	0.000131499	0.00558828	0.00604745
2  	10    	0.00573955	0.000125781	0.0055321 	0.00595168
3  	10    	0.00565669	8.04422e-05	0.00548447	0.00573916
4  	10    	0.00586805	0.000620907	0.00548231	0.00767587
5  	10    	0.00564947	0.000183006	0.00548465	0.00613049
6  	10    	0.00578832	0.000241897	0.00553483	0.0064381 
7  	10    	0.00571702	0.000123432	0.00551231	0.00586785
8  	10    	0.00566626	0.000127763	0.00545251	0.00584787
9  	10    	0.00569344	0.000127028	0.00543684	0.0058459 
10 	10    	0.0057892 	0.000348104	0.00550895	0.0066458 
11 	10    	0.00591112	0.000275821	0.00562176	0.0065515 
12 	10    	0.00586897	0.000198523	0.00563906	0.00623509
13 	10    	0.00572219	9.86869e-05	0.00549611	0.00588701
14 	10    	0.0057799 	0.000257225	0.0055546 	0.00645327
15 	10    	0.00576706	0.000147277	0.00561455	0.00609736
16 	10    	0.0059426 	0.000352899	0.00548948	0.00665509
17 	10    	0.00568903	0.000103058	0.00554769	0.00590677
18 	10    	0.00576393	0.000239682	0.00549917	0.00634386
19 	10    	0.00565841	0.000120045	0.00549113	0.00595745
20 	10    	0.00576576	0.000241639	0.00550165	0.0063031 
Runtime: 5.751135073998739 (s)


Final population:
Index: Selected                                    #Selected    CV          
----------------------------------------------------------------------------------------------------
    0: 1111100110010011011000011010000100110011... 100          0.0059121331
    1: 1111100100010011000000011010000100010011... 98           0.0058391733
    2: 1111100100010000011000011010000100110011... 100          0.0058800644
    3: 1111100110010001011000011010000100110011... 98           0.005534919 
    4: 1111100110010001011000011010000100100011... 100          0.005929938 
    5: 1111100100010001011000011010000110110011... 98           0.0055941742
    6: 1111100100010001011000011010000100110011... 100          0.0055190255
    7: 1110100100010001011000011010000100110011... 100          0.0063031003
    8: 1111100110010011010000011010000100110011... 100          0.0055016539
    9: 1111100100010101011100011010000100110011... 100          0.0056434267

Pickling population to: genetic_alg_settings_population_end.pkl

Hall of Fame:
Index: Selected                                    #Selected    CV          
----------------------------------------------------------------------------------------------------
    0: 1111100100010011000000011111000100000011... 98           0.0054280461
    1: 1111100110110011000000011010001100010011... 100          0.0054368441
    2: 1111100110000011000000011010000100010011... 100          0.0054525148
    3: 1111100100110011000010011111000100001011... 99           0.0054623502
    4: 1111100110010011000000001111000100001011... 95           0.0054758329
    5: 1111100110010011000000011010000100010011... 100          0.0054823147
    6: 1111100100010011000001011111010100000011... 100          0.0054833139
    7: 1111100110000011000000011010000100010011... 100          0.0054844657
    8: 1111100110010011000000011111000100001011... 98           0.0054845004
    9: 1111100110010011000000011010000100010011... 99           0.005484648 

Pickling Hall of Fame to: genetic_alg_settings_evolve_halloffame.pkl
Begin 7 of 20 repetitions
Begin 20 generations
gen	nevals	avg       	std        	min       	max      
0  	0     	0.00576576	0.000241639	0.00550165	0.0063031
1  	10    	0.00573357	0.000284685	0.0054846 	0.00649575
2  	10    	0.00575039	0.000281875	0.00551187	0.00639572
3  	10    	0.00574896	0.000375435	0.00545061	0.0066898 
4  	10    	0.0056301 	0.000190898	0.00537299	0.00598231
5  	10    	0.00560886	0.000161203	0.00538144	0.00593545
6  	10    	0.00566204	0.000349299	0.00544018	0.00668117
7  	10    	0.00566882	0.000228777	0.00543807	0.00627951
8  	10    	0.00577323	0.000216195	0.00553874	0.00629487
9  	10    	0.00563252	8.33029e-05	0.00549817	0.00576353
10 	10    	0.00577853	0.00012343 	0.0056394 	0.00611371
11 	10    	0.00586292	0.000214715	0.00571007	0.00643341
12 	10    	0.00575509	7.81228e-05	0.00560929	0.00587212
13 	10    	0.00573594	6.50181e-05	0.00560836	0.00581363
14 	10    	0.00582459	0.000146975	0.00569495	0.006147  
15 	10    	0.00587161	0.000265706	0.00557608	0.00654719
16 	10    	0.00588199	0.000221545	0.0056176 	0.00632067
17 	10    	0.00586669	0.000113069	0.00571298	0.00611906
18 	10    	0.00588542	0.000141703	0.00566577	0.0060977 
19 	10    	0.00574121	0.000107521	0.00558423	0.00593359
20 	10    	0.00578693	0.000113431	0.00561276	0.00599675
Runtime: 5.738900673997705 (s)


Final population:
Index: Selected                                    #Selected    CV          
----------------------------------------------------------------------------------------------------
    0: 1111100100010000010000111010000100110011... 100          0.005996747 
    1: 1111100100010001010010111010000100110011... 99           0.0057933932
    2: 1111100100010001010000111010000100110011... 100          0.0058299154
    3: 1111100100011001010010111010000100110011... 96           0.0057659109
    4: 1111100100010001010000111010000100110011... 100          0.0057383804
    5: 1111100100010001010000111010000100110011... 96           0.0056350705
    6: 1111100100010001010000111010000100110011... 98           0.005612764 
    7: 1111100100010000010000111010000100110010... 94           0.0057936352
    8: 1111100100010001010000111010000110110011... 100          0.0057566037
    9: 1111100100010001010010111010000100110010... 98           0.0059469127

Pickling population to: genetic_alg_settings_population_end.pkl

Hall of Fame:
Index: Selected                                    #Selected    CV          
----------------------------------------------------------------------------------------------------
    0: 1111100110010011010000011010000100010011... 100          0.0053729936
    1: 1111100110010011010000011010000100010011... 98           0.0053814358
    2: 1111100100010011000000011111000100000011... 98           0.0054280461
    3: 1111100110110011000000011010001100010011... 100          0.0054368441
    4: 1111100110010011010000011010000100010011... 100          0.0054380669
    5: 1111100110010011010000011010000100010011... 98           0.0054401821
    6: 1111100110010011010000011010000100110011... 100          0.0054506149
    7: 1111100110000011000000011010000100010011... 100          0.0054525148
    8: 1111100110010011010000011010000100110011... 99           0.0054601704
    9: 1111100100110011000010011111000100001011... 99           0.0054623502

Pickling Hall of Fame to: genetic_alg_settings_evolve_halloffame.pkl
Begin 8 of 20 repetitions
Begin 20 generations
gen	nevals	avg       	std        	min       	max       
0  	0     	0.00578693	0.000113431	0.00561276	0.00599675
1  	10    	0.00582972	0.000172039	0.00561236	0.00626304
2  	10    	0.00599982	0.000386496	0.00569383	0.00683056
3  	10    	0.00577328	0.000106404	0.00568399	0.00606872
4  	10    	0.00585938	0.000226606	0.00565743	0.00650767
5  	10    	0.00589522	0.000306594	0.00566764	0.00678046
6  	10    	0.00580669	0.0001135  	0.00568109	0.00610957
7  	10    	0.00578128	8.15321e-05	0.00570378	0.00594343
8  	10    	0.00583137	0.000134621	0.00564269	0.00611504
9  	10    	0.00594174	0.000423455	0.00561229	0.0071476 
10 	10    	0.0058779 	0.000160711	0.00561079	0.00621687
11 	10    	0.00598037	0.000302195	0.0057004 	0.00652277
12 	10    	0.00587627	0.000186266	0.0056878 	0.00635529
13 	10    	0.00583128	0.000234202	0.00568273	0.00652883
14 	10    	0.00578838	0.000115806	0.00560733	0.00598003
15 	10    	0.00566412	0.000115297	0.00545235	0.00590269
16 	10    	0.005756  	0.000223358	0.00555332	0.00633853
17 	10    	0.00593489	0.000449711	0.00555215	0.00693394
18 	10    	0.00580226	9.90789e-05	0.0056549 	0.0059755 
19 	10    	0.00593176	0.000506464	0.00555063	0.00741638
20 	10    	0.00579739	0.000204588	0.00560287	0.00630858
Runtime: 5.734897106998687 (s)


Final population:
Index: Selected                                    #Selected    CV          
----------------------------------------------------------------------------------------------------
    0: 1111110100010001010000101010001100110111... 100          0.0059935416
    1: 1111110101010011010001001010000100110011... 100          0.0056322778
    2: 1111111100010001010000001000101100110111... 98           0.0063085812
    3: 1111010100110001010000001010001100110011... 96           0.0057214784
    4: 1111111100010011010000001010000100110011... 100          0.0056818675
    5: 1111110101010101010000101010001100110111... 99           0.0057722652
    6: 1111010100010011010000001010001100110011... 100          0.0056286125
    7: 1111110100010001010000101010101100110011... 94           0.0057675583
    8: 1111011110010001010000001010101100110111... 100          0.0056028658
    9: 1111110100010001010000001010001100110001... 95           0.0058648775

Pickling population to: genetic_alg_settings_population_end.pkl

Hall of Fame:
Index: Selected                                    #Selected    CV          
----------------------------------------------------------------------------------------------------
    0: 1111100110010011010000011010000100010011... 100          0.0053729936
    1: 1111100110010011010000011010000100010011... 98           0.0053814358
    2: 1111100100010011000000011111000100000011... 98           0.0054280461
    3: 1111100110110011000000011010001100010011... 100          0.0054368441
    4: 1111100110010011010000011010000100010011... 100          0.0054380669
    5: 1111100110010011010000011010000100010011... 98           0.0054401821
    6: 1111100110010011010000011010000100110011... 100          0.0054506149
    7: 1111110100010001010000001010001100110011... 100          0.0054523469
    8: 1111100110000011000000011010000100010011... 100          0.0054525148
    9: 1111100110010011010000011010000100110011... 99           0.0054601704

Pickling Hall of Fame to: genetic_alg_settings_evolve_halloffame.pkl
Begin 9 of 20 repetitions
Begin 20 generations
gen	nevals	avg       	std        	min       	max       
0  	0     	0.00579739	0.000204588	0.00560287	0.00630858
1  	10    	0.00570823	0.000157803	0.00549901	0.00609547
2  	10    	0.00573817	0.000229776	0.00548176	0.00631944
3  	10    	0.00571743	0.000161114	0.0055257 	0.0061449 
4  	10    	0.00579027	0.000354909	0.00557392	0.00681005
5  	10    	0.00565879	8.00831e-05	0.00552105	0.00584311
6  	10    	0.00574678	0.000113458	0.00559849	0.00603675
7  	10    	0.00570464	0.000124617	0.00547754	0.00591582
8  	10    	0.00582884	0.000528195	0.00540298	0.00728919
9  	10    	0.00579454	0.000296997	0.005446  	0.00645851
10 	10    	0.00588352	0.000435183	0.00550307	0.00679576
11 	10    	0.0056467 	8.59802e-05	0.00552218	0.0058057 
12 	10    	0.00579543	0.000472234	0.00551502	0.00717143
13 	10    	0.00570135	0.000248661	0.00549414	0.0062071 
14 	10    	0.0056545 	0.000144526	0.00551127	0.00592502
15 	10    	0.00561651	0.000174654	0.00540102	0.00605715
16 	10    	0.00558027	0.000118846	0.0053717 	0.00580513
17 	10    	0.0055362 	6.05162e-05	0.00545812	0.00563063
18 	10    	0.00555099	7.3615e-05 	0.00539383	0.00564866
19 	10    	0.00556676	0.000136609	0.00546331	0.00595792
20 	10    	0.00551543	0.000107983	0.00531064	0.00566941
Runtime: 5.723113418000139 (s)


Final population:
Index: Selected                                    #Selected    CV          
----------------------------------------------------------------------------------------------------
    0: 1111010110010011010000001010111100110011... 98           0.0054182163
    1: 1111010110010011011000001010101100110011... 100          0.0055320108
    2: 1111010110010011010000001010101100110011... 99           0.0056694056
    3: 1111010110010011011000001010101100110011... 100          0.0053106373
    4: 1111010110010011010000001010111100110011... 95           0.0055436759
    5: 1111010110010011010000001010101100110011... 93           0.0054694209
    6: 1111010110010011000000001010101100110011... 96           0.0054007203
    7: 1111110110010011011000001010101100110011... 99           0.005637036 
    8: 1111010110010011011000001010101100110001... 100          0.0055976099
    9: 1111010110010011010000001010101100110011... 96           0.0055755503

Pickling population to: genetic_alg_settings_population_end.pkl

Hall of Fame:
Index: Selected                                    #Selected    CV          
----------------------------------------------------------------------------------------------------
    0: 1111010110010011011000001010101100110011... 100          0.0053106373
    1: 1111010110010011010000001010101100110011... 100          0.0053716961
    2: 1111100110010011010000011010000100010011... 100          0.0053729936
    3: 1111100110010011010000011010000100010011... 98           0.0053814358
    4: 1111010110010011010000001010101100110011... 96           0.0053938251
    5: 1111010110010011000000001010101100110011... 96           0.0054007203
    6: 1111010110010011010000001010101100110011... 100          0.0054010216
    7: 1111011110010011010000001010001100110010... 100          0.0054029819
    8: 1111010110010011010000001010111100110011... 98           0.0054182163
    9: 1111100100010011000000011111000100000011... 98           0.0054280461

Pickling Hall of Fame to: genetic_alg_settings_evolve_halloffame.pkl
Begin 10 of 20 repetitions
Begin 20 generations
gen	nevals	avg       	std        	min       	max       
0  	0     	0.00551543	0.000107983	0.00531064	0.00566941
1  	10    	0.00552464	6.28272e-05	0.00544724	0.00565423
2  	10    	0.00558028	0.000156667	0.00542919	0.0060012 
3  	10    	0.00555823	0.000155202	0.00538285	0.00596588
4  	10    	0.00572384	0.000305879	0.00544953	0.00640564
5  	10    	0.00581403	0.000393661	0.00549556	0.00687823
6  	10    	0.00569446	0.000203373	0.00544213	0.00603187
7  	10    	0.00569218	0.000116293	0.00547076	0.00581112
8  	10    	0.0056181 	0.000141969	0.00539582	0.00592851
9  	10    	0.00555   	0.000119462	0.00531636	0.00570759
10 	10    	0.00566121	0.00035345 	0.00543136	0.00664947
11 	10    	0.00571032	0.000434056	0.00539521	0.00692309
12 	10    	0.00548062	6.48049e-05	0.00537072	0.00561399
13 	10    	0.00552602	3.55412e-05	0.00545038	0.0055643 
14 	10    	0.00554025	0.000105824	0.00542189	0.00577951
15 	10    	0.00576714	0.00037615 	0.00545416	0.00683215
16 	10    	0.00582576	0.000344552	0.00549247	0.00669513
17 	10    	0.0056326 	7.07866e-05	0.00551874	0.00575055
18 	10    	0.00561329	0.000108814	0.00544434	0.00580773
19 	10    	0.00566586	0.00021682 	0.00541055	0.00624076
20 	10    	0.00564013	0.000127734	0.00540746	0.00590409
Runtime: 5.7177274620007665 (s)


Final population:
Index: Selected                                    #Selected    CV          
----------------------------------------------------------------------------------------------------
    0: 1111000110110001010000001110101101010011... 100          0.0055765688
    1: 1111010110010001010000001110101110010011... 97           0.0056681567
    2: 1111010110010011110000001110100110110011... 100          0.0054074619
    3: 1111110110010011010100001110101101010011... 100          0.0056876117
    4: 1111010010010011010000011110100111010011... 100          0.0057304706
    5: 1111010110010011010000001010100100110001... 95           0.0057219832
    6: 1111010110010001010000001010101101010011... 98           0.0055379499
    7: 1111010110010011010010001010101110010011... 99           0.0056002868
    8: 1111010110010011010000001010101111010011... 97           0.0055667659
    9: 1111010110010001010010001010100100010011... 100          0.0059040883

Pickling population to: genetic_alg_settings_population_end.pkl

Hall of Fame:
Index: Selected                                    #Selected    CV          
----------------------------------------------------------------------------------------------------
    0: 1111010110010011011000001010101100110011... 100          0.0053106373
    1: 1111010110010011010000001010101100010011... 95           0.0053163593
    2: 1111010110010011010000001010101100111011... 100          0.0053707173
    3: 1111010110010011010000001010101100110011... 100          0.0053716961
    4: 1111100110010011010000011010000100010011... 100          0.0053729936
    5: 1111100110010011010000011010000100010011... 98           0.0053814358
    6: 1111010110010011000000001010101100110011... 97           0.0053828468
    7: 1111010110010011010000001010101100110011... 96           0.0053938251
    8: 1111010110010011010000001010101100111011... 98           0.0053952057
    9: 1111010110010011010000001010101100110011... 96           0.0053958227

Pickling Hall of Fame to: genetic_alg_settings_evolve_halloffame.pkl
Begin 11 of 20 repetitions
Begin 20 generations
gen	nevals	avg       	std        	min       	max       
0  	0     	0.00564013	0.000127734	0.00540746	0.00590409
1  	10    	0.00557963	0.000154513	0.00542516	0.00598645
2  	10    	0.00557614	0.000138275	0.00544365	0.00588603
3  	10    	0.00574261	0.000211872	0.00538004	0.00612464
4  	10    	0.0055953 	0.000165977	0.00534852	0.00592832
5  	10    	0.00573339	0.000379051	0.00546196	0.00681854
6  	10    	0.00570826	0.000230813	0.00543212	0.00613609
7  	10    	0.00560068	0.000115396	0.00545095	0.0058264 
8  	10    	0.00571606	0.00031909 	0.0054931 	0.00659065
9  	10    	0.00566893	0.000129066	0.00548876	0.00597914
10 	10    	0.00573343	0.000335038	0.00543352	0.00659078
11 	10    	0.00602691	0.000930252	0.00543605	0.00851449
12 	10    	0.00566164	0.000194867	0.00549154	0.00602587
13 	10    	0.00578084	0.00025217 	0.0054394 	0.00633154
14 	10    	0.00573957	0.000224147	0.00553067	0.00625877
15 	10    	0.0057535 	0.000289901	0.00551168	0.00657029
16 	10    	0.00583605	0.000228018	0.00557042	0.00640825
17 	10    	0.00574297	0.000160336	0.00547858	0.00598715
18 	10    	0.00569646	0.000105171	0.00553011	0.00585207
19 	10    	0.00575177	0.000253799	0.00532871	0.00638577
20 	10    	0.00572248	0.000187824	0.00555369	0.00606465
Runtime: 5.738591299003019 (s)


Final population:
Index: Selected                                    #Selected    CV          
----------------------------------------------------------------------------------------------------
    0: 1111010110010010000011011010100111110011... 99           0.0056191335
    1: 1111010110010010100000001010100101110011... 100          0.0059479622
    2: 1111011110010011100001001010100101110011... 96           0.0055825584
    3: 1111010110010010100011001010100111110011... 97           0.0056162054
    4: 1111010110010010000011001010100001110011... 95           0.0060646531
    5: 1111010110010010100001011010100111110011... 98           0.0055536911
    6: 1111010110010011100011001010100111110011... 97           0.0055920805
    7: 1111011110010010100111001010100111110011... 100          0.0056161563
    8: 1111010110010010000011001010100111110011... 93           0.0056305083
    9: 1111010110010011100011001010100011110011... 100          0.0060018435

Pickling population to: genetic_alg_settings_population_end.pkl

Hall of Fame:
Index: Selected                                    #Selected    CV          
----------------------------------------------------------------------------------------------------
    0: 1111010110010011011000001010101100110011... 100          0.0053106373
    1: 1111010110010011010000001010101100010011... 95           0.0053163593
    2: 1111010110010010000011001010100111110011... 95           0.0053287147
    3: 1111011110010001000000001010101111110011... 100          0.0053485182
    4: 1111010110010011010000001010101100111011... 100          0.0053707173
    5: 1111010110010011010000001010101100110011... 100          0.0053716961
    6: 1111100110010011010000011010000100010011... 100          0.0053729936
    7: 1111010110010001010000001010101111110011... 100          0.0053800424
    8: 1111100110010011010000011010000100010011... 98           0.0053814358
    9: 1111010110010011000000001010101100110011... 97           0.0053828468

Pickling Hall of Fame to: genetic_alg_settings_evolve_halloffame.pkl
Begin 12 of 20 repetitions
Begin 20 generations
gen	nevals	avg       	std        	min       	max       
0  	0     	0.00572248	0.000187824	0.00555369	0.00606465
1  	10    	0.0057439 	0.000226983	0.00553229	0.00626746
2  	10    	0.00586576	0.000407953	0.00546336	0.00697505
3  	10    	0.00576146	0.000145532	0.00560196	0.00596091
4  	10    	0.00581406	0.000252712	0.00552334	0.00637993
5  	10    	0.00576179	0.000277041	0.00549344	0.00654982
6  	10    	0.00575383	0.000226937	0.00554611	0.00639103
7  	10    	0.00570664	0.000124917	0.00557829	0.0060294 
8  	10    	0.00584221	0.000289705	0.00549605	0.00657063
9  	10    	0.0056948 	0.000219002	0.00544838	0.00616938
10 	10    	0.00577739	0.000394045	0.00543456	0.00684155
11 	10    	0.00562006	8.94684e-05	0.00545513	0.00574148
12 	10    	0.00565117	0.000191076	0.00542121	0.00616864
13 	10    	0.00589326	0.000544636	0.00535173	0.0070053 
14 	10    	0.00571725	0.000191117	0.00540396	0.00604351
15 	10    	0.00580496	0.000332525	0.00545563	0.00664192
16 	10    	0.00590981	0.000383233	0.0055398 	0.00689097
17 	10    	0.00565813	0.000144354	0.00546948	0.00590601
18 	10    	0.00575812	0.000250306	0.00558407	0.00647095
19 	10    	0.00576044	0.000124853	0.005627  	0.00601953
20 	10    	0.00572743	0.000186691	0.00545725	0.00614005
Runtime: 5.729599648999283 (s)


Final population:
Index: Selected                                    #Selected    CV          
----------------------------------------------------------------------------------------------------
    0: 1111111110010010100010001111100011110011... 95           0.0061400505
    1: 1111011100010010100010001110100111110011... 100          0.0056259622
    2: 1111110110011010100010001110100111110011... 94           0.0058730078
    3: 1111011110010010100010001110100111010011... 99           0.0056616013
    4: 1111111100010010100010001110100111110011... 95           0.0056717958
    5: 1111111100010010100010001110100111110011... 99           0.0056402142
    6: 1111111110011011100010001111100111110011... 100          0.0055407378
    7: 1111111100011010000010001111100111110011... 100          0.0058642317
    8: 1111111110011010100010001110100111110011... 99           0.0057994683
    9: 1111111100010010100010001110100111110011... 98           0.0054572501

Pickling population to: genetic_alg_settings_population_end.pkl

Hall of Fame:
Index: Selected                                    #Selected    CV          
----------------------------------------------------------------------------------------------------
    0: 1111010110010011011000001010101100110011... 100          0.0053106373
    1: 1111010110010011010000001010101100010011... 95           0.0053163593
    2: 1111010110010010000011001010100111110011... 95           0.0053287147
    3: 1111011110010001000000001010101111110011... 100          0.0053485182
    4: 1111111110011010000010001110100111110011... 99           0.0053517333
    5: 1111010110010011010000001010101100111011... 100          0.0053707173
    6: 1111010110010011010000001010101100110011... 100          0.0053716961
    7: 1111100110010011010000011010000100010011... 100          0.0053729936
    8: 1111010110010001010000001010101111110011... 100          0.0053800424
    9: 1111100110010011010000011010000100010011... 98           0.0053814358

Pickling Hall of Fame to: genetic_alg_settings_evolve_halloffame.pkl
Begin 13 of 20 repetitions
Begin 20 generations
gen	nevals	avg       	std        	min       	max       
0  	0     	0.00572743	0.000186691	0.00545725	0.00614005
1  	10    	0.00577315	0.000254387	0.00558151	0.00649478
2  	10    	0.00576522	0.000265814	0.00556665	0.00650125
3  	10    	0.00579723	0.000165951	0.00553405	0.00612903
4  	10    	0.00578051	0.000118807	0.00564218	0.00605227
5  	10    	0.0057966 	0.000211556	0.00557782	0.00629572
6  	10    	0.00580847	0.000147   	0.00557561	0.0060147 
7  	10    	0.00575682	0.000154884	0.00561059	0.00619255
8  	10    	0.00578571	0.000135592	0.00563029	0.00605408
9  	10    	0.00593901	0.000129964	0.00576485	0.00611186
10 	10    	0.00601653	0.000350351	0.00563794	0.00696701
11 	10    	0.00576944	0.000174908	0.00554411	0.00606906
12 	10    	0.00570415	7.11333e-05	0.00561223	0.00582545
13 	10    	0.00589221	0.000321991	0.00563755	0.00677969
14 	10    	0.00571535	9.47177e-05	0.00556731	0.00584605
15 	10    	0.00592575	0.000285015	0.00560866	0.00645713
16 	10    	0.00571194	8.62406e-05	0.00556896	0.00587025
17 	10    	0.0057582 	0.000235045	0.00551707	0.00625797
18 	10    	0.00585084	0.000444315	0.00557182	0.0071248 
19 	10    	0.0057201 	0.000141419	0.00556414	0.00600984
20 	10    	0.00588157	0.000382558	0.00555475	0.00687939
Runtime: 5.7133493139990605 (s)


Final population:
Index: Selected                                    #Selected    CV          
----------------------------------------------------------------------------------------------------
    0: 1111110100011000100010011110110100010011... 97           0.0056261269
    1: 1111010100000010100000001110101100000011... 99           0.0058683287
    2: 1111110100011010000000001110110100011011... 100          0.0057745854
    3: 1111010101010010100000001110100100010011... 97           0.0055989978
    4: 1111010100010010100010001110100100010010... 98           0.0057000998
    5: 1111010100011010000100001110100100001011... 98           0.0059103034
    6: 1111010101011010100000001110100100011011... 97           0.0055547536
    7: 1111010100010010000000001110100100011010... 100          0.0056680468
    8: 1111110100011010101000001110110100010011... 99           0.0068793876
    9: 1111110100011010000000001110110100010011... 96           0.0062351031

Pickling population to: genetic_alg_settings_population_end.pkl

Hall of Fame:
Index: Selected                                    #Selected    CV          
----------------------------------------------------------------------------------------------------
    0: 1111010110010011011000001010101100110011... 100          0.0053106373
    1: 1111010110010011010000001010101100010011... 95           0.0053163593
    2: 1111010110010010000011001010100111110011... 95           0.0053287147
    3: 1111011110010001000000001010101111110011... 100          0.0053485182
    4: 1111111110011010000010001110100111110011... 99           0.0053517333
    5: 1111010110010011010000001010101100111011... 100          0.0053707173
    6: 1111010110010011010000001010101100110011... 100          0.0053716961
    7: 1111100110010011010000011010000100010011... 100          0.0053729936
    8: 1111010110010001010000001010101111110011... 100          0.0053800424
    9: 1111100110010011010000011010000100010011... 98           0.0053814358

Pickling Hall of Fame to: genetic_alg_settings_evolve_halloffame.pkl
Begin 14 of 20 repetitions
Begin 20 generations
gen	nevals	avg       	std        	min       	max       
0  	0     	0.00588157	0.000382558	0.00555475	0.00687939
1  	10    	0.0056338 	9.20066e-05	0.00546438	0.00573233
2  	10    	0.00571048	0.000293125	0.00549901	0.00656229
3  	10    	0.0055845 	9.40468e-05	0.00544756	0.00576986
4  	10    	0.00575182	0.000498421	0.00545272	0.00721832
5  	10    	0.00553411	0.000116577	0.00541964	0.00575362
6  	10    	0.00550831	0.000102925	0.00533153	0.00573428
7  	10    	0.00558171	0.000181466	0.00537492	0.00608655
8  	10    	0.00554039	0.000124742	0.0053495 	0.00580317
9  	10    	0.00552065	0.000145193	0.0053853 	0.00589472
10 	10    	0.00551819	0.000158984	0.00538607	0.00592408
11 	10    	0.00570856	0.000349456	0.0053702 	0.00619918
12 	10    	0.00567846	0.00031306 	0.00540211	0.00649242
13 	10    	0.00569935	0.000318361	0.00544576	0.00654774
14 	10    	0.00557514	0.000113466	0.0054498 	0.00582453
15 	10    	0.0057432 	0.000399678	0.00539153	0.00681722
16 	10    	0.00560648	0.000141844	0.00546713	0.0058871 
17 	10    	0.00573025	0.000399145	0.00548441	0.00690142
18 	10    	0.00580552	0.000470204	0.0054788 	0.00715302
19 	10    	0.00570789	0.000126341	0.00551385	0.00596365
20 	10    	0.00568702	0.000102385	0.00552516	0.00583324
Runtime: 5.725658416999067 (s)


Final population:
Index: Selected                                    #Selected    CV          
----------------------------------------------------------------------------------------------------
    0: 1111000101100110010000001010110100001011... 97           0.0056678168
    1: 1111000101110110010100001010110100001011... 100          0.0055506322
    2: 1111000101110110010000101010100100001011... 98           0.0058015493
    3: 1111000001110110010100101010110100001011... 100          0.0057092862
    4: 1111000111110110110000101010100100001011... 100          0.0056313434
    5: 1111000101110110010000101010100100001001... 98           0.00583324  
    6: 1111000101100110000100001010100101011011... 100          0.005701298 
    7: 1111000101110110010000001010110101001011... 96           0.0055251551
    8: 1111000101100110010100001010110100001011... 98           0.0058210615
    9: 1111000001110110010100101010110100001011... 99           0.0056287728

Pickling population to: genetic_alg_settings_population_end.pkl

Hall of Fame:
Index: Selected                                    #Selected    CV          
----------------------------------------------------------------------------------------------------
    0: 1111010110010011011000001010101100110011... 100          0.0053106373
    1: 1111010110010011010000001010101100010011... 95           0.0053163593
    2: 1111010110010010000011001010100111110011... 95           0.0053287147
    3: 1111010101010010000010001110100100010011... 100          0.0053315342
    4: 1111011110010001000000001010101111110011... 100          0.0053485182
    5: 1111010101110010001010001110100100010011... 100          0.0053495014
    6: 1111111110011010000010001110100111110011... 99           0.0053517333
    7: 1111010100110010001000001110100100010011... 100          0.0053702027
    8: 1111010110010011010000001010101100111011... 100          0.0053707173
    9: 1111010110010011010000001010101100110011... 100          0.0053716961

Pickling Hall of Fame to: genetic_alg_settings_evolve_halloffame.pkl
Begin 15 of 20 repetitions
Begin 20 generations
gen	nevals	avg       	std        	min       	max       
0  	0     	0.00568702	0.000102385	0.00552516	0.00583324
1  	10    	0.0056971 	0.00015051 	0.00552256	0.00598922
2  	10    	0.00555048	6.80935e-05	0.00545787	0.00567448
3  	10    	0.00569151	0.00033103 	0.00534358	0.00659319
4  	10    	0.00568498	0.000281936	0.00539171	0.00641757
5  	10    	0.00567125	0.000154878	0.00540613	0.00591054
6  	10    	0.00601093	0.00050492 	0.00545702	0.0069009 
7  	10    	0.00569786	0.000209643	0.00545872	0.00611183
8  	10    	0.00570141	0.000369157	0.00546983	0.00675445
9  	10    	0.00559676	0.000125701	0.00533987	0.00579791
10 	10    	0.0057631 	0.000430699	0.00547672	0.00700474
11 	10    	0.00572177	0.000352578	0.00541027	0.00664656
12 	10    	0.00560513	0.000116969	0.00543077	0.00579406
13 	10    	0.00558662	0.000101995	0.00539565	0.00576342
14 	10    	0.00563591	0.00011451 	0.00544617	0.00581144
15 	10    	0.00578449	0.000413268	0.00544842	0.00681295
16 	10    	0.00566393	0.00040378 	0.00543615	0.0068537 
17 	10    	0.00577086	0.000462336	0.00542151	0.00677918
18 	10    	0.00553094	0.000141605	0.0054004 	0.00584881
19 	10    	0.00568394	0.000477296	0.00538333	0.00707993
20 	10    	0.0055973 	0.000179646	0.00542479	0.00599185
Runtime: 5.7171951529999205 (s)


Final population:
Index: Selected                                    #Selected    CV          
----------------------------------------------------------------------------------------------------
    0: 1111000010110101010000001010100100010011... 94           0.0055432717
    1: 1111000110110110010000001010100100010011... 100          0.0057924697
    2: 1111000110110110010000101010100100010011... 97           0.00576003  
    3: 1111000110110111110000001010100100010011... 96           0.0055649701
    4: 1111000110110111010000001010100100010011... 97           0.0054247895
    5: 1111000110110110110000001010100100010011... 100          0.0054250768
    6: 1111000110110001010000001010111100010011... 96           0.0059918485
    7: 1111000110110111010000001010100100011011... 100          0.0054975711
    8: 1111000110110111010000001010100100011011... 97           0.0055344036
    9: 1111000110110111010000001010100100010011... 99           0.0054385568

Pickling population to: genetic_alg_settings_population_end.pkl

Hall of Fame:
Index: Selected                                    #Selected    CV          
----------------------------------------------------------------------------------------------------
    0: 1111010110010011011000001010101100110011... 100          0.0053106373
    1: 1111010110010011010000001010101100010011... 95           0.0053163593
    2: 1111010110010010000011001010100111110011... 95           0.0053287147
    3: 1111010101010010000010001110100100010011... 100          0.0053315342
    4: 1111000110110110110000001010110100011011... 96           0.0053398685
    5: 1111000100110111010000001010110100001011... 100          0.0053435759
    6: 1111011110010001000000001010101111110011... 100          0.0053485182
    7: 1111010101110010001010001110100100010011... 100          0.0053495014
    8: 1111111110011010000010001110100111110011... 99           0.0053517333
    9: 1111010100110010001000001110100100010011... 100          0.0053702027

Pickling Hall of Fame to: genetic_alg_settings_evolve_halloffame.pkl
Begin 16 of 20 repetitions
Begin 20 generations
gen	nevals	avg      	std        	min       	max       
0  	0     	0.0055973	0.000179646	0.00542479	0.00599185
1  	10    	0.00558912	0.000150433	0.00536793	0.00580801
2  	10    	0.00551671	0.000111172	0.00540251	0.00575119
3  	10    	0.00557527	0.000190286	0.00538014	0.00596392
4  	10    	0.00549367	7.74073e-05	0.00536206	0.00565796
5  	10    	0.00564439	0.000283137	0.00537478	0.00642773
6  	10    	0.00551017	7.87317e-05	0.00536747	0.00563015
7  	10    	0.00548354	7.56294e-05	0.00537547	0.00559825
8  	10    	0.00558077	0.000299904	0.00533875	0.00644827
9  	10    	0.00560124	0.000362676	0.00540863	0.00668224
10 	10    	0.00549466	0.000120384	0.00535526	0.00573475
11 	10    	0.00552484	9.85999e-05	0.00541828	0.00576078
12 	10    	0.00547649	0.000102617	0.00534424	0.00570402
13 	10    	0.00551855	0.000127788	0.00536453	0.00576137
14 	10    	0.00550369	0.000118695	0.00530647	0.00571563
15 	10    	0.00549879	6.36241e-05	0.00539674	0.0056227 
16 	10    	0.00552274	8.7752e-05 	0.00539094	0.00568688
17 	10    	0.00541307	5.87734e-05	0.0053347 	0.00552416
18 	10    	0.00550482	0.000118674	0.005368  	0.00576466
19 	10    	0.00550888	0.000124681	0.00536858	0.00579422
20 	10    	0.00559058	0.000171976	0.00541753	0.00595818
Runtime: 5.71012253599838 (s)


Final population:
Index: Selected                                    #Selected    CV          
----------------------------------------------------------------------------------------------------
    0: 1111000110110101000100001010100100110011... 100          0.0054970361
    1: 1111000110110111000000001010100101110011... 99           0.0054811509
    2: 1111000110110101000100001110100000110011... 97           0.0059581828
    3: 1111000110110111000000001010100100110011... 98           0.005650469 
    4: 1111000110110101000000001110100100110011... 97           0.0055342762
    5: 1111000110110101010100001010100100110011... 100          0.0054259935
    6: 1111000110110101000010001010100100010011... 100          0.0058399662
    7: 1111100110110101010000001110100100110011... 99           0.0054773894
    8: 1111000110110101010100001110100100110011... 98           0.0056238031
    9: 1111000110110101000000001010100100110011... 97           0.0054175309

Pickling population to: genetic_alg_settings_population_end.pkl

Hall of Fame:
Index: Selected                                    #Selected    CV          
----------------------------------------------------------------------------------------------------
    0: 1111000110110101010100001010100100010011... 96           0.0053064673
    1: 1111010110010011011000001010101100110011... 100          0.0053106373
    2: 1111010110010011010000001010101100010011... 95           0.0053163593
    3: 1111010110010010000011001010100111110011... 95           0.0053287147
    4: 1111010101010010000010001110100100010011... 100          0.0053315342
    5: 1111000110110101010100001010100100010011... 99           0.0053346998
    6: 1111000110110111010000001010100100010011... 97           0.0053387535
    7: 1111000110110110110000001010110100011011... 96           0.0053398685
    8: 1111000100110111010000001010110100001011... 100          0.0053435759
    9: 1111000110110101010100001010100100010011... 95           0.0053442369

Pickling Hall of Fame to: genetic_alg_settings_evolve_halloffame.pkl
Begin 17 of 20 repetitions
Begin 20 generations
gen	nevals	avg       	std        	min       	max       
0  	0     	0.00559058	0.000171976	0.00541753	0.00595818
1  	10    	0.00555832	9.22125e-05	0.00539313	0.00570887
2  	10    	0.00559998	0.000191342	0.00524964	0.00603928
3  	10    	0.00555901	0.000216523	0.00531506	0.00599846
4  	10    	0.00555104	0.000267673	0.00536365	0.00630188
5  	10    	0.00556025	0.000164239	0.00536054	0.00595456
6  	10    	0.00559205	0.000224777	0.00529193	0.0060693 
7  	10    	0.00565773	0.000322853	0.00532571	0.00650851
8  	10    	0.00570696	0.000596295	0.00530554	0.00745263
9  	10    	0.00550314	0.000110589	0.00535699	0.00569349
10 	10    	0.00554576	0.000118004	0.00540058	0.00578571
11 	10    	0.00547304	0.000109834	0.00527689	0.00563982
12 	10    	0.00558663	0.000268985	0.00530297	0.00599295
13 	10    	0.00555988	0.000158393	0.00537528	0.00594079
14 	10    	0.0055309 	9.61987e-05	0.00530869	0.00565781
15 	10    	0.00551347	0.000174183	0.0052293 	0.00590622
16 	10    	0.00554704	0.000205908	0.005404  	0.0061399 
17 	10    	0.00539323	7.57301e-05	0.0052788 	0.0055302 
18 	10    	0.00548604	0.000261107	0.00522853	0.00615014
19 	10    	0.00549722	0.000128448	0.00533919	0.00568959
20 	10    	0.00545284	0.000119918	0.00525764	0.00566132
Runtime: 5.7409233750004205 (s)


Final population:
Index: Selected                                    #Selected    CV          
----------------------------------------------------------------------------------------------------
    0: 1111000111111100000000101010100100010010... 100          0.0054863547
    1: 1111000111111100000000101010100100010010... 98           0.0053604847
    2: 1111010111111100000000001010110100010010... 100          0.0054853213
    3: 1111000111111100010000101010100100010010... 100          0.0053231361
    4: 1111001111111100010000101010100100010011... 99           0.0055513479
    5: 1111000101111110010000001010100101010010... 95           0.0053937752
    6: 1111000111111100000001101010100110010000... 94           0.0056613175
    7: 1111000101111100010000101010100100010010... 100          0.0052576449
    8: 1111000101111100010000101010100100010010... 92           0.0055944503
    9: 1111000101111100010000101010100100010010... 92           0.0054146084

Pickling population to: genetic_alg_settings_population_end.pkl

Hall of Fame:
Index: Selected                                    #Selected    CV          
----------------------------------------------------------------------------------------------------
    0: 1111000100111100010000001010100100000010... 95           0.0052285296
    1: 1111000100111100000000001010110100010011... 100          0.005229299 
    2: 1111000110110101000000001010100100110011... 99           0.0052496369
    3: 1111000101111100010000101010100100010010... 100          0.0052576449
    4: 1111000100111100010000001110110100010011... 100          0.005276892 
    5: 1111000100111100010000001010100100000011... 100          0.0052788035
    6: 1111000111111100000000001010100100010010... 100          0.0052876904
    7: 1111000110110101000000001010100100100011... 100          0.0052919295
    8: 1111000110110100000000001010100100000011... 100          0.0052976199
    9: 1111000100111100000000001110110100010011... 98           0.0053029702

Pickling Hall of Fame to: genetic_alg_settings_evolve_halloffame.pkl
Begin 18 of 20 repetitions
Begin 20 generations
gen	nevals	avg       	std        	min       	max       
0  	0     	0.00545284	0.000119918	0.00525764	0.00566132
1  	10    	0.00539514	8.025e-05  	0.00527171	0.00554793
2  	10    	0.00560693	0.000220717	0.00532597	0.00594545
3  	10    	0.00544852	8.75684e-05	0.00535408	0.0056098 
4  	10    	0.00540083	9.09684e-05	0.0052454 	0.00550703
5  	10    	0.00558695	0.00018746 	0.00525878	0.00587036
6  	10    	0.00547599	0.000115345	0.00534765	0.00565898
7  	10    	0.00545973	0.000135728	0.00535596	0.00579412
8  	10    	0.00549571	0.000189924	0.00525681	0.00598151
9  	10    	0.00555416	0.00018579 	0.00527324	0.00589764
10 	10    	0.00549982	0.000201667	0.0052869 	0.0059052 
11 	10    	0.00546577	0.000199946	0.00525176	0.005992  
12 	10    	0.00554875	0.000377598	0.00531438	0.00667138
13 	10    	0.00548876	0.000219577	0.00531483	0.00608237
14 	10    	0.00546671	0.000120137	0.00531835	0.0057173 
15 	10    	0.00543199	0.000132622	0.00527856	0.00580054
16 	10    	0.00543452	0.000150168	0.0052394 	0.00583607
17 	10    	0.00544441	0.000119367	0.00534426	0.0057028 
18 	10    	0.00537865	0.000107143	0.00522383	0.00557046
19 	10    	0.00543087	4.56598e-05	0.00538082	0.00553055
20 	10    	0.00552501	0.000265287	0.00530287	0.0060652 
Runtime: 5.732070412999747 (s)


Final population:
Index: Selected                                    #Selected    CV          
----------------------------------------------------------------------------------------------------
    0: 1111000101111110010010101010100100010010... 98           0.0053028734
    1: 1110000101111110010010101010100100010010... 100          0.0060652002
    2: 1111000100111110010010101010100100010010... 100          0.0054095618
    3: 1111000101111110010010101010001100010010... 96           0.0054217021
    4: 1111000101111110010010101010100100010010... 100          0.0054681226
    5: 1111000101111110010110101010000100010010... 99           0.0060197793
    6: 1111000101111111010010101010000100011010... 97           0.0053805468
    7: 1111000101111110010010101010001100010010... 100          0.0053716422
    8: 1111000101111110010010101010100100010010... 100          0.0054989633
    9: 1111000101111110010010101010100100010010... 99           0.0053116651

Pickling population to: genetic_alg_settings_population_end.pkl

Hall of Fame:
Index: Selected                                    #Selected    CV          
----------------------------------------------------------------------------------------------------
    0: 1111000101111110010010101010001100010010... 97           0.0052238257
    1: 1111000100111100010000001010100100000010... 95           0.0052285296
    2: 1111000100111100000000001010110100010011... 100          0.005229299 
    3: 1111000101111110010011101010100100010010... 99           0.0052393981
    4: 1111000111111110010000101010100100010010... 99           0.0052454   
    5: 1111000110110101000000001010100100110011... 99           0.0052496369
    6: 1111100101111110010010101010110100010010... 97           0.005251756 
    7: 1111000101110000010000101110100100010010... 93           0.0052568134
    8: 1111000101111100010000101010100100010010... 100          0.0052576449
    9: 1111100111111110010000101010100100010010... 100          0.0052587836

Pickling Hall of Fame to: genetic_alg_settings_evolve_halloffame.pkl
Begin 19 of 20 repetitions
Begin 20 generations
gen	nevals	avg       	std        	min       	max      
0  	0     	0.00552501	0.000265287	0.00530287	0.0060652
1  	10    	0.0057599 	0.000717663	0.00527427	0.00780482
2  	10    	0.00551638	0.000204671	0.005271  	0.00597927
3  	10    	0.0054503 	8.9854e-05 	0.0053299 	0.00562277
4  	10    	0.00551082	0.000111984	0.00533985	0.00571319
5  	10    	0.00564048	0.000342517	0.00537392	0.00631334
6  	10    	0.0054444 	8.23093e-05	0.00533737	0.0056098 
7  	10    	0.00551016	0.000125017	0.00539899	0.00577839
8  	10    	0.00550781	0.000192445	0.00537471	0.00605244
9  	10    	0.00549305	0.000118787	0.00538137	0.00577646
10 	10    	0.00551239	7.76395e-05	0.00541105	0.00563774
11 	10    	0.00551575	0.000195031	0.00536589	0.00598621
12 	10    	0.00557922	0.000128636	0.00534722	0.00579813
13 	10    	0.00547026	0.000148713	0.00529428	0.00580898
14 	10    	0.00559512	0.000349071	0.0053312 	0.0065724 
15 	10    	0.00558567	0.000280107	0.00539292	0.00628673
16 	10    	0.00556352	0.000266486	0.0053446 	0.00631982
17 	10    	0.00557358	0.000297341	0.00533912	0.00631958
18 	10    	0.00565319	0.000385205	0.0053353 	0.00654798
19 	10    	0.00549645	0.000106255	0.00534426	0.00567879
20 	10    	0.00558273	0.000253347	0.0053683 	0.0061639 
Runtime: 5.732311005001975 (s)


Final population:
Index: Selected                                    #Selected    CV          
----------------------------------------------------------------------------------------------------
    0: 1111000101111110010011001010000100011010... 96           0.0054311195
    1: 1111000111111110110001101010000100011010... 100          0.0054859071
    2: 1111100111111110010111101010000100010111... 99           0.0054289684
    3: 1111000110111110010011101010000000010010... 98           0.0061639013
    4: 1111010111111010010011001010000100111010... 95           0.0054005739
    5: 1111001111111110010001101010000100011010... 100          0.0055845023
    6: 1111000111111110010111101010000100010110... 100          0.0055677007
    7: 1111000111111110010011101010000100010010... 100          0.0053683046
    8: 1111000111111110110011000010000100011010... 100          0.0059646713
    9: 1111000111111110010001101010000100011011... 99           0.0054316813

Pickling population to: genetic_alg_settings_population_end.pkl

Hall of Fame:
Index: Selected                                    #Selected    CV          
----------------------------------------------------------------------------------------------------
    0: 1111000101111110010010101010001100010010... 97           0.0052238257
    1: 1111000100111100010000001010100100000010... 95           0.0052285296
    2: 1111000100111100000000001010110100010011... 100          0.005229299 
    3: 1111000101111110010011101010100100010010... 99           0.0052393981
    4: 1111000111111110010000101010100100010010... 99           0.0052454   
    5: 1111000110110101000000001010100100110011... 99           0.0052496369
    6: 1111100101111110010010101010110100010010... 97           0.005251756 
    7: 1111000101110000010000101110100100010010... 93           0.0052568134
    8: 1111000101111100010000101010100100010010... 100          0.0052576449
    9: 1111100111111110010000101010100100010010... 100          0.0052587836

Pickling Hall of Fame to: genetic_alg_settings_evolve_halloffame.pkl
Begin 20 of 20 repetitions
Begin 20 generations
gen	nevals	avg       	std        	min      	max      
0  	0     	0.00558273	0.000253347	0.0053683	0.0061639
1  	10    	0.00546156	0.000106163	0.00525746	0.00563954
2  	10    	0.00549716	0.000101211	0.00533734	0.00562807
3  	10    	0.00553577	0.000125345	0.00533039	0.00576349
4  	10    	0.00550549	9.55492e-05	0.00538826	0.00567382
5  	10    	0.0055457 	0.0001376  	0.00534431	0.00581874
6  	10    	0.00543783	9.70948e-05	0.00530567	0.00568204
7  	10    	0.00544286	5.59882e-05	0.00535108	0.00551126
8  	10    	0.00542943	6.68945e-05	0.00533268	0.00555716
9  	10    	0.00549724	8.04462e-05	0.00532795	0.00563417
10 	10    	0.00550101	0.000118507	0.0053577 	0.00582087
11 	10    	0.00551742	0.000116941	0.00530948	0.00572655
12 	10    	0.0054391 	6.81183e-05	0.0053063 	0.00555938
13 	10    	0.00554849	0.000196679	0.00542259	0.00612665
14 	10    	0.00549158	6.9374e-05 	0.00540764	0.00565616
15 	10    	0.00564783	0.000226213	0.00540905	0.00624996
16 	10    	0.00555339	7.12429e-05	0.00546918	0.0057306 
17 	10    	0.00572657	0.0004238  	0.00541393	0.0066206 
18 	10    	0.00564134	0.000220726	0.00543546	0.00608489
19 	10    	0.00562118	0.000298752	0.00536948	0.00644443
20 	10    	0.00551947	7.3865e-05 	0.00535669	0.00563264
Runtime: 5.703093969001202 (s)


Final population:
Index: Selected                                    #Selected    CV          
----------------------------------------------------------------------------------------------------
    0: 1111000110111110010011001010000100001010... 95           0.0056326434
    1: 1111000110111110010011001010000100001010... 98           0.0055176947
    2: 1111000110111100110010001010000100001010... 95           0.0055591491
    3: 1111000110111100010010001010000100001010... 93           0.0055444751
    4: 1111000110111110010011001010000100001010... 97           0.0053566878
    5: 1111000100111100010010001110000100001010... 96           0.0055387175
    6: 1111000110111110010010001010000100001010... 97           0.0055866659
    7: 1111000110111100010011001010000100001010... 98           0.0055426119
    8: 1111000110111110010011001010000100001011... 100          0.0054643386
    9: 1111000110111110010011001010000100001010... 100          0.005451717 

Pickling population to: genetic_alg_settings_population_end.pkl

Hall of Fame:
Index: Selected                                    #Selected    CV          
----------------------------------------------------------------------------------------------------
    0: 1111000101111110010010101010001100010010... 97           0.0052238257
    1: 1111000100111100010000001010100100000010... 95           0.0052285296
    2: 1111000100111100000000001010110100010011... 100          0.005229299 
    3: 1111000101111110010011101010100100010010... 99           0.0052393981
    4: 1111000111111110010000101010100100010010... 99           0.0052454   
    5: 1111000110110101000000001010100100110011... 99           0.0052496369
    6: 1111100101111110010010101010110100010010... 97           0.005251756 
    7: 1111000101110000010000101110100100010010... 93           0.0052568134
    8: 1111000111111110010011101010000100010010... 100          0.0052574598
    9: 1111000101111100010000101010100100010010... 100          0.0052576449

Pickling Hall of Fame to: genetic_alg_settings_evolve_halloffame.pkl
#   DONE  Runtime: 110.36214082600054 (s)

Adding statistics...
  DONE

Result:
Index: Selected                                    #Selected    CV           RMS          wRMS         Estimator                FeatureSelection         Note
--------------------------------------------------------------------------------------------------------------------------------------------------------------------
    0: 1111000101111110010010101010001100010010... 97           0.0052238257 0.0044426378 0.0044270896 LinearRegression         GeneticAlgorithm         
    1: 1111000100111100010000001010100100000010... 95           0.0052285296 0.0043331799 0.0043347333 LinearRegression         GeneticAlgorithm         
    2: 1111000100111100000000001010110100010011... 100          0.005229299  0.0043580724 0.0043448983 LinearRegression         GeneticAlgorithm         
    3: 1111000101111110010011101010100100010010... 99           0.0052393981 0.0043747734 0.0043618974 LinearRegression         GeneticAlgorithm         
    4: 1111000111111110010000101010100100010010... 99           0.0052454    0.0043124832 0.0043122928 LinearRegression         GeneticAlgorithm         
    5: 1111000110110101000000001010100100110011... 99           0.0052496369 0.0043513535 0.0043584681 LinearRegression         GeneticAlgorithm         
    6: 1111100101111110010010101010110100010010... 97           0.005251756  0.0044142437 0.0044027756 LinearRegression         GeneticAlgorithm         
    7: 1111000101110000010000101110100100010010... 93           0.0052568134 0.0044372867 0.0044264375 LinearRegression         GeneticAlgorithm         
    8: 1111000111111110010011101010000100010010... 100          0.0052574598 0.0044108751 0.0044060042 LinearRegression         GeneticAlgorithm         
    9: 1111000101111100010000101010100100010010... 100          0.0052576449 0.0043655446 0.004355759  LinearRegression         GeneticAlgorithm         

Pickling Hall of Fame to: genetic_alg_settings_halloffame.pkl
