Loading genetic_alg_settings.json
# Hall of Fame size: 10 

# Get problem data...
# wHullDist: Will calculate hull distance: hull_dist(CALCULATED,atom_frac)
# Query requested: ['formation_energy', 'is_calculated', 'corr', 'hull_dist(CALCULATED,atom_frac)']
# Use existing: []
# Querying: ['formation_energy', 'is_calculated', 'corr', 'hull_dist(CALCULATED,atom_frac)']
#   DONE

# Target: formation_energy
# Training samples: 627
# Features: 253 

# Weighting:
{
  "method": "wHullDist",
  "kwargs": {
    "A": 0.1,
    "B": 1.0,
    "kT": 0.01,
    "hull_selection": "CALCULATED"
  }
}

# CV:
{
  "method": "KFold",
  "kwargs": {
    "n_splits": 10,
    "shuffle": true
  },
  "penalty": 0.0
} 

# Writing problem specs to: genetic_alg_settings_specs.pkl
# To inspect or customize the problem specs further, use the '--checkspecs' method

# Estimator:
{
  "method": "LinearRegression",
  "kwargs": {
    "fit_intercept": false
  }
} 

# Feature Selection:
{
  "method": "GeneticAlgorithm",
  "kwargs": {
    "constraints_kwargs": {
      "n_features_max": 100,
      "n_features_min": 3,
      "fix_off": [],
      "fix_on": [
        0,
        1,
        2
      ]
    },
    "selTournamentSize": 3,
    "mutFlipBitProb": 0.01,
    "evolve_params_kwargs": {
      "n_generation": 20,
      "n_repetition": 20,
      "n_features_init": 3,
      "n_population": 10,
      "n_halloffame": 10,
      "halloffame_filename": "evolve_halloffame.pkl",
      "filename_prefix": "genetic_alg_settings"
    },
    "cxUniformProb": 0.5
  }
} 

# Fit and select...
Constructing initial population
Begin 1 of 20 repetitions
Begin 20 generations
gen	nevals	avg      	std        	min      	max      
0  	10    	0.0194313	0.000737184	0.0181349	0.0203565
1  	10    	0.018512 	0.000692008	0.0173581	0.0196802
2  	10    	0.0179701	0.00109922 	0.0158393	0.0195911
3  	10    	0.0169832	0.00113106 	0.0153947	0.0187802
4  	10    	0.0155824	0.000437366	0.0150515	0.0165192
5  	10    	0.015357 	0.000519479	0.0144626	0.0161907
6  	10    	0.0152417	0.0010677  	0.0140045	0.0180472
7  	10    	0.0139642	0.000636015	0.0126966	0.0149538
8  	10    	0.0137449	0.0006427  	0.0127435	0.0145541
9  	10    	0.01298  	0.000828767	0.011646 	0.0138172
10 	10    	0.0122288	0.000684783	0.0110686	0.0134287
11 	10    	0.0111209	0.000463026	0.0104151	0.0118913
12 	10    	0.0106879	0.000370935	0.0102048	0.0113301
13 	10    	0.0104069	0.000447625	0.00979527	0.0111941
14 	10    	0.0102783	0.00071208 	0.00961667	0.0121458
15 	10    	0.00993574	0.000450669	0.00933167	0.0109622
16 	10    	0.00958819	0.000364557	0.00906124	0.010156 
17 	10    	0.00928475	0.000285859	0.00889936	0.00983218
18 	10    	0.00884792	0.000323418	0.00790101	0.00904859
19 	10    	0.00879076	0.000516861	0.00767361	0.00988737
20 	10    	0.00851259	0.000667957	0.00756496	0.00944876
Runtime: 3.1571800299971073 (s)


Final population:
Index: Selected                                    #Selected    CV          
----------------------------------------------------------------------------------------------------
    0: 1111001000001010101000000001100110000000... 61           0.0086165577
    1: 1111001000101000101010000001000110000000... 62           0.0093353315
    2: 1111001000001000101010000001100110000000... 59           0.009101326 
    3: 1111001100001010101010001001000010000000... 63           0.0075649639
    4: 1111001000001000111010001001100110000000... 61           0.0077527505
    5: 1111001000001000101010000000100110000000... 54           0.0094487647
    6: 1111101000001000101010000000100110001000... 59           0.0090350908
    7: 1111001000001000101010001001100110000000... 54           0.0080883244
    8: 1111001000001010101010001001100110000000... 56           0.0077255035
    9: 1111001000001010101010001001100110000000... 55           0.008457337 

Pickling population to: genetic_alg_settings_population_end.pkl

Hall of Fame:
Index: Selected                                    #Selected    CV          
----------------------------------------------------------------------------------------------------
    0: 1111001100001010101010001001000010000000... 63           0.0075649639
    1: 1111001000001010101010001001100110000000... 55           0.0076736113
    2: 1111001000001010101010001001100110000000... 56           0.0077255035
    3: 1111001000001000111010001001100110000000... 61           0.0077527505
    4: 1111001000001000101010001001100110000000... 52           0.0079010107
    5: 1111001000001000101010001001100110000000... 54           0.0080883244
    6: 1111001000001010101010001001100110000000... 55           0.008457337 
    7: 1111001000001000101010001000100110000000... 53           0.0085370293
    8: 1111001000001010101000000001100110000000... 61           0.0086165577
    9: 1111001000101010101000000001000110000000... 62           0.008680269 

Pickling Hall of Fame to: genetic_alg_settings_evolve_halloffame.pkl
Begin 2 of 20 repetitions
Begin 20 generations
gen	nevals	avg       	std        	min       	max       
0  	0     	0.00851259	0.000667957	0.00756496	0.00944876
1  	10    	0.00780673	0.000313892	0.0074992 	0.008691  
2  	10    	0.0075656 	0.000137136	0.00736176	0.00787661
3  	10    	0.00759191	0.000179684	0.00738565	0.00801424
4  	10    	0.00738017	0.000182406	0.00699002	0.00765741
5  	10    	0.00711954	0.0002139  	0.00678129	0.00745736
6  	10    	0.00694585	0.000251091	0.00667814	0.00743397
7  	10    	0.00684743	0.000133262	0.0066628 	0.00710801
8  	10    	0.00686374	0.000161481	0.00655014	0.00713306
9  	10    	0.00661182	0.000193948	0.00637086	0.00710245
10 	10    	0.00677074	0.000817762	0.00623394	0.0091931 
11 	10    	0.00655545	0.000136305	0.00633113	0.00676877
12 	10    	0.00650495	0.000125945	0.00631612	0.00674044
13 	10    	0.00640468	0.000105232	0.00624227	0.00656495
14 	10    	0.00675295	0.00126414 	0.00619698	0.0105382 
15 	10    	0.00633345	9.96409e-05	0.0061684 	0.00652981
16 	10    	0.0063114 	8.12626e-05	0.00618362	0.00642409
17 	10    	0.00629234	8.41245e-05	0.00613154	0.00648245
18 	10    	0.00637062	0.000283954	0.00612729	0.00713862
19 	10    	0.00625939	0.000101357	0.00609884	0.00642612
20 	10    	0.00615842	8.58091e-05	0.00604957	0.00636216
Runtime: 5.548911418998614 (s)


Final population:
Index: Selected                                    #Selected    CV          
----------------------------------------------------------------------------------------------------
    0: 1111001000111001011000001011100010000010... 95           0.0062491886
    1: 1111001000011001111010001011100000000010... 92           0.0063621618
    2: 1111101000011001111010001011100010001010... 95           0.0060953231
    3: 1111001000111101111110101011100010000010... 98           0.0061691751
    4: 1111101000111001111010001011100010000010... 92           0.0060495692
    5: 1111101000111001111010001011100010000010... 95           0.0061356889
    6: 1111001000011001111000001011100010000010... 89           0.0061285494
    7: 1111101000111001011010001011100010000010... 89           0.0061484439
    8: 1111101000011001011001001011100010000010... 89           0.0061673646
    9: 1111001000111001111010001011100010000010... 94           0.0060787422

Pickling population to: genetic_alg_settings_population_end.pkl

Hall of Fame:
Index: Selected                                    #Selected    CV          
----------------------------------------------------------------------------------------------------
    0: 1111101000111001111010001011100010000010... 92           0.0060495692
    1: 1111001000111001111010001011100010000010... 94           0.0060787422
    2: 1111101000011001111010001011100010001010... 95           0.0060953231
    3: 1111101000111001111010001011100010000010... 93           0.0060988402
    4: 1111001000011001011000001011100010000010... 89           0.0061049186
    5: 1111001000011001111110001011100010000010... 87           0.0061272858
    6: 1111001000011001111000001011100010000010... 89           0.0061285494
    7: 1111001000111001111010001011100010000010... 89           0.0061315382
    8: 1111101000111001111010001011100010000010... 95           0.0061356889
    9: 1111101000111001011010001011100010000010... 89           0.0061484439

Pickling Hall of Fame to: genetic_alg_settings_evolve_halloffame.pkl
Begin 3 of 20 repetitions
Begin 20 generations
gen	nevals	avg       	std        	min       	max       
0  	0     	0.00615842	8.58091e-05	0.00604957	0.00636216
1  	10    	0.00612559	9.6871e-05 	0.00594589	0.00626938
2  	10    	0.00612327	7.72251e-05	0.00603799	0.00629949
3  	10    	0.00618034	0.000281925	0.00595902	0.00698335
4  	10    	0.00619338	0.00023454 	0.00592689	0.00676362
5  	10    	0.00599448	7.68869e-05	0.00591154	0.00612047
6  	10    	0.00609945	0.000183817	0.00588939	0.00656347
7  	10    	0.00604539	0.000161962	0.00581972	0.00640462
8  	10    	0.00624334	0.000416058	0.00589059	0.00733376
9  	10    	0.00620707	0.000565908	0.00590215	0.00788297
10 	10    	0.00610718	0.00011609 	0.00596588	0.00635338
11 	10    	0.00606768	7.68938e-05	0.00597646	0.00620194
12 	10    	0.006141  	7.46076e-05	0.00602435	0.00627684
13 	10    	0.00631048	0.00048268 	0.00601414	0.00770193
14 	10    	0.00631682	0.000610296	0.00598431	0.00812022
15 	10    	0.00629127	0.000444004	0.00597517	0.007568  
16 	10    	0.00608255	0.000119852	0.00593977	0.00633062
17 	10    	0.00602355	0.000103407	0.00586772	0.00622257
18 	10    	0.00605781	0.000121   	0.00588921	0.00629974
19 	10    	0.0060034 	0.000105703	0.00587032	0.00617197
20 	10    	0.00605193	0.000128385	0.00577334	0.00626992
Runtime: 7.583053696002025 (s)


Final population:
Index: Selected                                    #Selected    CV          
----------------------------------------------------------------------------------------------------
    0: 1111101001101001111010101011000010000010... 96           0.0061578194
    1: 1111101001101011111010101111100010000010... 100          0.0057733365
    2: 1111100000101011110010001011100000000011... 97           0.0060116778
    3: 1111100000101011110010001011100000000011... 98           0.0060459437
    4: 1111100000101011110010001011100000000011... 96           0.0060367913
    5: 1111100000101011110010001011100000000011... 96           0.0060204613
    6: 1111100000101011110010001011100000000011... 98           0.0059666634
    7: 1111100000101011110010001011101000100011... 100          0.0060494241
    8: 1111101000101001111010101011000010000010... 99           0.006187311 
    9: 1111101001101001111010101011100010000111... 100          0.0062699198

Pickling population to: genetic_alg_settings_population_end.pkl

Hall of Fame:
Index: Selected                                    #Selected    CV          
----------------------------------------------------------------------------------------------------
    0: 1111101001101011111010101111100010000010... 100          0.0057733365
    1: 1111101000101001111010001011100010000010... 98           0.0058197162
    2: 1111101000111001111010001011100010000010... 98           0.0058433457
    3: 1111101000101001111010101011100010000011... 100          0.0058677181
    4: 1111100000101011110010001011100000000011... 97           0.0058703231
    5: 1111101000101001111010101011100010000010... 95           0.0058786018
    6: 1111101000101001111010001011100010000010... 99           0.0058892129
    7: 1111101000101001111010001011100010000010... 100          0.0058893895
    8: 1111101000101001111010001011100010000010... 97           0.0058905949
    9: 1111101000101001111010001011100010000010... 99           0.0059021501

Pickling Hall of Fame to: genetic_alg_settings_evolve_halloffame.pkl
Begin 4 of 20 repetitions
Begin 20 generations
gen	nevals	avg       	std        	min       	max       
0  	0     	0.00605193	0.000128385	0.00577334	0.00626992
1  	10    	0.00601654	0.000211734	0.00580194	0.00657995
2  	10    	0.00594809	0.000109786	0.00582227	0.00620036
3  	10    	0.00591786	7.29007e-05	0.00582762	0.00609277
4  	10    	0.00592556	0.000129061	0.00570429	0.00611273
5  	10    	0.00597697	0.000249814	0.00576659	0.0066298 
6  	10    	0.00592072	0.000362107	0.00567856	0.00694519
7  	10    	0.00610483	0.000665095	0.00569443	0.00805471
8  	10    	0.00579484	5.71913e-05	0.00570899	0.00592525
9  	10    	0.00587821	0.000252581	0.00558947	0.00635455
10 	10    	0.00574692	9.60061e-05	0.00563284	0.00590081
11 	10    	0.00582036	0.000291122	0.00560884	0.00667173
12 	10    	0.00582634	0.000207598	0.00550125	0.00617882
13 	10    	0.00580508	0.000138441	0.00556229	0.00601797
14 	10    	0.00580926	0.000161927	0.00552856	0.00605213
15 	10    	0.00578322	0.000129508	0.0056136 	0.00610115
16 	10    	0.00581939	0.000147528	0.00566535	0.00613438
17 	10    	0.00582412	0.000131098	0.00565713	0.0060945 
18 	10    	0.0059892 	0.000597164	0.00566282	0.00776947
19 	10    	0.00577184	0.000115792	0.00561149	0.00595858
20 	10    	0.00588135	0.000348317	0.00557838	0.00683082
Runtime: 7.5692990140014444 (s)


Final population:
Index: Selected                                    #Selected    CV          
----------------------------------------------------------------------------------------------------
    0: 1111100100101011010010001011110000000001... 98           0.005627085 
    1: 1111100100101011111010001010110000000010... 96           0.0057726546
    2: 1111100100001011010010001010110000000001... 96           0.0068308241
    3: 1111100100101011010010001010110000000001... 98           0.0056438639
    4: 1111100101101011111010001011010100000010... 94           0.0055783847
    5: 1111100100111011010000001010110000000011... 100          0.0058441774
    6: 1111100101111011111010001011010000000011... 98           0.0059493823
    7: 1111100101111011111010101011010000000011... 98           0.0057932733
    8: 1111110100110011011010001010111000000001... 97           0.0056955085
    9: 1111100100101011110010001011110000000011... 95           0.0060782981

Pickling population to: genetic_alg_settings_population_end.pkl

Hall of Fame:
Index: Selected                                    #Selected    CV          
----------------------------------------------------------------------------------------------------
    0: 1111110100101011111010001011110100000011... 98           0.0055012468
    1: 1111100100101011111010001011110000000011... 99           0.0055285644
    2: 1111100100101011111000001011110100000011... 100          0.0055622929
    3: 1111100101101011111010001011010100000010... 94           0.0055783847
    4: 1111100100101011111010001011110000000011... 96           0.0055894709
    5: 1111100100101011111010001011110000000011... 95           0.0055955726
    6: 1111100100101011111010001011110000000011... 98           0.005608838 
    7: 1111100100101011010010001010110000000001... 98           0.0056114853
    8: 1111101100111011111010001011110000000011... 100          0.0056135991
    9: 1111100100101011111010101011110000000011... 95           0.0056244064

Pickling Hall of Fame to: genetic_alg_settings_evolve_halloffame.pkl
Begin 5 of 20 repetitions
Begin 20 generations
gen	nevals	avg       	std        	min       	max       
0  	0     	0.00588135	0.000348317	0.00557838	0.00683082
1  	10    	0.00578152	9.87717e-05	0.00564353	0.00592168
2  	10    	0.00594559	0.00022193 	0.00573787	0.00637921
3  	10    	0.00581682	0.000137399	0.00561494	0.00603966
4  	10    	0.00619208	0.000907276	0.00560085	0.00807034
5  	10    	0.00571982	0.000110562	0.00551632	0.00586372
6  	10    	0.00567464	0.000125803	0.00545278	0.00593057
7  	10    	0.00570519	0.000214958	0.00544889	0.0061633 
8  	10    	0.00557283	9.26432e-05	0.00543815	0.00568261
9  	10    	0.0056162 	0.000149192	0.00548837	0.00602781
10 	10    	0.00577872	0.000287134	0.00545632	0.00642156
11 	10    	0.00556666	9.72598e-05	0.00539396	0.00571918
12 	10    	0.00567579	0.000302651	0.00546413	0.00653477
13 	10    	0.00556077	6.38218e-05	0.00549479	0.00571313
14 	10    	0.00561406	7.34753e-05	0.00552909	0.00578764
15 	10    	0.00592799	0.000399637	0.00557672	0.00691528
16 	10    	0.00602951	0.000432154	0.00558401	0.00679592
17 	10    	0.00572186	0.000190935	0.00553407	0.00616534
18 	10    	0.00569976	0.000131876	0.00553407	0.0059777 
19 	10    	0.00569639	0.000152048	0.00550224	0.0060518 
20 	10    	0.00574209	0.000261953	0.00556077	0.00648824
Runtime: 7.472150858997338 (s)


Final population:
Index: Selected                                    #Selected    CV          
----------------------------------------------------------------------------------------------------
    0: 1111110000111010011110001111110100000010... 95           0.0055769753
    1: 1111010000111010011010001111110100100001... 99           0.0057208576
    2: 1111110000111110011010001111110100000010... 100          0.0057991704
    3: 1111010000111010011110001111110100100011... 100          0.0055607683
    4: 1111010000111011011010001111110010100010... 100          0.005788433 
    5: 1111000000101010011010101111111100000010... 94           0.0056188425
    6: 1111110000111010011010001111110100100010... 100          0.0055677608
    7: 1111010100101010011010001111111100000010... 100          0.0056709652
    8: 1110010000111110011110001110111100100001... 100          0.0064882358
    9: 1111010000101010011010001111110100100010... 97           0.0056288542

Pickling population to: genetic_alg_settings_population_end.pkl

Hall of Fame:
Index: Selected                                    #Selected    CV          
----------------------------------------------------------------------------------------------------
    0: 1111110100111010011010001111110100000010... 100          0.0053939637
    1: 1111000100111011011010001011110100000001... 100          0.0054381503
    2: 1111100100111011011010001111110100000010... 99           0.0054401536
    3: 1111100100111011011010001011110100000001... 100          0.0054488881
    4: 1111100100111011011010001011110100000001... 99           0.0054527799
    5: 1111100100111011011010001111110100000010... 99           0.0054563189
    6: 1111100100111011111010001111110100000010... 100          0.0054590183
    7: 1111100100111011011010001011110100000010... 94           0.0054641339
    8: 1111100100111011011010001011010100000001... 99           0.0054667069
    9: 1111110100111010011010001111110100000010... 99           0.0054857902

Pickling Hall of Fame to: genetic_alg_settings_evolve_halloffame.pkl
Begin 6 of 20 repetitions
Begin 20 generations
gen	nevals	avg       	std        	min       	max       
0  	0     	0.00574209	0.000261953	0.00556077	0.00648824
1  	10    	0.00569527	0.000132393	0.00550869	0.0059558 
2  	10    	0.00570748	0.000145346	0.00553706	0.006005  
3  	10    	0.00565263	0.000108914	0.0054949 	0.00582476
4  	10    	0.00564652	0.000147795	0.0054623 	0.00593639
5  	10    	0.00558099	6.16982e-05	0.0054647 	0.00567766
6  	10    	0.00561824	0.000101835	0.00549374	0.00580705
7  	10    	0.00569744	0.00027606 	0.0054959 	0.00650113
8  	10    	0.0057376 	0.000400032	0.00543271	0.0069021 
9  	10    	0.00557247	6.87639e-05	0.00545022	0.00565925
10 	10    	0.00566117	0.000230617	0.00554169	0.00634613
11 	10    	0.00560764	0.000135717	0.00538015	0.0058585 
12 	10    	0.00569049	0.000363907	0.00540401	0.00676483
13 	10    	0.00567098	9.88772e-05	0.00552834	0.00585529
14 	10    	0.00560506	8.77141e-05	0.00549886	0.00581484
15 	10    	0.00573135	0.00032148 	0.00538347	0.00655555
16 	10    	0.00564497	0.000158281	0.00540439	0.00595614
17 	10    	0.00558737	0.000132996	0.00534231	0.00588079
18 	10    	0.00555968	9.64468e-05	0.00543053	0.00573417
19 	10    	0.00560019	0.000124418	0.00534725	0.00578554
20 	10    	0.00580507	0.000421717	0.00545311	0.00699744
Runtime: 7.568983698998636 (s)


Final population:
Index: Selected                                    #Selected    CV          
----------------------------------------------------------------------------------------------------
    0: 1111010000111010011001001111010100000011... 100          0.0055323017
    1: 1111010000100011011001001111110100000011... 98           0.0058744163
    2: 1111010000110011001001101111110100100011... 100          0.0058862669
    3: 1111010000111011011001001111010100100011... 100          0.0056837234
    4: 1111010000111011011001001111010100000011... 99           0.0056787447
    5: 1111010000110010011000001111110000100011... 97           0.0069974373
    6: 1111010000111011011001001111010100100011... 100          0.0054531129
    7: 1111010000111110011001001111010100000011... 99           0.0054948562
    8: 1111010000110010011001001111110100000011... 100          0.0057851757
    9: 1111010000110010011001001111110100000011... 100          0.0056646442

Pickling population to: genetic_alg_settings_population_end.pkl

Hall of Fame:
Index: Selected                                    #Selected    CV          
----------------------------------------------------------------------------------------------------
    0: 1111010000111011011001001111110100100011... 99           0.0053423083
    1: 1111010000111011011001001111010100100011... 100          0.0053472485
    2: 1111110001111010011000001011110100100011... 91           0.0053801513
    3: 1111010000111011011001001111110100100011... 99           0.0053834684
    4: 1111110100111010011010001111110100000010... 100          0.0053939637
    5: 1111010000111011011000001111110100100011... 99           0.0054040126
    6: 1111010000111011011001001111110100100011... 100          0.0054043882
    7: 1111010000111011011001001111010100000011... 97           0.0054289056
    8: 1111010000111011011001001111110100000011... 98           0.0054305308
    9: 1111010000111010011010001111110100100011... 96           0.0054327097

Pickling Hall of Fame to: genetic_alg_settings_evolve_halloffame.pkl
Begin 7 of 20 repetitions
Begin 20 generations
gen	nevals	avg       	std        	min       	max       
0  	0     	0.00580507	0.000421717	0.00545311	0.00699744
1  	10    	0.00570351	0.000208463	0.00548312	0.00620641
2  	10    	0.00562351	0.00012035 	0.0055105 	0.0059647 
3  	10    	0.00566149	0.000139782	0.00550995	0.00598865
4  	10    	0.00565531	8.38037e-05	0.00551278	0.00578974
5  	10    	0.00567255	0.000156348	0.00550198	0.00599335
6  	10    	0.00582238	0.000450507	0.00542384	0.00668927
7  	10    	0.00562004	0.000108614	0.00541416	0.0057609 
8  	10    	0.00571155	0.000345157	0.00541046	0.00659982
9  	10    	0.00560676	0.000142189	0.00546018	0.00592922
10 	10    	0.00569745	0.000382939	0.00548114	0.0068342 
11 	10    	0.00562795	0.00014448 	0.00543057	0.00589893
12 	10    	0.005594  	8.98915e-05	0.00544353	0.00570682
13 	10    	0.00574111	0.000334073	0.00550933	0.00644202
14 	10    	0.00587271	0.000354779	0.0055224 	0.00652775
15 	10    	0.00563671	0.000126223	0.00548483	0.00588584
16 	10    	0.00557525	5.94871e-05	0.00548368	0.00568408
17 	10    	0.00559652	0.000152665	0.00547254	0.00601937
18 	10    	0.00561904	9.61365e-05	0.00549638	0.00579028
19 	10    	0.00572243	0.000472254	0.00542455	0.00707672
20 	10    	0.00560947	0.000155926	0.00545432	0.00603875
Runtime: 7.663899606002815 (s)


Final population:
Index: Selected                                    #Selected    CV          
----------------------------------------------------------------------------------------------------
    0: 1111000000111110011000101111010100100010... 100          0.0055273446
    1: 1111000000111010011000101111010100100010... 99           0.005506352 
    2: 1111000000111010011010001111010100100010... 97           0.005582584 
    3: 1111000000111010011000101111110100100010... 100          0.0055674362
    4: 1111000000111010011000001111010100100010... 97           0.005569028 
    5: 1111000000111010011010101111010100100010... 98           0.005700662 
    6: 1111000000111010011010101111010100100010... 100          0.0054543177
    7: 1111000000111010011000101111010100100010... 100          0.0060387484
    8: 1111100000111010011000101111010100100010... 100          0.0056091821
    9: 1111000000111010011000101111010100100010... 96           0.0055390605

Pickling population to: genetic_alg_settings_population_end.pkl

Hall of Fame:
Index: Selected                                    #Selected    CV          
----------------------------------------------------------------------------------------------------
    0: 1111010000111011011001001111110100100011... 99           0.0053423083
    1: 1111010000111011011001001111010100100011... 100          0.0053472485
    2: 1111110001111010011000001011110100100011... 91           0.0053801513
    3: 1111010000111011011001001111110100100011... 99           0.0053834684
    4: 1111110100111010011010001111110100000010... 100          0.0053939637
    5: 1111010000111011011000001111110100100011... 99           0.0054040126
    6: 1111010000111011011001001111110100100011... 100          0.0054043882
    7: 1111010000111010011001101111011100100010... 98           0.0054104599
    8: 1111010000111010011001101111011100100010... 97           0.0054141641
    9: 1111000000111010011001111111010100100010... 100          0.0054238387

Pickling Hall of Fame to: genetic_alg_settings_evolve_halloffame.pkl
Begin 8 of 20 repetitions
Begin 20 generations
gen	nevals	avg       	std        	min       	max       
0  	0     	0.00560947	0.000155926	0.00545432	0.00603875
1  	10    	0.0056971 	0.000248649	0.0055174 	0.00633767
2  	10    	0.00589272	0.000467424	0.005501  	0.00696163
3  	10    	0.00583454	0.000298689	0.00559477	0.00664657
4  	10    	0.00586175	0.000352809	0.00558356	0.00682702
5  	10    	0.00575399	0.000128246	0.00559478	0.00603389
6  	10    	0.00569172	5.33323e-05	0.00557641	0.00578407
7  	10    	0.00565486	7.0677e-05 	0.00555082	0.00583004
8  	10    	0.00585495	0.000200315	0.00558985	0.00615653
9  	10    	0.0057004 	8.79117e-05	0.00554316	0.00580282
10 	10    	0.00570283	0.000141676	0.00549912	0.00604193
11 	10    	0.00568195	0.000117747	0.00554615	0.00598242
12 	10    	0.0056878 	9.48181e-05	0.00555723	0.00583897
13 	10    	0.00572252	0.000150792	0.00547418	0.00607479
14 	10    	0.00562555	0.000108061	0.00541414	0.00578206
15 	10    	0.00568871	0.000155499	0.00547899	0.00601853
16 	10    	0.00563263	3.44613e-05	0.00557821	0.00569449
17 	10    	0.0057481 	0.000134148	0.00557649	0.00607395
18 	10    	0.00572398	7.71968e-05	0.00561159	0.00589454
19 	10    	0.00584184	0.000388059	0.00554254	0.00694665
20 	10    	0.0060063 	0.000428893	0.00551204	0.00683097
Runtime: 7.585208264998073 (s)


Final population:
Index: Selected                                    #Selected    CV          
----------------------------------------------------------------------------------------------------
    0: 1110000001111010011010101111010100101010... 100          0.0068309677
    1: 1111000001111010011010101111010100101010... 100          0.0058553151
    2: 1111000000111010011000101111010000101010... 99           0.00594972  
    3: 1111000001111010011010101111000100100010... 94           0.0055120434
    4: 1111000000111010011100101111010100100010... 100          0.0056764461
    5: 1111000000111010011100101111000100100110... 99           0.0058672756
    6: 1111000001111011011010101111010100101010... 100          0.0056436093
    7: 1110000001111010011010101111010100101010... 100          0.0065925691
    8: 1111000000111010011010101111000100100010... 96           0.0056945122
    9: 1111000000111000011110101111010100100010... 99           0.0064404965

Pickling population to: genetic_alg_settings_population_end.pkl

Hall of Fame:
Index: Selected                                    #Selected    CV          
----------------------------------------------------------------------------------------------------
    0: 1111010000111011011001001111110100100011... 99           0.0053423083
    1: 1111010000111011011001001111010100100011... 100          0.0053472485
    2: 1111110001111010011000001011110100100011... 91           0.0053801513
    3: 1111010000111011011001001111110100100011... 99           0.0053834684
    4: 1111110100111010011010001111110100000010... 100          0.0053939637
    5: 1111010000111011011000001111110100100011... 99           0.0054040126
    6: 1111010000111011011001001111110100100011... 100          0.0054043882
    7: 1111010000111010011001101111011100100010... 98           0.0054104599
    8: 1111000000111010011011101111010100100010... 100          0.0054141412
    9: 1111010000111010011001101111011100100010... 97           0.0054141641

Pickling Hall of Fame to: genetic_alg_settings_evolve_halloffame.pkl
Begin 9 of 20 repetitions
Begin 20 generations
gen	nevals	avg      	std        	min       	max       
0  	0     	0.0060063	0.000428893	0.00551204	0.00683097
1  	10    	0.00585326	0.000133408	0.00556625	0.00601416
2  	10    	0.00589114	0.000330242	0.00557718	0.00677131
3  	10    	0.00581706	0.000123803	0.00554056	0.00597157
4  	10    	0.00579492	0.000132258	0.00560828	0.00603101
5  	10    	0.00578239	0.000162931	0.00545927	0.00615661
6  	10    	0.00574648	8.15183e-05	0.00562027	0.00590441
7  	10    	0.00584773	0.000194993	0.00559595	0.00629304
8  	10    	0.00566185	8.01029e-05	0.0055591 	0.00578974
9  	10    	0.00571151	0.000133614	0.00550462	0.00596779
10 	10    	0.00563109	0.000124115	0.00542883	0.00585188
11 	10    	0.00558903	8.08986e-05	0.00550868	0.00580411
12 	10    	0.00559709	0.000155452	0.00543244	0.00591679
13 	10    	0.00568517	0.000219562	0.00546527	0.00621262
14 	10    	0.00562146	0.000209439	0.00540561	0.00617005
15 	10    	0.00559137	0.000106152	0.00547233	0.00580499
16 	10    	0.00554768	8.33545e-05	0.0053882 	0.00568519
17 	10    	0.00560404	0.000144596	0.00543786	0.00596257
18 	10    	0.00551751	8.8851e-05 	0.00533927	0.00563006
19 	10    	0.00568118	0.00012358 	0.0055004 	0.00588887
20 	10    	0.00567826	0.000123787	0.00549851	0.00588041
Runtime: 7.51677336099965 (s)


Final population:
Index: Selected                                    #Selected    CV          
----------------------------------------------------------------------------------------------------
    0: 1111000101011010011000101111000100100010... 98           0.0057626569
    1: 1111000100111011011000101111010101100010... 99           0.0055859317
    2: 1111000100111010011000101111010100100010... 98           0.0056243181
    3: 1111000100101010001000101111010100100010... 98           0.0055952604
    4: 1111000100111010011000101111010100100010... 95           0.0056297523
    5: 1111000100111010011000101101010100100010... 100          0.0058108572
    6: 1111000000111010001010101111010101100010... 100          0.0054985141
    7: 1111000101111011011000101011000100100010... 97           0.0055671975
    8: 1111000100111010011000101111010100100010... 100          0.0058277417
    9: 1111000100111010010000101111010100100000... 100          0.0058804054

Pickling population to: genetic_alg_settings_population_end.pkl

Hall of Fame:
Index: Selected                                    #Selected    CV          
----------------------------------------------------------------------------------------------------
    0: 1111000100111010011000101111010101100010... 98           0.0053392682
    1: 1111010000111011011001001111110100100011... 99           0.0053423083
    2: 1111010000111011011001001111010100100011... 100          0.0053472485
    3: 1111110001111010011000001011110100100011... 91           0.0053801513
    4: 1111010000111011011001001111110100100011... 99           0.0053834684
    5: 1111000100111010011000101111010100100010... 98           0.0053881979
    6: 1111110100111010011010001111110100000010... 100          0.0053939637
    7: 1111010000111011011000001111110100100011... 99           0.0054040126
    8: 1111010000111011011001001111110100100011... 100          0.0054043882
    9: 1111000100111010011000101111000101100010... 97           0.0054056061

Pickling Hall of Fame to: genetic_alg_settings_evolve_halloffame.pkl
Begin 10 of 20 repetitions
Begin 20 generations
gen	nevals	avg       	std        	min       	max       
0  	0     	0.00567826	0.000123787	0.00549851	0.00588041
1  	10    	0.00558909	0.000116771	0.00546292	0.00588556
2  	10    	0.00566853	0.000113407	0.00552666	0.00587442
3  	10    	0.00558441	0.000112277	0.00536372	0.0058271 
4  	10    	0.00601937	0.000711101	0.00540384	0.0073408 
5  	10    	0.00565703	0.000286071	0.00538596	0.00645263
6  	10    	0.00552402	0.000119555	0.00537648	0.00582792
7  	10    	0.00554884	0.000108362	0.00535605	0.00575215
8  	10    	0.00550978	6.28814e-05	0.00541455	0.00562835
9  	10    	0.00556938	0.000161715	0.00539655	0.0059073 
10 	10    	0.00554755	8.5281e-05 	0.00538285	0.00570448
11 	10    	0.00568493	0.000179389	0.00545033	0.0060331 
12 	10    	0.00561946	0.000173655	0.00535248	0.00592681
13 	10    	0.00569086	0.000250569	0.00545211	0.00626771
14 	10    	0.0057245 	0.000228292	0.00547938	0.00628073
15 	10    	0.00561953	0.000128614	0.00542119	0.0059102 
16 	10    	0.00570087	0.000195817	0.0054998 	0.00618626
17 	10    	0.00569524	0.000216597	0.00550295	0.00618923
18 	10    	0.00562017	0.000135555	0.00540536	0.00582216
19 	10    	0.00556602	0.000153839	0.00542402	0.00588261
20 	10    	0.00552403	7.67647e-05	0.00537979	0.00567027
Runtime: 7.5033592309991946 (s)


Final population:
Index: Selected                                    #Selected    CV          
----------------------------------------------------------------------------------------------------
    0: 1111000110111010111000001001010101100010... 100          0.0055858892
    1: 1111000110111110111000001011010101101010... 98           0.0054801748
    2: 1111000110111010011001001011010101100010... 100          0.0055826624
    3: 1111000110111010111000101011010101100010... 98           0.0056702681
    4: 1111000110111010111000001011010101100010... 97           0.0055408321
    5: 1111000110111010111000001011000101100010... 98           0.0054942089
    6: 1111000110111011111000001011010101100010... 99           0.005491956 
    7: 1111000110111010111000001011010101100010... 99           0.005379785 
    8: 1111000110111010111000001011010101100010... 98           0.0054583291
    9: 1111000110111010111000001011010101100010... 95           0.0055561463

Pickling population to: genetic_alg_settings_population_end.pkl

Hall of Fame:
Index: Selected                                    #Selected    CV          
----------------------------------------------------------------------------------------------------
    0: 1111000100111010011000101111010101100010... 98           0.0053392682
    1: 1111010000111011011001001111110100100011... 99           0.0053423083
    2: 1111010000111011011001001111010100100011... 100          0.0053472485
    3: 1111000100111010010000011010110101110010... 99           0.0053524759
    4: 1111000100111010011000001011010100110010... 99           0.0053560519
    5: 1111000100111010011000101011010101110010... 99           0.0053637238
    6: 1111000100111010011000001011010101110010... 100          0.0053764815
    7: 1111000110111010111000001011010101100010... 99           0.005379785 
    8: 1111110001111010011000001011110100100011... 91           0.0053801513
    9: 1111000100111010111000011010010101110010... 100          0.0053828501

Pickling Hall of Fame to: genetic_alg_settings_evolve_halloffame.pkl
Begin 11 of 20 repetitions
Begin 20 generations
gen	nevals	avg       	std        	min       	max       
0  	0     	0.00552403	7.67647e-05	0.00537979	0.00567027
1  	10    	0.00555003	0.000212887	0.00540362	0.00617263
2  	10    	0.00563754	0.000278536	0.00547507	0.00645496
3  	10    	0.00561878	0.000211164	0.00549803	0.00624192
4  	10    	0.00563486	0.000132728	0.00542338	0.00584447
5  	10    	0.00558735	5.57905e-05	0.00551523	0.00570811
6  	10    	0.00570656	0.000327572	0.00539198	0.00658138
7  	10    	0.0056492 	0.000136386	0.00549138	0.00599595
8  	10    	0.00564468	0.000156188	0.00549936	0.00607038
9  	10    	0.00568006	0.000290007	0.00543883	0.00648653
10 	10    	0.00557309	7.22663e-05	0.00546931	0.00570711
11 	10    	0.00559886	9.64306e-05	0.00545534	0.00575168
12 	10    	0.00552674	5.72574e-05	0.00545206	0.00566324
13 	10    	0.00565091	0.000226345	0.00546703	0.00629721
14 	10    	0.00555379	9.40124e-05	0.00544161	0.00573279
15 	10    	0.00561689	0.000134701	0.005516  	0.00599994
16 	10    	0.0055835 	0.000117108	0.00546406	0.00589604
17 	10    	0.00569629	0.000264615	0.00541725	0.00619244
18 	10    	0.00564918	0.000167769	0.00543326	0.00610389
19 	10    	0.00559161	8.6306e-05 	0.00549512	0.00573066
20 	10    	0.00568208	0.000272621	0.0054373 	0.00632406
Runtime: 6.900250568000047 (s)


Final population:
Index: Selected                                    #Selected    CV          
----------------------------------------------------------------------------------------------------
    0: 1110011110110010111000001010010101010110... 100          0.0063240644
    1: 1111000110111010111000001011010101010010... 94           0.0054496568
    2: 1111011110111010111000001010110100010010... 100          0.0054373031
    3: 1111011110010010111000001010110100010010... 97           0.0057384387
    4: 1111000110111010011100001011010101010010... 100          0.0056164232
    5: 1110001110111010111000001011011101010010... 100          0.0060541375
    6: 1111000100111010111000001011010101000010... 98           0.0055801077
    7: 1111000110111010111000001011010101010010... 99           0.005523111 
    8: 1111011110111010111100001111010101010010... 99           0.0055451098
    9: 1111010110111010111000001010110100010010... 100          0.0055524767

Pickling population to: genetic_alg_settings_population_end.pkl

Hall of Fame:
Index: Selected                                    #Selected    CV          
----------------------------------------------------------------------------------------------------
    0: 1111000100111010011000101111010101100010... 98           0.0053392682
    1: 1111010000111011011001001111110100100011... 99           0.0053423083
    2: 1111010000111011011001001111010100100011... 100          0.0053472485
    3: 1111000100111010010000011010110101110010... 99           0.0053524759
    4: 1111000100111010011000001011010100110010... 99           0.0053560519
    5: 1111000100111010011000101011010101110010... 99           0.0053637238
    6: 1111000100111010011000001011010101110010... 100          0.0053764815
    7: 1111000110111010111000001011010101100010... 99           0.005379785 
    8: 1111110001111010011000001011110100100011... 91           0.0053801513
    9: 1111000100111010111000011010010101110010... 100          0.0053828501

Pickling Hall of Fame to: genetic_alg_settings_evolve_halloffame.pkl
Begin 12 of 20 repetitions
Begin 20 generations
gen	nevals	avg       	std        	min      	max       
0  	0     	0.00568208	0.000272621	0.0054373	0.00632406
1  	10    	0.00549022	9.48107e-05	0.00537189	0.00568883
2  	10    	0.00547262	0.000116787	0.00535596	0.00578668
3  	10    	0.00549692	0.000115253	0.00530834	0.00571723
4  	10    	0.00546255	7.76509e-05	0.00536632	0.00565682
5  	10    	0.00554585	0.000281298	0.00540047	0.00637476
6  	10    	0.00549531	6.72902e-05	0.00537491	0.00559181
7  	10    	0.00577394	0.00035858 	0.00542226	0.00655898
8  	10    	0.00565024	0.000266297	0.00539525	0.00617192
9  	10    	0.00556227	0.000112799	0.00540748	0.0058035 
10 	10    	0.00553405	0.000139732	0.005399  	0.00588556
11 	10    	0.00561279	0.000113998	0.00547651	0.00585252
12 	10    	0.00559596	0.00012814 	0.00543264	0.00584661
13 	10    	0.00551192	7.37264e-05	0.00535179	0.00562887
14 	10    	0.00560617	0.000182558	0.00545481	0.00613109
15 	10    	0.00554261	8.4137e-05 	0.00545656	0.00572142
16 	10    	0.00559127	0.000174932	0.00541995	0.00596827
17 	10    	0.00548257	9.1307e-05 	0.00534038	0.00565789
18 	10    	0.00546971	5.89596e-05	0.00537452	0.005563  
19 	10    	0.00551435	9.26027e-05	0.00535721	0.00571446
20 	10    	0.0056834 	0.000287135	0.00531968	0.00622544
Runtime: 6.861257846001536 (s)


Final population:
Index: Selected                                    #Selected    CV          
----------------------------------------------------------------------------------------------------
    0: 1111000110111011101100001110000100011110... 96           0.0057859341
    1: 1111000110011010111100001110000100010110... 100          0.0056510912
    2: 1111000110111010111100001110000100110110... 100          0.0055724688
    3: 1111000110111011101100001010000100111111... 100          0.0055396939
    4: 1111001110111010111100001110000100010110... 98           0.0054525811
    5: 1111001110111010111100000110000100010110... 100          0.0061618322
    6: 1111000110111011111000001110000100110110... 100          0.0054168617
    7: 1110000110111011111100001110000101010111... 100          0.0062254439
    8: 1111000110111011101100001110000100110110... 99           0.005319679 
    9: 1111000110111010111100001110000100011111... 98           0.0057084617

Pickling population to: genetic_alg_settings_population_end.pkl

Hall of Fame:
Index: Selected                                    #Selected    CV          
----------------------------------------------------------------------------------------------------
    0: 1111001110111010111000001011110100010010... 99           0.0053083354
    1: 1111000110111011101100001110000100110110... 99           0.005319679 
    2: 1111000100111010011000101111010101100010... 98           0.0053392682
    3: 1111000110111010111100001110000100010110... 97           0.005340375 
    4: 1111010000111011011001001111110100100011... 99           0.0053423083
    5: 1111010000111011011001001111010100100011... 100          0.0053472485
    6: 1111001110111010111110001111000100010111... 100          0.0053517903
    7: 1111000100111010010000011010110101110010... 99           0.0053524759
    8: 1111001110111010111000001010110100010010... 98           0.0053559563
    9: 1111000100111010011000001011010100110010... 99           0.0053560519

Pickling Hall of Fame to: genetic_alg_settings_evolve_halloffame.pkl
Begin 13 of 20 repetitions
Begin 20 generations
gen	nevals	avg      	std        	min       	max       
0  	0     	0.0056834	0.000287135	0.00531968	0.00622544
1  	10    	0.0055483	0.000133852	0.00541167	0.00584462
2  	10    	0.00562317	0.000304067	0.00535287	0.00636819
3  	10    	0.00580776	0.000368948	0.00543066	0.0066426 
4  	10    	0.00565244	0.000182656	0.00537261	0.00595291
5  	10    	0.00564464	0.000228456	0.00535508	0.00617341
6  	10    	0.00562552	0.000186428	0.00542575	0.00602536
7  	10    	0.00557021	7.47792e-05	0.00547352	0.00569633
8  	10    	0.00565629	0.000147149	0.00542815	0.00592722
9  	10    	0.00556977	8.65974e-05	0.00543667	0.00571138
10 	10    	0.00557752	0.000158853	0.005427  	0.00599543
11 	10    	0.00555885	0.000109475	0.00542148	0.00581771
12 	10    	0.00557481	0.0001563  	0.00542717	0.00598643
13 	10    	0.00558736	0.00015691 	0.00536489	0.00584032
14 	10    	0.00557671	0.00016525 	0.00540035	0.00599989
15 	10    	0.00552988	0.000137966	0.00533015	0.00586213
16 	10    	0.00552635	0.000116525	0.00538192	0.00575057
17 	10    	0.00546983	0.000100196	0.00533964	0.00571885
18 	10    	0.00559697	0.000350741	0.00534836	0.00660528
19 	10    	0.00554258	0.000100989	0.00539975	0.00573826
20 	10    	0.00556805	6.2204e-05 	0.00549025	0.00566051
Runtime: 7.034449590999429 (s)


Final population:
Index: Selected                                    #Selected    CV          
----------------------------------------------------------------------------------------------------
    0: 1111001110111110111000001110001100010010... 99           0.0056450485
    1: 1111001110111010111000001111000100010010... 97           0.0055670446
    2: 1111001100111010111000001110000100010010... 98           0.0054907725
    3: 1111001110101010111000001111000100010010... 96           0.0054902543
    4: 1111001110111010111000001110001100010010... 98           0.0055951654
    5: 1111001110111010111000001111000100010010... 100          0.0054977421
    6: 1111001100111110111000001111000100010010... 93           0.0055653798
    7: 1111001010101010111100001111000100010011... 100          0.0056389638
    8: 1111001100111010111000001111000100010010... 93           0.0055296182
    9: 1111001110101010111100001111000100010010... 98           0.0056605066

Pickling population to: genetic_alg_settings_population_end.pkl

Hall of Fame:
Index: Selected                                    #Selected    CV          
----------------------------------------------------------------------------------------------------
    0: 1111001110111010111000001011110100010010... 99           0.0053083354
    1: 1111000110111011101100001110000100110110... 99           0.005319679 
    2: 1111001110111010111100001110001100010110... 97           0.0053301532
    3: 1111000100111010011000101111010101100010... 98           0.0053392682
    4: 1111001110111010111000001111001100010010... 100          0.0053396427
    5: 1111000110111010111100001110000100010110... 97           0.005340375 
    6: 1111010000111011011001001111110100100011... 99           0.0053423083
    7: 1111010000111011011001001111010100100011... 100          0.0053472485
    8: 1111001110111010111100001111000100010010... 100          0.0053483567
    9: 1111001110111010111110001111000100010111... 100          0.0053517903

Pickling Hall of Fame to: genetic_alg_settings_evolve_halloffame.pkl
Begin 14 of 20 repetitions
Begin 20 generations
gen	nevals	avg       	std       	min       	max       
0  	0     	0.00556805	6.2204e-05	0.00549025	0.00566051
1  	10    	0.00553676	0.000111472	0.00533656	0.00571903
2  	10    	0.00549383	7.91993e-05	0.00537501	0.00563124
3  	10    	0.00550254	0.000122457	0.00532334	0.00569727
4  	10    	0.00556618	0.000209894	0.00530695	0.00602918
5  	10    	0.00561975	0.000152966	0.00539268	0.00584578
6  	10    	0.00553788	0.000140527	0.00533825	0.00580884
7  	10    	0.00549688	0.000138704	0.00529771	0.00583013
8  	10    	0.00580357	0.000858052	0.00543588	0.00837095
9  	10    	0.00557882	0.000202276	0.00528604	0.00596768
10 	10    	0.00546701	0.000148716	0.00530407	0.0057774 
11 	10    	0.00546489	8.73268e-05	0.00534477	0.00566986
12 	10    	0.00562356	0.000379806	0.00534345	0.00662857
13 	10    	0.00560516	0.000278651	0.00523073	0.0062158 
14 	10    	0.0056304 	0.000168747	0.00544886	0.00606741
15 	10    	0.00558113	0.000184493	0.0054579 	0.00611343
16 	10    	0.00553951	0.000134613	0.00532587	0.0057186 
17 	10    	0.00556313	0.000205924	0.00540223	0.00610937
18 	10    	0.00557455	0.000173635	0.00538732	0.00594647
19 	10    	0.00553325	9.65194e-05	0.00539444	0.00569784
20 	10    	0.00550052	0.000175486	0.0053596 	0.00598601
Runtime: 6.669965424000111 (s)


Final population:
Index: Selected                                    #Selected    CV          
----------------------------------------------------------------------------------------------------
    0: 1111101110111010011001001111000100010010... 93           0.0056107956
    1: 1111001110110010011001001111001100010010... 94           0.0054038103
    2: 1110001110111010001001001111001100010010... 100          0.0059860062
    3: 1111001110010010011001001111001100010011... 96           0.0054039816
    4: 1111001110111010011001001111001100010010... 97           0.005359598 
    5: 1111101110110010011000001011000100010010... 91           0.0055107099
    6: 1111101110111010011001001111001100010010... 98           0.0053924696
    7: 1111001110111010011001001111001100110010... 99           0.0054609993
    8: 1111101110010010011001001111001100010010... 97           0.0054544363
    9: 1111001110111010011001001111001100010010... 100          0.005422422 

Pickling population to: genetic_alg_settings_population_end.pkl

Hall of Fame:
Index: Selected                                    #Selected    CV          
----------------------------------------------------------------------------------------------------
    0: 1111001110111010011000001111001100010010... 99           0.0052307299
    1: 1111001110111010011000001111001100010010... 100          0.0052860389
    2: 1111001110111010111000001111001100010010... 100          0.0052977147
    3: 1111001110111010011000001111001100010010... 97           0.0053040715
    4: 1111001110111010111000001111001100010010... 100          0.0053069541
    5: 1111001110111010111000001011110100010010... 99           0.0053083354
    6: 1111000110111011101100001110000100110110... 99           0.005319679 
    7: 1111001110111010111000001111001100010010... 100          0.0053233369
    8: 1111101110111010011000001111001100010010... 95           0.0053258717
    9: 1111001110111010111100001110001100010110... 97           0.0053301532

Pickling Hall of Fame to: genetic_alg_settings_evolve_halloffame.pkl
Begin 15 of 20 repetitions
Begin 20 generations
gen	nevals	avg       	std        	min      	max       
0  	0     	0.00550052	0.000175486	0.0053596	0.00598601
1  	10    	0.00550629	0.000109098	0.00537359	0.00571255
2  	10    	0.00553901	6.42892e-05	0.00544254	0.00562465
3  	10    	0.00557028	7.96928e-05	0.00546813	0.00573028
4  	10    	0.00554862	0.000101845	0.0054451 	0.00573637
5  	10    	0.00552677	0.000117889	0.00538035	0.00571752
6  	10    	0.00547057	7.05715e-05	0.00536197	0.0055903 
7  	10    	0.00564929	0.000384857	0.0053211 	0.00676195
8  	10    	0.00555573	7.30572e-05	0.00545555	0.00574179
9  	10    	0.00554745	0.00012643 	0.00537875	0.00587639
10 	10    	0.00562469	0.000355009	0.00534847	0.00664768
11 	10    	0.00559144	0.000196228	0.00536427	0.00607981
12 	10    	0.00548127	0.000122771	0.00537123	0.00580363
13 	10    	0.00562031	0.000310268	0.0053973 	0.00640056
14 	10    	0.00547899	8.36775e-05	0.00537799	0.00564372
15 	10    	0.0055307 	0.00012926 	0.00537084	0.00574846
16 	10    	0.00562808	0.00047061 	0.00536277	0.00702001
17 	10    	0.00548308	9.30815e-05	0.0053797 	0.00566802
18 	10    	0.00556906	0.000267631	0.00539703	0.00632886
19 	10    	0.00565272	0.000475208	0.00538236	0.00702051
20 	10    	0.00548466	0.000167206	0.00528827	0.00576733
Runtime: 6.520777278998139 (s)


Final population:
Index: Selected                                    #Selected    CV          
----------------------------------------------------------------------------------------------------
    0: 1111000110111010011001001011000100010010... 95           0.0054631901
    1: 1111000110111010001001001111000100011010... 95           0.0053294547
    2: 1111000110111010011001001111000100010010... 97           0.0052882717
    3: 1111000110111010011001001111000100010010... 97           0.0053514671
    4: 1111000110111010011001001011001100010011... 96           0.005419351 
    5: 1111000110111010011001001100000100111010... 98           0.0056763078
    6: 1111000110111010011001001111001100011011... 96           0.0057377825
    7: 1111000100111000011001001010000100111011... 88           0.0057673334
    8: 1111000110110010011001001011000100011010... 94           0.0053784578
    9: 1111000110111010001001001111000100011011... 97           0.0054349492

Pickling population to: genetic_alg_settings_population_end.pkl

Hall of Fame:
Index: Selected                                    #Selected    CV          
----------------------------------------------------------------------------------------------------
    0: 1111001110111010011000001111001100010010... 99           0.0052307299
    1: 1111001110111010011000001111001100010010... 100          0.0052860389
    2: 1111000110111010011001001111000100010010... 97           0.0052882717
    3: 1111001110111010111000001111001100010010... 100          0.0052977147
    4: 1111001110111010011000001111001100010010... 97           0.0053040715
    5: 1111001110111010111000001111001100010010... 100          0.0053069541
    6: 1111001110111010111000001011110100010010... 99           0.0053083354
    7: 1111000110111011101100001110000100110110... 99           0.005319679 
    8: 1111000110111010010001001111001100010010... 100          0.0053210956
    9: 1111001110111010111000001111001100010010... 100          0.0053233369

Pickling Hall of Fame to: genetic_alg_settings_evolve_halloffame.pkl
Begin 16 of 20 repetitions
Begin 20 generations
gen	nevals	avg       	std        	min       	max       
0  	0     	0.00548466	0.000167206	0.00528827	0.00576733
1  	10    	0.00552261	0.000310339	0.00526526	0.00631978
2  	10    	0.00541532	0.000100168	0.00528039	0.00561068
3  	10    	0.00542442	0.00021628 	0.00517284	0.00601175
4  	10    	0.00554375	0.000395893	0.00524197	0.00665047
5  	10    	0.00569364	0.000406224	0.00532313	0.00666254
6  	10    	0.00551061	0.000190883	0.00531925	0.00600592
7  	10    	0.00559388	0.000302046	0.00528938	0.00639819
8  	10    	0.00546667	0.000101874	0.00535942	0.00561944
9  	10    	0.00555272	0.000318855	0.00530289	0.00646027
10 	10    	0.00559529	0.000401378	0.00528678	0.0067268 
11 	10    	0.005537  	0.000142017	0.00531334	0.00582261
12 	10    	0.00546878	0.000139562	0.00531178	0.00580714
13 	10    	0.00569843	0.00066877 	0.00528304	0.0075167 
14 	10    	0.00546595	0.000239936	0.0051807 	0.00592868
15 	10    	0.0053631 	0.000155149	0.0052152 	0.00566576
16 	10    	0.00552004	0.000383562	0.00514396	0.00655316
17 	10    	0.00534054	0.000103542	0.00519142	0.00550618
18 	10    	0.0056091 	0.000541965	0.00530853	0.00720096
19 	10    	0.00537393	8.97885e-05	0.00525251	0.00555775
20 	10    	0.00557553	0.00032395 	0.0052572 	0.00639815
Runtime: 6.579491691001749 (s)


Final population:
Index: Selected                                    #Selected    CV          
----------------------------------------------------------------------------------------------------
    0: 1111000110111110000001001111100100011010... 99           0.0055384342
    1: 1111000110111010001001001111100100010010... 97           0.0053864559
    2: 1111000110111011001001001111100110010010... 91           0.0059314969
    3: 1111000110111010001001001111100110010010... 91           0.0052571995
    4: 1111000110111010001001001111100100010010... 99           0.0053557169
    5: 1111000110111110001001001111100100010010... 97           0.0054292675
    6: 1111000110111010001001000111100100010010... 100          0.0063981495
    7: 1111000110111010001001001111100100010110... 95           0.0053953468
    8: 1110000110111010001001101111100100010010... 94           0.0055593064
    9: 1111000110111010001000001111100100010010... 100          0.0055039607

Pickling population to: genetic_alg_settings_population_end.pkl

Hall of Fame:
Index: Selected                                    #Selected    CV          
----------------------------------------------------------------------------------------------------
    0: 1111000110111010001001001111100100010010... 97           0.0051439622
    1: 1111000110111010011001001111100100010010... 99           0.00517284  
    2: 1111000110111010001001001111100100010010... 96           0.0051806986
    3: 1111000110111010001001001111100100010010... 96           0.0051914176
    4: 1111000110111010001001001111100100010010... 99           0.0052126521
    5: 1111000110111010001001001111100100010010... 97           0.0052151971
    6: 1111001110111010011000001111001100010010... 99           0.0052307299
    7: 1111000110111010011001001111100100010010... 99           0.0052419715
    8: 1111000110111110001001001011100100010010... 100          0.0052461381
    9: 1111000110111010001001001111100110010010... 90           0.0052525073

Pickling Hall of Fame to: genetic_alg_settings_evolve_halloffame.pkl
Begin 17 of 20 repetitions
Begin 20 generations
gen	nevals	avg       	std       	min      	max       
0  	0     	0.00557553	0.00032395	0.0052572	0.00639815
1  	10    	0.00552538	0.000253384	0.00527616	0.00605986
2  	10    	0.00555527	0.000424988	0.00532181	0.00681525
3  	10    	0.00538105	0.000132176	0.0051523 	0.00567291
4  	10    	0.00539556	0.000122985	0.00520371	0.00569785
5  	10    	0.00538472	9.79638e-05	0.00525439	0.00553585
6  	10    	0.00556485	0.000568325	0.00522298	0.0072416 
7  	10    	0.00537404	0.00015943 	0.00524591	0.00577327
8  	10    	0.0053042 	6.82818e-05	0.00518483	0.00539841
9  	10    	0.00534968	8.82611e-05	0.00523206	0.00547844
10 	10    	0.00536643	0.000104786	0.00517549	0.00555221
11 	10    	0.00536293	0.00012811 	0.00522442	0.00568894
12 	10    	0.00532256	6.81516e-05	0.00518551	0.00544672
13 	10    	0.00531663	6.25507e-05	0.00522641	0.00541983
14 	10    	0.00531115	6.02235e-05	0.00522832	0.0054001 
15 	10    	0.0053336 	8.41332e-05	0.00524557	0.00550382
16 	10    	0.00548014	0.000228498	0.00524578	0.0059746 
17 	10    	0.00541516	0.000127385	0.00526238	0.00571701
18 	10    	0.0054007 	0.000212917	0.00524418	0.00599387
19 	10    	0.00530126	8.77188e-05	0.00520837	0.00550793
20 	10    	0.00538381	0.000111174	0.00520556	0.00564577
Runtime: 7.545874111001467 (s)


Final population:
Index: Selected                                    #Selected    CV          
----------------------------------------------------------------------------------------------------
    0: 1111000110111110001000001111100111010010... 100          0.0052952797
    1: 1111000110111010001000001110100100010010... 97           0.0056457669
    2: 1111000110111010101000101110100110010010... 97           0.0052055624
    3: 1111000110111010001001001110100111010010... 98           0.005383228 
    4: 1111000110111010001000001111100110010000... 93           0.0054659135
    5: 1111000110111110001000001110100111000010... 98           0.0053743737
    6: 1111000110111010000000001111000111010010... 100          0.0053005172
    7: 1111000110111010001000101110100100010010... 98           0.0053796059
    8: 1111000110111010101001101110100111010010... 99           0.0053676962
    9: 1111000110111010001000101110000111010010... 100          0.0054201397

Pickling population to: genetic_alg_settings_population_end.pkl

Hall of Fame:
Index: Selected                                    #Selected    CV          
----------------------------------------------------------------------------------------------------
    0: 1111000110111010001001001111100100010010... 97           0.0051439622
    1: 1111000110111010001000101111100110010010... 92           0.0051523022
    2: 1111000110111010011001001111100100010010... 99           0.00517284  
    3: 1111000110111010001000101111100111010010... 91           0.0051754941
    4: 1111000110111010001001001111100100010010... 96           0.0051806986
    5: 1111000110111010001001101111100110010010... 94           0.0051848251
    6: 1111000110111010001000101111100111010010... 98           0.0051855064
    7: 1111000110111010001001001111100100010010... 96           0.0051914176
    8: 1111000110111010001000101111100110010010... 95           0.0052037128
    9: 1111000110111010101000101110100110010010... 97           0.0052055624

Pickling Hall of Fame to: genetic_alg_settings_evolve_halloffame.pkl
Begin 18 of 20 repetitions
Begin 20 generations
gen	nevals	avg       	std        	min       	max       
0  	0     	0.00538381	0.000111174	0.00520556	0.00564577
1  	10    	0.00548836	0.000296932	0.00522795	0.00608615
2  	10    	0.00543013	0.000208346	0.00524237	0.0059773 
3  	10    	0.0054105 	0.000106794	0.00524376	0.00564079
4  	10    	0.00539279	0.000114798	0.00528528	0.00568313
5  	10    	0.00548223	0.000183055	0.00523359	0.00591724
6  	10    	0.0053906 	9.85977e-05	0.00525343	0.00552058
7  	10    	0.00540531	8.72948e-05	0.00527521	0.00549899
8  	10    	0.0054385 	0.000204059	0.00524255	0.00588926
9  	10    	0.00548247	0.000332544	0.00525981	0.00642671
10 	10    	0.00541539	9.48267e-05	0.00532464	0.005613  
11 	10    	0.00550263	0.000244612	0.00522255	0.00610892
12 	10    	0.00534267	6.51495e-05	0.00523565	0.0054865 
13 	10    	0.00533401	8.24894e-05	0.00521901	0.00547056
14 	10    	0.005509  	0.000305097	0.00526827	0.00635516
15 	10    	0.00537628	0.000126257	0.00523287	0.00562364
16 	10    	0.00546656	0.000362425	0.00524781	0.00650284
17 	10    	0.00542048	0.000169902	0.00526852	0.00589138
18 	10    	0.0054177 	0.000101888	0.00526729	0.00559669
19 	10    	0.00557121	0.000229482	0.00535596	0.00615435
20 	10    	0.0054972 	8.85423e-05	0.00532599	0.0056592 
Runtime: 7.509034097998665 (s)


Final population:
Index: Selected                                    #Selected    CV          
----------------------------------------------------------------------------------------------------
    0: 1111000110111010001000101010100100010011... 92           0.0055109674
    1: 1111001110101010000010101110100110010011... 98           0.0055224979
    2: 1111001110010010001000101110100111010111... 100          0.0055132499
    3: 1111001110111010001000101110100101010111... 100          0.0054660518
    4: 1111001110111010001000101110100111010111... 100          0.0055009203
    5: 1111001110111010001010101110100100010111... 94           0.0056053371
    6: 1111001110111010001000101110100100010011... 95           0.0053259931
    7: 1111001110111010001010101110100110010111... 100          0.005456842 
    8: 1111001110110010001000101110100100010011... 98           0.0054109006
    9: 1111001110101010001000101110100110010011... 94           0.0056592012

Pickling population to: genetic_alg_settings_population_end.pkl

Hall of Fame:
Index: Selected                                    #Selected    CV          
----------------------------------------------------------------------------------------------------
    0: 1111000110111010001001001111100100010010... 97           0.0051439622
    1: 1111000110111010001000101111100110010010... 92           0.0051523022
    2: 1111000110111010011001001111100100010010... 99           0.00517284  
    3: 1111000110111010001000101111100111010010... 91           0.0051754941
    4: 1111000110111010001001001111100100010010... 96           0.0051806986
    5: 1111000110111010001001101111100110010010... 94           0.0051848251
    6: 1111000110111010001000101111100111010010... 98           0.0051855064
    7: 1111000110111010001001001111100100010010... 96           0.0051914176
    8: 1111000110111010001000101111100110010010... 95           0.0052037128
    9: 1111000110111010101000101110100110010010... 97           0.0052055624

Pickling Hall of Fame to: genetic_alg_settings_evolve_halloffame.pkl
Begin 19 of 20 repetitions
Begin 20 generations
gen	nevals	avg      	std        	min       	max      
0  	0     	0.0054972	8.85423e-05	0.00532599	0.0056592
1  	10    	0.00554795	9.3981e-05 	0.00540976	0.00575967
2  	10    	0.00556174	0.000158657	0.00537208	0.00593236
3  	10    	0.00559014	0.000258801	0.005305  	0.0062948 
4  	10    	0.00559197	0.000186486	0.00545226	0.00609846
5  	10    	0.00564727	0.000300633	0.00536624	0.00644137
6  	10    	0.00573829	0.000199937	0.00552238	0.00626684
7  	10    	0.00573462	0.000199991	0.00544934	0.00619973
8  	10    	0.00573326	0.000234242	0.00550548	0.00629381
9  	10    	0.00562634	0.000169384	0.00544197	0.00605335
10 	10    	0.00559984	7.71877e-05	0.00551467	0.00575152
11 	10    	0.00560012	0.000164043	0.00534255	0.00595562
12 	10    	0.00555788	0.000137104	0.00538317	0.00583639
13 	10    	0.00548171	6.55576e-05	0.00540641	0.00561915
14 	10    	0.00565843	0.000284656	0.00541088	0.00630777
15 	10    	0.00554471	8.39057e-05	0.00543755	0.00569646
16 	10    	0.00554714	0.00012289 	0.00539478	0.00586922
17 	10    	0.00550241	9.62574e-05	0.00540056	0.0057671 
18 	10    	0.00551194	0.000138021	0.00539032	0.00587779
19 	10    	0.00562126	0.000220226	0.00544009	0.00616921
20 	10    	0.00553632	6.94596e-05	0.00546127	0.00569458
Runtime: 6.532826955997734 (s)


Final population:
Index: Selected                                    #Selected    CV          
----------------------------------------------------------------------------------------------------
    0: 1111000110111010001000111010100100010110... 92           0.0056945762
    1: 1111001110111011001100111010100100010111... 97           0.0055012883
    2: 1111001110011010001100111110000100010111... 98           0.0055244402
    3: 1111000110111011001100111010100100010111... 100          0.0054662359
    4: 1111000110111011011000111010100100010111... 99           0.0054923439
    5: 1111001110101011001000111010100100010110... 91           0.0055412073
    6: 1111000100111011001000101010100100010111... 96           0.0056077025
    7: 1111001110111011001010111010100100010110... 97           0.0054612726
    8: 1111001110011011001000111110100100010111... 95           0.0055830969
    9: 1111001100111011001110101110100100010111... 97           0.005491067 

Pickling population to: genetic_alg_settings_population_end.pkl

Hall of Fame:
Index: Selected                                    #Selected    CV          
----------------------------------------------------------------------------------------------------
    0: 1111000110111010001001001111100100010010... 97           0.0051439622
    1: 1111000110111010001000101111100110010010... 92           0.0051523022
    2: 1111000110111010011001001111100100010010... 99           0.00517284  
    3: 1111000110111010001000101111100111010010... 91           0.0051754941
    4: 1111000110111010001001001111100100010010... 96           0.0051806986
    5: 1111000110111010001001101111100110010010... 94           0.0051848251
    6: 1111000110111010001000101111100111010010... 98           0.0051855064
    7: 1111000110111010001001001111100100010010... 96           0.0051914176
    8: 1111000110111010001000101111100110010010... 95           0.0052037128
    9: 1111000110111010101000101110100110010010... 97           0.0052055624

Pickling Hall of Fame to: genetic_alg_settings_evolve_halloffame.pkl
Begin 20 of 20 repetitions
Begin 20 generations
gen	nevals	avg       	std        	min       	max       
0  	0     	0.00553632	6.94596e-05	0.00546127	0.00569458
1  	10    	0.0055534 	0.00014323 	0.00540861	0.00582521
2  	10    	0.00548799	8.35586e-05	0.00534578	0.0056718 
3  	10    	0.00550431	0.00012483 	0.00538761	0.00581635
4  	10    	0.00549096	0.000142847	0.0053365 	0.00587221
5  	10    	0.00549518	8.31351e-05	0.00537557	0.00569079
6  	10    	0.00556041	0.000311649	0.00536277	0.0064766 
7  	10    	0.00544725	8.88079e-05	0.00534259	0.00560858
8  	10    	0.00547851	0.000130462	0.00523719	0.00574148
9  	10    	0.00547395	0.000121741	0.00531997	0.00575394
10 	10    	0.00548839	0.000121879	0.00533131	0.00576539
11 	10    	0.00553397	0.000283113	0.00532842	0.00635524
12 	10    	0.00545915	4.80007e-05	0.0053944 	0.00555521
13 	10    	0.00551893	0.000175912	0.00539904	0.00602531
14 	10    	0.00567186	0.00039626 	0.00539088	0.00672184
15 	10    	0.00553097	0.000147022	0.00537371	0.00578821
16 	10    	0.00549016	7.18725e-05	0.00538635	0.00558003
17 	10    	0.00561705	0.000404295	0.00535221	0.0067959 
18 	10    	0.00550198	7.91023e-05	0.00539733	0.00563931
19 	10    	0.00546922	9.45944e-05	0.00532936	0.00560139
20 	10    	0.00543873	0.000116123	0.00531908	0.00568488
Runtime: 6.52607670100042 (s)


Final population:
Index: Selected                                    #Selected    CV          
----------------------------------------------------------------------------------------------------
    0: 1111000110101010001000101110100100010111... 95           0.0053787387
    1: 1111000110011010001000101110110100010111... 94           0.0054531707
    2: 1111000110001010001000101110100100010111... 93           0.0053613672
    3: 1111000110111010001000101011100100010111... 90           0.0053368515
    4: 1111000110101010001000101110100100010111... 93           0.0053997838
    5: 1111000110101010001000101011110100010111... 94           0.0054645766
    6: 1111000110101010001000101011100100000111... 86           0.0056196842
    7: 1111000110101010001000101011100100010111... 91           0.0053190798
    8: 1111000110111010001000101111100100010011... 90           0.0056848828
    9: 1111000110101010001000101010100100010111... 89           0.0053691738

Pickling population to: genetic_alg_settings_population_end.pkl

Hall of Fame:
Index: Selected                                    #Selected    CV          
----------------------------------------------------------------------------------------------------
    0: 1111000110111010001001001111100100010010... 97           0.0051439622
    1: 1111000110111010001000101111100110010010... 92           0.0051523022
    2: 1111000110111010011001001111100100010010... 99           0.00517284  
    3: 1111000110111010001000101111100111010010... 91           0.0051754941
    4: 1111000110111010001001001111100100010010... 96           0.0051806986
    5: 1111000110111010001001101111100110010010... 94           0.0051848251
    6: 1111000110111010001000101111100111010010... 98           0.0051855064
    7: 1111000110111010001001001111100100010010... 96           0.0051914176
    8: 1111000110111010001000101111100110010010... 95           0.0052037128
    9: 1111000110111010101000101110100110010010... 97           0.0052055624

Pickling Hall of Fame to: genetic_alg_settings_evolve_halloffame.pkl
#   DONE  Runtime: 137.8665207720005 (s)

Adding statistics...
  DONE

Result:
Index: Selected                                    #Selected    CV           RMS          wRMS         Estimator                FeatureSelection         Note
--------------------------------------------------------------------------------------------------------------------------------------------------------------------
    0: 1111000110111010001001001111100100010010... 97           0.0051439622 0.0043483233 0.0043534248 LinearRegression         GeneticAlgorithm         
    1: 1111000110111010001000101111100110010010... 92           0.0051523022 0.0043798934 0.0043842532 LinearRegression         GeneticAlgorithm         
    2: 1111000110111010011001001111100100010010... 99           0.00517284   0.0043828401 0.0043869046 LinearRegression         GeneticAlgorithm         
    3: 1111000110111010001000101111100111010010... 91           0.0051754941 0.0044227286 0.0044273457 LinearRegression         GeneticAlgorithm         
    4: 1111000110111010001001001111100100010010... 96           0.0051806986 0.0043960166 0.0044008605 LinearRegression         GeneticAlgorithm         
    5: 1111000110111010001001101111100110010010... 94           0.0051848251 0.0043684081 0.0043735656 LinearRegression         GeneticAlgorithm         
    6: 1111000110111010001000101111100111010010... 98           0.0051855064 0.0043708268 0.0043754559 LinearRegression         GeneticAlgorithm         
    7: 1111000110111010001001001111100100010010... 96           0.0051914176 0.0043824776 0.0043879077 LinearRegression         GeneticAlgorithm         
    8: 1111000110111010001000101111100110010010... 95           0.0052037128 0.0043711536 0.004376034  LinearRegression         GeneticAlgorithm         
    9: 1111000110111010101000101110100110010010... 97           0.0052055624 0.0043655305 0.0043709054 LinearRegression         GeneticAlgorithm         

Pickling Hall of Fame to: genetic_alg_settings_halloffame.pkl
