Loading genetic_alg_settings.json
# Hall of Fame size: 10 

# Get problem data...
# wHullDist: Will calculate hull distance: hull_dist(CALCULATED,atom_frac)
# Query requested: ['formation_energy', 'is_calculated', 'corr', 'hull_dist(CALCULATED,atom_frac)']
# Use existing: []
# Querying: ['formation_energy', 'is_calculated', 'corr', 'hull_dist(CALCULATED,atom_frac)']
#   DONE

# Target: formation_energy
# Training samples: 627
# Features: 253 

# Weighting:
{
  "method": "wHullDist",
  "kwargs": {
    "A": 1.05,
    "B": 2.0,
    "kT": 0.01,
    "hull_selection": "CALCULATED"
  }
}

# CV:
{
  "method": "KFold",
  "kwargs": {
    "n_splits": 10,
    "shuffle": true
  },
  "penalty": 0.0
} 

# Writing problem specs to: genetic_alg_settings_specs.pkl
# To inspect or customize the problem specs further, use the '--checkspecs' method

# Estimator:
{
  "method": "LinearRegression",
  "kwargs": {
    "fit_intercept": false
  }
} 

# Feature Selection:
{
  "method": "GeneticAlgorithm",
  "kwargs": {
    "constraints_kwargs": {
      "n_features_max": 100,
      "n_features_min": 3,
      "fix_off": [],
      "fix_on": [
        0,
        1,
        2
      ]
    },
    "selTournamentSize": 3,
    "mutFlipBitProb": 0.01,
    "evolve_params_kwargs": {
      "n_generation": 20,
      "n_repetition": 20,
      "n_features_init": 3,
      "n_population": 10,
      "n_halloffame": 10,
      "halloffame_filename": "evolve_halloffame.pkl",
      "filename_prefix": "genetic_alg_settings"
    },
    "cxUniformProb": 0.5
  }
} 

# Fit and select...
Constructing initial population
Begin 1 of 20 repetitions
Begin 20 generations
gen	nevals	avg      	std        	min      	max      
0  	10    	0.0197132	0.000642137	0.0182494	0.0205591
1  	10    	0.0187843	0.000779233	0.0175333	0.0203242
2  	10    	0.0176939	0.000676769	0.0166306	0.0189982
3  	10    	0.0165551	0.000650998	0.0155177	0.0178185
4  	10    	0.0161834	0.000762391	0.0152503	0.0179103
5  	10    	0.0154638	0.000777448	0.0143481	0.0168377
6  	10    	0.0147557	0.000866088	0.0128846	0.0161095
7  	10    	0.0144456	0.00107222 	0.0119249	0.0158569
8  	10    	0.0126244	0.000950136	0.0111464	0.0141463
9  	10    	0.0121398	0.00114847 	0.0110136	0.0141341
10 	10    	0.0116163	0.000763209	0.0107991	0.0132091
11 	10    	0.0110865	0.000140357	0.0107635	0.0112365
12 	10    	0.0110588	0.000276295	0.01073  	0.0115598
13 	10    	0.0106561	0.000360242	0.00967063	0.0109876
14 	10    	0.0104158	0.000437348	0.00942613	0.0108544
15 	10    	0.0101738	0.00054252 	0.00938358	0.0110281
16 	10    	0.00952219	0.00023757 	0.00912318	0.00990006
17 	10    	0.00929666	0.000415181	0.00826229	0.00985055
18 	10    	0.00870331	0.000543556	0.00801646	0.00952217
19 	10    	0.0082958 	0.000302355	0.00801424	0.00915709
20 	10    	0.00819875	0.000125686	0.00799985	0.00845771
Runtime: 3.129039447998366 (s)


Final population:
Index: Selected                                    #Selected    CV          
----------------------------------------------------------------------------------------------------
    0: 1111100000000000000000000010100000000000... 61           0.0080763205
    1: 1111100000000000000000000010100000000000... 61           0.008182229 
    2: 1111100000000000000000000010100000000000... 58           0.0079998495
    3: 1111100000000000000000000010100000000000... 61           0.0081633053
    4: 1111100000000000000000000011100000000000... 58           0.0082740155
    5: 1111100000000000000000000010100000000000... 65           0.0084577063
    6: 1111100000000100000000000010100000000000... 67           0.0083182821
    7: 1111000010000000000000010010110000000010... 64           0.0081600145
    8: 1111100000000000000000000010100000000000... 56           0.0080988213
    9: 1111100000000000000000000010100000000000... 64           0.0082570017

Pickling population to: genetic_alg_settings_population_end.pkl

Hall of Fame:
Index: Selected                                    #Selected    CV          
----------------------------------------------------------------------------------------------------
    0: 1111100000000000000000000010100000000000... 58           0.0079998495
    1: 1111100000000000000000000010100000000000... 58           0.0080142447
    2: 1111100000000000000000000010100000000000... 60           0.0080164618
    3: 1111100000000000000000000010100000000000... 61           0.0080763205
    4: 1111100000000000000000000010100000000000... 63           0.008094756 
    5: 1111100000000000000000000010100000000000... 56           0.0080988213
    6: 1111100000000100000000010010110000000000... 60           0.0081323927
    7: 1111100000000000000000000010100000000000... 60           0.0081590454
    8: 1111000010000000000000010010110000000010... 64           0.0081600145
    9: 1111100000000000000000000010100000000000... 61           0.0081633053

Pickling Hall of Fame to: genetic_alg_settings_evolve_halloffame.pkl
Begin 2 of 20 repetitions
Begin 20 generations
gen	nevals	avg       	std        	min       	max       
0  	0     	0.00819875	0.000125686	0.00799985	0.00845771
1  	10    	0.00814702	0.000152819	0.00779472	0.00832162
2  	10    	0.00829515	0.000324223	0.00798227	0.00916757
3  	10    	0.00803676	0.000106922	0.00787151	0.00823378
4  	10    	0.00834875	0.000611847	0.00780601	0.00986036
5  	10    	0.00792785	0.000174248	0.0075804 	0.00817352
6  	10    	0.00777536	0.00015346 	0.0075508 	0.00799203
7  	10    	0.00755827	8.4469e-05 	0.00739323	0.00768879
8  	10    	0.00769442	0.000618586	0.00706738	0.00946756
9  	10    	0.00732315	0.000206069	0.00687374	0.00759324
10 	10    	0.00724046	0.000289091	0.00686213	0.00782276
11 	10    	0.00732814	0.000670668	0.00668991	0.00927111
12 	10    	0.00710638	0.000194346	0.0068795 	0.00755647
13 	10    	0.00708372	0.000151488	0.0068587 	0.00728283
14 	10    	0.00693851	0.000154423	0.00662577	0.00714735
15 	10    	0.00688193	0.000227562	0.00660575	0.00732985
16 	10    	0.00658034	0.000219607	0.00621685	0.00712212
17 	10    	0.0065149 	0.000217743	0.00595821	0.0067435 
18 	10    	0.00636309	0.000332719	0.00579425	0.00669896
19 	10    	0.00611678	0.000305226	0.00583537	0.00670868
20 	10    	0.00591867	0.000106305	0.0058084 	0.00621093
Runtime: 5.0496271930023795 (s)


Final population:
Index: Selected                                    #Selected    CV          
----------------------------------------------------------------------------------------------------
    0: 1111010100000011000000001010110111000010... 98           0.0058795394
    1: 1111010100000010100000001010110111100010... 96           0.0059213457
    2: 1111010100000010100000001010110111000010... 99           0.0058084039
    3: 1111010100000011000000001010110111100010... 98           0.0058732206
    4: 1111010100000011100000001010110111100010... 100          0.0059390383
    5: 1111010100000010010000001000110111100111... 95           0.0062109287
    6: 1111010100000010100000001010110111000010... 97           0.0059235862
    7: 1111010100000010100000001010110111100110... 97           0.005872415 
    8: 1111010100010010100000001010110111000110... 100          0.0058237902
    9: 1111010100000010100100001010110111100010... 93           0.00593446  

Pickling population to: genetic_alg_settings_population_end.pkl

Hall of Fame:
Index: Selected                                    #Selected    CV          
----------------------------------------------------------------------------------------------------
    0: 1111010100000010100000001010110111000110... 95           0.0057942501
    1: 1111010100000010100000001010110111000010... 99           0.0058084039
    2: 1111010100010010100000001010110111000110... 100          0.0058237902
    3: 1111010100000010100000001010110111000010... 92           0.0058353744
    4: 1111010100000010100000001010110111100110... 98           0.0058461078
    5: 1111010100000010100000001010110111100110... 97           0.005872415 
    6: 1111010100000011000000001010110111100010... 98           0.0058732206
    7: 1111010100000011000000001010110111000010... 98           0.0058795394
    8: 1111010100000010000000001010110111100010... 97           0.0058908618
    9: 1111010100000011000000001010110111100010... 100          0.00590151  

Pickling Hall of Fame to: genetic_alg_settings_evolve_halloffame.pkl
Begin 3 of 20 repetitions
Begin 20 generations
gen	nevals	avg       	std        	min      	max       
0  	0     	0.00591867	0.000106305	0.0058084	0.00621093
1  	10    	0.00591817	0.000138722	0.00574119	0.00616352
2  	10    	0.00588707	9.90716e-05	0.00569615	0.00604164
3  	10    	0.00594993	8.67623e-05	0.0058301 	0.00612875
4  	10    	0.00595559	0.000205771	0.00568378	0.00633943
5  	10    	0.00607229	0.000396221	0.00570082	0.00686631
6  	10    	0.00592384	0.000146128	0.00575594	0.00630766
7  	10    	0.00598226	0.000127991	0.00585053	0.00628672
8  	10    	0.00597894	9.85319e-05	0.00578275	0.00617741
9  	10    	0.00604097	0.000289641	0.00573893	0.00678674
10 	10    	0.00590234	7.80746e-05	0.00571696	0.00601997
11 	10    	0.00605179	0.000190364	0.00579064	0.00652486
12 	10    	0.00594705	0.000112429	0.00574797	0.00606716
13 	10    	0.006051  	0.000283177	0.00575274	0.00669172
14 	10    	0.00595653	0.000224923	0.00562561	0.00653177
15 	10    	0.00594835	0.000313297	0.0056869 	0.00669132
16 	10    	0.0060585 	0.000215952	0.00581104	0.00659585
17 	10    	0.00597656	0.000150452	0.00569736	0.0062757 
18 	10    	0.00605433	0.000297735	0.00575156	0.0068239 
19 	10    	0.00591015	0.000154328	0.00566799	0.00614948
20 	10    	0.00608882	0.000287883	0.00576342	0.00676534
Runtime: 5.7606444579978415 (s)


Final population:
Index: Selected                                    #Selected    CV          
----------------------------------------------------------------------------------------------------
    0: 1111010000000001100010001010110111101110... 98           0.0057634249
    1: 1111110100010011100010001010110110100110... 99           0.0060345454
    2: 1111010100100001100010001010110111100110... 100          0.0064576765
    3: 1111010100010001100010001010110111000110... 100          0.0060387509
    4: 1111010100000000100010001010110111100110... 98           0.0059609141
    5: 1111010100000001100010001010110111100110... 97           0.0061248981
    6: 1111000000000001100010001010010111101110... 99           0.0058161386
    7: 1111110100010011100010001010010110000110... 94           0.0059716854
    8: 1111010100000001100010000010110111100110... 100          0.0067653412
    9: 1111010100010001100010001010110111000110... 95           0.0059548102

Pickling population to: genetic_alg_settings_population_end.pkl

Hall of Fame:
Index: Selected                                    #Selected    CV          
----------------------------------------------------------------------------------------------------
    0: 1111010100000010100010001010110111000110... 99           0.0056256091
    1: 1111010100000001100010001010110111100110... 94           0.0056679921
    2: 1111010100000011100000001010110111000110... 100          0.0056837848
    3: 1111010100000010100010001010110111000110... 100          0.0056869004
    4: 1111010100000001100010001010110111100110... 98           0.0056885379
    5: 1111010100000011100000001010110111000010... 99           0.005696147 
    6: 1111010100000001100011001010110111100110... 98           0.0056972603
    7: 1111010100000011100010001010110111100110... 99           0.0056973564
    8: 1111010100000011100010001010110111000110... 100          0.0057008236
    9: 1111010100000011100000001010110111100010... 100          0.0057038013

Pickling Hall of Fame to: genetic_alg_settings_evolve_halloffame.pkl
Begin 4 of 20 repetitions
Begin 20 generations
gen	nevals	avg       	std        	min       	max       
0  	0     	0.00608882	0.000287883	0.00576342	0.00676534
1  	10    	0.00612591	0.000308795	0.0058716 	0.00684262
2  	10    	0.00598469	0.000111933	0.00581402	0.0061955 
3  	10    	0.00605104	0.000265584	0.00575068	0.00667777
4  	10    	0.0060559 	0.000226437	0.00577454	0.00655635
5  	10    	0.00593826	0.000166078	0.00579445	0.00639438
6  	10    	0.00584769	5.67023e-05	0.00577071	0.00593878
7  	10    	0.00583848	0.000110446	0.00572335	0.00607274
8  	10    	0.00602542	0.000329567	0.00571699	0.00687577
9  	10    	0.00595926	0.00024272 	0.00569726	0.00657986
10 	10    	0.00590403	0.000158791	0.00573583	0.00625311
11 	10    	0.00585848	8.01727e-05	0.00575745	0.00600535
12 	10    	0.00583647	0.000159042	0.00568716	0.00622877
13 	10    	0.00586007	0.000302394	0.00559613	0.00673742
14 	10    	0.00579847	8.35803e-05	0.00561266	0.00589485
15 	10    	0.00580522	7.19105e-05	0.00567602	0.00591375
16 	10    	0.00574642	7.85887e-05	0.00562487	0.00586503
17 	10    	0.00577388	0.000159442	0.00567109	0.00619986
18 	10    	0.00576183	7.68552e-05	0.00566292	0.00589335
19 	10    	0.00578397	0.000117765	0.00562604	0.00599281
20 	10    	0.00575166	8.16677e-05	0.0055834 	0.00588483
Runtime: 5.804428833002021 (s)


Final population:
Index: Selected                                    #Selected    CV          
----------------------------------------------------------------------------------------------------
    0: 1111010101011101000010001011100110001111... 99           0.0055833979
    1: 1111010001011000000010001011100110001111... 98           0.0056964576
    2: 1111010001001000000010011011100110001111... 100          0.0057498459
    3: 1111011101011000000010001011100110001111... 100          0.0058848318
    4: 1111010101101001000010001111100110001110... 100          0.0057316167
    5: 1111011001011000000010001011100110001111... 99           0.0057654517
    6: 1111010101001101000010001010100110001111... 98           0.0057878745
    7: 1111010001011001000010001010100111001011... 95           0.0058676921
    8: 1111010001001100000010001011100110001111... 97           0.0057444352
    9: 1111010101011001000110001011100110001111... 100          0.0057049737

Pickling population to: genetic_alg_settings_population_end.pkl

Hall of Fame:
Index: Selected                                    #Selected    CV          
----------------------------------------------------------------------------------------------------
    0: 1111010101011101000010001011100110001111... 99           0.0055833979
    1: 1111011100001001000010001010110110001111... 100          0.0055961325
    2: 1111010101001001000010001011110111001111... 100          0.0056126625
    3: 1111010101011001000010001011110111001111... 99           0.0056248695
    4: 1111010100000010100010001010110111000110... 99           0.0056256091
    5: 1111011001011000000010001011100110001111... 100          0.0056260375
    6: 1111010101001000000010001011100110001111... 94           0.0056303145
    7: 1111010100001001000010001010110111001111... 100          0.005662915 
    8: 1111010101011000000010001011100110001111... 97           0.0056629198
    9: 1111010101011001000010001011100110001111... 99           0.0056637884

Pickling Hall of Fame to: genetic_alg_settings_evolve_halloffame.pkl
Begin 5 of 20 repetitions
Begin 20 generations
gen	nevals	avg       	std        	min      	max       
0  	0     	0.00575166	8.16677e-05	0.0055834	0.00588483
1  	10    	0.00587011	0.000275256	0.00562016	0.00661704
2  	10    	0.00600484	0.000517477	0.00559474	0.00733402
3  	10    	0.00578469	0.000136869	0.00560518	0.00605326
4  	10    	0.00575839	0.00013517 	0.0055847 	0.00602965
5  	10    	0.00574543	0.000100935	0.00562238	0.00596477
6  	10    	0.00592491	0.000404593	0.00561963	0.00677338
7  	10    	0.00588204	0.000362849	0.00560861	0.00694516
8  	10    	0.00577505	0.000114557	0.00562721	0.00593637
9  	10    	0.00582086	0.000165097	0.00557295	0.00602514
10 	10    	0.00583565	0.000259327	0.00547696	0.00643865
11 	10    	0.00585432	0.000343969	0.00551021	0.00670544
12 	10    	0.00572648	0.000293275	0.00553779	0.00658477
13 	10    	0.00573285	0.000242428	0.0054811 	0.0063722 
14 	10    	0.00572672	0.000198146	0.0054808 	0.00610104
15 	10    	0.00591152	0.000364475	0.00554548	0.00661261
16 	10    	0.00575177	0.000248943	0.00551568	0.00641376
17 	10    	0.00561126	0.000142742	0.00540832	0.00598627
18 	10    	0.00561739	9.47767e-05	0.0055075 	0.00581639
19 	10    	0.005626  	0.000265345	0.00542333	0.00628774
20 	10    	0.00577082	0.000423571	0.00539792	0.00662759
Runtime: 5.797212915997079 (s)


Final population:
Index: Selected                                    #Selected    CV          
----------------------------------------------------------------------------------------------------
    0: 1111010111000101000010001011000110000111... 96           0.0055083851
    1: 1111010111000101000010001011000110000111... 96           0.0053979226
    2: 1111010111000101000000001011000111000111... 98           0.0055783188
    3: 1111010111000101000010001011000110000111... 100          0.0056534717
    4: 1111010111000101000010000011000110010111... 100          0.006588111 
    5: 1111010111000101000010001011000110000111... 94           0.0056052398
    6: 1111010111000101000010000011000110000111... 100          0.0066275945
    7: 1111010111000101000010001011000110000111... 100          0.005587885 
    8: 1111010111000101000010001011000110000111... 100          0.0055727578
    9: 1111010111000101000010001011000110000111... 96           0.0055885245

Pickling population to: genetic_alg_settings_population_end.pkl

Hall of Fame:
Index: Selected                                    #Selected    CV          
----------------------------------------------------------------------------------------------------
    0: 1111010111000101000010001011000110000111... 96           0.0053979226
    1: 1111010111000101000010001011000110000111... 100          0.0054083194
    2: 1111010111000101000010001011000110000111... 99           0.0054233323
    3: 1111010111000101000010001011000110000111... 97           0.0054755206
    4: 1111010111001001000110001011100110000111... 100          0.0054769608
    5: 1111010111000101000010001011000110000111... 100          0.0054807993
    6: 1111010111000101000010001011100110000111... 99           0.0054810961
    7: 1111010111000101000010001011000110000111... 100          0.0054824036
    8: 1111010111000101000010001011000110000111... 98           0.005491109 
    9: 1111010111000101000010001011000110000111... 97           0.0054940675

Pickling Hall of Fame to: genetic_alg_settings_evolve_halloffame.pkl
Begin 6 of 20 repetitions
Begin 20 generations
gen	nevals	avg       	std        	min       	max       
0  	0     	0.00577082	0.000423571	0.00539792	0.00662759
1  	10    	0.00561981	9.57013e-05	0.0054403 	0.00574911
2  	10    	0.0057496 	0.000233366	0.00554197	0.0064065 
3  	10    	0.00568326	0.000140826	0.00552588	0.00606361
4  	10    	0.00562633	0.000128528	0.00544607	0.00589833
5  	10    	0.0056331 	8.95093e-05	0.00543129	0.00575484
6  	10    	0.00563694	0.000127867	0.00543361	0.00584824
7  	10    	0.00564715	0.000109631	0.00554253	0.00590375
8  	10    	0.00567625	0.000329115	0.00538975	0.00656449
9  	10    	0.00571614	0.000415126	0.00543539	0.00693593
10 	10    	0.00561515	0.000139527	0.00550273	0.00599752
11 	10    	0.00554073	0.000127057	0.00536247	0.00583061
12 	10    	0.00549149	0.000102529	0.00527756	0.00566117
13 	10    	0.00539335	0.00012871 	0.00525537	0.00568762
14 	10    	0.00540013	0.000106041	0.0052399 	0.00563804
15 	10    	0.00550445	0.000236339	0.00528066	0.00607655
16 	10    	0.00538639	0.000159602	0.00528104	0.00583406
17 	10    	0.00554389	0.000373838	0.00535736	0.00665132
18 	10    	0.00551797	0.000262513	0.0053349 	0.00615995
19 	10    	0.00554438	0.000161529	0.00536432	0.00586163
20 	10    	0.00553592	0.000202084	0.00528617	0.00590307
Runtime: 5.770568643998558 (s)


Final population:
Index: Selected                                    #Selected    CV          
----------------------------------------------------------------------------------------------------
    0: 1111010111000110000010011110001110010111... 99           0.0056180229
    1: 1111010111000010000010011110001110010111... 98           0.0055539863
    2: 1111010111000111000010011110001010010111... 100          0.0059030656
    3: 1111010111000110000010011010001110010111... 99           0.0052861737
    4: 1111010111000110000010011110001110010111... 100          0.005359378 
    5: 1111010111000110000010011110001010010111... 95           0.0058378087
    6: 1111010111000110000010011110001110010111... 100          0.0053592484
    7: 1111010111000110000010011110001110010111... 99           0.0053445254
    8: 1111010111000110000010011110001110010111... 98           0.0054657844
    9: 1111010111000110000010011110001110010111... 100          0.0056311798

Pickling population to: genetic_alg_settings_population_end.pkl

Hall of Fame:
Index: Selected                                    #Selected    CV          
----------------------------------------------------------------------------------------------------
    0: 1111010111000111000010011010001110010111... 100          0.0052398976
    1: 1111010111000111000011011010001110010111... 100          0.0052553705
    2: 1111010111000111000010011010001110010111... 95           0.0052556567
    3: 1111010111000111000010011110001110010111... 99           0.0052775633
    4: 1111010111000111000010011110001110010111... 99           0.0052806603
    5: 1111010111010111000010011110001110010111... 100          0.0052810389
    6: 1111010111000110000010011010001110010111... 99           0.0052861737
    7: 1111010111000111000010011110001110010111... 98           0.0052905896
    8: 1111010111000111000010011010001110010111... 99           0.005292588 
    9: 1111010111000111000010011010001110010111... 95           0.0052978565

Pickling Hall of Fame to: genetic_alg_settings_evolve_halloffame.pkl
Begin 7 of 20 repetitions
Begin 20 generations
gen	nevals	avg       	std        	min       	max       
0  	0     	0.00553592	0.000202084	0.00528617	0.00590307
1  	10    	0.00554991	0.000244826	0.0053184 	0.00615767
2  	10    	0.00545292	8.57807e-05	0.00533619	0.00563799
3  	10    	0.00545722	0.000112641	0.00530404	0.00559743
4  	10    	0.00556582	0.000469516	0.00532873	0.00696101
5  	10    	0.00540011	0.000152695	0.00521993	0.00574905
6  	10    	0.00534251	7.47432e-05	0.00527987	0.00554203
7  	10    	0.00536414	0.000107836	0.00526283	0.00564254
8  	10    	0.00538055	0.00014551 	0.0052543 	0.00572775
9  	10    	0.00560257	0.000328592	0.00531084	0.00637773
10 	10    	0.00563751	0.000354736	0.00529722	0.00622745
11 	10    	0.00553324	0.000194323	0.00530551	0.00596333
12 	10    	0.00551709	0.000266385	0.00525463	0.00617477
13 	10    	0.00542952	0.000107881	0.00529733	0.00562537
14 	10    	0.0053606 	7.00977e-05	0.00524615	0.00545996
15 	10    	0.00534783	7.14179e-05	0.00522004	0.00544753
16 	10    	0.00530507	5.49727e-05	0.00521203	0.00537518
17 	10    	0.00535139	0.000120733	0.00524296	0.00567326
18 	10    	0.00534769	0.000140695	0.00518784	0.00573166
19 	10    	0.00534054	8.08848e-05	0.00520739	0.00546429
20 	10    	0.00568618	0.000656566	0.0052467 	0.00702697
Runtime: 5.753536997999618 (s)


Final population:
Index: Selected                                    #Selected    CV          
----------------------------------------------------------------------------------------------------
    0: 1111010111000010000010001010001110010110... 100          0.005270987 
    1: 1111010111000010010010001010001110010110... 95           0.0070269658
    2: 1111010111000010000010011010001010010110... 96           0.0058563338
    3: 1111010111010010000010001110001110010110... 97           0.0052467027
    4: 1111010111010010000010001010001110010110... 95           0.0052855474
    5: 1111010111000010000010001010001110010110... 97           0.0053093252
    6: 1111010111000010000010001010001110010110... 100          0.0053306889
    7: 1111010111010010010010001110001110010110... 98           0.0052848099
    8: 1111010111010010000010001010001110010110... 96           0.0053692126
    9: 1111010111100010000010001010001110010110... 99           0.0068812265

Pickling population to: genetic_alg_settings_population_end.pkl

Hall of Fame:
Index: Selected                                    #Selected    CV          
----------------------------------------------------------------------------------------------------
    0: 1111010111000010010010001010001110010110... 96           0.0051878447
    1: 1111010111000010000010001010001110010110... 93           0.00520739  
    2: 1111010111000010010010001010001110010110... 96           0.0052120266
    3: 1111010111000010000010001110001110010111... 99           0.0052199332
    4: 1111010111000010000010001010001110010110... 96           0.0052200383
    5: 1111010111000010000010011110001110010111... 97           0.005222573 
    6: 1111010111010010000010001010001110010110... 97           0.0052379933
    7: 1111010111000111000010011010001110010111... 100          0.0052398976
    8: 1111010111000010000010001010001110010110... 95           0.0052410189
    9: 1111010111000010000010001010001110010110... 98           0.0052429568

Pickling Hall of Fame to: genetic_alg_settings_evolve_halloffame.pkl
Begin 8 of 20 repetitions
Begin 20 generations
gen	nevals	avg       	std        	min      	max       
0  	0     	0.00568618	0.000656566	0.0052467	0.00702697
1  	10    	0.0054571 	0.000239029	0.00523909	0.00609764
2  	10    	0.00539534	0.000195068	0.0052548 	0.00595746
3  	10    	0.00536056	8.25571e-05	0.00525391	0.00553889
4  	10    	0.00533702	4.42759e-05	0.00527973	0.00541424
5  	10    	0.00539466	0.000153269	0.00516799	0.00574717
6  	10    	0.0053754 	0.000128747	0.00519708	0.00558224
7  	10    	0.00539483	8.71386e-05	0.00529151	0.00557143
8  	10    	0.00548228	0.00029692 	0.0052155 	0.0063105 
9  	10    	0.00535854	0.000103408	0.00519694	0.00553526
10 	10    	0.00545383	0.000398542	0.00515484	0.00661576
11 	10    	0.00542684	0.000309084	0.00519899	0.00632926
12 	10    	0.00569139	0.00053102 	0.00521214	0.00693974
13 	10    	0.00549635	0.00013002 	0.00529044	0.00574005
14 	10    	0.00545378	0.000223731	0.00522818	0.00604803
15 	10    	0.00536934	6.72639e-05	0.0052864 	0.00547977
16 	10    	0.00537079	8.37224e-05	0.00523445	0.00549451
17 	10    	0.00536793	0.00011185 	0.00520396	0.00558138
18 	10    	0.00551919	0.000458914	0.00517901	0.00683464
19 	10    	0.00553033	0.000234172	0.00521783	0.00595788
20 	10    	0.00588673	0.00102575 	0.00533851	0.00884421
Runtime: 5.75176165999801 (s)


Final population:
Index: Selected                                    #Selected    CV          
----------------------------------------------------------------------------------------------------
    0: 1111010110011010000010001110001110011110... 97           0.0054984676
    1: 1111011111011010010010001010001110011110... 99           0.0053732707
    2: 1111010110011010000010001010001110011110... 99           0.0054262386
    3: 1110011101011010010010001110001010011110... 98           0.0088442107
    4: 1111010110011110010010001110000110011110... 100          0.0053674525
    5: 1111011111011010000010001010001110011110... 96           0.0053827631
    6: 1111010111111010010010001110001110001110... 100          0.0058923458
    7: 1111011110010000000010001110001110011010... 100          0.0054695736
    8: 1111010111010010000010001010001110011110... 100          0.0062744682
    9: 1111010111011010000010001110001110011010... 96           0.0053385086

Pickling population to: genetic_alg_settings_population_end.pkl

Hall of Fame:
Index: Selected                                    #Selected    CV          
----------------------------------------------------------------------------------------------------
    0: 1111010111010010000010001010001110111110... 100          0.0051548448
    1: 1111010111010010000010011110001110111110... 96           0.0051679871
    2: 1111011111011010000010001010001110011110... 97           0.0051790101
    3: 1111010111000010010010001010001110010110... 96           0.0051878447
    4: 1111010111010010000010001010001110110010... 95           0.0051969422
    5: 1111010111010010000010001110001110110110... 98           0.0051970766
    6: 1111010111010010100010001010001110110010... 99           0.005198993 
    7: 1111010111011010000010001110001110011110... 99           0.0052039616
    8: 1111010111000010000010001010001110010110... 93           0.00520739  
    9: 1111010111000010010010001010001110010110... 96           0.0052120266

Pickling Hall of Fame to: genetic_alg_settings_evolve_halloffame.pkl
Begin 9 of 20 repetitions
Begin 20 generations
gen	nevals	avg       	std       	min       	max       
0  	0     	0.00588673	0.00102575	0.00533851	0.00884421
1  	10    	0.00546143	0.000184877	0.00523076	0.00590646
2  	10    	0.00539315	0.0001049  	0.00526476	0.00561522
3  	10    	0.00535626	0.000159057	0.00520167	0.00578974
4  	10    	0.00559543	0.000439535	0.00525196	0.00685909
5  	10    	0.00546665	0.000179749	0.00527663	0.00595703
6  	10    	0.00534474	6.91113e-05	0.00525024	0.00550326
7  	10    	0.00559666	0.000285952	0.00523121	0.00623363
8  	10    	0.00559625	0.000323948	0.00532223	0.00641654
9  	10    	0.00556203	0.000252502	0.00526646	0.0061179 
10 	10    	0.00537066	9.73709e-05	0.00523469	0.00555376
11 	10    	0.00536146	5.63602e-05	0.0052725 	0.005454  
12 	10    	0.00538192	7.31259e-05	0.00529574	0.00550179
13 	10    	0.00543844	0.000136147	0.00524368	0.00575077
14 	10    	0.00537267	0.000145141	0.00517524	0.00563199
15 	10    	0.00534725	0.000140169	0.00512677	0.00568822
16 	10    	0.00539302	0.000145418	0.00526215	0.00580179
17 	10    	0.00553166	0.000346556	0.00526143	0.00631481
18 	10    	0.00540797	0.00020307 	0.00522945	0.00597315
19 	10    	0.00559415	0.000435207	0.00524696	0.00670689
20 	10    	0.00547185	0.000170237	0.00533372	0.00587727
Runtime: 5.755432705998828 (s)


Final population:
Index: Selected                                    #Selected    CV          
----------------------------------------------------------------------------------------------------
    0: 1111001111011110100000001010001110010010... 94           0.0055446135
    1: 1111001111011110100000001010001110010010... 100          0.0053550682
    2: 1111001111011110100000001010001010000010... 100          0.0058772723
    3: 1111001111011110100000101010001110010010... 100          0.0053417176
    4: 1111001111011110100000001010000110010000... 95           0.0056365682
    5: 1111001111011110100000101011001110010010... 100          0.0053433257
    6: 1111001111011110000010001010001110010010... 98           0.0053337177
    7: 1111001111011110100000011010001111010010... 98           0.0053558965
    8: 1111001111011110100000001010001110010010... 98           0.0055467074
    9: 1111001111011110100000001010001110011010... 100          0.0053835787

Pickling population to: genetic_alg_settings_population_end.pkl

Hall of Fame:
Index: Selected                                    #Selected    CV          
----------------------------------------------------------------------------------------------------
    0: 1111011111011110000000001010001110010010... 98           0.0051267672
    1: 1111010111010010000010001010001110111110... 100          0.0051548448
    2: 1111010111010010000010011110001110111110... 96           0.0051679871
    3: 1111011111011110000000001010001110010010... 97           0.005175245 
    4: 1111011111011010000010001010001110011110... 97           0.0051790101
    5: 1111010111000010010010001010001110010110... 96           0.0051878447
    6: 1111010111010010000010001010001110110010... 95           0.0051969422
    7: 1111010111010010000010001110001110110110... 98           0.0051970766
    8: 1111010111010010100010001010001110110010... 99           0.005198993 
    9: 1111011111011010000010001110001110011110... 96           0.0052016726

Pickling Hall of Fame to: genetic_alg_settings_evolve_halloffame.pkl
Begin 10 of 20 repetitions
Begin 20 generations
gen	nevals	avg       	std        	min       	max       
0  	0     	0.00547185	0.000170237	0.00533372	0.00587727
1  	10    	0.00547588	0.000113278	0.00533721	0.00574489
2  	10    	0.00557546	0.000239855	0.00530605	0.00612595
3  	10    	0.00556964	0.000112407	0.00532445	0.00569465
4  	10    	0.00552067	0.000114158	0.00534688	0.00576406
5  	10    	0.00553509	0.00031664 	0.00533159	0.00645254
6  	10    	0.00558283	0.000264992	0.00525499	0.00607011
7  	10    	0.00548881	0.00011783 	0.00529098	0.00573453
8  	10    	0.00547162	0.000146922	0.00521852	0.00576523
9  	10    	0.00546096	0.000123713	0.00534862	0.00579766
10 	10    	0.00554814	0.000262254	0.00533582	0.0062282 
11 	10    	0.00548847	0.000109768	0.00532006	0.00566494
12 	10    	0.00542149	0.000118924	0.00525474	0.00566395
13 	10    	0.00552363	0.000307815	0.00529042	0.00632922
14 	10    	0.00554974	0.000288915	0.00532718	0.00631327
15 	10    	0.00544831	0.000269516	0.00523143	0.00614921
16 	10    	0.0053546 	0.000110727	0.00523341	0.00559054
17 	10    	0.00540938	0.00013049 	0.0052995 	0.00568227
18 	10    	0.00537806	9.70482e-05	0.00523709	0.00555985
19 	10    	0.00550245	0.00027835 	0.0052438 	0.00603252
20 	10    	0.00538817	8.11486e-05	0.00527868	0.0055592 
Runtime: 5.7536800400012 (s)


Final population:
Index: Selected                                    #Selected    CV          
----------------------------------------------------------------------------------------------------
    0: 1111001110011010100100001010001110010010... 99           0.0053552293
    1: 1111001110011010100000001010011110010010... 100          0.0052786758
    2: 1111001110011010100000001010001110010110... 100          0.0053831633
    3: 1111001110011010100000001010001110010110... 98           0.0055591983
    4: 1111001110011010010000001010011110010110... 96           0.005346419 
    5: 1111001110011010100010001010001111010010... 96           0.005320505 
    6: 1111011110011010100001001010011111010010... 100          0.0053885618
    7: 1111001010011010100000001010001110010010... 100          0.0053703525
    8: 1111000110011010110000001010111110010110... 100          0.0055157213
    9: 1111001110011010100010001010001111010010... 99           0.0053638295

Pickling population to: genetic_alg_settings_population_end.pkl

Hall of Fame:
Index: Selected                                    #Selected    CV          
----------------------------------------------------------------------------------------------------
    0: 1111011111011110000000001010001110010010... 98           0.0051267672
    1: 1111010111010010000010001010001110111110... 100          0.0051548448
    2: 1111010111010010000010011110001110111110... 96           0.0051679871
    3: 1111011111011110000000001010001110010010... 97           0.005175245 
    4: 1111011111011010000010001010001110011110... 97           0.0051790101
    5: 1111010111000010010010001010001110010110... 96           0.0051878447
    6: 1111010111010010000010001010001110110010... 95           0.0051969422
    7: 1111010111010010000010001110001110110110... 98           0.0051970766
    8: 1111010111010010100010001010001110110010... 99           0.005198993 
    9: 1111011111011010000010001110001110011110... 96           0.0052016726

Pickling Hall of Fame to: genetic_alg_settings_evolve_halloffame.pkl
Begin 11 of 20 repetitions
Begin 20 generations
gen	nevals	avg       	std        	min       	max      
0  	0     	0.00538817	8.11486e-05	0.00527868	0.0055592
1  	10    	0.00543351	8.24704e-05	0.0053251 	0.00559552
2  	10    	0.0054004 	8.69821e-05	0.00525828	0.00555977
3  	10    	0.00539697	0.000116515	0.00524768	0.00567174
4  	10    	0.00541536	7.4701e-05 	0.00528125	0.00551187
5  	10    	0.00549155	0.000179399	0.00531309	0.00591368
6  	10    	0.00543419	0.000130586	0.00526628	0.00571794
7  	10    	0.00539139	0.000121137	0.00523035	0.00568822
8  	10    	0.00541529	8.03528e-05	0.00530704	0.00557466
9  	10    	0.00540998	7.09407e-05	0.00530144	0.00557412
10 	10    	0.00542527	7.29475e-05	0.00533247	0.00556621
11 	10    	0.00543065	8.50903e-05	0.00530567	0.00563141
12 	10    	0.00549064	0.00015526 	0.00531376	0.00590545
13 	10    	0.00554448	0.000339953	0.00531938	0.00654813
14 	10    	0.00556968	0.000304554	0.00536829	0.00644401
15 	10    	0.00546272	0.000128615	0.00534006	0.005791  
16 	10    	0.00565951	0.00041989 	0.00532242	0.00662781
17 	10    	0.00547441	6.42232e-05	0.00537187	0.00558231
18 	10    	0.00546871	8.24445e-05	0.00538239	0.00558633
19 	10    	0.00567551	0.000329809	0.00540366	0.00659463
20 	10    	0.00573023	0.000435317	0.00533924	0.00664249
Runtime: 5.741274108000653 (s)


Final population:
Index: Selected                                    #Selected    CV          
----------------------------------------------------------------------------------------------------
    0: 1111001010011010001010101010001110010010... 100          0.0054475178
    1: 1111001010011010011010101010001100010010... 97           0.0055314391
    2: 1111001010011111001010101010001110010010... 98           0.0053438907
    3: 1111001010011010001010101010001110010010... 100          0.0056867281
    4: 1111001010011011001010101010001110010010... 99           0.0057654643
    5: 1110001010011011001010101010001110010010... 100          0.0066424884
    6: 1111001010011110011010101010001100010010... 93           0.0054547866
    7: 1111001010011010001010101010001110010010... 94           0.0056190394
    8: 1111001010011110001010101010001110010010... 99           0.0053392432
    9: 1110001010011110001011101010001110010010... 97           0.0064717494

Pickling population to: genetic_alg_settings_population_end.pkl

Hall of Fame:
Index: Selected                                    #Selected    CV          
----------------------------------------------------------------------------------------------------
    0: 1111011111011110000000001010001110010010... 98           0.0051267672
    1: 1111010111010010000010001010001110111110... 100          0.0051548448
    2: 1111010111010010000010011110001110111110... 96           0.0051679871
    3: 1111011111011110000000001010001110010010... 97           0.005175245 
    4: 1111011111011010000010001010001110011110... 97           0.0051790101
    5: 1111010111000010010010001010001110010110... 96           0.0051878447
    6: 1111010111010010000010001010001110110010... 95           0.0051969422
    7: 1111010111010010000010001110001110110110... 98           0.0051970766
    8: 1111010111010010100010001010001110110010... 99           0.005198993 
    9: 1111011111011010000010001110001110011110... 96           0.0052016726

Pickling Hall of Fame to: genetic_alg_settings_evolve_halloffame.pkl
Begin 12 of 20 repetitions
Begin 20 generations
gen	nevals	avg       	std        	min       	max       
0  	0     	0.00573023	0.000435317	0.00533924	0.00664249
1  	10    	0.00545247	5.9334e-05 	0.00534706	0.00551505
2  	10    	0.00541199	7.32251e-05	0.00529778	0.00556922
3  	10    	0.00551107	0.000132419	0.00530334	0.00577121
4  	10    	0.00565515	0.000438706	0.0053116 	0.00659235
5  	10    	0.005555  	0.000384106	0.00527993	0.00667408
6  	10    	0.00543477	9.23238e-05	0.0053054 	0.00558913
7  	10    	0.00548199	0.000144681	0.00527391	0.00578117
8  	10    	0.00578619	0.000550532	0.00538575	0.00716907
9  	10    	0.00563539	0.000437612	0.00531369	0.0067892 
10 	10    	0.00558389	0.00016814 	0.00534303	0.00582523
11 	10    	0.0057202 	0.000487251	0.00536876	0.00711884
12 	10    	0.00563879	0.00012538 	0.00549691	0.0059117 
13 	10    	0.00593352	0.00100622 	0.00527923	0.00892417
14 	10    	0.00565618	0.000362545	0.00536407	0.00668599
15 	10    	0.00555749	0.000138905	0.00543191	0.00587433
16 	10    	0.0056863 	0.000469713	0.0053945 	0.00694298
17 	10    	0.00550364	0.000120674	0.00539143	0.00582548
18 	10    	0.0055438 	0.000107641	0.00542462	0.00576754
19 	10    	0.0056866 	0.000277683	0.00538431	0.00637623
20 	10    	0.00571063	0.0001981  	0.0054277 	0.00621706
Runtime: 5.740308837001066 (s)


Final population:
Index: Selected                                    #Selected    CV          
----------------------------------------------------------------------------------------------------
    0: 1111001000011110101000001010001110010011... 100          0.0057501902
    1: 1111001010011110101000001010001110010011... 100          0.0057313566
    2: 1111001010011110101000001010001110010011... 98           0.0054277012
    3: 1111001010011110101000001010001110010011... 99           0.0056555762
    4: 1111001010011110101000001010001110010011... 99           0.0056069909
    5: 1111001010011110101000001011001110000011... 100          0.0057810813
    6: 1111001010011110100000001010001110010011... 100          0.0057483928
    7: 1111011010101110001000001010001110010011... 100          0.0056511361
    8: 1111001010011110101000001010001110010011... 99           0.0062170641
    9: 1111001010011110101000001010001110010011... 100          0.0055368004

Pickling population to: genetic_alg_settings_population_end.pkl

Hall of Fame:
Index: Selected                                    #Selected    CV          
----------------------------------------------------------------------------------------------------
    0: 1111011111011110000000001010001110010010... 98           0.0051267672
    1: 1111010111010010000010001010001110111110... 100          0.0051548448
    2: 1111010111010010000010011110001110111110... 96           0.0051679871
    3: 1111011111011110000000001010001110010010... 97           0.005175245 
    4: 1111011111011010000010001010001110011110... 97           0.0051790101
    5: 1111010111000010010010001010001110010110... 96           0.0051878447
    6: 1111010111010010000010001010001110110010... 95           0.0051969422
    7: 1111010111010010000010001110001110110110... 98           0.0051970766
    8: 1111010111010010100010001010001110110010... 99           0.005198993 
    9: 1111011111011010000010001110001110011110... 96           0.0052016726

Pickling Hall of Fame to: genetic_alg_settings_evolve_halloffame.pkl
Begin 13 of 20 repetitions
Begin 20 generations
gen	nevals	avg       	std      	min      	max       
0  	0     	0.00571063	0.0001981	0.0054277	0.00621706
1  	10    	0.00558992	7.14952e-05	0.00549527	0.00571493
2  	10    	0.00563513	4.74559e-05	0.00549891	0.00567866
3  	10    	0.00582432	0.000467238	0.00543945	0.0071606 
4  	10    	0.00568322	0.000163685	0.00545661	0.00607316
5  	10    	0.00574098	0.000363151	0.00548951	0.00680222
6  	10    	0.00560775	0.000105267	0.0054724 	0.00586173
7  	10    	0.00562804	0.000176743	0.00544121	0.00606652
8  	10    	0.00558089	8.33814e-05	0.00549026	0.00578945
9  	10    	0.00558376	9.54068e-05	0.00546048	0.00571832
10 	10    	0.00557949	0.000129699	0.00545387	0.00586999
11 	10    	0.00568543	0.000298833	0.00540323	0.0065015 
12 	10    	0.00553492	9.72501e-05	0.00538052	0.00571467
13 	10    	0.00550707	8.33645e-05	0.00538772	0.00563018
14 	10    	0.00552653	0.000105622	0.00536186	0.00569453
15 	10    	0.00556531	0.000144661	0.00533988	0.00590283
16 	10    	0.00564329	0.000255395	0.00539573	0.0062471 
17 	10    	0.00558231	0.000244751	0.00541262	0.00626125
18 	10    	0.00549482	7.46446e-05	0.00537761	0.00565343
19 	10    	0.00554139	0.000110823	0.0053822 	0.00579509
20 	10    	0.00559152	0.000247528	0.00531501	0.0060115 
Runtime: 5.720849471003021 (s)


Final population:
Index: Selected                                    #Selected    CV          
----------------------------------------------------------------------------------------------------
    0: 1111000010011110000000001011001111001011... 99           0.0055447204
    1: 1111000011011110011000001011011110000011... 99           0.0059811835
    2: 1111100010111110001000001011001110000011... 97           0.0053962805
    3: 1111000010011110001000001011001110000011... 97           0.0053681179
    4: 1111000010011110001000001011001110000011... 97           0.0056677315
    5: 1111000010011110001000001011001110000011... 93           0.005315005 
    6: 1111000010011110001000001011001110000011... 97           0.0053173913
    7: 1111000010011110000000001011001110001011... 98           0.0060114992
    8: 1111000010011110001000001011001110000011... 96           0.0055375676
    9: 1111000010011110001000001011001110000011... 100          0.0057757457

Pickling population to: genetic_alg_settings_population_end.pkl

Hall of Fame:
Index: Selected                                    #Selected    CV          
----------------------------------------------------------------------------------------------------
    0: 1111011111011110000000001010001110010010... 98           0.0051267672
    1: 1111010111010010000010001010001110111110... 100          0.0051548448
    2: 1111010111010010000010011110001110111110... 96           0.0051679871
    3: 1111011111011110000000001010001110010010... 97           0.005175245 
    4: 1111011111011010000010001010001110011110... 97           0.0051790101
    5: 1111010111000010010010001010001110010110... 96           0.0051878447
    6: 1111010111010010000010001010001110110010... 95           0.0051969422
    7: 1111010111010010000010001110001110110110... 98           0.0051970766
    8: 1111010111010010100010001010001110110010... 99           0.005198993 
    9: 1111011111011010000010001110001110011110... 96           0.0052016726

Pickling Hall of Fame to: genetic_alg_settings_evolve_halloffame.pkl
Begin 14 of 20 repetitions
Begin 20 generations
gen	nevals	avg       	std        	min       	max      
0  	0     	0.00559152	0.000247528	0.00531501	0.0060115
1  	10    	0.00558001	0.000135998	0.00540114	0.00587771
2  	10    	0.00556106	9.10839e-05	0.00541294	0.00572732
3  	10    	0.00557501	5.54545e-05	0.00552179	0.00571501
4  	10    	0.00558548	8.38348e-05	0.00547368	0.00580112
5  	10    	0.00573091	0.000422684	0.00542334	0.0068109 
6  	10    	0.00554902	8.91605e-05	0.00544565	0.00572359
7  	10    	0.00557517	0.000104096	0.0054087 	0.00574946
8  	10    	0.00559584	7.91495e-05	0.00548122	0.00570885
9  	10    	0.00564384	0.000203434	0.00549948	0.00622364
10 	10    	0.00568198	0.000131658	0.00554877	0.00591171
11 	10    	0.00562844	0.000115287	0.00542693	0.00580062
12 	10    	0.0057935 	0.000369774	0.00551418	0.00684766
13 	10    	0.00561649	0.000101042	0.00543792	0.0057714 
14 	10    	0.00563271	0.000187951	0.00549078	0.00616283
15 	10    	0.00553802	4.48057e-05	0.00546803	0.00561557
16 	10    	0.0056611 	0.000224594	0.00542692	0.00614545
17 	10    	0.00556644	9.01191e-05	0.00541791	0.00572141
18 	10    	0.00561911	8.4301e-05 	0.00550456	0.00574255
19 	10    	0.00569447	0.000253727	0.00543759	0.00634189
20 	10    	0.00561942	0.000123477	0.00546203	0.00584989
Runtime: 5.750327518999256 (s)


Final population:
Index: Selected                                    #Selected    CV          
----------------------------------------------------------------------------------------------------
    0: 1111000010011110000011001011001111010010... 99           0.0055643711
    1: 1111000010011110100001001011001111010011... 99           0.0054620288
    2: 1111001110011100100011001011001111010011... 98           0.005697532 
    3: 1111000010011110100001001011001111010011... 100          0.005481533 
    4: 1111001010011110100011001011000111010011... 100          0.0058498938
    5: 1111000110011110100011001011001111010011... 100          0.0055956781
    6: 1111001110111100100101001011001111010010... 100          0.0057524397
    7: 1111001110011100100001001011001101010011... 100          0.0055185251
    8: 1111001110011100100001001011001111010011... 99           0.0057294693
    9: 1111001110011100100001001011001111010011... 100          0.0055427267

Pickling population to: genetic_alg_settings_population_end.pkl

Hall of Fame:
Index: Selected                                    #Selected    CV          
----------------------------------------------------------------------------------------------------
    0: 1111011111011110000000001010001110010010... 98           0.0051267672
    1: 1111010111010010000010001010001110111110... 100          0.0051548448
    2: 1111010111010010000010011110001110111110... 96           0.0051679871
    3: 1111011111011110000000001010001110010010... 97           0.005175245 
    4: 1111011111011010000010001010001110011110... 97           0.0051790101
    5: 1111010111000010010010001010001110010110... 96           0.0051878447
    6: 1111010111010010000010001010001110110010... 95           0.0051969422
    7: 1111010111010010000010001110001110110110... 98           0.0051970766
    8: 1111010111010010100010001010001110110010... 99           0.005198993 
    9: 1111011111011010000010001110001110011110... 96           0.0052016726

Pickling Hall of Fame to: genetic_alg_settings_evolve_halloffame.pkl
Begin 15 of 20 repetitions
Begin 20 generations
gen	nevals	avg       	std        	min       	max       
0  	0     	0.00561942	0.000123477	0.00546203	0.00584989
1  	10    	0.0055629 	0.000141119	0.00540945	0.00594346
2  	10    	0.00558781	0.000116153	0.00536785	0.00581489
3  	10    	0.00567317	0.000360072	0.00540539	0.00653248
4  	10    	0.00556255	0.000193563	0.00531071	0.00599873
5  	10    	0.00563312	0.000324894	0.00537394	0.00657483
6  	10    	0.00569471	0.000353056	0.00546934	0.00671046
7  	10    	0.00569375	0.000245452	0.00552798	0.00640374
8  	10    	0.00554995	7.92485e-05	0.00543195	0.00569427
9  	10    	0.00557908	0.000103552	0.00539482	0.00580291
10 	10    	0.00552989	0.000104534	0.00533368	0.00565719
11 	10    	0.00561376	0.000156168	0.00539259	0.00590273
12 	10    	0.00561759	0.0003502  	0.00537949	0.00662935
13 	10    	0.00565369	0.000203415	0.00539762	0.00607028
14 	10    	0.00565886	0.000310061	0.00532399	0.00632803
15 	10    	0.00568045	0.000361081	0.00538195	0.00639076
16 	10    	0.00566025	0.000503289	0.0052616 	0.00701021
17 	10    	0.00548846	0.000150945	0.00533625	0.00587179
18 	10    	0.00554825	0.000146305	0.00537004	0.00586741
19 	10    	0.0054889 	8.51275e-05	0.00532811	0.00562879
20 	10    	0.00561863	0.000138287	0.00546748	0.00592453
Runtime: 5.770222448998538 (s)


Final population:
Index: Selected                                    #Selected    CV          
----------------------------------------------------------------------------------------------------
    0: 1111010010011110000111001001011111010011... 96           0.0059245272
    1: 1111010010011110000001001011011111010011... 100          0.0056699641
    2: 1111010010011010100001001011011111010111... 100          0.005467479 
    3: 1111000010010010100001001011011111010001... 93           0.0057535796
    4: 1111000010011110000111001011011111010011... 100          0.0055049542
    5: 1111010010011010100001001111011111010011... 96           0.0054987544
    6: 1111010010011110000101001011011111010001... 96           0.0056186569
    7: 1111010010011110100010001011011101010001... 100          0.0057044948
    8: 1111010010011010000001001011011111010101... 100          0.0055392736
    9: 1111000110011110100010001011011111010011... 95           0.0055045885

Pickling population to: genetic_alg_settings_population_end.pkl

Hall of Fame:
Index: Selected                                    #Selected    CV          
----------------------------------------------------------------------------------------------------
    0: 1111011111011110000000001010001110010010... 98           0.0051267672
    1: 1111010111010010000010001010001110111110... 100          0.0051548448
    2: 1111010111010010000010011110001110111110... 96           0.0051679871
    3: 1111011111011110000000001010001110010010... 97           0.005175245 
    4: 1111011111011010000010001010001110011110... 97           0.0051790101
    5: 1111010111000010010010001010001110010110... 96           0.0051878447
    6: 1111010111010010000010001010001110110010... 95           0.0051969422
    7: 1111010111010010000010001110001110110110... 98           0.0051970766
    8: 1111010111010010100010001010001110110010... 99           0.005198993 
    9: 1111011111011010000010001110001110011110... 96           0.0052016726

Pickling Hall of Fame to: genetic_alg_settings_evolve_halloffame.pkl
Begin 16 of 20 repetitions
Begin 20 generations
gen	nevals	avg       	std        	min       	max       
0  	0     	0.00561863	0.000138287	0.00546748	0.00592453
1  	10    	0.00551838	7.60704e-05	0.00542053	0.00569022
2  	10    	0.00556286	0.000115233	0.0053847 	0.00570943
3  	10    	0.00553771	8.2263e-05 	0.00540977	0.0056347 
4  	10    	0.0055303 	0.000158261	0.00535399	0.00586116
5  	10    	0.00550484	0.000106539	0.00534702	0.00578222
6  	10    	0.00576987	0.000331008	0.0053954 	0.00643617
7  	10    	0.00564461	0.000377446	0.0052614 	0.0066596 
8  	10    	0.0054591 	0.000102547	0.00526312	0.00559233
9  	10    	0.00543086	6.30198e-05	0.00533608	0.00557218
10 	10    	0.00548327	0.000109016	0.00532523	0.00568319
11 	10    	0.00547052	7.01363e-05	0.00540132	0.00562558
12 	10    	0.00554287	0.000183387	0.00535236	0.00599291
13 	10    	0.00547492	0.000115425	0.00532418	0.00568603
14 	10    	0.00548451	0.000132731	0.00535537	0.00582771
15 	10    	0.00556119	0.000263487	0.00536202	0.00631723
16 	10    	0.00551083	0.00014451 	0.00531489	0.00582709
17 	10    	0.00544594	6.68556e-05	0.00533712	0.00554876
18 	10    	0.00550624	9.92483e-05	0.005383  	0.00566483
19 	10    	0.00549783	7.45671e-05	0.00542281	0.00569597
20 	10    	0.00549579	4.90497e-05	0.00543659	0.00560866
Runtime: 5.756929144998139 (s)


Final population:
Index: Selected                                    #Selected    CV          
----------------------------------------------------------------------------------------------------
    0: 1111011010011110010100011010001110010010... 93           0.0054365943
    1: 1111011010111110010000111011001110010010... 99           0.0056086597
    2: 1111011010011111010000001011001110010010... 96           0.0054935832
    3: 1111011010011110010000011011001110010010... 100          0.0054988943
    4: 1111011110011110010000001011001110010010... 100          0.0054596064
    5: 1111011010111110000000111011001110010010... 96           0.0054392039
    6: 1111011010011110010000001011001110010010... 100          0.0055344643
    7: 1111111010011110000000011011001110010010... 94           0.0055218135
    8: 1111011010011110010000011011001110010011... 97           0.0055020795
    9: 1111011010011110010000011011001110010110... 97           0.0054629751

Pickling population to: genetic_alg_settings_population_end.pkl

Hall of Fame:
Index: Selected                                    #Selected    CV          
----------------------------------------------------------------------------------------------------
    0: 1111011111011110000000001010001110010010... 98           0.0051267672
    1: 1111010111010010000010001010001110111110... 100          0.0051548448
    2: 1111010111010010000010011110001110111110... 96           0.0051679871
    3: 1111011111011110000000001010001110010010... 97           0.005175245 
    4: 1111011111011010000010001010001110011110... 97           0.0051790101
    5: 1111010111000010010010001010001110010110... 96           0.0051878447
    6: 1111010111010010000010001010001110110010... 95           0.0051969422
    7: 1111010111010010000010001110001110110110... 98           0.0051970766
    8: 1111010111010010100010001010001110110010... 99           0.005198993 
    9: 1111011111011010000010001110001110011110... 96           0.0052016726

Pickling Hall of Fame to: genetic_alg_settings_evolve_halloffame.pkl
Begin 17 of 20 repetitions
Begin 20 generations
gen	nevals	avg       	std        	min       	max       
0  	0     	0.00549579	4.90497e-05	0.00543659	0.00560866
1  	10    	0.00552022	8.7196e-05 	0.00536672	0.00569726
2  	10    	0.00563094	0.000106933	0.00548947	0.00582464
3  	10    	0.00564735	0.00016117 	0.00539121	0.00592477
4  	10    	0.00557358	0.00011426 	0.00542994	0.00584394
5  	10    	0.00560521	0.000177279	0.00542937	0.00605903
6  	10    	0.00562063	0.000210465	0.00544174	0.00620862
7  	10    	0.00555128	0.000121279	0.00536103	0.00579086
8  	10    	0.00557969	0.000162987	0.00535657	0.00594664
9  	10    	0.00562685	0.000206513	0.00541613	0.00602994
10 	10    	0.00558784	0.000197092	0.0054302 	0.00614341
11 	10    	0.00564833	0.000294051	0.00539009	0.00648677
12 	10    	0.00563897	0.000200865	0.00543905	0.0061178 
13 	10    	0.00563257	0.000124286	0.00545202	0.00587535
14 	10    	0.00571132	0.000199582	0.00538752	0.00609684
15 	10    	0.00573816	0.000379794	0.00541759	0.00678874
16 	10    	0.00552402	0.000118586	0.00537799	0.00572891
17 	10    	0.00556611	0.000153988	0.00538154	0.00597038
18 	10    	0.00548961	9.40572e-05	0.0052874 	0.00563976
19 	10    	0.00558932	0.000176634	0.00536665	0.00604193
20 	10    	0.00556449	0.000137348	0.00536718	0.00583441
Runtime: 5.761182459002157 (s)


Final population:
Index: Selected                                    #Selected    CV          
----------------------------------------------------------------------------------------------------
    0: 1111010010110011000000001011001111011010... 100          0.005772635 
    1: 1111010010111111000000001011001111010010... 100          0.0056108457
    2: 1111010010111011000000001011001111010010... 99           0.005508775 
    3: 1111010010111111000000001011001111011010... 99           0.0054330244
    4: 1111010010111111100000001010001111010010... 98           0.0055083905
    5: 1111010010111110000000001011101111011010... 100          0.0058344115
    6: 1111010010111111000000001011001111010010... 100          0.0054796271
    7: 1111010010111011000000001011001111011010... 100          0.0055470543
    8: 1111010010101100100000001011111111010010... 100          0.005582985 
    9: 1111010010111110000000001010001111010010... 97           0.0053671779

Pickling population to: genetic_alg_settings_population_end.pkl

Hall of Fame:
Index: Selected                                    #Selected    CV          
----------------------------------------------------------------------------------------------------
    0: 1111011111011110000000001010001110010010... 98           0.0051267672
    1: 1111010111010010000010001010001110111110... 100          0.0051548448
    2: 1111010111010010000010011110001110111110... 96           0.0051679871
    3: 1111011111011110000000001010001110010010... 97           0.005175245 
    4: 1111011111011010000010001010001110011110... 97           0.0051790101
    5: 1111010111000010010010001010001110010110... 96           0.0051878447
    6: 1111010111010010000010001010001110110010... 95           0.0051969422
    7: 1111010111010010000010001110001110110110... 98           0.0051970766
    8: 1111010111010010100010001010001110110010... 99           0.005198993 
    9: 1111011111011010000010001110001110011110... 96           0.0052016726

Pickling Hall of Fame to: genetic_alg_settings_evolve_halloffame.pkl
Begin 18 of 20 repetitions
Begin 20 generations
gen	nevals	avg       	std        	min       	max       
0  	0     	0.00556449	0.000137348	0.00536718	0.00583441
1  	10    	0.00561523	0.00026218 	0.00543038	0.00635509
2  	10    	0.00555614	0.000158846	0.0053295 	0.00585968
3  	10    	0.00548901	8.9187e-05 	0.00535213	0.00564145
4  	10    	0.00547995	0.000100274	0.0053282 	0.00562398
5  	10    	0.00553781	0.000111062	0.00540921	0.00571148
6  	10    	0.00555274	0.00035305 	0.0052495 	0.00657572
7  	10    	0.00551173	0.000178693	0.00533015	0.00591572
8  	10    	0.00543582	8.55324e-05	0.00529518	0.00558791
9  	10    	0.00553866	0.000142732	0.00539396	0.00592319
10 	10    	0.00543989	0.000132609	0.00531399	0.00578037
11 	10    	0.00545629	0.000133178	0.00531276	0.00578304
12 	10    	0.00534908	9.3234e-05 	0.00525146	0.0055602 
13 	10    	0.00541526	9.22805e-05	0.0052739 	0.00559644
14 	10    	0.00545589	9.70368e-05	0.00527712	0.00558408
15 	10    	0.0054476 	0.000104752	0.00532038	0.00565674
16 	10    	0.00544709	9.8592e-05 	0.00532576	0.00565485
17 	10    	0.00556108	0.000352193	0.005316  	0.00638813
18 	10    	0.00558663	0.000286882	0.0052976 	0.00632483
19 	10    	0.00547687	0.000215334	0.00528163	0.00593168
20 	10    	0.00546013	0.000172095	0.00524241	0.00580899
Runtime: 5.751367919998302 (s)


Final population:
Index: Selected                                    #Selected    CV          
----------------------------------------------------------------------------------------------------
    0: 1111010010111111010010001000001110110010... 97           0.0058089875
    1: 1111010010111111010000001010001110110010... 99           0.0052955839
    2: 1111010010111111010000001110001110110010... 100          0.0055921323
    3: 1111010010111111010000001010001110110010... 98           0.0052855639
    4: 1111010010111111010000001010001110110010... 98           0.0053965742
    5: 1111010010111111010000001010001110110010... 98           0.0052424121
    6: 1111010010111111010000001110001110110010... 100          0.0055415815
    7: 1111010010111111010000001010001110110010... 97           0.0053238933
    8: 1111010010111111010000001010001110110010... 96           0.0056018935
    9: 1111010010101111010000101110001110110010... 96           0.0055126761

Pickling population to: genetic_alg_settings_population_end.pkl

Hall of Fame:
Index: Selected                                    #Selected    CV          
----------------------------------------------------------------------------------------------------
    0: 1111011111011110000000001010001110010010... 98           0.0051267672
    1: 1111010111010010000010001010001110111110... 100          0.0051548448
    2: 1111010111010010000010011110001110111110... 96           0.0051679871
    3: 1111011111011110000000001010001110010010... 97           0.005175245 
    4: 1111011111011010000010001010001110011110... 97           0.0051790101
    5: 1111010111000010010010001010001110010110... 96           0.0051878447
    6: 1111010111010010000010001010001110110010... 95           0.0051969422
    7: 1111010111010010000010001110001110110110... 98           0.0051970766
    8: 1111010111010010100010001010001110110010... 99           0.005198993 
    9: 1111011111011010000010001110001110011110... 96           0.0052016726

Pickling Hall of Fame to: genetic_alg_settings_evolve_halloffame.pkl
Begin 19 of 20 repetitions
Begin 20 generations
gen	nevals	avg       	std        	min       	max       
0  	0     	0.00546013	0.000172095	0.00524241	0.00580899
1  	10    	0.00559133	0.000253492	0.00529156	0.00614491
2  	10    	0.00543313	0.000157892	0.00524737	0.00572387
3  	10    	0.00540815	6.78002e-05	0.00530434	0.00551069
4  	10    	0.00558377	0.000324879	0.00537645	0.00653421
5  	10    	0.00551766	0.000281137	0.00534026	0.006333  
6  	10    	0.00544023	0.000108681	0.00518395	0.00555753
7  	10    	0.00540279	0.000136814	0.0051951 	0.00567289
8  	10    	0.00543873	0.000174172	0.00529324	0.00593228
9  	10    	0.00548804	0.000137567	0.00531086	0.00582166
10 	10    	0.0056387 	0.000395274	0.00529538	0.00651835
11 	10    	0.00551242	0.0003877  	0.00528582	0.006661  
12 	10    	0.00545412	0.000103278	0.00530385	0.00562675
13 	10    	0.00547755	0.000119726	0.0053192 	0.00572331
14 	10    	0.00577152	0.000771502	0.00532281	0.00801242
15 	10    	0.00555481	0.000170485	0.00538807	0.00591414
16 	10    	0.0055567 	0.000185091	0.00532635	0.00594152
17 	10    	0.00560197	0.000186124	0.00539554	0.00597264
18 	10    	0.00559839	0.00016253 	0.00541068	0.00592588
19 	10    	0.00568489	0.000181402	0.0054025 	0.00598947
20 	10    	0.00572848	0.000481598	0.00537221	0.00711669
Runtime: 5.764252850000048 (s)


Final population:
Index: Selected                                    #Selected    CV          
----------------------------------------------------------------------------------------------------
    0: 1111010010111110010000001110101110110010... 99           0.0055070789
    1: 1111010010111110010000001110001111111010... 100          0.0055797876
    2: 1111010010111111010000001110101110110010... 99           0.005372213 
    3: 1111010010111010010100001100001110110010... 98           0.0071166937
    4: 1111010010111110010000001110001111110010... 98           0.0055400925
    5: 1111010010111011010000001110101110110010... 97           0.005541656 
    6: 1111010010111110010000001110001111110010... 98           0.0054793658
    7: 1111010010111110010000001110001111110010... 100          0.005760073 
    8: 1111010010111110010000001110000111110010... 100          0.0058647139
    9: 1111010010111011010000001110001110110010... 94           0.0055231446

Pickling population to: genetic_alg_settings_population_end.pkl

Hall of Fame:
Index: Selected                                    #Selected    CV          
----------------------------------------------------------------------------------------------------
    0: 1111011111011110000000001010001110010010... 98           0.0051267672
    1: 1111010111010010000010001010001110111110... 100          0.0051548448
    2: 1111010111010010000010011110001110111110... 96           0.0051679871
    3: 1111011111011110000000001010001110010010... 97           0.005175245 
    4: 1111011111011010000010001010001110011110... 97           0.0051790101
    5: 1111010010111111010000001110001110110010... 100          0.0051839509
    6: 1111010111000010010010001010001110010110... 96           0.0051878447
    7: 1111010010111111010000001110001110110010... 99           0.0051951023
    8: 1111010111010010000010001010001110110010... 95           0.0051969422
    9: 1111010111010010000010001110001110110110... 98           0.0051970766

Pickling Hall of Fame to: genetic_alg_settings_evolve_halloffame.pkl
Begin 20 of 20 repetitions
Begin 20 generations
gen	nevals	avg       	std        	min       	max       
0  	0     	0.00572848	0.000481598	0.00537221	0.00711669
1  	10    	0.0054974 	9.28018e-05	0.00535385	0.00562749
2  	10    	0.00554447	0.000206878	0.00534171	0.00597118
3  	10    	0.00577262	0.00053983 	0.00540264	0.00702305
4  	10    	0.00569756	0.000439983	0.00532611	0.00688695
5  	10    	0.00586326	0.000575579	0.0054229 	0.0070803 
6  	10    	0.00546598	8.14771e-05	0.00536663	0.0056227 
7  	10    	0.00560371	0.000292442	0.0052987 	0.00641255
8  	10    	0.00549783	0.000119812	0.00537445	0.0058111 
9  	10    	0.00558924	0.000156177	0.00539223	0.00594303
10 	10    	0.00564384	0.000215224	0.00533658	0.00604221
11 	10    	0.0056394 	0.000195133	0.00544174	0.00592799
12 	10    	0.00562894	0.000304748	0.00526859	0.00628393
13 	10    	0.00550437	0.000114307	0.00534233	0.00567006
14 	10    	0.00544757	0.000176449	0.0052491 	0.00586091
15 	10    	0.00569917	0.000465544	0.00530745	0.00694529
16 	10    	0.00557297	0.000183203	0.00527487	0.00587366
17 	10    	0.0055069 	0.000169066	0.00524779	0.00571172
18 	10    	0.00553248	0.000195398	0.00523397	0.00593064
19 	10    	0.00554143	0.000362819	0.00525111	0.00659829
20 	10    	0.00543098	0.000179233	0.005198  	0.00583703
Runtime: 5.760022582999227 (s)


Final population:
Index: Selected                                    #Selected    CV          
----------------------------------------------------------------------------------------------------
    0: 1111010010101110010000001010001111110011... 94           0.0054488644
    1: 1111010010101110010000001010001111110011... 97           0.0054088175
    2: 1111010011111110010100001010001111110011... 100          0.0052445668
    3: 1111010010101110010000001010001101110010... 97           0.0055711955
    4: 1111010010111110010000001010001101110011... 98           0.0052686212
    5: 1111010010011110010000001010001111110010... 100          0.0055516153
    6: 1111010010111110010100001010001101110011... 100          0.0053539196
    7: 1111010010111110010100001010001101110011... 100          0.0054271419
    8: 1111010010111110010000001010001111110011... 99           0.0051979968
    9: 1111010010101110010000001010001101110011... 95           0.0058370296

Pickling population to: genetic_alg_settings_population_end.pkl

Hall of Fame:
Index: Selected                                    #Selected    CV          
----------------------------------------------------------------------------------------------------
    0: 1111011111011110000000001010001110010010... 98           0.0051267672
    1: 1111010111010010000010001010001110111110... 100          0.0051548448
    2: 1111010111010010000010011110001110111110... 96           0.0051679871
    3: 1111011111011110000000001010001110010010... 97           0.005175245 
    4: 1111011111011010000010001010001110011110... 97           0.0051790101
    5: 1111010010111111010000001110001110110010... 100          0.0051839509
    6: 1111010111000010010010001010001110010110... 96           0.0051878447
    7: 1111010010111111010000001110001110110010... 99           0.0051951023
    8: 1111010111010010000010001010001110110010... 95           0.0051969422
    9: 1111010111010010000010001110001110110110... 98           0.0051970766

Pickling Hall of Fame to: genetic_alg_settings_evolve_halloffame.pkl
#   DONE  Runtime: 111.8578854130028 (s)

Adding statistics...
  DONE

Result:
Index: Selected                                    #Selected    CV           RMS          wRMS         Estimator                FeatureSelection         Note
--------------------------------------------------------------------------------------------------------------------------------------------------------------------
    0: 1111011111011110000000001010001110010010... 98           0.0051267672 0.004327014  0.0043464179 LinearRegression         GeneticAlgorithm         
    1: 1111010111010010000010001010001110111110... 100          0.0051548448 0.0043004453 0.0043178207 LinearRegression         GeneticAlgorithm         
    2: 1111010111010010000010011110001110111110... 96           0.0051679871 0.0043526382 0.0043672945 LinearRegression         GeneticAlgorithm         
    3: 1111011111011110000000001010001110010010... 97           0.005175245  0.0043391641 0.0043580854 LinearRegression         GeneticAlgorithm         
    4: 1111011111011010000010001010001110011110... 97           0.0051790101 0.0043135956 0.0043263044 LinearRegression         GeneticAlgorithm         
    5: 1111010010111111010000001110001110110010... 100          0.0051839509 0.00433707   0.0043561027 LinearRegression         GeneticAlgorithm         
    6: 1111010111000010010010001010001110010110... 96           0.0051878447 0.0043167086 0.004330186  LinearRegression         GeneticAlgorithm         
    7: 1111010010111111010000001110001110110010... 99           0.0051951023 0.0043376577 0.0043569128 LinearRegression         GeneticAlgorithm         
    8: 1111010111010010000010001010001110110010... 95           0.0051969422 0.0043613928 0.0043756506 LinearRegression         GeneticAlgorithm         
    9: 1111010111010010000010001110001110110110... 98           0.0051970766 0.0043316239 0.0043524743 LinearRegression         GeneticAlgorithm         

Pickling Hall of Fame to: genetic_alg_settings_halloffame.pkl
