Loading genetic_alg_settings.json
# Hall of Fame size: 10 

# Get problem data...
# wHullDist: Will calculate hull distance: hull_dist(CALCULATED,atom_frac)
# Query requested: ['formation_energy', 'is_calculated', 'corr', 'hull_dist(CALCULATED,atom_frac)']
# Use existing: []
# Querying: ['formation_energy', 'is_calculated', 'corr', 'hull_dist(CALCULATED,atom_frac)']
#   DONE

# Target: formation_energy
# Training samples: 627
# Features: 253 

# Weighting:
{
  "method": "wHullDist",
  "kwargs": {
    "A": 1.05,
    "B": 0.0,
    "kT": 0.01,
    "hull_selection": "CALCULATED"
  }
}

# CV:
{
  "method": "KFold",
  "kwargs": {
    "n_splits": 10,
    "shuffle": true
  },
  "penalty": 0.0
} 

# Writing problem specs to: genetic_alg_settings_specs.pkl
# To inspect or customize the problem specs further, use the '--checkspecs' method

# Estimator:
{
  "method": "LinearRegression",
  "kwargs": {
    "fit_intercept": false
  }
} 

# Feature Selection:
{
  "method": "GeneticAlgorithm",
  "kwargs": {
    "constraints_kwargs": {
      "n_features_max": 100,
      "n_features_min": 3,
      "fix_off": [],
      "fix_on": [
        0,
        1,
        2
      ]
    },
    "selTournamentSize": 3,
    "mutFlipBitProb": 0.01,
    "evolve_params_kwargs": {
      "n_generation": 20,
      "n_repetition": 20,
      "n_features_init": 3,
      "n_population": 10,
      "n_halloffame": 10,
      "halloffame_filename": "evolve_halloffame.pkl",
      "filename_prefix": "genetic_alg_settings"
    },
    "cxUniformProb": 0.5
  }
} 

# Fit and select...
Constructing initial population
Begin 1 of 20 repetitions
Begin 20 generations
gen	nevals	avg      	std       	min      	max      
0  	10    	0.0150026	0.00121396	0.0139406	0.0180998
1  	10    	0.0142532	0.000932637	0.0133472	0.0166005
2  	10    	0.0140446	0.000616864	0.0131747	0.0150769
3  	10    	0.0134569	0.000741292	0.0123524	0.0151607
4  	10    	0.0134185	0.00120697 	0.0118919	0.0152876
5  	10    	0.0132588	0.000697315	0.0124301	0.0147426
6  	10    	0.0126876	0.000739436	0.011831 	0.0145573
7  	10    	0.0119541	0.000842701	0.0100985	0.0132082
8  	10    	0.0112126	0.00127055 	0.00952452	0.0136113
9  	10    	0.0102963	0.00151143 	0.00876592	0.0140256
10 	10    	0.00990902	0.000653073	0.00851456	0.01065  
11 	10    	0.00954764	0.00051388 	0.00862402	0.0103028
12 	10    	0.0092871 	0.000520927	0.00836277	0.0100093
13 	10    	0.00913393	0.000410847	0.00871209	0.0101949
14 	10    	0.00931135	0.000673341	0.00824732	0.0105198
15 	10    	0.0086213 	0.000641158	0.0078832 	0.0101026
16 	10    	0.00847668	0.000302219	0.00790932	0.00892285
17 	10    	0.00832181	0.000512525	0.00743203	0.00904928
18 	10    	0.00797149	0.000236162	0.0075272 	0.00827089
19 	10    	0.00782962	0.00043503 	0.00729089	0.00861684
20 	10    	0.00766698	0.00026743 	0.00731801	0.00816725
Runtime: 2.8333182300011686 (s)


Final population:
Index: Selected                                    #Selected    CV          
----------------------------------------------------------------------------------------------------
    0: 1111100010011000000001000010000100100000... 51           0.0076949928
    1: 1111100010011000000001000010000100100000... 54           0.0076773866
    2: 1111100010111000000001000110010100100000... 53           0.0075142623
    3: 1111100000010001000001000110000110100001... 57           0.0073197102
    4: 1111100010011000000001000010000110000000... 55           0.007953616 
    5: 1111100010011000000001000010000101100000... 54           0.0074933262
    6: 1111100010011001000001000010010100100001... 59           0.0079480385
    7: 1111100010010000000001000110000100100000... 51           0.0081672473
    8: 1111101010010000000001000010010110100000... 55           0.0073180081
    9: 1111100000111001000011000110000100100001... 54           0.0075831998

Pickling population to: genetic_alg_settings_population_end.pkl

Hall of Fame:
Index: Selected                                    #Selected    CV          
----------------------------------------------------------------------------------------------------
    0: 1111100000111000000001000110000100100000... 55           0.0072908949
    1: 1111101010010000000001000010010110100000... 55           0.0073180081
    2: 1111100000010001000001000110000110100001... 57           0.0073197102
    3: 1111100010011000000001000010000100100000... 51           0.0073751956
    4: 1111100010010001000001000110010100100001... 55           0.0074167986
    5: 1111100010011000000001000110000100000000... 51           0.0074320347
    6: 1111100010011000000001000010000101100000... 54           0.0074933262
    7: 1111100010111000000001000110010100100000... 53           0.0075142623
    8: 1111100010010001000001000010010110100001... 50           0.0075147371
    9: 1111100010010001000001000010010110100001... 49           0.0075272038

Pickling Hall of Fame to: genetic_alg_settings_evolve_halloffame.pkl
Begin 2 of 20 repetitions
Begin 20 generations
gen	nevals	avg       	std       	min       	max       
0  	0     	0.00766698	0.00026743	0.00731801	0.00816725
1  	10    	0.00769382	0.000444806	0.00726356	0.00889713
2  	10    	0.00760409	0.000350325	0.00702362	0.00798298
3  	10    	0.00774512	0.000536037	0.0071389 	0.00917644
4  	10    	0.00752039	0.000312475	0.00684491	0.00803611
5  	10    	0.0072775 	0.000317318	0.00650757	0.00775276
6  	10    	0.00769199	0.00030871 	0.00732754	0.00829508
7  	10    	0.00766626	0.000272367	0.00724985	0.00809033
8  	10    	0.00769377	0.000223958	0.00732112	0.00797412
9  	10    	0.00748635	0.000286999	0.00709493	0.00786272
10 	10    	0.00754553	0.000259134	0.00724862	0.00804167
11 	10    	0.00755489	0.000392471	0.00655712	0.00810233
12 	10    	0.00711696	0.000367448	0.00671936	0.00791447
13 	10    	0.00689856	0.000416462	0.00636282	0.00762533
14 	10    	0.00703059	0.00057062 	0.00629457	0.00822296
15 	10    	0.00676227	0.000260277	0.00630531	0.00726751
16 	10    	0.00702133	0.000306459	0.00668051	0.00771266
17 	10    	0.00710505	0.000427289	0.00652808	0.00776097
18 	10    	0.00719253	0.000670369	0.00671548	0.00910338
19 	10    	0.00697621	0.000353772	0.00654607	0.00756254
20 	10    	0.00723525	0.000317978	0.00672004	0.00768836
Runtime: 4.269750988998567 (s)


Final population:
Index: Selected                                    #Selected    CV          
----------------------------------------------------------------------------------------------------
    0: 1111101110010000000001001011001110100000... 78           0.0068999813
    1: 1111111100010000000001001010010110100000... 73           0.007524866 
    2: 1111101100010000000001001010011110100000... 77           0.0072332187
    3: 1111101110010000000001001011000110100000... 72           0.0067200379
    4: 1111101110010000000011001011000110000000... 77           0.0071986809
    5: 1111101110010000000011001011000110010000... 81           0.0067989485
    6: 1111101100010000000001001010011110100000... 67           0.007457337 
    7: 1111101100010000000001001010011110100000... 74           0.0072776248
    8: 1111101110010010000101001011000110100000... 75           0.0075534524
    9: 1111101100010100000001001010011110000000... 75           0.0076883553

Pickling population to: genetic_alg_settings_population_end.pkl

Hall of Fame:
Index: Selected                                    #Selected    CV          
----------------------------------------------------------------------------------------------------
    0: 1111101110010000000001001010000110000000... 71           0.0062945668
    1: 1111101110010000000001001110010110100000... 79           0.0063053137
    2: 1111101110010000000001001010010110100000... 79           0.0063628233
    3: 1111101110010000000001001010001110100000... 76           0.0063681933
    4: 1111101110010000000001001010000110000000... 70           0.0065046606
    5: 1111101110010000000101100010010110000000... 68           0.00650757  
    6: 1111101110000000000001001010000110000000... 71           0.0065252929
    7: 1111101110010000000001001010000110000000... 69           0.0065280794
    8: 1111101110010000000001001011000110000000... 75           0.0065460683
    9: 1111111110000000000001001010000110000000... 70           0.0065562456

Pickling Hall of Fame to: genetic_alg_settings_evolve_halloffame.pkl
Begin 3 of 20 repetitions
Begin 20 generations
gen	nevals	avg       	std        	min       	max       
0  	0     	0.00723525	0.000317978	0.00672004	0.00768836
1  	10    	0.00679967	0.000481073	0.00615492	0.00759594
2  	10    	0.00664318	0.00034893 	0.00617144	0.00712371
3  	10    	0.00675436	0.000336719	0.00621723	0.00728394
4  	10    	0.00692823	0.000439795	0.00620405	0.00798133
5  	10    	0.00678234	0.000306216	0.0063145 	0.00745329
6  	10    	0.00685403	0.000345708	0.00630778	0.00762804
7  	10    	0.00665205	0.000360894	0.00616364	0.0074052 
8  	10    	0.00688415	0.000716855	0.00629021	0.00895945
9  	10    	0.00672887	0.000198032	0.0064081 	0.00710294
10 	10    	0.00676128	0.000298713	0.00617073	0.00715592
11 	10    	0.00689768	0.00047458 	0.00606248	0.00765277
12 	10    	0.00678439	0.000259738	0.00626839	0.00720451
13 	10    	0.00649119	0.000316696	0.00588414	0.00695928
14 	10    	0.00649917	0.000458608	0.00593959	0.00753752
15 	10    	0.00654566	0.000359177	0.00619302	0.00720723
16 	10    	0.00645067	0.000437626	0.00585849	0.00730598
17 	10    	0.00626194	0.000501889	0.00563915	0.00735696
18 	10    	0.00604869	0.000391413	0.00566153	0.00672634
19 	10    	0.00632482	0.000811551	0.00545168	0.0085297 
20 	10    	0.00606547	0.000156859	0.00584084	0.00637036
Runtime: 5.306094421001035 (s)


Final population:
Index: Selected                                    #Selected    CV          
----------------------------------------------------------------------------------------------------
    0: 1111101010011000010111001010001110110000... 94           0.0060454323
    1: 1111101110010000010011001011000110110010... 100          0.0060020778
    2: 1111101110011000010011001011000110110000... 95           0.0063703556
    3: 1111101110011000010011001011000110110000... 95           0.0060588931
    4: 1111101010001000000111001010001110110000... 96           0.0059088268
    5: 1111101110010000010011001011000110110100... 100          0.0060407556
    6: 1111101110001000010011001010000110110000... 94           0.0058408384
    7: 1111001110011000011111001011000110110000... 97           0.0063097391
    8: 1111101110110000010111001000000110110000... 95           0.0061161729
    9: 1111101110001001000011001011100110110000... 92           0.0059616215

Pickling population to: genetic_alg_settings_population_end.pkl

Hall of Fame:
Index: Selected                                    #Selected    CV          
----------------------------------------------------------------------------------------------------
    0: 1111101110001000010111001010000110110000... 94           0.0054516814
    1: 1111101110010000010011001011000110110000... 90           0.0056391451
    2: 1111101110011000010011001011000110110000... 94           0.0056615312
    3: 1111101110010000010011001011001110110010... 100          0.0056929875
    4: 1111101010010000010011001011001110110000... 95           0.0057145098
    5: 1111101110010000010011001011000110111000... 92           0.0057188532
    6: 1111101110011000010011001011000110110000... 95           0.0057588033
    7: 1111101010011000010011001011001110110000... 95           0.0057978197
    8: 1111101110010000000011001011001110110000... 95           0.0058140639
    9: 1111101010010000010011001011001110110000... 96           0.0058165757

Pickling Hall of Fame to: genetic_alg_settings_evolve_halloffame.pkl
Begin 4 of 20 repetitions
Begin 20 generations
gen	nevals	avg       	std        	min       	max       
0  	0     	0.00606547	0.000156859	0.00584084	0.00637036
1  	10    	0.0063078 	0.000344361	0.00574382	0.00686145
2  	10    	0.0063111 	0.000309667	0.0057974 	0.00673461
3  	10    	0.0060967 	0.00047403 	0.00552467	0.00716073
4  	10    	0.00623807	0.000287222	0.0058096 	0.0066471 
5  	10    	0.00603237	0.000188665	0.00568403	0.00642705
6  	10    	0.00627829	0.000482035	0.005775  	0.00714255
7  	10    	0.00582241	0.000315501	0.00546858	0.00646896
8  	10    	0.0059437 	0.000205417	0.00562023	0.00622147
9  	10    	0.00589587	0.000324027	0.00542483	0.00665208
10 	10    	0.00617027	0.000507302	0.00532308	0.00687958
11 	10    	0.00599095	0.000298724	0.00561584	0.00673142
12 	10    	0.00664201	0.000493785	0.00592046	0.00742713
13 	10    	0.00651663	0.000534337	0.00563876	0.00724088
14 	10    	0.00622856	0.000459993	0.00555429	0.00703036
15 	10    	0.00603043	0.000296181	0.00562222	0.00662349
16 	10    	0.00631391	0.000492872	0.00578168	0.00748088
17 	10    	0.00595004	0.000340429	0.00546476	0.00660375
18 	10    	0.00614035	0.000455827	0.00556585	0.00693215
19 	10    	0.0059304 	0.000484419	0.00516525	0.00703482
20 	10    	0.00579329	0.000269003	0.00537221	0.00614303
Runtime: 5.73445705499762 (s)


Final population:
Index: Selected                                    #Selected    CV          
----------------------------------------------------------------------------------------------------
    0: 1111001110011000000011001010100110110010... 97           0.0053722111
    1: 1111010111011000000011001010101110110010... 100          0.0061430328
    2: 1111101110011000000011001010100110110010... 95           0.0056418845
    3: 1111001110011000000010001010100110110010... 100          0.0060728422
    4: 1111001111011000000011001010101110110010... 99           0.0055565458
    5: 1111001111011000000011001010101110010010... 99           0.0055259158
    6: 1111001110011000000011001010100110110010... 97           0.005908544 
    7: 1111101110011000000110001010100110110010... 99           0.0060551527
    8: 1111001110011000000011001010100111110010... 100          0.0055927116
    9: 1111001110011000000111001010100110110010... 99           0.0060640364

Pickling population to: genetic_alg_settings_population_end.pkl

Hall of Fame:
Index: Selected                                    #Selected    CV          
----------------------------------------------------------------------------------------------------
    0: 1111001110011000000111001010100110110010... 99           0.0051652502
    1: 1111001110011000000011001010000110110010... 98           0.0053230826
    2: 1111001110011000000011001010100110110010... 97           0.0053722111
    3: 1111001110001000000011001010000110110010... 100          0.0054248262
    4: 1111101110001000010111001010000110110000... 94           0.0054516814
    5: 1111101110011000000011001010100110111010... 100          0.0054647622
    6: 1111101110001000010111001000000100110010... 98           0.005468584 
    7: 1111101110001000000011001010000110110010... 99           0.0055171451
    8: 1111101110001000000011001011100110110000... 94           0.0055246669
    9: 1111001111011000000011001010101110010010... 99           0.0055259158

Pickling Hall of Fame to: genetic_alg_settings_evolve_halloffame.pkl
Begin 5 of 20 repetitions
Begin 20 generations
gen	nevals	avg       	std        	min       	max       
0  	0     	0.00579329	0.000269003	0.00537221	0.00614303
1  	10    	0.00588568	0.000459793	0.00528112	0.00711701
2  	10    	0.00589879	0.000405923	0.0051681 	0.00647951
3  	10    	0.00579637	0.000255146	0.00530454	0.0063277 
4  	10    	0.00581722	0.000280708	0.00539921	0.00623659
5  	10    	0.00583843	0.00028939 	0.00543657	0.00637204
6  	10    	0.00613631	0.00067422 	0.00543796	0.00780039
7  	10    	0.00594815	0.000338215	0.00556449	0.00661116
8  	10    	0.005964  	0.000326708	0.00553647	0.00666528
9  	10    	0.00575737	0.000279148	0.00538385	0.00614084
10 	10    	0.00578653	0.000200589	0.0055221 	0.0062518 
11 	10    	0.00596291	0.000430914	0.00531588	0.0068074 
12 	10    	0.00574173	0.000190367	0.00541773	0.00604009
13 	10    	0.00581392	0.000377201	0.00521781	0.00639217
14 	10    	0.00591929	0.000491472	0.00521422	0.00690813
15 	10    	0.00572304	0.000312537	0.00530895	0.00625318
16 	10    	0.00599962	0.000296632	0.00557444	0.00647985
17 	10    	0.00597262	0.00034297 	0.00561865	0.00691068
18 	10    	0.00612192	0.000468114	0.00566366	0.00721198
19 	10    	0.00610947	0.000375896	0.00549245	0.006619  
20 	10    	0.00598341	0.000407406	0.0052252 	0.00656604
Runtime: 5.690561643001274 (s)


Final population:
Index: Selected                                    #Selected    CV          
----------------------------------------------------------------------------------------------------
    0: 1111101110011000000010001010100110111001... 97           0.0057464717
    1: 1111001111111000000010001010110110110110... 99           0.006105833 
    2: 1111101100011000010010001010100110110010... 100          0.0060563132
    3: 1111101110011010000010001010100110110010... 98           0.0062626619
    4: 1111001101011000000000001010100111010000... 96           0.0058233836
    5: 1111001101011000000000001010100111010000... 96           0.0065660398
    6: 1111101110011000000010001010100110110010... 97           0.0060170541
    7: 1111101110011011010010001010100110010010... 100          0.0052252032
    8: 1111001100011010010000001010100110110010... 96           0.0065457884
    9: 1111101111011000000010001110100111010000... 98           0.0054853871

Pickling population to: genetic_alg_settings_population_end.pkl

Hall of Fame:
Index: Selected                                    #Selected    CV          
----------------------------------------------------------------------------------------------------
    0: 1111001110011000000111001010100110110010... 99           0.0051652502
    1: 1111101110011000000010001010100110100010... 99           0.0051681042
    2: 1111001110011000000000001010100110110010... 94           0.0052142184
    3: 1111101111011000000010001010100110110010... 98           0.0052178082
    4: 1111101110011011010010001010100110010010... 100          0.0052252032
    5: 1111101110011000000110001010100110110010... 98           0.0052811216
    6: 1111101110011000000010001010100110110010... 98           0.0053045388
    7: 1111101110011000000010101010000110110000... 97           0.005308342 
    8: 1111001110011000000000001010100110110010... 95           0.0053089457
    9: 1111101110011000000010101010000100111000... 99           0.005315875 

Pickling Hall of Fame to: genetic_alg_settings_evolve_halloffame.pkl
Begin 6 of 20 repetitions
Begin 20 generations
gen	nevals	avg       	std        	min      	max       
0  	0     	0.00598341	0.000407406	0.0052252	0.00656604
1  	10    	0.00601249	0.000356843	0.00558583	0.00669973
2  	10    	0.00585065	0.000238149	0.00547001	0.00639422
3  	10    	0.00599408	0.000472693	0.00540563	0.00722452
4  	10    	0.00601016	0.000291875	0.00553813	0.00647856
5  	10    	0.00587405	0.000367999	0.00535843	0.00648318
6  	10    	0.0058332 	0.000279475	0.00548109	0.00637089
7  	10    	0.0059096 	0.000235396	0.0056421 	0.00652082
8  	10    	0.00600295	0.000347159	0.00558893	0.00684798
9  	10    	0.00609877	0.000421797	0.00563673	0.00720652
10 	10    	0.00600019	0.000330223	0.00558226	0.00645203
11 	10    	0.00599865	0.000466994	0.00532243	0.00706796
12 	10    	0.0061915 	0.000403049	0.00561098	0.00708311
13 	10    	0.00596823	0.000424251	0.00539844	0.00677882
14 	10    	0.0058078 	0.000298809	0.00554002	0.00647898
15 	10    	0.00581346	0.00055676 	0.00511192	0.00704602
16 	10    	0.00594435	0.00024051 	0.00538425	0.00623409
17 	10    	0.00587646	0.00031688 	0.00540088	0.00651416
18 	10    	0.00585192	0.000375392	0.00527494	0.00657571
19 	10    	0.00599195	0.000463311	0.00541537	0.00697535
20 	10    	0.00575669	0.000293716	0.0052944 	0.006195  
Runtime: 5.7052427569979045 (s)


Final population:
Index: Selected                                    #Selected    CV          
----------------------------------------------------------------------------------------------------
    0: 1111101110010010000000001010000111101010... 96           0.0057824753
    1: 1111101010010010000010101010100110101010... 94           0.0059172338
    2: 1111101000010010000010001010000110101010... 96           0.0060340937
    3: 1111101010010010000010001010000110101010... 97           0.0056598375
    4: 1111111110010010000010001010000110101010... 98           0.0054156084
    5: 1111111110010010000010001010000110101010... 96           0.0052944002
    6: 1111101110010010000010101010000100101010... 95           0.0060956952
    7: 1111111110010010000010001010000111101000... 97           0.0061950003
    8: 1111101110010010000010101010100111101010... 96           0.0057517469
    9: 1111111110010010000000001010000110101010... 96           0.0054208212

Pickling population to: genetic_alg_settings_population_end.pkl

Hall of Fame:
Index: Selected                                    #Selected    CV          
----------------------------------------------------------------------------------------------------
    0: 1111101110010010000010001010100110101010... 100          0.005111918 
    1: 1111001110011000000111001010100110110010... 99           0.0051652502
    2: 1111101110011000000010001010100110100010... 99           0.0051681042
    3: 1111001110011000000000001010100110110010... 94           0.0052142184
    4: 1111101111011000000010001010100110110010... 98           0.0052178082
    5: 1111101110011011010010001010100110010010... 100          0.0052252032
    6: 1111101110010010000010001010000111001010... 98           0.0052749434
    7: 1111101110011000000110001010100110110010... 98           0.0052811216
    8: 1111111110010010000010001010000110101010... 96           0.0052944002
    9: 1111101110011000000010001010100110110010... 98           0.0053045388

Pickling Hall of Fame to: genetic_alg_settings_evolve_halloffame.pkl
Begin 7 of 20 repetitions
Begin 20 generations
gen	nevals	avg       	std        	min      	max     
0  	0     	0.00575669	0.000293716	0.0052944	0.006195
1  	10    	0.00565023	0.000261909	0.00526831	0.0060314
2  	10    	0.00563358	0.000166274	0.00542217	0.00592595
3  	10    	0.00563514	0.000222399	0.00526338	0.00609639
4  	10    	0.00568923	0.000288826	0.0052118 	0.00620912
5  	10    	0.00559618	0.000274426	0.00529439	0.0061035 
6  	10    	0.00557043	0.00020379 	0.00525892	0.00584902
7  	10    	0.00559811	0.00025423 	0.00530283	0.00610728
8  	10    	0.00558266	0.000286937	0.00518448	0.00612239
9  	10    	0.00568902	0.00036025 	0.00522669	0.00635081
10 	10    	0.00547418	0.000211741	0.0052265 	0.00595249
11 	10    	0.00600728	0.000839969	0.00525765	0.00843312
12 	10    	0.00574957	0.00035711 	0.00517807	0.00647845
13 	10    	0.00560805	0.000139402	0.00534194	0.00583104
14 	10    	0.00576896	0.000290298	0.00543349	0.00640006
15 	10    	0.00565692	0.000220348	0.00517595	0.0059456 
16 	10    	0.00583001	0.000374505	0.00508722	0.00644044
17 	10    	0.00568371	0.000432625	0.00511295	0.00648749
18 	10    	0.00563804	0.000277505	0.0052667 	0.00618268
19 	10    	0.00551418	0.000271608	0.00512438	0.00589205
20 	10    	0.00551406	0.000264625	0.00522947	0.00614801
Runtime: 5.722542359999352 (s)


Final population:
Index: Selected                                    #Selected    CV          
----------------------------------------------------------------------------------------------------
    0: 1111011111000010000010001010100110101011... 97           0.0052713955
    1: 1111011111010010000010001010000111101011... 100          0.0054430228
    2: 1111011111010010000100001010100110101011... 93           0.0058152988
    3: 1111011111000010000010001010100101101011... 100          0.005436875 
    4: 1111011111010010000010001010000111101011... 99           0.0055309245
    5: 1111011111010110000010001010000110001011... 95           0.0061480135
    6: 1111011111010010000010001010100110001011... 99           0.0054912853
    7: 1111011111010010000010001010100110001011... 100          0.0052782396
    8: 1111011111010010000010001010100110001011... 98           0.0054960802
    9: 1111011111010010000010001010100110001011... 96           0.0052294681

Pickling population to: genetic_alg_settings_population_end.pkl

Hall of Fame:
Index: Selected                                    #Selected    CV          
----------------------------------------------------------------------------------------------------
    0: 1111011111010010000010001010000110001011... 93           0.005087224 
    1: 1111101110010010000010001010100110101010... 100          0.005111918 
    2: 1111011111010010000010001010000110001011... 93           0.0051129507
    3: 1111011111010010000000001010100101101011... 97           0.0051243848
    4: 1111011111010110000010001010000110001011... 94           0.0051290177
    5: 1111001110011000000111001010100110110010... 99           0.0051652502
    6: 1111101110011000000010001010100110100010... 99           0.0051681042
    7: 1111011111010010000010001010000110001011... 99           0.0051759544
    8: 1111011111010010000010001010100111101011... 100          0.0051780712
    9: 1111011111010010000010001010100111101011... 96           0.0051844808

Pickling Hall of Fame to: genetic_alg_settings_evolve_halloffame.pkl
Begin 8 of 20 repetitions
Begin 20 generations
gen	nevals	avg       	std        	min       	max       
0  	0     	0.00551406	0.000264625	0.00522947	0.00614801
1  	10    	0.00569985	0.000459362	0.00506845	0.00681203
2  	10    	0.0058592 	0.000409436	0.00552082	0.00683495
3  	10    	0.00573564	0.000241082	0.00533201	0.00602365
4  	10    	0.00592553	0.000509801	0.00529127	0.00722172
5  	10    	0.00571287	0.000350581	0.00522733	0.0064995 
6  	10    	0.00567931	0.000274008	0.00524684	0.00612669
7  	10    	0.00555039	0.000348719	0.00509152	0.00618164
8  	10    	0.00550064	0.0003482  	0.00513897	0.0064288 
9  	10    	0.00560507	0.000373902	0.00514604	0.00625911
10 	10    	0.00569057	0.000277971	0.00521405	0.00614421
11 	10    	0.00553181	0.000370007	0.0050923 	0.00639674
12 	10    	0.00568648	0.00038467 	0.00520217	0.00635119
13 	10    	0.00577719	0.000378706	0.00506594	0.00632955
14 	10    	0.00562719	0.000181699	0.00538944	0.00592761
15 	10    	0.00572304	0.000327828	0.00525895	0.00613873
16 	10    	0.00566583	0.000352139	0.0051765 	0.00620684
17 	10    	0.005668  	0.000274038	0.00519401	0.00616111
18 	10    	0.00589051	0.000508767	0.00536959	0.00703465
19 	10    	0.00564382	0.000461907	0.0051117 	0.00650069
20 	10    	0.0055332 	0.000193474	0.00527265	0.00581818
Runtime: 5.740577358999872 (s)


Final population:
Index: Selected                                    #Selected    CV          
----------------------------------------------------------------------------------------------------
    0: 1111010101000010000010001000100100000011... 94           0.0052937337
    1: 1111010101000010000010001000100100000011... 96           0.0054766228
    2: 1111010101000010000010001010100110000011... 92           0.0052726492
    3: 1111000101000010000010001001101100000011... 97           0.0057913627
    4: 1111000101000000000010001010000110010011... 95           0.0055389071
    5: 1111000101000010001010001010101110010011... 99           0.0058181819
    6: 1111000101000000001010001000101100000011... 93           0.0053431328
    7: 1111010101000010000010001010100110110011... 100          0.0055958688
    8: 1111000001000000001010001010101110010011... 100          0.0057570059
    9: 1111000101000000001010001010100110010011... 98           0.0054445821

Pickling population to: genetic_alg_settings_population_end.pkl

Hall of Fame:
Index: Selected                                    #Selected    CV          
----------------------------------------------------------------------------------------------------
    0: 1111010101000010000010001010100110000011... 96           0.0050659429
    1: 1111011111000010000010001010100110001011... 94           0.0050684502
    2: 1111011111010010000010001010000110001011... 93           0.005087224 
    3: 1111010111000010000010001010100110000011... 98           0.0050915221
    4: 1111010101000010000000001010100110000011... 93           0.0050923048
    5: 1111010101000010010010001010100110000011... 99           0.0050936301
    6: 1111010101000010000010001000100100000011... 94           0.005111703 
    7: 1111101110010010000010001010100110101010... 100          0.005111918 
    8: 1111011111010010000010001010000110001011... 93           0.0051129507
    9: 1111011111010010000000001010100101101011... 97           0.0051243848

Pickling Hall of Fame to: genetic_alg_settings_evolve_halloffame.pkl
Begin 9 of 20 repetitions
Begin 20 generations
gen	nevals	avg      	std        	min       	max       
0  	0     	0.0055332	0.000193474	0.00527265	0.00581818
1  	10    	0.00567117	0.000492195	0.00526711	0.00682138
2  	10    	0.00595781	0.000518297	0.00525164	0.00697769
3  	10    	0.00579626	0.000372167	0.00525171	0.00634901
4  	10    	0.00569181	0.000259118	0.00523461	0.00619999
5  	10    	0.0057691 	0.000193804	0.00544082	0.00607916
6  	10    	0.00579988	0.000481495	0.00524306	0.00706742
7  	10    	0.0057357 	0.000326975	0.00538571	0.00646796
8  	10    	0.00588457	0.000268137	0.00543741	0.0063077 
9  	10    	0.00560041	0.000442693	0.00516639	0.00672462
10 	10    	0.00560087	0.000270509	0.00532273	0.00628827
11 	10    	0.00567396	0.000279954	0.00526831	0.00641744
12 	10    	0.00563309	0.00020767 	0.00536721	0.00609244
13 	10    	0.00566025	0.00023914 	0.00536785	0.00608338
14 	10    	0.00595282	0.000574934	0.0051532 	0.00714988
15 	10    	0.00544313	0.000180647	0.00507132	0.00564254
16 	10    	0.0055158 	0.000236525	0.00520709	0.00591448
17 	10    	0.00578391	0.000456041	0.00523354	0.0066955 
18 	10    	0.00603323	0.000807314	0.00529088	0.00833249
19 	10    	0.00571448	0.00050114 	0.00532728	0.0071003 
20 	10    	0.00570849	0.000276427	0.00515739	0.00600609
Runtime: 5.717043712000304 (s)


Final population:
Index: Selected                                    #Selected    CV          
----------------------------------------------------------------------------------------------------
    0: 1111000101000000000010001001100100011011... 97           0.005769416 
    1: 1111000101000100000111001011100110011011... 98           0.0051573897
    2: 1111000101000000000111001011100110011011... 99           0.005916818 
    3: 1111000101000000000010011011100100011011... 99           0.0054177263
    4: 1111000101100000000111001001101100011011... 98           0.0058971545
    5: 1111000100000100000111001011100100011011... 97           0.0060060938
    6: 1111000101000000000110001001100100011011... 99           0.0053869253
    7: 1111000101000000000011001011100110011011... 95           0.0056760439
    8: 1111000101100000000111001001101100011011... 99           0.0058887781
    9: 1111000100000100000111001011100100011011... 99           0.0059685398

Pickling population to: genetic_alg_settings_population_end.pkl

Hall of Fame:
Index: Selected                                    #Selected    CV          
----------------------------------------------------------------------------------------------------
    0: 1111010101000010000010001010100110000011... 96           0.0050659429
    1: 1111011111000010000010001010100110001011... 94           0.0050684502
    2: 1111000101000000000010001001101110011011... 99           0.0050713178
    3: 1111011111010010000010001010000110001011... 93           0.005087224 
    4: 1111010111000010000010001010100110000011... 98           0.0050915221
    5: 1111010101000010000000001010100110000011... 93           0.0050923048
    6: 1111010101000010010010001010100110000011... 99           0.0050936301
    7: 1111010101000010000010001000100100000011... 94           0.005111703 
    8: 1111101110010010000010001010100110101010... 100          0.005111918 
    9: 1111011111010010000010001010000110001011... 93           0.0051129507

Pickling Hall of Fame to: genetic_alg_settings_evolve_halloffame.pkl
Begin 10 of 20 repetitions
Begin 20 generations
gen	nevals	avg       	std        	min       	max       
0  	0     	0.00570849	0.000276427	0.00515739	0.00600609
1  	10    	0.00561301	0.000325042	0.00511945	0.00618315
2  	10    	0.00546276	0.000229707	0.0049634 	0.00572755
3  	10    	0.00554594	0.000406233	0.00501329	0.00656164
4  	10    	0.0055601 	0.00045106 	0.00492142	0.00658894
5  	10    	0.00550187	0.000368891	0.00486102	0.00625539
6  	10    	0.00558018	0.00048462 	0.00514455	0.00657027
7  	10    	0.00547558	0.000230063	0.00512187	0.00579165
8  	10    	0.00541165	0.000133783	0.00519475	0.00564391
9  	10    	0.00548573	0.000325647	0.00508355	0.0060519 
10 	10    	0.00554292	0.000319947	0.00489868	0.00621731
11 	10    	0.00572566	0.000323577	0.00518758	0.00635647
12 	10    	0.00581404	0.00055745 	0.00512763	0.00669346
13 	10    	0.00570001	0.000232112	0.0052792 	0.00618733
14 	10    	0.00582344	0.000243973	0.00543423	0.00628902
15 	10    	0.00552992	0.000392668	0.00511353	0.00619791
16 	10    	0.0055713 	0.00037392 	0.00509164	0.00643405
17 	10    	0.00555219	0.000226372	0.00519676	0.00595829
18 	10    	0.00583708	0.000306589	0.00540729	0.00654144
19 	10    	0.0058282 	0.000482381	0.00522669	0.00666839
20 	10    	0.00569671	0.00020767 	0.00531145	0.00613527
Runtime: 5.747517578998668 (s)


Final population:
Index: Selected                                    #Selected    CV          
----------------------------------------------------------------------------------------------------
    0: 1111000001000101000100001011110111000011... 99           0.0057355678
    1: 1111000101000101100110001011100111000111... 100          0.0054943063
    2: 1111000101000101000110001011100111000011... 94           0.0056929835
    3: 1111000001000101000110001011100111000011... 100          0.0055876281
    4: 1111000001000101000110001011100111000011... 98           0.0053114461
    5: 1111000101000101000110011011100111000011... 100          0.0056315622
    6: 1111000101000101000110001011101111000010... 97           0.0057729716
    7: 1111000001000101000110011011101111000010... 100          0.0057602223
    8: 1111000001000101000110001011101111000010... 96           0.006135268 
    9: 1111000100000101000110001011101111000010... 100          0.0058451127

Pickling population to: genetic_alg_settings_population_end.pkl

Hall of Fame:
Index: Selected                                    #Selected    CV          
----------------------------------------------------------------------------------------------------
    0: 1111000101000101000011001011100111001011... 97           0.0048610189
    1: 1111000101010001000111001010100110001011... 100          0.0048986779
    2: 1111000101000101000011001011100111001011... 96           0.0049214219
    3: 1111000101000100000011001011100110001011... 93           0.0049634019
    4: 1111000101000101000111001011100110001011... 99           0.005013169 
    5: 1111000101000100000111001011100110001011... 97           0.0050132862
    6: 1111010101000010000010001010100110000011... 96           0.0050659429
    7: 1111011111000010000010001010100110001011... 94           0.0050684502
    8: 1111000101000000000010001001101110011011... 99           0.0050713178
    9: 1111000101000101000110001011100110001011... 97           0.0050835541

Pickling Hall of Fame to: genetic_alg_settings_evolve_halloffame.pkl
Begin 11 of 20 repetitions
Begin 20 generations
gen	nevals	avg       	std       	min       	max       
0  	0     	0.00569671	0.00020767	0.00531145	0.00613527
1  	10    	0.00587377	0.000324085	0.00539153	0.006457  
2  	10    	0.00575698	0.000350702	0.00531918	0.00655266
3  	10    	0.00597213	0.000394055	0.0053577 	0.00684649
4  	10    	0.00584118	0.000479061	0.0051953 	0.00691535
5  	10    	0.0058447 	0.000299568	0.0054315 	0.00639642
6  	10    	0.00592402	0.00044449 	0.00537371	0.00702148
7  	10    	0.00572667	0.000198305	0.0053231 	0.00593029
8  	10    	0.0058787 	0.000470167	0.00528665	0.00677881
9  	10    	0.00602095	0.000583859	0.00548241	0.00749313
10 	10    	0.00586776	0.000382784	0.00528784	0.0067163 
11 	10    	0.00585688	0.000234236	0.00550491	0.00636296
12 	10    	0.00608301	0.000453804	0.00548413	0.00709896
13 	10    	0.0058168 	0.000581826	0.00520757	0.00697313
14 	10    	0.00642289	0.000674608	0.00518509	0.00748753
15 	10    	0.00626541	0.000599513	0.00563908	0.00727931
16 	10    	0.00588122	0.000368212	0.00548555	0.0068619 
17 	10    	0.00588677	0.000282024	0.0054741 	0.00628833
18 	10    	0.00586626	0.000304688	0.00535578	0.00645529
19 	10    	0.00582754	0.000319112	0.00545604	0.00668243
20 	10    	0.00569623	0.000288406	0.00525164	0.00631954
Runtime: 5.9181927099998575 (s)


Final population:
Index: Selected                                    #Selected    CV          
----------------------------------------------------------------------------------------------------
    0: 1111000101100000100111001011100101000001... 100          0.0058325641
    1: 1111000101100000100111001011100011010001... 97           0.0055508808
    2: 1111000101100000100111001011100101010001... 95           0.0054975513
    3: 1111000101100000100111001011100101010001... 100          0.0059334751
    4: 1111000101100100100111001011100101010001... 100          0.0054944206
    5: 1111000101100000100111001011100111010001... 97           0.0052516427
    6: 1111000101100000100111001011100101010001... 97           0.0063195429
    7: 1111000101100000100111001011100111010001... 100          0.0055310777
    8: 1111000101100000100111001011100111010001... 100          0.0056540188
    9: 1111000101100010100111001011100001010001... 97           0.0058970984

Pickling population to: genetic_alg_settings_population_end.pkl

Hall of Fame:
Index: Selected                                    #Selected    CV          
----------------------------------------------------------------------------------------------------
    0: 1111000101000101000011001011100111001011... 97           0.0048610189
    1: 1111000101010001000111001010100110001011... 100          0.0048986779
    2: 1111000101000101000011001011100111001011... 96           0.0049214219
    3: 1111000101000100000011001011100110001011... 93           0.0049634019
    4: 1111000101000101000111001011100110001011... 99           0.005013169 
    5: 1111000101000100000111001011100110001011... 97           0.0050132862
    6: 1111010101000010000010001010100110000011... 96           0.0050659429
    7: 1111011111000010000010001010100110001011... 94           0.0050684502
    8: 1111000101000000000010001001101110011011... 99           0.0050713178
    9: 1111000101000101000110001011100110001011... 97           0.0050835541

Pickling Hall of Fame to: genetic_alg_settings_evolve_halloffame.pkl
Begin 12 of 20 repetitions
Begin 20 generations
gen	nevals	avg       	std        	min       	max       
0  	0     	0.00569623	0.000288406	0.00525164	0.00631954
1  	10    	0.00574581	0.000328436	0.00522269	0.00636434
2  	10    	0.00584389	0.000732573	0.00512191	0.00789493
3  	10    	0.00582926	0.000437613	0.00529519	0.00683838
4  	10    	0.0058257 	0.000383541	0.00527129	0.00659934
5  	10    	0.00583744	0.000427603	0.00541344	0.00697648
6  	10    	0.00587249	0.000375303	0.00536081	0.00672   
7  	10    	0.00587374	0.000405377	0.00525947	0.00650114
8  	10    	0.00572182	0.00068548 	0.00490143	0.00742153
9  	10    	0.00579084	0.00053175 	0.00505567	0.00703409
10 	10    	0.00571892	0.000413781	0.00498728	0.00649143
11 	10    	0.00577903	0.000284286	0.00520626	0.00611475
12 	10    	0.0059625 	0.000615627	0.00536347	0.00757723
13 	10    	0.00577949	0.000614765	0.00511575	0.00729774
14 	10    	0.00572282	0.000665798	0.00509152	0.00739866
15 	10    	0.00561813	0.000362253	0.00532338	0.00662881
16 	10    	0.00566519	0.000486233	0.00500103	0.00679136
17 	10    	0.00554859	0.000355436	0.00498853	0.00620654
18 	10    	0.00557255	0.000491062	0.00507942	0.00654169
19 	10    	0.00544374	0.000421429	0.00490827	0.00621945
20 	10    	0.00555251	0.000271095	0.00521906	0.00624216
Runtime: 5.711885877000896 (s)


Final population:
Index: Selected                                    #Selected    CV          
----------------------------------------------------------------------------------------------------
    0: 1111000101110000100111001001100101010001... 100          0.005442567 
    1: 1111000100110000100111001011100101000001... 100          0.0052190566
    2: 1111000101110000100011001000100101010001... 100          0.005674759 
    3: 1111000101110000100111001001100101010001... 100          0.005567767 
    4: 1111000101110000100111001001100101000001... 98           0.0056624128
    5: 1111000100110010100111000011100101000001... 100          0.006242156 
    6: 1111000101100001100100001001100101010001... 100          0.0054871492
    7: 1111000101110000100111000001100101010001... 100          0.0054047794
    8: 1111000101110000100111001000100101010001... 99           0.0055594521
    9: 1111001101110000100111001001100101010001... 99           0.0052650454

Pickling population to: genetic_alg_settings_population_end.pkl

Hall of Fame:
Index: Selected                                    #Selected    CV          
----------------------------------------------------------------------------------------------------
    0: 1111000101000101000011001011100111001011... 97           0.0048610189
    1: 1111000101010001000111001010100110001011... 100          0.0048986779
    2: 1111000101100000100111001011100101010001... 99           0.0049014334
    3: 1111000101110000100111001001100101010001... 99           0.0049082658
    4: 1111000101000101000011001011100111001011... 96           0.0049214219
    5: 1111000101000100000011001011100110001011... 93           0.0049634019
    6: 1111010101100000100110001001100101010001... 95           0.0049872781
    7: 1111000101110000100111001001100101010001... 100          0.0049885305
    8: 1111000101110000100111001001100101010001... 100          0.0050010339
    9: 1111000101000101000111001011100110001011... 99           0.005013169 

Pickling Hall of Fame to: genetic_alg_settings_evolve_halloffame.pkl
Begin 13 of 20 repetitions
Begin 20 generations
gen	nevals	avg       	std        	min       	max       
0  	0     	0.00555251	0.000271095	0.00521906	0.00624216
1  	10    	0.00606713	0.000582548	0.00538352	0.007146  
2  	10    	0.00563951	0.000352092	0.00515237	0.0063162 
3  	10    	0.00569719	0.000707953	0.00492938	0.0073904 
4  	10    	0.00591086	0.000616045	0.00516973	0.00704051
5  	10    	0.00564696	0.00042094 	0.00523461	0.00644355
6  	10    	0.00566253	0.000440316	0.00500528	0.00632421
7  	10    	0.00582512	0.000330816	0.00534222	0.00623763
8  	10    	0.00597857	0.000607111	0.00527879	0.00709654
9  	10    	0.00605382	0.000244918	0.0055278 	0.00637441
10 	10    	0.00593256	0.000484988	0.00536386	0.00685496
11 	10    	0.00587283	0.000448779	0.00516066	0.00691377
12 	10    	0.00585694	0.000325658	0.00531932	0.00628692
13 	10    	0.00572966	0.000282678	0.00537244	0.00612999
14 	10    	0.00557353	0.000218543	0.00525198	0.00597042
15 	10    	0.00557987	0.000328709	0.00517207	0.00605559
16 	10    	0.00550891	0.000441986	0.00510008	0.00671007
17 	10    	0.00573335	0.000906007	0.00492122	0.00775567
18 	10    	0.00577477	0.00038737 	0.00533055	0.00664069
19 	10    	0.00552308	0.000265971	0.00502701	0.00590194
20 	10    	0.00560177	0.000329427	0.00501092	0.00609214
Runtime: 5.729000150000502 (s)


Final population:
Index: Selected                                    #Selected    CV          
----------------------------------------------------------------------------------------------------
    0: 1111000100100000100011001011100111000001... 97           0.0050109181
    1: 1111000100100001101011001011100111000001... 100          0.0052379229
    2: 1111000100101000100010001011100111000001... 100          0.0052348934
    3: 1111000100100000100011001011100111000001... 98           0.005559449 
    4: 1111000100100000100011001011100011000011... 100          0.0058593564
    5: 1111000100100000100011001011100111000001... 96           0.0055460252
    6: 1111100100100001100011001011101011000000... 100          0.005865833 
    7: 1111000100101000100001001111100111000001... 93           0.006092137 
    8: 1111000100101000100011001111100111000001... 99           0.0057575341
    9: 1111000100101000100011001111100111000001... 100          0.005853627 

Pickling population to: genetic_alg_settings_population_end.pkl

Hall of Fame:
Index: Selected                                    #Selected    CV          
----------------------------------------------------------------------------------------------------
    0: 1111000101000101000011001011100111001011... 97           0.0048610189
    1: 1111000101010001000111001010100110001011... 100          0.0048986779
    2: 1111000101100000100111001011100101010001... 99           0.0049014334
    3: 1111000101110000100111001001100101010001... 99           0.0049082658
    4: 1111000100100000110011001111100111000001... 100          0.004921219 
    5: 1111000101000101000011001011100111001011... 96           0.0049214219
    6: 1111000100110000100011001011100101000001... 100          0.0049293825
    7: 1111000101000100000011001011100110001011... 93           0.0049634019
    8: 1111010101100000100110001001100101010001... 95           0.0049872781
    9: 1111000101110000100111001001100101010001... 100          0.0049885305

Pickling Hall of Fame to: genetic_alg_settings_evolve_halloffame.pkl
Begin 14 of 20 repetitions
Begin 20 generations
gen	nevals	avg       	std        	min       	max       
0  	0     	0.00560177	0.000329427	0.00501092	0.00609214
1  	10    	0.00535141	0.000324666	0.00498125	0.005956  
2  	10    	0.00537299	0.000587373	0.00497051	0.00707057
3  	10    	0.00538611	0.000212931	0.0051967 	0.00581234
4  	10    	0.00542566	0.000285814	0.00501713	0.00596925
5  	10    	0.00542312	0.000147718	0.00521356	0.00569479
6  	10    	0.00563144	0.00021411 	0.00533611	0.00605834
7  	10    	0.00552522	0.000355244	0.00507578	0.00641737
8  	10    	0.00571164	0.000297865	0.00528547	0.00623414
9  	10    	0.00589319	0.000343487	0.00545249	0.00647646
10 	10    	0.00568965	0.000270954	0.00526746	0.00616722
11 	10    	0.00586326	0.000725422	0.00526583	0.0078951 
12 	10    	0.00575046	0.000567047	0.00515021	0.00720175
13 	10    	0.00589187	0.000507627	0.00533372	0.00731286
14 	10    	0.00579152	0.000298427	0.00536689	0.00628007
15 	10    	0.00581928	0.000297742	0.00529352	0.00630202
16 	10    	0.0058459 	0.000500064	0.00522554	0.00700342
17 	10    	0.00567538	0.000175276	0.00531906	0.00599078
18 	10    	0.00558394	0.000364782	0.00526931	0.00657486
19 	10    	0.00555115	0.000390079	0.00509284	0.00620614
20 	10    	0.00552472	0.0005481  	0.0049749 	0.00699543
Runtime: 5.66332891699858 (s)


Final population:
Index: Selected                                    #Selected    CV          
----------------------------------------------------------------------------------------------------
    0: 1111000110100000110011101010000111000000... 97           0.0069954279
    1: 1111000110100000110011001011100111000001... 92           0.0050229362
    2: 1111000110100000110011101011100111000001... 97           0.0053091238
    3: 1111000110100000110011101011100110000001... 95           0.0049749048
    4: 1111000110100000110011101111100111000001... 99           0.0056982238
    5: 1111000100100000110011101011101111000001... 98           0.0053235024
    6: 1111000110100000110011101011100111000001... 96           0.005184652 
    7: 1111000110100000110011101011100111000001... 97           0.005744721 
    8: 1111000110100000110011001011100111000101... 97           0.0055437306
    9: 1111000110100000110011101011100111000001... 100          0.0054499373

Pickling population to: genetic_alg_settings_population_end.pkl

Hall of Fame:
Index: Selected                                    #Selected    CV          
----------------------------------------------------------------------------------------------------
    0: 1111000101000101000011001011100111001011... 97           0.0048610189
    1: 1111000101010001000111001010100110001011... 100          0.0048986779
    2: 1111000101100000100111001011100101010001... 99           0.0049014334
    3: 1111000101110000100111001001100101010001... 99           0.0049082658
    4: 1111000100100000110011001111100111000001... 100          0.004921219 
    5: 1111000101000101000011001011100111001011... 96           0.0049214219
    6: 1111000100110000100011001011100101000001... 100          0.0049293825
    7: 1111000101000100000011001011100110001011... 93           0.0049634019
    8: 1111000100100000100010001011100111000001... 99           0.0049705146
    9: 1111000110100000110011101011100110000001... 95           0.0049749048

Pickling Hall of Fame to: genetic_alg_settings_evolve_halloffame.pkl
Begin 15 of 20 repetitions
Begin 20 generations
gen	nevals	avg       	std      	min      	max       
0  	0     	0.00552472	0.0005481	0.0049749	0.00699543
1  	10    	0.00575078	0.000486142	0.00505405	0.00671541
2  	10    	0.00552439	0.000246712	0.00517411	0.00590834
3  	10    	0.00567837	0.000383409	0.00523068	0.00629917
4  	10    	0.00579202	0.00065332 	0.0053111 	0.00766927
5  	10    	0.00551227	0.000259778	0.0052176 	0.00605198
6  	10    	0.00574469	0.000640706	0.00502327	0.00736979
7  	10    	0.00555553	0.000389738	0.0049034 	0.0061714 
8  	10    	0.00550413	0.000305655	0.00518321	0.00613447
9  	10    	0.00552573	0.000223417	0.00529189	0.00587719
10 	10    	0.00550487	0.000287552	0.00525067	0.00609409
11 	10    	0.00541272	0.000243681	0.00504196	0.00588053
12 	10    	0.00549481	0.000332989	0.00494446	0.00603023
13 	10    	0.00538727	0.000309521	0.0048504 	0.00583019
14 	10    	0.00567754	0.000447983	0.00504013	0.00647831
15 	10    	0.00560671	0.000380161	0.00480472	0.00629154
16 	10    	0.00538216	0.000285031	0.00493144	0.00582524
17 	10    	0.00552168	0.000187078	0.00525652	0.00585309
18 	10    	0.00547191	0.000288365	0.00512164	0.00622252
19 	10    	0.005433  	0.000261378	0.00505746	0.00589456
20 	10    	0.00570189	0.000282025	0.00533982	0.00619961
Runtime: 5.695559021998633 (s)


Final population:
Index: Selected                                    #Selected    CV          
----------------------------------------------------------------------------------------------------
    0: 1111100110100010101011001011101110000001... 100          0.005443673 
    1: 1111100110100000110011001011101110000001... 100          0.0054416562
    2: 1111100110100000111011001011101110000001... 98           0.0058881621
    3: 1111100110100000111011001011101110000001... 99           0.0057647251
    4: 1111100110000000110011001011001110000001... 94           0.0059523867
    5: 1111100110100000110011001011001110000001... 98           0.0054152003
    6: 1111100110100000111000001011101110000001... 99           0.0053398189
    7: 1111100110100000100011001011101110000001... 98           0.0055817348
    8: 1111100110100000111011001011101110000001... 100          0.0061996068
    9: 1111100110100000111011001011101110000001... 99           0.0059919696

Pickling population to: genetic_alg_settings_population_end.pkl

Hall of Fame:
Index: Selected                                    #Selected    CV          
----------------------------------------------------------------------------------------------------
    0: 1111100110100000110011001011101110000001... 100          0.0048047178
    1: 1111100110100000110011101011101100000001... 98           0.0048503976
    2: 1111000101000101000011001011100111001011... 97           0.0048610189
    3: 1111000101010001000111001010100110001011... 100          0.0048986779
    4: 1111000101100000100111001011100101010001... 99           0.0049014334
    5: 1111001110100000111011101011101110000001... 98           0.0049033974
    6: 1111000101110000100111001001100101010001... 99           0.0049082658
    7: 1111000100100000110011001111100111000001... 100          0.004921219 
    8: 1111000101000101000011001011100111001011... 96           0.0049214219
    9: 1111000100110000100011001011100101000001... 100          0.0049293825

Pickling Hall of Fame to: genetic_alg_settings_evolve_halloffame.pkl
Begin 16 of 20 repetitions
Begin 20 generations
gen	nevals	avg       	std        	min       	max       
0  	0     	0.00570189	0.000282025	0.00533982	0.00619961
1  	10    	0.00573403	0.000437427	0.00514828	0.00654675
2  	10    	0.00574434	0.000313277	0.00513996	0.00634574
3  	10    	0.0056757 	0.000326091	0.00516005	0.00615768
4  	10    	0.00568621	0.000374992	0.00517047	0.00628638
5  	10    	0.00563005	0.000246599	0.00527248	0.00621119
6  	10    	0.00570793	0.000515962	0.00503045	0.00679825
7  	10    	0.00583611	0.000475862	0.00516206	0.00670542
8  	10    	0.00564478	0.000319738	0.00510828	0.00630432
9  	10    	0.00570025	0.000344152	0.0051897 	0.00644968
10 	10    	0.00533304	0.000215655	0.00499957	0.00573813
11 	10    	0.00562693	0.000391731	0.00514945	0.0065161 
12 	10    	0.00538417	0.000268508	0.0048002 	0.00579812
13 	10    	0.00540579	0.000267201	0.0051157 	0.00607191
14 	10    	0.00550981	0.000266456	0.00515111	0.00608288
15 	10    	0.00551155	0.00030861 	0.00506549	0.00623002
16 	10    	0.00538984	0.00033069 	0.0049308 	0.00595234
17 	10    	0.00555091	0.000358815	0.00491731	0.00617799
18 	10    	0.00540714	0.000426517	0.00495439	0.0062519 
19 	10    	0.00554337	0.000453592	0.0049324 	0.00621202
20 	10    	0.00534811	0.000376813	0.00491   	0.00595623
Runtime: 5.693901796999853 (s)


Final population:
Index: Selected                                    #Selected    CV          
----------------------------------------------------------------------------------------------------
    0: 1111100110100000011010001011100100000001... 99           0.0050096217
    1: 1111100110100000011010001011101100000011... 97           0.0049100615
    2: 1111100110000000011010001011101100110001... 95           0.0053674789
    3: 1111100110100000011010001011101100000001... 100          0.0049100041
    4: 1110100110100000011010001011100100000011... 95           0.0053644622
    5: 1111100110100000011010001011100100000011... 97           0.0059562321
    6: 1111100110100000010010001011101110000011... 97           0.0055579436
    7: 1111100110100000011010001001101100000001... 98           0.0055722547
    8: 1111100110100000011010001011100101010011... 100          0.0058894862
    9: 1111100110100000011010001011101100000001... 97           0.0049435489

Pickling population to: genetic_alg_settings_population_end.pkl

Hall of Fame:
Index: Selected                                    #Selected    CV          
----------------------------------------------------------------------------------------------------
    0: 1111100110100000010011001011000110000011... 96           0.0048002041
    1: 1111100110100000110011001011101110000001... 100          0.0048047178
    2: 1111100110100000110011101011101100000001... 98           0.0048503976
    3: 1111000101000101000011001011100111001011... 97           0.0048610189
    4: 1111000101010001000111001010100110001011... 100          0.0048986779
    5: 1111000101100000100111001011100101010001... 99           0.0049014334
    6: 1111001110100000111011101011101110000001... 98           0.0049033974
    7: 1111000101110000100111001001100101010001... 99           0.0049082658
    8: 1111100110100000011010001011101100000001... 100          0.0049100041
    9: 1111100110100000011010001011101100000011... 97           0.0049100615

Pickling Hall of Fame to: genetic_alg_settings_evolve_halloffame.pkl
Begin 17 of 20 repetitions
Begin 20 generations
gen	nevals	avg       	std        	min    	max       
0  	0     	0.00534811	0.000376813	0.00491	0.00595623
1  	10    	0.00519056	0.000226485	0.00485973	0.00553009
2  	10    	0.00523963	0.000183734	0.00490662	0.00552117
3  	10    	0.00543152	0.000325139	0.0050002 	0.00589639
4  	10    	0.00526192	0.0003669  	0.00471894	0.00597312
5  	10    	0.00531187	0.00031951 	0.00489009	0.00584943
6  	10    	0.00540342	0.000767526	0.00497523	0.00765142
7  	10    	0.00524448	0.000166173	0.00494498	0.00557923
8  	10    	0.00539306	0.000329383	0.00486538	0.00610553
9  	10    	0.00538836	0.000249438	0.00495018	0.00574638
10 	10    	0.00557049	0.000289911	0.00510776	0.00595638
11 	10    	0.00546527	0.000165671	0.00526347	0.00572118
12 	10    	0.00541482	0.000270025	0.00516499	0.00607059
13 	10    	0.00534303	0.000210482	0.00505482	0.0057707 
14 	10    	0.00542136	0.000294763	0.00486713	0.00583196
15 	10    	0.00552664	0.000286098	0.00514086	0.0060664 
16 	10    	0.00540594	0.000214161	0.00499001	0.0058223 
17 	10    	0.00532711	0.000311174	0.00494795	0.0058591 
18 	10    	0.00538416	0.000208865	0.00502872	0.00569382
19 	10    	0.00548506	0.000165102	0.00516542	0.00574335
20 	10    	0.00554623	0.000485948	0.00497414	0.00670255
Runtime: 5.66262794299837 (s)


Final population:
Index: Selected                                    #Selected    CV          
----------------------------------------------------------------------------------------------------
    0: 1111110110100101011010001110100110010001... 100          0.005264803 
    1: 1111110110100100011010001010100100010001... 100          0.005230695 
    2: 1110110100100100011010001011100100010001... 92           0.0067025533
    3: 1111110110101100011010001011101100010001... 98           0.0053352421
    4: 1111110100100000011010001011101100010001... 91           0.0056066138
    5: 1111110100100100010010001111101100010001... 92           0.0050070673
    6: 1111100100100100011010001011101110010011... 99           0.0058656383
    7: 1111110100100000010010001111101100010001... 94           0.0056927152
    8: 1110110110100100011010001010100100010001... 95           0.00578282  
    9: 1111110110101100011010001111100100010001... 100          0.004974136 

Pickling population to: genetic_alg_settings_population_end.pkl

Hall of Fame:
Index: Selected                                    #Selected    CV          
----------------------------------------------------------------------------------------------------
    0: 1111100100000000011010001011101100010001... 94           0.0047189447
    1: 1111100110100000010011001011000110000011... 96           0.0048002041
    2: 1111100110100000110011001011101110000001... 100          0.0048047178
    3: 1111100100000000011010001011101100010001... 95           0.0048332683
    4: 1111100110100000110011101011101100000001... 98           0.0048503976
    5: 1111100110000000011010001011101100110001... 97           0.0048597342
    6: 1111000101000101000011001011100111001011... 97           0.0048610189
    7: 1111100100100000011010001011101100010001... 100          0.0048653796
    8: 1111110100100100011010001011101100010001... 100          0.004867135 
    9: 1111100100000000011010001011101100010001... 96           0.0048900918

Pickling Hall of Fame to: genetic_alg_settings_evolve_halloffame.pkl
Begin 18 of 20 repetitions
Begin 20 generations
gen	nevals	avg       	std        	min       	max       
0  	0     	0.00554623	0.000485948	0.00497414	0.00670255
1  	10    	0.00545235	0.000346135	0.00499314	0.00612262
2  	10    	0.00526807	0.000248957	0.00484745	0.00573409
3  	10    	0.00519535	0.000364037	0.00462759	0.00572971
4  	10    	0.00512646	0.000179774	0.00492347	0.00545993
5  	10    	0.00530199	0.000277124	0.0049328 	0.00586278
6  	10    	0.0052617 	0.000330462	0.00481057	0.00605188
7  	10    	0.00538374	0.000334642	0.00481091	0.00590957
8  	10    	0.00528276	0.000289207	0.00496632	0.00584781
9  	10    	0.0054704 	0.000408407	0.00507762	0.00630374
10 	10    	0.00557879	0.000392455	0.0046247 	0.00607332
11 	10    	0.00544319	0.000278686	0.00506885	0.0058949 
12 	10    	0.00538302	0.00033991 	0.00478227	0.00588176
13 	10    	0.00555787	0.000363202	0.00517138	0.0063856 
14 	10    	0.00541063	0.000203201	0.00514238	0.00574323
15 	10    	0.00543991	0.000369937	0.00469261	0.00607742
16 	10    	0.00530409	0.000278594	0.00492757	0.00596759
17 	10    	0.0053019 	0.000338449	0.00496067	0.00620653
18 	10    	0.00531888	0.00036593 	0.00500039	0.00622988
19 	10    	0.00523236	0.000200262	0.00496632	0.00557332
20 	10    	0.00526516	0.000242233	0.0048812 	0.00562231
Runtime: 5.676363381000556 (s)


Final population:
Index: Selected                                    #Selected    CV          
----------------------------------------------------------------------------------------------------
    0: 1111111110101001011010001011100111000001... 94           0.0054596439
    1: 1111111110100001011010001110100101010001... 92           0.0054048153
    2: 1111111100100001011110001011110101100001... 98           0.0050459449
    3: 1111111110101001011010001111110101000010... 95           0.0056223088
    4: 1111111110100001011010001011110101000011... 98           0.0050274237
    5: 1111111110100001011010001011110101000011... 95           0.0048812026
    6: 1111111110100001011010001111110101000001... 97           0.0053792397
    7: 1111110110101001011010001111100101010000... 99           0.0049757496
    8: 1111111110100001011010001011100111000001... 96           0.0054401911
    9: 1111111110100001011010000011100111000001... 93           0.0054150876

Pickling population to: genetic_alg_settings_population_end.pkl

Hall of Fame:
Index: Selected                                    #Selected    CV          
----------------------------------------------------------------------------------------------------
    0: 1111110110100100011010001111100111010001... 97           0.0046247016
    1: 1111110110101100011010001111100100010001... 98           0.0046275921
    2: 1111110110100001011010001110100111010001... 100          0.0046926068
    3: 1111100100000000011010001011101100010001... 94           0.0047189447
    4: 1111110010100100011010001110100101011001... 96           0.0047822749
    5: 1111100110100000010011001011000110000011... 96           0.0048002041
    6: 1111100110100000110011001011101110000001... 100          0.0048047178
    7: 1111110010101100010010001111100100010001... 98           0.0048105744
    8: 1111100110100100011010001111100110010001... 99           0.0048109082
    9: 1111110110101100011010001110100100010001... 97           0.0048244697

Pickling Hall of Fame to: genetic_alg_settings_evolve_halloffame.pkl
Begin 19 of 20 repetitions
Begin 20 generations
gen	nevals	avg       	std        	min      	max       
0  	0     	0.00526516	0.000242233	0.0048812	0.00562231
1  	10    	0.00548741	0.000376762	0.00504163	0.00623527
2  	10    	0.00570466	0.000488127	0.00512433	0.00661216
3  	10    	0.0055026 	0.000335581	0.00514928	0.00612258
4  	10    	0.00556938	0.000454762	0.00480554	0.00661224
5  	10    	0.0057043 	0.000412241	0.00499049	0.00613257
6  	10    	0.00527546	0.000333674	0.00493934	0.00607699
7  	10    	0.00539537	0.000381622	0.00494849	0.00638235
8  	10    	0.00516139	0.000239662	0.00485303	0.0055955 
9  	10    	0.00514715	0.000195042	0.004889  	0.00553357
10 	10    	0.00512299	0.000254693	0.00491354	0.0058559 
11 	10    	0.00543215	0.00055087 	0.00494486	0.00690882
12 	10    	0.00557353	0.000697147	0.00493642	0.00734727
13 	10    	0.00551865	0.000330882	0.00500738	0.00600506
14 	10    	0.0056809 	0.000730437	0.0051005 	0.00763907
15 	10    	0.00546289	0.000230573	0.00505803	0.00582281
16 	10    	0.00552728	0.000348297	0.00507982	0.0061957 
17 	10    	0.0053378 	0.000176816	0.00502147	0.00566101
18 	10    	0.00552994	0.000341516	0.00508033	0.00634741
19 	10    	0.00587536	0.000388475	0.00518869	0.0064736 
20 	10    	0.00553432	0.000263527	0.00504083	0.0059032 
Runtime: 5.697639011999854 (s)


Final population:
Index: Selected                                    #Selected    CV          
----------------------------------------------------------------------------------------------------
    0: 1111110100101001011010001011100101101001... 100          0.0051697459
    1: 1111110100101001011010001011100101101001... 98           0.0055481198
    2: 1111110100101001111010001011100001101011... 98           0.0059031997
    3: 1111110100101001011010001011100101000001... 97           0.0057593281
    4: 1111100100101000011010001011100101101001... 98           0.0056095328
    5: 1111110100101001011010001011100101101001... 100          0.0058599477
    6: 1111110100101001111010001101100101101001... 100          0.005573216 
    7: 1111110100101001011010001011100101100001... 97           0.0054402282
    8: 1111110100101001011110001011100101101001... 100          0.0050408342
    9: 1111110100101001111010001111100101100001... 98           0.0054390615

Pickling population to: genetic_alg_settings_population_end.pkl

Hall of Fame:
Index: Selected                                    #Selected    CV          
----------------------------------------------------------------------------------------------------
    0: 1111110110100100011010001111100111010001... 97           0.0046247016
    1: 1111110110101100011010001111100100010001... 98           0.0046275921
    2: 1111110110100001011010001110100111010001... 100          0.0046926068
    3: 1111100100000000011010001011101100010001... 94           0.0047189447
    4: 1111110010100100011010001110100101011001... 96           0.0047822749
    5: 1111100110100000010011001011000110000011... 96           0.0048002041
    6: 1111100110100000110011001011101110000001... 100          0.0048047178
    7: 1111111100101101011010001111100101100001... 99           0.0048055362
    8: 1111110010101100010010001111100100010001... 98           0.0048105744
    9: 1111100110100100011010001111100110010001... 99           0.0048109082

Pickling Hall of Fame to: genetic_alg_settings_evolve_halloffame.pkl
Begin 20 of 20 repetitions
Begin 20 generations
gen	nevals	avg       	std        	min       	max      
0  	0     	0.00553432	0.000263527	0.00504083	0.0059032
1  	10    	0.00547228	0.000264897	0.00510125	0.00607608
2  	10    	0.00571032	0.000671564	0.00521209	0.00758399
3  	10    	0.00546608	0.000323781	0.00510869	0.00612373
4  	10    	0.00569428	0.000317384	0.00516115	0.00631309
5  	10    	0.00547222	0.000299345	0.00507833	0.00616315
6  	10    	0.0057722 	0.000336671	0.00523599	0.00661882
7  	10    	0.00568699	0.000274022	0.00537463	0.00610552
8  	10    	0.00588214	0.000329944	0.00530675	0.00654012
9  	10    	0.00565876	0.000297636	0.00534504	0.00641013
10 	10    	0.0059103 	0.000430544	0.00519537	0.00673221
11 	10    	0.00551717	0.000285935	0.00490939	0.00587587
12 	10    	0.00574272	0.000538087	0.00499487	0.00685053
13 	10    	0.00565578	0.000325939	0.00524851	0.00632961
14 	10    	0.00579989	0.000539345	0.00498569	0.00665891
15 	10    	0.00579852	0.000296946	0.00535154	0.00629406
16 	10    	0.00544927	0.000296041	0.00506957	0.00603832
17 	10    	0.00545012	0.000221825	0.00512105	0.00580963
18 	10    	0.00569285	0.000605429	0.00506236	0.00686218
19 	10    	0.00568232	0.000369254	0.00513313	0.00648303
20 	10    	0.00554165	0.000304813	0.00526957	0.00629031
Runtime: 5.659442734999175 (s)


Final population:
Index: Selected                                    #Selected    CV          
----------------------------------------------------------------------------------------------------
    0: 1111110010101001111010001011101100100001... 98           0.0054838936
    1: 1111110110101001111010001011100100100001... 99           0.005404635 
    2: 1111110110101000011010001010100101100001... 100          0.0053386356
    3: 1111110110101000011010001011100101101001... 98           0.0054395489
    4: 1111110100001000011010010010100101101001... 100          0.0062903115
    5: 1111110110101000011010001000100101100001... 95           0.0054748972
    6: 1111110110101000011010001010100101101001... 96           0.0053703501
    7: 1111110100101000011010011010100101100001... 100          0.0059487995
    8: 1111110110100000011010001000100111101001... 100          0.0053958189
    9: 1111110110101000011010001000100101101001... 100          0.0052695657

Pickling population to: genetic_alg_settings_population_end.pkl

Hall of Fame:
Index: Selected                                    #Selected    CV          
----------------------------------------------------------------------------------------------------
    0: 1111110110100100011010001111100111010001... 97           0.0046247016
    1: 1111110110101100011010001111100100010001... 98           0.0046275921
    2: 1111110110100001011010001110100111010001... 100          0.0046926068
    3: 1111100100000000011010001011101100010001... 94           0.0047189447
    4: 1111110010100100011010001110100101011001... 96           0.0047822749
    5: 1111100110100000010011001011000110000011... 96           0.0048002041
    6: 1111100110100000110011001011101110000001... 100          0.0048047178
    7: 1111111100101101011010001111100101100001... 99           0.0048055362
    8: 1111110010101100010010001111100100010001... 98           0.0048105744
    9: 1111100110100100011010001111100110010001... 99           0.0048109082

Pickling Hall of Fame to: genetic_alg_settings_evolve_halloffame.pkl
#   DONE  Runtime: 109.59016380100002 (s)

Adding statistics...
  DONE

Result:
Index: Selected                                    #Selected    CV           RMS          wRMS         Estimator                FeatureSelection         Note
--------------------------------------------------------------------------------------------------------------------------------------------------------------------
    0: 1111110110100100011010001111100111010001... 97           0.0046247016 0.0095342739 0.002981203  LinearRegression         GeneticAlgorithm         
    1: 1111110110101100011010001111100100010001... 98           0.0046275921 0.0096815763 0.0030915679 LinearRegression         GeneticAlgorithm         
    2: 1111110110100001011010001110100111010001... 100          0.0046926068 0.0092428413 0.0030096926 LinearRegression         GeneticAlgorithm         
    3: 1111100100000000011010001011101100010001... 94           0.0047189447 0.0092321036 0.0032194572 LinearRegression         GeneticAlgorithm         
    4: 1111110010100100011010001110100101011001... 96           0.0047822749 0.0094309252 0.0030674335 LinearRegression         GeneticAlgorithm         
    5: 1111100110100000010011001011000110000011... 96           0.0048002041 0.0087840698 0.0032117959 LinearRegression         GeneticAlgorithm         
    6: 1111100110100000110011001011101110000001... 100          0.0048047178 0.0099317631 0.0031899533 LinearRegression         GeneticAlgorithm         
    7: 1111111100101101011010001111100101100001... 99           0.0048055362 0.0092587307 0.0030863019 LinearRegression         GeneticAlgorithm         
    8: 1111110010101100010010001111100100010001... 98           0.0048105744 0.0087434425 0.0030822831 LinearRegression         GeneticAlgorithm         
    9: 1111100110100100011010001111100110010001... 99           0.0048109082 0.0090465465 0.0030742244 LinearRegression         GeneticAlgorithm         

Pickling Hall of Fame to: genetic_alg_settings_halloffame.pkl
