Loading genetic_alg_settings.json
# Hall of Fame size: 10 

# Get problem data...
# wHullDist: Will calculate hull distance: hull_dist(CALCULATED,atom_frac)
# Query requested: ['formation_energy', 'is_calculated', 'corr', 'hull_dist(CALCULATED,atom_frac)']
# Use existing: []
# Querying: ['formation_energy', 'is_calculated', 'corr', 'hull_dist(CALCULATED,atom_frac)']
#   DONE

# Target: formation_energy
# Training samples: 627
# Features: 253 

# Weighting:
{
  "method": "wHullDist",
  "kwargs": {
    "A": 1.05,
    "B": 1.0,
    "kT": 0.01,
    "hull_selection": "CALCULATED"
  }
}

# CV:
{
  "method": "KFold",
  "kwargs": {
    "n_splits": 10,
    "shuffle": true
  },
  "penalty": 0.0
} 

# Writing problem specs to: genetic_alg_settings_specs.pkl
# To inspect or customize the problem specs further, use the '--checkspecs' method

# Estimator:
{
  "method": "LinearRegression",
  "kwargs": {
    "fit_intercept": false
  }
} 

# Feature Selection:
{
  "method": "GeneticAlgorithm",
  "kwargs": {
    "constraints_kwargs": {
      "n_features_max": 100,
      "n_features_min": 3,
      "fix_off": [],
      "fix_on": [
        0,
        1,
        2
      ]
    },
    "selTournamentSize": 3,
    "mutFlipBitProb": 0.01,
    "evolve_params_kwargs": {
      "n_generation": 20,
      "n_repetition": 20,
      "n_features_init": 3,
      "n_population": 10,
      "n_halloffame": 10,
      "halloffame_filename": "evolve_halloffame.pkl",
      "filename_prefix": "genetic_alg_settings"
    },
    "cxUniformProb": 0.5
  }
} 

# Fit and select...
Constructing initial population
Begin 1 of 20 repetitions
Begin 20 generations
gen	nevals	avg      	std        	min      	max      
0  	10    	0.0199495	0.000789606	0.0187339	0.0213074
1  	10    	0.0187279	0.000849483	0.0167051	0.0197316
2  	10    	0.0177614	0.000776535	0.0162874	0.0190064
3  	10    	0.0172816	0.000540634	0.0160902	0.0179147
4  	10    	0.0165039	0.000707694	0.0151598	0.0177152
5  	10    	0.0155818	0.000527266	0.0143255	0.0162199
6  	10    	0.015052 	0.000407262	0.0143852	0.0158052
7  	10    	0.0140289	0.000839537	0.0117539	0.0149187
8  	10    	0.013295 	0.00104408 	0.0114977	0.014296 
9  	10    	0.0123822	0.00104275 	0.011277 	0.0147863
10 	10    	0.0118999	0.000982298	0.01114  	0.0146232
11 	10    	0.0110764	0.000270035	0.0106374	0.0114851
12 	10    	0.0109081	0.000447401	0.00988201	0.0114552
13 	10    	0.0103434	0.000417607	0.00974566	0.0111413
14 	10    	0.00992052	0.000380128	0.00921735	0.0105402
15 	10    	0.00958229	0.000429199	0.00862545	0.0100292
16 	10    	0.00916462	0.000539122	0.00843805	0.0101382
17 	10    	0.00872176	0.00033116 	0.00839704	0.00954434
18 	10    	0.00900529	0.000827473	0.00829215	0.011099  
19 	10    	0.00862677	0.000146976	0.00839528	0.00889928
20 	10    	0.00854068	0.000158441	0.00819165	0.00873726
Runtime: 3.0794016990003 (s)


Final population:
Index: Selected                                    #Selected    CV          
----------------------------------------------------------------------------------------------------
    0: 1111010010010001010000000100000101010000... 66           0.0085428061
    1: 1111010010010001010000000000000111010000... 65           0.0084721999
    2: 1111010010010000000000000000001001110001... 63           0.0087104841
    3: 1111010010011000000000000000001100010000... 57           0.0084239951
    4: 1111010010010001010000000000000111010000... 64           0.0085115271
    5: 1111010010010001010000000000000111010000... 65           0.0086304281
    6: 1111010010010000010000000000000101010010... 68           0.0087372594
    7: 1111010010010001000000000000001111010001... 63           0.0081916483
    8: 1111010010010000000000000000001101010001... 62           0.0087136282
    9: 1111010010010000000000000000001101010001... 63           0.0084727835

Pickling population to: genetic_alg_settings_population_end.pkl

Hall of Fame:
Index: Selected                                    #Selected    CV          
----------------------------------------------------------------------------------------------------
    0: 1111010010010001000000000000001111010001... 63           0.0081916483
    1: 1111010010000000010000000000000101010001... 59           0.0082921464
    2: 1111010111010000010000000000001000010000... 52           0.0083100933
    3: 1111010010010001010000000000000111010000... 66           0.008395277 
    4: 1111010010000000010000000000000101010001... 58           0.0083970363
    5: 1111010010011000000000000000001100010000... 57           0.0084239951
    6: 1111010111010000010000000000001000010000... 55           0.0084380487
    7: 1111011110010000010000000000001000010000... 55           0.0084568491
    8: 1111010010010001010000000000000111010000... 65           0.0084721999
    9: 1111010010010000000000000000001101010001... 63           0.0084727835

Pickling Hall of Fame to: genetic_alg_settings_evolve_halloffame.pkl
Begin 2 of 20 repetitions
Begin 20 generations
gen	nevals	avg       	std        	min       	max       
0  	0     	0.00854068	0.000158441	0.00819165	0.00873726
1  	10    	0.00848585	0.000204236	0.00820061	0.00876828
2  	10    	0.00828116	0.000101447	0.00806935	0.0084284 
3  	10    	0.00824908	0.000318218	0.00765437	0.00869455
4  	10    	0.00807025	0.000387972	0.00749433	0.00854807
5  	10    	0.00776978	0.000287612	0.0072518 	0.00821813
6  	10    	0.00740437	0.000236577	0.00708761	0.00770929
7  	10    	0.00732845	0.00046217 	0.00698408	0.00866245
8  	10    	0.00707472	0.000164531	0.0068105 	0.00731878
9  	10    	0.00687224	0.00014927 	0.00662097	0.00713882
10 	10    	0.00692084	0.000103068	0.00676996	0.00709389
11 	10    	0.00689337	0.000134917	0.00668411	0.00721977
12 	10    	0.00680795	8.74227e-05	0.00671275	0.00700323
13 	10    	0.00691554	0.000194382	0.00677021	0.00744939
14 	10    	0.00690776	0.000274692	0.00633285	0.00733092
15 	10    	0.0065597 	0.000166803	0.00629507	0.00680425
16 	10    	0.00646742	0.000180901	0.00626445	0.00679809
17 	10    	0.00634368	9.15427e-05	0.00621389	0.00650737
18 	10    	0.00629944	0.000217233	0.00610539	0.00687705
19 	10    	0.00635437	0.000343084	0.0060672 	0.0073516 
20 	10    	0.00616705	0.000152594	0.00589352	0.00643611
Runtime: 5.1476759310025955 (s)


Final population:
Index: Selected                                    #Selected    CV          
----------------------------------------------------------------------------------------------------
    0: 1111010010010001011010101110001110010011... 94           0.0064361064
    1: 1111010010010001011000011110001110010011... 95           0.0061842695
    2: 1111010010010001011010101111001110011011... 100          0.0062568216
    3: 1111010010111001011010011110001110010011... 100          0.0058935162
    4: 1111010010010001011010111110001110010011... 99           0.0062823004
    5: 1111010110010001011010111110001110010011... 100          0.006157841 
    6: 1111110010011001010010111110001110011011... 100          0.0060061107
    7: 1111010010010001011010101110001110011011... 98           0.0062775617
    8: 1111010110010001011010111110001110110011... 97           0.0060064469
    9: 1111010010010001011010001110001110010011... 94           0.006169551 

Pickling population to: genetic_alg_settings_population_end.pkl

Hall of Fame:
Index: Selected                                    #Selected    CV          
----------------------------------------------------------------------------------------------------
    0: 1111010010111001011010011110001110010011... 100          0.0058935162
    1: 1111110010011001010010111110001110011011... 100          0.0060061107
    2: 1111010110010001011010111110001110110011... 97           0.0060064469
    3: 1111010010011001011010101110001110011011... 100          0.0060672031
    4: 1111010010010001011010101110001110010011... 94           0.0061053922
    5: 1111010010010001001010111110001110010011... 96           0.0061134309
    6: 1111010010010001011010111110001110010011... 98           0.0061439049
    7: 1111010010010001011010011110001110011011... 96           0.006155994 
    8: 1111010110010001011010111110001110010011... 100          0.006157841 
    9: 1111010010010001011010001110001110010011... 94           0.006169551 

Pickling Hall of Fame to: genetic_alg_settings_evolve_halloffame.pkl
Begin 3 of 20 repetitions
Begin 20 generations
gen	nevals	avg       	std        	min       	max       
0  	0     	0.00616705	0.000152594	0.00589352	0.00643611
1  	10    	0.00623171	0.000189768	0.00594182	0.00657015
2  	10    	0.00607811	0.000124643	0.00591268	0.00625545
3  	10    	0.00625673	0.000302797	0.00597742	0.00685036
4  	10    	0.00605331	0.000214187	0.00563333	0.00637269
5  	10    	0.00586538	0.000152982	0.00563041	0.00607032
6  	10    	0.00593484	0.000209572	0.0056764 	0.00641367
7  	10    	0.00570986	8.02107e-05	0.00557847	0.00591587
8  	10    	0.00586399	0.000301577	0.00554422	0.00646497
9  	10    	0.00574656	0.00010856 	0.00561945	0.00599593
10 	10    	0.00581459	0.000242389	0.00562573	0.00651207
11 	10    	0.00582242	0.000221884	0.00564472	0.00639298
12 	10    	0.00574811	9.69952e-05	0.00564762	0.00595025
13 	10    	0.00577035	9.8302e-05 	0.00565078	0.0060135 
14 	10    	0.00584496	0.000303566	0.00565544	0.00670631
15 	10    	0.00588631	0.000230867	0.00571579	0.00648922
16 	10    	0.00594763	0.000322038	0.00557949	0.00646574
17 	10    	0.00575767	8.12642e-05	0.00559693	0.00588049
18 	10    	0.00578644	0.000110531	0.0056102 	0.00597033
19 	10    	0.00601683	0.000372089	0.00568084	0.0066692 
20 	10    	0.00576266	0.000156341	0.00554191	0.00602581
Runtime: 5.803975679002178 (s)


Final population:
Index: Selected                                    #Selected    CV          
----------------------------------------------------------------------------------------------------
    0: 1111000110011000011000111010001111011011... 100          0.0055419108
    1: 1111000110011000010000111010001111011010... 96           0.005641422 
    2: 1111000110011000011000111010001101001011... 99           0.0060258144
    3: 1111000110011000011000111010001101011011... 100          0.0057103295
    4: 1111000111010000011000111010001111011011... 99           0.0057584212
    5: 1111000010011000011000111010001110011011... 96           0.0059385042
    6: 1111000110011000011000101010001111011011... 100          0.005601144 
    7: 1111000110011000011000111010001101011011... 97           0.0058328269
    8: 1111000110011000011000111010001111011011... 100          0.005636843 
    9: 1111000110011000011000111011001101011011... 100          0.0059393767

Pickling population to: genetic_alg_settings_population_end.pkl

Hall of Fame:
Index: Selected                                    #Selected    CV          
----------------------------------------------------------------------------------------------------
    0: 1111000110011000011000111010001111011011... 100          0.0055419108
    1: 1111000110011001011000111010001111010011... 98           0.0055442175
    2: 1111000110011001011000111010001111010011... 98           0.005578466 
    3: 1111000110011000011000111010001111011011... 100          0.0055794905
    4: 1111000110011000011000111010001111011011... 100          0.00559693  
    5: 1111000110011000011000101010001111011011... 100          0.005601144 
    6: 1111000110011000011000111010001111011011... 100          0.0056101977
    7: 1111000110011001011000111010001110010011... 96           0.0056194528
    8: 1111000110011001011000011010001110010011... 100          0.0056257341
    9: 1111000110011001011000111010001110010011... 100          0.0056262789

Pickling Hall of Fame to: genetic_alg_settings_evolve_halloffame.pkl
Begin 4 of 20 repetitions
Begin 20 generations
gen	nevals	avg       	std        	min       	max       
0  	0     	0.00576266	0.000156341	0.00554191	0.00602581
1  	10    	0.00573699	0.000109277	0.00558652	0.00598951
2  	10    	0.00582333	0.00015654 	0.00561584	0.00619461
3  	10    	0.00579671	0.000294343	0.00552967	0.00663495
4  	10    	0.00569283	8.72273e-05	0.00559655	0.0059247 
5  	10    	0.00569677	0.000112611	0.00557801	0.00595746
6  	10    	0.00578652	0.000137196	0.00565492	0.00609504
7  	10    	0.00569916	0.000144203	0.00555133	0.00606067
8  	10    	0.0057516 	0.000269334	0.00556386	0.00651604
9  	10    	0.0056576 	9.79452e-05	0.00554488	0.0058291 
10 	10    	0.00567432	5.18842e-05	0.00561077	0.00578354
11 	10    	0.00573594	0.000164475	0.00552445	0.00606286
12 	10    	0.00579979	0.000293435	0.00554001	0.00662327
13 	10    	0.00584502	0.000393635	0.00548721	0.00661636
14 	10    	0.0057834 	0.000288097	0.00561265	0.00663236
15 	10    	0.00565297	6.68623e-05	0.00556668	0.00579538
16 	10    	0.00572384	6.31854e-05	0.00560751	0.00586608
17 	10    	0.00579034	0.000190201	0.00561783	0.00623868
18 	10    	0.0057331 	0.000106047	0.00556019	0.00588121
19 	10    	0.0057045 	0.000103587	0.00552528	0.00591135
20 	10    	0.00584661	0.000134183	0.00572516	0.00612664
Runtime: 5.758322633002535 (s)


Final population:
Index: Selected                                    #Selected    CV          
----------------------------------------------------------------------------------------------------
    0: 1111001101011011011000111010001111011011... 100          0.0058724897
    1: 1111001101011011011000111010000111011011... 98           0.0057338155
    2: 1111001101011011010000111010001111011011... 99           0.0057467568
    3: 1111001101011011011000111010001111001011... 100          0.0060184117
    4: 1111001101011011010000111010001111010011... 100          0.0057307841
    5: 1111001101011011011000111010001011011011... 98           0.0059444747
    6: 1111001001011011010010111010001111011011... 100          0.0061266418
    7: 1111101101011011010000111010001111111011... 98           0.0057443213
    8: 1111000101011011010000111010001111011011... 100          0.005823214 
    9: 1111101001011011010000111010001111011011... 97           0.0057251619

Pickling population to: genetic_alg_settings_population_end.pkl

Hall of Fame:
Index: Selected                                    #Selected    CV          
----------------------------------------------------------------------------------------------------
    0: 1111000100011011010000101010001111011011... 97           0.0054872084
    1: 1111000100011011010000111010001111011011... 94           0.005524451 
    2: 1111001101011011011000111010001111011011... 100          0.00552528  
    3: 1111000110011100010000111010001111011011... 98           0.0055296656
    4: 1111000100011011010000111010001111011011... 100          0.0055400053
    5: 1111000110011000011000111010001111011011... 100          0.0055419108
    6: 1111000110011001011000111010001111010011... 98           0.0055442175
    7: 1111001100011011010000101010001111011011... 97           0.0055448763
    8: 1111001100011011010000101010001111011011... 98           0.0055504106
    9: 1111000110011000001000111010001111011010... 96           0.005551332 

Pickling Hall of Fame to: genetic_alg_settings_evolve_halloffame.pkl
Begin 5 of 20 repetitions
Begin 20 generations
gen	nevals	avg       	std        	min       	max       
0  	0     	0.00584661	0.000134183	0.00572516	0.00612664
1  	10    	0.00576735	0.000116241	0.00562438	0.0059925 
2  	10    	0.00576931	0.000186684	0.00562218	0.00628516
3  	10    	0.00572975	0.000144948	0.00547616	0.00599655
4  	10    	0.00583166	0.000275403	0.00563864	0.0064395 
5  	10    	0.00571607	8.31332e-05	0.00560386	0.00584182
6  	10    	0.00570153	0.00014187 	0.005546  	0.00595054
7  	10    	0.00561424	8.73085e-05	0.00540652	0.0056967 
8  	10    	0.00579478	0.0002787  	0.00556018	0.00658557
9  	10    	0.00568778	0.000250283	0.00546537	0.00641349
10 	10    	0.00567904	0.000165902	0.00551863	0.00608536
11 	10    	0.00565645	5.11473e-05	0.00554587	0.00572333
12 	10    	0.0056374 	7.2218e-05 	0.00550644	0.00576592
13 	10    	0.00566822	9.9318e-05 	0.00556652	0.00588297
14 	10    	0.00562452	8.5959e-05 	0.00549112	0.00574749
15 	10    	0.00564104	0.000113336	0.0054332 	0.00581073
16 	10    	0.00566731	0.000358388	0.00547058	0.0067368 
17 	10    	0.00563295	0.000103406	0.0053893 	0.005798  
18 	10    	0.00557669	0.00020233 	0.00539043	0.00606602
19 	10    	0.00563198	0.000357067	0.0053998 	0.00657476
20 	10    	0.00548388	9.12943e-05	0.00532053	0.00565401
Runtime: 5.787694965998526 (s)


Final population:
Index: Selected                                    #Selected    CV          
----------------------------------------------------------------------------------------------------
    0: 1111001101011011010100001010001111010010... 100          0.0054748458
    1: 1111001101111011010100011010001111010010... 99           0.0054389997
    2: 1111001101111011010100011010001111010010... 100          0.0056540115
    3: 1111001101011011010100001010001111010010... 100          0.0053205336
    4: 1111001101111000010100011011001111010010... 100          0.0054413582
    5: 1111001101011011000100001010001111010010... 99           0.0055383897
    6: 1111001101011011010100001010001111000010... 95           0.0054338299
    7: 1111001101011011010100011010001111010010... 96           0.0054204973
    8: 1111001101011011010100001010001111000010... 97           0.0055986872
    9: 1111001101011011010000011010001111010011... 95           0.0055176631

Pickling population to: genetic_alg_settings_population_end.pkl

Hall of Fame:
Index: Selected                                    #Selected    CV          
----------------------------------------------------------------------------------------------------
    0: 1111001101011011010100001010001111010010... 100          0.0053205336
    1: 1111001101011011010100011010001111010010... 99           0.0053893035
    2: 1111001101011011000000011010001111010010... 100          0.0053904309
    3: 1111001101111011010100001010001111010010... 98           0.0053997996
    4: 1111001101011011010000111010001111010010... 97           0.005406517 
    5: 1111001101011011010000011010001111010010... 97           0.0054075569
    6: 1111001101011011010100001010001111000010... 95           0.0054098631
    7: 1111001101011011010100011010001111010010... 100          0.0054115719
    8: 1111001101011011010100011010001111010010... 96           0.0054204973
    9: 1111001101111011010100001010001111000010... 99           0.0054230964

Pickling Hall of Fame to: genetic_alg_settings_evolve_halloffame.pkl
Begin 6 of 20 repetitions
Begin 20 generations
gen	nevals	avg       	std        	min       	max       
0  	0     	0.00548388	9.12943e-05	0.00532053	0.00565401
1  	10    	0.00550548	8.97578e-05	0.00536979	0.00563383
2  	10    	0.00567137	0.000368564	0.00539007	0.00659625
3  	10    	0.005773  	0.000344986	0.00550575	0.00675262
4  	10    	0.0058529 	0.000412177	0.00552644	0.00663943
5  	10    	0.00576098	0.000233947	0.00556486	0.00641843
6  	10    	0.00561669	8.29758e-05	0.00550613	0.00578438
7  	10    	0.00568865	0.000264098	0.0053956 	0.00631065
8  	10    	0.00568478	0.000128111	0.00547588	0.00593593
9  	10    	0.00571682	0.000279105	0.00546073	0.00646233
10 	10    	0.00562207	0.000102744	0.00547758	0.00582919
11 	10    	0.00557519	0.000107856	0.00534895	0.00573387
12 	10    	0.00561877	0.000132428	0.00545716	0.00590965
13 	10    	0.00561389	0.000210328	0.00537656	0.00604338
14 	10    	0.00559541	0.00015449 	0.00542759	0.00597304
15 	10    	0.0055482 	0.000100467	0.00542135	0.00572423
16 	10    	0.00554545	0.000119648	0.0054244 	0.00581934
17 	10    	0.00552682	0.000115839	0.00536882	0.00575529
18 	10    	0.00553571	7.92123e-05	0.00542421	0.005669  
19 	10    	0.00565507	0.000236544	0.00543383	0.00623595
20 	10    	0.00554534	6.07085e-05	0.00543796	0.00563677
Runtime: 5.772207177000382 (s)


Final population:
Index: Selected                                    #Selected    CV          
----------------------------------------------------------------------------------------------------
    0: 1111001101011011011100001111000110010110... 97           0.0054379638
    1: 1111111101111011011100001110000110011110... 100          0.0055833467
    2: 1111001101011011011100001110001110010110... 93           0.0055092691
    3: 1111101101011011011100001110001110010110... 99           0.0055590676
    4: 1111001101011011011100001110001110010110... 95           0.0055184328
    5: 1111001101011011011100001111001110010111... 100          0.0055705737
    6: 1111001101011011011100100111001110000111... 99           0.0055997784
    7: 1111001101011011011100101111001110000111... 98           0.0055836497
    8: 1111001101011011011100001110001110010110... 100          0.0056367718
    9: 1111001101011011011100001110001110010110... 97           0.0054545664

Pickling population to: genetic_alg_settings_population_end.pkl

Hall of Fame:
Index: Selected                                    #Selected    CV          
----------------------------------------------------------------------------------------------------
    0: 1111001101011011010100001010001111010010... 100          0.0053205336
    1: 1111001101011111010100001010001111010110... 91           0.005348949 
    2: 1111101101011011011100001110001110010110... 97           0.0053688241
    3: 1111001101011011010100001010001111010010... 100          0.0053697913
    4: 1111001101011011010100001111001110010110... 90           0.0053765564
    5: 1111001101011011010100011010001111010010... 99           0.0053893035
    6: 1111001101011011010100001010001111010010... 99           0.0053900693
    7: 1111001101011011000000011010001111010010... 100          0.0053904309
    8: 1111001101011010010100001010001111010010... 98           0.0053922775
    9: 1111001101011011010110001110001111010110... 98           0.0053956018

Pickling Hall of Fame to: genetic_alg_settings_evolve_halloffame.pkl
Begin 7 of 20 repetitions
Begin 20 generations
gen	nevals	avg       	std        	min       	max       
0  	0     	0.00554534	6.07085e-05	0.00543796	0.00563677
1  	10    	0.00556501	0.000127599	0.00545371	0.00590839
2  	10    	0.00556141	8.90014e-05	0.00544288	0.00573914
3  	10    	0.00557942	7.96226e-05	0.00549037	0.00571225
4  	10    	0.00560249	8.09019e-05	0.00544621	0.00576927
5  	10    	0.00572588	0.000239281	0.00550193	0.00635312
6  	10    	0.00557783	7.12108e-05	0.00545079	0.00567248
7  	10    	0.00566535	0.000198195	0.00550926	0.00620784
8  	10    	0.00563271	0.000153693	0.00547421	0.0060579 
9  	10    	0.00568155	0.000274314	0.00546939	0.00644066
10 	10    	0.00576763	0.000290132	0.00550393	0.00653457
11 	10    	0.00568198	0.000106815	0.00552826	0.00583154
12 	10    	0.00575584	0.00026574 	0.00558655	0.00653333
13 	10    	0.00567897	0.000164551	0.00556169	0.00615429
14 	10    	0.00563196	0.000102049	0.00550918	0.00584329
15 	10    	0.00567274	0.000257988	0.00536326	0.00615741
16 	10    	0.00559205	0.000167604	0.00539206	0.00599448
17 	10    	0.00561919	0.000293463	0.00531686	0.00615125
18 	10    	0.00556837	0.000228885	0.00541755	0.00623478
19 	10    	0.00575657	0.000332433	0.00543462	0.00635888
20 	10    	0.00569413	0.000172952	0.00542125	0.00601173
Runtime: 5.74618582200128 (s)


Final population:
Index: Selected                                    #Selected    CV          
----------------------------------------------------------------------------------------------------
    0: 1111010111010011010011111110001111010110... 100          0.0058031794
    1: 1111010101010011010011111110001110010110... 92           0.0054212494
    2: 1111010101011011010011111110011111010110... 98           0.0054579931
    3: 1111010111010011010001111110101101010110... 96           0.0057697293
    4: 1111010101010011010001111110001101010110... 93           0.0055645159
    5: 1111010101011011010001111110011111010110... 100          0.0056595455
    6: 1111010101011011010001111100001101010110... 100          0.0060117275
    7: 1111010101010011010001111110011111010110... 98           0.0056733484
    8: 1111010101011011011001111110011101010110... 99           0.005707462 
    9: 1111010101011011010001111110011101010110... 95           0.0058725062

Pickling population to: genetic_alg_settings_population_end.pkl

Hall of Fame:
Index: Selected                                    #Selected    CV          
----------------------------------------------------------------------------------------------------
    0: 1111010101011011010011111110001111010110... 97           0.0053168612
    1: 1111001101011011010100001010001111010010... 100          0.0053205336
    2: 1111010101011011010001111110001111010110... 100          0.0053360003
    3: 1111001101011111010100001010001111010110... 91           0.005348949 
    4: 1111010101011011011001111111001111010110... 100          0.0053632642
    5: 1111101101011011011100001110001110010110... 97           0.0053688241
    6: 1111001101011011010100001010001111010010... 100          0.0053697913
    7: 1111001101011011010100001111001110010110... 90           0.0053765564
    8: 1111001101011011010100011010001111010010... 99           0.0053893035
    9: 1111001101011011010100001010001111010010... 99           0.0053900693

Pickling Hall of Fame to: genetic_alg_settings_evolve_halloffame.pkl
Begin 8 of 20 repetitions
Begin 20 generations
gen	nevals	avg       	std        	min       	max       
0  	0     	0.00569413	0.000172952	0.00542125	0.00601173
1  	10    	0.00561594	0.000134309	0.00548177	0.00593834
2  	10    	0.00559395	0.000104377	0.00543423	0.00572745
3  	10    	0.00553696	4.27409e-05	0.00548176	0.00562619
4  	10    	0.00559246	0.000206001	0.00538852	0.00614245
5  	10    	0.00550882	7.6778e-05 	0.00538503	0.00568965
6  	10    	0.00564883	0.000271875	0.00546021	0.00639904
7  	10    	0.00559315	0.000224494	0.00539538	0.00620195
8  	10    	0.00549787	7.33598e-05	0.00537364	0.00560375
9  	10    	0.00561865	0.000193381	0.00543403	0.0059653 
10 	10    	0.0055445 	8.23967e-05	0.00541343	0.0056661 
11 	10    	0.00560645	0.000172113	0.005402  	0.00591564
12 	10    	0.0056958 	0.000237315	0.005475  	0.00631501
13 	10    	0.00578222	0.000270782	0.00546041	0.00624149
14 	10    	0.00565546	0.000208921	0.00546526	0.0062283 
15 	10    	0.00568637	0.000132808	0.00544789	0.00585683
16 	10    	0.00564306	9.00182e-05	0.00551416	0.00581747
17 	10    	0.00564964	7.95886e-05	0.00553975	0.00579845
18 	10    	0.00563016	0.000145359	0.0054686 	0.00595235
19 	10    	0.00557228	7.83182e-05	0.00541283	0.00570047
20 	10    	0.0057088 	0.000210666	0.00543324	0.00625047
Runtime: 5.753282281999418 (s)


Final population:
Index: Selected                                    #Selected    CV          
----------------------------------------------------------------------------------------------------
    0: 1111010001011011010111111110001111010100... 98           0.005433242 
    1: 1111010101011011010011111110000110010110... 98           0.0057470551
    2: 1111010001011011010111111110001111010100... 98           0.0056333763
    3: 1111011101001010010111111110001110010110... 100          0.006250466 
    4: 1111010001011011010111111110001111010110... 100          0.0056162666
    5: 1111010001011011010111111110001111010110... 100          0.0056387444
    6: 1111010001011011001111111110001111010110... 100          0.0058742822
    7: 1111010001011011010111111110001111010100... 98           0.0056542747
    8: 1111010001011011010111111110001111010100... 100          0.0056824746
    9: 1111010101011001010111111110001110010110... 100          0.0055578243

Pickling population to: genetic_alg_settings_population_end.pkl

Hall of Fame:
Index: Selected                                    #Selected    CV          
----------------------------------------------------------------------------------------------------
    0: 1111010101011011010011111110001111010110... 97           0.0053168612
    1: 1111001101011011010100001010001111010010... 100          0.0053205336
    2: 1111010101011011010001111110001111010110... 100          0.0053360003
    3: 1111001101011111010100001010001111010110... 91           0.005348949 
    4: 1111010101011011011001111111001111010110... 100          0.0053632642
    5: 1111101101011011011100001110001110010110... 97           0.0053688241
    6: 1111001101011011010100001010001111010010... 100          0.0053697913
    7: 1111010101011011010011111110001111010110... 97           0.0053736403
    8: 1111001101011011010100001111001110010110... 90           0.0053765564
    9: 1111010101011011010011111110001110010110... 99           0.0053850302

Pickling Hall of Fame to: genetic_alg_settings_evolve_halloffame.pkl
Begin 9 of 20 repetitions
Begin 20 generations
gen	nevals	avg      	std        	min       	max       
0  	0     	0.0057088	0.000210666	0.00543324	0.00625047
1  	10    	0.00584263	0.000283924	0.00556966	0.00648725
2  	10    	0.00574619	0.000244369	0.00541714	0.00619675
3  	10    	0.00580126	0.000247275	0.00556203	0.00629823
4  	10    	0.00592731	0.000306722	0.00552704	0.00668236
5  	10    	0.00572187	0.000181179	0.0054983 	0.00611215
6  	10    	0.00565621	0.000147695	0.00552956	0.0059975 
7  	10    	0.00564242	0.00012474 	0.0055065 	0.00591217
8  	10    	0.00564783	0.000167873	0.0054016 	0.00603452
9  	10    	0.00563988	0.000292421	0.00539238	0.00646228
10 	10    	0.0056291 	0.000267244	0.00541784	0.0063583 
11 	10    	0.00547359	5.36626e-05	0.00537302	0.00557645
12 	10    	0.00548431	5.69692e-05	0.00536943	0.00556907
13 	10    	0.00557845	0.000266449	0.00541511	0.00636624
14 	10    	0.00550797	7.86118e-05	0.00543084	0.00569817
15 	10    	0.00560854	0.000331554	0.00531999	0.00654259
16 	10    	0.00557184	0.000159244	0.00537466	0.00595628
17 	10    	0.00554975	9.3218e-05 	0.00539042	0.00570462
18 	10    	0.00557861	0.000153675	0.00540957	0.00588956
19 	10    	0.00564027	0.000341797	0.00532881	0.00631836
20 	10    	0.00545019	8.479e-05  	0.00535072	0.00556666
Runtime: 5.7486252339986095 (s)


Final population:
Index: Selected                                    #Selected    CV          
----------------------------------------------------------------------------------------------------
    0: 1111010101011011000011111010101111010000... 97           0.0053853049
    1: 1111010101011011000011111010101111010010... 98           0.0054138159
    2: 1111010101011011000011111110101111010010... 94           0.0055666598
    3: 1111010111011011000011111010101111010000... 100          0.0053598998
    4: 1111010101111011000011111011101111010011... 97           0.0055656081
    5: 1111010101011011000011111010101111010010... 99           0.0053507192
    6: 1111010101011011000011111010101101010000... 100          0.0055230181
    7: 1111010101011001000011111110101111010000... 100          0.0055372356
    8: 1111011101011011000011111010101111010000... 100          0.0053581554
    9: 1111010101011011000011111111101111010001... 98           0.0054414888

Pickling population to: genetic_alg_settings_population_end.pkl

Hall of Fame:
Index: Selected                                    #Selected    CV          
----------------------------------------------------------------------------------------------------
    0: 1111010101011011010011111110001111010110... 97           0.0053168612
    1: 1111010101011011000011111010101111010000... 96           0.0053199893
    2: 1111001101011011010100001010001111010010... 100          0.0053205336
    3: 1111010101011011000011111010101111010000... 97           0.0053288135
    4: 1111010101011011010001111110001111010110... 100          0.0053360003
    5: 1111010101011011000011111010101111010000... 98           0.0053408082
    6: 1111001101011111010100001010001111010110... 91           0.005348949 
    7: 1111010101011011000011111010101111010010... 99           0.0053507192
    8: 1111011101011011000011111010101111010000... 100          0.0053581554
    9: 1111010111011011000011111010101111010000... 100          0.0053598998

Pickling Hall of Fame to: genetic_alg_settings_evolve_halloffame.pkl
Begin 10 of 20 repetitions
Begin 20 generations
gen	nevals	avg       	std      	min       	max       
0  	0     	0.00545019	8.479e-05	0.00535072	0.00556666
1  	10    	0.00559617	0.000101559	0.00545145	0.00573751
2  	10    	0.00556386	0.000177   	0.0053427 	0.00592918
3  	10    	0.00551856	0.000110985	0.00539806	0.00578861
4  	10    	0.00554131	0.000194039	0.00530204	0.00601178
5  	10    	0.0054818 	7.87197e-05	0.00531226	0.00559474
6  	10    	0.00549973	0.000100404	0.00531259	0.00565792
7  	10    	0.00556227	0.000134153	0.00539306	0.00583949
8  	10    	0.00549562	9.98032e-05	0.00534062	0.00571596
9  	10    	0.00557568	0.000277812	0.00531934	0.00612176
10 	10    	0.00546404	0.000160271	0.00530976	0.00585203
11 	10    	0.00550299	0.000178884	0.00531498	0.00594497
12 	10    	0.00541994	5.72972e-05	0.00535055	0.00553496
13 	10    	0.00545409	0.000136684	0.00530374	0.00572868
14 	10    	0.0054344 	0.000132526	0.00531668	0.00579536
15 	10    	0.0055085 	0.000176058	0.0052864 	0.00592236
16 	10    	0.00550186	0.000255879	0.00528168	0.00623454
17 	10    	0.00548571	0.00016378 	0.00538521	0.0059672 
18 	10    	0.00547157	0.000122804	0.00529563	0.00565697
19 	10    	0.00546834	7.87212e-05	0.00537461	0.0056362 
20 	10    	0.0055923 	0.000171205	0.00539351	0.00596222
Runtime: 5.76269449299798 (s)


Final population:
Index: Selected                                    #Selected    CV          
----------------------------------------------------------------------------------------------------
    0: 1111110100111011000000011010001111011010... 100          0.0056979628
    1: 1111010101111010000000011010001100011010... 96           0.0056234477
    2: 1111010101111010000000011010001110011010... 100          0.0053935136
    3: 1111010101110011000000011010001111011010... 100          0.0059622163
    4: 1111110101111010000000011010001111011010... 100          0.0054870299
    5: 1111010101111010000000011010001101010010... 98           0.0054142611
    6: 1111010101111010000000011010001101011010... 95           0.005768563 
    7: 1111010100111010000000011010001111011010... 99           0.0056028409
    8: 1111110101111001000000011010101101011010... 100          0.0055510573
    9: 1111010101111010000000011010001101011010... 97           0.0054221199

Pickling population to: genetic_alg_settings_population_end.pkl

Hall of Fame:
Index: Selected                                    #Selected    CV          
----------------------------------------------------------------------------------------------------
    0: 1111010101111011000000011010001111011010... 99           0.0052816794
    1: 1111010101111011000000011010001111011010... 100          0.0052864034
    2: 1111010101111011000000011010001110011010... 100          0.0052956286
    3: 1111011101011011000010111010101111011010... 98           0.0053020395
    4: 1111010101011011000000011110101111011010... 98           0.0053037417
    5: 1111010101111011000000011010101111011010... 99           0.0053038439
    6: 1111010101011011000000111010101111111010... 99           0.0053097633
    7: 1111010101011011000010111010101111011010... 95           0.0053122587
    8: 1111010101011011000010111010101111011010... 96           0.005312591 
    9: 1111010101011011000000111010101111011010... 96           0.0053149838

Pickling Hall of Fame to: genetic_alg_settings_evolve_halloffame.pkl
Begin 11 of 20 repetitions
Begin 20 generations
gen	nevals	avg      	std        	min       	max       
0  	0     	0.0055923	0.000171205	0.00539351	0.00596222
1  	10    	0.00554192	0.000191113	0.00533133	0.0059373 
2  	10    	0.00553031	0.000130115	0.00537085	0.0058239 
3  	10    	0.00556005	0.000272421	0.00531341	0.00627543
4  	10    	0.00545197	9.88726e-05	0.00530255	0.00560901
5  	10    	0.00556838	0.00027031 	0.00530958	0.00611873
6  	10    	0.00561459	0.000278038	0.00529794	0.0061948 
7  	10    	0.00557596	0.0003473  	0.00531009	0.00654386
8  	10    	0.00548021	0.000123053	0.00533601	0.00580366
9  	10    	0.00544913	0.000154738	0.00525631	0.00569237
10 	10    	0.0054743 	0.00016474 	0.00527266	0.00592137
11 	10    	0.00548394	0.000131881	0.00528512	0.00571521
12 	10    	0.00549353	0.000107307	0.0052576 	0.00560614
13 	10    	0.00540191	9.12671e-05	0.00525823	0.0055911 
14 	10    	0.0054258 	9.25419e-05	0.00531676	0.00561372
15 	10    	0.00540235	0.000149032	0.00526564	0.0057975 
16 	10    	0.00544828	0.000215897	0.00521643	0.00603731
17 	10    	0.00550358	0.000338459	0.005217  	0.00636672
18 	10    	0.00540678	0.000129838	0.00522936	0.00562861
19 	10    	0.00539447	5.84753e-05	0.00527974	0.00549826
20 	10    	0.005485  	0.000149247	0.00528255	0.00578567
Runtime: 5.765744189000543 (s)


Final population:
Index: Selected                                    #Selected    CV          
----------------------------------------------------------------------------------------------------
    0: 1111010101111010000000011010001100110010... 100          0.0053663388
    1: 1111010101111010000000011010001100010010... 93           0.0057856658
    2: 1111010101111010000000011010001100010010... 95           0.0052825454
    3: 1111010101101010000000011010001110010010... 100          0.0056753561
    4: 1111010101111010000000011110001100010010... 97           0.005384395 
    5: 1111010101011000000001011010001101010010... 100          0.0055248715
    6: 1111010101011010000000011010001100010010... 98           0.0053879936
    7: 1111010101111010000000011010001100010010... 98           0.0053704648
    8: 1111010101011010000000011010001100010010... 99           0.0055082226
    9: 1111010101011010000000011010001100110010... 98           0.0055641539

Pickling population to: genetic_alg_settings_population_end.pkl

Hall of Fame:
Index: Selected                                    #Selected    CV          
----------------------------------------------------------------------------------------------------
    0: 1111010101111010000000011010001100010010... 95           0.0052164268
    1: 1111010101111010010000011010001100010010... 97           0.0052170046
    2: 1111010101111011000000011010001100010010... 94           0.0052293629
    3: 1111010101111010000000011010001100010010... 96           0.0052529647
    4: 1111000101111010000000011010001100011010... 97           0.0052563109
    5: 1111010101111010000000011010001100010010... 96           0.0052576005
    6: 1111010101111010000000011010001100010010... 96           0.0052582276
    7: 1111010101111110000000011010001100010010... 100          0.0052656388
    8: 1111010101011010000000011010001101010010... 100          0.0052726581
    9: 1111010101111010000000011010001100010010... 98           0.0052797351

Pickling Hall of Fame to: genetic_alg_settings_evolve_halloffame.pkl
Begin 12 of 20 repetitions
Begin 20 generations
gen	nevals	avg     	std        	min       	max       
0  	0     	0.005485	0.000149247	0.00528255	0.00578567
1  	10    	0.00556943	0.000208665	0.00523917	0.00594277
2  	10    	0.00537627	4.37275e-05	0.00531304	0.00547745
3  	10    	0.00559567	0.00027875 	0.00537782	0.00639027
4  	10    	0.00571237	0.000384869	0.00534792	0.00646702
5  	10    	0.00564867	0.000418881	0.00523847	0.00664086
6  	10    	0.00549486	0.000153199	0.00534405	0.00583492
7  	10    	0.00558907	0.000188314	0.0054426 	0.00611151
8  	10    	0.00559073	6.80058e-05	0.00549807	0.00572661
9  	10    	0.0055124 	0.000114052	0.00536365	0.00576396
10 	10    	0.00552852	8.78247e-05	0.00532735	0.00564331
11 	10    	0.00566285	0.000299695	0.00541279	0.00644606
12 	10    	0.00576464	0.000160248	0.00555046	0.00611985
13 	10    	0.00563299	0.000118183	0.00541135	0.00582749
14 	10    	0.00564387	0.00014207 	0.00545753	0.00590715
15 	10    	0.00558956	0.000105064	0.0054514 	0.00583349
16 	10    	0.00573727	0.000180494	0.00543947	0.00607963
17 	10    	0.00559164	0.000127913	0.005355  	0.00587086
18 	10    	0.00565281	0.000261324	0.00546562	0.00640495
19 	10    	0.00552913	0.000101469	0.00535419	0.00572966
20 	10    	0.0055385 	9.24121e-05	0.0053822 	0.00570714
Runtime: 5.816163912000775 (s)


Final population:
Index: Selected                                    #Selected    CV          
----------------------------------------------------------------------------------------------------
    0: 1111010111011010001000011010001110010010... 98           0.0054439676
    1: 1111010101011010001000011110001000011010... 100          0.005707137 
    2: 1111010101011010001000001010001100010011... 100          0.005382202 
    3: 1111110101011010001000011110001110010010... 100          0.0055250868
    4: 1111010101010000001000011110001110011011... 100          0.0056500926
    5: 1111110101011010000000001010001100110010... 95           0.0055735777
    6: 1111010101011010001000011010001100010011... 97           0.0055438049
    7: 1111010101011010001000011010001110010011... 94           0.0055840034
    8: 1111110101011010001000001110001100010010... 99           0.0055225291
    9: 1111110101011010001000001110001100010010... 100          0.0054525986

Pickling population to: genetic_alg_settings_population_end.pkl

Hall of Fame:
Index: Selected                                    #Selected    CV          
----------------------------------------------------------------------------------------------------
    0: 1111010101111010000000011010001100010010... 95           0.0052164268
    1: 1111010101111010010000011010001100010010... 97           0.0052170046
    2: 1111010101111011000000011010001100010010... 94           0.0052293629
    3: 1111010101011010000000011010001100010110... 100          0.0052384661
    4: 1111010101011010000000011010001100010010... 100          0.0052391685
    5: 1111010101111010000000011010001100010010... 96           0.0052529647
    6: 1111000101111010000000011010001100011010... 97           0.0052563109
    7: 1111010101111010000000011010001100010010... 96           0.0052576005
    8: 1111010101111010000000011010001100010010... 96           0.0052582276
    9: 1111010101011010000000011010001100010110... 100          0.0052625688

Pickling Hall of Fame to: genetic_alg_settings_evolve_halloffame.pkl
Begin 13 of 20 repetitions
Begin 20 generations
gen	nevals	avg      	std        	min      	max       
0  	0     	0.0055385	9.24121e-05	0.0053822	0.00570714
1  	10    	0.00571497	0.000620896	0.00532978	0.00755015
2  	10    	0.00561393	0.000158768	0.00543864	0.0059179 
3  	10    	0.00554466	8.11414e-05	0.00541314	0.00565145
4  	10    	0.00562084	0.000185797	0.00536078	0.00591693
5  	10    	0.00563229	0.000227171	0.00546792	0.00621737
6  	10    	0.00570306	0.000331553	0.00534298	0.00639035
7  	10    	0.00560176	0.000194997	0.0053417 	0.00592342
8  	10    	0.00584094	0.000586715	0.00544105	0.00752787
9  	10    	0.00563747	0.000169569	0.00542947	0.00596672
10 	10    	0.00564628	0.000360708	0.00534373	0.00666227
11 	10    	0.00566642	0.000255735	0.00538937	0.00618708
12 	10    	0.005585  	0.00015655 	0.00539536	0.00593119
13 	10    	0.00566272	0.000264019	0.00542334	0.00618272
14 	10    	0.0055633 	0.000134603	0.00542621	0.00590393
15 	10    	0.00567727	0.00033187 	0.00540978	0.00658654
16 	10    	0.00555264	0.000159962	0.00540055	0.0059402 
17 	10    	0.00557134	0.000141007	0.00539059	0.00581839
18 	10    	0.00551971	0.000173581	0.00539381	0.0059336 
19 	10    	0.00553044	8.85835e-05	0.00534086	0.00567667
20 	10    	0.00561406	0.000301871	0.00538629	0.00637392
Runtime: 5.792159976997937 (s)


Final population:
Index: Selected                                    #Selected    CV          
----------------------------------------------------------------------------------------------------
    0: 1111110111011010000000011010001110010010... 97           0.005534494 
    1: 1111110111011010001000011010001110010010... 96           0.0054391363
    2: 1110110111011010001000011010001110010010... 89           0.0063739166
    3: 1111110111011010000000011010001110010001... 100          0.0055008692
    4: 1111110111111010000000001010001010010001... 100          0.0060003778
    5: 1111110111011010000000011010001110010010... 95           0.0054214315
    6: 1111110111011010000000011010001110010010... 99           0.0053862918
    7: 1111110111111010001000011010001110010011... 98           0.005495112 
    8: 1111110111111010000000011010001110010010... 95           0.005454719 
    9: 1111110111111010000000011011001110010011... 100          0.0055342172

Pickling population to: genetic_alg_settings_population_end.pkl

Hall of Fame:
Index: Selected                                    #Selected    CV          
----------------------------------------------------------------------------------------------------
    0: 1111010101111010000000011010001100010010... 95           0.0052164268
    1: 1111010101111010010000011010001100010010... 97           0.0052170046
    2: 1111010101111011000000011010001100010010... 94           0.0052293629
    3: 1111010101011010000000011010001100010110... 100          0.0052384661
    4: 1111010101011010000000011010001100010010... 100          0.0052391685
    5: 1111010101111010000000011010001100010010... 96           0.0052529647
    6: 1111000101111010000000011010001100011010... 97           0.0052563109
    7: 1111010101111010000000011010001100010010... 96           0.0052576005
    8: 1111010101111010000000011010001100010010... 96           0.0052582276
    9: 1111010101011010000000011010001100010110... 100          0.0052625688

Pickling Hall of Fame to: genetic_alg_settings_evolve_halloffame.pkl
Begin 14 of 20 repetitions
Begin 20 generations
gen	nevals	avg       	std        	min       	max       
0  	0     	0.00561406	0.000301871	0.00538629	0.00637392
1  	10    	0.00556441	0.000186573	0.00539914	0.00605   
2  	10    	0.00548417	0.00012304 	0.00535427	0.00577802
3  	10    	0.00544983	8.09907e-05	0.00529229	0.00558438
4  	10    	0.00551253	0.000271359	0.0053093 	0.00604631
5  	10    	0.00556312	0.000229597	0.00532651	0.00608782
6  	10    	0.00548045	0.000169534	0.00526658	0.00579182
7  	10    	0.00552401	0.00013315 	0.00526025	0.00580037
8  	10    	0.00557555	0.000370491	0.00528172	0.00664207
9  	10    	0.0054903 	0.000119354	0.00530304	0.0056853 
10 	10    	0.005452  	0.000123679	0.00535631	0.00576979
11 	10    	0.00544401	8.5895e-05 	0.00533041	0.00566332
12 	10    	0.00549561	8.74535e-05	0.00531987	0.00559865
13 	10    	0.0055461 	0.000176245	0.00532393	0.0058976 
14 	10    	0.00562313	0.000323528	0.00531031	0.00636793
15 	10    	0.00556326	0.000159206	0.00537917	0.00593177
16 	10    	0.00546241	0.000147095	0.00531653	0.00570726
17 	10    	0.00546923	7.49094e-05	0.00538537	0.00567089
18 	10    	0.00571871	0.000334239	0.00530405	0.00655234
19 	10    	0.00557483	0.000174439	0.0053313 	0.00585597
20 	10    	0.00561327	0.000232646	0.00542775	0.00611215
Runtime: 5.8197937839977385 (s)


Final population:
Index: Selected                                    #Selected    CV          
----------------------------------------------------------------------------------------------------
    0: 1111110001010010000001011010011110010110... 97           0.0059484229
    1: 1111110101011010000101011010011110010010... 100          0.0054277462
    2: 1111110101011110000001011010011110010010... 98           0.0056311734
    3: 1111110101011010000001011010011110010010... 100          0.0057370929
    4: 1111110101011000000001011010011110010110... 98           0.0054436274
    5: 1111110001011110000101011010011110010010... 98           0.0054487221
    6: 1111110101011010000001011010011010010010... 95           0.0061121479
    7: 1111010101011010000101011010011110010010... 100          0.0054302201
    8: 1111110101011110000001011010011110011010... 100          0.0055175438
    9: 1111110101011010000001011011011110010010... 96           0.0054359689

Pickling population to: genetic_alg_settings_population_end.pkl

Hall of Fame:
Index: Selected                                    #Selected    CV          
----------------------------------------------------------------------------------------------------
    0: 1111010101111010000000011010001100010010... 95           0.0052164268
    1: 1111010101111010010000011010001100010010... 97           0.0052170046
    2: 1111010101111011000000011010001100010010... 94           0.0052293629
    3: 1111010101011010000000011010001100010110... 100          0.0052384661
    4: 1111010101011010000000011010001100010010... 100          0.0052391685
    5: 1111010101111010000000011010001100010010... 96           0.0052529647
    6: 1111000101111010000000011010001100011010... 97           0.0052563109
    7: 1111010101111010000000011010001100010010... 96           0.0052576005
    8: 1111010101111010000000011010001100010010... 96           0.0052582276
    9: 1111110111011010000000011010011110010010... 97           0.005260255 

Pickling Hall of Fame to: genetic_alg_settings_evolve_halloffame.pkl
Begin 15 of 20 repetitions
Begin 20 generations
gen	nevals	avg       	std        	min       	max       
0  	0     	0.00561327	0.000232646	0.00542775	0.00611215
1  	10    	0.00558181	0.000188705	0.00532942	0.00594677
2  	10    	0.00553246	0.000242189	0.00529033	0.00612941
3  	10    	0.00576368	0.00036473 	0.00537296	0.00674687
4  	10    	0.00569711	0.000224589	0.00548001	0.00617314
5  	10    	0.00571447	0.000367954	0.00540347	0.00662168
6  	10    	0.00579216	0.000385489	0.00537442	0.00662571
7  	10    	0.00574582	0.000395067	0.00535966	0.00682157
8  	10    	0.00559115	0.000142577	0.00533921	0.0057535 
9  	10    	0.00571992	0.000295703	0.00536837	0.00644712
10 	10    	0.00557702	0.000162912	0.00534774	0.00595099
11 	10    	0.00570883	0.000618496	0.00538533	0.0075359 
12 	10    	0.00554344	0.00016086 	0.00535759	0.00581919
13 	10    	0.00556297	0.000266771	0.00528679	0.00627994
14 	10    	0.00566184	0.000359066	0.0053716 	0.00641586
15 	10    	0.00553086	0.000152778	0.0054067 	0.00590549
16 	10    	0.00547477	8.32801e-05	0.00532796	0.0055912 
17 	10    	0.00544855	8.49249e-05	0.00534242	0.00557857
18 	10    	0.00549225	0.000168053	0.00533928	0.00582978
19 	10    	0.00549816	9.66989e-05	0.00535682	0.0056794 
20 	10    	0.00555049	0.000216454	0.00534728	0.00611784
Runtime: 5.779852676998416 (s)


Final population:
Index: Selected                                    #Selected    CV          
----------------------------------------------------------------------------------------------------
    0: 1111010001111110000100011000011110010011... 100          0.0061178405
    1: 1111010001111100000101011010011111010000... 100          0.0054589114
    2: 1111010001111110000101011011011110010010... 100          0.0054223684
    3: 1111010001111110000100011010011111010010... 98           0.0054134444
    4: 1111011001111110000100011011011110010010... 100          0.0053472812
    5: 1111010001011110000101011010011110010010... 98           0.0054420876
    6: 1111010001111110000100011010011110010011... 98           0.0054578682
    7: 1111010001111110000100011010011110010010... 100          0.005539913 
    8: 1111010001111111000100011010011110010011... 100          0.0057537597
    9: 1111010001111110000100011010011110000000... 96           0.0055514429

Pickling population to: genetic_alg_settings_population_end.pkl

Hall of Fame:
Index: Selected                                    #Selected    CV          
----------------------------------------------------------------------------------------------------
    0: 1111010101111010000000011010001100010010... 95           0.0052164268
    1: 1111010101111010010000011010001100010010... 97           0.0052170046
    2: 1111010101111011000000011010001100010010... 94           0.0052293629
    3: 1111010101011010000000011010001100010110... 100          0.0052384661
    4: 1111010101011010000000011010001100010010... 100          0.0052391685
    5: 1111010101111010000000011010001100010010... 96           0.0052529647
    6: 1111000101111010000000011010001100011010... 97           0.0052563109
    7: 1111010101111010000000011010001100010010... 96           0.0052576005
    8: 1111010101111010000000011010001100010010... 96           0.0052582276
    9: 1111110111011010000000011010011110010010... 97           0.005260255 

Pickling Hall of Fame to: genetic_alg_settings_evolve_halloffame.pkl
Begin 16 of 20 repetitions
Begin 20 generations
gen	nevals	avg       	std        	min       	max       
0  	0     	0.00555049	0.000216454	0.00534728	0.00611784
1  	10    	0.0055064 	0.000109673	0.00534155	0.00572338
2  	10    	0.00549628	8.77576e-05	0.00534996	0.0056335 
3  	10    	0.00556456	0.000212568	0.00536003	0.00605188
4  	10    	0.00554659	0.000198242	0.00542456	0.00612566
5  	10    	0.00560797	0.00025514 	0.00540394	0.00631325
6  	10    	0.00561638	0.000239478	0.00536731	0.00620903
7  	10    	0.00560505	0.000213993	0.00537585	0.00610629
8  	10    	0.00566663	0.000339558	0.00538585	0.00663004
9  	10    	0.0056021 	0.000165055	0.00545081	0.00602239
10 	10    	0.00565117	0.000341562	0.00539257	0.00642904
11 	10    	0.00549607	9.36864e-05	0.00531676	0.00563113
12 	10    	0.00543221	9.67412e-05	0.0052959 	0.00558944
13 	10    	0.00553483	0.000198664	0.00535812	0.00604422
14 	10    	0.0055713 	0.000433792	0.00531128	0.00685614
15 	10    	0.00556706	0.000188195	0.00533403	0.00586836
16 	10    	0.00540906	0.000103728	0.00529732	0.00560713
17 	10    	0.00541614	6.69759e-05	0.00533264	0.00554725
18 	10    	0.0055017 	0.000121564	0.00535031	0.00579986
19 	10    	0.0055432 	0.000217463	0.00536955	0.00616714
20 	10    	0.00561652	0.000195453	0.00538437	0.00608714
Runtime: 5.78223275399796 (s)


Final population:
Index: Selected                                    #Selected    CV          
----------------------------------------------------------------------------------------------------
    0: 1111010001111100000001011111101111010100... 97           0.0056765365
    1: 1111010001101110000001001111001111010100... 100          0.0057206077
    2: 1111010001111100000001011111001111010100... 96           0.0055217126
    3: 1111010101111101100001011111001111010100... 98           0.0060871365
    4: 1111010001111100000101011111001111010100... 97           0.0056544441
    5: 1111010001111110000001011111001111010100... 95           0.0054708815
    6: 1111010001111110000101011111101111010100... 100          0.0054823084
    7: 1111010001111110000001001111001111010100... 96           0.0054415044
    8: 1111010001101110000001011011001110010100... 96           0.0057257326
    9: 1111010001111110000101011111001111010100... 100          0.0053843687

Pickling population to: genetic_alg_settings_population_end.pkl

Hall of Fame:
Index: Selected                                    #Selected    CV          
----------------------------------------------------------------------------------------------------
    0: 1111010101111010000000011010001100010010... 95           0.0052164268
    1: 1111010101111010010000011010001100010010... 97           0.0052170046
    2: 1111010101111011000000011010001100010010... 94           0.0052293629
    3: 1111010101011010000000011010001100010110... 100          0.0052384661
    4: 1111010101011010000000011010001100010010... 100          0.0052391685
    5: 1111010101111010000000011010001100010010... 96           0.0052529647
    6: 1111000101111010000000011010001100011010... 97           0.0052563109
    7: 1111010101111010000000011010001100010010... 96           0.0052576005
    8: 1111010101111010000000011010001100010010... 96           0.0052582276
    9: 1111110111011010000000011010011110010010... 97           0.005260255 

Pickling Hall of Fame to: genetic_alg_settings_evolve_halloffame.pkl
Begin 17 of 20 repetitions
Begin 20 generations
gen	nevals	avg       	std        	min       	max       
0  	0     	0.00561652	0.000195453	0.00538437	0.00608714
1  	10    	0.00545577	9.02486e-05	0.00530488	0.00560666
2  	10    	0.00546211	8.25064e-05	0.00530873	0.00562678
3  	10    	0.0054622 	7.6849e-05 	0.00534945	0.00562621
4  	10    	0.00548054	0.000138254	0.00529888	0.00569743
5  	10    	0.00564145	0.000145458	0.00545805	0.00584765
6  	10    	0.00563452	0.000358249	0.00531712	0.00666558
7  	10    	0.00561965	0.000272439	0.00534862	0.00634605
8  	10    	0.00571341	0.000380225	0.00532216	0.00662847
9  	10    	0.00556469	0.000175683	0.00532516	0.00593411
10 	10    	0.00573357	0.000409688	0.00544546	0.00686354
11 	10    	0.00574071	0.000445327	0.00531535	0.00689517
12 	10    	0.00568118	0.000168688	0.00545653	0.00593224
13 	10    	0.00561827	0.000203556	0.00537653	0.00606033
14 	10    	0.00558113	0.000160838	0.00536811	0.00579198
15 	10    	0.00563105	0.000212215	0.00534984	0.00600907
16 	10    	0.00549687	0.000137032	0.00530764	0.00577624
17 	10    	0.00555605	0.000270137	0.00538202	0.00633521
18 	10    	0.00542775	4.67123e-05	0.0053545 	0.00552359
19 	10    	0.00557806	0.000362382	0.00533617	0.00663883
20 	10    	0.00558269	0.000200782	0.00535183	0.00602818
Runtime: 5.781689314000687 (s)


Final population:
Index: Selected                                    #Selected    CV          
----------------------------------------------------------------------------------------------------
    0: 1111010001011110100001011111001110110100... 100          0.0060281834
    1: 1111010001011110100001011111001110010100... 96           0.0055041146
    2: 1110010001011110100001011111001110010100... 93           0.0058868516
    3: 1111010001011110100001011111001110010100... 99           0.0055899472
    4: 1111010001011110100001011111001110000100... 100          0.0055529878
    5: 1111010001011111100001011111001110010100... 96           0.0054206566
    6: 1111010001011110100001011111001110110100... 98           0.005351831 
    7: 1111010001011110000001011111001110110000... 100          0.0055393805
    8: 1111010001011110100001011111001110110100... 97           0.0054535551
    9: 1111010001011110100001011111001110010101... 97           0.0054993542

Pickling population to: genetic_alg_settings_population_end.pkl

Hall of Fame:
Index: Selected                                    #Selected    CV          
----------------------------------------------------------------------------------------------------
    0: 1111010101111010000000011010001100010010... 95           0.0052164268
    1: 1111010101111010010000011010001100010010... 97           0.0052170046
    2: 1111010101111011000000011010001100010010... 94           0.0052293629
    3: 1111010101011010000000011010001100010110... 100          0.0052384661
    4: 1111010101011010000000011010001100010010... 100          0.0052391685
    5: 1111010101111010000000011010001100010010... 96           0.0052529647
    6: 1111000101111010000000011010001100011010... 97           0.0052563109
    7: 1111010101111010000000011010001100010010... 96           0.0052576005
    8: 1111010101111010000000011010001100010010... 96           0.0052582276
    9: 1111110111011010000000011010011110010010... 97           0.005260255 

Pickling Hall of Fame to: genetic_alg_settings_evolve_halloffame.pkl
Begin 18 of 20 repetitions
Begin 20 generations
gen	nevals	avg       	std        	min       	max       
0  	0     	0.00558269	0.000200782	0.00535183	0.00602818
1  	10    	0.0056436 	0.000264857	0.00534055	0.00636736
2  	10    	0.00570033	0.000468201	0.0053207 	0.00674257
3  	10    	0.00549727	0.000136955	0.00536163	0.00579865
4  	10    	0.00543978	9.17885e-05	0.00532228	0.00564516
5  	10    	0.00562972	0.000308373	0.00531586	0.00622131
6  	10    	0.00550582	9.8358e-05 	0.00528391	0.00567452
7  	10    	0.00555163	0.000153937	0.00537277	0.00596593
8  	10    	0.00555943	0.000193978	0.00537964	0.00610154
9  	10    	0.0056264 	0.000311975	0.00539929	0.00646953
10 	10    	0.00554744	8.91999e-05	0.00543995	0.00573824
11 	10    	0.00558637	0.000136792	0.00538307	0.00591356
12 	10    	0.00554144	0.000196385	0.00539376	0.00597837
13 	10    	0.00564856	0.000196583	0.00543991	0.00611645
14 	10    	0.00574317	0.000465513	0.00542017	0.00707716
15 	10    	0.00553793	0.000138907	0.00532769	0.00585365
16 	10    	0.00548506	0.000159218	0.00530472	0.00592242
17 	10    	0.00557641	0.000133915	0.0054274 	0.00586563
18 	10    	0.0055641 	0.000103221	0.00540267	0.00569376
19 	10    	0.00557272	0.000131995	0.00541697	0.0058676 
20 	10    	0.00566486	0.000395004	0.00538125	0.00681533
Runtime: 5.767510770001536 (s)


Final population:
Index: Selected                                    #Selected    CV          
----------------------------------------------------------------------------------------------------
    0: 1111110111011110000001011110001110010000... 99           0.0054619871
    1: 1111110011011110000001011000001110010100... 100          0.0068153326
    2: 1111110011011110000001011010001110010000... 98           0.0055511515
    3: 1111110111011110000001011110001110010100... 100          0.0054825534
    4: 1111110111011100000001011010001110010100... 100          0.0055733768
    5: 1111110111011110000001011010001110010100... 100          0.0055076977
    6: 1111110011011110000001011110001110010100... 100          0.0053812534
    7: 1111110111011110000001011010001110010000... 98           0.0056620012
    8: 1111110111011110000001011010001110010000... 98           0.0054860329
    9: 1111110011011110000001011110001110010100... 99           0.0057271929

Pickling population to: genetic_alg_settings_population_end.pkl

Hall of Fame:
Index: Selected                                    #Selected    CV          
----------------------------------------------------------------------------------------------------
    0: 1111010101111010000000011010001100010010... 95           0.0052164268
    1: 1111010101111010010000011010001100010010... 97           0.0052170046
    2: 1111010101111011000000011010001100010010... 94           0.0052293629
    3: 1111010101011010000000011010001100010110... 100          0.0052384661
    4: 1111010101011010000000011010001100010010... 100          0.0052391685
    5: 1111010101111010000000011010001100010010... 96           0.0052529647
    6: 1111000101111010000000011010001100011010... 97           0.0052563109
    7: 1111010101111010000000011010001100010010... 96           0.0052576005
    8: 1111010101111010000000011010001100010010... 96           0.0052582276
    9: 1111110111011010000000011010011110010010... 97           0.005260255 

Pickling Hall of Fame to: genetic_alg_settings_evolve_halloffame.pkl
Begin 19 of 20 repetitions
Begin 20 generations
gen	nevals	avg       	std        	min       	max       
0  	0     	0.00566486	0.000395004	0.00538125	0.00681533
1  	10    	0.00558524	0.000246021	0.00537325	0.00630117
2  	10    	0.00563649	0.000246593	0.00543409	0.00628726
3  	10    	0.00551792	0.000149007	0.00534628	0.00575044
4  	10    	0.00560565	0.000281254	0.00537954	0.00637218
5  	10    	0.00556227	0.000229862	0.00536955	0.00608794
6  	10    	0.00551918	0.000151998	0.005347  	0.00586448
7  	10    	0.00577797	0.00037528 	0.00547589	0.00667722
8  	10    	0.00578816	0.0004257  	0.00547169	0.00663507
9  	10    	0.00572485	0.00029025 	0.0053318 	0.00628268
10 	10    	0.00571676	0.000401758	0.00535162	0.00685283
11 	10    	0.0056316 	0.000270221	0.00538699	0.00632905
12 	10    	0.00550506	9.31846e-05	0.00534707	0.00564449
13 	10    	0.00543805	9.67881e-05	0.00523558	0.00559838
14 	10    	0.00550896	0.00014653 	0.00531484	0.00584338
15 	10    	0.00550503	0.000175219	0.00527057	0.00582322
16 	10    	0.00547741	0.000166006	0.00526501	0.00580381
17 	10    	0.00550732	0.00033693 	0.00524781	0.00643646
18 	10    	0.0054911 	0.000222465	0.00526273	0.00603869
19 	10    	0.00545028	0.000101402	0.00530641	0.00561198
20 	10    	0.00543261	0.00012495 	0.00526567	0.00571129
Runtime: 5.819379018998006 (s)


Final population:
Index: Selected                                    #Selected    CV          
----------------------------------------------------------------------------------------------------
    0: 1111110011111110010001011110001110010000... 100          0.0053783704
    1: 1111110011111110000001011110001110010000... 100          0.0052834939
    2: 1111110011111110000001011110001110010000... 100          0.0054871041
    3: 1111110011111110000001011110101110010010... 100          0.005543814 
    4: 1111110001111110000001011110001110000000... 95           0.0054871015
    5: 1111110011111110000001011110001110010000... 100          0.0053811354
    6: 1111110011111110000001011110001110010000... 100          0.0052656696
    7: 1111110011111110000001011110001110010000... 100          0.0054213256
    8: 1111110011111110000001011110001110010000... 100          0.0053667618
    9: 1111110011111110000001011110001110010000... 100          0.0057112871

Pickling population to: genetic_alg_settings_population_end.pkl

Hall of Fame:
Index: Selected                                    #Selected    CV          
----------------------------------------------------------------------------------------------------
    0: 1111010101111010000000011010001100010010... 95           0.0052164268
    1: 1111010101111010010000011010001100010010... 97           0.0052170046
    2: 1111010101111011000000011010001100010010... 94           0.0052293629
    3: 1111110011111110001001011110001110010000... 99           0.0052355797
    4: 1111010101011010000000011010001100010110... 100          0.0052384661
    5: 1111010101011010000000011010001100010010... 100          0.0052391685
    6: 1111110011111110000001011110001110010000... 100          0.0052478125
    7: 1111010101111010000000011010001100010010... 96           0.0052529647
    8: 1111000101111010000000011010001100011010... 97           0.0052563109
    9: 1111010101111010000000011010001100010010... 96           0.0052576005

Pickling Hall of Fame to: genetic_alg_settings_evolve_halloffame.pkl
Begin 20 of 20 repetitions
Begin 20 generations
gen	nevals	avg       	std       	min       	max       
0  	0     	0.00543261	0.00012495	0.00526567	0.00571129
1  	10    	0.00571189	0.000280211	0.0054149 	0.00620327
2  	10    	0.00583692	0.000389461	0.00543844	0.00665584
3  	10    	0.00580304	0.000602824	0.00535695	0.00738641
4  	10    	0.00570141	0.000271131	0.00545048	0.00642012
5  	10    	0.00571951	0.000240023	0.00547648	0.00636091
6  	10    	0.00566947	0.000133851	0.00547703	0.00588741
7  	10    	0.00561364	0.000112174	0.00545741	0.0058086 
8  	10    	0.00557819	0.000131456	0.00541865	0.00590189
9  	10    	0.00571734	0.00032701 	0.00541529	0.00636156
10 	10    	0.00551302	8.05494e-05	0.00540257	0.00567752
11 	10    	0.00568153	0.000504495	0.00543015	0.00717521
12 	10    	0.00558432	0.000105649	0.00538091	0.00575297
13 	10    	0.00556631	7.66761e-05	0.00546541	0.00567866
14 	10    	0.00563178	0.000103502	0.00541301	0.00579148
15 	10    	0.00560124	0.000151885	0.00535655	0.0057885 
16 	10    	0.00565872	0.000381957	0.005408  	0.00674451
17 	10    	0.00563883	0.000308956	0.00530438	0.00622461
18 	10    	0.00560277	0.000337294	0.00531303	0.00647199
19 	10    	0.00547784	0.000130876	0.00526689	0.00573911
20 	10    	0.00562272	0.000327724	0.00536199	0.00634167
Runtime: 5.798043012000562 (s)


Final population:
Index: Selected                                    #Selected    CV          
----------------------------------------------------------------------------------------------------
    0: 1111010011011110001001011111001110010000... 99           0.0055084347
    1: 1110110011111110000001011111011110010000... 96           0.0063416678
    2: 1111110011011110000001011111001110010000... 96           0.0054450738
    3: 1111010011111000000001011111001110010000... 96           0.005502303 
    4: 1111010011011010000001011111001110010000... 93           0.0054295272
    5: 1111110011111110000001011111001110000000... 99           0.0055119505
    6: 1111110011011010000001011111001110010000... 97           0.0055769856
    7: 1111110011011110000001011111001110010000... 99           0.0053619942
    8: 1111110011011110000001011111001110010000... 99           0.0053670784
    9: 1110110011011010000001011111001110010000... 93           0.0061821921

Pickling population to: genetic_alg_settings_population_end.pkl

Hall of Fame:
Index: Selected                                    #Selected    CV          
----------------------------------------------------------------------------------------------------
    0: 1111010101111010000000011010001100010010... 95           0.0052164268
    1: 1111010101111010010000011010001100010010... 97           0.0052170046
    2: 1111010101111011000000011010001100010010... 94           0.0052293629
    3: 1111110011111110001001011110001110010000... 99           0.0052355797
    4: 1111010101011010000000011010001100010110... 100          0.0052384661
    5: 1111010101011010000000011010001100010010... 100          0.0052391685
    6: 1111110011111110000001011110001110010000... 100          0.0052478125
    7: 1111010101111010000000011010001100010010... 96           0.0052529647
    8: 1111000101111010000000011010001100011010... 97           0.0052563109
    9: 1111010101111010000000011010001100010010... 96           0.0052576005

Pickling Hall of Fame to: genetic_alg_settings_evolve_halloffame.pkl
#   DONE  Runtime: 112.29839201600043 (s)

Adding statistics...
  DONE

Result:
Index: Selected                                    #Selected    CV           RMS          wRMS         Estimator                FeatureSelection         Note
--------------------------------------------------------------------------------------------------------------------------------------------------------------------
    0: 1111010101111010000000011010001100010010... 95           0.0052164268 0.0043839641 0.0044058465 LinearRegression         GeneticAlgorithm         
    1: 1111010101111010010000011010001100010010... 97           0.0052170046 0.0043667592 0.0043889349 LinearRegression         GeneticAlgorithm         
    2: 1111010101111011000000011010001100010010... 94           0.0052293629 0.0044057756 0.0044268905 LinearRegression         GeneticAlgorithm         
    3: 1111110011111110001001011110001110010000... 99           0.0052355797 0.004330098  0.0043480622 LinearRegression         GeneticAlgorithm         
    4: 1111010101011010000000011010001100010110... 100          0.0052384661 0.004353105  0.0043736392 LinearRegression         GeneticAlgorithm         
    5: 1111010101011010000000011010001100010010... 100          0.0052391685 0.0043621058 0.0043809955 LinearRegression         GeneticAlgorithm         
    6: 1111110011111110000001011110001110010000... 100          0.0052478125 0.0043766686 0.0043988505 LinearRegression         GeneticAlgorithm         
    7: 1111010101111010000000011010001100010010... 96           0.0052529647 0.0043756972 0.0043980121 LinearRegression         GeneticAlgorithm         
    8: 1111000101111010000000011010001100011010... 97           0.0052563109 0.0043914636 0.0044215441 LinearRegression         GeneticAlgorithm         
    9: 1111010101111010000000011010001100010010... 96           0.0052576005 0.0043850894 0.0044090662 LinearRegression         GeneticAlgorithm         

Pickling Hall of Fame to: genetic_alg_settings_halloffame.pkl
