Loading genetic_alg_settings.json
# Hall of Fame size: 10 

# Get problem data...
# wHullDist: Will calculate hull distance: hull_dist(CALCULATED,atom_frac)
# Query requested: ['formation_energy', 'is_calculated', 'corr', 'hull_dist(CALCULATED,atom_frac)']
# Use existing: []
# Querying: ['formation_energy', 'is_calculated', 'corr', 'hull_dist(CALCULATED,atom_frac)']
#   DONE

# Target: formation_energy
# Training samples: 627
# Features: 253 

# Weighting:
{
  "method": "wHullDist",
  "kwargs": {
    "A": 1.05,
    "B": 0.0,
    "kT": 0.1,
    "hull_selection": "CALCULATED"
  }
}

# CV:
{
  "method": "KFold",
  "kwargs": {
    "n_splits": 10,
    "shuffle": true
  },
  "penalty": 0.0
} 

# Writing problem specs to: genetic_alg_settings_specs.pkl
# To inspect or customize the problem specs further, use the '--checkspecs' method

# Estimator:
{
  "method": "LinearRegression",
  "kwargs": {
    "fit_intercept": false
  }
} 

# Feature Selection:
{
  "method": "GeneticAlgorithm",
  "kwargs": {
    "constraints_kwargs": {
      "n_features_max": 100,
      "n_features_min": 3,
      "fix_off": [],
      "fix_on": [
        0,
        1,
        2
      ]
    },
    "selTournamentSize": 3,
    "mutFlipBitProb": 0.01,
    "evolve_params_kwargs": {
      "n_generation": 20,
      "n_repetition": 20,
      "n_features_init": 3,
      "n_population": 10,
      "n_halloffame": 10,
      "halloffame_filename": "evolve_halloffame.pkl",
      "filename_prefix": "genetic_alg_settings"
    },
    "cxUniformProb": 0.5
  }
} 

# Fit and select...
Constructing initial population
Begin 1 of 20 repetitions
Begin 20 generations
gen	nevals	avg     	std        	min      	max     
0  	10    	0.019773	0.000412227	0.0191467	0.020359
1  	10    	0.0187721	0.000759055	0.0174404	0.0198567
2  	10    	0.0178733	0.000497762	0.0169473	0.0188128
3  	10    	0.0168736	0.00111135 	0.0155086	0.0194808
4  	10    	0.0153797	0.000686217	0.0145756	0.0164814
5  	10    	0.0150324	0.00131599 	0.0140036	0.0184998
6  	10    	0.0139477	0.00030612 	0.0134873	0.014339 
7  	10    	0.0135362	0.000437954	0.0126904	0.0145122
8  	10    	0.0128469	0.000502523	0.0120413	0.0135774
9  	10    	0.0124067	0.000543561	0.0113239	0.0130105
10 	10    	0.0118095	0.0004774  	0.0112873	0.0129396
11 	10    	0.011193 	0.000447042	0.0100501	0.0116983
12 	10    	0.0111037	0.00131023 	0.0096833	0.0143321
13 	10    	0.0104463	0.00103129 	0.00957914	0.013169 
14 	10    	0.00969415	0.000352169	0.00925907	0.0103339
15 	10    	0.00942937	0.000303138	0.00908343	0.0100273
16 	10    	0.00925945	0.000235759	0.00880671	0.00957291
17 	10    	0.00910974	0.000439028	0.00843852	0.00978371
18 	10    	0.00864749	0.000206968	0.00827971	0.00910916
19 	10    	0.0084476 	0.000192861	0.00817435	0.00877232
20 	10    	0.00840209	0.00015972 	0.00823006	0.00878786
Runtime: 2.8941361640027026 (s)


Final population:
Index: Selected                                    #Selected    CV          
----------------------------------------------------------------------------------------------------
    0: 1110111100010001000000100100000111100001... 67           0.008230057 
    1: 1110000100010001000000100100000111100001... 57           0.008459115 
    2: 1110000100010001000100100100000111000001... 57           0.0083028637
    3: 1110001100010001000000100100010111100001... 64           0.0083549394
    4: 1110001100010001000100100100000111100001... 63           0.008587823 
    5: 1110000100010001000000100100000111100001... 60           0.0083473554
    6: 1110000100010000000000000100000111100001... 60           0.0083383609
    7: 1110000100010001000000100100000111100001... 60           0.0083332755
    8: 1110000100010001000000100100000111100001... 54           0.0087878615
    9: 1110000100010001000010100100000111100001... 66           0.0082792944

Pickling population to: genetic_alg_settings_population_end.pkl

Hall of Fame:
Index: Selected                                    #Selected    CV          
----------------------------------------------------------------------------------------------------
    0: 1110000100010001000000100100000111100001... 61           0.0081743548
    1: 1110000100010001000000100100000111100001... 59           0.0081898428
    2: 1110111100010001000000100100000111100001... 67           0.008230057 
    3: 1110000100010001000000100100010111100001... 58           0.0082695398
    4: 1110000100010001000010100100000111100001... 66           0.0082792944
    5: 1110000100010001000000100100000111100001... 59           0.0082797095
    6: 1110000100010001000100100100000111000001... 57           0.0083028637
    7: 1110000100010001000000100100000111100001... 60           0.0083332755
    8: 1110000100010000000000000100000111100001... 60           0.0083383609
    9: 1110000100010001000000100100000111100001... 60           0.0083473554

Pickling Hall of Fame to: genetic_alg_settings_evolve_halloffame.pkl
Begin 2 of 20 repetitions
Begin 20 generations
gen	nevals	avg       	std       	min       	max       
0  	0     	0.00840209	0.00015972	0.00823006	0.00878786
1  	10    	0.00827567	0.000123095	0.0080735 	0.00848206
2  	10    	0.0081425 	0.000256694	0.00741052	0.00837889
3  	10    	0.00823328	0.000926306	0.00710473	0.0107214 
4  	10    	0.00760177	0.000419307	0.00710737	0.00834808
5  	10    	0.00722239	0.000217684	0.00669403	0.00752458
6  	10    	0.00716596	0.000265559	0.00673472	0.00753592
7  	10    	0.00713875	0.000529042	0.0066984 	0.00826982
8  	10    	0.00695995	0.000385909	0.00667876	0.00807416
9  	10    	0.00677764	0.000155289	0.006511  	0.00702123
10 	10    	0.00667291	0.000157209	0.00643732	0.00691625
11 	10    	0.00666083	0.000203097	0.00639232	0.00719217
12 	10    	0.00659625	6.16947e-05	0.00652301	0.00670845
13 	10    	0.00652944	0.000133284	0.00639013	0.0068961 
14 	10    	0.00649588	7.94098e-05	0.00634664	0.00662374
15 	10    	0.00652049	7.73828e-05	0.00643195	0.00668516
16 	10    	0.00652603	7.583e-05  	0.00637982	0.00664799
17 	10    	0.00658755	0.000176307	0.00633603	0.00698004
18 	10    	0.0064914 	0.000118056	0.00629563	0.00669669
19 	10    	0.00642579	0.000110011	0.00621999	0.00659273
20 	10    	0.00645444	0.000167426	0.0061364 	0.00671688
Runtime: 5.032231593002507 (s)


Final population:
Index: Selected                                    #Selected    CV          
----------------------------------------------------------------------------------------------------
    0: 1111101100010011110000001011000111110001... 92           0.0064363863
    1: 1111101100010001111000001101000111110001... 94           0.0065392289
    2: 1111111100010001100000001101000111110001... 90           0.0066012705
    3: 1111101100010001110100001101000111110001... 89           0.0067168793
    4: 1111101100010001101100001101010111100001... 96           0.0064732095
    5: 1111101100010001100100001101010111100001... 96           0.0065951582
    6: 1111101100010001110000001101000111110001... 92           0.0063498128
    7: 1111001100010001100000001111000111110001... 91           0.0061364001
    8: 1111111100010001110100001101000111110001... 91           0.0062308342
    9: 1111101100010001110000001101000111111001... 90           0.0064652489

Pickling population to: genetic_alg_settings_population_end.pkl

Hall of Fame:
Index: Selected                                    #Selected    CV          
----------------------------------------------------------------------------------------------------
    0: 1111001100010001100000001111000111110001... 91           0.0061364001
    1: 1111101100010001110000001111000111110001... 94           0.0062199865
    2: 1111111100010001110100001101000111110001... 91           0.0062308342
    3: 1111101100010001110000001101000111110001... 89           0.0062956293
    4: 1111101100010001101100001101010111110001... 93           0.0063193293
    5: 1111101100010001100000001101000111110001... 89           0.0063252133
    6: 1111101100010001010000001101000111110001... 90           0.0063360276
    7: 1111101100010001010100001101010111110001... 91           0.006346637 
    8: 1111101100010001110000001101000111110001... 92           0.0063498128
    9: 1111101100010011110000001101000111110001... 92           0.0063540688

Pickling Hall of Fame to: genetic_alg_settings_evolve_halloffame.pkl
Begin 3 of 20 repetitions
Begin 20 generations
gen	nevals	avg       	std        	min      	max       
0  	0     	0.00645444	0.000167426	0.0061364	0.00671688
1  	10    	0.00636327	6.96033e-05	0.00627051	0.00650216
2  	10    	0.00630915	0.000114746	0.00610805	0.00649203
3  	10    	0.00635041	0.000134407	0.00617608	0.0066794 
4  	10    	0.0063236 	0.000106847	0.00618394	0.0065414 
5  	10    	0.00625486	8.81945e-05	0.00609621	0.00641067
6  	10    	0.00619457	9.31005e-05	0.00606855	0.00638326
7  	10    	0.00614615	8.75501e-05	0.00599737	0.00629927
8  	10    	0.00619205	0.000140623	0.00596976	0.00653587
9  	10    	0.00618453	0.000101594	0.00599453	0.00631946
10 	10    	0.00617604	0.000145204	0.00606901	0.00658579
11 	10    	0.006222  	0.000217463	0.00598001	0.00681546
12 	10    	0.00617105	7.49097e-05	0.00602404	0.00631546
13 	10    	0.00611379	0.000103944	0.00592067	0.00627481
14 	10    	0.00630154	0.000273266	0.00607239	0.0069971 
15 	10    	0.00619471	0.000127076	0.00603514	0.00641522
16 	10    	0.00611151	0.00012479 	0.00598885	0.00643564
17 	10    	0.00613482	0.000138127	0.00592764	0.00645175
18 	10    	0.00609939	0.0001612  	0.00585394	0.00645258
19 	10    	0.00610547	0.000215468	0.00593951	0.00673006
20 	10    	0.00608645	7.37537e-05	0.00599142	0.00623155
Runtime: 5.637431743998604 (s)


Final population:
Index: Selected                                    #Selected    CV          
----------------------------------------------------------------------------------------------------
    0: 1111111000010001010010101010000111110000... 98           0.0060450893
    1: 1111111000010001010010101010000111110000... 100          0.0060023983
    2: 1111111000010001010000101111000100110000... 100          0.0060538545
    3: 1111111000011001010000101111010000110000... 100          0.0062315484
    4: 1111111000010001010010101010000111110000... 99           0.006114919 
    5: 1111111000010001010010101010000111100000... 95           0.0061262594
    6: 1111111000010001010010101010000111110000... 98           0.0060784294
    7: 1111111000010001000010101010000111111000... 99           0.0061840287
    8: 1111111000010001110000101010000111100000... 93           0.005991416 
    9: 1111111000010001010010101010000111110000... 100          0.0060365303

Pickling population to: genetic_alg_settings_population_end.pkl

Hall of Fame:
Index: Selected                                    #Selected    CV          
----------------------------------------------------------------------------------------------------
    0: 1111111000010001010010101010000111110000... 93           0.0058539444
    1: 1111111100010001010000001011000111110001... 98           0.0059206684
    2: 1111111000010001010010101110000101111000... 100          0.0059274406
    3: 1111111000010001010010101010000111110000... 96           0.005927637 
    4: 1111111000010001010000101111000100110000... 100          0.0059395068
    5: 1111111100010001010010001111000111110000... 99           0.0059476048
    6: 1111111100010001100010001011000111111001... 100          0.0059697606
    7: 1111111100010001010000001011000111110000... 100          0.0059800057
    8: 1111111100010001010010011110000101111000... 100          0.0059888455
    9: 1111111000010001110010101010000111110000... 100          0.0059893105

Pickling Hall of Fame to: genetic_alg_settings_evolve_halloffame.pkl
Begin 4 of 20 repetitions
Begin 20 generations
gen	nevals	avg       	std        	min       	max       
0  	0     	0.00608645	7.37537e-05	0.00599142	0.00623155
1  	10    	0.00603054	6.66309e-05	0.00592119	0.00611367
2  	10    	0.00603868	6.44534e-05	0.00590603	0.00612039
3  	10    	0.00606672	7.88036e-05	0.00599068	0.00621722
4  	10    	0.00609185	0.000223502	0.00589212	0.00665536
5  	10    	0.00620348	0.000271641	0.0059473 	0.00668758
6  	10    	0.00630678	0.000296653	0.00595628	0.00674886
7  	10    	0.00615078	0.00020968 	0.00589487	0.00656138
8  	10    	0.00612354	0.000125467	0.00595939	0.00637659
9  	10    	0.00606094	9.68562e-05	0.00590627	0.00627493
10 	10    	0.00605844	7.03203e-05	0.00595928	0.00619676
11 	10    	0.00610639	0.000278451	0.00583362	0.00683938
12 	10    	0.00596569	9.58833e-05	0.00579846	0.00611315
13 	10    	0.00600396	0.000180399	0.00581178	0.0064789 
14 	10    	0.00603906	9.18797e-05	0.00589373	0.00616888
15 	10    	0.00594304	0.000190923	0.00563549	0.00637609
16 	10    	0.00586977	0.000109786	0.00566939	0.00602717
17 	10    	0.00586761	0.000100791	0.00569394	0.0060385 
18 	10    	0.00583152	9.09536e-05	0.00567631	0.00598232
19 	10    	0.00592002	0.000261284	0.00571151	0.00666625
20 	10    	0.0058414 	0.000102639	0.00569962	0.00601593
Runtime: 5.647583351998037 (s)


Final population:
Index: Selected                                    #Selected    CV          
----------------------------------------------------------------------------------------------------
    0: 1111111001011101110000101010101111100000... 99           0.0057894676
    1: 1111011001111100110000001010101111100000... 96           0.0057482142
    2: 1111111001011001110000101010101111000000... 95           0.0058163117
    3: 1111111001111001110000001010101111100000... 97           0.0060159318
    4: 1111110001111001110000101010001111100000... 97           0.0058775131
    5: 1111111001011001110000001010101111100000... 99           0.0056996196
    6: 1111111001010001110000001010101111000000... 90           0.0059579455
    7: 1111111001110001100000101010101111100000... 100          0.0059717753
    8: 1111111001011001110000101010101111100000... 100          0.0057805618
    9: 1111111001110001110000001010101111100000... 96           0.0057566118

Pickling population to: genetic_alg_settings_population_end.pkl

Hall of Fame:
Index: Selected                                    #Selected    CV          
----------------------------------------------------------------------------------------------------
    0: 1111110001111001110000001010101111100000... 97           0.0056354895
    1: 1111110001111001110001001010101111100000... 100          0.0056693854
    2: 1111111001011001110000101010101111100000... 98           0.0056763059
    3: 1111111001011001110000101010101111110000... 98           0.0056939388
    4: 1111111001011001110000001010101111100000... 99           0.0056996196
    5: 1111111001111001110000001010101111100000... 100          0.0057115135
    6: 1111111001111001110000001010101111100000... 100          0.0057189852
    7: 1111111001111001110000001010101111100000... 96           0.0057203363
    8: 1111110001111001110000001010101110100000... 90           0.0057233228
    9: 1111011001111100110000001010101111100000... 96           0.0057482142

Pickling Hall of Fame to: genetic_alg_settings_evolve_halloffame.pkl
Begin 5 of 20 repetitions
Begin 20 generations
gen	nevals	avg      	std        	min       	max       
0  	0     	0.0058414	0.000102639	0.00569962	0.00601593
1  	10    	0.00585533	0.000102593	0.00569598	0.00600903
2  	10    	0.00589593	0.000259425	0.00573324	0.00663805
3  	10    	0.00578992	0.000143082	0.00564607	0.0060953 
4  	10    	0.0058052 	0.00017276 	0.00559978	0.00618595
5  	10    	0.00580599	6.90666e-05	0.00571499	0.00592084
6  	10    	0.00594218	0.000274658	0.00562366	0.00651538
7  	10    	0.00585294	0.000142769	0.00565195	0.00611213
8  	10    	0.00594789	0.000253229	0.00569884	0.0065402 
9  	10    	0.00580486	0.000123621	0.00561319	0.0060285 
10 	10    	0.00578998	0.000224004	0.005543  	0.00626747
11 	10    	0.00581436	0.000181651	0.00564977	0.0062289 
12 	10    	0.005707  	6.5137e-05 	0.00562176	0.00583281
13 	10    	0.00573344	0.000105793	0.00562269	0.00598156
14 	10    	0.00582252	0.000185346	0.00564625	0.00622436
15 	10    	0.00580123	0.000145948	0.00558295	0.00610322
16 	10    	0.00573086	9.25131e-05	0.00562155	0.00594089
17 	10    	0.00577699	0.00013938 	0.0056053 	0.00612595
18 	10    	0.00581776	0.00010596 	0.00564695	0.00601179
19 	10    	0.00574195	0.000131941	0.0055529 	0.006036  
20 	10    	0.00570188	7.27981e-05	0.00554019	0.00579029
Runtime: 5.65356176899877 (s)


Final population:
Index: Selected                                    #Selected    CV          
----------------------------------------------------------------------------------------------------
    0: 1111111001011001110010101010101111100100... 98           0.0056056313
    1: 1111101001011001110010101010101111100000... 100          0.0057094681
    2: 1111101001011001100010101010101111100100... 98           0.0057235847
    3: 1111111001011001110010101010111111100101... 100          0.005540187 
    4: 1111101101011001100010101010101111000100... 95           0.0057197107
    5: 1111111001011001100010101010111101100100... 100          0.0057902855
    6: 1111111001011001110010101010111111000000... 100          0.0057168448
    7: 1111101001011001100010101010101111100100... 95           0.0057344043
    8: 1111111001111001000010101010111111100100... 100          0.0056901585
    9: 1111111001001001100010101010111101100100... 100          0.0057885167

Pickling population to: genetic_alg_settings_population_end.pkl

Hall of Fame:
Index: Selected                                    #Selected    CV          
----------------------------------------------------------------------------------------------------
    0: 1111111001011001110010101010111111100101... 100          0.005540187 
    1: 1111110001011001110010101010101111100000... 98           0.0055430049
    2: 1111101001011001110010101010101111100100... 97           0.0055528969
    3: 1111111001011001110010101010101111100000... 98           0.0055829458
    4: 1111111001011001110010101010101111100000... 98           0.0055903474
    5: 1111111001011001110000101010101111100000... 97           0.0055997791
    6: 1111111001011001110010001010101111100000... 94           0.005605295 
    7: 1111111001011001110010101010101111100100... 98           0.0056056313
    8: 1111111001011001110010101010101111100000... 100          0.005606684 
    9: 1111111001011001110010101010101111100000... 99           0.0056131894

Pickling Hall of Fame to: genetic_alg_settings_evolve_halloffame.pkl
Begin 6 of 20 repetitions
Begin 20 generations
gen	nevals	avg       	std        	min       	max       
0  	0     	0.00570188	7.27981e-05	0.00554019	0.00579029
1  	10    	0.0058243 	7.99371e-05	0.00570189	0.00601091
2  	10    	0.00587832	0.000237571	0.00566062	0.00654864
3  	10    	0.00596195	0.00052928 	0.00561676	0.00750221
4  	10    	0.00572353	6.29477e-05	0.00562961	0.00583275
5  	10    	0.0057569 	0.000149689	0.00549452	0.00606069
6  	10    	0.00575838	9.58237e-05	0.00560749	0.00596677
7  	10    	0.00573239	0.000114762	0.00558509	0.00602071
8  	10    	0.00573685	8.90299e-05	0.0056126 	0.00587549
9  	10    	0.00573904	0.000104549	0.00561291	0.00596333
10 	10    	0.00564176	7.8693e-05 	0.00557038	0.0058637 
11 	10    	0.00567055	4.77485e-05	0.00559711	0.00575678
12 	10    	0.00590476	0.000211459	0.00564828	0.0064412 
13 	10    	0.00574382	7.47326e-05	0.00563627	0.00590446
14 	10    	0.00582265	0.000167792	0.00560282	0.00622941
15 	10    	0.00575356	0.000109484	0.00556477	0.00592828
16 	10    	0.00583303	0.000213861	0.00562989	0.00630615
17 	10    	0.00578563	0.000125843	0.00564151	0.00607344
18 	10    	0.00579225	0.000121538	0.00557614	0.0060162 
19 	10    	0.00579187	0.000237125	0.00563002	0.00640603
20 	10    	0.00574485	0.000144599	0.00555287	0.00599169
Runtime: 5.61068620199876 (s)


Final population:
Index: Selected                                    #Selected    CV          
----------------------------------------------------------------------------------------------------
    0: 1111011101011001110000101010110111100000... 98           0.0056707919
    1: 1111011101011001111000101010111111100010... 100          0.0056775655
    2: 1111011101010001110010101010111111100000... 94           0.0056372243
    3: 1111011101010000110010101010111111100000... 97           0.00599031  
    4: 1111011101011101110010101010111110100000... 100          0.0056795901
    5: 1111011101011001110010101010101101100000... 100          0.0055528693
    6: 1111011101011001110010101010111111100000... 95           0.0056441874
    7: 1111011101011001110010101010111111100000... 100          0.0059916884
    8: 1111011101011001110010101010111110100000... 97           0.0057369656
    9: 1111011101011001110010101010111111100000... 100          0.0058673364

Pickling population to: genetic_alg_settings_population_end.pkl

Hall of Fame:
Index: Selected                                    #Selected    CV          
----------------------------------------------------------------------------------------------------
    0: 1111011001011001110010101010111111100000... 97           0.0054945232
    1: 1111111001011001110010101010111111100101... 100          0.005540187 
    2: 1111110001011001110010101010101111100000... 98           0.0055430049
    3: 1111011101011001110010101010101101100000... 100          0.0055528693
    4: 1111101001011001110010101010101111100100... 97           0.0055528969
    5: 1111011101011001110010101010111111100000... 100          0.0055647715
    6: 1111011001011001110010101010111111100000... 96           0.0055703801
    7: 1111011101011001110000101010111111100010... 98           0.0055761441
    8: 1111111001011001110010101010101111100000... 98           0.0055829458
    9: 1111011001011001110010101010111110100000... 95           0.0055850902

Pickling Hall of Fame to: genetic_alg_settings_evolve_halloffame.pkl
Begin 7 of 20 repetitions
Begin 20 generations
gen	nevals	avg       	std        	min       	max       
0  	0     	0.00574485	0.000144599	0.00555287	0.00599169
1  	10    	0.0056939 	6.70164e-05	0.00559044	0.00580116
2  	10    	0.00575991	0.000140822	0.00549677	0.00605152
3  	10    	0.00569213	7.65729e-05	0.00559569	0.00581362
4  	10    	0.00579723	0.000288266	0.00556589	0.0066345 
5  	10    	0.00576296	0.000163878	0.00554182	0.00615843
6  	10    	0.00573288	0.000216982	0.0055315 	0.00635761
7  	10    	0.00572195	0.000118103	0.00555913	0.00595725
8  	10    	0.00569656	0.000167557	0.00550055	0.00613181
9  	10    	0.0058186 	0.000304662	0.00556511	0.0066582 
10 	10    	0.00577894	0.000150032	0.005598  	0.00615408
11 	10    	0.00571292	8.81827e-05	0.00558896	0.00583383
12 	10    	0.00585133	0.00025101 	0.00567957	0.00656536
13 	10    	0.00583628	0.000176981	0.00558939	0.00609027
14 	10    	0.00596168	0.000390399	0.00559264	0.00669553
15 	10    	0.00604556	0.000470396	0.00568976	0.00734797
16 	10    	0.00582279	0.000132382	0.0055736 	0.0060387 
17 	10    	0.00590671	0.00030264 	0.00567387	0.00652626
18 	10    	0.00577762	0.000149897	0.00568202	0.00621474
19 	10    	0.00566136	5.37554e-05	0.00557143	0.00572393
20 	10    	0.00596741	0.000333022	0.00564613	0.00677362
Runtime: 5.618723227002192 (s)


Final population:
Index: Selected                                    #Selected    CV          
----------------------------------------------------------------------------------------------------
    0: 1111011101010101010010101010111101100110... 100          0.0058743638
    1: 1111011101011101010010101010111101100010... 95           0.0057852054
    2: 1111011101101101010010101010111101100010... 98           0.0060060244
    3: 1111011101010001010010101010111101100010... 94           0.005646128 
    4: 1111011101010001010010100010111101100010... 94           0.0063905134
    5: 1111011101011101010010101010111101100010... 95           0.0059209183
    6: 1111011101010001010010101110111101100010... 98           0.005736888 
    7: 1111011101010101010011100010111101100010... 97           0.0067736183
    8: 1111011101010001010011101110111101100010... 100          0.0057557531
    9: 1111011101010101110010101010111101100010... 95           0.0057847141

Pickling population to: genetic_alg_settings_population_end.pkl

Hall of Fame:
Index: Selected                                    #Selected    CV          
----------------------------------------------------------------------------------------------------
    0: 1111011001011001110010101010111111100000... 97           0.0054945232
    1: 1111011101011001111010101010111101100000... 98           0.005496773 
    2: 1111011101011001110010101010111101100000... 100          0.0055005543
    3: 1111011101011001110010101010111111100000... 100          0.0055315025
    4: 1111111001011001110010101010111111100101... 100          0.005540187 
    5: 1111011101011001110010101010111111100000... 99           0.0055418235
    6: 1111110001011001110010101010101111100000... 98           0.0055430049
    7: 1111011101011001110010101010101101100000... 100          0.0055528693
    8: 1111101001011001110010101010101111100100... 97           0.0055528969
    9: 1111011101011001110010101010111111100000... 100          0.0055591316

Pickling Hall of Fame to: genetic_alg_settings_evolve_halloffame.pkl
Begin 8 of 20 repetitions
Begin 20 generations
gen	nevals	avg       	std        	min       	max       
0  	0     	0.00596741	0.000333022	0.00564613	0.00677362
1  	10    	0.00586698	0.000310197	0.00550043	0.00645365
2  	10    	0.00580091	0.000279897	0.00550519	0.0065094 
3  	10    	0.00572783	0.000101247	0.00559627	0.00592041
4  	10    	0.00587142	0.000274143	0.00559047	0.00652465
5  	10    	0.00576922	0.00013782 	0.00558452	0.00594876
6  	10    	0.00577191	0.000225663	0.00563079	0.00641187
7  	10    	0.0057055 	6.60025e-05	0.00564223	0.00583939
8  	10    	0.00573578	0.000107491	0.00557932	0.00591399
9  	10    	0.00575264	0.000146296	0.00561961	0.00613872
10 	10    	0.00574412	7.32917e-05	0.00562352	0.00585798
11 	10    	0.00580429	0.000102542	0.00565713	0.00598552
12 	10    	0.00578899	0.000203138	0.00563121	0.00634628
13 	10    	0.005759  	0.000201919	0.00555722	0.00628444
14 	10    	0.00577032	0.000104681	0.00563705	0.00594194
15 	10    	0.0058261 	0.000251875	0.00563971	0.00651619
16 	10    	0.00577512	0.00012821 	0.00560966	0.00604647
17 	10    	0.00575924	0.000107213	0.00555225	0.00599859
18 	10    	0.00579299	0.00028596 	0.00557481	0.00657357
19 	10    	0.0056812 	7.72191e-05	0.00552725	0.00580559
20 	10    	0.00568932	0.000119087	0.00555682	0.00590996
Runtime: 5.576097854998807 (s)


Final population:
Index: Selected                                    #Selected    CV          
----------------------------------------------------------------------------------------------------
    0: 1111000111010001110010101011101101110010... 99           0.0056344274
    1: 1111000101010001110010101011101101100010... 93           0.0059045816
    2: 1111000101010001110010101011101101100010... 95           0.0056439622
    3: 1111000101010001110010101011101101100010... 97           0.0055568166
    4: 1111000101000011010010101011101101100010... 93           0.0059099588
    5: 1111000111010001110010101011101111010010... 98           0.0056227423
    6: 1111000111010001110010101011101101010010... 92           0.0057595782
    7: 1111000101010001010010101011001101100010... 94           0.0056077487
    8: 1111000111010001110010101011101101110010... 95           0.0056391531
    9: 1111000111010001110010101011101101110010... 94           0.0056142743

Pickling population to: genetic_alg_settings_population_end.pkl

Hall of Fame:
Index: Selected                                    #Selected    CV          
----------------------------------------------------------------------------------------------------
    0: 1111011001011001110010101010111111100000... 97           0.0054945232
    1: 1111011101011001111010101010111101100000... 98           0.005496773 
    2: 1111011101011101010010101010111101100110... 99           0.0055004305
    3: 1111011101011001110010101010111101100000... 100          0.0055005543
    4: 1111011101010001010010101011101101100110... 99           0.0055051904
    5: 1111000111010001110010101011101101110010... 94           0.0055272508
    6: 1111011101011001110010101010111111100000... 100          0.0055315025
    7: 1111111001011001110010101010111111100101... 100          0.005540187 
    8: 1111011101011001110010101010111111100000... 99           0.0055418235
    9: 1111110001011001110010101010101111100000... 98           0.0055430049

Pickling Hall of Fame to: genetic_alg_settings_evolve_halloffame.pkl
Begin 9 of 20 repetitions
Begin 20 generations
gen	nevals	avg       	std        	min       	max       
0  	0     	0.00568932	0.000119087	0.00555682	0.00590996
1  	10    	0.00581398	0.000279982	0.00555887	0.0065706 
2  	10    	0.0056597 	0.000104373	0.00546845	0.00585158
3  	10    	0.00573808	0.000336778	0.00548266	0.00670926
4  	10    	0.00562429	0.000115126	0.00543661	0.00581483
5  	10    	0.00564897	0.000150098	0.00546683	0.00595742
6  	10    	0.0055834 	6.86931e-05	0.00548644	0.00575473
7  	10    	0.00566444	0.00012864 	0.00551521	0.00600478
8  	10    	0.00565572	5.48638e-05	0.0055717 	0.00574548
9  	10    	0.00570717	0.000118349	0.0054414 	0.00592856
10 	10    	0.00576033	6.28077e-05	0.00567349	0.00586533
11 	10    	0.00583473	0.000261715	0.00538862	0.00627627
12 	10    	0.00577537	0.00016338 	0.00554186	0.00601425
13 	10    	0.00568391	9.09675e-05	0.00555571	0.00582539
14 	10    	0.00575278	0.000135618	0.00550863	0.00594884
15 	10    	0.00567471	0.000128368	0.00549068	0.00589976
16 	10    	0.00553722	8.1386e-05 	0.00540887	0.00571011
17 	10    	0.00562285	0.000175363	0.00547888	0.00612346
18 	10    	0.00562084	0.000117023	0.00548857	0.00582531
19 	10    	0.00563359	0.000148101	0.00547757	0.00590621
20 	10    	0.00562722	0.00011286 	0.00542312	0.00578662
Runtime: 5.618076476999704 (s)


Final population:
Index: Selected                                    #Selected    CV          
----------------------------------------------------------------------------------------------------
    0: 1111000101011011110010111010001111100011... 96           0.005632712 
    1: 1111000101011011110010111010001111100011... 95           0.0057866233
    2: 1111000101011011110010111010101111100011... 100          0.0054338308
    3: 1111000101011011110010111010101111100011... 98           0.0056457528
    4: 1111000101011011110000111010101111100011... 100          0.0056291882
    5: 1111000101011011110010111010101111100011... 100          0.0054231207
    6: 1111000101011011110010111010101111100011... 98           0.0055984754
    7: 1111000101010011110010111010101111100011... 96           0.0057442588
    8: 1111000101011011110010111010101111100011... 99           0.0057022587
    9: 1111000101011111110010111010101111100011... 100          0.0056759638

Pickling population to: genetic_alg_settings_population_end.pkl

Hall of Fame:
Index: Selected                                    #Selected    CV          
----------------------------------------------------------------------------------------------------
    0: 1111010101010011100010111011100111100010... 100          0.0053886156
    1: 1111010101011011100010111010101111100011... 100          0.0054088657
    2: 1111000101011011110010111010101111100011... 100          0.0054231207
    3: 1111000101011011110010111010101111100011... 100          0.0054338308
    4: 1111010101010011110010101011101111100010... 100          0.0054366096
    5: 1111010101010011110010101010101101100010... 100          0.0054413974
    6: 1111000101011011110010111010101111100011... 98           0.0054492555
    7: 1111000101011011110010111010101111100011... 97           0.0054612973
    8: 1111010101010011010010101011101111100010... 99           0.0054668253
    9: 1111010101010011110010101011101111100010... 100          0.0054684474

Pickling Hall of Fame to: genetic_alg_settings_evolve_halloffame.pkl
Begin 10 of 20 repetitions
Begin 20 generations
gen	nevals	avg       	std       	min       	max       
0  	0     	0.00562722	0.00011286	0.00542312	0.00578662
1  	10    	0.00560318	7.74312e-05	0.00550432	0.00574039
2  	10    	0.00565947	0.000129002	0.00543799	0.00593521
3  	10    	0.00567466	0.000118535	0.00557629	0.00600703
4  	10    	0.0057284 	0.000103781	0.00559535	0.0059385 
5  	10    	0.00567028	0.000110139	0.00553919	0.00595109
6  	10    	0.00574469	0.000168115	0.00547306	0.00605271
7  	10    	0.00571401	0.000225288	0.00537921	0.0062114 
8  	10    	0.00562892	5.39485e-05	0.00557103	0.00578082
9  	10    	0.00573995	0.000265542	0.00543465	0.00640802
10 	10    	0.00577528	0.000301455	0.00549391	0.00638376
11 	10    	0.00560584	3.9971e-05 	0.00555306	0.00567121
12 	10    	0.00563942	0.000113919	0.0055582 	0.0059511 
13 	10    	0.00568544	0.000218526	0.00550521	0.00629503
14 	10    	0.00568724	0.000149444	0.00549086	0.00594241
15 	10    	0.00558375	7.94534e-05	0.00547958	0.00572598
16 	10    	0.00560685	0.000110595	0.00546311	0.00577187
17 	10    	0.00559158	4.26669e-05	0.00554021	0.00568167
18 	10    	0.00574472	0.000372437	0.00547478	0.00680839
19 	10    	0.00565099	0.000102174	0.00549   	0.00582527
20 	10    	0.00574836	0.000154037	0.0055044 	0.00597548
Runtime: 5.62744342699807 (s)


Final population:
Index: Selected                                    #Selected    CV          
----------------------------------------------------------------------------------------------------
    0: 1111000101011111000100101010111111100011... 97           0.0055044044
    1: 1111000101011111110101111010111111100010... 100          0.0057863328
    2: 1111000101011111110100111010111111100000... 98           0.005610752 
    3: 1111000101011111100101001010111111100011... 100          0.0059754754
    4: 1111000101011111100101101010111111100011... 93           0.0058559295
    5: 1111011101011111110100101010111111100011... 100          0.00597049  
    6: 1111000101011111010100111010111111100011... 99           0.0055940467
    7: 1111000101011111010100111010111111100011... 100          0.0057560156
    8: 1111000111011111110100111010111111100011... 98           0.0056181316
    9: 1111010101011111010100101010011111100011... 100          0.0058120631

Pickling population to: genetic_alg_settings_population_end.pkl

Hall of Fame:
Index: Selected                                    #Selected    CV          
----------------------------------------------------------------------------------------------------
    0: 1111000101011011010000111010101111100011... 99           0.0053792072
    1: 1111010101010011100010111011100111100010... 100          0.0053886156
    2: 1111010101011011100010111010101111100011... 100          0.0054088657
    3: 1111000101011011110010111010101111100011... 100          0.0054231207
    4: 1111000101011011110010111010101111100011... 100          0.0054338308
    5: 1111000101011011010000111010101111100011... 99           0.0054346542
    6: 1111010101010011110010101011101111100010... 100          0.0054366096
    7: 1111000101011011110000111010101111100011... 99           0.0054379945
    8: 1111010101010011110010101010101101100010... 100          0.0054413974
    9: 1111000101011011110010111010101111100011... 98           0.0054492555

Pickling Hall of Fame to: genetic_alg_settings_evolve_halloffame.pkl
Begin 11 of 20 repetitions
Begin 20 generations
gen	nevals	avg       	std        	min      	max       
0  	0     	0.00574836	0.000154037	0.0055044	0.00597548
1  	10    	0.00575987	0.000142447	0.0056033	0.00606728
2  	10    	0.00572876	0.000109588	0.00555984	0.00590296
3  	10    	0.00584188	0.000321495	0.00561698	0.0067204 
4  	10    	0.00587934	0.000252611	0.00562325	0.00655736
5  	10    	0.00571569	0.000112863	0.00553258	0.00593474
6  	10    	0.0057916 	0.000149939	0.00564722	0.00617292
7  	10    	0.00580807	0.000150538	0.00559788	0.00611416
8  	10    	0.00578162	0.000250071	0.00549557	0.0064493 
9  	10    	0.00579368	0.000199198	0.00557144	0.00628349
10 	10    	0.00588478	0.000347356	0.00564331	0.00688491
11 	10    	0.00587421	0.000178693	0.00567854	0.00629288
12 	10    	0.00580229	0.000124348	0.00564308	0.00600853
13 	10    	0.00588533	0.000237739	0.00566864	0.00656381
14 	10    	0.00585967	0.000216382	0.00561123	0.00633279
15 	10    	0.00584243	0.000185991	0.00568582	0.00630006
16 	10    	0.00593574	0.000285303	0.0056892 	0.00662336
17 	10    	0.00585834	0.000183739	0.00562276	0.00633674
18 	10    	0.00583225	0.000193157	0.00563451	0.00637666
19 	10    	0.00589207	0.000258093	0.00571372	0.00663452
20 	10    	0.00593111	0.000213158	0.00572143	0.00639944
Runtime: 5.610873778001405 (s)


Final population:
Index: Selected                                    #Selected    CV          
----------------------------------------------------------------------------------------------------
    0: 1111000101011011011000111110011111000001... 98           0.0057889116
    1: 1111000101011011111000111110001111000000... 100          0.0057575995
    2: 1111000101011011011000111110011111000000... 100          0.0058595692
    3: 1111000101011011011000111110011111000000... 100          0.0057750796
    4: 1111000001011011110000111110011111000001... 100          0.0057214326
    5: 1111000101011011110000111110001100000001... 99           0.005779403 
    6: 1111000101011011110000111110011100000000... 100          0.0063994385
    7: 1111000101011001001000111110011111000000... 96           0.0061970031
    8: 1111000101011011110000111110010100010000... 96           0.0059773235
    9: 1111000101011011100000111100011100010000... 100          0.0060553153

Pickling population to: genetic_alg_settings_population_end.pkl

Hall of Fame:
Index: Selected                                    #Selected    CV          
----------------------------------------------------------------------------------------------------
    0: 1111000101011011010000111010101111100011... 99           0.0053792072
    1: 1111010101010011100010111011100111100010... 100          0.0053886156
    2: 1111010101011011100010111010101111100011... 100          0.0054088657
    3: 1111000101011011110010111010101111100011... 100          0.0054231207
    4: 1111000101011011110010111010101111100011... 100          0.0054338308
    5: 1111000101011011010000111010101111100011... 99           0.0054346542
    6: 1111010101010011110010101011101111100010... 100          0.0054366096
    7: 1111000101011011110000111010101111100011... 99           0.0054379945
    8: 1111010101010011110010101010101101100010... 100          0.0054413974
    9: 1111000101011011110010111010101111100011... 98           0.0054492555

Pickling Hall of Fame to: genetic_alg_settings_evolve_halloffame.pkl
Begin 12 of 20 repetitions
Begin 20 generations
gen	nevals	avg       	std        	min       	max       
0  	0     	0.00593111	0.000213158	0.00572143	0.00639944
1  	10    	0.00584695	0.000159662	0.00563558	0.00612408
2  	10    	0.00577922	0.000125204	0.0056252 	0.00608635
3  	10    	0.00580895	0.000114834	0.00560265	0.00604103
4  	10    	0.00587107	0.000222916	0.00560518	0.00641061
5  	10    	0.00578248	0.000106194	0.00559759	0.00594575
6  	10    	0.00571414	8.87428e-05	0.00556416	0.00589615
7  	10    	0.00575612	7.67654e-05	0.00556918	0.00586867
8  	10    	0.00594763	0.000366609	0.00556188	0.00671649
9  	10    	0.00594058	0.000327237	0.00567946	0.00671871
10 	10    	0.00576457	0.00016104 	0.00558368	0.00606128
11 	10    	0.00571633	9.9139e-05 	0.0055614 	0.0059038 
12 	10    	0.00574158	0.000127082	0.00562133	0.00605967
13 	10    	0.00571088	9.28806e-05	0.00558077	0.00594502
14 	10    	0.0057896 	0.000378232	0.00554349	0.00690199
15 	10    	0.0056688 	4.59906e-05	0.00560386	0.00574801
16 	10    	0.00583802	0.0002267  	0.00560918	0.00634678
17 	10    	0.00581341	0.000124729	0.00563721	0.00607613
18 	10    	0.00580108	4.47758e-05	0.0057464 	0.00590276
19 	10    	0.00574589	7.2613e-05 	0.00561375	0.00587488
20 	10    	0.00585201	0.000140258	0.0057135 	0.00611715
Runtime: 5.597662453998055 (s)


Final population:
Index: Selected                                    #Selected    CV          
----------------------------------------------------------------------------------------------------
    0: 1111001001011011010000101110011110111000... 98           0.0061171524
    1: 1111000001011011110000001110011110111000... 100          0.0057267866
    2: 1111000001011011010000101110011110110100... 95           0.0058808543
    3: 1111000001011011010000101110011110110000... 92           0.0058319595
    4: 1111000001011011010000101110011110110000... 95           0.0057444333
    5: 1111000001011001010000101110011110111000... 100          0.0059151022
    6: 1111000001011011010000101110011110011000... 100          0.0057416636
    7: 1111000001011011010000101110111110110000... 92           0.0060857669
    8: 1111000001011011010000101110111110111000... 98           0.0057628444
    9: 1111000001011011010000101110111110111000... 96           0.005713499 

Pickling population to: genetic_alg_settings_population_end.pkl

Hall of Fame:
Index: Selected                                    #Selected    CV          
----------------------------------------------------------------------------------------------------
    0: 1111000101011011010000111010101111100011... 99           0.0053792072
    1: 1111010101010011100010111011100111100010... 100          0.0053886156
    2: 1111010101011011100010111010101111100011... 100          0.0054088657
    3: 1111000101011011110010111010101111100011... 100          0.0054231207
    4: 1111000101011011110010111010101111100011... 100          0.0054338308
    5: 1111000101011011010000111010101111100011... 99           0.0054346542
    6: 1111010101010011110010101011101111100010... 100          0.0054366096
    7: 1111000101011011110000111010101111100011... 99           0.0054379945
    8: 1111010101010011110010101010101101100010... 100          0.0054413974
    9: 1111000101011011110010111010101111100011... 98           0.0054492555

Pickling Hall of Fame to: genetic_alg_settings_evolve_halloffame.pkl
Begin 13 of 20 repetitions
Begin 20 generations
gen	nevals	avg       	std        	min      	max       
0  	0     	0.00585201	0.000140258	0.0057135	0.00611715
1  	10    	0.00590535	0.000189661	0.00564946	0.00641697
2  	10    	0.0059425 	0.000245667	0.00566457	0.00638896
3  	10    	0.00587881	0.000111051	0.00574077	0.00608512
4  	10    	0.00593171	0.000241191	0.0057305 	0.00658119
5  	10    	0.00579048	8.79981e-05	0.00567245	0.00595949
6  	10    	0.00583399	0.000247337	0.00557304	0.00652594
7  	10    	0.00580429	0.000119014	0.00561009	0.00606102
8  	10    	0.00583626	7.48453e-05	0.00569104	0.00595523
9  	10    	0.00589842	0.000239741	0.00566306	0.00655051
10 	10    	0.0059096 	0.000257261	0.00566137	0.00648776
11 	10    	0.00582522	0.000175137	0.0056225 	0.00620482
12 	10    	0.00587407	0.00028882 	0.0055973 	0.00651147
13 	10    	0.00579452	0.000171989	0.00557404	0.00618296
14 	10    	0.00582627	0.00034076 	0.00557713	0.00682737
15 	10    	0.00581957	0.000230328	0.00543427	0.00618826
16 	10    	0.00577451	0.000152274	0.00561719	0.00614244
17 	10    	0.00571708	8.76741e-05	0.00558652	0.0058399 
18 	10    	0.00574847	9.59569e-05	0.00562242	0.00592709
19 	10    	0.00583715	0.000221567	0.00564332	0.00646719
20 	10    	0.00574298	6.91573e-05	0.00564721	0.00586455
Runtime: 5.648225017997902 (s)


Final population:
Index: Selected                                    #Selected    CV          
----------------------------------------------------------------------------------------------------
    0: 1111000001011011110001101010111110111000... 94           0.0057200593
    1: 1111000001011011110001101010011110111000... 98           0.0058619738
    2: 1111000001011011010001111010011110001000... 94           0.0056472122
    3: 1111110001011011010001111010111110001000... 96           0.0056684035
    4: 1111000001011011010001101010011110011000... 92           0.0057021388
    5: 1111000001011011010000111010111110101000... 97           0.0057038094
    6: 1111000001011011110001101010001110111000... 98           0.0057491342
    7: 1111000000011011110001101010111110111000... 98           0.0058645531
    8: 1111000101011011010001111010011110011000... 95           0.0057605415
    9: 1111000001011011000011101010111110101000... 94           0.0057519653

Pickling population to: genetic_alg_settings_population_end.pkl

Hall of Fame:
Index: Selected                                    #Selected    CV          
----------------------------------------------------------------------------------------------------
    0: 1111000101011011010000111010101111100011... 99           0.0053792072
    1: 1111010101010011100010111011100111100010... 100          0.0053886156
    2: 1111010101011011100010111010101111100011... 100          0.0054088657
    3: 1111000101011011110010111010101111100011... 100          0.0054231207
    4: 1111000101011011110010111010101111100011... 100          0.0054338308
    5: 1111000001011011110001101010101110111000... 93           0.0054342738
    6: 1111000101011011010000111010101111100011... 99           0.0054346542
    7: 1111010101010011110010101011101111100010... 100          0.0054366096
    8: 1111000101011011110000111010101111100011... 99           0.0054379945
    9: 1111010101010011110010101010101101100010... 100          0.0054413974

Pickling Hall of Fame to: genetic_alg_settings_evolve_halloffame.pkl
Begin 14 of 20 repetitions
Begin 20 generations
gen	nevals	avg       	std        	min       	max       
0  	0     	0.00574298	6.91573e-05	0.00564721	0.00586455
1  	10    	0.00567381	8.79757e-05	0.00552703	0.0058333 
2  	10    	0.00568049	0.000118386	0.00554963	0.00594883
3  	10    	0.00591463	0.000485236	0.0055178 	0.0071732 
4  	10    	0.00576124	0.000245983	0.00554902	0.0064274 
5  	10    	0.00574834	5.63127e-05	0.00565554	0.00584699
6  	10    	0.00575085	0.000110839	0.005603  	0.00593729
7  	10    	0.00576488	0.000239638	0.00562672	0.00645357
8  	10    	0.00570905	6.10581e-05	0.00564765	0.00582097
9  	10    	0.00571229	7.06766e-05	0.00559345	0.0058507 
10 	10    	0.0058127 	0.000228783	0.00558159	0.00643183
11 	10    	0.00592312	0.000341663	0.00562373	0.00677371
12 	10    	0.00578508	0.000170776	0.00562381	0.00623513
13 	10    	0.00586646	0.000284656	0.0056275 	0.00664669
14 	10    	0.00582696	0.000221021	0.00567061	0.00644126
15 	10    	0.00581359	0.000253824	0.00563142	0.00653536
16 	10    	0.00575133	0.000146897	0.00556283	0.00602979
17 	10    	0.00576106	9.73208e-05	0.00563281	0.00599021
18 	10    	0.00585653	0.000190857	0.00563972	0.00623431
19 	10    	0.00590365	0.000170379	0.00567396	0.00622565
20 	10    	0.00587564	0.000226177	0.00563394	0.00633313
Runtime: 5.605408327002806 (s)


Final population:
Index: Selected                                    #Selected    CV          
----------------------------------------------------------------------------------------------------
    0: 1111000001011010110101000110001101001000... 98           0.0063331323
    1: 1111000001001011110101101010011110001100... 100          0.0058647549
    2: 1111100001011011111100101010011110001000... 100          0.0061849897
    3: 1111000001011011110101011010001100001001... 99           0.0056339378
    4: 1111100001011011110100111010001110001101... 100          0.0057323502
    5: 1111000001011011100100001010011110001100... 93           0.0056913755
    6: 1111000001011011110100101010001100001000... 100          0.0056466534
    7: 1111000001011011110101001010001100001000... 99           0.0057749939
    8: 1111100000011011110100111010011110001100... 100          0.0060489925
    9: 1111000001011011100100101010011110001100... 97           0.0058452611

Pickling population to: genetic_alg_settings_population_end.pkl

Hall of Fame:
Index: Selected                                    #Selected    CV          
----------------------------------------------------------------------------------------------------
    0: 1111000101011011010000111010101111100011... 99           0.0053792072
    1: 1111010101010011100010111011100111100010... 100          0.0053886156
    2: 1111010101011011100010111010101111100011... 100          0.0054088657
    3: 1111000101011011110010111010101111100011... 100          0.0054231207
    4: 1111000101011011110010111010101111100011... 100          0.0054338308
    5: 1111000001011011110001101010101110111000... 93           0.0054342738
    6: 1111000101011011010000111010101111100011... 99           0.0054346542
    7: 1111010101010011110010101011101111100010... 100          0.0054366096
    8: 1111000101011011110000111010101111100011... 99           0.0054379945
    9: 1111010101010011110010101010101101100010... 100          0.0054413974

Pickling Hall of Fame to: genetic_alg_settings_evolve_halloffame.pkl
Begin 15 of 20 repetitions
Begin 20 generations
gen	nevals	avg       	std        	min       	max       
0  	0     	0.00587564	0.000226177	0.00563394	0.00633313
1  	10    	0.00573405	0.000129773	0.00556767	0.00598917
2  	10    	0.00572026	8.19665e-05	0.00555891	0.00584271
3  	10    	0.00574462	0.00015337 	0.00555247	0.00612547
4  	10    	0.005771  	9.68321e-05	0.00563707	0.00594759
5  	10    	0.00570902	5.91034e-05	0.00562371	0.00579895
6  	10    	0.00577425	0.000229198	0.00560338	0.00642232
7  	10    	0.00582634	0.000287024	0.00559538	0.00653845
8  	10    	0.00570393	6.15973e-05	0.00556943	0.00578692
9  	10    	0.00583233	0.000289657	0.00561117	0.0066654 
10 	10    	0.00573193	0.000125153	0.00560079	0.00604425
11 	10    	0.0056616 	6.73695e-05	0.00554273	0.00579658
12 	10    	0.00568918	7.16373e-05	0.00554008	0.00580124
13 	10    	0.0057724 	0.000106349	0.00568123	0.00597528
14 	10    	0.00585312	0.000334961	0.00560401	0.00680489
15 	10    	0.00576908	0.000183906	0.00553038	0.0060794 
16 	10    	0.00573995	7.21131e-05	0.00559587	0.0058507 
17 	10    	0.00585211	0.000434404	0.00556855	0.00709906
18 	10    	0.00565635	5.7385e-05 	0.00556526	0.005781  
19 	10    	0.00569178	0.00015731 	0.00552134	0.00600661
20 	10    	0.00565374	5.0492e-05 	0.00557324	0.00576355
Runtime: 5.622264932000689 (s)


Final population:
Index: Selected                                    #Selected    CV          
----------------------------------------------------------------------------------------------------
    0: 1111000001011011100100101010001100000000... 94           0.0056735118
    1: 1111000001011011000100101010001100000000... 94           0.0056542956
    2: 1111000001011011000100101010001100000000... 91           0.0056910703
    3: 1111000001011011100100101010001100000000... 96           0.0056386006
    4: 1111000001011011000100101110001100000000... 98           0.0056321428
    5: 1111000001011011000100101110001100000000... 99           0.0056363439
    6: 1111000001011011110100101110001100000000... 97           0.0055947136
    7: 1111000001010111100100101010001100000000... 95           0.0056799656
    8: 1111000001111011100100101010001100000000... 93           0.005763553 
    9: 1111000001010011100100101010001100000000... 90           0.0055732383

Pickling population to: genetic_alg_settings_population_end.pkl

Hall of Fame:
Index: Selected                                    #Selected    CV          
----------------------------------------------------------------------------------------------------
    0: 1111000101011011010000111010101111100011... 99           0.0053792072
    1: 1111010101010011100010111011100111100010... 100          0.0053886156
    2: 1111010101011011100010111010101111100011... 100          0.0054088657
    3: 1111000101011011110010111010101111100011... 100          0.0054231207
    4: 1111000101011011110010111010101111100011... 100          0.0054338308
    5: 1111000001011011110001101010101110111000... 93           0.0054342738
    6: 1111000101011011010000111010101111100011... 99           0.0054346542
    7: 1111010101010011110010101011101111100010... 100          0.0054366096
    8: 1111000101011011110000111010101111100011... 99           0.0054379945
    9: 1111010101010011110010101010101101100010... 100          0.0054413974

Pickling Hall of Fame to: genetic_alg_settings_evolve_halloffame.pkl
Begin 16 of 20 repetitions
Begin 20 generations
gen	nevals	avg       	std       	min       	max       
0  	0     	0.00565374	5.0492e-05	0.00557324	0.00576355
1  	10    	0.00568764	7.24641e-05	0.00557286	0.00581812
2  	10    	0.00574002	9.89666e-05	0.00560292	0.0059802 
3  	10    	0.00572585	7.98906e-05	0.00560789	0.00592986
4  	10    	0.00577971	0.000158013	0.00561064	0.00608024
5  	10    	0.00569763	5.12188e-05	0.00561698	0.00578997
6  	10    	0.00574953	0.000131811	0.00560277	0.00607908
7  	10    	0.00569551	7.46688e-05	0.00561594	0.00581733
8  	10    	0.00571656	0.000159466	0.00554426	0.00607934
9  	10    	0.0058293 	0.000245717	0.00564644	0.00648215
10 	10    	0.00577253	0.000192528	0.0055921 	0.00615211
11 	10    	0.0058416 	0.000309218	0.00564064	0.00671063
12 	10    	0.0056873 	6.8944e-05 	0.00559128	0.00576896
13 	10    	0.00566977	9.61018e-05	0.00554043	0.00586652
14 	10    	0.00573779	0.000210212	0.00548059	0.00629511
15 	10    	0.00575284	0.000269806	0.00554341	0.00652836
16 	10    	0.00569374	7.44793e-05	0.00554276	0.00581732
17 	10    	0.00582639	0.000267576	0.00552241	0.00651217
18 	10    	0.00571568	0.000146652	0.00554792	0.0059726 
19 	10    	0.00581911	0.000353691	0.00556459	0.00679526
20 	10    	0.00568545	0.000229853	0.00553088	0.00634853
Runtime: 5.613724411003204 (s)


Final population:
Index: Selected                                    #Selected    CV          
----------------------------------------------------------------------------------------------------
    0: 1111000001011011100000101110001100000000... 97           0.0056856982
    1: 1111000001011011100000101110001110000000... 100          0.0055542235
    2: 1111000001001011100000101111101100000000... 100          0.0056733042
    3: 1111000001001011100000101111101100000000... 100          0.0055818929
    4: 1111000001011011100000101110101100000000... 100          0.0055861356
    5: 1111000001011010100000101110001110000000... 99           0.0055308767
    6: 1111000001011000100000101110101100000000... 99           0.0057394875
    7: 1111000001011010100000101110101100000000... 100          0.0055624063
    8: 1111000001001011100000101110101100000000... 100          0.0055919887
    9: 1111000001011011100000101111101100000000... 100          0.0063485348

Pickling population to: genetic_alg_settings_population_end.pkl

Hall of Fame:
Index: Selected                                    #Selected    CV          
----------------------------------------------------------------------------------------------------
    0: 1111000101011011010000111010101111100011... 99           0.0053792072
    1: 1111010101010011100010111011100111100010... 100          0.0053886156
    2: 1111010101011011100010111010101111100011... 100          0.0054088657
    3: 1111000101011011110010111010101111100011... 100          0.0054231207
    4: 1111000101011011110010111010101111100011... 100          0.0054338308
    5: 1111000001011011110001101010101110111000... 93           0.0054342738
    6: 1111000101011011010000111010101111100011... 99           0.0054346542
    7: 1111010101010011110010101011101111100010... 100          0.0054366096
    8: 1111000101011011110000111010101111100011... 99           0.0054379945
    9: 1111010101010011110010101010101101100010... 100          0.0054413974

Pickling Hall of Fame to: genetic_alg_settings_evolve_halloffame.pkl
Begin 17 of 20 repetitions
Begin 20 generations
gen	nevals	avg       	std        	min       	max       
0  	0     	0.00568545	0.000229853	0.00553088	0.00634853
1  	10    	0.00576195	0.000246652	0.00553358	0.00643941
2  	10    	0.00572792	0.00011672 	0.00546771	0.00586627
3  	10    	0.00570044	0.000197828	0.00546338	0.00618567
4  	10    	0.0056361 	6.43683e-05	0.00549898	0.00572959
5  	10    	0.00563783	0.000186601	0.00546431	0.00605606
6  	10    	0.00561339	7.14571e-05	0.0055223 	0.00574408
7  	10    	0.00576099	0.00023453 	0.00554158	0.00641926
8  	10    	0.00570855	0.000101862	0.00560009	0.0059781 
9  	10    	0.00569485	0.000181874	0.0055303 	0.00617945
10 	10    	0.00576248	0.000134679	0.005538  	0.0059272 
11 	10    	0.00582481	0.000167562	0.00554809	0.00608644
12 	10    	0.00590518	0.000347279	0.00555892	0.00684238
13 	10    	0.00572159	0.000107559	0.00556788	0.0059416 
14 	10    	0.0057199 	9.21231e-05	0.00554133	0.0058975 
15 	10    	0.00572648	0.000163776	0.00552449	0.00601748
16 	10    	0.00570438	0.000140411	0.0055171 	0.00593981
17 	10    	0.00573438	0.000143802	0.00558038	0.00600114
18 	10    	0.00588458	0.00033962 	0.00553734	0.00667614
19 	10    	0.00572386	9.94643e-05	0.00562251	0.00594141
20 	10    	0.0057024 	8.44323e-05	0.00559111	0.00588633
Runtime: 5.624888275000558 (s)


Final population:
Index: Selected                                    #Selected    CV          
----------------------------------------------------------------------------------------------------
    0: 1111101011111010101000101110101110000010... 100          0.0056849815
    1: 1111101001111110001000111110101110000010... 100          0.0056033273
    2: 1111101001111110101000101110101110000011... 95           0.0056440394
    3: 1111100001111010101000101110101110000010... 100          0.0058863327
    4: 1111101001111010101000111110101110000011... 100          0.005732022 
    5: 1111101001111010101000101110101110000010... 97           0.0057877977
    6: 1111101001111010101000101110111110000011... 98           0.0056961626
    7: 1111101001111110101000101110101110000011... 99           0.005739847 
    8: 1111111001111110101000101110101110000010... 98           0.0056583993
    9: 1111101001111110101000101110101110000011... 100          0.0055911139

Pickling population to: genetic_alg_settings_population_end.pkl

Hall of Fame:
Index: Selected                                    #Selected    CV          
----------------------------------------------------------------------------------------------------
    0: 1111000101011011010000111010101111100011... 99           0.0053792072
    1: 1111010101010011100010111011100111100010... 100          0.0053886156
    2: 1111010101011011100010111010101111100011... 100          0.0054088657
    3: 1111000101011011110010111010101111100011... 100          0.0054231207
    4: 1111000101011011110010111010101111100011... 100          0.0054338308
    5: 1111000001011011110001101010101110111000... 93           0.0054342738
    6: 1111000101011011010000111010101111100011... 99           0.0054346542
    7: 1111010101010011110010101011101111100010... 100          0.0054366096
    8: 1111000101011011110000111010101111100011... 99           0.0054379945
    9: 1111010101010011110010101010101101100010... 100          0.0054413974

Pickling Hall of Fame to: genetic_alg_settings_evolve_halloffame.pkl
Begin 18 of 20 repetitions
Begin 20 generations
gen	nevals	avg      	std        	min       	max       
0  	0     	0.0057024	8.44323e-05	0.00559111	0.00588633
1  	10    	0.00571479	0.000133648	0.00561757	0.00610082
2  	10    	0.00583477	0.000483835	0.00547217	0.00720919
3  	10    	0.00567828	0.000135554	0.00551833	0.00588278
4  	10    	0.0057765 	0.000319768	0.00557867	0.00668898
5  	10    	0.00579094	0.000359527	0.0054523 	0.00680184
6  	10    	0.00577291	0.000226373	0.00550112	0.00637155
7  	10    	0.00583091	0.000297174	0.00556109	0.00650601
8  	10    	0.00574723	0.00026455 	0.00556082	0.00651546
9  	10    	0.00566881	0.000119752	0.00549161	0.00586825
10 	10    	0.00569278	0.000137594	0.00552676	0.00603465
11 	10    	0.00563507	0.000104337	0.00551591	0.00585742
12 	10    	0.00565701	0.000170866	0.00545262	0.00606994
13 	10    	0.00566825	0.000278559	0.00547786	0.00648846
14 	10    	0.00566188	0.000106353	0.00547688	0.00582601
15 	10    	0.00563661	0.00012427 	0.00539385	0.00581724
16 	10    	0.00569295	0.000182789	0.00551774	0.0061016 
17 	10    	0.00581554	0.000256087	0.0055667 	0.00629144
18 	10    	0.00585772	0.000377312	0.00546765	0.0065609 
19 	10    	0.00571532	0.000180468	0.00547765	0.00606485
20 	10    	0.00595483	0.000387545	0.00562564	0.00687411
Runtime: 5.593484418001026 (s)


Final population:
Index: Selected                                    #Selected    CV          
----------------------------------------------------------------------------------------------------
    0: 1111101000111110000000101010101100000011... 98           0.0056256388
    1: 1111100000111110000000100010101110000011... 100          0.006055011 
    2: 1111100000111010000000101010101100000011... 97           0.005677277 
    3: 1110100000111010000000101010101100000011... 100          0.0063805756
    4: 1110100000111010000000101010101100000011... 100          0.006874114 
    5: 1111100000111110000000101011101100000011... 100          0.0056266688
    6: 1111101000110010000000101010101110000011... 100          0.0058684195
    7: 1111000000111110000000101010101100000011... 96           0.0056764934
    8: 1111100000111010000000101010101100000011... 100          0.0060781862
    9: 1111100000111010000000101010101100000011... 97           0.0056859655

Pickling population to: genetic_alg_settings_population_end.pkl

Hall of Fame:
Index: Selected                                    #Selected    CV          
----------------------------------------------------------------------------------------------------
    0: 1111000101011011010000111010101111100011... 99           0.0053792072
    1: 1111010101010011100010111011100111100010... 100          0.0053886156
    2: 1111101000111110000000101010101100000011... 94           0.0053938504
    3: 1111010101011011100010111010101111100011... 100          0.0054088657
    4: 1111000101011011110010111010101111100011... 100          0.0054231207
    5: 1111000101011011110010111010101111100011... 100          0.0054338308
    6: 1111000001011011110001101010101110111000... 93           0.0054342738
    7: 1111000101011011010000111010101111100011... 99           0.0054346542
    8: 1111010101010011110010101011101111100010... 100          0.0054366096
    9: 1111000101011011110000111010101111100011... 99           0.0054379945

Pickling Hall of Fame to: genetic_alg_settings_evolve_halloffame.pkl
Begin 19 of 20 repetitions
Begin 20 generations
gen	nevals	avg       	std        	min       	max       
0  	0     	0.00595483	0.000387545	0.00562564	0.00687411
1  	10    	0.00605075	0.000313227	0.00571105	0.00678598
2  	10    	0.00588398	0.000251221	0.0055717 	0.00649449
3  	10    	0.00581486	0.000316476	0.00549912	0.00671701
4  	10    	0.00581109	0.00016809 	0.00549801	0.00605343
5  	10    	0.00570114	0.00014554 	0.00551403	0.005981  
6  	10    	0.0056876 	0.000311811	0.00541773	0.00657341
7  	10    	0.00568302	0.000150027	0.00545557	0.00594075
8  	10    	0.00566043	0.0002347  	0.00549749	0.00632003
9  	10    	0.00570999	0.000281196	0.00547229	0.00645554
10 	10    	0.00559587	0.000151116	0.00540454	0.00582724
11 	10    	0.0056088 	0.000102761	0.00548317	0.00579103
12 	10    	0.00566978	0.000258811	0.00545685	0.00628768
13 	10    	0.00558543	9.35779e-05	0.00549347	0.0058248 
14 	10    	0.00560297	7.44377e-05	0.00551576	0.00575447
15 	10    	0.00568164	0.000246938	0.00553891	0.00641254
16 	10    	0.00574606	0.000315093	0.00552624	0.00667416
17 	10    	0.00584236	0.000308602	0.00551862	0.0064577 
18 	10    	0.00564328	0.000153331	0.00547813	0.00597702
19 	10    	0.00577895	0.000264454	0.00551574	0.00634503
20 	10    	0.00562242	8.5111e-05 	0.00552198	0.0057997 
Runtime: 5.618709754999145 (s)


Final population:
Index: Selected                                    #Selected    CV          
----------------------------------------------------------------------------------------------------
    0: 1111001000111000000100101010100100000111... 96           0.0055679626
    1: 1111001000111010000100101010100100000110... 100          0.0056223847
    2: 1111001000111000000100101010100101000111... 97           0.0057996955
    3: 1111001000111010000100101010101100000111... 97           0.0055859405
    4: 1111001000111010000100101010100100000111... 98           0.0055505992
    5: 1111001000111010100100101010100100000111... 91           0.0056853418
    6: 1111001000111010000100101010100100000111... 97           0.0055219822
    7: 1111001000111010000100101010100100000111... 100          0.0055787007
    8: 1111001000111010100100101010100100000111... 99           0.0055740451
    9: 1111001000111010000100101010100100000101... 97           0.0057375684

Pickling population to: genetic_alg_settings_population_end.pkl

Hall of Fame:
Index: Selected                                    #Selected    CV          
----------------------------------------------------------------------------------------------------
    0: 1111000101011011010000111010101111100011... 99           0.0053792072
    1: 1111010101010011100010111011100111100010... 100          0.0053886156
    2: 1111101000111110000000101010101100000011... 94           0.0053938504
    3: 1111001000111110000100101010111100000111... 95           0.0054045401
    4: 1111010101011011100010111010101111100011... 100          0.0054088657
    5: 1111001100111010000000101010101100000011... 100          0.0054177314
    6: 1111000101011011110010111010101111100011... 100          0.0054231207
    7: 1111001000111110000110101010101100000111... 99           0.0054291908
    8: 1111101000111110000000101010101100000111... 100          0.0054310246
    9: 1111000101011011110010111010101111100011... 100          0.0054338308

Pickling Hall of Fame to: genetic_alg_settings_evolve_halloffame.pkl
Begin 20 of 20 repetitions
Begin 20 generations
gen	nevals	avg       	std       	min       	max      
0  	0     	0.00562242	8.5111e-05	0.00552198	0.0057997
1  	10    	0.00573224	0.00022069	0.00557695	0.006307 
2  	10    	0.00574142	0.00019145	0.00555181	0.00619591
3  	10    	0.00566045	7.25758e-05	0.00555532	0.00582747
4  	10    	0.00577761	0.000290991	0.00555645	0.00659463
5  	10    	0.00581597	0.000372024	0.00550509	0.0066487 
6  	10    	0.00568695	0.000121928	0.00555025	0.00597174
7  	10    	0.00580571	0.00018427 	0.00563424	0.00628067
8  	10    	0.00596187	0.000309924	0.00564785	0.00658245
9  	10    	0.00581849	0.000163203	0.00553041	0.00606462
10 	10    	0.00581616	0.000142938	0.0056385 	0.0061276 
11 	10    	0.00585237	0.000280803	0.00553713	0.00639678
12 	10    	0.00567681	0.00010121 	0.00551988	0.00584922
13 	10    	0.00565137	0.000124367	0.00553024	0.00589467
14 	10    	0.00562622	8.49897e-05	0.00552175	0.00582084
15 	10    	0.00590008	0.000459208	0.00553111	0.00700265
16 	10    	0.00568847	0.000297572	0.00543295	0.00654768
17 	10    	0.00565363	9.6318e-05 	0.00553328	0.00587429
18 	10    	0.00573919	0.000247697	0.00550215	0.0064171 
19 	10    	0.00569306	0.000208044	0.00542614	0.00605201
20 	10    	0.00574191	0.00018996 	0.00551244	0.00618621
Runtime: 5.620773123999243 (s)


Final population:
Index: Selected                                    #Selected    CV          
----------------------------------------------------------------------------------------------------
    0: 1111001000111010000100101111100100111010... 95           0.0056920205
    1: 1111001000110010000100101111100100011110... 98           0.0055124401
    2: 1111001000111010000100101111100100011110... 98           0.0057225236
    3: 1111001000111010000100101111100100011111... 100          0.0055781016
    4: 1111001100111010000100100110100100011110... 100          0.0061862133
    5: 1111001010111011000100101011100100011110... 97           0.0056429663
    6: 1111001000111010000100001111100110011110... 100          0.0058135033
    7: 1111001000111010000100101110110100011110... 100          0.005843603 
    8: 1111001000111010000100101110100100011110... 100          0.0055491484
    9: 1111001000111010000100001110100100011110... 98           0.00587857  

Pickling population to: genetic_alg_settings_population_end.pkl

Hall of Fame:
Index: Selected                                    #Selected    CV          
----------------------------------------------------------------------------------------------------
    0: 1111000101011011010000111010101111100011... 99           0.0053792072
    1: 1111010101010011100010111011100111100010... 100          0.0053886156
    2: 1111101000111110000000101010101100000011... 94           0.0053938504
    3: 1111001000111110000100101010111100000111... 95           0.0054045401
    4: 1111010101011011100010111010101111100011... 100          0.0054088657
    5: 1111001100111010000000101010101100000011... 100          0.0054177314
    6: 1111000101011011110010111010101111100011... 100          0.0054231207
    7: 1111001000111010000100101111100100011110... 98           0.005426138 
    8: 1111001000111110000110101010101100000111... 99           0.0054291908
    9: 1111101000111110000000101010101100000111... 100          0.0054310246

Pickling Hall of Fame to: genetic_alg_settings_evolve_halloffame.pkl
#   DONE  Runtime: 109.08845099899918 (s)

Adding statistics...
  DONE

Result:
Index: Selected                                    #Selected    CV           RMS          wRMS         Estimator                FeatureSelection         Note
--------------------------------------------------------------------------------------------------------------------------------------------------------------------
    0: 1111000101011011010000111010101111100011... 99           0.0053792072 0.0044200023 0.0044906075 LinearRegression         GeneticAlgorithm         
    1: 1111010101010011100010111011100111100010... 100          0.0053886156 0.004492912  0.0045810797 LinearRegression         GeneticAlgorithm         
    2: 1111101000111110000000101010101100000011... 94           0.0053938504 0.004534305  0.0046118966 LinearRegression         GeneticAlgorithm         
    3: 1111001000111110000100101010111100000111... 95           0.0054045401 0.0045066546 0.0045728728 LinearRegression         GeneticAlgorithm         
    4: 1111010101011011100010111010101111100011... 100          0.0054088657 0.0044576918 0.004519406  LinearRegression         GeneticAlgorithm         
    5: 1111001100111010000000101010101100000011... 100          0.0054177314 0.0043900352 0.0044594683 LinearRegression         GeneticAlgorithm         
    6: 1111000101011011110010111010101111100011... 100          0.0054231207 0.0044353097 0.0045002191 LinearRegression         GeneticAlgorithm         
    7: 1111001000111010000100101111100100011110... 98           0.005426138  0.0044313634 0.0045170063 LinearRegression         GeneticAlgorithm         
    8: 1111001000111110000110101010101100000111... 99           0.0054291908 0.0044596651 0.0045391117 LinearRegression         GeneticAlgorithm         
    9: 1111101000111110000000101010101100000111... 100          0.0054310246 0.0044639048 0.0045321702 LinearRegression         GeneticAlgorithm         

Pickling Hall of Fame to: genetic_alg_settings_halloffame.pkl
