Loading genetic_alg_settings.json
# Hall of Fame size: 10 

# Get problem data...
# wHullDist: Will calculate hull distance: hull_dist(CALCULATED,atom_frac)
# Query requested: ['formation_energy', 'is_calculated', 'corr', 'hull_dist(CALCULATED,atom_frac)']
# Use existing: []
# Querying: ['formation_energy', 'is_calculated', 'corr', 'hull_dist(CALCULATED,atom_frac)']
#   DONE

# Target: formation_energy
# Training samples: 627
# Features: 253 

# Weighting:
{
  "method": "wHullDist",
  "kwargs": {
    "A": 0.1,
    "B": 1.0,
    "kT": 0.1,
    "hull_selection": "CALCULATED"
  }
}

# CV:
{
  "method": "KFold",
  "kwargs": {
    "n_splits": 10,
    "shuffle": true
  },
  "penalty": 0.0
} 

# Writing problem specs to: genetic_alg_settings_specs.pkl
# To inspect or customize the problem specs further, use the '--checkspecs' method

# Estimator:
{
  "method": "LinearRegression",
  "kwargs": {
    "fit_intercept": false
  }
} 

# Feature Selection:
{
  "method": "GeneticAlgorithm",
  "kwargs": {
    "constraints_kwargs": {
      "n_features_max": 100,
      "n_features_min": 3,
      "fix_off": [],
      "fix_on": [
        0,
        1,
        2
      ]
    },
    "selTournamentSize": 3,
    "mutFlipBitProb": 0.01,
    "evolve_params_kwargs": {
      "n_generation": 20,
      "n_repetition": 20,
      "n_features_init": 3,
      "n_population": 10,
      "n_halloffame": 10,
      "halloffame_filename": "evolve_halloffame.pkl",
      "filename_prefix": "genetic_alg_settings"
    },
    "cxUniformProb": 0.5
  }
} 

# Fit and select...
Constructing initial population
Begin 1 of 20 repetitions
Begin 20 generations
gen	nevals	avg      	std        	min      	max      
0  	10    	0.0195553	0.000655157	0.0184087	0.0206447
1  	10    	0.0183773	0.000832194	0.0171868	0.0194033
2  	10    	0.0177454	0.000802435	0.0168973	0.0193848
3  	10    	0.016406 	0.00074698 	0.0150824	0.0174166
4  	10    	0.0157939	0.00076778 	0.0147838	0.0172617
5  	10    	0.0153748	0.00115527 	0.0139856	0.0169658
6  	10    	0.0138528	0.00128737 	0.0119031	0.016263 
7  	10    	0.0132403	0.00081641 	0.0121022	0.014811 
8  	10    	0.0123192	0.00091794 	0.0109004	0.0142976
9  	10    	0.0114376	0.000852211	0.00977641	0.0125224
10 	10    	0.0112327	0.00137966 	0.00909936	0.0142179
11 	10    	0.0103426	0.000638515	0.00885559	0.0110815
12 	10    	0.00941244	0.000815518	0.0079655 	0.0105154
13 	10    	0.00864666	0.000766495	0.00783185	0.0101365
14 	10    	0.0080053 	0.000447675	0.00762849	0.00918821
15 	10    	0.00770238	0.000364156	0.00725795	0.00830372
16 	10    	0.0073526 	0.000129084	0.00715027	0.00763902
17 	10    	0.00717391	0.000162456	0.00696435	0.007565  
18 	10    	0.00708001	0.000145208	0.00685409	0.00736167
19 	10    	0.00706093	0.000204691	0.00681568	0.00746667
20 	10    	0.00699902	0.000184489	0.00670541	0.00733498
Runtime: 2.9800375900013023 (s)


Final population:
Index: Selected                                    #Selected    CV          
----------------------------------------------------------------------------------------------------
    0: 1111010000100001010000001000000100000100... 62           0.006871919 
    1: 1111010100100001010000001000000110000000... 70           0.0067054099
    2: 1111010100100001010000001010000100000000... 61           0.0071432015
    3: 1111010100101101000000001010000100000000... 61           0.0069152623
    4: 1111010000101101010101001010000110000000... 62           0.0070519206
    5: 1111010100100001010000001000000100000000... 60           0.0071946842
    6: 1111010100100101010000001000000110000000... 66           0.0067627893
    7: 1111010000100001010001001000000100000000... 59           0.0073349826
    8: 1111010100100001010000001000000100000000... 65           0.0069914913
    9: 1111010000100001010000001000000100000000... 65           0.0070185063

Pickling population to: genetic_alg_settings_population_end.pkl

Hall of Fame:
Index: Selected                                    #Selected    CV          
----------------------------------------------------------------------------------------------------
    0: 1111010100100001010000001000000110000000... 70           0.0067054099
    1: 1111010100100101010000001000000110000000... 66           0.0067627893
    2: 1111010000100001010000001000000100000000... 66           0.0068156825
    3: 1111010100100001010000001000000100000000... 62           0.0068364764
    4: 1111010100100001010000001000000110000000... 61           0.0068540857
    5: 1111010000100001010000001000000100000100... 62           0.006871919 
    6: 1111010100100101010000001000000110000000... 58           0.0068829772
    7: 1111010100100001000000001010000100000000... 59           0.0069027141
    8: 1111010100101101000000001010000100000000... 61           0.0069152623
    9: 1111010100100001010000001000000100000000... 61           0.0069558591

Pickling Hall of Fame to: genetic_alg_settings_evolve_halloffame.pkl
Begin 2 of 20 repetitions
Begin 20 generations
gen	nevals	avg       	std        	min       	max       
0  	0     	0.00699902	0.000184489	0.00670541	0.00733498
1  	10    	0.00699546	0.000200272	0.00660472	0.0073733 
2  	10    	0.00683536	0.000147703	0.00647357	0.00708982
3  	10    	0.00679891	0.000233192	0.00650558	0.00725898
4  	10    	0.00678398	0.000225342	0.00640952	0.0071594 
5  	10    	0.00673395	0.000527176	0.00634487	0.00827659
6  	10    	0.00644733	6.3118e-05 	0.00634253	0.00655965
7  	10    	0.00662113	0.000439334	0.00630283	0.00787833
8  	10    	0.00641319	0.000126275	0.00624922	0.00660661
9  	10    	0.00636986	0.000131444	0.00615747	0.00658807
10 	10    	0.00636799	0.000275894	0.00603504	0.00713797
11 	10    	0.00629084	0.000191112	0.00607923	0.00675603
12 	10    	0.00620539	8.79877e-05	0.00607422	0.00634833
13 	10    	0.00612995	5.64533e-05	0.00601729	0.00625058
14 	10    	0.006273  	0.000470985	0.00599313	0.00767119
15 	10    	0.00604218	8.58243e-05	0.00593163	0.00615621
16 	10    	0.00600055	8.09388e-05	0.00586528	0.00613852
17 	10    	0.00600082	0.000127664	0.00583498	0.00625149
18 	10    	0.00616352	0.00043874 	0.0058566 	0.00740805
19 	10    	0.00603498	0.000102481	0.00589062	0.00616773
20 	10    	0.00597859	0.000121249	0.0058387 	0.00625559
Runtime: 4.88200607500039 (s)


Final population:
Index: Selected                                    #Selected    CV          
----------------------------------------------------------------------------------------------------
    0: 1111010001101001010010001010000110001100... 84           0.0058885766
    1: 1111010001101001010010001010000110000100... 82           0.0058387015
    2: 1111010000101001010010001010000110000100... 84           0.0059505096
    3: 1111010001101001010010001010000110000100... 81           0.0058995016
    4: 1111010000001001010010001010000110000000... 83           0.0062555857
    5: 1111010111101001010010001010010110000100... 86           0.0059183694
    6: 1111010001101001010010001010000110000100... 82           0.005915205 
    7: 1111010011101000010010001010000110000100... 84           0.0059889884
    8: 1111010101101001010010001010000110000000... 82           0.0059852482
    9: 1111010000101001010010001011000110000100... 82           0.0061452473

Pickling population to: genetic_alg_settings_population_end.pkl

Hall of Fame:
Index: Selected                                    #Selected    CV          
----------------------------------------------------------------------------------------------------
    0: 1111010111101001010010001010010110000000... 87           0.0058349814
    1: 1111010001101001010010001010000110000100... 82           0.0058387015
    2: 1111010000101001010010001010000110000000... 80           0.0058462055
    3: 1111010000101001010010001010000110000000... 81           0.0058566033
    4: 1111010111101001010010001010010110000000... 83           0.0058652817
    5: 1111010001101001010010001010000110001100... 84           0.0058885766
    6: 1111010001101001010010001010000110000100... 81           0.0058906237
    7: 1111010101101001010010001010000110100100... 82           0.0058951914
    8: 1111010011101001010010001010000110000100... 84           0.0058964724
    9: 1111010110101001010010001010010110000000... 86           0.0058985394

Pickling Hall of Fame to: genetic_alg_settings_evolve_halloffame.pkl
Begin 3 of 20 repetitions
Begin 20 generations
gen	nevals	avg       	std        	min      	max       
0  	0     	0.00597859	0.000121249	0.0058387	0.00625559
1  	10    	0.0059477 	0.000110533	0.00583145	0.00620468
2  	10    	0.00600693	0.000184707	0.00585564	0.0065297 
3  	10    	0.00586635	0.000121765	0.00570616	0.00616283
4  	10    	0.00584789	8.90772e-05	0.0057359 	0.00605561
5  	10    	0.00580066	8.389e-05  	0.00568785	0.00594081
6  	10    	0.00607993	0.00038819 	0.00568518	0.00690731
7  	10    	0.00584661	0.000132754	0.00562489	0.00610286
8  	10    	0.00583524	0.000168865	0.00567727	0.00618413
9  	10    	0.00579667	0.00011007 	0.00564699	0.00601882
10 	10    	0.00576997	0.000102087	0.00563807	0.00594405
11 	10    	0.00573231	9.18918e-05	0.00564054	0.0059481 
12 	10    	0.00572962	0.000139986	0.00561939	0.00612822
13 	10    	0.00610468	0.000691953	0.00556929	0.00742255
14 	10    	0.00580089	0.000232104	0.00557754	0.00645671
15 	10    	0.00573746	0.000153978	0.00557273	0.00606032
16 	10    	0.00569647	0.000154032	0.00553209	0.00604365
17 	10    	0.00578145	0.000327213	0.0056021 	0.00675851
18 	10    	0.00569599	0.000111492	0.00551348	0.00588313
19 	10    	0.00592319	0.000402657	0.00553376	0.00675037
20 	10    	0.00567382	0.000184522	0.00545589	0.0061259 
Runtime: 5.562174007998692 (s)


Final population:
Index: Selected                                    #Selected    CV          
----------------------------------------------------------------------------------------------------
    0: 1111010111111001010010011010001111010100... 100          0.0057430715
    1: 1111010001111001010010111010001110000100... 96           0.0055182699
    2: 1111010001111001010010111010001110000100... 97           0.0055837326
    3: 1111010011101001010010011010001110000100... 100          0.0054922328
    4: 1111010001101001010010111010001110000100... 99           0.0057088917
    5: 1111010001101001010000111010001010000100... 94           0.0061259027
    6: 1111010011101001010010001010001110000100... 97           0.0057834227
    7: 1111010111111001010010011010001110100100... 97           0.0056130213
    8: 1111010101111001010010011010001110000100... 100          0.0054558904
    9: 1111010001101001010010111010001110000100... 98           0.0057137258

Pickling population to: genetic_alg_settings_population_end.pkl

Hall of Fame:
Index: Selected                                    #Selected    CV          
----------------------------------------------------------------------------------------------------
    0: 1111010101111001010010011010001110000100... 100          0.0054558904
    1: 1111010011101001010010011010001110000100... 100          0.0054922328
    2: 1111010011111001010010011010001110000100... 95           0.0055134759
    3: 1111010001111001010010111010001110000100... 96           0.0055182699
    4: 1111010001111001010010011010001110000100... 97           0.0055320879
    5: 1111010011111001010010011010001110000100... 98           0.0055337577
    6: 1111010001101001010010011010001110000100... 94           0.0055692881
    7: 1111010011101001010010011010001110000100... 94           0.0055727263
    8: 1111010001101001010010111010001110000100... 97           0.0055755405
    9: 1111010001101001010010011010001110000100... 97           0.005577545 

Pickling Hall of Fame to: genetic_alg_settings_evolve_halloffame.pkl
Begin 4 of 20 repetitions
Begin 20 generations
gen	nevals	avg       	std        	min       	max      
0  	0     	0.00567382	0.000184522	0.00545589	0.0061259
1  	10    	0.005699  	0.000215456	0.00550292	0.00630387
2  	10    	0.00559436	0.000158038	0.00534715	0.00595275
3  	10    	0.00567023	0.000110125	0.00548335	0.00587499
4  	10    	0.00576407	0.000286108	0.00540602	0.00648719
5  	10    	0.0057618 	0.000258215	0.00545074	0.00615619
6  	10    	0.00559981	0.000137527	0.00541755	0.00594703
7  	10    	0.00558955	0.000145384	0.00539456	0.00583753
8  	10    	0.00574802	0.000338512	0.00545801	0.00644353
9  	10    	0.00573657	0.000369933	0.00543983	0.00671551
10 	10    	0.00571752	0.000181159	0.00547761	0.00601437
11 	10    	0.0057992 	0.000309569	0.00546168	0.00661609
12 	10    	0.00572796	0.000175953	0.00556888	0.00621286
13 	10    	0.0056459 	0.000114336	0.00545332	0.00590332
14 	10    	0.00562798	6.6276e-05 	0.00550154	0.0056933 
15 	10    	0.00568879	0.000167839	0.00556756	0.00612933
16 	10    	0.00576951	0.000322444	0.00543369	0.00654745
17 	10    	0.00557896	3.21587e-05	0.00552646	0.00563532
18 	10    	0.00559656	0.000149844	0.00540121	0.00588825
19 	10    	0.00563034	0.000247133	0.00542078	0.00631304
20 	10    	0.00557579	9.5752e-05 	0.00543141	0.00572755
Runtime: 5.7077566629996 (s)


Final population:
Index: Selected                                    #Selected    CV          
----------------------------------------------------------------------------------------------------
    0: 1111110011110011010010001011001110001100... 92           0.0057275454
    1: 1111110011011011010110011010001110001110... 98           0.0056013778
    2: 1111110011011011110110001010001110001100... 96           0.0054362879
    3: 1111110011011011110110001010001110001100... 96           0.0055167084
    4: 1111110011010011010010001010001110001100... 99           0.0054314065
    5: 1111110011010011010110001010000110001010... 98           0.0055891089
    6: 1111110011010011010010001010001110001000... 96           0.0056375626
    7: 1111110011011011110110001010000110001110... 99           0.0056927529
    8: 1111110011010011010110001010001110001110... 100          0.0055070098
    9: 1111111011010001010010001010001110001110... 98           0.0056181887

Pickling population to: genetic_alg_settings_population_end.pkl

Hall of Fame:
Index: Selected                                    #Selected    CV          
----------------------------------------------------------------------------------------------------
    0: 1111010101011001011010111010001110000100... 100          0.0053471518
    1: 1111010011101011010010011010001110000100... 100          0.0053945562
    2: 1111110011111011010010001010001110001110... 99           0.0054012114
    3: 1111010011101010010010011010001110000100... 98           0.005406022 
    4: 1111010011101011010010011010001110000100... 100          0.0054175474
    5: 1111110011010011010110001010001110001100... 92           0.0054207826
    6: 1111110011010011010010001010001110001100... 99           0.0054314065
    7: 1111110011011011010010001010001110001110... 100          0.0054330684
    8: 1111010011010011010010001010001110001110... 96           0.0054336906
    9: 1111110011011011110110001010001110001100... 96           0.0054362879

Pickling Hall of Fame to: genetic_alg_settings_evolve_halloffame.pkl
Begin 5 of 20 repetitions
Begin 20 generations
gen	nevals	avg       	std       	min       	max       
0  	0     	0.00557579	9.5752e-05	0.00543141	0.00572755
1  	10    	0.00574488	0.000354669	0.00541472	0.00667302
2  	10    	0.00563379	0.000204009	0.00547865	0.00619965
3  	10    	0.00552283	0.000139712	0.00532896	0.0058695 
4  	10    	0.00559083	0.000173678	0.00543264	0.00599172
5  	10    	0.00551853	0.00013592 	0.00533054	0.00586686
6  	10    	0.0055107 	9.85579e-05	0.00539938	0.0057093 
7  	10    	0.00564506	0.000344117	0.00536277	0.00635466
8  	10    	0.00566929	0.000323467	0.00545001	0.00658705
9  	10    	0.00556144	6.89871e-05	0.00542419	0.00569207
10 	10    	0.00557965	0.000192501	0.00532566	0.00595343
11 	10    	0.00547756	0.000129309	0.00532537	0.00571441
12 	10    	0.00541381	5.45885e-05	0.00532849	0.00552618
13 	10    	0.00540868	5.69233e-05	0.00531561	0.00548048
14 	10    	0.00555159	0.000332717	0.0053002 	0.00645574
15 	10    	0.00546456	0.00012659 	0.00535742	0.00579719
16 	10    	0.00544639	9.46739e-05	0.00535513	0.00566033
17 	10    	0.005451  	8.08384e-05	0.0053109 	0.00560524
18 	10    	0.00555951	0.000313891	0.00534186	0.00632081
19 	10    	0.00547119	8.27444e-05	0.00535292	0.00561444
20 	10    	0.00556071	0.000117837	0.00541698	0.00580083
Runtime: 5.671039764998568 (s)


Final population:
Index: Selected                                    #Selected    CV          
----------------------------------------------------------------------------------------------------
    0: 1111110011010010010110001010000110101110... 99           0.0055110526
    1: 1111110011011011010110001010101110101110... 96           0.0054725895
    2: 1111110011011011010110011011101110101010... 100          0.0055467834
    3: 1111110011010011010110001010001110101110... 100          0.0057056934
    4: 1111110011011011010110001010001110101110... 97           0.0054953939
    5: 1111110011011011010110001010101110101110... 97           0.0055459264
    6: 1111110111010011010110001010001110101110... 97           0.0054450919
    7: 1111110011011011010110001010001110101110... 99           0.005666734 
    8: 1111110011001111010111001110001100101110... 95           0.0058008349
    9: 1111110011011011010110001010101110101110... 99           0.0054169807

Pickling population to: genetic_alg_settings_population_end.pkl

Hall of Fame:
Index: Selected                                    #Selected    CV          
----------------------------------------------------------------------------------------------------
    0: 1111110011011011010110001010001110101110... 94           0.0053002015
    1: 1111110011011011010110001010001110101110... 98           0.0053108958
    2: 1111110011011011010110001010001110101110... 96           0.0053118201
    3: 1111110011011011010110001010001110101110... 95           0.0053156086
    4: 1111110011011011110110001010001110101110... 96           0.0053253677
    5: 1111110011011011110110001010001110001110... 94           0.0053256575
    6: 1111110011011011110110001010001110101110... 94           0.0053279599
    7: 1111110011011011110110001010001110101110... 94           0.0053284946
    8: 1111110011011011110110001010001110001110... 97           0.0053289595
    9: 1111110001011011110110001010001110001110... 95           0.0053297425

Pickling Hall of Fame to: genetic_alg_settings_evolve_halloffame.pkl
Begin 6 of 20 repetitions
Begin 20 generations
gen	nevals	avg       	std        	min       	max       
0  	0     	0.00556071	0.000117837	0.00541698	0.00580083
1  	10    	0.00548323	9.25689e-05	0.00535619	0.00565232
2  	10    	0.00558597	0.000139051	0.00544839	0.00585455
3  	10    	0.00549986	0.000130438	0.00532938	0.00583195
4  	10    	0.0056076 	0.000150681	0.00545751	0.00600008
5  	10    	0.00556062	0.000109709	0.00531617	0.00569531
6  	10    	0.00563451	0.000261544	0.00546143	0.00620276
7  	10    	0.00569691	0.000268885	0.00547404	0.00643138
8  	10    	0.00560859	9.80087e-05	0.00546021	0.00579564
9  	10    	0.00560184	8.25277e-05	0.0054351 	0.00572004
10 	10    	0.00559519	0.000120601	0.00542722	0.00582439
11 	10    	0.00558377	0.000166319	0.00539015	0.0059343 
12 	10    	0.00562345	0.000246934	0.00535532	0.00630449
13 	10    	0.00562318	0.000291174	0.00536297	0.00642676
14 	10    	0.00559549	0.000143362	0.00534064	0.00590773
15 	10    	0.00561424	0.000158704	0.00546253	0.00601079
16 	10    	0.00563349	0.000157986	0.00538826	0.00586955
17 	10    	0.00565568	0.00019438 	0.00546744	0.00617588
18 	10    	0.00565092	0.00016455 	0.00546189	0.00601159
19 	10    	0.00572829	0.000233149	0.00541542	0.00632006
20 	10    	0.00566348	0.000129329	0.0054592 	0.00592676
Runtime: 5.727247261998855 (s)


Final population:
Index: Selected                                    #Selected    CV          
----------------------------------------------------------------------------------------------------
    0: 1111010111010011011110001010111110001000... 99           0.0056305282
    1: 1111010111010011011110001010111110001000... 99           0.0054592012
    2: 1111010111010011011110001010111110001100... 97           0.0058555117
    3: 1111011111010011011110001010101110001000... 100          0.0055640456
    4: 1111000111010011001010001010111110001000... 94           0.0056645391
    5: 1111010111010010011110001010111110001000... 99           0.0056020066
    6: 1111010111010010011110001010111110001000... 95           0.0056718511
    7: 1111010111010011001110001010111110001000... 98           0.0056640776
    8: 1111010111010011001010001010111110001000... 95           0.0055963035
    9: 1111010111010010011110001000111110001000... 100          0.00592676  

Pickling population to: genetic_alg_settings_population_end.pkl

Hall of Fame:
Index: Selected                                    #Selected    CV          
----------------------------------------------------------------------------------------------------
    0: 1111110011011011010110001010001110101110... 94           0.0053002015
    1: 1111110011011011010110001010001110101110... 98           0.0053108958
    2: 1111110011011011010110001010001110101110... 96           0.0053118201
    3: 1111110011011011010110001010001110101110... 95           0.0053156086
    4: 1111010011010011010110001010001110101010... 100          0.0053161664
    5: 1111110011011011110110001010001110101110... 96           0.0053253677
    6: 1111110011011011110110001010001110001110... 94           0.0053256575
    7: 1111110011011011110110001010001110101110... 94           0.0053279599
    8: 1111110011011011110110001010001110101110... 94           0.0053284946
    9: 1111110011011011110110001010001110001110... 97           0.0053289595

Pickling Hall of Fame to: genetic_alg_settings_evolve_halloffame.pkl
Begin 7 of 20 repetitions
Begin 20 generations
gen	nevals	avg       	std        	min      	max       
0  	0     	0.00566348	0.000129329	0.0054592	0.00592676
1  	10    	0.00557246	0.000113741	0.00541372	0.00575982
2  	10    	0.00561925	9.70114e-05	0.00544582	0.00575194
3  	10    	0.0056992 	0.000251035	0.00542384	0.00620671
4  	10    	0.00557857	0.000196581	0.00543426	0.00614341
5  	10    	0.00561493	0.000196504	0.00536652	0.00601909
6  	10    	0.00548919	0.000105318	0.00537832	0.00568935
7  	10    	0.00543043	8.89904e-05	0.0052516 	0.00557745
8  	10    	0.0054739 	8.26066e-05	0.00533723	0.00559361
9  	10    	0.00544643	0.000163501	0.00533548	0.00591741
10 	10    	0.0054743 	0.000153077	0.00531858	0.00575604
11 	10    	0.00546439	0.000135015	0.0053046 	0.00580811
12 	10    	0.00543814	0.000109693	0.00529151	0.00562298
13 	10    	0.00541707	7.99155e-05	0.00530986	0.00561719
14 	10    	0.00547156	0.000296641	0.00523913	0.00632311
15 	10    	0.00543682	0.000182613	0.00520822	0.00578786
16 	10    	0.00540321	8.24225e-05	0.00527433	0.00555625
17 	10    	0.00539622	3.91042e-05	0.00533108	0.00547349
18 	10    	0.0054308 	0.000105837	0.0052692 	0.00558379
19 	10    	0.00549266	0.000216956	0.00533761	0.0060642 
20 	10    	0.00545983	0.000163385	0.00527469	0.00588144
Runtime: 5.746147791000112 (s)


Final population:
Index: Selected                                    #Selected    CV          
----------------------------------------------------------------------------------------------------
    0: 1111010101010011011110000010101110001010... 96           0.0058814421
    1: 1111010101010011011110001010101110001010... 97           0.0053922687
    2: 1111010101010011011110001010101110001010... 97           0.0053544839
    3: 1111010101010011011110001010101110001010... 99           0.0052746875
    4: 1111010100010010011110001010101110001010... 100          0.005544157 
    5: 1111010101010010011110001010101110001010... 91           0.0053434483
    6: 1111010101010011011100001010101110000010... 92           0.0055407773
    7: 1111010101010010011110001010101110001010... 97           0.0053759481
    8: 1111010101010010011110001010101110001010... 100          0.0053975869
    9: 1111110101010011011110001010101110001010... 96           0.0054934612

Pickling population to: genetic_alg_settings_population_end.pkl

Hall of Fame:
Index: Selected                                    #Selected    CV          
----------------------------------------------------------------------------------------------------
    0: 1111010001010011011110001110101110001010... 100          0.0052082182
    1: 1111010101010011011110001110101110001010... 100          0.0052391293
    2: 1111010101010011011110001011101110011000... 100          0.005251599 
    3: 1111010101010011011110001010101110001010... 99           0.0052675144
    4: 1111011101010011011110001010101110001010... 100          0.0052692025
    5: 1111010101010011011110001010101110001010... 98           0.005274329 
    6: 1111010101010011011110001010101110001010... 99           0.0052746875
    7: 1111010101010011011110001010101110001010... 97           0.0052905132
    8: 1111010101010011011110001010101110001010... 97           0.0052915064
    9: 1111110101110010011110001010101110001010... 94           0.0052919887

Pickling Hall of Fame to: genetic_alg_settings_evolve_halloffame.pkl
Begin 8 of 20 repetitions
Begin 20 generations
gen	nevals	avg       	std        	min       	max       
0  	0     	0.00545983	0.000163385	0.00527469	0.00588144
1  	10    	0.00546815	0.000106826	0.0052954 	0.00558495
2  	10    	0.00549914	0.000168103	0.00522203	0.00574679
3  	10    	0.00548275	0.000153169	0.00533527	0.0058575 
4  	10    	0.00543928	0.000183475	0.00531159	0.00597954
5  	10    	0.00548307	7.26145e-05	0.00536686	0.0055824 
6  	10    	0.00552263	0.000154651	0.00528865	0.00578593
7  	10    	0.00552025	5.35304e-05	0.00546609	0.00563697
8  	10    	0.00553867	0.000121902	0.00534447	0.00574153
9  	10    	0.00553383	0.000135762	0.00524682	0.00573962
10 	10    	0.0055573 	8.78463e-05	0.00536702	0.00566666
11 	10    	0.00555208	0.000111152	0.00539297	0.00579806
12 	10    	0.00555773	0.000143643	0.00543034	0.00590902
13 	10    	0.00559731	9.52923e-05	0.00546157	0.00576325
14 	10    	0.00561438	0.00031878 	0.00534772	0.00649723
15 	10    	0.00556579	9.73892e-05	0.00541505	0.00576559
16 	10    	0.00555247	0.000108875	0.00533748	0.00573836
17 	10    	0.00550381	0.000121171	0.00531412	0.0057818 
18 	10    	0.00551245	8.21188e-05	0.00538044	0.00562878
19 	10    	0.00550072	9.60471e-05	0.00535151	0.00561527
20 	10    	0.00552739	0.00012444 	0.0052384 	0.00570101
Runtime: 5.7242447860007815 (s)


Final population:
Index: Selected                                    #Selected    CV          
----------------------------------------------------------------------------------------------------
    0: 1111011101010011011010001110101110010011... 100          0.0055444307
    1: 1111011101010011011010001110101110010011... 100          0.0055875922
    2: 1111011101010001011010001110101110000011... 100          0.005487881 
    3: 1111011101010011011010001010101110010010... 99           0.005426925 
    4: 1111001101010111011010001010101110001001... 98           0.0056499966
    5: 1111011101010011011010001111101110000011... 100          0.0055092162
    6: 1111011001010011011010001010110110000011... 97           0.0056256521
    7: 1111011100010010011100001010100110001011... 99           0.0057010109
    8: 1111011101010011011010001110101110000111... 100          0.0055027909
    9: 1111011101010011011110011010101110010011... 99           0.0052383965

Pickling population to: genetic_alg_settings_population_end.pkl

Hall of Fame:
Index: Selected                                    #Selected    CV          
----------------------------------------------------------------------------------------------------
    0: 1111010001010011011110001110101110001010... 100          0.0052082182
    1: 1111010101010011011110001010101110001010... 100          0.005222032 
    2: 1111011101010011011110011010101110010011... 99           0.0052383965
    3: 1111010101010011011110001110101110001010... 100          0.0052391293
    4: 1111011101010011011110001010101110001010... 100          0.00524682  
    5: 1111010101010011011110001011101110011000... 100          0.005251599 
    6: 1111010101010011011110001010101110001010... 99           0.0052675144
    7: 1111011101010011011110001010101110001010... 100          0.0052692025
    8: 1111010101010011011110001010101110001010... 98           0.005274329 
    9: 1111010101010011011110001010101110001010... 99           0.0052746875

Pickling Hall of Fame to: genetic_alg_settings_evolve_halloffame.pkl
Begin 9 of 20 repetitions
Begin 20 generations
gen	nevals	avg       	std       	min      	max       
0  	0     	0.00552739	0.00012444	0.0052384	0.00570101
1  	10    	0.00547575	0.000104977	0.00528546	0.00566501
2  	10    	0.00551379	0.000277555	0.00526401	0.00627883
3  	10    	0.00536479	6.20229e-05	0.00524164	0.005453  
4  	10    	0.00551879	0.000191555	0.00528058	0.00585549
5  	10    	0.00547752	0.00010946 	0.00534694	0.00575653
6  	10    	0.0055182 	0.000131   	0.00534385	0.00574324
7  	10    	0.0054924 	0.000170637	0.00527663	0.00591893
8  	10    	0.00547271	8.10583e-05	0.00532615	0.00560172
9  	10    	0.00543246	9.97305e-05	0.00530865	0.00560498
10 	10    	0.00548682	0.000237508	0.00531574	0.00604406
11 	10    	0.00542373	0.000100312	0.00525049	0.00554202
12 	10    	0.00547642	0.000171411	0.00530568	0.00589861
13 	10    	0.00548115	0.000140939	0.00531723	0.00580507
14 	10    	0.00546394	0.000181997	0.00529774	0.00597884
15 	10    	0.0054579 	9.99029e-05	0.00527479	0.00563025
16 	10    	0.0054082 	7.33776e-05	0.00530838	0.00550715
17 	10    	0.00549643	0.000307606	0.00523869	0.00623996
18 	10    	0.00539823	7.60658e-05	0.00528267	0.00554137
19 	10    	0.00545958	0.000145208	0.0053066 	0.00581278
20 	10    	0.00542226	0.000154133	0.00528369	0.00583934
Runtime: 5.725365264999709 (s)


Final population:
Index: Selected                                    #Selected    CV          
----------------------------------------------------------------------------------------------------
    0: 1111011101010011001110001010101111011011... 99           0.0052836927
    1: 1111011101010011001110001010101111011011... 100          0.0053598975
    2: 1111011101010011001110011010101111011011... 99           0.0053756914
    3: 1111011101010011001110011010101111011011... 98           0.0053559403
    4: 1111011101010011001110011010101111011011... 99           0.0054066522
    5: 1111011001010011001110111010100111011011... 98           0.0055527939
    6: 1111011101010111001110011010101111011011... 98           0.0053726479
    7: 1111011101010011001110001010101010011011... 98           0.0058393384
    8: 1111011101010011001010001010101111011011... 98           0.0053374667
    9: 1111011101010011001110011010101111011011... 99           0.0053384429

Pickling population to: genetic_alg_settings_population_end.pkl

Hall of Fame:
Index: Selected                                    #Selected    CV          
----------------------------------------------------------------------------------------------------
    0: 1111010001010011011110001110101110001010... 100          0.0052082182
    1: 1111010101010011011110001010101110001010... 100          0.005222032 
    2: 1111011101010011011110011010101110010011... 99           0.0052383965
    3: 1111011101010011001100001010101111011011... 100          0.0052386925
    4: 1111010101010011011110001110101110001010... 100          0.0052391293
    5: 1111011101010011011010001110101110000011... 98           0.0052416375
    6: 1111011101010011011110001010101110001010... 100          0.00524682  
    7: 1111011101010011001110011010101111010011... 100          0.0052504934
    8: 1111010101010011011110001011101110011000... 100          0.005251599 
    9: 1111011101010011011010001110101110000011... 97           0.0052640107

Pickling Hall of Fame to: genetic_alg_settings_evolve_halloffame.pkl
Begin 10 of 20 repetitions
Begin 20 generations
gen	nevals	avg       	std        	min       	max       
0  	0     	0.00542226	0.000154133	0.00528369	0.00583934
1  	10    	0.00535336	8.88948e-05	0.00522326	0.0055682 
2  	10    	0.00553543	0.000225093	0.0052709 	0.00602573
3  	10    	0.00536693	8.66581e-05	0.00525103	0.00555428
4  	10    	0.00543732	0.00011598 	0.00535007	0.00571626
5  	10    	0.00541368	0.000122261	0.00523175	0.00568983
6  	10    	0.00539761	8.16302e-05	0.00528172	0.0055575 
7  	10    	0.00538499	9.4635e-05 	0.00528473	0.00560537
8  	10    	0.00540802	0.000142941	0.00526168	0.00580036
9  	10    	0.0055463 	0.000272962	0.00531323	0.00613817
10 	10    	0.00536461	7.78569e-05	0.00527656	0.00555789
11 	10    	0.00536639	0.000101396	0.00519892	0.00550802
12 	10    	0.00546316	0.000197466	0.00522705	0.00597264
13 	10    	0.00546752	0.000235757	0.00520242	0.00601991
14 	10    	0.00530162	6.69398e-05	0.00519532	0.00541267
15 	10    	0.00550649	0.000281358	0.00526282	0.00609521
16 	10    	0.00543257	0.000179606	0.00526491	0.00582255
17 	10    	0.00543014	0.00014368 	0.00529561	0.00572874
18 	10    	0.00541895	0.000117568	0.00526389	0.00563966
19 	10    	0.00541883	0.000199049	0.00520025	0.00594188
20 	10    	0.00539503	0.000142614	0.00527695	0.00570423
Runtime: 5.673687517999497 (s)


Final population:
Index: Selected                                    #Selected    CV          
----------------------------------------------------------------------------------------------------
    0: 1111010101010011001010011011100111001011... 100          0.0053093793
    1: 1111010111010011001010011011101111001011... 98           0.0052971519
    2: 1111010101010011001010011010101111000011... 96           0.0054053466
    3: 1111010101010011000010111011101111001011... 100          0.0057042348
    4: 1111010101010011001010011011101111001011... 95           0.00535005  
    5: 1111010101010011001010011011101101001011... 100          0.0056370635
    6: 1111010101010011000010011011101111000011... 98           0.0053437066
    7: 1111010101110011000010011011101111000011... 99           0.0052769529
    8: 1111010101010011001010011011101111000011... 100          0.0053034164
    9: 1111010101010011000010011011101111001011... 95           0.0053230173

Pickling population to: genetic_alg_settings_population_end.pkl

Hall of Fame:
Index: Selected                                    #Selected    CV          
----------------------------------------------------------------------------------------------------
    0: 1111010101010011001010011010101111011011... 96           0.0051953207
    1: 1111011101010011001010011010100111001011... 98           0.0051989168
    2: 1111010101010011000010011011101111000011... 99           0.0052002471
    3: 1111010101010011001010011010101111011011... 93           0.0052024206
    4: 1111010001010011011110001110101110001010... 100          0.0052082182
    5: 1111010101010011011110001010101110001010... 100          0.005222032 
    6: 1111011101010011001110011010101111011011... 100          0.0052232607
    7: 1111011101010011001010111010101111011011... 97           0.005226359 
    8: 1111011101010011001010011010101111011011... 96           0.0052270547
    9: 1111011101010011001010011010100111111011... 96           0.0052317481

Pickling Hall of Fame to: genetic_alg_settings_evolve_halloffame.pkl
Begin 11 of 20 repetitions
Begin 20 generations
gen	nevals	avg       	std        	min       	max       
0  	0     	0.00539503	0.000142614	0.00527695	0.00570423
1  	10    	0.00558908	0.000217393	0.0052986 	0.00601674
2  	10    	0.00539462	9.99205e-05	0.00520689	0.00558385
3  	10    	0.00539443	0.000213029	0.00521396	0.00597425
4  	10    	0.00537581	0.000108321	0.00519558	0.005586  
5  	10    	0.00534655	9.93321e-05	0.0051572 	0.00547489
6  	10    	0.00532262	0.000100288	0.00520616	0.00554631
7  	10    	0.00534458	9.64651e-05	0.00522742	0.00554087
8  	10    	0.0053959 	0.000169815	0.00520657	0.00581639
9  	10    	0.00530125	0.000115219	0.00519853	0.00557455
10 	10    	0.00538135	0.000189767	0.00525198	0.0059307 
11 	10    	0.00533609	6.95398e-05	0.00525034	0.00546994
12 	10    	0.00528547	5.76076e-05	0.00520725	0.00537842
13 	10    	0.00535912	0.000107249	0.00524415	0.0055182 
14 	10    	0.00538537	0.000169488	0.00524612	0.00575062
15 	10    	0.00548695	0.000225153	0.00529284	0.00601468
16 	10    	0.00547586	0.000112634	0.00532235	0.00569136
17 	10    	0.00547944	0.000166571	0.00525891	0.00590369
18 	10    	0.00545058	0.000130907	0.00527165	0.00565293
19 	10    	0.0054551 	7.65816e-05	0.00535319	0.00559846
20 	10    	0.00552293	0.000198555	0.00525774	0.00597249
Runtime: 5.676486031003151 (s)


Final population:
Index: Selected                                    #Selected    CV          
----------------------------------------------------------------------------------------------------
    0: 1111010101010011110010011011111110000011... 99           0.0053197488
    1: 1111010110010001110010011011001100000011... 100          0.0057410689
    2: 1111010101010011010010011011101110000011... 98           0.0054319792
    3: 1111010101010010000010011011100110000011... 100          0.0055033722
    4: 1111000101010011110010011011111100000011... 98           0.0052577381
    5: 1111010111010001111010011011101110000011... 100          0.0055660792
    6: 1111010101010001110010011011111110000011... 99           0.0055575332
    7: 1111010111010011110010011011101100000011... 97           0.0053789916
    8: 1111010101010011100010011011101110000011... 100          0.0055003426
    9: 1110010101010001010010011011101110000011... 95           0.0059724885

Pickling population to: genetic_alg_settings_population_end.pkl

Hall of Fame:
Index: Selected                                    #Selected    CV          
----------------------------------------------------------------------------------------------------
    0: 1111010101111011000010011011101110001011... 100          0.005157196 
    1: 1111010101010011001010011010101111011011... 96           0.0051953207
    2: 1111010101110011000010011011101111001011... 95           0.0051955765
    3: 1111010101110011000010011011001110000011... 95           0.0051985287
    4: 1111011101010011001010011010100111001011... 98           0.0051989168
    5: 1111010101010011000010011011101111000011... 99           0.0052002471
    6: 1111010101010011001010011010101111011011... 93           0.0052024206
    7: 1111010101110011000010011011101110000011... 96           0.0052044572
    8: 1111011101111011000010011011101110001011... 98           0.0052061634
    9: 1111010101111011000010011011001110001011... 98           0.0052065679

Pickling Hall of Fame to: genetic_alg_settings_evolve_halloffame.pkl
Begin 12 of 20 repetitions
Begin 20 generations
gen	nevals	avg       	std        	min       	max       
0  	0     	0.00552293	0.000198555	0.00525774	0.00597249
1  	10    	0.00544442	0.000134554	0.0052193 	0.00568566
2  	10    	0.00551201	0.000322447	0.00523756	0.00636368
3  	10    	0.00541204	0.000113542	0.00517344	0.0055968 
4  	10    	0.00537191	0.000111997	0.00514797	0.00556613
5  	10    	0.00543503	0.000158585	0.00522397	0.00569492
6  	10    	0.00534988	8.95485e-05	0.00521665	0.00553788
7  	10    	0.00557362	0.00049761 	0.00527022	0.0070382 
8  	10    	0.00551239	0.000204731	0.00532507	0.00592563
9  	10    	0.00550403	0.000195307	0.00531071	0.00596472
10 	10    	0.00544026	0.000140579	0.00528207	0.00575866
11 	10    	0.0054753 	0.000202582	0.00524526	0.00595989
12 	10    	0.0054547 	0.000159706	0.00521142	0.00572527
13 	10    	0.00545609	9.38014e-05	0.00528565	0.00563402
14 	10    	0.00557923	0.000244155	0.00534124	0.00605623
15 	10    	0.00545772	0.000219732	0.00528752	0.0060655 
16 	10    	0.00548579	0.000186957	0.00529559	0.00597843
17 	10    	0.00547092	0.000149746	0.00528445	0.00570202
18 	10    	0.00547854	0.000219807	0.00526077	0.00600747
19 	10    	0.00548661	0.000160915	0.00529699	0.00584079
20 	10    	0.00547197	9.42659e-05	0.0053458 	0.0056792 
Runtime: 5.694979374999093 (s)


Final population:
Index: Selected                                    #Selected    CV          
----------------------------------------------------------------------------------------------------
    0: 1111010101010111110010001010100100000010... 100          0.0054164296
    1: 1111010101010111110010001010100100000011... 98           0.0054122912
    2: 1111010101010111110010011111100100000010... 100          0.005532952 
    3: 1111010101010111110000001010100100000010... 98           0.0053898306
    4: 1111010101010111110000011011101100000010... 100          0.005345795 
    5: 1111010101010111111000011011100100000010... 100          0.0054490677
    6: 1111010101010111110010001010100100000010... 98           0.0055420825
    7: 1111010101010111111010001010100100100011... 100          0.0056792019
    8: 1111010101010111110010001110100100000010... 95           0.0054151705
    9: 1111010101010101110000011011100100000010... 100          0.0055369085

Pickling population to: genetic_alg_settings_population_end.pkl

Hall of Fame:
Index: Selected                                    #Selected    CV          
----------------------------------------------------------------------------------------------------
    0: 1111010101010011010010011011101110000011... 100          0.0051479686
    1: 1111010101111011000010011011101110001011... 100          0.005157196 
    2: 1111010101000011010010011011101110000011... 100          0.0051734377
    3: 1111010101010011001010011010101111011011... 96           0.0051953207
    4: 1111010101110011000010011011101111001011... 95           0.0051955765
    5: 1111010101110011000010011011001110000011... 95           0.0051985287
    6: 1111011101010011001010011010100111001011... 98           0.0051989168
    7: 1111010101010011000010011011101111000011... 99           0.0052002471
    8: 1111010101010011001010011010101111011011... 93           0.0052024206
    9: 1111010101110011000010011011101110000011... 96           0.0052044572

Pickling Hall of Fame to: genetic_alg_settings_evolve_halloffame.pkl
Begin 13 of 20 repetitions
Begin 20 generations
gen	nevals	avg       	std        	min      	max      
0  	0     	0.00547197	9.42659e-05	0.0053458	0.0056792
1  	10    	0.00550555	0.000111984	0.00536322	0.00573567
2  	10    	0.00551512	0.000124849	0.00533825	0.00574309
3  	10    	0.00548021	0.000125463	0.0053129 	0.00571123
4  	10    	0.00572393	0.00030022 	0.00536897	0.00621094
5  	10    	0.00552711	0.000180713	0.00538704	0.00602505
6  	10    	0.00556388	0.000225102	0.00526576	0.00616794
7  	10    	0.00554694	0.000194517	0.00532025	0.00596768
8  	10    	0.00554229	0.000126785	0.00538151	0.00586355
9  	10    	0.00546312	0.000136192	0.00528743	0.00576208
10 	10    	0.00546713	7.75288e-05	0.00533343	0.00562158
11 	10    	0.00558977	0.000262944	0.00529912	0.00607087
12 	10    	0.00547089	0.000143109	0.00526857	0.00580737
13 	10    	0.00549694	0.000168489	0.00537243	0.00597773
14 	10    	0.00550914	0.00013704 	0.00530093	0.00575586
15 	10    	0.00557626	0.000180889	0.00527971	0.00592448
16 	10    	0.00552795	0.000199232	0.00527688	0.00597128
17 	10    	0.00556036	0.000271937	0.00525381	0.00619733
18 	10    	0.00545567	0.00019126 	0.00524737	0.00593971
19 	10    	0.00545565	0.000248091	0.00520345	0.00605146
20 	10    	0.00538476	0.000169638	0.00524523	0.00575979
Runtime: 5.681365331998677 (s)


Final population:
Index: Selected                                    #Selected    CV          
----------------------------------------------------------------------------------------------------
    0: 1111010101011111110000011011101100000010... 97           0.0052731693
    1: 1111010101010111110010011011101100010010... 99           0.0056605003
    2: 1111010101010111110010011011101100000010... 98           0.0052962227
    3: 1111010101010111110010011011001100000010... 99           0.005351878 
    4: 1111010101010101110010011011101100000010... 95           0.0052530015
    5: 1111010101010111110010011011100100010010... 96           0.005245228 
    6: 1111010101010111110010011011101100000010... 95           0.0053368037
    7: 1111010101010111110010011011101100000010... 94           0.0052819309
    8: 1111010101010111110000011011101100000010... 96           0.0057597865
    9: 1111010101010111110010011011101100000010... 96           0.005389056 

Pickling population to: genetic_alg_settings_population_end.pkl

Hall of Fame:
Index: Selected                                    #Selected    CV          
----------------------------------------------------------------------------------------------------
    0: 1111010101010011010010011011101110000011... 100          0.0051479686
    1: 1111010101111011000010011011101110001011... 100          0.005157196 
    2: 1111010101000011010010011011101110000011... 100          0.0051734377
    3: 1111010101010011001010011010101111011011... 96           0.0051953207
    4: 1111010101110011000010011011101111001011... 95           0.0051955765
    5: 1111010101110011000010011011001110000011... 95           0.0051985287
    6: 1111011101010011001010011010100111001011... 98           0.0051989168
    7: 1111010101010011000010011011101111000011... 99           0.0052002471
    8: 1111010101010011001010011010101111011011... 93           0.0052024206
    9: 1111010101010111110010011011101100000010... 94           0.0052034531

Pickling Hall of Fame to: genetic_alg_settings_evolve_halloffame.pkl
Begin 14 of 20 repetitions
Begin 20 generations
gen	nevals	avg       	std        	min       	max       
0  	0     	0.00538476	0.000169638	0.00524523	0.00575979
1  	10    	0.00541075	0.000165574	0.00521842	0.00580278
2  	10    	0.00534215	0.000101681	0.00521708	0.00561235
3  	10    	0.00533159	6.45963e-05	0.00527044	0.00550138
4  	10    	0.00539073	0.000130403	0.00520911	0.0056188 
5  	10    	0.0053162 	6.63364e-05	0.00519192	0.00542398
6  	10    	0.0053439 	8.38045e-05	0.0052176 	0.0054921 
7  	10    	0.0054116 	7.72037e-05	0.00527062	0.00553172
8  	10    	0.00544182	0.000142493	0.00520178	0.00571091
9  	10    	0.00537908	0.000108692	0.00527622	0.00561399
10 	10    	0.00542458	0.000182621	0.00520294	0.00586739
11 	10    	0.00553556	0.000328217	0.00525728	0.00647847
12 	10    	0.00543722	6.01664e-05	0.00537379	0.00554124
13 	10    	0.00547983	9.16653e-05	0.00533411	0.00566122
14 	10    	0.00551237	0.000183782	0.00529599	0.00597393
15 	10    	0.00555773	0.000162786	0.00529122	0.00588243
16 	10    	0.00543378	0.000143337	0.00522331	0.00566005
17 	10    	0.00540694	0.000216029	0.00516825	0.00597969
18 	10    	0.00541233	0.000169938	0.00522424	0.00582621
19 	10    	0.00543346	0.000152524	0.00528592	0.00586133
20 	10    	0.00552136	0.000206006	0.00519597	0.00585279
Runtime: 5.720426560001215 (s)


Final population:
Index: Selected                                    #Selected    CV          
----------------------------------------------------------------------------------------------------
    0: 1111010101010110100010011011100111010010... 97           0.005195969 
    1: 1111010101010110100010011011100111000010... 100          0.0054181316
    2: 1111010101010110100010011001100111010010... 100          0.0056796995
    3: 1111010101010110100010011011100111010010... 99           0.0054618205
    4: 1111010101010111100010011011100111010010... 97           0.0054794745
    5: 1111010001010110100010011011100101010010... 100          0.0055000125
    6: 1110010101010110100010011011100111010010... 99           0.0058021764
    7: 1111011101010110100010011011001101010010... 99           0.0055910367
    8: 1111110101010110100010011011100111010010... 99           0.0052324548
    9: 1111010101010100100010011011000111110111... 97           0.005852787 

Pickling population to: genetic_alg_settings_population_end.pkl

Hall of Fame:
Index: Selected                                    #Selected    CV          
----------------------------------------------------------------------------------------------------
    0: 1111010101010011010010011011101110000011... 100          0.0051479686
    1: 1111010101111011000010011011101110001011... 100          0.005157196 
    2: 1111010101010110100010011011100111010010... 96           0.0051682475
    3: 1111010101000011010010011011101110000011... 100          0.0051734377
    4: 1111010101010110110010011011100110010010... 100          0.0051919216
    5: 1111010101010011001010011010101111011011... 96           0.0051953207
    6: 1111010101110011000010011011101111001011... 95           0.0051955765
    7: 1111010101010110100010011011100111010010... 97           0.005195969 
    8: 1111010101110011000010011011001110000011... 95           0.0051985287
    9: 1111011101010011001010011010100111001011... 98           0.0051989168

Pickling Hall of Fame to: genetic_alg_settings_evolve_halloffame.pkl
Begin 15 of 20 repetitions
Begin 20 generations
gen	nevals	avg       	std        	min       	max       
0  	0     	0.00552136	0.000206006	0.00519597	0.00585279
1  	10    	0.00549779	0.000225577	0.00530775	0.00601636
2  	10    	0.00542461	0.000155561	0.0052363 	0.00576087
3  	10    	0.00537365	7.8052e-05 	0.00529404	0.00556988
4  	10    	0.00531643	7.77549e-05	0.00521616	0.00547064
5  	10    	0.00530345	7.81276e-05	0.00517622	0.00546414
6  	10    	0.00533032	9.9015e-05 	0.00517779	0.00552968
7  	10    	0.00542706	0.000266696	0.00516776	0.00612045
8  	10    	0.0054118 	0.000222563	0.00522306	0.0059195 
9  	10    	0.00530322	6.3114e-05 	0.0051823 	0.00540465
10 	10    	0.00535013	0.000168324	0.00520293	0.00580951
11 	10    	0.00538485	0.000170349	0.00516838	0.00573578
12 	10    	0.00533764	0.000208124	0.00519774	0.00592701
13 	10    	0.005388  	0.000189484	0.00521999	0.00592144
14 	10    	0.00534905	0.000149018	0.00515863	0.00564298
15 	10    	0.00531923	0.000108623	0.00516971	0.00546986
16 	10    	0.00531107	0.000243329	0.00513573	0.0060228 
17 	10    	0.00528859	0.000116017	0.00516073	0.00552679
18 	10    	0.00528398	0.000132431	0.00514713	0.00559248
19 	10    	0.00534644	0.000212269	0.00515091	0.00589184
20 	10    	0.00528576	6.49015e-05	0.00520775	0.00542799
Runtime: 5.657513424001081 (s)


Final population:
Index: Selected                                    #Selected    CV          
----------------------------------------------------------------------------------------------------
    0: 1111000101110010110010011110100101000010... 97           0.0052120427
    1: 1111010101110110110011011010100111000010... 95           0.0052309162
    2: 1111010101110010110011011110100111000010... 96           0.0053046683
    3: 1111010101110010110011011110100111000010... 95           0.0052665977
    4: 1111000101110110110010011010100100000010... 96           0.0054279896
    5: 1111000101110110110010011010100101000010... 97           0.0052077474
    6: 1111010101110010110011011110110111000010... 96           0.0052800205
    7: 1111010101110010110011011110100111000010... 96           0.0052550729
    8: 1111000101110110110010011010100111000010... 100          0.0053195759
    9: 1111000101110110100010011010100101000010... 93           0.0053530045

Pickling population to: genetic_alg_settings_population_end.pkl

Hall of Fame:
Index: Selected                                    #Selected    CV          
----------------------------------------------------------------------------------------------------
    0: 1111110101110110100010011010100111000010... 97           0.0051357301
    1: 1111010101010110110010011010100111000010... 98           0.0051471265
    2: 1111010101010011010010011011101110000011... 100          0.0051479686
    3: 1111000101110110110010011010100101000010... 98           0.005150906 
    4: 1111010101111011000010011011101110001011... 100          0.005157196 
    5: 1111100101110110110010011010100111000010... 99           0.0051586317
    6: 1111000101110110100010011010100101000010... 95           0.0051607261
    7: 1111010101110010110010011010100111000010... 93           0.0051620035
    8: 1111000101110110110010011010100101000010... 100          0.0051634846
    9: 1111110101010110100010001010100111010010... 96           0.0051677621

Pickling Hall of Fame to: genetic_alg_settings_evolve_halloffame.pkl
Begin 16 of 20 repetitions
Begin 20 generations
gen	nevals	avg       	std        	min       	max       
0  	0     	0.00528576	6.49015e-05	0.00520775	0.00542799
1  	10    	0.00539163	0.000240575	0.00513368	0.00603434
2  	10    	0.00524808	0.00010453 	0.00510394	0.00547541
3  	10    	0.00529283	0.000248303	0.00509906	0.00600329
4  	10    	0.0054723 	0.000264919	0.00516377	0.00594619
5  	10    	0.00530918	8.8141e-05 	0.00517185	0.00545892
6  	10    	0.00540878	0.000193239	0.00517165	0.00572412
7  	10    	0.00532241	0.00017574 	0.00511022	0.00568746
8  	10    	0.00529454	0.000168413	0.00513272	0.00575192
9  	10    	0.00542701	0.000209531	0.00519636	0.00583615
10 	10    	0.00546127	0.000270303	0.00520265	0.00616034
11 	10    	0.00548572	0.0002719  	0.00523262	0.00621874
12 	10    	0.00552683	0.000258686	0.00524732	0.00604288
13 	10    	0.0054189 	0.000143137	0.00520139	0.00565189
14 	10    	0.00536362	9.23693e-05	0.00520667	0.00552624
15 	10    	0.00536802	0.000160826	0.00511456	0.00570156
16 	10    	0.00544255	0.000266194	0.00516004	0.00594224
17 	10    	0.00530608	0.000121142	0.00515554	0.00554484
18 	10    	0.00529156	6.64437e-05	0.00520194	0.00539644
19 	10    	0.00535484	0.000202046	0.00513403	0.00588354
20 	10    	0.00537881	0.000106505	0.00521608	0.00558101
Runtime: 5.703147830001399 (s)


Final population:
Index: Selected                                    #Selected    CV          
----------------------------------------------------------------------------------------------------
    0: 1111110101010010110010011010100111000010... 98           0.0053312312
    1: 1111110101010010110010011010100111000010... 97           0.0053990149
    2: 1111110101010010110010001010100111000010... 99           0.0052160811
    3: 1111111101010010110110011010100111000010... 95           0.0053172732
    4: 1111111101000010110111011010100111000010... 99           0.0053444091
    5: 1111110101010010110010011010100111000010... 99           0.0053077891
    6: 1111110100010010110010011010100111000010... 100          0.0055397469
    7: 1111111101010010110110011000100111000010... 100          0.0055810068
    8: 1111110101010010110010011010100111001010... 96           0.0053147   
    9: 1111110101010000010010011010100111000000... 100          0.0054368706

Pickling population to: genetic_alg_settings_population_end.pkl

Hall of Fame:
Index: Selected                                    #Selected    CV          
----------------------------------------------------------------------------------------------------
    0: 1111010101110010110010011110100111000010... 100          0.005099063 
    1: 1111010101110010110010011110100111000010... 99           0.0051039373
    2: 1111010101110010110010011110100111001010... 100          0.0051102169
    3: 1111010101010010110010011110100111000010... 100          0.0051145589
    4: 1111010101110010110010011010100111000010... 99           0.0051327172
    5: 1111000101110110110010011010100101000010... 96           0.0051336759
    6: 1111111101010010110110011010100111000010... 100          0.0051340317
    7: 1111110101110110100010011010100111000010... 97           0.0051357301
    8: 1111010101110010110010011110100111000010... 98           0.0051369538
    9: 1111010101110010110010011110100111000010... 100          0.0051421521

Pickling Hall of Fame to: genetic_alg_settings_evolve_halloffame.pkl
Begin 17 of 20 repetitions
Begin 20 generations
gen	nevals	avg       	std        	min       	max       
0  	0     	0.00537881	0.000106505	0.00521608	0.00558101
1  	10    	0.00540292	0.000128721	0.0052613 	0.00571464
2  	10    	0.00549613	0.000125988	0.00529832	0.00572729
3  	10    	0.00545518	0.000253956	0.0052527 	0.00616908
4  	10    	0.00538681	0.000140645	0.00522529	0.00574897
5  	10    	0.00540511	0.000185354	0.0051921 	0.00591552
6  	10    	0.0054573 	0.000268337	0.00522769	0.00620802
7  	10    	0.00532214	9.94985e-05	0.0052    	0.00549333
8  	10    	0.00531395	7.59856e-05	0.00521857	0.00549056
9  	10    	0.00531611	7.64755e-05	0.00518203	0.00544239
10 	10    	0.00537215	9.64277e-05	0.0051634 	0.00554632
11 	10    	0.00542048	0.000178758	0.00525064	0.00591787
12 	10    	0.0055043 	0.0002087  	0.00527536	0.00595587
13 	10    	0.0054697 	0.00012958 	0.00531784	0.00571407
14 	10    	0.00552991	0.000173583	0.00534105	0.00597893
15 	10    	0.00544172	9.90899e-05	0.00531213	0.00564372
16 	10    	0.00540569	0.000105503	0.0052402 	0.0055933 
17 	10    	0.00539787	9.68577e-05	0.00527183	0.00556821
18 	10    	0.00559183	0.000303286	0.0052426 	0.00603563
19 	10    	0.00539084	0.000153291	0.00517667	0.0056397 
20 	10    	0.00540107	0.00018816 	0.00521422	0.0057723 
Runtime: 5.666368205998879 (s)


Final population:
Index: Selected                                    #Selected    CV          
----------------------------------------------------------------------------------------------------
    0: 1111011101010010110000111010110101000010... 94           0.0053057519
    1: 1111011101010010000000011010110101000010... 100          0.0055448211
    2: 1111011111110010111000011010000111000010... 99           0.0052193353
    3: 1111011111110010111000011010000111000010... 97           0.0056770577
    4: 1111011111010010110000011010010111000010... 100          0.0053083255
    5: 1111011111110010011000011010100111000010... 100          0.0052220639
    6: 1111011101010010101010111010010111000010... 100          0.0057723022
    7: 1111011111110010010000011010100110000010... 95           0.0053831658
    8: 1111011111010010011000011010000111000010... 95           0.0053636302
    9: 1111010101110010110000011010110101000010... 98           0.0052142169

Pickling population to: genetic_alg_settings_population_end.pkl

Hall of Fame:
Index: Selected                                    #Selected    CV          
----------------------------------------------------------------------------------------------------
    0: 1111010101110010110010011110100111000010... 100          0.005099063 
    1: 1111010101110010110010011110100111000010... 99           0.0051039373
    2: 1111010101110010110010011110100111001010... 100          0.0051102169
    3: 1111010101010010110010011110100111000010... 100          0.0051145589
    4: 1111010101110010110010011010100111000010... 99           0.0051327172
    5: 1111000101110110110010011010100101000010... 96           0.0051336759
    6: 1111111101010010110110011010100111000010... 100          0.0051340317
    7: 1111110101110110100010011010100111000010... 97           0.0051357301
    8: 1111010101110010110010011110100111000010... 98           0.0051369538
    9: 1111010101110010110010011110100111000010... 100          0.0051421521

Pickling Hall of Fame to: genetic_alg_settings_evolve_halloffame.pkl
Begin 18 of 20 repetitions
Begin 20 generations
gen	nevals	avg       	std       	min       	max      
0  	0     	0.00540107	0.00018816	0.00521422	0.0057723
1  	10    	0.00552419	0.000248667	0.00524813	0.00609637
2  	10    	0.00543689	0.000206305	0.00515834	0.00581614
3  	10    	0.00539278	0.000221749	0.00511921	0.00594781
4  	10    	0.00538219	0.00025009 	0.00512362	0.00604442
5  	10    	0.0053551 	0.000229937	0.00515741	0.00594211
6  	10    	0.00531171	0.000184371	0.00509913	0.00577943
7  	10    	0.0054499 	0.000199869	0.00520861	0.00583494
8  	10    	0.00531284	0.000108601	0.00515561	0.00553413
9  	10    	0.00538594	0.000180702	0.00510105	0.00572517
10 	10    	0.00544048	0.000163392	0.00513476	0.0056936 
11 	10    	0.00541085	0.00016671 	0.00517252	0.00564625
12 	10    	0.00532316	0.000133251	0.0051412 	0.00564331
13 	10    	0.00536606	0.000105564	0.00522021	0.00560563
14 	10    	0.00540948	0.000162079	0.00521067	0.00569887
15 	10    	0.00530096	5.22472e-05	0.0052067 	0.00540617
16 	10    	0.00529067	0.000164766	0.00514174	0.00574153
17 	10    	0.00531303	0.000113689	0.00511616	0.00554773
18 	10    	0.00537281	0.000189308	0.00522383	0.00580015
19 	10    	0.00539246	0.000157407	0.00517786	0.00575861
20 	10    	0.00528897	9.21088e-05	0.005118  	0.00543986
Runtime: 5.679679339002178 (s)


Final population:
Index: Selected                                    #Selected    CV          
----------------------------------------------------------------------------------------------------
    0: 1111110101110010011000011010100101001010... 100          0.005310273 
    1: 1111110101110011011000001010100101001010... 97           0.0051179973
    2: 1111110101110110011000011010100101001010... 100          0.0053018501
    3: 1111110101110010011000011010100101101010... 100          0.0051956353
    4: 1111011101110010001000001010100100001010... 93           0.0054291188
    5: 1111110101110110011100011010101101001010... 100          0.0052898942
    6: 1111110101110110001100011010100101001010... 96           0.0052305309
    7: 1111011101110010011000101010100101001010... 100          0.0052723525
    8: 1111010101110010001000011110100101001010... 100          0.0054398625
    9: 1111110101110010001100011010100101001010... 98           0.0053022067

Pickling population to: genetic_alg_settings_population_end.pkl

Hall of Fame:
Index: Selected                                    #Selected    CV          
----------------------------------------------------------------------------------------------------
    0: 1111010101110010110010011110100111000010... 100          0.005099063 
    1: 1111011101110110011000011010100101000010... 98           0.0050991292
    2: 1111111101110010011000011010100101000010... 98           0.0051010523
    3: 1111010101110010110010011110100111000010... 99           0.0051039373
    4: 1111010101110010110010011110100111001010... 100          0.0051102169
    5: 1111010101010010110010011110100111000010... 100          0.0051145589
    6: 1111011101110110001100001010100101001010... 97           0.0051161574
    7: 1111110101110011011000001010100101001010... 97           0.0051179973
    8: 1111011101110010011000011010100101000010... 97           0.0051192112
    9: 1111011101110010011000011010100101000010... 98           0.0051236205

Pickling Hall of Fame to: genetic_alg_settings_evolve_halloffame.pkl
Begin 19 of 20 repetitions
Begin 20 generations
gen	nevals	avg       	std        	min     	max       
0  	0     	0.00528897	9.21088e-05	0.005118	0.00543986
1  	10    	0.00539048	0.00024315 	0.00519045	0.00587087
2  	10    	0.00534987	0.00017865 	0.00520177	0.00584044
3  	10    	0.00536052	9.30272e-05	0.00521081	0.00558129
4  	10    	0.00543678	0.000107442	0.00530002	0.00562139
5  	10    	0.00553062	0.000226072	0.0052801 	0.00591773
6  	10    	0.00556189	0.000250631	0.00523423	0.00606205
7  	10    	0.00547643	7.62644e-05	0.00534277	0.00562721
8  	10    	0.00543911	0.000108389	0.00530877	0.00564386
9  	10    	0.00558424	0.000146879	0.00539178	0.00586999
10 	10    	0.00551571	0.000185766	0.00530875	0.00598702
11 	10    	0.00554251	9.8002e-05 	0.00539744	0.00571991
12 	10    	0.00548134	0.000109354	0.00532738	0.00568275
13 	10    	0.00556267	0.000176623	0.00541405	0.00594726
14 	10    	0.00559135	0.000221009	0.00534597	0.00600268
15 	10    	0.00547914	0.000152725	0.00537172	0.00591368
16 	10    	0.00552996	9.81594e-05	0.00539685	0.00569705
17 	10    	0.00551565	0.000128975	0.0053798 	0.00575781
18 	10    	0.00567597	0.00022058 	0.00545921	0.00608659
19 	10    	0.00551965	7.42901e-05	0.00539525	0.00566955
20 	10    	0.00562761	0.0001102  	0.0054744 	0.00581042
Runtime: 5.690033491999202 (s)


Final population:
Index: Selected                                    #Selected    CV          
----------------------------------------------------------------------------------------------------
    0: 1111010101110110001000011010100101001010... 100          0.0056620841
    1: 1111010101110110001000001011100101001010... 96           0.0058104178
    2: 1111010101110110001000011011100101011010... 100          0.0056517663
    3: 1111010101100110001000011010100101001010... 99           0.0054743953
    4: 1111010101110110101000011010100101001010... 97           0.0056618083
    5: 1111010001110110001000001011100101001010... 100          0.0057793326
    6: 1111010101110110001000011010100101011010... 98           0.0055725802
    7: 1111010101110110001000001011100101001010... 100          0.0054800466
    8: 1111010101110110001000001011100101001011... 100          0.0056667449
    9: 1111010101110110001000011010100101001010... 98           0.005516923 

Pickling population to: genetic_alg_settings_population_end.pkl

Hall of Fame:
Index: Selected                                    #Selected    CV          
----------------------------------------------------------------------------------------------------
    0: 1111010101110010110010011110100111000010... 100          0.005099063 
    1: 1111011101110110011000011010100101000010... 98           0.0050991292
    2: 1111111101110010011000011010100101000010... 98           0.0051010523
    3: 1111010101110010110010011110100111000010... 99           0.0051039373
    4: 1111010101110010110010011110100111001010... 100          0.0051102169
    5: 1111010101010010110010011110100111000010... 100          0.0051145589
    6: 1111011101110110001100001010100101001010... 97           0.0051161574
    7: 1111110101110011011000001010100101001010... 97           0.0051179973
    8: 1111011101110010011000011010100101000010... 97           0.0051192112
    9: 1111011101110010011000011010100101000010... 98           0.0051236205

Pickling Hall of Fame to: genetic_alg_settings_evolve_halloffame.pkl
Begin 20 of 20 repetitions
Begin 20 generations
gen	nevals	avg       	std      	min      	max       
0  	0     	0.00562761	0.0001102	0.0054744	0.00581042
1  	10    	0.00558494	6.28894e-05	0.00551807	0.00572434
2  	10    	0.00568037	0.000169508	0.00552114	0.00601463
3  	10    	0.00562607	0.000165408	0.00550432	0.00610796
4  	10    	0.00568606	0.000173867	0.00555095	0.00613356
5  	10    	0.00570132	0.000159777	0.00551677	0.00614278
6  	10    	0.00574076	0.000148837	0.00561063	0.00614726
7  	10    	0.00576489	0.000130616	0.00550193	0.00593195
8  	10    	0.00575513	0.000153769	0.00553814	0.00600306
9  	10    	0.0056928 	0.000132725	0.00546841	0.00598427
10 	10    	0.00575904	0.000161466	0.00557249	0.00618416
11 	10    	0.00570886	9.865e-05  	0.00558742	0.00591497
12 	10    	0.00566615	9.04226e-05	0.00555817	0.00590043
13 	10    	0.00560719	7.30927e-05	0.00550217	0.00572368
14 	10    	0.00555474	0.000166142	0.00530879	0.00593168
15 	10    	0.0056496 	0.000285314	0.00547298	0.00649007
16 	10    	0.00570587	0.000280717	0.00544919	0.00640083
17 	10    	0.00558925	0.00017016 	0.00541156	0.00603587
18 	10    	0.00566905	0.000370575	0.00534884	0.006578  
19 	10    	0.00556702	0.000210878	0.00539043	0.00599667
20 	10    	0.00554696	0.000122593	0.00537914	0.00583096
Runtime: 5.735370239999611 (s)


Final population:
Index: Selected                                    #Selected    CV          
----------------------------------------------------------------------------------------------------
    0: 1111100101010110001000001010100101001110... 100          0.005379142 
    1: 1111100101010110001100001010100101001110... 100          0.0058309556
    2: 1111010101110110001000001011100101001110... 100          0.0056411761
    3: 1111110111010110001000001010101101001110... 100          0.0054374414
    4: 1111010101010110001000001010100101000110... 98           0.0055370294
    5: 1111100101010110001000001010101101001110... 100          0.005621946 
    6: 1111010101010110001000001010101101001110... 99           0.0055200484
    7: 1111010101010110001000001010101101001110... 100          0.0054521469
    8: 1111110111110110001000001010101101001110... 97           0.0055706666
    9: 1111110111110110001000001010101101001110... 100          0.0054790966

Pickling population to: genetic_alg_settings_population_end.pkl

Hall of Fame:
Index: Selected                                    #Selected    CV          
----------------------------------------------------------------------------------------------------
    0: 1111010101110010110010011110100111000010... 100          0.005099063 
    1: 1111011101110110011000011010100101000010... 98           0.0050991292
    2: 1111111101110010011000011010100101000010... 98           0.0051010523
    3: 1111010101110010110010011110100111000010... 99           0.0051039373
    4: 1111010101110010110010011110100111001010... 100          0.0051102169
    5: 1111010101010010110010011110100111000010... 100          0.0051145589
    6: 1111011101110110001100001010100101001010... 97           0.0051161574
    7: 1111110101110011011000001010100101001010... 97           0.0051179973
    8: 1111011101110010011000011010100101000010... 97           0.0051192112
    9: 1111011101110010011000011010100101000010... 98           0.0051236205

Pickling Hall of Fame to: genetic_alg_settings_evolve_halloffame.pkl
#   DONE  Runtime: 110.32016634699903 (s)

Adding statistics...
  DONE

Result:
Index: Selected                                    #Selected    CV           RMS          wRMS         Estimator                FeatureSelection         Note
--------------------------------------------------------------------------------------------------------------------------------------------------------------------
    0: 1111010101110010110010011110100111000010... 100          0.005099063  0.0042421681 0.0042483769 LinearRegression         GeneticAlgorithm         
    1: 1111011101110110011000011010100101000010... 98           0.0050991292 0.0043070127 0.0043141477 LinearRegression         GeneticAlgorithm         
    2: 1111111101110010011000011010100101000010... 98           0.0051010523 0.0043010102 0.0043078302 LinearRegression         GeneticAlgorithm         
    3: 1111010101110010110010011110100111000010... 99           0.0051039373 0.0042661383 0.0042726688 LinearRegression         GeneticAlgorithm         
    4: 1111010101110010110010011110100111001010... 100          0.0051102169 0.0042783747 0.0042846837 LinearRegression         GeneticAlgorithm         
    5: 1111010101010010110010011110100111000010... 100          0.0051145589 0.0043333805 0.0043408223 LinearRegression         GeneticAlgorithm         
    6: 1111011101110110001100001010100101001010... 97           0.0051161574 0.0043417918 0.0043484686 LinearRegression         GeneticAlgorithm         
    7: 1111110101110011011000001010100101001010... 97           0.0051179973 0.0043445802 0.0043523019 LinearRegression         GeneticAlgorithm         
    8: 1111011101110010011000011010100101000010... 97           0.0051192112 0.0042819838 0.0042885728 LinearRegression         GeneticAlgorithm         
    9: 1111011101110010011000011010100101000010... 98           0.0051236205 0.0042835006 0.0042905496 LinearRegression         GeneticAlgorithm         

Pickling Hall of Fame to: genetic_alg_settings_halloffame.pkl
