Loading genetic_alg_settings.json
# Hall of Fame size: 10 

# Get problem data...
# wHullDist: Will calculate hull distance: hull_dist(CALCULATED,atom_frac)
# Query requested: ['formation_energy', 'is_calculated', 'corr', 'hull_dist(CALCULATED,atom_frac)']
# Use existing: []
# Querying: ['formation_energy', 'is_calculated', 'corr', 'hull_dist(CALCULATED,atom_frac)']
#   DONE

# Target: formation_energy
# Training samples: 627
# Features: 253 

# Weighting:
{
  "method": "wHullDist",
  "kwargs": {
    "A": 1.05,
    "B": 2.0,
    "kT": 0.1,
    "hull_selection": "CALCULATED"
  }
}

# CV:
{
  "method": "KFold",
  "kwargs": {
    "n_splits": 10,
    "shuffle": true
  },
  "penalty": 0.0
} 

# Writing problem specs to: genetic_alg_settings_specs.pkl
# To inspect or customize the problem specs further, use the '--checkspecs' method

# Estimator:
{
  "method": "LinearRegression",
  "kwargs": {
    "fit_intercept": false
  }
} 

# Feature Selection:
{
  "method": "GeneticAlgorithm",
  "kwargs": {
    "constraints_kwargs": {
      "n_features_max": 100,
      "n_features_min": 3,
      "fix_off": [],
      "fix_on": [
        0,
        1,
        2
      ]
    },
    "selTournamentSize": 3,
    "mutFlipBitProb": 0.01,
    "evolve_params_kwargs": {
      "n_generation": 20,
      "n_repetition": 20,
      "n_features_init": 3,
      "n_population": 10,
      "n_halloffame": 10,
      "halloffame_filename": "evolve_halloffame.pkl",
      "filename_prefix": "genetic_alg_settings"
    },
    "cxUniformProb": 0.5
  }
} 

# Fit and select...
Constructing initial population
Begin 1 of 20 repetitions
Begin 20 generations
gen	nevals	avg      	std        	min      	max      
0  	10    	0.0196518	0.000678663	0.0186785	0.0206925
1  	10    	0.0184392	0.000836944	0.0174546	0.0206258
2  	10    	0.0173634	0.000386559	0.0167905	0.018152 
3  	10    	0.0171742	0.000779641	0.0163428	0.0191141
4  	10    	0.0155906	0.000905959	0.013105 	0.0164671
5  	10    	0.0141672	0.00105368 	0.0119533	0.0156061
6  	10    	0.0133626	0.00107757 	0.011775 	0.0156054
7  	10    	0.0118272	0.000438017	0.0111168	0.0126063
8  	10    	0.0113187	0.00044768 	0.0106021	0.011938 
9  	10    	0.0105982	0.000556048	0.00928737	0.0113047
10 	10    	0.010169 	0.000802819	0.00879541	0.0114087
11 	10    	0.0091066	0.000352564	0.00865639	0.00974166
12 	10    	0.00894631	0.000356247	0.00834278	0.00946568
13 	10    	0.00877538	0.000306106	0.00831882	0.00957838
14 	10    	0.00893014	0.000647384	0.00833312	0.0107852 
15 	10    	0.00844479	0.000284479	0.00780996	0.00876685
16 	10    	0.00810937	0.000312252	0.00750643	0.008694  
17 	10    	0.00794618	0.000317384	0.00753098	0.00851134
18 	10    	0.00766337	0.00024806 	0.0074463 	0.00823997
19 	10    	0.00751547	0.000209281	0.00732394	0.00804148
20 	10    	0.00746964	0.000213515	0.00726868	0.00801036
Runtime: 2.9884280859987484 (s)


Final population:
Index: Selected                                    #Selected    CV          
----------------------------------------------------------------------------------------------------
    0: 1110000100000110000000001100010101000001... 62           0.007394247 
    1: 1110000100000110000000001000010101000001... 58           0.0074428615
    2: 1110000110000110000000001000010101000000... 54           0.0076728771
    3: 1110000100000110000000001000010101000001... 58           0.007393693 
    4: 1110000100000110000000001000010101000001... 59           0.0072686841
    5: 1110000100000110000000001000010101000001... 57           0.0072992979
    6: 1110000100000110000000001100010101000001... 60           0.0074388248
    7: 1110000100000110000000001000010101000001... 61           0.007502411 
    8: 1110001100000110000000001100010101000001... 61           0.0080103566
    9: 1110000100000110000000001000000101000001... 58           0.0072731342

Pickling population to: genetic_alg_settings_population_end.pkl

Hall of Fame:
Index: Selected                                    #Selected    CV          
----------------------------------------------------------------------------------------------------
    0: 1110000100000110000000001000010101000001... 59           0.0072686841
    1: 1110000100000110000000001000000101000001... 58           0.0072731342
    2: 1110000100000110000000001000010101000001... 57           0.0072992979
    3: 1110000100000110000000001000010101000001... 57           0.0073239396
    4: 1110000100000110000000001000010101000001... 59           0.0073450693
    5: 1110000100000110000000001000010101000001... 59           0.0073591809
    6: 1110000100000110000000001100010101000001... 59           0.0073594792
    7: 1110000100000110000000001000010101000001... 58           0.007393693 
    8: 1110000100000110000000001100010101000001... 62           0.007394247 
    9: 1110000100000110000001001000010101000001... 58           0.0074073439

Pickling Hall of Fame to: genetic_alg_settings_evolve_halloffame.pkl
Begin 2 of 20 repetitions
Begin 20 generations
gen	nevals	avg       	std        	min       	max       
0  	0     	0.00746964	0.000213515	0.00726868	0.00801036
1  	10    	0.00770749	0.00070368 	0.0072494 	0.00967358
2  	10    	0.00730121	0.000126474	0.00711031	0.0075131 
3  	10    	0.00735513	0.000176856	0.00710788	0.00781111
4  	10    	0.00738345	0.000501799	0.00705982	0.00885148
5  	10    	0.00721274	0.000117754	0.00702371	0.00746418
6  	10    	0.00751679	0.000737492	0.00692303	0.00901623
7  	10    	0.00713219	0.000171095	0.00695216	0.00759513
8  	10    	0.00718002	0.000208232	0.00698224	0.00766022
9  	10    	0.0070783 	0.000131524	0.00690934	0.00731829
10 	10    	0.00700684	0.000167174	0.00662766	0.00731526
11 	10    	0.00698091	0.000254   	0.00669378	0.00757849
12 	10    	0.00676731	0.000170085	0.0066061 	0.00720997
13 	10    	0.00665265	0.00012197 	0.00641803	0.00688856
14 	10    	0.00667752	0.000203646	0.00640185	0.0071494 
15 	10    	0.006519  	0.000150056	0.00630196	0.00669019
16 	10    	0.00648129	6.2227e-05 	0.00639532	0.00658322
17 	10    	0.00647818	0.000194131	0.00609215	0.0067263 
18 	10    	0.00644427	0.000113827	0.00622777	0.00669455
19 	10    	0.00629314	0.00010746 	0.00603357	0.00640162
20 	10    	0.00626927	0.000163074	0.00608852	0.00661964
Runtime: 4.377444460998959 (s)


Final population:
Index: Selected                                    #Selected    CV          
----------------------------------------------------------------------------------------------------
    0: 1111000100000111010010001100000100001001... 79           0.0063156159
    1: 1111000100000111010010001100000100001001... 81           0.006290263 
    2: 1111100110000111010000001100000100000011... 82           0.0064589132
    3: 1111100110000111010000001100000100000011... 86           0.0060949525
    4: 1111000110000111010010001100000100000011... 84           0.0060885178
    5: 1111100110000111010000001100000100000001... 82           0.0061744247
    6: 1111000100000111010000001100000100000001... 72           0.0066196396
    7: 1111100100000111010011001001000100000001... 80           0.0062999348
    8: 1111000110000111010010001100000100000001... 76           0.0062586911
    9: 1111000100000111010010001100100100001001... 94           0.0060917467

Pickling population to: genetic_alg_settings_population_end.pkl

Hall of Fame:
Index: Selected                                    #Selected    CV          
----------------------------------------------------------------------------------------------------
    0: 1111000110000111010010001100000100000001... 83           0.0060335702
    1: 1111000110000111010010001100000100000011... 84           0.0060885178
    2: 1111000100000111010010001100100100001001... 94           0.0060917467
    3: 1111000100000110010000001000000100000001... 79           0.0060921523
    4: 1111100110000111010000001100000100000011... 86           0.0060949525
    5: 1111100110000111010000001100000100000001... 82           0.0061744247
    6: 1111100110000111010000001100000100000011... 83           0.0061981212
    7: 1111100110000111010000001100000100000001... 81           0.0062277729
    8: 1111000100000111010010001100000100001001... 82           0.0062371953
    9: 1111000110000111010010001100000100000001... 76           0.0062586911

Pickling Hall of Fame to: genetic_alg_settings_evolve_halloffame.pkl
Begin 3 of 20 repetitions
Begin 20 generations
gen	nevals	avg       	std        	min       	max       
0  	0     	0.00626927	0.000163074	0.00608852	0.00661964
1  	10    	0.00621384	0.000221004	0.00597549	0.00682398
2  	10    	0.00611179	0.000137753	0.00596669	0.00638152
3  	10    	0.00609333	9.87632e-05	0.0059935 	0.00626475
4  	10    	0.00605753	0.000112328	0.00588525	0.00627327
5  	10    	0.00615281	0.000127726	0.00589833	0.00638525
6  	10    	0.00611924	0.000222005	0.00589418	0.00672072
7  	10    	0.00599091	0.000158261	0.00580131	0.0064012 
8  	10    	0.0060236 	8.59773e-05	0.00589871	0.00613277
9  	10    	0.00599644	8.80736e-05	0.00585497	0.00617544
10 	10    	0.00592801	5.963e-05  	0.00579943	0.00599262
11 	10    	0.00607239	0.000219645	0.00578253	0.00660443
12 	10    	0.00599733	9.83474e-05	0.00585478	0.00620878
13 	10    	0.0059927 	8.27015e-05	0.0058699 	0.00612692
14 	10    	0.00598207	8.81403e-05	0.00575168	0.00609622
15 	10    	0.00606716	0.000143464	0.00578106	0.00626723
16 	10    	0.00599729	0.00019388 	0.00582726	0.00649634
17 	10    	0.00601799	0.000147288	0.00589157	0.00643012
18 	10    	0.00609339	0.000175914	0.00589596	0.00646486
19 	10    	0.00600406	0.000149808	0.00579728	0.00634359
20 	10    	0.00600063	0.00010589 	0.00588028	0.0062019 
Runtime: 5.604568550999829 (s)


Final population:
Index: Selected                                    #Selected    CV          
----------------------------------------------------------------------------------------------------
    0: 1111000110010011010110001101100100000111... 99           0.0059637152
    1: 1111000110010011010010001101100101000111... 98           0.0059387934
    2: 1111000110010011010010001101100100000111... 95           0.0060124229
    3: 1111000110010011010010001101100100000111... 97           0.0059836712
    4: 1111000110010011010010001101100101000111... 96           0.0059190684
    5: 1111000110010011010010001101100100000111... 94           0.0061956329
    6: 1111000110010011010010001101101100000111... 95           0.0058802801
    7: 1111000110010011010010001101100100000001... 96           0.0062019047
    8: 1111000110010011010010001101100101000111... 99           0.0059183372
    9: 1111000110010011010010001101100100000111... 97           0.0059924534

Pickling population to: genetic_alg_settings_population_end.pkl

Hall of Fame:
Index: Selected                                    #Selected    CV          
----------------------------------------------------------------------------------------------------
    0: 1111000110010111010010001101000100000011... 93           0.0057516841
    1: 1111000110010111010010001111100100000011... 94           0.0057810557
    2: 1111000110010111010010001101000100000011... 93           0.005782534 
    3: 1111000110010011010010001101100100000111... 96           0.0057972757
    4: 1111000110010011011010001101100100000011... 95           0.0057994305
    5: 1111000110010111010010001101000100000011... 99           0.0058013135
    6: 1111000110010111010010001101000100000011... 95           0.0058248541
    7: 1111000110010011010010001101100100000111... 96           0.0058272641
    8: 1111000110010111010010001101100100000011... 95           0.0058412102
    9: 1111000110010011010010001111000100000011... 94           0.0058482343

Pickling Hall of Fame to: genetic_alg_settings_evolve_halloffame.pkl
Begin 4 of 20 repetitions
Begin 20 generations
gen	nevals	avg       	std       	min       	max      
0  	0     	0.00600063	0.00010589	0.00588028	0.0062019
1  	10    	0.00605294	0.000334061	0.00584263	0.0070273
2  	10    	0.00612394	0.000413349	0.00586479	0.00734493
3  	10    	0.00601744	0.000163346	0.00579248	0.00638301
4  	10    	0.00610203	0.000183898	0.00587987	0.00644365
5  	10    	0.00610104	0.000195424	0.00575959	0.0063713 
6  	10    	0.00607802	0.000244749	0.00584562	0.00665995
7  	10    	0.00610524	0.000199625	0.00575136	0.00639973
8  	10    	0.00608127	0.000141722	0.00585811	0.00641389
9  	10    	0.00609587	0.000206062	0.00587581	0.00666203
10 	10    	0.00612421	0.00017123 	0.00585562	0.00654685
11 	10    	0.00610067	8.40926e-05	0.0059343 	0.00624729
12 	10    	0.00608666	0.000193065	0.0058403 	0.00649419
13 	10    	0.00603322	0.000123025	0.00587571	0.00626979
14 	10    	0.00605549	0.000156376	0.00588806	0.00649162
15 	10    	0.00613051	0.000218055	0.00589626	0.00658116
16 	10    	0.00591261	0.000104793	0.00573643	0.00608336
17 	10    	0.00610892	0.00035273 	0.00582333	0.0070352 
18 	10    	0.00603356	0.00018079 	0.00583734	0.00644255
19 	10    	0.00596476	0.000114776	0.00580604	0.00612148
20 	10    	0.00600071	0.000215875	0.00571853	0.00648086
Runtime: 5.693789206001384 (s)


Final population:
Index: Selected                                    #Selected    CV          
----------------------------------------------------------------------------------------------------
    0: 1111100110000011010100001101100100110111... 100          0.0057185302
    1: 1111000110000011010110001000001101100111... 97           0.0062557527
    2: 1111100110010011010100001101100100100111... 96           0.0059233597
    3: 1111000110000011010100001101100101110111... 99           0.0059482874
    4: 1111000110010011010100001101100100100111... 96           0.0060029759
    5: 1111100110000011010100001101100101110111... 97           0.0064808567
    6: 1111100110000011010110001010000100100111... 98           0.0061201767
    7: 1111100110000010010110001010101100000111... 100          0.0058361561
    8: 1111100110000011010110001010001100100111... 98           0.0058870807
    9: 1111100110000011010110001010001100100111... 100          0.0058339445

Pickling population to: genetic_alg_settings_population_end.pkl

Hall of Fame:
Index: Selected                                    #Selected    CV          
----------------------------------------------------------------------------------------------------
    0: 1111100110000011010100001101100100110111... 100          0.0057185302
    1: 1111100110010011010100001001100101100111... 100          0.0057364341
    2: 1111001110010111010010001101100101100111... 99           0.0057513554
    3: 1111000110010111010010001101000100000011... 93           0.0057516841
    4: 1111000110010111010010001101101100100111... 100          0.0057595901
    5: 1111100110000011010010001101100100100111... 100          0.0057774526
    6: 1111000110010111010010001111100100000011... 94           0.0057810557
    7: 1111000110010111010010001101000100000011... 93           0.005782534 
    8: 1111000110010011010010001101101101000111... 100          0.0057924757
    9: 1111000110010011010010001101100100000111... 96           0.0057972757

Pickling Hall of Fame to: genetic_alg_settings_evolve_halloffame.pkl
Begin 5 of 20 repetitions
Begin 20 generations
gen	nevals	avg       	std        	min       	max       
0  	0     	0.00600071	0.000215875	0.00571853	0.00648086
1  	10    	0.00591113	0.000148388	0.00572999	0.00626529
2  	10    	0.00598393	0.000219696	0.00574564	0.00648563
3  	10    	0.00597319	0.000151666	0.00574118	0.00618148
4  	10    	0.00591494	0.000115084	0.0056733 	0.00606878
5  	10    	0.0059246 	0.000133741	0.00571665	0.00612132
6  	10    	0.00611797	0.00025504 	0.00585447	0.00678116
7  	10    	0.00612224	0.000519725	0.00577442	0.00760521
8  	10    	0.00589934	0.000124948	0.00577452	0.0062127 
9  	10    	0.00583416	9.87155e-05	0.00563381	0.00600843
10 	10    	0.0060197 	0.000297744	0.00570887	0.00656725
11 	10    	0.00599869	0.00033149 	0.00569188	0.00689785
12 	10    	0.00582948	0.000110011	0.00570926	0.00606712
13 	10    	0.00585467	0.000108561	0.0056915 	0.00603131
14 	10    	0.00590072	0.000181563	0.00571735	0.00624528
15 	10    	0.00583141	9.65066e-05	0.00566696	0.00602161
16 	10    	0.00581   	4.70138e-05	0.0057062 	0.0058876 
17 	10    	0.00587848	0.000133994	0.00573495	0.00612056
18 	10    	0.00596114	0.000269705	0.00565919	0.00661571
19 	10    	0.00600073	0.000427347	0.00562695	0.00703942
20 	10    	0.00592668	0.000237103	0.00573506	0.00661094
Runtime: 5.645721356002468 (s)


Final population:
Index: Selected                                    #Selected    CV          
----------------------------------------------------------------------------------------------------
    0: 1111000110101101110100011011001100100011... 97           0.0059903959
    1: 1111000110101101010110011011001100100101... 99           0.0058060431
    2: 1110000100101111010110111011001100100111... 100          0.0066109366
    3: 1111000110101001110100001011000100100011... 95           0.0058214344
    4: 1111000110101111010110011011000100100011... 100          0.005735058 
    5: 1111000110101001110110001011001100100111... 100          0.0058235581
    6: 1111000110101001010100001011000100100111... 100          0.0058638821
    7: 1111000110101111110110011011001100100011... 98           0.0058820032
    8: 1111000111101011000110001011000100100111... 94           0.0059103494
    9: 1111000111101011000110001011000100100111... 95           0.0058231417

Pickling population to: genetic_alg_settings_population_end.pkl

Hall of Fame:
Index: Selected                                    #Selected    CV          
----------------------------------------------------------------------------------------------------
    0: 1111000110101011010100001011000100100111... 94           0.0056269476
    1: 1111000110001011010110011011000100100111... 99           0.0056338067
    2: 1111000110101101010100011011001100100111... 97           0.005654353 
    3: 1111000110101011110110001011000100100111... 100          0.005659192 
    4: 1111000110001011010110011011000100100111... 100          0.0056669618
    5: 1111100110001011010110001011000100100111... 97           0.0056732969
    6: 1111000110001011010100011011001100100111... 97           0.0056914996
    7: 1111000110001011010110011011000100100111... 98           0.0056918822
    8: 1111000110001011010110011011000100100111... 99           0.0056985472
    9: 1111000111101011010110011011001100100111... 100          0.0057050552

Pickling Hall of Fame to: genetic_alg_settings_evolve_halloffame.pkl
Begin 6 of 20 repetitions
Begin 20 generations
gen	nevals	avg       	std        	min       	max       
0  	0     	0.00592668	0.000237103	0.00573506	0.00661094
1  	10    	0.00591866	0.00012296 	0.00580723	0.00624549
2  	10    	0.00589972	0.000214404	0.00570642	0.00645198
3  	10    	0.00594689	0.000216843	0.00572192	0.00651583
4  	10    	0.00586006	9.65945e-05	0.00568945	0.00604383
5  	10    	0.00592137	0.000102798	0.00576758	0.00609655
6  	10    	0.00597291	9.88238e-05	0.00582752	0.00615184
7  	10    	0.00606021	0.000334625	0.00567853	0.0067036 
8  	10    	0.005902  	0.000143784	0.00574142	0.00620093
9  	10    	0.00604303	0.000710303	0.00571871	0.00816839
10 	10    	0.0058746 	0.000192672	0.00567112	0.00637252
11 	10    	0.00579914	0.000108986	0.0056724 	0.00603034
12 	10    	0.00599557	0.000508068	0.00570457	0.00744411
13 	10    	0.00584336	6.57656e-05	0.00570716	0.00592051
14 	10    	0.00615654	0.000552821	0.00576421	0.00732306
15 	10    	0.00587156	0.000120037	0.00564413	0.00605259
16 	10    	0.00580907	9.29878e-05	0.00561031	0.00587597
17 	10    	0.00582625	0.000123704	0.00557782	0.00601432
18 	10    	0.00578446	0.00013352 	0.00553494	0.00598033
19 	10    	0.00576328	8.78704e-05	0.00563437	0.0058711 
20 	10    	0.00573555	0.000128024	0.0055488 	0.00600544
Runtime: 5.661696759998449 (s)


Final population:
Index: Selected                                    #Selected    CV          
----------------------------------------------------------------------------------------------------
    0: 1111000111011011110000101010101100110101... 100          0.0055680113
    1: 1111000111011011110000101010101100110101... 100          0.0056448264
    2: 1111010111011011010100101010101101111101... 100          0.0057270295
    3: 1111000111011011110000101010111100110101... 99           0.0058461322
    4: 1111000111011011010000101010001101111101... 98           0.0056987018
    5: 1111010111011011010100101010101101111101... 94           0.0057463786
    6: 1111000111011011010000101010101100111100... 100          0.0058095807
    7: 1111000111011011110000101010101100110001... 97           0.0055487997
    8: 1111000111011011010000101010101101111100... 100          0.0060054407
    9: 1111000111011011010000001010101100111001... 96           0.0057605994

Pickling population to: genetic_alg_settings_population_end.pkl

Hall of Fame:
Index: Selected                                    #Selected    CV          
----------------------------------------------------------------------------------------------------
    0: 1111000111011011010000101010101101111101... 100          0.0055349369
    1: 1111000111011011110000101010101100110001... 97           0.0055487997
    2: 1111000111011011110000101010101100110101... 100          0.0055680113
    3: 1111000111011011010000101010101101110101... 98           0.0055778243
    4: 1111000111011011010000101010101101110101... 97           0.0056103129
    5: 1111000110101011010100001011000100100111... 94           0.0056269476
    6: 1111000110001011010110011011000100100111... 99           0.0056338067
    7: 1111010111011011010100101010001101111101... 96           0.0056343697
    8: 1111000111011011010000101010101101110101... 96           0.005640583 
    9: 1111010111011011110100101010101100110101... 100          0.0056441314

Pickling Hall of Fame to: genetic_alg_settings_evolve_halloffame.pkl
Begin 7 of 20 repetitions
Begin 20 generations
gen	nevals	avg       	std        	min      	max       
0  	0     	0.00573555	0.000128024	0.0055488	0.00600544
1  	10    	0.00590016	0.000318857	0.00562208	0.00677485
2  	10    	0.00578781	0.000159354	0.00561887	0.00618161
3  	10    	0.00575834	0.000227347	0.0054865 	0.00638739
4  	10    	0.0057114 	0.00013264 	0.00553682	0.00600128
5  	10    	0.00575417	0.000166332	0.00559378	0.00619041
6  	10    	0.00568259	6.70347e-05	0.00556176	0.00578076
7  	10    	0.00564678	0.000126186	0.00545219	0.00587469
8  	10    	0.00566941	0.000213748	0.00540528	0.00622427
9  	10    	0.00557514	0.000191457	0.0053836 	0.00603766
10 	10    	0.00558452	5.59728e-05	0.00551162	0.00569651
11 	10    	0.00554822	9.92914e-05	0.00537548	0.00575176
12 	10    	0.00552733	0.000108642	0.00537532	0.00566783
13 	10    	0.00557608	0.000172139	0.00534334	0.00587137
14 	10    	0.00553035	7.26995e-05	0.00542131	0.00568891
15 	10    	0.00558909	0.000141485	0.00545288	0.0059705 
16 	10    	0.00557859	0.000101789	0.00548403	0.00581434
17 	10    	0.00561537	0.000108641	0.005451  	0.00581053
18 	10    	0.00561388	8.99393e-05	0.00543438	0.00573401
19 	10    	0.00569573	0.000242295	0.00545442	0.00636444
20 	10    	0.00569308	0.000221507	0.00549197	0.0063018 
Runtime: 5.643827007002983 (s)


Final population:
Index: Selected                                    #Selected    CV          
----------------------------------------------------------------------------------------------------
    0: 1111000110011011010010101110101100110001... 99           0.0056018962
    1: 1111000110011011010010101110101100110001... 97           0.005491971 
    2: 1111000110011011010010001110101100110001... 99           0.0055140526
    3: 1111000110011011010010001110100000110001... 100          0.0063018029
    4: 1111000110011011010010001110101100110001... 98           0.0055229402
    5: 1111000010011011010010001110101100110001... 97           0.0057574308
    6: 1111000110011011010010101110101100110001... 100          0.0056421923
    7: 1111000110011011010010101110101100110001... 99           0.0057062122
    8: 1111000110011011010010101110101100110001... 100          0.0056547378
    9: 1111000110011011010010001110101100010001... 99           0.0057375873

Pickling population to: genetic_alg_settings_population_end.pkl

Hall of Fame:
Index: Selected                                    #Selected    CV          
----------------------------------------------------------------------------------------------------
    0: 1111000011011011010010101110101100110001... 95           0.0053433413
    1: 1111000111011011010110101110101100110001... 100          0.0053753171
    2: 1111000111011011010010001110101100110001... 100          0.0053754776
    3: 1111000111011011010010101110101100110001... 100          0.0053835963
    4: 1111000111011011010010101110101100110001... 98           0.0053900148
    5: 1111000111011011010010101110101100110001... 97           0.0053994963
    6: 1111000111011011010010101110101100110001... 97           0.0054016829
    7: 1111000111011011010000101110101100110001... 96           0.0054052771
    8: 1111000111011011010010101110101100110001... 95           0.0054213106
    9: 1111000111011011010010101110101100110001... 97           0.0054264476

Pickling Hall of Fame to: genetic_alg_settings_evolve_halloffame.pkl
Begin 8 of 20 repetitions
Begin 20 generations
gen	nevals	avg       	std        	min       	max      
0  	0     	0.00569308	0.000221507	0.00549197	0.0063018
1  	10    	0.00558365	8.1383e-05 	0.00538733	0.00568993
2  	10    	0.0056282 	0.000125551	0.00542648	0.00591679
3  	10    	0.00600418	0.000917499	0.00550508	0.00865409
4  	10    	0.00586914	0.000539397	0.00546684	0.0073234 
5  	10    	0.00565544	0.000112194	0.00550274	0.00582796
6  	10    	0.00577708	0.000307198	0.00550098	0.006622  
7  	10    	0.00580465	0.000331526	0.00550837	0.00655189
8  	10    	0.00577751	0.000351463	0.0055032 	0.00671738
9  	10    	0.00559385	6.49303e-05	0.00548747	0.00568227
10 	10    	0.00566585	0.000112328	0.00545403	0.00589134
11 	10    	0.00567225	0.000100399	0.00553594	0.0059088 
12 	10    	0.00578439	0.000155736	0.00561059	0.00612577
13 	10    	0.00566303	0.000113929	0.0055623 	0.00597736
14 	10    	0.00570218	0.000158212	0.00548782	0.00604738
15 	10    	0.00578565	0.000313238	0.00557165	0.00669464
16 	10    	0.00575091	0.000103953	0.00559978	0.00595738
17 	10    	0.00574858	9.55432e-05	0.00561807	0.00591929
18 	10    	0.00579792	0.00020787 	0.0055492 	0.00633338
19 	10    	0.00585573	0.000309988	0.00553515	0.00663874
20 	10    	0.00571646	0.000114944	0.00561515	0.00595306
Runtime: 5.672742033999384 (s)


Final population:
Index: Selected                                    #Selected    CV          
----------------------------------------------------------------------------------------------------
    0: 1111000100011010000010001110101101011001... 95           0.0056301525
    1: 1111000100011011000010001110101111011001... 97           0.0056549657
    2: 1111000100011011010010001110101111011001... 100          0.0057283591
    3: 1111000100010011000110001110101111011001... 95           0.0059530648
    4: 1111000100111010000010001110101111011001... 95           0.005723378 
    5: 1111000100001011010010001110101101011001... 100          0.0059090069
    6: 1111000100011011010010001110101111011001... 97           0.0056237332
    7: 1111000100011010000110001111101101011001... 99           0.0056236947
    8: 1111000100011011000010001110101111011001... 94           0.0056151512
    9: 1111000100011011000000001110101111011001... 97           0.0057031071

Pickling population to: genetic_alg_settings_population_end.pkl

Hall of Fame:
Index: Selected                                    #Selected    CV          
----------------------------------------------------------------------------------------------------
    0: 1111000011011011010010101110101100110001... 95           0.0053433413
    1: 1111000111011011010110101110101100110001... 100          0.0053753171
    2: 1111000111011011010010001110101100110001... 100          0.0053754776
    3: 1111000111011011010010101110101100110001... 100          0.0053835963
    4: 1111000110011011010010101110101100010001... 100          0.005387325 
    5: 1111000111011011010010101110101100110001... 98           0.0053900148
    6: 1111000111011011010010101110101100110001... 97           0.0053994963
    7: 1111000111011011010010101110101100110001... 97           0.0054016829
    8: 1111000111011011010000101110101100110001... 96           0.0054052771
    9: 1111000111011011010010101110101100110001... 95           0.0054213106

Pickling Hall of Fame to: genetic_alg_settings_evolve_halloffame.pkl
Begin 9 of 20 repetitions
Begin 20 generations
gen	nevals	avg       	std        	min       	max       
0  	0     	0.00571646	0.000114944	0.00561515	0.00595306
1  	10    	0.00570049	6.87926e-05	0.00562171	0.00584217
2  	10    	0.00569286	0.000131868	0.00553885	0.0059147 
3  	10    	0.00572906	0.000248902	0.0055538 	0.00645667
4  	10    	0.00563776	0.000115647	0.00545294	0.00582174
5  	10    	0.00560973	4.39484e-05	0.00553091	0.00570632
6  	10    	0.00560878	3.77217e-05	0.00554839	0.00569305
7  	10    	0.00568369	0.000157848	0.00550697	0.00602641
8  	10    	0.00567565	0.000108006	0.00545826	0.00584359
9  	10    	0.00560252	8.53054e-05	0.00545779	0.00571728
10 	10    	0.00562027	7.05008e-05	0.00550242	0.00576381
11 	10    	0.00566887	0.000103642	0.00549659	0.00591829
12 	10    	0.00565305	0.00010787 	0.00552723	0.00591071
13 	10    	0.00560941	6.60427e-05	0.00553038	0.00576307
14 	10    	0.00573663	0.000173318	0.00553845	0.00603784
15 	10    	0.00567815	0.000142736	0.00547106	0.00599107
16 	10    	0.00575402	0.0002834  	0.00552511	0.006561  
17 	10    	0.00558018	5.93175e-05	0.0054907 	0.00566395
18 	10    	0.00569346	0.00018147 	0.00548664	0.00606352
19 	10    	0.00594631	0.000802471	0.00548408	0.0083    
20 	10    	0.0056183 	9.35538e-05	0.00548675	0.00577536
Runtime: 5.668215017998591 (s)


Final population:
Index: Selected                                    #Selected    CV          
----------------------------------------------------------------------------------------------------
    0: 1111000100011010001010001010111101011001... 98           0.0057753559
    1: 1111000100011010001010001010111111011001... 100          0.0055504404
    2: 1111000001011010001010001010111111011001... 97           0.0055556643
    3: 1111000100011010001010001010111111011001... 100          0.0055838678
    4: 1111000000011010001011001010111111011001... 96           0.0056776737
    5: 1111000000011010001000001010111111001001... 97           0.0057134251
    6: 1111000000011010001010001010111111011011... 98           0.0054867523
    7: 1111000000111010001010001010111111001001... 99           0.0057373183
    8: 1111000100011010001010001010111111011001... 99           0.0055439831
    9: 1111000100011010001010001010111111011001... 100          0.0055585026

Pickling population to: genetic_alg_settings_population_end.pkl

Hall of Fame:
Index: Selected                                    #Selected    CV          
----------------------------------------------------------------------------------------------------
    0: 1111000011011011010010101110101100110001... 95           0.0053433413
    1: 1111000111011011010110101110101100110001... 100          0.0053753171
    2: 1111000111011011010010001110101100110001... 100          0.0053754776
    3: 1111000111011011010010101110101100110001... 100          0.0053835963
    4: 1111000110011011010010101110101100010001... 100          0.005387325 
    5: 1111000111011011010010101110101100110001... 98           0.0053900148
    6: 1111000111011011010010101110101100110001... 97           0.0053994963
    7: 1111000111011011010010101110101100110001... 97           0.0054016829
    8: 1111000111011011010000101110101100110001... 96           0.0054052771
    9: 1111000111011011010010101110101100110001... 95           0.0054213106

Pickling Hall of Fame to: genetic_alg_settings_evolve_halloffame.pkl
Begin 10 of 20 repetitions
Begin 20 generations
gen	nevals	avg      	std        	min       	max       
0  	0     	0.0056183	9.35538e-05	0.00548675	0.00577536
1  	10    	0.00562768	0.000105705	0.00550384	0.0058493 
2  	10    	0.00562035	0.000110335	0.005458  	0.00584272
3  	10    	0.00564019	0.000201332	0.00543295	0.00614752
4  	10    	0.00563342	0.000141654	0.00551248	0.00603308
5  	10    	0.00574107	0.000293069	0.00543654	0.00655168
6  	10    	0.00570112	0.000157289	0.00555676	0.00610446
7  	10    	0.00559601	6.64462e-05	0.00549857	0.0057249 
8  	10    	0.00562487	0.000127332	0.00546333	0.00592249
9  	10    	0.00569816	0.000188065	0.00551478	0.00612939
10 	10    	0.00556149	9.20663e-05	0.00539983	0.00571407
11 	10    	0.00565849	0.00027149 	0.00546357	0.00642235
12 	10    	0.00566613	0.00020148 	0.00545497	0.00618297
13 	10    	0.00559626	0.000131454	0.00545461	0.00584342
14 	10    	0.00556669	0.00014947 	0.00538552	0.00587512
15 	10    	0.00559012	0.000302534	0.00538383	0.00648514
16 	10    	0.00556453	0.00021498 	0.00536128	0.00619256
17 	10    	0.00556663	0.000103634	0.00544808	0.00583687
18 	10    	0.00551354	8.38392e-05	0.00536854	0.00563447
19 	10    	0.00550069	8.86567e-05	0.00540205	0.00572126
20 	10    	0.00563471	0.000387118	0.00530902	0.00672888
Runtime: 5.6423784520011395 (s)


Final population:
Index: Selected                                    #Selected    CV          
----------------------------------------------------------------------------------------------------
    0: 1111000100010110010000001110110111011011... 100          0.0055123091
    1: 1111000100111110000010011110110110011011... 96           0.0053090162
    2: 1111000100011110000010000110110111011011... 92           0.0067288819
    3: 1111000100111110000010101111110111011011... 100          0.0057516501
    4: 1111000100011110000010001110110111011011... 100          0.0053814716
    5: 1111000100111110000000001110110111011011... 100          0.0057264436
    6: 1111000100011110000010001110110111011011... 100          0.0055252297
    7: 1111000100111110000000001110110111011011... 99           0.0054647859
    8: 1111000100111110000110001110110111111011... 100          0.0054474551
    9: 1111000100111110000000001110110110011011... 97           0.0054998418

Pickling population to: genetic_alg_settings_population_end.pkl

Hall of Fame:
Index: Selected                                    #Selected    CV          
----------------------------------------------------------------------------------------------------
    0: 1111000100111110000010011110110110011011... 96           0.0053090162
    1: 1111000011011011010010101110101100110001... 95           0.0053433413
    2: 1111000100111111000010001110010111011011... 99           0.0053612796
    3: 1111000100111110000010001110110111011011... 99           0.0053685378
    4: 1111000111011011010110101110101100110001... 100          0.0053753171
    5: 1111000111011011010010001110101100110001... 100          0.0053754776
    6: 1111000100011110000010001110110111011011... 100          0.0053814716
    7: 1111000111011011010010101110101100110001... 100          0.0053835963
    8: 1111000100111110000010001110010111011011... 92           0.0053838323
    9: 1111000100111010001010001110010111011011... 97           0.0053855213

Pickling Hall of Fame to: genetic_alg_settings_evolve_halloffame.pkl
Begin 11 of 20 repetitions
Begin 20 generations
gen	nevals	avg       	std        	min       	max       
0  	0     	0.00563471	0.000387118	0.00530902	0.00672888
1  	10    	0.0055763 	0.000174456	0.00536924	0.00599563
2  	10    	0.00550965	8.8594e-05 	0.00539646	0.00566326
3  	10    	0.00566698	0.000282373	0.00545033	0.00627691
4  	10    	0.00561172	0.000226625	0.00539868	0.00608265
5  	10    	0.00555029	0.000104652	0.00542701	0.00574119
6  	10    	0.00550522	4.6313e-05 	0.00543672	0.00557317
7  	10    	0.00561629	0.000316048	0.00537355	0.00650358
8  	10    	0.00555246	0.000188409	0.00540584	0.00607211
9  	10    	0.00544605	5.18349e-05	0.00537735	0.00554276
10 	10    	0.00545227	0.000101764	0.00533768	0.00566   
11 	10    	0.00560687	0.000424768	0.0053542 	0.00679722
12 	10    	0.00556211	0.000201091	0.00536416	0.00603286
13 	10    	0.00556205	0.000153616	0.00533492	0.0058105 
14 	10    	0.00555608	0.000144247	0.00539301	0.00591125
15 	10    	0.00566737	0.000268728	0.00535202	0.00620619
16 	10    	0.00549268	0.000130805	0.00534304	0.00578755
17 	10    	0.00549974	0.000120045	0.00538625	0.00577339
18 	10    	0.00569077	0.000396253	0.00536783	0.00660073
19 	10    	0.00564262	0.000299312	0.00535253	0.00639917
20 	10    	0.0054952 	0.000117544	0.00534348	0.00581919
Runtime: 5.6992427420009335 (s)


Final population:
Index: Selected                                    #Selected    CV          
----------------------------------------------------------------------------------------------------
    0: 1111000100111110000000001010010110011011... 98           0.0054878031
    1: 1111000100111110000000001010010110011011... 97           0.0054775338
    2: 1111000100111110000000001010110110011011... 99           0.0054972857
    3: 1111000100111110000000001010010110011011... 97           0.0054717332
    4: 1111000100111010000000001010110110011011... 99           0.0054644333
    5: 1111000000111110000000001000110110011011... 100          0.0058191936
    6: 1111000100111110000000001010010110011011... 98           0.0055108972
    7: 1111000100111110000000001010110110011011... 96           0.0054087992
    8: 1111000100111110000000001010010110011011... 97           0.0053434779
    9: 1111000100111110000000001010110110011011... 99           0.0054707997

Pickling population to: genetic_alg_settings_population_end.pkl

Hall of Fame:
Index: Selected                                    #Selected    CV          
----------------------------------------------------------------------------------------------------
    0: 1111000100111110000010011110110110011011... 96           0.0053090162
    1: 1111000100011110000000011010110110011011... 100          0.0053349164
    2: 1111000100111110000000011010110110011011... 99           0.0053376768
    3: 1111000100111110000000011010110111011011... 99           0.0053384257
    4: 1111000100111110000000011010110111011011... 100          0.0053393908
    5: 1111000100111110000000001010110110011011... 98           0.0053430433
    6: 1111000011011011010010101110101100110001... 95           0.0053433413
    7: 1111000100111110000000001010010110011011... 97           0.0053434779
    8: 1111000100111110000000001010110110011011... 97           0.0053520218
    9: 1111000100111110000000001010110110011011... 94           0.0053525346

Pickling Hall of Fame to: genetic_alg_settings_evolve_halloffame.pkl
Begin 12 of 20 repetitions
Begin 20 generations
gen	nevals	avg      	std        	min       	max       
0  	0     	0.0054952	0.000117544	0.00534348	0.00581919
1  	10    	0.00552647	6.69998e-05	0.00539769	0.00567066
2  	10    	0.00552787	9.98172e-05	0.00543297	0.00574844
3  	10    	0.00553491	0.000241524	0.0053183 	0.00621622
4  	10    	0.00550222	0.00012202 	0.0053351 	0.00568114
5  	10    	0.00545711	7.29707e-05	0.00535511	0.00562708
6  	10    	0.00544145	5.11656e-05	0.00537775	0.00553947
7  	10    	0.00547353	7.57096e-05	0.00538072	0.00566161
8  	10    	0.00542925	8.88258e-05	0.00531723	0.00558287
9  	10    	0.00559327	0.000306815	0.0053809 	0.00645313
10 	10    	0.00551225	0.000104885	0.00536228	0.00564586
11 	10    	0.0055155 	0.000199341	0.00529596	0.00598522
12 	10    	0.00555875	0.000255842	0.00536848	0.0063089 
13 	10    	0.00548632	6.35318e-05	0.00539675	0.00563662
14 	10    	0.00544767	0.000132703	0.00525386	0.00575029
15 	10    	0.00555481	0.000313344	0.00531115	0.00643232
16 	10    	0.00546787	5.89064e-05	0.00536398	0.00555173
17 	10    	0.00555832	0.000254669	0.00540044	0.0063076 
18 	10    	0.00546918	8.04276e-05	0.00532354	0.00560261
19 	10    	0.00561227	0.000363398	0.00524165	0.0065609 
20 	10    	0.00549953	0.000229052	0.00530173	0.00612392
Runtime: 5.700507232002565 (s)


Final population:
Index: Selected                                    #Selected    CV          
----------------------------------------------------------------------------------------------------
    0: 1111000100111110000000001010101110010011... 98           0.0055393336
    1: 1111000100111110000000001010001110011011... 97           0.0056048145
    2: 1111000100111110010000001010001110011011... 99           0.005475764 
    3: 1111000100111110000000001010000100010011... 97           0.005305774 
    4: 1111000100111110000000001010001110011011... 98           0.0053665279
    5: 1110000100111110010000001010110100011011... 100          0.0061239192
    6: 1111000100111110010000001010000100011011... 100          0.0053633695
    7: 1111000100111110010000001010000100011011... 99           0.0055072831
    8: 1111000100111110010000001010000100011011... 100          0.0054068093
    9: 1111000100111110010000001010000100011011... 100          0.005301731 

Pickling population to: genetic_alg_settings_population_end.pkl

Hall of Fame:
Index: Selected                                    #Selected    CV          
----------------------------------------------------------------------------------------------------
    0: 1111000100111110010000001010000100011011... 100          0.0052416507
    1: 1111000100111110000000001010010110011011... 99           0.0052538608
    2: 1111000100111110000000001010010110011011... 99           0.0052959567
    3: 1111000100111110010000001010000100011011... 100          0.005301731 
    4: 1111000100111110000000001010000100010011... 97           0.005305774 
    5: 1111000100111110000010011110110110011011... 96           0.0053090162
    6: 1111000100111110000000001010010110011011... 100          0.0053111495
    7: 1111000100111110100000001011010110011011... 100          0.0053172325
    8: 1111000100111110000000001010010110011011... 99           0.005318295 
    9: 1111000100111110000000001010000110011011... 99           0.0053235411

Pickling Hall of Fame to: genetic_alg_settings_evolve_halloffame.pkl
Begin 13 of 20 repetitions
Begin 20 generations
gen	nevals	avg       	std        	min       	max       
0  	0     	0.00549953	0.000229052	0.00530173	0.00612392
1  	10    	0.00559755	0.000383664	0.00527571	0.00665283
2  	10    	0.00547807	0.000202579	0.00531597	0.00606441
3  	10    	0.00540071	7.32366e-05	0.00533362	0.00560603
4  	10    	0.00540587	0.000141708	0.00519568	0.00561588
5  	10    	0.00546065	0.000214613	0.00531095	0.00606833
6  	10    	0.00544607	0.000137082	0.00532785	0.00580742
7  	10    	0.00544239	0.000193135	0.00526801	0.00585517
8  	10    	0.00533793	6.10499e-05	0.00524293	0.00547914
9  	10    	0.00535063	6.64267e-05	0.00523833	0.0054847 
10 	10    	0.00543931	0.000108959	0.00532293	0.00567414
11 	10    	0.00550323	0.000170305	0.00532837	0.00579321
12 	10    	0.00548815	0.000190263	0.00532914	0.00595783
13 	10    	0.00535838	9.35221e-05	0.0052218 	0.00548522
14 	10    	0.00550532	0.000311563	0.00527044	0.00640634
15 	10    	0.00545035	0.000218729	0.00527563	0.00608633
16 	10    	0.00543894	8.53658e-05	0.00529382	0.00557339
17 	10    	0.00552428	0.000188225	0.00533319	0.00602572
18 	10    	0.0054563 	0.000146505	0.00526297	0.00580028
19 	10    	0.00550852	0.000133397	0.00529689	0.00571012
20 	10    	0.00551081	0.000127451	0.00536598	0.00570655
Runtime: 5.700018200001068 (s)


Final population:
Index: Selected                                    #Selected    CV          
----------------------------------------------------------------------------------------------------
    0: 1111000100111110000000001010000100011010... 99           0.0053659755
    1: 1111000000001110100000001010000100111110... 99           0.0056717193
    2: 1111000000111110000000001010000100111110... 100          0.0054565765
    3: 1111000100111110100000001010000100111110... 99           0.0057065453
    4: 1111000100111110100000001010000110110010... 100          0.0054085271
    5: 1111000100111110000000001011000100111110... 98           0.0053984749
    6: 1111000100111110001000001010000100110010... 100          0.0054613224
    7: 1111000100110110000000001010000100011010... 100          0.0056842329
    8: 1111000100101110100000001010000100101110... 100          0.0055680974
    9: 1111000100111110000000001010000100111110... 100          0.0053866048

Pickling population to: genetic_alg_settings_population_end.pkl

Hall of Fame:
Index: Selected                                    #Selected    CV          
----------------------------------------------------------------------------------------------------
    0: 1111000100111110000000001010000100011011... 100          0.0051956781
    1: 1111000100111110000000001010000100011111... 100          0.0052217972
    2: 1111000100111110000000001010000100011011... 98           0.0052383346
    3: 1111000100111110000000001010000100011010... 94           0.005241532 
    4: 1111000100111110010000001010000100011011... 100          0.0052416507
    5: 1111000100111110000000001010000100011011... 97           0.0052429272
    6: 1111000100111110000000001010000100011011... 98           0.0052454472
    7: 1111000100111110000000001010000100011010... 98           0.0052461145
    8: 1111000100111110000010001010000100011011... 98           0.0052527856
    9: 1111000100111110000000001010010110011011... 99           0.0052538608

Pickling Hall of Fame to: genetic_alg_settings_evolve_halloffame.pkl
Begin 14 of 20 repetitions
Begin 20 generations
gen	nevals	avg       	std        	min       	max       
0  	0     	0.00551081	0.000127451	0.00536598	0.00570655
1  	10    	0.00557593	0.000147229	0.005427  	0.00585917
2  	10    	0.00557448	0.000144682	0.00536403	0.00579462
3  	10    	0.00556213	0.000115856	0.00545452	0.00578174
4  	10    	0.00559517	0.000143913	0.00535501	0.00584648
5  	10    	0.00572271	0.000351992	0.00536606	0.00661235
6  	10    	0.00553953	0.00014054 	0.0053631 	0.0058546 
7  	10    	0.00561957	0.000189242	0.00533931	0.00592527
8  	10    	0.00568652	0.000359036	0.00533162	0.00654502
9  	10    	0.0056571 	0.000413023	0.00537806	0.006862  
10 	10    	0.00549019	0.000122247	0.00535218	0.00581315
11 	10    	0.00561285	0.000300305	0.00534224	0.00645609
12 	10    	0.00556927	0.000162063	0.00540986	0.00589879
13 	10    	0.0056486 	0.00046135 	0.00527402	0.00698105
14 	10    	0.00550283	0.000114245	0.00533236	0.00575716
15 	10    	0.00552976	0.000220371	0.00529627	0.00614982
16 	10    	0.00562623	0.000223545	0.00537359	0.00601306
17 	10    	0.00554038	0.000115308	0.00539283	0.00582811
18 	10    	0.00559137	0.000281407	0.00540379	0.00640809
19 	10    	0.00551123	0.000148305	0.00528723	0.00575921
20 	10    	0.00558483	0.000253678	0.00535529	0.00626172
Runtime: 5.639594403000956 (s)


Final population:
Index: Selected                                    #Selected    CV          
----------------------------------------------------------------------------------------------------
    0: 1111101100111100000000001011000101011010... 98           0.0054871249
    1: 1111100000111110000000101011000101011010... 96           0.0056805942
    2: 1111100100111110000000101010000101011010... 95           0.0053552922
    3: 1111100100111110000000001011000100011010... 98           0.0053557058
    4: 1111100100111110000000001011000100011010... 93           0.0057374085
    5: 1111100100111110000000001010000101011010... 96           0.0055186538
    6: 1111100100111110100000001010000100011010... 97           0.0054374296
    7: 1111100100111110000000001010000100111000... 95           0.0055082761
    8: 1111100100111110000000101010000100011010... 95           0.0055061266
    9: 1111100100111110000000000010000110011010... 94           0.00626172  

Pickling population to: genetic_alg_settings_population_end.pkl

Hall of Fame:
Index: Selected                                    #Selected    CV          
----------------------------------------------------------------------------------------------------
    0: 1111000100111110000000001010000100011011... 100          0.0051956781
    1: 1111000100111110000000001010000100011111... 100          0.0052217972
    2: 1111000100111110000000001010000100011011... 98           0.0052383346
    3: 1111000100111110000000001010000100011010... 94           0.005241532 
    4: 1111000100111110010000001010000100011011... 100          0.0052416507
    5: 1111000100111110000000001010000100011011... 97           0.0052429272
    6: 1111000100111110000000001010000100011011... 98           0.0052454472
    7: 1111000100111110000000001010000100011010... 98           0.0052461145
    8: 1111000100111110000010001010000100011011... 98           0.0052527856
    9: 1111000100111110000000001010010110011011... 99           0.0052538608

Pickling Hall of Fame to: genetic_alg_settings_evolve_halloffame.pkl
Begin 15 of 20 repetitions
Begin 20 generations
gen	nevals	avg       	std        	min       	max       
0  	0     	0.00558483	0.000253678	0.00535529	0.00626172
1  	10    	0.00549504	0.000185894	0.00530353	0.00599935
2  	10    	0.00549468	0.000115327	0.00532597	0.0056943 
3  	10    	0.00551752	0.000177538	0.00526784	0.00585972
4  	10    	0.00555185	0.000239404	0.00530254	0.00607373
5  	10    	0.00561636	0.000337666	0.0053484 	0.00652933
6  	10    	0.00557231	0.000191139	0.00532469	0.00599818
7  	10    	0.00542214	0.000125636	0.00526892	0.00567013
8  	10    	0.00539551	8.61929e-05	0.00529588	0.00551486
9  	10    	0.00550705	0.000263673	0.00530468	0.00620387
10 	10    	0.00543104	8.86846e-05	0.00530543	0.00560382
11 	10    	0.00540457	0.000105982	0.00526787	0.00559156
12 	10    	0.00576751	0.000569502	0.00532633	0.00723855
13 	10    	0.00548318	0.000286316	0.00528151	0.00630367
14 	10    	0.0054058 	0.000181702	0.00518865	0.00584383
15 	10    	0.00542825	7.32344e-05	0.00527747	0.00551786
16 	10    	0.00550428	0.000207157	0.00534932	0.00604869
17 	10    	0.00544477	0.000122015	0.00525771	0.00571733
18 	10    	0.00554809	0.000229151	0.00527224	0.00602289
19 	10    	0.00551445	0.00025289 	0.00523123	0.00596695
20 	10    	0.00531886	7.09379e-05	0.00522789	0.00545455
Runtime: 5.65445116599949 (s)


Final population:
Index: Selected                                    #Selected    CV          
----------------------------------------------------------------------------------------------------
    0: 1111100100111110000000001011010100011011... 100          0.005227886 
    1: 1111000110111110000000001010000100011011... 98           0.0052288361
    2: 1111100100111110000100001010000100011011... 97           0.005258755 
    3: 1111100100111110000100001010000100111011... 96           0.005280261 
    4: 1111100100111000000100001011000100011011... 100          0.0053603653
    5: 1111100100111110000100001010000100011011... 95           0.0053272495
    6: 1111100101111110000100001010000100011011... 97           0.0053470022
    7: 1111100100111110000000001010000100011011... 97           0.0054545502
    8: 1111100100111110000100001010000100011011... 99           0.0054050656
    9: 1111100100111110000100001010000100011011... 94           0.0052985976

Pickling population to: genetic_alg_settings_population_end.pkl

Hall of Fame:
Index: Selected                                    #Selected    CV          
----------------------------------------------------------------------------------------------------
    0: 1111100100111110100000001011000110011011... 100          0.0051886537
    1: 1111000100111110000000001010000100011011... 100          0.0051956781
    2: 1111000100111110000000001010000100011111... 100          0.0052217972
    3: 1111100100111110000000001011010100011011... 100          0.005227886 
    4: 1111000110111110000000001010000100011011... 98           0.0052288361
    5: 1111100100111110000000001011000100011011... 100          0.0052312344
    6: 1111000100111110000000001010000100011011... 98           0.0052383346
    7: 1111000100111110000000001010000100011010... 94           0.005241532 
    8: 1111000100111110010000001010000100011011... 100          0.0052416507
    9: 1111000100111110000000001010000100011011... 97           0.0052429272

Pickling Hall of Fame to: genetic_alg_settings_evolve_halloffame.pkl
Begin 16 of 20 repetitions
Begin 20 generations
gen	nevals	avg       	std        	min       	max       
0  	0     	0.00531886	7.09379e-05	0.00522789	0.00545455
1  	10    	0.00539829	0.000115558	0.00526507	0.00559244
2  	10    	0.00539892	0.000136109	0.00521333	0.00562548
3  	10    	0.00538068	7.35554e-05	0.0052315 	0.00547695
4  	10    	0.00533985	0.000125915	0.00523528	0.00569094
5  	10    	0.00536857	8.3061e-05 	0.00526551	0.00553114
6  	10    	0.00537831	0.00018683 	0.00521262	0.00589215
7  	10    	0.00550175	0.000301829	0.00521384	0.00615392
8  	10    	0.005386  	0.000203169	0.00520361	0.00594813
9  	10    	0.00537239	9.36214e-05	0.00525965	0.00551467
10 	10    	0.00533544	0.000111699	0.00519062	0.00557797
11 	10    	0.00531512	4.54866e-05	0.00524141	0.00538738
12 	10    	0.0053886 	0.000124128	0.00525426	0.00565982
13 	10    	0.00539436	0.000115552	0.00526174	0.00563796
14 	10    	0.00543585	8.50532e-05	0.00524036	0.00556525
15 	10    	0.00541542	0.000109998	0.00524418	0.00553506
16 	10    	0.00535361	9.77874e-05	0.00523494	0.00552355
17 	10    	0.00546654	0.000154156	0.0052496 	0.00581947
18 	10    	0.00536875	0.000117732	0.00519204	0.00556334
19 	10    	0.00533418	8.52595e-05	0.00525586	0.00555187
20 	10    	0.00536622	0.000126657	0.00522215	0.00565311
Runtime: 5.614141597998241 (s)


Final population:
Index: Selected                                    #Selected    CV          
----------------------------------------------------------------------------------------------------
    0: 1111010100111111000000001010110100010011... 99           0.0053173049
    1: 1111010100111111000001001010110100010011... 99           0.0053326219
    2: 1111010100011110000000001010110100010011... 92           0.005267194 
    3: 1111010100111110000000001010100100010011... 91           0.0052878671
    4: 1111010100011110000001001010100100010011... 91           0.0055364232
    5: 1111010100011110000000001010100100010111... 88           0.0053441828
    6: 1111010100111110010000001010100100010011... 88           0.0054137638
    7: 1111010100011110000000001010110000010011... 94           0.0056531068
    8: 1111010100011110000000001010100100010011... 92           0.0052876343
    9: 1111010100111110000000001010110100010011... 90           0.0052221465

Pickling population to: genetic_alg_settings_population_end.pkl

Hall of Fame:
Index: Selected                                    #Selected    CV          
----------------------------------------------------------------------------------------------------
    0: 1111100100111110100000001011000110011011... 100          0.0051886537
    1: 1111100100111110000000001010000100011011... 99           0.0051906249
    2: 1111010100011110000000001010100100010011... 85           0.0051920384
    3: 1111000100111110000000001010000100011011... 100          0.0051956781
    4: 1111110100111010000001001010000100010011... 95           0.0051995183
    5: 1111000100111110001000001010000100011011... 95           0.0052036141
    6: 1111000100111110001000001010000100011011... 95           0.0052126164
    7: 1111100100111110000100001010000100011010... 94           0.0052133285
    8: 1111110100111110000000001010000100011011... 98           0.005213839 
    9: 1111111100111010000000001010000100010011... 93           0.0052180258

Pickling Hall of Fame to: genetic_alg_settings_evolve_halloffame.pkl
Begin 17 of 20 repetitions
Begin 20 generations
gen	nevals	avg       	std        	min       	max       
0  	0     	0.00536622	0.000126657	0.00522215	0.00565311
1  	10    	0.00532669	9.94184e-05	0.00522173	0.0055777 
2  	10    	0.00530627	7.96378e-05	0.00518738	0.00550295
3  	10    	0.00527812	4.47369e-05	0.00522358	0.00536261
4  	10    	0.00537974	0.000347323	0.00517441	0.00640932
5  	10    	0.00532849	8.41372e-05	0.00519086	0.00551319
6  	10    	0.00534488	0.000102656	0.00518885	0.00555205
7  	10    	0.00542232	0.000365594	0.00518272	0.00649897
8  	10    	0.00532854	7.75656e-05	0.00524253	0.00552331
9  	10    	0.00572923	0.000669171	0.00527897	0.0076193 
10 	10    	0.00549235	0.000279694	0.0052416 	0.00614866
11 	10    	0.00533342	8.83002e-05	0.0051745 	0.00545808
12 	10    	0.00542272	0.000109615	0.00529171	0.00562623
13 	10    	0.0053805 	0.000112193	0.00522602	0.00555294
14 	10    	0.00542238	0.00011056 	0.00529452	0.00559496
15 	10    	0.00537565	6.2513e-05 	0.0052657 	0.00548764
16 	10    	0.00555013	0.000277433	0.00537558	0.00632657
17 	10    	0.00541279	0.000110825	0.00519761	0.00555603
18 	10    	0.00554   	0.000316169	0.00533792	0.0064313 
19 	10    	0.00546399	0.000159408	0.00530086	0.00581446
20 	10    	0.00550207	0.000241142	0.00528138	0.00615072
Runtime: 5.640555767000478 (s)


Final population:
Index: Selected                                    #Selected    CV          
----------------------------------------------------------------------------------------------------
    0: 1111010100111110000000011010110100010011... 96           0.0053378105
    1: 1111010100111110000000011010110100010011... 98           0.0053920484
    2: 1111010100111110000000011010110100010011... 100          0.0054128779
    3: 1111010100111110000000011010110100010011... 98           0.0052813783
    4: 1111010100111110000000011010110100010111... 95           0.0054240231
    5: 1111010110011010000011011010111100010011... 100          0.0054497232
    6: 1111010110111110000011011010110100010111... 99           0.0056882721
    7: 1111010000111110000010011010111100010111... 100          0.0053574926
    8: 1111010100111110000010011010110100010011... 96           0.0055263904
    9: 1110010000111110000000011010110100010011... 95           0.0061507222

Pickling population to: genetic_alg_settings_population_end.pkl

Hall of Fame:
Index: Selected                                    #Selected    CV          
----------------------------------------------------------------------------------------------------
    0: 1111010100111110000000001010110110010011... 97           0.0051744102
    1: 1111000100111110000000001010110100010011... 94           0.0051745037
    2: 1111010100111110000000011010110100010011... 97           0.0051827215
    3: 1111010100111110000000001010110100010011... 94           0.0051873825
    4: 1111100100111110100000001011000110011011... 100          0.0051886537
    5: 1111010100111110000000001010111110010011... 100          0.0051888514
    6: 1111100100111110000000001010000100011011... 99           0.0051906249
    7: 1111010100111110000000101010110110010011... 99           0.0051908603
    8: 1111010100011110000000001010100100010011... 85           0.0051920384
    9: 1111000100111110000000001010000100011011... 100          0.0051956781

Pickling Hall of Fame to: genetic_alg_settings_evolve_halloffame.pkl
Begin 18 of 20 repetitions
Begin 20 generations
gen	nevals	avg       	std        	min       	max       
0  	0     	0.00550207	0.000241142	0.00528138	0.00615072
1  	10    	0.0054802 	9.47701e-05	0.00536194	0.00564547
2  	10    	0.00550102	0.000200976	0.0052801 	0.00589322
3  	10    	0.00552759	0.000217006	0.00532014	0.00608924
4  	10    	0.005393  	4.89134e-05	0.00531335	0.00548579
5  	10    	0.00560537	0.000273289	0.00532732	0.00631288
6  	10    	0.00556703	0.000163735	0.00533437	0.00587691
7  	10    	0.00547624	0.000132895	0.00528962	0.00571004
8  	10    	0.0054108 	0.000104006	0.00529809	0.00560708
9  	10    	0.00545211	6.74078e-05	0.00536602	0.00556229
10 	10    	0.00546852	8.2916e-05 	0.00534215	0.0056649 
11 	10    	0.00560482	0.000350042	0.00528808	0.00659119
12 	10    	0.00568686	0.000349228	0.00538522	0.00649646
13 	10    	0.00545764	0.000128512	0.00532544	0.00569421
14 	10    	0.00548219	0.000139701	0.00530163	0.00569666
15 	10    	0.0054323 	0.000109407	0.00526334	0.005612  
16 	10    	0.00542552	8.61311e-05	0.00529463	0.00559813
17 	10    	0.00568968	0.000753574	0.00525676	0.00792671
18 	10    	0.00544847	0.000121049	0.00526528	0.00564922
19 	10    	0.00547078	0.000150434	0.00532214	0.00574317
20 	10    	0.00555649	0.000218564	0.00528584	0.0061591 
Runtime: 5.729462560000684 (s)


Final population:
Index: Selected                                    #Selected    CV          
----------------------------------------------------------------------------------------------------
    0: 1111000101111110000000011010110110010011... 94           0.0054112048
    1: 1111001101111110000101111010110110010011... 100          0.0054756102
    2: 1111001101111110000001011010110110010011... 100          0.005285835 
    3: 1111001101111110000001011010110110010011... 98           0.0055390074
    4: 1110001101111110000001011010110110010010... 96           0.0061590956
    5: 1111001101011110000001011010110110010011... 100          0.0055270432
    6: 1111001101111110000011011010110110010011... 97           0.0054565261
    7: 1111001101111110000001011010110110010011... 100          0.0055700539
    8: 1111000101110110000100111010110110010011... 100          0.0055390988
    9: 1111000101011110000100111010110110010011... 100          0.0056013755

Pickling population to: genetic_alg_settings_population_end.pkl

Hall of Fame:
Index: Selected                                    #Selected    CV          
----------------------------------------------------------------------------------------------------
    0: 1111010100111110000000001010110110010011... 97           0.0051744102
    1: 1111000100111110000000001010110100010011... 94           0.0051745037
    2: 1111010100111110000000011010110100010011... 97           0.0051827215
    3: 1111010100111110000000001010110100010011... 94           0.0051873825
    4: 1111100100111110100000001011000110011011... 100          0.0051886537
    5: 1111010100111110000000001010111110010011... 100          0.0051888514
    6: 1111100100111110000000001010000100011011... 99           0.0051906249
    7: 1111010100111110000000101010110110010011... 99           0.0051908603
    8: 1111010100011110000000001010100100010011... 85           0.0051920384
    9: 1111000100111110000000001010000100011011... 100          0.0051956781

Pickling Hall of Fame to: genetic_alg_settings_evolve_halloffame.pkl
Begin 19 of 20 repetitions
Begin 20 generations
gen	nevals	avg       	std        	min       	max      
0  	0     	0.00555649	0.000218564	0.00528584	0.0061591
1  	10    	0.00564058	0.000208642	0.00532302	0.00617252
2  	10    	0.00558226	0.000109124	0.00539719	0.00576076
3  	10    	0.00571323	0.000428332	0.00513116	0.00685298
4  	10    	0.00563579	0.000344711	0.00534394	0.00659073
5  	10    	0.00544587	0.000124197	0.00524987	0.00565819
6  	10    	0.00544685	8.87542e-05	0.00531915	0.00561544
7  	10    	0.00544003	8.121e-05  	0.00528799	0.0055436 
8  	10    	0.00550727	0.000188101	0.00535837	0.00596287
9  	10    	0.0055028 	0.000161048	0.00526743	0.00581684
10 	10    	0.00563973	0.000370767	0.00540186	0.00672804
11 	10    	0.00551578	0.000193981	0.00529707	0.00600925
12 	10    	0.00549913	0.000184527	0.00526423	0.00586692
13 	10    	0.00554253	0.000232031	0.005324  	0.00617267
14 	10    	0.00559119	0.000178652	0.00537743	0.00592978
15 	10    	0.00548066	6.94152e-05	0.00536517	0.00556498
16 	10    	0.00556327	0.000196771	0.00533581	0.00598467
17 	10    	0.00549835	0.000102585	0.00531363	0.00561934
18 	10    	0.00551573	9.0459e-05 	0.00540087	0.00573376
19 	10    	0.00559393	0.00010649 	0.00543028	0.00580229
20 	10    	0.00554599	0.000186668	0.00540087	0.00606437
Runtime: 5.747947095998825 (s)


Final population:
Index: Selected                                    #Selected    CV          
----------------------------------------------------------------------------------------------------
    0: 1111101111111110100110001010100100011110... 98           0.0056476696
    1: 1111001101111110100010101010110110010111... 98           0.0054701426
    2: 1111101111111110100010101010110100110111... 98           0.0054397169
    3: 1111101100111110100110001010110010010111... 99           0.0060643723
    4: 1111001101111110100010001010110100010111... 92           0.0054865418
    5: 1111101101111110100110101010110100010111... 100          0.0055273867
    6: 1111001101111110100010101010110100010111... 92           0.0054442981
    7: 1111001101111110100010101010110100010111... 92           0.0054164087
    8: 1111101101111110100110001010110100010111... 100          0.0054008711
    9: 1111101101111110100110001010110100010111... 100          0.0055625205

Pickling population to: genetic_alg_settings_population_end.pkl

Hall of Fame:
Index: Selected                                    #Selected    CV          
----------------------------------------------------------------------------------------------------
    0: 1111001100111110000100011010110100010011... 95           0.0051311552
    1: 1111010100111110000000001010110110010011... 97           0.0051744102
    2: 1111000100111110000000001010110100010011... 94           0.0051745037
    3: 1111010100111110000000011010110100010011... 97           0.0051827215
    4: 1111010100111110000000001010110100010011... 94           0.0051873825
    5: 1111100100111110100000001011000110011011... 100          0.0051886537
    6: 1111010100111110000000001010111110010011... 100          0.0051888514
    7: 1111100100111110000000001010000100011011... 99           0.0051906249
    8: 1111010100111110000000101010110110010011... 99           0.0051908603
    9: 1111010100011110000000001010100100010011... 85           0.0051920384

Pickling Hall of Fame to: genetic_alg_settings_evolve_halloffame.pkl
Begin 20 of 20 repetitions
Begin 20 generations
gen	nevals	avg       	std        	min       	max       
0  	0     	0.00554599	0.000186668	0.00540087	0.00606437
1  	10    	0.00549734	6.22729e-05	0.00537065	0.00557661
2  	10    	0.00546355	9.5098e-05 	0.00535607	0.00561975
3  	10    	0.00542355	5.83152e-05	0.00536298	0.00556201
4  	10    	0.00551783	0.00016469 	0.00536485	0.00597706
5  	10    	0.00546447	0.000114878	0.00533804	0.00566059
6  	10    	0.00555015	0.00023272 	0.00540354	0.00621054
7  	10    	0.00551789	0.000131935	0.00536862	0.00581   
8  	10    	0.00559542	0.000266506	0.00542528	0.00638444
9  	10    	0.00562542	0.000203984	0.00542521	0.00602316
10 	10    	0.00565052	0.000322193	0.00534333	0.00654786
11 	10    	0.00551631	0.000106261	0.00535158	0.00575358
12 	10    	0.00555161	0.000189562	0.00535602	0.00589722
13 	10    	0.00551133	9.5983e-05 	0.00541245	0.00572678
14 	10    	0.00548478	8.19518e-05	0.00538462	0.00563037
15 	10    	0.0055318 	0.000109288	0.00535834	0.00574845
16 	10    	0.00559999	0.000292641	0.00532754	0.00637408
17 	10    	0.00556659	0.000172263	0.00526877	0.00580366
18 	10    	0.00552691	0.000115067	0.00535499	0.00577589
19 	10    	0.0055437 	0.000205736	0.00539045	0.00613847
20 	10    	0.00550349	7.69941e-05	0.00540635	0.00567163
Runtime: 5.66442761199869 (s)


Final population:
Index: Selected                                    #Selected    CV          
----------------------------------------------------------------------------------------------------
    0: 1111110100111010100010101010110100010011... 100          0.005472016 
    1: 1111000101111011100010101011110100110011... 99           0.0054494231
    2: 1111010101111010110010101010110100110011... 99           0.0054621202
    3: 1111010101111010100010101010110100110011... 98           0.0054548859
    4: 1111000101111010100010101011110100110010... 99           0.005499089 
    5: 1111000100011010100010101011110100110011... 100          0.0054597776
    6: 1111010101111010100010101011110100110011... 99           0.0055816557
    7: 1111000101111010100010101010110100110011... 99           0.0054063494
    8: 1111000101001010100010101010110100110011... 100          0.0056716326
    9: 1111010101011010100010101011110100110011... 98           0.0055779543

Pickling population to: genetic_alg_settings_population_end.pkl

Hall of Fame:
Index: Selected                                    #Selected    CV          
----------------------------------------------------------------------------------------------------
    0: 1111001100111110000100011010110100010011... 95           0.0051311552
    1: 1111010100111110000000001010110110010011... 97           0.0051744102
    2: 1111000100111110000000001010110100010011... 94           0.0051745037
    3: 1111010100111110000000011010110100010011... 97           0.0051827215
    4: 1111010100111110000000001010110100010011... 94           0.0051873825
    5: 1111100100111110100000001011000110011011... 100          0.0051886537
    6: 1111010100111110000000001010111110010011... 100          0.0051888514
    7: 1111100100111110000000001010000100011011... 99           0.0051906249
    8: 1111010100111110000000101010110110010011... 99           0.0051908603
    9: 1111010100011110000000001010100100010011... 85           0.0051920384

Pickling Hall of Fame to: genetic_alg_settings_evolve_halloffame.pkl
#   DONE  Runtime: 109.40447940000013 (s)

Adding statistics...
  DONE

Result:
Index: Selected                                    #Selected    CV           RMS          wRMS         Estimator                FeatureSelection         Note
--------------------------------------------------------------------------------------------------------------------------------------------------------------------
    0: 1111001100111110000100011010110100010011... 95           0.0051311552 0.0043232567 0.0043500392 LinearRegression         GeneticAlgorithm         
    1: 1111010100111110000000001010110110010011... 97           0.0051744102 0.0043132601 0.0043435479 LinearRegression         GeneticAlgorithm         
    2: 1111000100111110000000001010110100010011... 94           0.0051745037 0.0043463589 0.004373587  LinearRegression         GeneticAlgorithm         
    3: 1111010100111110000000011010110100010011... 97           0.0051827215 0.004330405  0.0043638558 LinearRegression         GeneticAlgorithm         
    4: 1111010100111110000000001010110100010011... 94           0.0051873825 0.0043285593 0.0043554547 LinearRegression         GeneticAlgorithm         
    5: 1111100100111110100000001011000110011011... 100          0.0051886537 0.0043287635 0.0043635543 LinearRegression         GeneticAlgorithm         
    6: 1111010100111110000000001010111110010011... 100          0.0051888514 0.0043048267 0.0043354478 LinearRegression         GeneticAlgorithm         
    7: 1111100100111110000000001010000100011011... 99           0.0051906249 0.0043414522 0.0043731849 LinearRegression         GeneticAlgorithm         
    8: 1111010100111110000000101010110110010011... 99           0.0051908603 0.0043163062 0.0043464419 LinearRegression         GeneticAlgorithm         
    9: 1111010100011110000000001010100100010011... 85           0.0051920384 0.0044644084 0.0045007423 LinearRegression         GeneticAlgorithm         

Pickling Hall of Fame to: genetic_alg_settings_halloffame.pkl
