Loading genetic_alg_settings.json
# Hall of Fame size: 10 

# Get problem data...
# wHullDist: Will calculate hull distance: hull_dist(CALCULATED,atom_frac)
# Query requested: ['formation_energy', 'is_calculated', 'corr', 'hull_dist(CALCULATED,atom_frac)']
# Use existing: []
# Querying: ['formation_energy', 'is_calculated', 'corr', 'hull_dist(CALCULATED,atom_frac)']
#   DONE

# Target: formation_energy
# Training samples: 627
# Features: 253 

# Weighting:
{
  "method": "wHullDist",
  "kwargs": {
    "A": 0.1,
    "B": 2.0,
    "kT": 0.05500000000000001,
    "hull_selection": "CALCULATED"
  }
}

# CV:
{
  "method": "KFold",
  "kwargs": {
    "n_splits": 10,
    "shuffle": true
  },
  "penalty": 0.0
} 

# Writing problem specs to: genetic_alg_settings_specs.pkl
# To inspect or customize the problem specs further, use the '--checkspecs' method

# Estimator:
{
  "method": "LinearRegression",
  "kwargs": {
    "fit_intercept": false
  }
} 

# Feature Selection:
{
  "method": "GeneticAlgorithm",
  "kwargs": {
    "constraints_kwargs": {
      "n_features_max": 100,
      "n_features_min": 3,
      "fix_off": [],
      "fix_on": [
        0,
        1,
        2
      ]
    },
    "selTournamentSize": 3,
    "mutFlipBitProb": 0.01,
    "evolve_params_kwargs": {
      "n_generation": 20,
      "n_repetition": 20,
      "n_features_init": 3,
      "n_population": 10,
      "n_halloffame": 10,
      "halloffame_filename": "evolve_halloffame.pkl",
      "filename_prefix": "genetic_alg_settings"
    },
    "cxUniformProb": 0.5
  }
} 

# Fit and select...
Constructing initial population
Begin 1 of 20 repetitions
Begin 20 generations
gen	nevals	avg      	std        	min      	max      
0  	10    	0.0192193	0.000675957	0.0176987	0.0199632
1  	10    	0.018436 	0.000702387	0.0174306	0.0198464
2  	10    	0.0177598	0.000553674	0.0164575	0.0185967
3  	10    	0.0168874	0.000890607	0.0154066	0.0179685
4  	10    	0.0155529	0.000680317	0.0145002	0.0166309
5  	10    	0.0149786	0.000790791	0.0139392	0.0167272
6  	10    	0.0144818	0.000709642	0.0134836	0.015729 
7  	10    	0.0137082	0.000845292	0.0121295	0.0152411
8  	10    	0.0126173	0.000927074	0.0108641	0.0141583
9  	10    	0.0118378	0.000944436	0.0102464	0.0127288
10 	10    	0.0112378	0.000834017	0.0102308	0.0127303
11 	10    	0.0105211	0.000331356	0.0100577	0.011243 
12 	10    	0.0102389	0.000257206	0.00987403	0.0107255
13 	10    	0.0100271	0.000310478	0.00951733	0.0105243
14 	10    	0.00991197	0.000528836	0.00906479	0.0108204
15 	10    	0.00935188	0.00023961 	0.00892492	0.00971052
16 	10    	0.00914616	0.000267558	0.00870074	0.00958688
17 	10    	0.00899035	0.000313199	0.00853605	0.00957568
18 	10    	0.00887264	0.000268835	0.00826848	0.00919948
19 	10    	0.00875137	0.000268888	0.00830917	0.00922932
20 	10    	0.00871329	0.000229459	0.00827794	0.00902068
Runtime: 3.0912939150002785 (s)


Final population:
Index: Selected                                    #Selected    CV          
----------------------------------------------------------------------------------------------------
    0: 1111010000001000000000000100001000001100... 64           0.0089152652
    1: 1111010000101000000000000100001000000100... 59           0.008423865 
    2: 1111010000001000000000000100000000010000... 58           0.0088550281
    3: 1111010000001000000000010100001000001100... 59           0.0088128294
    4: 1111010000101000000000000100001000001100... 65           0.008720723 
    5: 1111000000001000000000000100001000000100... 59           0.0090206837
    6: 1111011000001000000001000100001000000000... 63           0.0089212524
    7: 1111010100001000000000000100001000001100... 61           0.0085045396
    8: 1111010000001000000000000100001000001100... 64           0.0082779449
    9: 1111010001101000000000000100001000100100... 65           0.0086807402

Pickling population to: genetic_alg_settings_population_end.pkl

Hall of Fame:
Index: Selected                                    #Selected    CV          
----------------------------------------------------------------------------------------------------
    0: 1111010000001000000000000100001000000100... 59           0.008268479 
    1: 1111010000001000000000000100001000001100... 64           0.0082779449
    2: 1111011100001000000001000100001000001100... 64           0.0083091711
    3: 1111010000101000000000000100001000001100... 61           0.0083855415
    4: 1111010000101000000000000100001000000100... 59           0.008423865 
    5: 1111010100001000000000000100001000001100... 61           0.0085045396
    6: 1111010000001000000000000100001000000100... 58           0.0085360531
    7: 1111011000001000000001000100001000001100... 60           0.0085907964
    8: 1111010010001000000000000100000000000100... 60           0.0086301749
    9: 1111010001101000000000000100001000100100... 65           0.0086807402

Pickling Hall of Fame to: genetic_alg_settings_evolve_halloffame.pkl
Begin 2 of 20 repetitions
Begin 20 generations
gen	nevals	avg       	std        	min       	max       
0  	0     	0.00871329	0.000229459	0.00827794	0.00902068
1  	10    	0.0085541 	0.000215437	0.00827112	0.00906543
2  	10    	0.00821334	0.000354747	0.00722966	0.00854266
3  	10    	0.00814374	0.000299481	0.00737363	0.00849496
4  	10    	0.00812527	0.000269476	0.00748341	0.0083897 
5  	10    	0.00798383	0.000524234	0.00710652	0.00921821
6  	10    	0.00768963	0.000656005	0.00689604	0.00920876
7  	10    	0.00719864	0.000531629	0.00662623	0.00815802
8  	10    	0.00689278	0.000107691	0.00668973	0.00705837
9  	10    	0.00682416	0.000168971	0.00657182	0.00710472
10 	10    	0.00671659	0.000171832	0.0064539 	0.00694706
11 	10    	0.00671446	0.000168202	0.00634661	0.00694689
12 	10    	0.00661731	9.07896e-05	0.00650657	0.00679135
13 	10    	0.00665097	0.000192519	0.00641674	0.00699812
14 	10    	0.00651217	0.000123949	0.00631032	0.00671862
15 	10    	0.00649101	0.000199206	0.00619654	0.00701108
16 	10    	0.00633286	0.000129655	0.00616458	0.00658877
17 	10    	0.00632976	8.1425e-05 	0.00622039	0.00645365
18 	10    	0.00638589	0.000117447	0.00625424	0.00665105
19 	10    	0.00631716	0.000126361	0.0061476 	0.00666148
20 	10    	0.00635365	0.000347556	0.00610586	0.00735653
Runtime: 5.126245152001502 (s)


Final population:
Index: Selected                                    #Selected    CV          
----------------------------------------------------------------------------------------------------
    0: 1111010100111000011101001100001000000100... 94           0.0063598441
    1: 1111010101111000011001000000001000000100... 87           0.0073565275
    2: 1111010100111001111001001100001000001100... 94           0.0062888688
    3: 1111010100111000011001001100001000000100... 92           0.0064182322
    4: 1111010100111100011001001100001000000100... 95           0.0061839499
    5: 1111010101111000011101001100001000000100... 98           0.0062905463
    6: 1111110100111000011001001100001000000000... 92           0.0061352139
    7: 1111010100111000011001001100001000000100... 91           0.0062427811
    8: 1111010100111000011001001100001000000100... 90           0.0061546564
    9: 1111010100111000111001101100001000000101... 94           0.0061058595

Pickling population to: genetic_alg_settings_population_end.pkl

Hall of Fame:
Index: Selected                                    #Selected    CV          
----------------------------------------------------------------------------------------------------
    0: 1111010100111000111001101100001000000101... 94           0.0061058595
    1: 1111110100111000011001001100001000000000... 92           0.0061352139
    2: 1111010100111000011001001100001000000100... 91           0.0061475951
    3: 1111010100111000011001001100001000000100... 90           0.0061546564
    4: 1111010100111000011001001100001000000100... 89           0.0061645776
    5: 1111010100111100011001001100001000000100... 95           0.0061839499
    6: 1111010100111000011001001100001000000100... 89           0.0061965382
    7: 1111110100111000011001001100001000000100... 89           0.0061987303
    8: 1111010100111000011001001100001000100100... 93           0.0062053501
    9: 1111010100111000011001001100001000000100... 91           0.0062203888

Pickling Hall of Fame to: genetic_alg_settings_evolve_halloffame.pkl
Begin 3 of 20 repetitions
Begin 20 generations
gen	nevals	avg       	std        	min       	max       
0  	0     	0.00635365	0.000347556	0.00610586	0.00735653
1  	10    	0.00617637	0.000181517	0.0059311 	0.0064673 
2  	10    	0.00600587	8.29193e-05	0.00588314	0.00612749
3  	10    	0.00612041	0.00022179 	0.00593639	0.00674496
4  	10    	0.00608079	0.00013176 	0.00586392	0.00630233
5  	10    	0.00602764	0.000133798	0.00584622	0.00633885
6  	10    	0.00605407	0.000192703	0.00589249	0.00653954
7  	10    	0.00605182	0.000149197	0.00585263	0.00635821
8  	10    	0.00600001	0.000114957	0.00579835	0.00620103
9  	10    	0.00603992	0.000194944	0.00578905	0.00648283
10 	10    	0.00598785	0.000205844	0.00567675	0.00633676
11 	10    	0.00580341	0.000144753	0.00564716	0.00616603
12 	10    	0.00601462	0.000333678	0.00572923	0.00698386
13 	10    	0.00597174	0.000252028	0.00566348	0.00665287
14 	10    	0.00597164	0.000326402	0.0057027 	0.00689781
15 	10    	0.00610676	0.000658084	0.00571287	0.00804958
16 	10    	0.00602341	0.000234632	0.00576937	0.00656018
17 	10    	0.00593054	0.000268449	0.00562215	0.00664333
18 	10    	0.00580155	0.000166798	0.00557712	0.00612758
19 	10    	0.0057995 	0.000102655	0.00564693	0.00596648
20 	10    	0.00579515	8.15849e-05	0.00568201	0.00596181
Runtime: 5.755640783001581 (s)


Final population:
Index: Selected                                    #Selected    CV          
----------------------------------------------------------------------------------------------------
    0: 1111010000111010011001001110001010000001... 100          0.0058480851
    1: 1111010000111010011101001110101000000000... 99           0.0057701451
    2: 1111010000111010011101001110101000100000... 98           0.0058145926
    3: 1111010000111010011101001010101000000001... 99           0.0056820144
    4: 1111010000111010011101001010101010000000... 99           0.0057561708
    5: 1111010000111010011101001110101010000001... 99           0.0057324029
    6: 1111010000111000011101001110101000100001... 99           0.0058811868
    7: 1111010000110010011101001110101000000001... 97           0.0059618117
    8: 1111010010111010011101001110101000000000... 100          0.0056992074
    9: 1111010000111010011101001010101010100001... 98           0.0058059165

Pickling population to: genetic_alg_settings_population_end.pkl

Hall of Fame:
Index: Selected                                    #Selected    CV          
----------------------------------------------------------------------------------------------------
    0: 1111000000111010011001001110101100100000... 99           0.0055771184
    1: 1111010000111010011101001110101000100000... 100          0.0056221508
    2: 1111010000111010011101001110101010000000... 95           0.0056283927
    3: 1111010000111010011101001110101000100000... 100          0.0056469256
    4: 1111010100111000011001001110001010000100... 100          0.0056471562
    5: 1111010100111010011001001110001010000000... 100          0.0056634798
    6: 1111010100010000011001001110001000000100... 100          0.0056767496
    7: 1111010000111010011101001110001010000001... 99           0.0056805041
    8: 1111010000111010011101001010101010000001... 99           0.0056806569
    9: 1111010000111010011101001010101000000001... 99           0.0056820144

Pickling Hall of Fame to: genetic_alg_settings_evolve_halloffame.pkl
Begin 4 of 20 repetitions
Begin 20 generations
gen	nevals	avg       	std        	min       	max       
0  	0     	0.00579515	8.15849e-05	0.00568201	0.00596181
1  	10    	0.00599533	0.000642205	0.00558929	0.00790354
2  	10    	0.00592596	0.000505751	0.00552866	0.00741024
3  	10    	0.00588551	0.000230645	0.00556917	0.0064519 
4  	10    	0.00583198	0.000256814	0.0055749 	0.00648946
5  	10    	0.00577967	0.000229996	0.00555838	0.00629941
6  	10    	0.00567919	8.14972e-05	0.00555774	0.00579726
7  	10    	0.00583767	0.000321667	0.00557198	0.00663752
8  	10    	0.00578579	0.000211502	0.00562572	0.00636408
9  	10    	0.00577066	0.000134016	0.00552316	0.00597253
10 	10    	0.00611445	0.000843966	0.00557678	0.00859685
11 	10    	0.00584097	0.000160198	0.00557431	0.0060593 
12 	10    	0.00579337	0.000217996	0.00558222	0.00612301
13 	10    	0.00602319	0.000672282	0.0056342 	0.0079304 
14 	10    	0.00577411	0.000250206	0.00555949	0.00643366
15 	10    	0.00576718	0.000227541	0.00555224	0.00637441
16 	10    	0.00571027	0.000205477	0.0055238 	0.00628609
17 	10    	0.00583514	0.00048113 	0.00552725	0.00722486
18 	10    	0.00567462	0.000184619	0.00550016	0.00617516
19 	10    	0.0057626 	0.000231758	0.00560053	0.00641748
20 	10    	0.00575975	0.000220924	0.00555713	0.00637928
Runtime: 5.752837942000042 (s)


Final population:
Index: Selected                                    #Selected    CV          
----------------------------------------------------------------------------------------------------
    0: 1111010000111010011100001010101111000001... 97           0.0056013874
    1: 1111010000111010011100001010101111000001... 93           0.0058166367
    2: 1111010000111010011100001010101111000001... 100          0.0056371532
    3: 1111010000111010011100001010101111001001... 96           0.0057077672
    4: 1111010000111010011100001010001011100001... 100          0.0063792798
    5: 1111010100111100011100001010101111000001... 99           0.0057348669
    6: 1111010000111010011100001010101111000001... 96           0.0056496629
    7: 1111010000011010011100001010101111000001... 95           0.0057099043
    8: 1111010000111010011000001010101111000001... 97           0.0055571283
    9: 1111010000111010001110001010101111000001... 100          0.005803697 

Pickling population to: genetic_alg_settings_population_end.pkl

Hall of Fame:
Index: Selected                                    #Selected    CV          
----------------------------------------------------------------------------------------------------
    0: 1111010000111010011100001010101111000001... 100          0.0055001641
    1: 1111010000111010011101001010101010000001... 100          0.0055231599
    2: 1111010000111010011100001010101110000001... 100          0.0055238033
    3: 1111010000111010011100001010101111000001... 97           0.0055272503
    4: 1111010000111010011100001010101111000001... 97           0.0055274646
    5: 1111010000111010011101001010101010000001... 100          0.0055286606
    6: 1111010000111010011100001010111110000001... 100          0.0055415225
    7: 1111010000111010011100001010111110000001... 100          0.0055522424
    8: 1111010000111010011000001010101111000001... 97           0.0055571283
    9: 1111010000111010011101001010101110000001... 100          0.0055577403

Pickling Hall of Fame to: genetic_alg_settings_evolve_halloffame.pkl
Begin 5 of 20 repetitions
Begin 20 generations
gen	nevals	avg       	std        	min       	max       
0  	0     	0.00575975	0.000220924	0.00555713	0.00637928
1  	10    	0.0056893 	0.000111323	0.00557084	0.00591999
2  	10    	0.00579501	0.000257474	0.00555179	0.00632539
3  	10    	0.00566429	7.36479e-05	0.00552478	0.00576601
4  	10    	0.00566519	0.000208758	0.00552944	0.00624414
5  	10    	0.00558389	9.10715e-05	0.00547102	0.00578822
6  	10    	0.00571023	0.000259719	0.00547794	0.00622505
7  	10    	0.00558751	0.000110692	0.00543952	0.0058173 
8  	10    	0.00559041	8.93564e-05	0.00545702	0.00572454
9  	10    	0.00556485	0.000104185	0.00544391	0.00576681
10 	10    	0.00576722	0.000569489	0.00545996	0.00743709
11 	10    	0.00563474	0.000213779	0.0054332 	0.00614039
12 	10    	0.00557645	5.96993e-05	0.00549146	0.00569471
13 	10    	0.0056483 	0.000159624	0.0054882 	0.00603389
14 	10    	0.00560608	0.000155645	0.00543521	0.00590753
15 	10    	0.00568131	0.000271543	0.00540701	0.0064048 
16 	10    	0.00560372	0.000105856	0.00545451	0.00579168
17 	10    	0.0055115 	0.00013832 	0.00542489	0.00591586
18 	10    	0.00547492	6.08551e-05	0.00538221	0.00556129
19 	10    	0.00546324	7.75107e-05	0.00535101	0.00558007
20 	10    	0.00546716	0.000103468	0.00534593	0.00569217
Runtime: 5.758434286002739 (s)


Final population:
Index: Selected                                    #Selected    CV          
----------------------------------------------------------------------------------------------------
    0: 1111010000111011011100001110101111000001... 91           0.0055970136
    1: 1111010000111011011100001110101111000001... 93           0.0054544524
    2: 1111010000111011010100001110101111001001... 95           0.0056921671
    3: 1111010000111011011100001110101111000001... 94           0.0054374612
    4: 1111010011111011011100001110101111000001... 97           0.0053459339
    5: 1111010000111011011100001110101111000001... 99           0.0054765601
    6: 1111010000111011011100001110101111000001... 96           0.005352122 
    7: 1111010000111011010100001110101111000001... 92           0.0054679101
    8: 1111010000110011011100001110101111000001... 96           0.0054821933
    9: 1111010001111011011100001110101111000001... 96           0.0053657778

Pickling population to: genetic_alg_settings_population_end.pkl

Hall of Fame:
Index: Selected                                    #Selected    CV          
----------------------------------------------------------------------------------------------------
    0: 1111010011111011011100001110101111000001... 97           0.0053459339
    1: 1111010000111011011100001110101111000001... 93           0.0053510124
    2: 1111010000111011011100001110101111000001... 96           0.005352122 
    3: 1111010001111011011100001110101111000001... 96           0.0053657778
    4: 1111010001111011011100001110101111000001... 99           0.0053822098
    5: 1111010010111011011100001110101111000001... 97           0.0053830468
    6: 1111010000111011011100001110101111000001... 94           0.0053845633
    7: 1111010000111011010100001110101111000001... 94           0.0053888382
    8: 1111010001110011011100001110101111000001... 100          0.0054068844
    9: 1111011000111011011100001110101111000001... 91           0.0054070106

Pickling Hall of Fame to: genetic_alg_settings_evolve_halloffame.pkl
Begin 6 of 20 repetitions
Begin 20 generations
gen	nevals	avg       	std        	min       	max       
0  	0     	0.00546716	0.000103468	0.00534593	0.00569217
1  	10    	0.00550429	0.00019322 	0.00535059	0.00607108
2  	10    	0.00553904	0.00015355 	0.00537514	0.005944  
3  	10    	0.00551102	0.000112519	0.00534387	0.00565185
4  	10    	0.00552067	0.000102564	0.00533008	0.00569974
5  	10    	0.00553426	0.000164342	0.0054166 	0.00597757
6  	10    	0.00548091	0.00016802 	0.00534729	0.00595447
7  	10    	0.0054582 	3.54292e-05	0.00540999	0.00552384
8  	10    	0.00547812	8.90079e-05	0.00529008	0.00562382
9  	10    	0.00550113	0.000157325	0.00537466	0.00593873
10 	10    	0.00551413	9.33942e-05	0.00540232	0.00563578
11 	10    	0.00557059	0.000199081	0.00539942	0.00612352
12 	10    	0.00550573	0.000134175	0.00526408	0.00579936
13 	10    	0.00556847	0.000226501	0.00541169	0.0061897 
14 	10    	0.00547578	0.000110942	0.0053529 	0.00567997
15 	10    	0.00550038	0.00018974 	0.00534773	0.00601079
16 	10    	0.00557755	0.00031937 	0.00532909	0.00647582
17 	10    	0.00553761	0.000214833	0.00530809	0.0060886 
18 	10    	0.00560197	0.000347101	0.00533485	0.00659955
19 	10    	0.00555563	0.000197163	0.00535316	0.00594589
20 	10    	0.00544134	8.89582e-05	0.00527877	0.00555221
Runtime: 5.741831433999323 (s)


Final population:
Index: Selected                                    #Selected    CV          
----------------------------------------------------------------------------------------------------
    0: 1111010001111011011100001110001111000011... 99           0.005470084 
    1: 1111010001111011011100001110001111000000... 98           0.0055518634
    2: 1111010001111011011100001010101111000011... 100          0.0054445858
    3: 1111010001111011011100001110011111000001... 100          0.0054212734
    4: 1111010001111011011100001110101111000000... 99           0.0052787687
    5: 1111010001111011011110001110001111000001... 98           0.0055522142
    6: 1111010001111011011100001110001111000011... 100          0.0055237566
    7: 1111010001111011011100001110101111000001... 96           0.0052996176
    8: 1111010001111011011100001110001111000000... 98           0.0054328742
    9: 1111010001111011011100001110101111000001... 100          0.0054383703

Pickling population to: genetic_alg_settings_population_end.pkl

Hall of Fame:
Index: Selected                                    #Selected    CV          
----------------------------------------------------------------------------------------------------
    0: 1111010001111011011000001110101111000001... 98           0.0052640844
    1: 1111010001111011011100001110101111000000... 99           0.0052787687
    2: 1111010001111011011100001110101111000101... 96           0.0052900793
    3: 1111010001111011011100001110101111000001... 96           0.0052996176
    4: 1111010001111011011000001110100111000001... 98           0.0053080925
    5: 1111010001111011011100001110101111000001... 100          0.0053290926
    6: 1111010001111011011100001110101111000001... 94           0.0053300796
    7: 1111010001111011011100001110101111000001... 99           0.0053348532
    8: 1111010001111011011100001110101111000001... 94           0.0053438708
    9: 1111010011111011011100001110101111000001... 97           0.0053459339

Pickling Hall of Fame to: genetic_alg_settings_evolve_halloffame.pkl
Begin 7 of 20 repetitions
Begin 20 generations
gen	nevals	avg       	std        	min       	max       
0  	0     	0.00544134	8.89582e-05	0.00527877	0.00555221
1  	10    	0.00552527	0.000161045	0.00527695	0.00590928
2  	10    	0.00555092	8.81733e-05	0.00533578	0.00563641
3  	10    	0.0056126 	0.000233094	0.00540336	0.00625764
4  	10    	0.0058136 	0.000376563	0.00550153	0.0067015 
5  	10    	0.00565172	0.000121229	0.0054606 	0.00592482
6  	10    	0.0056471 	0.000207486	0.00545196	0.00613635
7  	10    	0.00565683	0.000250248	0.00540854	0.00629936
8  	10    	0.00550076	9.25772e-05	0.00535622	0.0056667 
9  	10    	0.00556657	9.52684e-05	0.00544423	0.00576157
10 	10    	0.00561411	0.000139681	0.00536695	0.00589632
11 	10    	0.00553156	0.000100193	0.00538342	0.00567627
12 	10    	0.00547454	8.62759e-05	0.00531002	0.00562375
13 	10    	0.00554608	0.000130709	0.00534964	0.00585182
14 	10    	0.00550627	0.000104412	0.00540983	0.00573869
15 	10    	0.00551509	0.000130377	0.00536999	0.00578859
16 	10    	0.00546499	6.61059e-05	0.00534166	0.00555551
17 	10    	0.00553286	0.000201684	0.00532056	0.00609205
18 	10    	0.00547106	0.000130006	0.00529249	0.00575331
19 	10    	0.00548783	0.000100949	0.00535881	0.00563418
20 	10    	0.00539318	5.83038e-05	0.00529841	0.00547256
Runtime: 5.728813434001495 (s)


Final population:
Index: Selected                                    #Selected    CV          
----------------------------------------------------------------------------------------------------
    0: 1111010011111110011100001110101111010101... 100          0.0053118253
    1: 1111010011111110011100001110101111010001... 98           0.0054600374
    2: 1111010011111010001100001110101111000001... 99           0.0053908527
    3: 1111010011111010001100001110101111000001... 100          0.0052984085
    4: 1111010011111010001000001110101111000001... 96           0.0054725597
    5: 1111010011011010001100001110101111000001... 96           0.0054017372
    6: 1111010011111010011100001110101111000001... 100          0.005372438 
    7: 1111010011111110001100001110101111010101... 100          0.005351797 
    8: 1111010011111010001100001110101111000001... 97           0.0054067856
    9: 1111010011111010001000001110101111000001... 94           0.0054653983

Pickling population to: genetic_alg_settings_population_end.pkl

Hall of Fame:
Index: Selected                                    #Selected    CV          
----------------------------------------------------------------------------------------------------
    0: 1111010001111011011000001110101111000001... 98           0.0052640844
    1: 1111010001111011011100001110101111000001... 100          0.0052769539
    2: 1111010001111011011100001110101111000000... 99           0.0052787687
    3: 1111010001111011011100001110101111000101... 96           0.0052900793
    4: 1111010011111010001100001110101111000001... 95           0.0052924895
    5: 1111010011111010001100001110101111000001... 100          0.0052984085
    6: 1111010001111011011100001110101111000001... 96           0.0052996176
    7: 1111010001111011011000001110100111000001... 98           0.0053080925
    8: 1111010011111110011100001110101111000001... 98           0.0053100248
    9: 1111010011111110011100001110101111010101... 100          0.0053118253

Pickling Hall of Fame to: genetic_alg_settings_evolve_halloffame.pkl
Begin 8 of 20 repetitions
Begin 20 generations
gen	nevals	avg       	std        	min       	max       
0  	0     	0.00539318	5.83038e-05	0.00529841	0.00547256
1  	10    	0.0056089 	0.000238234	0.00540104	0.0062515 
2  	10    	0.00549864	0.000138321	0.00539173	0.00581985
3  	10    	0.00550397	0.000169022	0.00537742	0.00597902
4  	10    	0.00561218	0.000212388	0.00544374	0.00619573
5  	10    	0.00552631	0.000150887	0.00535132	0.00589268
6  	10    	0.0055049 	0.000102273	0.00535097	0.00572358
7  	10    	0.00563796	0.000115686	0.00546048	0.00584739
8  	10    	0.005734  	0.000312504	0.00536727	0.00657139
9  	10    	0.00568224	0.000356421	0.00542437	0.00660574
10 	10    	0.00563763	0.000309836	0.0054383 	0.00652279
11 	10    	0.00559651	7.67124e-05	0.00551436	0.00578789
12 	10    	0.005594  	0.000150171	0.00539499	0.00592076
13 	10    	0.00561368	0.000344725	0.00534375	0.00659679
14 	10    	0.00553643	8.77253e-05	0.00540363	0.00575578
15 	10    	0.00556147	0.000142173	0.00541754	0.00591238
16 	10    	0.0056307 	0.000227446	0.00536246	0.00605683
17 	10    	0.00557952	0.000119137	0.00546162	0.00578376
18 	10    	0.00556806	0.000139182	0.00543984	0.00586975
19 	10    	0.00556955	0.00010261 	0.00541398	0.0057368 
20 	10    	0.00575535	0.000347793	0.0054332 	0.00648524
Runtime: 5.736938916001236 (s)


Final population:
Index: Selected                                    #Selected    CV          
----------------------------------------------------------------------------------------------------
    0: 1111001011110110011100011110101111000100... 100          0.0055226034
    1: 1111011011010110011100001110101111000101... 96           0.0056584528
    2: 1110011011010110011100001110101111010100... 100          0.0064852437
    3: 1111011011010110011100001110101111000100... 100          0.0055135966
    4: 1111011011010110011100001110101101000101... 99           0.0055110942
    5: 1111011011110110011100001110101101001100... 97           0.0055904386
    6: 1111011011110110011100001110101111000101... 98           0.0055353452
    7: 1111011011010110011100000110101111000100... 100          0.0061790486
    8: 1111011011110110011100001110101111000100... 94           0.0054331958
    9: 1111011011100110011100001110101101000101... 100          0.0061245239

Pickling population to: genetic_alg_settings_population_end.pkl

Hall of Fame:
Index: Selected                                    #Selected    CV          
----------------------------------------------------------------------------------------------------
    0: 1111010001111011011000001110101111000001... 98           0.0052640844
    1: 1111010001111011011100001110101111000001... 100          0.0052769539
    2: 1111010001111011011100001110101111000000... 99           0.0052787687
    3: 1111010001111011011100001110101111000101... 96           0.0052900793
    4: 1111010011111010001100001110101111000001... 95           0.0052924895
    5: 1111010011111010001100001110101111000001... 100          0.0052984085
    6: 1111010001111011011100001110101111000001... 96           0.0052996176
    7: 1111010001111011011000001110100111000001... 98           0.0053080925
    8: 1111010011111110011100001110101111000001... 98           0.0053100248
    9: 1111010011111110011100001110101111010101... 100          0.0053118253

Pickling Hall of Fame to: genetic_alg_settings_evolve_halloffame.pkl
Begin 9 of 20 repetitions
Begin 20 generations
gen	nevals	avg       	std        	min      	max       
0  	0     	0.00575535	0.000347793	0.0054332	0.00648524
1  	10    	0.00560326	0.000154104	0.00540271	0.0060115 
2  	10    	0.00558298	5.23065e-05	0.0055177 	0.00565555
3  	10    	0.00566971	0.000117725	0.00544336	0.00587941
4  	10    	0.0056699 	0.000149576	0.00548044	0.00595734
5  	10    	0.0056062 	0.000174531	0.00536054	0.00600731
6  	10    	0.00559941	0.000315858	0.00538695	0.00647024
7  	10    	0.00552861	0.000165947	0.00532545	0.00597429
8  	10    	0.00565279	0.000343006	0.00539527	0.00661708
9  	10    	0.00569003	0.000285813	0.0053645 	0.00646092
10 	10    	0.00565385	0.000159596	0.00546029	0.0059414 
11 	10    	0.00561808	0.000111959	0.00547366	0.00579921
12 	10    	0.00555578	0.000112277	0.00540052	0.00579257
13 	10    	0.00563023	0.000109395	0.00539377	0.00579807
14 	10    	0.00556557	0.000166972	0.00533936	0.00596761
15 	10    	0.00550325	0.000242746	0.00529009	0.00618992
16 	10    	0.00548494	9.04602e-05	0.00536908	0.00563557
17 	10    	0.00551058	0.000102416	0.00529448	0.00570722
18 	10    	0.0055507 	0.000191628	0.00529956	0.0059375 
19 	10    	0.00567299	0.000218139	0.00540055	0.00598608
20 	10    	0.00550733	0.000126943	0.00531751	0.00582431
Runtime: 5.725147418997949 (s)


Final population:
Index: Selected                                    #Selected    CV          
----------------------------------------------------------------------------------------------------
    0: 1111011011110110001100001111111110000000... 99           0.0055542672
    1: 1111011011110110011000001110111110000000... 95           0.0054902292
    2: 1111011011110110001100001110111110000000... 100          0.005464263 
    3: 1111011011110110001000001011101110000000... 96           0.0053175115
    4: 1111011011110110001100001011111110000100... 98           0.0054066108
    5: 1111011011110110001000001111111110000000... 100          0.0055134871
    6: 1111011011110110001100001111111110000100... 100          0.0058243086
    7: 1111011011110110001100001111011110000100... 99           0.0054531276
    8: 1111011011110110001100001111111110000100... 99           0.0054674888
    9: 1111011011110110001000001110111110000000... 96           0.0055820364

Pickling population to: genetic_alg_settings_population_end.pkl

Hall of Fame:
Index: Selected                                    #Selected    CV          
----------------------------------------------------------------------------------------------------
    0: 1111010001111011011000001110101111000001... 98           0.0052640844
    1: 1111010001111011011100001110101111000001... 100          0.0052769539
    2: 1111010001111011011100001110101111000000... 99           0.0052787687
    3: 1111010001111011011100001110101111000101... 96           0.0052900793
    4: 1111001011110110001100001110101110000100... 99           0.0052900873
    5: 1111010011111010001100001110101111000001... 95           0.0052924895
    6: 1111011011111110001000001110111110000000... 100          0.0052944788
    7: 1111010011111010001100001110101111000001... 100          0.0052984085
    8: 1111011011110110001100001111111110000000... 100          0.0052995588
    9: 1111010001111011011100001110101111000001... 96           0.0052996176

Pickling Hall of Fame to: genetic_alg_settings_evolve_halloffame.pkl
Begin 10 of 20 repetitions
Begin 20 generations
gen	nevals	avg       	std        	min       	max       
0  	0     	0.00550733	0.000126943	0.00531751	0.00582431
1  	10    	0.00552921	0.000101684	0.00540344	0.0057774 
2  	10    	0.00552521	8.65072e-05	0.00538109	0.00573137
3  	10    	0.00550523	0.000122147	0.00534613	0.0057154 
4  	10    	0.00561773	0.00023864 	0.00536809	0.00618496
5  	10    	0.00546025	9.52956e-05	0.00533404	0.0056859 
6  	10    	0.00547906	0.00025025 	0.00528321	0.00619195
7  	10    	0.00565777	0.000289757	0.00535762	0.00630694
8  	10    	0.00556962	0.000171145	0.00540169	0.00582051
9  	10    	0.00547007	7.98941e-05	0.00536203	0.00559591
10 	10    	0.00543803	9.17896e-05	0.0053063 	0.0056512 
11 	10    	0.00542829	7.37275e-05	0.00530638	0.00556659
12 	10    	0.00559901	0.000278967	0.00537341	0.00623664
13 	10    	0.00555411	0.000162617	0.00535733	0.00584441
14 	10    	0.00556913	0.000226319	0.00531974	0.00614475
15 	10    	0.00551069	9.48997e-05	0.00539789	0.00568954
16 	10    	0.00554718	0.000137846	0.0053313 	0.00580774
17 	10    	0.00561815	0.000227048	0.00535235	0.00624948
18 	10    	0.0056195 	0.000246886	0.00536385	0.00623947
19 	10    	0.00553934	6.95004e-05	0.00542954	0.00566539
20 	10    	0.00554952	0.000183643	0.00536483	0.00606118
Runtime: 5.7419477040020865 (s)


Final population:
Index: Selected                                    #Selected    CV          
----------------------------------------------------------------------------------------------------
    0: 1111001011110110001100001010111110001000... 100          0.0060611824
    1: 1111001011110110001100001010101110001000... 100          0.005364833 
    2: 1111001011110110001100001011111110000000... 97           0.0055059941
    3: 1111001011110110001100001011111110000000... 95           0.0054628162
    4: 1111001011110110001100001010111111000000... 94           0.0055452845
    5: 1111001011110110011100001010110110001000... 100          0.0055701992
    6: 1111001011110110001100001010111110000000... 99           0.0055501808
    7: 1111001011110110001100001011111110001000... 96           0.005537295 
    8: 1111001011110110000100001011111110001000... 99           0.005522935 
    9: 1111001011110110001100001011111110000000... 96           0.005374515 

Pickling population to: genetic_alg_settings_population_end.pkl

Hall of Fame:
Index: Selected                                    #Selected    CV          
----------------------------------------------------------------------------------------------------
    0: 1111010001111011011000001110101111000001... 98           0.0052640844
    1: 1111010001111011011100001110101111000001... 100          0.0052769539
    2: 1111010001111011011100001110101111000000... 99           0.0052787687
    3: 1111011011110110001100001011111110000000... 99           0.0052832082
    4: 1111010001111011011100001110101111000101... 96           0.0052900793
    5: 1111001011110110001100001110101110000100... 99           0.0052900873
    6: 1111010011111010001100001110101111000001... 95           0.0052924895
    7: 1111011011111110001000001110111110000000... 100          0.0052944788
    8: 1111010011111010001100001110101111000001... 100          0.0052984085
    9: 1111011011110110001100001111111110000000... 100          0.0052995588

Pickling Hall of Fame to: genetic_alg_settings_evolve_halloffame.pkl
Begin 11 of 20 repetitions
Begin 20 generations
gen	nevals	avg       	std        	min       	max       
0  	0     	0.00554952	0.000183643	0.00536483	0.00606118
1  	10    	0.00551307	0.000148917	0.00533557	0.00586962
2  	10    	0.00564578	0.00026203 	0.00538459	0.00619868
3  	10    	0.00553008	0.000130735	0.00537691	0.00580308
4  	10    	0.00567509	0.000360026	0.00533199	0.00628767
5  	10    	0.00553003	0.000147401	0.00535235	0.00581858
6  	10    	0.00546064	7.72464e-05	0.00537088	0.00560185
7  	10    	0.00557984	0.000212116	0.0053661 	0.00615765
8  	10    	0.00544317	6.21163e-05	0.00534047	0.00556144
9  	10    	0.00548653	0.000133203	0.00529536	0.00583099
10 	10    	0.00561094	0.00025702 	0.00530701	0.00609647
11 	10    	0.00563931	0.000320622	0.00533946	0.00647403
12 	10    	0.00543769	4.74821e-05	0.00536031	0.00552198
13 	10    	0.00552534	0.00014826 	0.00532916	0.00587194
14 	10    	0.00558026	0.000188821	0.00542851	0.00611095
15 	10    	0.00552328	9.85028e-05	0.00532423	0.00572352
16 	10    	0.00562665	0.000207657	0.00542444	0.00616916
17 	10    	0.00577855	0.000334475	0.0054622 	0.00641969
18 	10    	0.00560647	0.00011606 	0.00541432	0.00581522
19 	10    	0.00566631	0.000190431	0.00549289	0.00616809
20 	10    	0.00555213	5.57358e-05	0.0054322 	0.0056277 
Runtime: 5.736628517999634 (s)


Final population:
Index: Selected                                    #Selected    CV          
----------------------------------------------------------------------------------------------------
    0: 1111001011100110001110001011101110001000... 97           0.0055568559
    1: 1111001011100111001100101011101110000000... 91           0.0054968755
    2: 1111001010100111001100001011101110000000... 90           0.0055450155
    3: 1111001011100111001100001011101110000000... 92           0.0055287948
    4: 1111001011100110001100001011101110001000... 97           0.0055885974
    5: 1111001011100110000100001011101110100000... 95           0.0056003818
    6: 1111001011100110001000001011101110000000... 91           0.005627703 
    7: 1111001010110111001100001011101110000000... 95           0.0054321964
    8: 1111001011100111001000001011101110000000... 96           0.0055349317
    9: 1111001010110110001100001011101110000000... 89           0.005609966 

Pickling population to: genetic_alg_settings_population_end.pkl

Hall of Fame:
Index: Selected                                    #Selected    CV          
----------------------------------------------------------------------------------------------------
    0: 1111010001111011011000001110101111000001... 98           0.0052640844
    1: 1111010001111011011100001110101111000001... 100          0.0052769539
    2: 1111010001111011011100001110101111000000... 99           0.0052787687
    3: 1111011011110110001100001011111110000000... 99           0.0052832082
    4: 1111010001111011011100001110101111000101... 96           0.0052900793
    5: 1111001011110110001100001110101110000100... 99           0.0052900873
    6: 1111010011111010001100001110101111000001... 95           0.0052924895
    7: 1111011011111110001000001110111110000000... 100          0.0052944788
    8: 1111001011110110001100001011101110000001... 98           0.0052953601
    9: 1111010011111010001100001110101111000001... 100          0.0052984085

Pickling Hall of Fame to: genetic_alg_settings_evolve_halloffame.pkl
Begin 12 of 20 repetitions
Begin 20 generations
gen	nevals	avg       	std        	min      	max      
0  	0     	0.00555213	5.57358e-05	0.0054322	0.0056277
1  	10    	0.0055959 	0.000155737	0.00539936	0.00597824
2  	10    	0.00560819	0.000124152	0.00548597	0.00588335
3  	10    	0.00559758	5.79081e-05	0.00550051	0.00568837
4  	10    	0.00570885	0.000249846	0.00545375	0.00631165
5  	10    	0.00569805	0.00012127 	0.00556312	0.00602392
6  	10    	0.00572866	0.000288041	0.00542571	0.00646996
7  	10    	0.00566665	0.000114043	0.00550559	0.00583636
8  	10    	0.00557406	8.88696e-05	0.00539153	0.00570588
9  	10    	0.00561278	0.000156857	0.00539906	0.00597783
10 	10    	0.00564074	0.000284139	0.00529729	0.00633628
11 	10    	0.00554745	0.000114639	0.00540951	0.00578074
12 	10    	0.00548534	9.04574e-05	0.00537911	0.00573245
13 	10    	0.00549002	6.83849e-05	0.00534829	0.00560146
14 	10    	0.00566655	0.000362968	0.00535145	0.00659259
15 	10    	0.00564121	0.000254791	0.00526943	0.00607223
16 	10    	0.00547329	0.000132991	0.00535663	0.0058157 
17 	10    	0.00545647	8.38205e-05	0.00538922	0.0056624 
18 	10    	0.00563047	0.000297902	0.00539891	0.0064548 
19 	10    	0.00556559	0.00021259 	0.00543904	0.00618719
20 	10    	0.00557455	0.000271263	0.00528331	0.0061633 
Runtime: 5.714155445002689 (s)


Final population:
Index: Selected                                    #Selected    CV          
----------------------------------------------------------------------------------------------------
    0: 1111001011111111001100001011101110000010... 96           0.0052833089
    1: 1111001011110111001100001011100110001010... 95           0.0055853334
    2: 1111001011111111001100001011101110101000... 96           0.005382913 
    3: 1111001011100111001100001011101110001010... 100          0.0054292391
    4: 1111001011110111001100001011101110001000... 97           0.0055695289
    5: 1111001011110111001100001011101110000010... 99           0.0055733503
    6: 1111001010111011001100001011101110001010... 100          0.0059895786
    7: 1111001011110111001100000011101110000010... 95           0.0061633039
    8: 1111001011111111001100001011101110000010... 97           0.0054151556
    9: 1111001011110111001100001011101110001010... 92           0.0053537673

Pickling population to: genetic_alg_settings_population_end.pkl

Hall of Fame:
Index: Selected                                    #Selected    CV          
----------------------------------------------------------------------------------------------------
    0: 1111010001111011011000001110101111000001... 98           0.0052640844
    1: 1111001011111111001100001011101110000000... 96           0.0052694297
    2: 1111010001111011011100001110101111000001... 100          0.0052769539
    3: 1111010001111011011100001110101111000000... 99           0.0052787687
    4: 1111011011110110001100001011111110000000... 99           0.0052832082
    5: 1111001011111111001100001011101110000010... 96           0.0052833089
    6: 1111010001111011011100001110101111000101... 96           0.0052900793
    7: 1111001011110110001100001110101110000100... 99           0.0052900873
    8: 1111010011111010001100001110101111000001... 95           0.0052924895
    9: 1111011011111110001000001110111110000000... 100          0.0052944788

Pickling Hall of Fame to: genetic_alg_settings_evolve_halloffame.pkl
Begin 13 of 20 repetitions
Begin 20 generations
gen	nevals	avg       	std        	min       	max      
0  	0     	0.00557455	0.000271263	0.00528331	0.0061633
1  	10    	0.00558315	0.000186971	0.00541162	0.0060834
2  	10    	0.00564524	0.000324126	0.00536779	0.00648986
3  	10    	0.00547806	9.46726e-05	0.00531707	0.00565979
4  	10    	0.00569719	0.000479532	0.00532788	0.00699572
5  	10    	0.00547051	8.47068e-05	0.00534364	0.00565605
6  	10    	0.00545931	5.94281e-05	0.00538033	0.00560934
7  	10    	0.0054946 	0.000116924	0.00529114	0.00569493
8  	10    	0.00547945	0.000135337	0.0053397 	0.00583387
9  	10    	0.00555556	0.000301265	0.00539812	0.00644866
10 	10    	0.00555015	0.000151064	0.00537557	0.00585574
11 	10    	0.00560398	0.000234852	0.00533663	0.00617859
12 	10    	0.00552641	0.000110072	0.00538427	0.00571401
13 	10    	0.0055394 	0.000150255	0.00536275	0.0059103 
14 	10    	0.00553055	8.24454e-05	0.0054331 	0.00571034
15 	10    	0.00556358	0.000132637	0.00535347	0.00584664
16 	10    	0.00555533	0.000186614	0.00530701	0.00600606
17 	10    	0.00564007	0.000183416	0.00538994	0.00601599
18 	10    	0.00566304	0.000163347	0.005416  	0.00598145
19 	10    	0.0056625 	0.000160173	0.00548034	0.00597385
20 	10    	0.00559699	0.000120726	0.00537762	0.00577135
Runtime: 5.739628583000012 (s)


Final population:
Index: Selected                                    #Selected    CV          
----------------------------------------------------------------------------------------------------
    0: 1111001011111111001100001111101110000000... 94           0.0056620378
    1: 1111001011111111001100001011100110010010... 100          0.0057713483
    2: 1111000011111111001100001111101110010010... 96           0.0056079647
    3: 1111001011111011001100001111001110000000... 95           0.0054872597
    4: 1111001011111111001100001111101110000010... 99           0.0057174979
    5: 1111001010111111001100001111101110000010... 97           0.0056618534
    6: 1111001011011111000100001011101110010000... 95           0.0056607673
    7: 1111001011111111011100001111101110000000... 100          0.0054295879
    8: 1111001011111111000100001011001110010010... 100          0.0055939446
    9: 1111001011011111001000001011101110010010... 94           0.0053776165

Pickling population to: genetic_alg_settings_population_end.pkl

Hall of Fame:
Index: Selected                                    #Selected    CV          
----------------------------------------------------------------------------------------------------
    0: 1111010001111011011000001110101111000001... 98           0.0052640844
    1: 1111001011111111001100001011101110000000... 96           0.0052694297
    2: 1111010001111011011100001110101111000001... 100          0.0052769539
    3: 1111010001111011011100001110101111000000... 99           0.0052787687
    4: 1111011011110110001100001011111110000000... 99           0.0052832082
    5: 1111001011111111001100001011101110000010... 96           0.0052833089
    6: 1111010001111011011100001110101111000101... 96           0.0052900793
    7: 1111001011110110001100001110101110000100... 99           0.0052900873
    8: 1111001011111111001100001011101110000010... 96           0.0052911402
    9: 1111010011111010001100001110101111000001... 95           0.0052924895

Pickling Hall of Fame to: genetic_alg_settings_evolve_halloffame.pkl
Begin 14 of 20 repetitions
Begin 20 generations
gen	nevals	avg       	std        	min       	max       
0  	0     	0.00559699	0.000120726	0.00537762	0.00577135
1  	10    	0.00555136	0.000114756	0.00539452	0.00583471
2  	10    	0.00561059	0.000313481	0.00537662	0.00647423
3  	10    	0.00556845	0.000163371	0.00539198	0.00594792
4  	10    	0.00554033	7.97876e-05	0.00541075	0.00567142
5  	10    	0.00554876	0.000105497	0.0054308 	0.00573831
6  	10    	0.00571187	0.000258843	0.00544486	0.00623548
7  	10    	0.00558857	8.94943e-05	0.00548859	0.00573496
8  	10    	0.00554136	5.66376e-05	0.00542182	0.00563281
9  	10    	0.00557654	0.0001172  	0.00542875	0.00587841
10 	10    	0.00556584	0.000160915	0.00533749	0.00593864
11 	10    	0.00559535	0.000107583	0.00537197	0.00575981
12 	10    	0.00567636	0.000176258	0.00545445	0.00603645
13 	10    	0.00560392	0.000142344	0.00545928	0.00590385
14 	10    	0.00573267	0.000327577	0.00541854	0.00657869
15 	10    	0.00552846	0.000110222	0.00536423	0.0057476 
16 	10    	0.00554713	0.000205448	0.00537145	0.00612294
17 	10    	0.00557897	0.000310081	0.00536412	0.00648618
18 	10    	0.00553962	0.000110361	0.0053585 	0.00570614
19 	10    	0.0055017 	7.22017e-05	0.0054266 	0.00569017
20 	10    	0.00553857	0.000127834	0.00535333	0.00582416
Runtime: 5.729521241999464 (s)


Final population:
Index: Selected                                    #Selected    CV          
----------------------------------------------------------------------------------------------------
    0: 1111101011011011000110001011101100110000... 98           0.0055093621
    1: 1111101011011011000110001011101100110000... 99           0.0054780962
    2: 1111001011011011001110001010001100110000... 96           0.0056178318
    3: 1111101011011011000100001011101100010000... 96           0.0053533297
    4: 1111101011011011000100101011101101110000... 99           0.0056637724
    5: 1111101011011011000110001011001100110000... 95           0.0055482204
    6: 1111001011111011000100001011001100110000... 98           0.0058241594
    7: 1111101011011011000100001011001100010000... 88           0.0054764275
    8: 1111001011011011000100001011001100010000... 91           0.0054131507
    9: 1111101011011011000100001011101100110000... 94           0.0055013229

Pickling population to: genetic_alg_settings_population_end.pkl

Hall of Fame:
Index: Selected                                    #Selected    CV          
----------------------------------------------------------------------------------------------------
    0: 1111010001111011011000001110101111000001... 98           0.0052640844
    1: 1111001011111111001100001011101110000000... 96           0.0052694297
    2: 1111010001111011011100001110101111000001... 100          0.0052769539
    3: 1111010001111011011100001110101111000000... 99           0.0052787687
    4: 1111011011110110001100001011111110000000... 99           0.0052832082
    5: 1111001011111111001100001011101110000010... 96           0.0052833089
    6: 1111010001111011011100001110101111000101... 96           0.0052900793
    7: 1111001011110110001100001110101110000100... 99           0.0052900873
    8: 1111001011111111001100001011101110000010... 96           0.0052911402
    9: 1111010011111010001100001110101111000001... 95           0.0052924895

Pickling Hall of Fame to: genetic_alg_settings_evolve_halloffame.pkl
Begin 15 of 20 repetitions
Begin 20 generations
gen	nevals	avg       	std        	min       	max       
0  	0     	0.00553857	0.000127834	0.00535333	0.00582416
1  	10    	0.00560359	0.000213746	0.00541241	0.00609362
2  	10    	0.00552621	0.000111899	0.00540343	0.00575959
3  	10    	0.0055025 	9.24882e-05	0.00531859	0.00568693
4  	10    	0.00562377	0.000305983	0.00538133	0.00639524
5  	10    	0.00559007	0.000196925	0.00542118	0.00595529
6  	10    	0.00558044	0.000160013	0.00535485	0.00582814
7  	10    	0.00565811	0.000277468	0.00534616	0.00636044
8  	10    	0.00570459	0.000262405	0.00535338	0.00624694
9  	10    	0.00552357	0.000141113	0.00522122	0.00576897
10 	10    	0.00560299	0.00030548 	0.00540504	0.00649783
11 	10    	0.00561703	0.000254744	0.00537227	0.00630943
12 	10    	0.00561648	0.000169446	0.00540357	0.00589793
13 	10    	0.00553262	0.000115332	0.00539892	0.00578114
14 	10    	0.00556845	0.00011095 	0.00542013	0.00581481
15 	10    	0.00558402	0.000177513	0.00540223	0.00603682
16 	10    	0.00563033	0.00019307 	0.00535396	0.00594942
17 	10    	0.00553108	0.000134428	0.00537257	0.00582884
18 	10    	0.00557387	0.000194397	0.00535989	0.00602441
19 	10    	0.00553745	8.32982e-05	0.00539078	0.00565859
20 	10    	0.00557727	9.20494e-05	0.00539804	0.00575249
Runtime: 5.717312314998708 (s)


Final population:
Index: Selected                                    #Selected    CV          
----------------------------------------------------------------------------------------------------
    0: 1111111001011011100100001010001100010000... 99           0.005571974 
    1: 1111111011011011100110001010001110010000... 100          0.0055368526
    2: 1111111011011011100100001010000100011000... 99           0.0056293772
    3: 1111111011011011000100001010001100010000... 98           0.0055066082
    4: 1111111011011011100100001010001100010000... 100          0.0055355973
    5: 1111111011011011100110001010001100010000... 96           0.0056798485
    6: 1111111011011011100110001010001100000000... 99           0.0053980413
    7: 1111111011011011100100001010000110010000... 99           0.0055697692
    8: 1111101011011011100100001010001100010000... 100          0.0055921345
    9: 1111111011011001100100001010001100010000... 96           0.0057524895

Pickling population to: genetic_alg_settings_population_end.pkl

Hall of Fame:
Index: Selected                                    #Selected    CV          
----------------------------------------------------------------------------------------------------
    0: 1111111011011011100100001010101100011000... 100          0.0052212231
    1: 1111010001111011011000001110101111000001... 98           0.0052640844
    2: 1111001011111111001100001011101110000000... 96           0.0052694297
    3: 1111010001111011011100001110101111000001... 100          0.0052769539
    4: 1111010001111011011100001110101111000000... 99           0.0052787687
    5: 1111011011110110001100001011111110000000... 99           0.0052832082
    6: 1111001011111111001100001011101110000010... 96           0.0052833089
    7: 1111010001111011011100001110101111000101... 96           0.0052900793
    8: 1111001011110110001100001110101110000100... 99           0.0052900873
    9: 1111001011111111001100001011101110000010... 96           0.0052911402

Pickling Hall of Fame to: genetic_alg_settings_evolve_halloffame.pkl
Begin 16 of 20 repetitions
Begin 20 generations
gen	nevals	avg       	std        	min       	max       
0  	0     	0.00557727	9.20494e-05	0.00539804	0.00575249
1  	10    	0.00560945	0.000126371	0.00546146	0.00585154
2  	10    	0.00571575	0.000216719	0.00539541	0.00606021
3  	10    	0.00561227	0.000151019	0.00540144	0.00583807
4  	10    	0.00555567	0.000198045	0.00538707	0.00601036
5  	10    	0.00554157	0.000223844	0.00531869	0.00614305
6  	10    	0.00549478	0.000120659	0.00532873	0.00575549
7  	10    	0.00542163	9.62059e-05	0.00525579	0.00563114
8  	10    	0.00544121	0.000102852	0.0052753 	0.00560063
9  	10    	0.00553409	0.00020341 	0.0053427 	0.00606567
10 	10    	0.00548816	0.000121075	0.00530326	0.00571735
11 	10    	0.00558738	0.000294328	0.00534191	0.00618023
12 	10    	0.00543293	0.00011458 	0.0052499 	0.00561759
13 	10    	0.00556064	0.000157341	0.00534775	0.0058388 
14 	10    	0.00551901	0.000119119	0.00534393	0.00580026
15 	10    	0.0055764 	0.000139165	0.00542646	0.00583324
16 	10    	0.00547965	0.000147122	0.00527767	0.00577972
17 	10    	0.00543479	0.000127448	0.00523909	0.00565784
18 	10    	0.00544422	0.000139639	0.00525669	0.00565132
19 	10    	0.00549331	0.000119397	0.00526385	0.00568541
20 	10    	0.00552418	0.000136945	0.00535573	0.00583386
Runtime: 5.710597968001821 (s)


Final population:
Index: Selected                                    #Selected    CV          
----------------------------------------------------------------------------------------------------
    0: 1111011011011011101100101010001100010000... 100          0.0053879964
    1: 1111010011001010001010101010001100010000... 96           0.0055937371
    2: 1111011011001011001010101010001100010000... 100          0.0058338595
    3: 1111011011001011001010101010001100010000... 100          0.0054868325
    4: 1111011011011011100010111010001100010000... 98           0.0054767054
    5: 1111011111011011101000101010001100010000... 100          0.0054649122
    6: 1111010011011010101000101010001100010000... 94           0.0054033621
    7: 1111010011011010101000101010001100010000... 93           0.0053557303
    8: 1111011010011011101110101010001000010000... 100          0.0056163696
    9: 1111011011001011001010101010001100010000... 100          0.005622262 

Pickling population to: genetic_alg_settings_population_end.pkl

Hall of Fame:
Index: Selected                                    #Selected    CV          
----------------------------------------------------------------------------------------------------
    0: 1111111011011011100100001010101100011000... 100          0.0052212231
    1: 1111011011011011100010101010001100010000... 99           0.0052390853
    2: 1111111011011011100010101010001100010000... 98           0.0052498951
    3: 1111011011011011100110101010001100010000... 95           0.0052557876
    4: 1111011111011011101000101010001100010000... 100          0.0052566923
    5: 1111010011011010101000101010001100010000... 94           0.0052638519
    6: 1111010001111011011000001110101111000001... 98           0.0052640844
    7: 1111001011111111001100001011101110000000... 96           0.0052694297
    8: 1111111011011011100010101010001100010000... 95           0.0052752954
    9: 1111010001111011011100001110101111000001... 100          0.0052769539

Pickling Hall of Fame to: genetic_alg_settings_evolve_halloffame.pkl
Begin 17 of 20 repetitions
Begin 20 generations
gen	nevals	avg       	std        	min       	max       
0  	0     	0.00552418	0.000136945	0.00535573	0.00583386
1  	10    	0.00548769	0.000180472	0.00523152	0.00584203
2  	10    	0.00538826	5.62177e-05	0.00529033	0.00548726
3  	10    	0.00542068	0.000153791	0.00526114	0.00582   
4  	10    	0.0053879 	0.000139256	0.00526849	0.0057345 
5  	10    	0.0053582 	7.63545e-05	0.00524916	0.00547983
6  	10    	0.00532206	7.30126e-05	0.0052315 	0.00550456
7  	10    	0.0053243 	6.11665e-05	0.0052503 	0.00546601
8  	10    	0.00541855	0.000216373	0.00522853	0.00587501
9  	10    	0.00533381	8.96609e-05	0.00516611	0.00547711
10 	10    	0.00533415	6.54165e-05	0.00523863	0.00543285
11 	10    	0.00532956	7.46199e-05	0.00522765	0.00550346
12 	10    	0.00535423	0.000167312	0.00522083	0.00581832
13 	10    	0.00540949	0.000166071	0.00521643	0.00583867
14 	10    	0.00534493	3.36184e-05	0.0052839 	0.00538293
15 	10    	0.00537446	7.35422e-05	0.00525952	0.00550343
16 	10    	0.00547694	0.000245096	0.00532012	0.00617857
17 	10    	0.00554095	0.000594653	0.00523159	0.00731455
18 	10    	0.00536832	8.24129e-05	0.00523976	0.00548741
19 	10    	0.00562266	0.000645462	0.00533534	0.00755463
20 	10    	0.00544259	0.00020794 	0.00530275	0.00603408
Runtime: 5.773101605998818 (s)


Final population:
Index: Selected                                    #Selected    CV          
----------------------------------------------------------------------------------------------------
    0: 1111011111011010000000101010001100010000... 100          0.0053680419
    1: 1111010111011010101000101010011100110000... 99           0.0053355737
    2: 1111010111011010100000101010001100010000... 97           0.0053027549
    3: 1111010111011010001000101010011100010000... 95           0.0055368176
    4: 1111010111011010101000100010011100010000... 100          0.0060340816
    5: 1111011111011010100000101010001100110000... 99           0.0053097304
    6: 1111010111011010100000101010011100010000... 97           0.0054263071
    7: 1111010111011010001000101010001100010000... 98           0.0053226709
    8: 1111010101010010100000101010001100010000... 94           0.0053838595
    9: 1111011111011010101000101010011100010000... 98           0.005406018 

Pickling population to: genetic_alg_settings_population_end.pkl

Hall of Fame:
Index: Selected                                    #Selected    CV          
----------------------------------------------------------------------------------------------------
    0: 1111010111011010101000101010001100010010... 99           0.0051661097
    1: 1111010111011010101000101010111100010000... 99           0.0052164346
    2: 1111010111011010101000101010001100010000... 98           0.0052208284
    3: 1111111011011011100100001010101100011000... 100          0.0052212231
    4: 1111010111011010101000101010001100010000... 97           0.0052276486
    5: 1111010111011010101000101010001100010000... 100          0.0052279274
    6: 1111010111011010101000101010001100010000... 99           0.0052285309
    7: 1111010111011010101000101010001100010000... 98           0.0052297608
    8: 1111011111011010101000101010001100010100... 98           0.0052315043
    9: 1111011011011010101000101010001100010000... 99           0.005231516 

Pickling Hall of Fame to: genetic_alg_settings_evolve_halloffame.pkl
Begin 18 of 20 repetitions
Begin 20 generations
gen	nevals	avg       	std       	min       	max       
0  	0     	0.00544259	0.00020794	0.00530275	0.00603408
1  	10    	0.00540597	0.000173546	0.0051237 	0.00576942
2  	10    	0.00543813	0.000185957	0.00523625	0.00589477
3  	10    	0.00537209	0.000138947	0.00520697	0.00558198
4  	10    	0.00539068	0.000170802	0.00522926	0.00588887
5  	10    	0.00540253	0.000119554	0.00527034	0.0055676 
6  	10    	0.00550782	0.000204359	0.00525163	0.00582194
7  	10    	0.00539008	0.000108415	0.00519969	0.00562161
8  	10    	0.00542222	0.000139238	0.00523232	0.00574289
9  	10    	0.00552483	0.000228389	0.00530238	0.00612752
10 	10    	0.00542817	0.000135169	0.00529799	0.00572557
11 	10    	0.00553614	0.000259793	0.00536307	0.00625661
12 	10    	0.00550686	0.000159246	0.00538837	0.00597183
13 	10    	0.00548641	0.000151504	0.00526689	0.00575651
14 	10    	0.00543772	7.13274e-05	0.00533118	0.00559461
15 	10    	0.00554312	0.000238978	0.00527683	0.00605102
16 	10    	0.00563067	0.000183466	0.00542531	0.00596244
17 	10    	0.00553363	0.000103217	0.00542659	0.00580045
18 	10    	0.00556636	0.000112869	0.00546636	0.0057518 
19 	10    	0.00560032	0.000169134	0.00542724	0.00604116
20 	10    	0.0055487 	0.000125031	0.00539822	0.00580967
Runtime: 5.7464585050001915 (s)


Final population:
Index: Selected                                    #Selected    CV          
----------------------------------------------------------------------------------------------------
    0: 1111011011011010000000101010011100011000... 100          0.0054111055
    1: 1111111101011010000000101010010100011001... 93           0.0056742365
    2: 1111111011011010000000101010011000011000... 96           0.0058096709
    3: 1111111011011010100000101010011100011000... 99           0.0054533585
    4: 1111111111011010000000101010011100011000... 95           0.005530191 
    5: 1111110111011010000000101010011100011000... 90           0.0055373229
    6: 1111111111011010000100101010011100011000... 93           0.0055978419
    7: 1111011111011010100000101010011100011000... 97           0.0053982154
    8: 1111011111011010000000101010011100011000... 92           0.005440929 
    9: 1111111111011010000000101010010100011001... 95           0.0056341031

Pickling population to: genetic_alg_settings_population_end.pkl

Hall of Fame:
Index: Selected                                    #Selected    CV          
----------------------------------------------------------------------------------------------------
    0: 1111010111011010100000101010001100010000... 100          0.0051236952
    1: 1111010111011010101000101010001100010010... 99           0.0051661097
    2: 1111010111011010000000101010001100010000... 98           0.0051996912
    3: 1111010111011010100000101010001100010000... 100          0.0052069726
    4: 1111010111011010101000101010111100010000... 99           0.0052164346
    5: 1111010111011010101000101010001100010000... 98           0.0052208284
    6: 1111111011011011100100001010101100011000... 100          0.0052212231
    7: 1111010111011010101000101010011100010000... 99           0.0052235908
    8: 1111010111011010100000101010001100010000... 100          0.0052276247
    9: 1111010111011010101000101010001100010000... 97           0.0052276486

Pickling Hall of Fame to: genetic_alg_settings_evolve_halloffame.pkl
Begin 19 of 20 repetitions
Begin 20 generations
gen	nevals	avg      	std        	min       	max       
0  	0     	0.0055487	0.000125031	0.00539822	0.00580967
1  	10    	0.00556575	0.000120916	0.00535634	0.00580331
2  	10    	0.00555989	6.99563e-05	0.00545403	0.00568674
3  	10    	0.00562381	0.000123199	0.00544893	0.00590883
4  	10    	0.00565524	0.000126801	0.00545354	0.00584007
5  	10    	0.00560356	0.000100036	0.00544134	0.00578446
6  	10    	0.00564648	9.04739e-05	0.00554859	0.00580468
7  	10    	0.00559238	8.88847e-05	0.00544656	0.00575085
8  	10    	0.00563686	0.000115397	0.00546723	0.00585463
9  	10    	0.00573479	0.000271868	0.0054486 	0.00629822
10 	10    	0.00564867	0.000263355	0.00549116	0.00642328
11 	10    	0.0056692 	0.000181229	0.00545384	0.00597112
12 	10    	0.00564321	0.000156271	0.0054642 	0.0060112 
13 	10    	0.00559547	0.000139706	0.00541706	0.00596392
14 	10    	0.00562977	0.000199617	0.0053825 	0.00599517
15 	10    	0.00561497	0.000245597	0.00538001	0.00627132
16 	10    	0.00556512	0.000115023	0.00539488	0.00581998
17 	10    	0.00555808	7.19119e-05	0.00544564	0.00567402
18 	10    	0.00566319	0.00022484 	0.00530382	0.00613266
19 	10    	0.00566395	0.000264769	0.00534729	0.0063681 
20 	10    	0.00544032	8.94042e-05	0.00527947	0.00557753
Runtime: 5.797590449998097 (s)


Final population:
Index: Selected                                    #Selected    CV          
----------------------------------------------------------------------------------------------------
    0: 1111011011011010000000101010011110010000... 100          0.0054375465
    1: 1111001111011010000000101010011110010000... 100          0.0054464183
    2: 1111010111011010000000101010011110010000... 99           0.0054519731
    3: 1111011101011010000000101010011110011000... 99           0.0054123355
    4: 1111011111011010000000101010011110010000... 100          0.0055257762
    5: 1111011111011010000000101010011110011000... 97           0.0054914326
    6: 1111011111011010000000101010011110010000... 100          0.0052919795
    7: 1111011111011010000000101010011110010000... 100          0.0052794713
    8: 1111010101011010000000101010011110011000... 96           0.0055775324
    9: 1111011111011010000000101010011110111000... 100          0.0054887713

Pickling population to: genetic_alg_settings_population_end.pkl

Hall of Fame:
Index: Selected                                    #Selected    CV          
----------------------------------------------------------------------------------------------------
    0: 1111010111011010100000101010001100010000... 100          0.0051236952
    1: 1111010111011010101000101010001100010010... 99           0.0051661097
    2: 1111010111011010000000101010001100010000... 98           0.0051996912
    3: 1111010111011010100000101010001100010000... 100          0.0052069726
    4: 1111010111011010101000101010111100010000... 99           0.0052164346
    5: 1111010111011010101000101010001100010000... 98           0.0052208284
    6: 1111111011011011100100001010101100011000... 100          0.0052212231
    7: 1111010111011010101000101010011100010000... 99           0.0052235908
    8: 1111010111011010100000101010001100010000... 100          0.0052276247
    9: 1111010111011010101000101010001100010000... 97           0.0052276486

Pickling Hall of Fame to: genetic_alg_settings_evolve_halloffame.pkl
Begin 20 of 20 repetitions
Begin 20 generations
gen	nevals	avg       	std        	min       	max       
0  	0     	0.00544032	8.94042e-05	0.00527947	0.00557753
1  	10    	0.0055137 	0.000244455	0.00529846	0.00610302
2  	10    	0.00550881	0.000228321	0.00529156	0.00605758
3  	10    	0.00567211	0.000442433	0.00531795	0.00686295
4  	10    	0.00552077	0.000128119	0.0053705 	0.00582243
5  	10    	0.00562064	0.000172406	0.00534682	0.00592606
6  	10    	0.00558263	0.000169321	0.00541961	0.00603305
7  	10    	0.00570519	0.000296884	0.00539578	0.0063344 
8  	10    	0.00578092	0.000290811	0.00543632	0.00634273
9  	10    	0.0055817 	0.000102338	0.00546593	0.00574281
10 	10    	0.00559666	0.000297507	0.00538062	0.00645932
11 	10    	0.00567421	0.000191128	0.00535265	0.00592069
12 	10    	0.00557341	0.000197702	0.00534171	0.00600201
13 	10    	0.00547565	8.38613e-05	0.00536461	0.00564913
14 	10    	0.00542153	5.19911e-05	0.00535517	0.00554853
15 	10    	0.00545412	7.4714e-05 	0.00532634	0.00559027
16 	10    	0.00548352	8.72193e-05	0.00536181	0.00566394
17 	10    	0.0054327 	9.2886e-05 	0.00530455	0.00562007
18 	10    	0.00555418	0.000196641	0.00537396	0.00607593
19 	10    	0.00557413	0.000196924	0.00538892	0.00610009
20 	10    	0.00548355	0.000116968	0.00532387	0.00567975
Runtime: 5.784293319000426 (s)


Final population:
Index: Selected                                    #Selected    CV          
----------------------------------------------------------------------------------------------------
    0: 1111010101011010011001101010011110011001... 98           0.0053238719
    1: 1111010101011010011001101010011110011001... 100          0.0054325463
    2: 1111010101011010011001101010011110011001... 97           0.0054045706
    3: 1111010101011010011001101010001110011101... 100          0.0056797526
    4: 1111010101001010011001101010011110011001... 100          0.0056496501
    5: 1111010101011010011001101010011110011001... 100          0.0054703218
    6: 1111010101011010011000101010011110011000... 100          0.0056187924
    7: 1111010101011010011001101010011110011001... 97           0.0054536071
    8: 1111010101011010011001101010011110011001... 95           0.0053595705
    9: 1111010101011011011001101010011110111000... 100          0.0054427878

Pickling population to: genetic_alg_settings_population_end.pkl

Hall of Fame:
Index: Selected                                    #Selected    CV          
----------------------------------------------------------------------------------------------------
    0: 1111010111011010100000101010001100010000... 100          0.0051236952
    1: 1111010111011010101000101010001100010010... 99           0.0051661097
    2: 1111010111011010000000101010001100010000... 98           0.0051996912
    3: 1111010111011010100000101010001100010000... 100          0.0052069726
    4: 1111010111011010101000101010111100010000... 99           0.0052164346
    5: 1111010111011010101000101010001100010000... 98           0.0052208284
    6: 1111111011011011100100001010101100011000... 100          0.0052212231
    7: 1111010111011010101000101010011100010000... 99           0.0052235908
    8: 1111010111011010100000101010001100010000... 100          0.0052276247
    9: 1111010111011010101000101010001100010000... 97           0.0052276486

Pickling Hall of Fame to: genetic_alg_settings_evolve_halloffame.pkl
#   DONE  Runtime: 111.62386760599838 (s)

Adding statistics...
  DONE

Result:
Index: Selected                                    #Selected    CV           RMS          wRMS         Estimator                FeatureSelection         Note
--------------------------------------------------------------------------------------------------------------------------------------------------------------------
    0: 1111010111011010100000101010001100010000... 100          0.0051236952 0.0043872698 0.0043933742 LinearRegression         GeneticAlgorithm         
    1: 1111010111011010101000101010001100010010... 99           0.0051661097 0.0044072132 0.0044137649 LinearRegression         GeneticAlgorithm         
    2: 1111010111011010000000101010001100010000... 98           0.0051996912 0.004399036  0.0044048849 LinearRegression         GeneticAlgorithm         
    3: 1111010111011010100000101010001100010000... 100          0.0052069726 0.0043892565 0.0043956308 LinearRegression         GeneticAlgorithm         
    4: 1111010111011010101000101010111100010000... 99           0.0052164346 0.004388482  0.0043950841 LinearRegression         GeneticAlgorithm         
    5: 1111010111011010101000101010001100010000... 98           0.0052208284 0.0044167912 0.0044229704 LinearRegression         GeneticAlgorithm         
    6: 1111111011011011100100001010101100011000... 100          0.0052212231 0.0044643684 0.0044712696 LinearRegression         GeneticAlgorithm         
    7: 1111010111011010101000101010011100010000... 99           0.0052235908 0.0044039518 0.0044101682 LinearRegression         GeneticAlgorithm         
    8: 1111010111011010100000101010001100010000... 100          0.0052276247 0.0043924152 0.0043985191 LinearRegression         GeneticAlgorithm         
    9: 1111010111011010101000101010001100010000... 97           0.0052276486 0.0044359439 0.004442556  LinearRegression         GeneticAlgorithm         

Pickling Hall of Fame to: genetic_alg_settings_halloffame.pkl
