Loading genetic_alg_settings.json
# Hall of Fame size: 10 

# Get problem data...
# wHullDist: Will calculate hull distance: hull_dist(CALCULATED,atom_frac)
# Query requested: ['formation_energy', 'is_calculated', 'corr', 'hull_dist(CALCULATED,atom_frac)']
# Use existing: []
# Querying: ['formation_energy', 'is_calculated', 'corr', 'hull_dist(CALCULATED,atom_frac)']
#   DONE

# Target: formation_energy
# Training samples: 627
# Features: 253 

# Weighting:
{
  "method": "wHullDist",
  "kwargs": {
    "A": 2.0,
    "B": 1.0,
    "kT": 0.05500000000000001,
    "hull_selection": "CALCULATED"
  }
}

# CV:
{
  "method": "KFold",
  "kwargs": {
    "n_splits": 10,
    "shuffle": true
  },
  "penalty": 0.0
} 

# Writing problem specs to: genetic_alg_settings_specs.pkl
# To inspect or customize the problem specs further, use the '--checkspecs' method

# Estimator:
{
  "method": "LinearRegression",
  "kwargs": {
    "fit_intercept": false
  }
} 

# Feature Selection:
{
  "method": "GeneticAlgorithm",
  "kwargs": {
    "constraints_kwargs": {
      "n_features_max": 100,
      "n_features_min": 3,
      "fix_off": [],
      "fix_on": [
        0,
        1,
        2
      ]
    },
    "selTournamentSize": 3,
    "mutFlipBitProb": 0.01,
    "evolve_params_kwargs": {
      "n_generation": 20,
      "n_repetition": 20,
      "n_features_init": 3,
      "n_population": 10,
      "n_halloffame": 10,
      "halloffame_filename": "evolve_halloffame.pkl",
      "filename_prefix": "genetic_alg_settings"
    },
    "cxUniformProb": 0.5
  }
} 

# Fit and select...
Constructing initial population
Begin 1 of 20 repetitions
Begin 20 generations
gen	nevals	avg      	std       	min      	max      
0  	10    	0.0200193	0.00053128	0.0189387	0.0206486
1  	10    	0.0187922	0.000829506	0.0168459	0.0200481
2  	10    	0.0173502	0.00122189 	0.0151963	0.0188182
3  	10    	0.015501 	0.000874013	0.0146678	0.0176785
4  	10    	0.0148409	0.00074102 	0.0133474	0.0158851
5  	10    	0.0137369	0.00127615 	0.011746 	0.0166365
6  	10    	0.0124741	0.000980272	0.0113261	0.0143144
7  	10    	0.0118995	0.000612427	0.0113536	0.0131823
8  	10    	0.0115433	0.000708557	0.0107921	0.0132937
9  	10    	0.0109706	0.000352145	0.0102751	0.0115297
10 	10    	0.0105101	0.000359483	0.0099034	0.0108755
11 	10    	0.0102371	0.000338307	0.00969337	0.0106497
12 	10    	0.00991958	0.000189883	0.00958325	0.0101866
13 	10    	0.00969816	0.000244554	0.00935416	0.0101199
14 	10    	0.00958567	0.000523651	0.00904548	0.0109395
15 	10    	0.00918856	0.000224072	0.00882674	0.00962492
16 	10    	0.00892193	0.000439088	0.00777172	0.00943848
17 	10    	0.00928636	0.00132806 	0.00776345	0.011805  
18 	10    	0.00838945	0.000355943	0.00779832	0.00888308
19 	10    	0.00807366	0.000435032	0.00737843	0.00913641
20 	10    	0.0078109 	0.000203121	0.00736765	0.00812787
Runtime: 3.0634880939978757 (s)


Final population:
Index: Selected                                    #Selected    CV          
----------------------------------------------------------------------------------------------------
    0: 1111100100100001100010101010100000000101... 64           0.0076494763
    1: 1111100000100001000010001010101000000100... 54           0.0077482223
    2: 1111100100100101000010101010101000000100... 64           0.0076650467
    3: 1111100000110001000010001010100000000101... 57           0.0080104935
    4: 1111100100100001100010101010101000000100... 56           0.0078909354
    5: 1111100100100001000010101011101000000100... 57           0.0078447417
    6: 1111110100100001100010001010101000010100... 58           0.0073676518
    7: 1111100100100001000010101010100000000100... 61           0.007890139 
    8: 1111100000110101000010001010100000000100... 57           0.008127866 
    9: 1111100000110001000010001010100000000101... 60           0.0079144342

Pickling population to: genetic_alg_settings_population_end.pkl

Hall of Fame:
Index: Selected                                    #Selected    CV          
----------------------------------------------------------------------------------------------------
    0: 1111110100100001100010001010101000010100... 58           0.0073676518
    1: 1111110100100001100010001010100000010100... 62           0.0073784346
    2: 1111100100100001100010101010100000000101... 64           0.0076494763
    3: 1111100100100101000010101010101000000100... 64           0.0076650467
    4: 1111100100100001000010101010101000000100... 55           0.0077225797
    5: 1111100000100001000010001010101000000100... 54           0.0077482223
    6: 1111110100100001000010001010100000000100... 53           0.00776345  
    7: 1111100100100001100010001010100000000100... 53           0.0077717216
    8: 1111110100100001000010001010100000000100... 53           0.0077983212
    9: 1111110100100001100010001010100000000100... 58           0.0078376085

Pickling Hall of Fame to: genetic_alg_settings_evolve_halloffame.pkl
Begin 2 of 20 repetitions
Begin 20 generations
gen	nevals	avg      	std        	min       	max       
0  	0     	0.0078109	0.000203121	0.00736765	0.00812787
1  	10    	0.00764801	0.000196645	0.00721237	0.00788869
2  	10    	0.00753237	0.000340038	0.00708292	0.00822207
3  	10    	0.00732376	0.000311496	0.00706159	0.00813027
4  	10    	0.00712197	0.00017174 	0.00677809	0.00732726
5  	10    	0.00699872	0.000404321	0.00661126	0.0080687 
6  	10    	0.00712627	0.000938451	0.00658622	0.00991421
7  	10    	0.00726266	0.00104206 	0.00632726	0.0100073 
8  	10    	0.0066921 	0.00020201 	0.00624397	0.00709591
9  	10    	0.00656719	9.9791e-05 	0.00637401	0.00673929
10 	10    	0.0064867 	8.82039e-05	0.00636439	0.00664043
11 	10    	0.00645331	7.80473e-05	0.00632668	0.00655907
12 	10    	0.00679504	0.000910601	0.00635027	0.00949883
13 	10    	0.00641553	9.05909e-05	0.00626564	0.00656929
14 	10    	0.00649869	0.000163589	0.00615875	0.00674641
15 	10    	0.00626925	0.000121204	0.00611001	0.00653929
16 	10    	0.00622082	6.78088e-05	0.00609331	0.00631587
17 	10    	0.00623692	0.00010128 	0.00603019	0.00639812
18 	10    	0.00614692	0.000119135	0.00604473	0.00646509
19 	10    	0.00610601	5.55131e-05	0.0060137 	0.00619565
20 	10    	0.0060928 	9.96666e-05	0.00595577	0.00631327
Runtime: 5.212619637997705 (s)


Final population:
Index: Selected                                    #Selected    CV          
----------------------------------------------------------------------------------------------------
    0: 1111010101100001100010111110001100010000... 90           0.0060628069
    1: 1111010101100001100010111110001101010101... 98           0.0060252331
    2: 1111010101100001100010111110001100010100... 90           0.0061577109
    3: 1111010101100001100010111110001100010100... 93           0.0061341665
    4: 1111010101110001100010111110001100010100... 94           0.0059557744
    5: 1111010101100001100010111110001100010101... 93           0.0061778553
    6: 1111010101100001100010111110001100010101... 92           0.00631327  
    7: 1111010101100001100010111110001100010100... 87           0.0060655629
    8: 1111010101100001100000111110011101110100... 94           0.0059919574
    9: 1111011101100001100010111110001100010100... 89           0.0060436434

Pickling population to: genetic_alg_settings_population_end.pkl

Hall of Fame:
Index: Selected                                    #Selected    CV          
----------------------------------------------------------------------------------------------------
    0: 1111010101110001100010111110001100010100... 94           0.0059557744
    1: 1111010101100001100000111110011101110100... 94           0.0059919574
    2: 1111010101100001100010111110001100010101... 93           0.0060137039
    3: 1111010101100001100010111110001101010101... 98           0.0060252331
    4: 1111010101100001100110111110001100010100... 87           0.006030193 
    5: 1111011101100001100010111110001100010100... 89           0.0060436434
    6: 1111010101100001100010111110001100010100... 85           0.006044734 
    7: 1111010101100001100010111110001100010100... 91           0.0060560828
    8: 1111010101100001100010111110001100010100... 94           0.0060587167
    9: 1111010101100001100010111110001100010100... 85           0.0060605144

Pickling Hall of Fame to: genetic_alg_settings_evolve_halloffame.pkl
Begin 3 of 20 repetitions
Begin 20 generations
gen	nevals	avg      	std        	min       	max       
0  	0     	0.0060928	9.96666e-05	0.00595577	0.00631327
1  	10    	0.00616206	0.000106593	0.00605284	0.0063712 
2  	10    	0.00610773	6.69303e-05	0.00598182	0.00623665
3  	10    	0.00617158	0.000151737	0.00589428	0.00643373
4  	10    	0.00613127	0.000101117	0.00602794	0.00637928
5  	10    	0.00608715	0.000105099	0.00590905	0.00631362
6  	10    	0.0061465 	0.00026788 	0.00594464	0.00688345
7  	10    	0.00612724	0.000146128	0.00592119	0.0063813 
8  	10    	0.00604033	7.57649e-05	0.00595968	0.00617711
9  	10    	0.00604453	8.78189e-05	0.00593855	0.00627975
10 	10    	0.00603602	8.62739e-05	0.00587963	0.00615947
11 	10    	0.00608263	0.000132106	0.00590472	0.00641772
12 	10    	0.00604349	0.000132635	0.00590731	0.00641105
13 	10    	0.00603957	0.000129144	0.00589047	0.00633989
14 	10    	0.00603888	7.37368e-05	0.0059064 	0.00614549
15 	10    	0.00600874	9.43076e-05	0.00589243	0.00622082
16 	10    	0.00605272	0.000107604	0.00594607	0.00623542
17 	10    	0.00608706	0.000325197	0.00584869	0.0070368 
18 	10    	0.00599172	8.33711e-05	0.00585691	0.00611315
19 	10    	0.0060154 	0.000117654	0.00587073	0.00629783
20 	10    	0.00607816	0.000100203	0.00594843	0.00626517
Runtime: 5.7835767719989235 (s)


Final population:
Index: Selected                                    #Selected    CV          
----------------------------------------------------------------------------------------------------
    0: 1111010100110001100010111110111101010101... 98           0.0059760655
    1: 1111010101110001000010101110111110010101... 99           0.0059484283
    2: 1111010101110001100010101110111100000101... 100          0.0060281854
    3: 1111010100110001100010111110111111010101... 100          0.0062651693
    4: 1111000101110101100010111110111101010101... 100          0.0061607672
    5: 1111011101110101100010111010111101010101... 100          0.0060923456
    6: 1111010101110101100010101110011101010101... 96           0.0061366771
    7: 1111010001110001100010111110111111010101... 99           0.0061841029
    8: 1111010001110101100010111110011101010101... 100          0.0059861178
    9: 1111010101110101100010111110111101010101... 100          0.006003741 

Pickling population to: genetic_alg_settings_population_end.pkl

Hall of Fame:
Index: Selected                                    #Selected    CV          
----------------------------------------------------------------------------------------------------
    0: 1111010101110001100010111110111101010101... 100          0.0058486861
    1: 1111010101110101100010111110111101010101... 100          0.005856908 
    2: 1111010101110101100010111110111101010101... 100          0.0058707338
    3: 1111010101100001100010111110011101010100... 98           0.0058796314
    4: 1111010101100001100010111110011101010100... 100          0.0058904669
    5: 1111010101110001100010111110111100010100... 100          0.0058911806
    6: 1111010101110001100010111110011101010101... 100          0.0058924339
    7: 1111010101100001100010111110001100010100... 96           0.0058942799
    8: 1111010101110001100010111110011101000101... 99           0.0058981992
    9: 1111010101100001100010111110011101010100... 97           0.0059047174

Pickling Hall of Fame to: genetic_alg_settings_evolve_halloffame.pkl
Begin 4 of 20 repetitions
Begin 20 generations
gen	nevals	avg       	std        	min       	max       
0  	0     	0.00607816	0.000100203	0.00594843	0.00626517
1  	10    	0.0062088 	0.000310664	0.00584836	0.00696399
2  	10    	0.00609145	0.000177207	0.00586145	0.0063975 
3  	10    	0.00610672	0.000243773	0.00587762	0.0068014 
4  	10    	0.00614713	0.000243373	0.00586135	0.0067307 
5  	10    	0.00607031	0.000295603	0.00585489	0.006916  
6  	10    	0.0060461 	9.66567e-05	0.00579883	0.00615685
7  	10    	0.00593413	5.52408e-05	0.00578087	0.00597883
8  	10    	0.00602787	0.00012014 	0.00592615	0.00626803
9  	10    	0.00599182	0.000111272	0.00574169	0.00614626
10 	10    	0.00597338	0.000117766	0.00579486	0.00617263
11 	10    	0.0059727 	0.000100764	0.0058557 	0.00612851
12 	10    	0.00593464	9.41483e-05	0.00579878	0.00616379
13 	10    	0.00593531	0.000206448	0.00579453	0.00653769
14 	10    	0.00589743	0.000189394	0.00570892	0.00642009
15 	10    	0.00584641	7.60434e-05	0.00572423	0.00594139
16 	10    	0.00596032	0.000334696	0.00574286	0.00689238
17 	10    	0.00589998	9.40949e-05	0.00578612	0.00608667
18 	10    	0.0058908 	0.000128217	0.00570667	0.00620031
19 	10    	0.00586278	5.51799e-05	0.00576058	0.00596711
20 	10    	0.00584848	0.000124094	0.0056918 	0.00614545
Runtime: 5.800519663000159 (s)


Final population:
Index: Selected                                    #Selected    CV          
----------------------------------------------------------------------------------------------------
    0: 1111010111110101101000101111011101010011... 100          0.005761963 
    1: 1111110111110111101000101111111101010111... 99           0.0056917961
    2: 1111010111110101001000101111011101010011... 100          0.0058751433
    3: 1111010101110101101000101111011100010111... 95           0.0058446041
    4: 1111010111110111001000101111011101010010... 98           0.0057347723
    5: 1111010101110101100000101111111100010011... 100          0.0059653501
    6: 1111010101110101001000101111011100010011... 98           0.0058756364
    7: 1111010101110101001000101111011100010011... 98           0.005793222 
    8: 1111010101110111101000101111011100010011... 100          0.0057968634
    9: 1111010111110101000000101111111101010011... 98           0.0061454467

Pickling population to: genetic_alg_settings_population_end.pkl

Hall of Fame:
Index: Selected                                    #Selected    CV          
----------------------------------------------------------------------------------------------------
    0: 1111110111110111101000101111111101010111... 99           0.0056917961
    1: 1111010111110011100000101111011101010111... 96           0.0057066742
    2: 1111010101110101100000101111111101010111... 96           0.0057089182
    3: 1111010101110101100000101111101101010011... 94           0.0057242339
    4: 1111010111110111001000101111011101010010... 98           0.0057347723
    5: 1111010101110101100000101111111101010101... 96           0.0057416899
    6: 1111010101110101001000101111011101010011... 94           0.0057428588
    7: 1111010111110101101000101111111101010011... 97           0.0057536347
    8: 1111010111110101100000101111111101010111... 97           0.005754295 
    9: 1111010101110101101000101110111101110011... 99           0.005755141 

Pickling Hall of Fame to: genetic_alg_settings_evolve_halloffame.pkl
Begin 5 of 20 repetitions
Begin 20 generations
gen	nevals	avg       	std        	min      	max       
0  	0     	0.00584848	0.000124094	0.0056918	0.00614545
1  	10    	0.00594328	0.000227265	0.00569305	0.00652342
2  	10    	0.00600508	0.000297577	0.00571129	0.00678223
3  	10    	0.00603025	0.000230195	0.00573917	0.00642629
4  	10    	0.00584717	9.96154e-05	0.00563799	0.00599541
5  	10    	0.00589155	0.000226637	0.00568617	0.00652387
6  	10    	0.00583969	9.26232e-05	0.00570497	0.00598835
7  	10    	0.00582514	0.000136876	0.00565321	0.00611589
8  	10    	0.00573756	9.63597e-05	0.00561423	0.00592166
9  	10    	0.0057732 	7.58041e-05	0.0056773 	0.0059156 
10 	10    	0.00583954	0.000224394	0.00564983	0.00645269
11 	10    	0.00584592	0.000236378	0.00561059	0.00647124
12 	10    	0.00598704	0.000290821	0.00565185	0.00664116
13 	10    	0.00586434	0.000237826	0.00566649	0.00654559
14 	10    	0.00579334	0.00020961 	0.00557993	0.00634967
15 	10    	0.00592706	0.000272504	0.00563073	0.00665712
16 	10    	0.00580883	9.07544e-05	0.00567115	0.00595969
17 	10    	0.00581253	0.0001491  	0.00565917	0.00615777
18 	10    	0.00613708	0.000785008	0.00559493	0.00838676
19 	10    	0.00588752	0.000146221	0.00562003	0.00613014
20 	10    	0.00585354	0.000127112	0.00560825	0.00604167
Runtime: 5.811625089001609 (s)


Final population:
Index: Selected                                    #Selected    CV          
----------------------------------------------------------------------------------------------------
    0: 1111010101010111110010101111111110010011... 93           0.0058652795
    1: 1111000101110111110010011111100110010010... 99           0.0060416727
    2: 1111000101110111100010011111011111010111... 99           0.0059119759
    3: 1111000101110111100010011011111111010011... 96           0.0059326277
    4: 1111000101110111110010011111111111010011... 98           0.0059518547
    5: 1111000101110111100010011111111110010011... 96           0.0058584631
    6: 1111011101010111100010111111111100010011... 100          0.005832051 
    7: 1111010101110111110010111111100110010010... 100          0.0058909937
    8: 1111010101110011110010011111111110010111... 96           0.0056422301
    9: 1111110101110011110010111111111110010111... 100          0.0056082486

Pickling population to: genetic_alg_settings_population_end.pkl

Hall of Fame:
Index: Selected                                    #Selected    CV          
----------------------------------------------------------------------------------------------------
    0: 1111010101110011110010111111111111010011... 100          0.0055799289
    1: 1111010101010111110010111111101110010011... 96           0.0055949281
    2: 1111110101110011110010111111111110010111... 100          0.0056082486
    3: 1111010101110111100010111111111101010010... 93           0.0056105888
    4: 1111010101110111001010111111111101010011... 100          0.0056142298
    5: 1111010101110011110010111111111110010111... 98           0.0056200295
    6: 1111010101110111100010111111111100010011... 96           0.0056307253
    7: 1111010101010111100010111111111111010011... 99           0.0056314989
    8: 1111010101110111100010111111111101010011... 99           0.0056372756
    9: 1111010111110111001000101111111101010011... 99           0.0056379892

Pickling Hall of Fame to: genetic_alg_settings_evolve_halloffame.pkl
Begin 6 of 20 repetitions
Begin 20 generations
gen	nevals	avg       	std        	min       	max       
0  	0     	0.00585354	0.000127112	0.00560825	0.00604167
1  	10    	0.00580288	0.000173167	0.00556763	0.00614502
2  	10    	0.00572232	5.81278e-05	0.00558033	0.00580428
3  	10    	0.00575299	0.00016152 	0.00557643	0.0060677 
4  	10    	0.0060848 	0.000911422	0.00553722	0.00879812
5  	10    	0.0057689 	0.000140401	0.00559931	0.00604038
6  	10    	0.00571197	9.81173e-05	0.00561802	0.00595598
7  	10    	0.00575625	0.000119593	0.00561621	0.00604744
8  	10    	0.00580559	0.000220467	0.00548707	0.00634729
9  	10    	0.0057855 	0.000123085	0.00566065	0.00605344
10 	10    	0.00576711	0.000148302	0.00559989	0.00614813
11 	10    	0.00586123	0.00024598 	0.00559764	0.00645603
12 	10    	0.00574864	9.11948e-05	0.00562563	0.00594354
13 	10    	0.00586073	0.000137777	0.00567629	0.00613377
14 	10    	0.00576212	9.25184e-05	0.00564261	0.00593496
15 	10    	0.00580366	0.000143481	0.00562229	0.00605221
16 	10    	0.005903  	0.000247525	0.00569433	0.00648364
17 	10    	0.00580779	0.000180752	0.00562747	0.00610418
18 	10    	0.00572869	5.78522e-05	0.00563107	0.00580073
19 	10    	0.00571397	9.33472e-05	0.00560694	0.00591345
20 	10    	0.00570362	7.17116e-05	0.00557066	0.0057804 
Runtime: 5.810138554999867 (s)


Final population:
Index: Selected                                    #Selected    CV          
----------------------------------------------------------------------------------------------------
    0: 1111110101110011100010111111111110010111... 95           0.0057804048
    1: 1111110101110011100010111111111110010111... 97           0.0057642963
    2: 1111110101110011100010111110111110010111... 100          0.0057607549
    3: 1111110101110011100010111111111110010111... 100          0.0057306155
    4: 1111110101110011100010111111111110110111... 99           0.0057645251
    5: 1111110101110011100010111111111100010111... 97           0.0055706627
    6: 1111110101110110100010101111111100000111... 100          0.0057266521
    7: 1111110101110111100010101111111100010111... 100          0.0057009033
    8: 1111110101110011100010111111111110010111... 94           0.0056462015
    9: 1111110101110011100010111111111110010111... 94           0.005591223 

Pickling population to: genetic_alg_settings_population_end.pkl

Hall of Fame:
Index: Selected                                    #Selected    CV          
----------------------------------------------------------------------------------------------------
    0: 1111110101110011100010111111111110010110... 95           0.005487074 
    1: 1111110101110011110010111111111110010111... 100          0.0055372225
    2: 1111110101110011110010111111111110010111... 100          0.0055676318
    3: 1111110101110011100010111111111100010111... 97           0.0055706627
    4: 1111110101110011110010111111111110010111... 100          0.0055764313
    5: 1111010101110011110010111111111111010011... 100          0.0055799289
    6: 1111110101110011110010111111111110010111... 100          0.0055803302
    7: 1111110101110011100010111111111110010111... 94           0.005591223 
    8: 1111010101010111110010111111101110010011... 96           0.0055949281
    9: 1111110101110011000010101111111110110111... 94           0.0055976373

Pickling Hall of Fame to: genetic_alg_settings_evolve_halloffame.pkl
Begin 7 of 20 repetitions
Begin 20 generations
gen	nevals	avg       	std        	min       	max      
0  	0     	0.00570362	7.17116e-05	0.00557066	0.0057804
1  	10    	0.00570364	0.000151209	0.00553741	0.00605328
2  	10    	0.00564136	9.08735e-05	0.00554572	0.00585831
3  	10    	0.00564618	4.31012e-05	0.00559756	0.0057654 
4  	10    	0.00570864	0.000202506	0.0055564 	0.00628336
5  	10    	0.00585839	0.000280617	0.00553808	0.00635861
6  	10    	0.005657  	0.000107496	0.00547669	0.00589454
7  	10    	0.00566625	0.000186655	0.00550786	0.00611295
8  	10    	0.00562824	0.000126819	0.00544596	0.00591533
9  	10    	0.00565211	7.85354e-05	0.0055155 	0.00580909
10 	10    	0.00572149	0.000201229	0.00559193	0.00629678
11 	10    	0.00587965	0.000294501	0.00556477	0.00644075
12 	10    	0.00573339	0.000213105	0.00554782	0.00628569
13 	10    	0.00564292	9.04347e-05	0.00553591	0.00582505
14 	10    	0.00570275	0.000202967	0.00545237	0.00624266
15 	10    	0.00569876	0.000135282	0.00553419	0.006049  
16 	10    	0.00575754	0.000219317	0.00555879	0.00638292
17 	10    	0.00564183	0.000133838	0.00548544	0.00598797
18 	10    	0.00571185	0.00026322 	0.00544293	0.00632276
19 	10    	0.00568651	0.000160233	0.00552631	0.00606269
20 	10    	0.00564558	9.21191e-05	0.00554175	0.00581788
Runtime: 5.880487701000675 (s)


Final population:
Index: Selected                                    #Selected    CV          
----------------------------------------------------------------------------------------------------
    0: 1111110101111011100010011111101110000111... 100          0.0056854573
    1: 1111110001011010100010011110101110000111... 94           0.0056153294
    2: 1111110101011011000010011111111110000011... 98           0.0055828828
    3: 1111110101011011000010111111111110000011... 99           0.00559001  
    4: 1111110001011011000010011110101110000110... 96           0.0058178806
    5: 1111110101011010100010011111111110000011... 96           0.0058043911
    6: 1111110101011011000010011111111100000011... 99           0.0055417463
    7: 1111110100011011000010011111111110000011... 98           0.0056552983
    8: 1111110001011010100010011111101110000111... 99           0.0056071103
    9: 1111110101011011100010011110101110000111... 97           0.0055557421

Pickling population to: genetic_alg_settings_population_end.pkl

Hall of Fame:
Index: Selected                                    #Selected    CV          
----------------------------------------------------------------------------------------------------
    0: 1111110101011011100010011111101110000111... 99           0.0054429335
    1: 1111110101011010100010011111111110010111... 100          0.0054459578
    2: 1111110101111011100010011111111100010111... 97           0.0054523699
    3: 1111110101011011100010011111111110010111... 100          0.0054630886
    4: 1111110101011011100010011111111110010111... 99           0.0054766883
    5: 1111110101011011000010011111111110000011... 99           0.0054854372
    6: 1111110101111011000010011111101110000011... 100          0.0054856578
    7: 1111110101110011100010111111111110010110... 95           0.005487074 
    8: 1111110101011011000010011111111110000011... 99           0.0055059887
    9: 1111110101111011000010111111111110010111... 98           0.0055078588

Pickling Hall of Fame to: genetic_alg_settings_evolve_halloffame.pkl
Begin 8 of 20 repetitions
Begin 20 generations
gen	nevals	avg       	std        	min       	max       
0  	0     	0.00564558	9.21191e-05	0.00554175	0.00581788
1  	10    	0.00565832	9.30204e-05	0.00550074	0.00579696
2  	10    	0.00572036	0.000273474	0.00550274	0.00648202
3  	10    	0.00569251	0.000141695	0.00552474	0.00607749
4  	10    	0.00571988	0.000204168	0.00553504	0.00627327
5  	10    	0.00571405	0.000138015	0.00555971	0.00599208
6  	10    	0.0056981 	0.000175555	0.00550942	0.00613311
7  	10    	0.00563833	8.45907e-05	0.00551695	0.00576405
8  	10    	0.00565758	0.000109902	0.00549206	0.00581524
9  	10    	0.00571408	0.000199185	0.00551403	0.00621207
10 	10    	0.00570266	0.000139471	0.00551909	0.00606442
11 	10    	0.00563483	7.03758e-05	0.00550807	0.00574974
12 	10    	0.00564319	0.000145758	0.00549517	0.00605945
13 	10    	0.00568776	9.26995e-05	0.00551916	0.00581269
14 	10    	0.00572031	9.18052e-05	0.00554186	0.0058714 
15 	10    	0.00567676	9.69256e-05	0.00554991	0.00584463
16 	10    	0.00570388	0.000206899	0.00543921	0.00610662
17 	10    	0.00563537	0.000103965	0.00548667	0.00584189
18 	10    	0.00576126	0.000312125	0.00544735	0.00640969
19 	10    	0.00573364	0.00029974 	0.00554166	0.00661823
20 	10    	0.00564946	0.000110141	0.00545994	0.00579723
Runtime: 5.8500951179994445 (s)


Final population:
Index: Selected                                    #Selected    CV          
----------------------------------------------------------------------------------------------------
    0: 1111101101011011000000111111111100000010... 100          0.0055165471
    1: 1111101101011011000000011110111100001010... 93           0.0056661898
    2: 1111101101011011000000011110111100101010... 99           0.0056551786
    3: 1111101101011011000000011111111100001010... 99           0.0055544862
    4: 1111101101011011000000011111111100001010... 97           0.0054599371
    5: 1111101101011011000000011110011100101010... 97           0.0057844246
    6: 1111101101011011000000111111111101001010... 99           0.0056663307
    7: 1111101101011011000000011111011100001010... 96           0.0057972277
    8: 1111101101011011000000011111111100101010... 95           0.0057793414
    9: 1111101101011011000000111111111100001010... 99           0.0056149734

Pickling population to: genetic_alg_settings_population_end.pkl

Hall of Fame:
Index: Selected                                    #Selected    CV          
----------------------------------------------------------------------------------------------------
    0: 1111101101011011000000011111111100101010... 94           0.0054392103
    1: 1111110101011011100010011111101110000111... 99           0.0054429335
    2: 1111110101011010100010011111111110010111... 100          0.0054459578
    3: 1111101101011011000000011111111100001010... 99           0.0054473539
    4: 1111110101111011100010011111111100010111... 97           0.0054523699
    5: 1111101101011011000000011111111100001010... 97           0.0054599371
    6: 1111110101011011100010011111111110010111... 100          0.0054630886
    7: 1111110101011011100010011111111110010111... 99           0.0054766883
    8: 1111110101011011000010011111111110000011... 99           0.0054854372
    9: 1111110101111011000010011111101110000011... 100          0.0054856578

Pickling Hall of Fame to: genetic_alg_settings_evolve_halloffame.pkl
Begin 9 of 20 repetitions
Begin 20 generations
gen	nevals	avg       	std        	min       	max       
0  	0     	0.00564946	0.000110141	0.00545994	0.00579723
1  	10    	0.00579501	0.000293457	0.00551462	0.00654455
2  	10    	0.00573855	0.000278674	0.00546072	0.00633871
3  	10    	0.00562689	0.00012817 	0.00547074	0.00583918
4  	10    	0.00564922	0.000228835	0.00541368	0.00626087
5  	10    	0.00553044	6.46635e-05	0.00542421	0.00567309
6  	10    	0.00565872	0.000257745	0.00544349	0.00622626
7  	10    	0.00561446	0.000122004	0.0054854 	0.00582899
8  	10    	0.00556816	3.65395e-05	0.00550269	0.00562441
9  	10    	0.00560295	0.000106059	0.00547894	0.00582028
10 	10    	0.00561753	0.000188138	0.0054603 	0.00614035
11 	10    	0.00560657	0.000197641	0.00543685	0.00613498
12 	10    	0.0056393 	0.000152215	0.00545421	0.0060063 
13 	10    	0.00559827	0.000242902	0.00542712	0.00630126
14 	10    	0.0056037 	0.000229447	0.00545942	0.00628145
15 	10    	0.00552455	8.23992e-05	0.00544151	0.00575169
16 	10    	0.005598  	0.000158021	0.00544465	0.0060109 
17 	10    	0.00562967	0.000154876	0.00546804	0.00598522
18 	10    	0.00560582	9.0622e-05 	0.00550918	0.00583788
19 	10    	0.00570214	0.000232819	0.00547545	0.0062383 
20 	10    	0.00577244	0.000270993	0.00549117	0.00640505
Runtime: 5.816262060001463 (s)


Final population:
Index: Selected                                    #Selected    CV          
----------------------------------------------------------------------------------------------------
    0: 1111101101011011000000111111110110000010... 87           0.0055620271
    1: 1111101111011011000001101111110110000010... 97           0.0055782269
    2: 1110101111011011000000111111110110000010... 96           0.0064050479
    3: 1111101111011011000000111110110110001010... 96           0.0057717112
    4: 1111101111011011000000111011110100001010... 93           0.0054911651
    5: 1111101111011011000000111110110110000010... 90           0.00556659  
    6: 1111101101011011000000111111110000001010... 92           0.0059850068
    7: 1111101111011011000000111011110110000010... 92           0.0057824274
    8: 1111101111011011000000111110110010001010... 100          0.0059969217
    9: 1111101111011010000000111110110110000010... 96           0.0055852968

Pickling population to: genetic_alg_settings_population_end.pkl

Hall of Fame:
Index: Selected                                    #Selected    CV          
----------------------------------------------------------------------------------------------------
    0: 1111101101011011000001111111110100000010... 94           0.0054136793
    1: 1111101101011011000000111111110100000010... 94           0.0054242123
    2: 1111101101011011000000111111110110000010... 98           0.0054271181
    3: 1111101101011011000000111111110100000010... 100          0.0054368476
    4: 1111101101011011000000011111111100101010... 94           0.0054392103
    5: 1111101111011011000000111111110110000010... 95           0.0054415069
    6: 1111110101011011100010011111101110000111... 99           0.0054429335
    7: 1111101101011001000000111111110100000010... 95           0.0054434889
    8: 1111101111011011000000111111110110000010... 95           0.0054446454
    9: 1111110101011010100010011111111110010111... 100          0.0054459578

Pickling Hall of Fame to: genetic_alg_settings_evolve_halloffame.pkl
Begin 10 of 20 repetitions
Begin 20 generations
gen	nevals	avg       	std        	min       	max       
0  	0     	0.00577244	0.000270993	0.00549117	0.00640505
1  	10    	0.00560687	9.16628e-05	0.00549688	0.00577971
2  	10    	0.00571305	0.000304388	0.00548085	0.00630824
3  	10    	0.00556661	9.07734e-05	0.00545094	0.00571491
4  	10    	0.00556055	9.82263e-05	0.00543031	0.00579569
5  	10    	0.0055445 	7.04181e-05	0.00544182	0.00565658
6  	10    	0.0056464 	0.000232882	0.00539362	0.0063102 
7  	10    	0.00568872	0.000140616	0.00553843	0.0060207 
8  	10    	0.00558774	0.000123591	0.00542099	0.00590933
9  	10    	0.00563647	0.000118334	0.00546378	0.00584952
10 	10    	0.00558369	9.02228e-05	0.00546801	0.00578223
11 	10    	0.00554701	7.3599e-05 	0.00544068	0.00565081
12 	10    	0.00561985	0.000176995	0.00542639	0.00604223
13 	10    	0.00564288	0.000182289	0.00545179	0.00614886
14 	10    	0.00555569	9.12528e-05	0.00544681	0.00577076
15 	10    	0.00560946	0.000115416	0.00551057	0.00586449
16 	10    	0.00565877	0.000147714	0.00543531	0.00594952
17 	10    	0.00561459	0.000254875	0.00539979	0.00627625
18 	10    	0.00560796	0.000236836	0.00543968	0.00626839
19 	10    	0.00549182	5.46383e-05	0.00540454	0.00557664
20 	10    	0.00549355	6.80218e-05	0.00541174	0.00562912
Runtime: 5.813488522999251 (s)


Final population:
Index: Selected                                    #Selected    CV          
----------------------------------------------------------------------------------------------------
    0: 1111111101011111000000101011110101001010... 97           0.0054117394
    1: 1111111101011111000000101011110101001010... 94           0.0054260993
    2: 1111011101011111000000101011110101001010... 99           0.0054751225
    3: 1111111100011111000000101011110101101010... 100          0.0055538552
    4: 1111111101011101000000101011111101001010... 94           0.0055346491
    5: 1111111101011111000000101011111101001010... 96           0.0055616763
    6: 1111111101010110000000101011110101101010... 99           0.0054441952
    7: 1111111101011111000000101011110101001010... 96           0.0054459768
    8: 1111111101011111000000101011110101101010... 97           0.0054530388
    9: 1111111101011111000000101011110101001010... 94           0.0056291237

Pickling population to: genetic_alg_settings_population_end.pkl

Hall of Fame:
Index: Selected                                    #Selected    CV          
----------------------------------------------------------------------------------------------------
    0: 1111101101011011000000111111110100101010... 100          0.005393622 
    1: 1111111101011111000010101011110101001010... 100          0.0053997907
    2: 1111111101011111000000101011110101001010... 94           0.0054045416
    3: 1111111101011111000000101011110101001010... 97           0.0054117394
    4: 1111101101011011000001111111110100000010... 94           0.0054136793
    5: 1111111101011111000000101011110101001010... 95           0.0054139956
    6: 1111101111011011000000111111110100001010... 100          0.0054209888
    7: 1111101101011011000000111111110100000010... 94           0.0054242123
    8: 1111111101011111000000101011110101001010... 94           0.0054260993
    9: 1111101101011111000000111011110100001010... 99           0.0054263867

Pickling Hall of Fame to: genetic_alg_settings_evolve_halloffame.pkl
Begin 11 of 20 repetitions
Begin 20 generations
gen	nevals	avg       	std        	min       	max       
0  	0     	0.00549355	6.80218e-05	0.00541174	0.00562912
1  	10    	0.00550556	4.12858e-05	0.0054321 	0.00556171
2  	10    	0.00561226	0.00019838 	0.00549747	0.00618901
3  	10    	0.0055194 	0.000122491	0.00535234	0.00582511
4  	10    	0.0056874 	0.000303291	0.00545031	0.00649245
5  	10    	0.00567649	0.000261482	0.00541092	0.00620575
6  	10    	0.00559718	0.000129154	0.0054214 	0.0058128 
7  	10    	0.00562183	0.000179644	0.00548114	0.00609645
8  	10    	0.00570689	0.000242574	0.00553746	0.00638345
9  	10    	0.00573212	0.000152558	0.00552434	0.0060373 
10 	10    	0.00578053	0.00018915 	0.00562758	0.00630534
11 	10    	0.00575784	0.000237014	0.00549489	0.0063518 
12 	10    	0.00567624	7.99946e-05	0.00551598	0.00574881
13 	10    	0.00563023	0.000103693	0.00546427	0.0057849 
14 	10    	0.00573081	0.000289141	0.00543872	0.00634449
15 	10    	0.00569973	0.000193006	0.00547406	0.00601076
16 	10    	0.00558437	9.23185e-05	0.00543734	0.00575776
17 	10    	0.00561199	9.59646e-05	0.00547158	0.00576103
18 	10    	0.00568427	0.000180278	0.00545812	0.00596005
19 	10    	0.00558517	0.000161225	0.00539338	0.00598226
20 	10    	0.00576047	0.00033003 	0.00548238	0.00651209
Runtime: 5.843112425998697 (s)


Final population:
Index: Selected                                    #Selected    CV          
----------------------------------------------------------------------------------------------------
    0: 1111101110011100000000101001110110001011... 95           0.0058960553
    1: 1111101110011101000000101011110010001011... 94           0.0061724262
    2: 1111101111111101000010001011110100001001... 95           0.0058389725
    3: 1111101110111101000000101011110111001011... 98           0.0055543048
    4: 1111101111111101000010001011110100001011... 100          0.0054889199
    5: 1111101111011101000000101011110100001011... 94           0.0054833379
    6: 1111101110111101000000101011110111001011... 99           0.0054823828
    7: 1111101111011101000000101011110100001011... 100          0.0055980702
    8: 1111101111111101000000101011110100001011... 95           0.0055780995
    9: 1110101110111101000010101011110111111011... 100          0.0065120925

Pickling population to: genetic_alg_settings_population_end.pkl

Hall of Fame:
Index: Selected                                    #Selected    CV          
----------------------------------------------------------------------------------------------------
    0: 1111111101011110000000101011110101001010... 95           0.0053523411
    1: 1111101111111101000000101011110100001011... 98           0.00539338  
    2: 1111101101011011000000111111110100101010... 100          0.005393622 
    3: 1111111101011111000010101011110101001010... 100          0.0053997907
    4: 1111111101011111000000101011110101001010... 94           0.0054045416
    5: 1111101111011100000000101011110100101011... 97           0.0054109228
    6: 1111111101011111000000101011110101001010... 97           0.0054117394
    7: 1111101101011011000001111111110100000010... 94           0.0054136793
    8: 1111111101011111000000101011110101001010... 95           0.0054139956
    9: 1111101111011011000000111111110100001010... 100          0.0054209888

Pickling Hall of Fame to: genetic_alg_settings_evolve_halloffame.pkl
Begin 12 of 20 repetitions
Begin 20 generations
gen	nevals	avg       	std       	min       	max       
0  	0     	0.00576047	0.00033003	0.00548238	0.00651209
1  	10    	0.00561923	0.00013552	0.00542941	0.00594964
2  	10    	0.00573971	0.000317014	0.00540564	0.00635618
3  	10    	0.00571129	0.000229657	0.00556969	0.00638301
4  	10    	0.00559025	0.000121948	0.00541116	0.00578517
5  	10    	0.00558141	8.44376e-05	0.00545013	0.00572863
6  	10    	0.00563924	0.000105817	0.00550846	0.00584157
7  	10    	0.00555105	6.13539e-05	0.00548111	0.0057185 
8  	10    	0.00557846	0.000129505	0.00545249	0.00584713
9  	10    	0.00556246	0.00021107 	0.00544645	0.00619264
10 	10    	0.0055939 	0.000123562	0.00540722	0.00588546
11 	10    	0.00560212	7.11002e-05	0.00549093	0.00575742
12 	10    	0.00570034	0.000288378	0.00545726	0.00654523
13 	10    	0.00587953	0.000272505	0.0055272 	0.00639928
14 	10    	0.0058517 	0.000281859	0.00553422	0.00645217
15 	10    	0.00571645	0.00021882 	0.00544485	0.00616409
16 	10    	0.0057162 	0.000239869	0.00545361	0.00617993
17 	10    	0.0055799 	0.000132211	0.00547793	0.00595764
18 	10    	0.00564645	0.000158485	0.00549811	0.00595953
19 	10    	0.00569354	0.000258174	0.00546165	0.00641138
20 	10    	0.00570465	0.000171997	0.00552509	0.00597998
Runtime: 5.8353392909994 (s)


Final population:
Index: Selected                                    #Selected    CV          
----------------------------------------------------------------------------------------------------
    0: 1111111100101001100000101001110110001011... 96           0.0059799794
    1: 1111111110111000101000111011110110001011... 95           0.0056297818
    2: 1111111110111001100001111011110110001011... 99           0.0055981351
    3: 1111111100111000101000101011100110101011... 100          0.00597947  
    4: 1111111110111000101000101011110110101011... 100          0.0056202683
    5: 1111111110111000101000101011110110101011... 100          0.0056027741
    6: 1111111100111001100000101011110110001011... 100          0.0055250883
    7: 1111111110111000100000111011110110101011... 98           0.0056642413
    8: 1111111110111000101000111011110110101011... 99           0.0055291383
    9: 1111111100111001100010101001110110001011... 100          0.0059176443

Pickling population to: genetic_alg_settings_population_end.pkl

Hall of Fame:
Index: Selected                                    #Selected    CV          
----------------------------------------------------------------------------------------------------
    0: 1111111101011110000000101011110101001010... 95           0.0053523411
    1: 1111101111111101000000101011110100001011... 98           0.00539338  
    2: 1111101101011011000000111111110100101010... 100          0.005393622 
    3: 1111111101011111000010101011110101001010... 100          0.0053997907
    4: 1111111101011111000000101011110101001010... 94           0.0054045416
    5: 1111101111011101000000101011110100001011... 99           0.0054056375
    6: 1111111110111001101000101011110110001011... 98           0.0054072237
    7: 1111101111011100000000101011110100101011... 97           0.0054109228
    8: 1111101110111001000000101011110110001011... 95           0.0054111571
    9: 1111111101011111000000101011110101001010... 97           0.0054117394

Pickling Hall of Fame to: genetic_alg_settings_evolve_halloffame.pkl
Begin 13 of 20 repetitions
Begin 20 generations
gen	nevals	avg       	std        	min       	max       
0  	0     	0.00570465	0.000171997	0.00552509	0.00597998
1  	10    	0.00572866	0.000239965	0.00555338	0.00641531
2  	10    	0.00576303	0.000312152	0.00547058	0.00658738
3  	10    	0.00570639	0.000165825	0.00553836	0.00612188
4  	10    	0.00565922	0.000103198	0.00549927	0.00588061
5  	10    	0.00565532	7.27549e-05	0.00559014	0.00584665
6  	10    	0.00568598	7.77492e-05	0.00551235	0.00580251
7  	10    	0.00564776	7.30796e-05	0.00553329	0.00579403
8  	10    	0.00568272	8.82376e-05	0.00550908	0.00581626
9  	10    	0.0057708 	0.000189931	0.00551471	0.00613234
10 	10    	0.00571729	0.000215087	0.00549848	0.00633136
11 	10    	0.00565683	9.30228e-05	0.00553886	0.00586849
12 	10    	0.00575615	0.000226377	0.00552558	0.00629977
13 	10    	0.00576499	0.000148724	0.00553885	0.00602777
14 	10    	0.00564384	0.000150275	0.00543607	0.00591968
15 	10    	0.00569584	0.000246008	0.00549297	0.00640067
16 	10    	0.00579715	0.000354978	0.00548763	0.00662106
17 	10    	0.005666  	0.000141472	0.00551994	0.00605176
18 	10    	0.00564074	0.000184386	0.00545313	0.00610985
19 	10    	0.00566651	0.000148459	0.00545107	0.00603729
20 	10    	0.00569328	0.000156469	0.00549411	0.00601215
Runtime: 5.829043257999729 (s)


Final population:
Index: Selected                                    #Selected    CV          
----------------------------------------------------------------------------------------------------
    0: 1111011100111010001010111011110110101011... 100          0.0056620978
    1: 1111111100111010011000111011110110001011... 95           0.0057618749
    2: 1111011100111011001000111011110110001011... 95           0.0058683053
    3: 1111111100111010001000111011110110101011... 99           0.0055606996
    4: 1111011100110010001000111011110110101011... 100          0.0054958254
    5: 1111111100111010001000111011110110001011... 97           0.0054941142
    6: 1111011100111010011000111011110110101111... 98           0.0057523935
    7: 1111001100111010001000111011110110101011... 96           0.0056115093
    8: 1111011100111010111000101011110110101011... 96           0.0060121472
    9: 1111011100111010001000111011110110101011... 98           0.0057138613

Pickling population to: genetic_alg_settings_population_end.pkl

Hall of Fame:
Index: Selected                                    #Selected    CV          
----------------------------------------------------------------------------------------------------
    0: 1111111101011110000000101011110101001010... 95           0.0053523411
    1: 1111101111111101000000101011110100001011... 98           0.00539338  
    2: 1111101101011011000000111111110100101010... 100          0.005393622 
    3: 1111111101011111000010101011110101001010... 100          0.0053997907
    4: 1111111101011111000000101011110101001010... 94           0.0054045416
    5: 1111101111011101000000101011110100001011... 99           0.0054056375
    6: 1111111110111001101000101011110110001011... 98           0.0054072237
    7: 1111101111011100000000101011110100101011... 97           0.0054109228
    8: 1111101110111001000000101011110110001011... 95           0.0054111571
    9: 1111111101011111000000101011110101001010... 97           0.0054117394

Pickling Hall of Fame to: genetic_alg_settings_evolve_halloffame.pkl
Begin 14 of 20 repetitions
Begin 20 generations
gen	nevals	avg       	std        	min       	max       
0  	0     	0.00569328	0.000156469	0.00549411	0.00601215
1  	10    	0.0056462 	7.80317e-05	0.00550375	0.00573959
2  	10    	0.00563446	0.000113428	0.00546725	0.0058286 
3  	10    	0.00569836	0.000241776	0.00537923	0.00621032
4  	10    	0.0056713 	0.000243599	0.00533637	0.00615214
5  	10    	0.00555917	0.000123013	0.00544222	0.00590496
6  	10    	0.0055404 	0.000111133	0.00540789	0.00573381
7  	10    	0.00556909	8.1777e-05 	0.0054381 	0.00568579
8  	10    	0.00577994	0.000360965	0.00546026	0.00652284
9  	10    	0.00557371	0.000134106	0.00542997	0.00590224
10 	10    	0.005654  	0.000292538	0.00534989	0.00643964
11 	10    	0.00567026	0.00018333 	0.00544057	0.00614628
12 	10    	0.00559648	0.00013008 	0.00544027	0.00583869
13 	10    	0.00551027	8.98581e-05	0.00534483	0.0056868 
14 	10    	0.00580953	0.00100129 	0.00540297	0.00880945
15 	10    	0.00567261	0.000319404	0.00538518	0.00651613
16 	10    	0.00548035	8.71502e-05	0.00533025	0.00562784
17 	10    	0.00552847	9.27886e-05	0.00540986	0.00564911
18 	10    	0.00549435	8.86666e-05	0.00534083	0.00567594
19 	10    	0.00568155	0.000332675	0.00539682	0.00662239
20 	10    	0.0055328 	0.000181271	0.0053215 	0.0060005 
Runtime: 5.83226094299971 (s)


Final population:
Index: Selected                                    #Selected    CV          
----------------------------------------------------------------------------------------------------
    0: 1111110100111010001000111010110110001011... 95           0.0056336428
    1: 1111110100111010001000011011110110000011... 99           0.0055389334
    2: 1111110100111010001000111011110110000011... 98           0.0053214951
    3: 1111110100111010001000011011010110001011... 99           0.0056052749
    4: 1111100100111010001000011011110111101111... 100          0.0054884083
    5: 1111110100111011001000111011010110000011... 99           0.0054178547
    6: 1111110100111010001000011011110110001011... 98           0.0053750289
    7: 1111110100111010001000011011110110001011... 97           0.0054372478
    8: 1111110000111010001000111011110110001011... 99           0.0055096471
    9: 1111100100111010001010011011110010010011... 97           0.0060004989

Pickling population to: genetic_alg_settings_population_end.pkl

Hall of Fame:
Index: Selected                                    #Selected    CV          
----------------------------------------------------------------------------------------------------
    0: 1111110100111010001000111011110110000011... 98           0.0053214951
    1: 1111110100111010001000111011110110000011... 100          0.0053302509
    2: 1111011100111010001000011011110110101011... 94           0.0053363745
    3: 1111110100111010001000111011110110001011... 99           0.0053408334
    4: 1111110100111010001000111011110110101011... 100          0.0053448341
    5: 1111110100111010001100111011110110100011... 99           0.0053498903
    6: 1111111101011110000000101011110101001010... 95           0.0053523411
    7: 1111110100111010001000011011110110001011... 98           0.0053750289
    8: 1111111100111010001010111011110110100011... 98           0.0053792295
    9: 1111110100111010001000111011110110001011... 100          0.0053851841

Pickling Hall of Fame to: genetic_alg_settings_evolve_halloffame.pkl
Begin 15 of 20 repetitions
Begin 20 generations
gen	nevals	avg      	std        	min      	max      
0  	0     	0.0055328	0.000181271	0.0053215	0.0060005
1  	10    	0.00548583	9.13358e-05	0.00531638	0.00568546
2  	10    	0.00551605	9.42891e-05	0.00532624	0.00562864
3  	10    	0.00549417	9.28354e-05	0.00536133	0.00567214
4  	10    	0.00547706	6.6756e-05 	0.00540496	0.0055995 
5  	10    	0.0055414 	0.000119731	0.00536437	0.00570195
6  	10    	0.00557684	0.000163568	0.00537955	0.00596551
7  	10    	0.0056213 	0.00017367 	0.00538848	0.00596632
8  	10    	0.00567557	0.000235412	0.00541724	0.00620938
9  	10    	0.00575377	0.000197057	0.00552357	0.00610142
10 	10    	0.00564941	0.00011162 	0.00544867	0.00580052
11 	10    	0.00566506	0.000210595	0.00539944	0.00609859
12 	10    	0.00566966	0.00013164 	0.00549997	0.00594461
13 	10    	0.00563684	0.000155492	0.00548168	0.00605501
14 	10    	0.00563455	0.00013008 	0.00543685	0.00584854
15 	10    	0.00587198	0.000310856	0.00552889	0.0066955 
16 	10    	0.00567779	0.000102828	0.00553335	0.00584739
17 	10    	0.00562442	8.16288e-05	0.00546805	0.00571355
18 	10    	0.00568963	0.000164193	0.0054711 	0.00599787
19 	10    	0.00585645	0.000345796	0.00553296	0.00670396
20 	10    	0.00571238	0.000162718	0.00551457	0.00610116
Runtime: 5.846411802998773 (s)


Final population:
Index: Selected                                    #Selected    CV          
----------------------------------------------------------------------------------------------------
    0: 1111011110111000000000001010110000000011... 100          0.0058231424
    1: 1111011100111000000000001010110100000011... 99           0.0055584551
    2: 1111010100111000001001011011110100000011... 100          0.0058045043
    3: 1111010100111000001000011011110100000011... 98           0.0061011606
    4: 1111011100111000001000011011110100000011... 100          0.00562662  
    5: 1111011100111000001000011011110100000011... 100          0.0056850972
    6: 1111011100111000000000001010110100000011... 99           0.0055872627
    7: 1111011100111000001000011011110100000011... 100          0.0057675708
    8: 1111011100111000000000001010110100000011... 97           0.0055145671
    9: 1111011100111000000000011011110100000011... 100          0.0056554394

Pickling population to: genetic_alg_settings_population_end.pkl

Hall of Fame:
Index: Selected                                    #Selected    CV          
----------------------------------------------------------------------------------------------------
    0: 1111110100111010001000111011110110000011... 99           0.005316381 
    1: 1111110100111010001000111011110110000011... 98           0.0053214951
    2: 1111110100111010001000011011110110001011... 99           0.0053262369
    3: 1111110100111010001000111011110110000011... 100          0.0053302509
    4: 1111011100111010001000011011110110101011... 94           0.0053363745
    5: 1111110100111010001000111011110110001011... 99           0.0053408334
    6: 1111110100111010001000111011110110101011... 100          0.0053448341
    7: 1111110100111010001100111011110110100011... 99           0.0053498903
    8: 1111111101011110000000101011110101001010... 95           0.0053523411
    9: 1111110100111010001000011011110110001011... 98           0.0053613266

Pickling Hall of Fame to: genetic_alg_settings_evolve_halloffame.pkl
Begin 16 of 20 repetitions
Begin 20 generations
gen	nevals	avg       	std        	min       	max       
0  	0     	0.00571238	0.000162718	0.00551457	0.00610116
1  	10    	0.00577246	0.000236344	0.00558393	0.00643166
2  	10    	0.00580112	0.00036073 	0.0055827 	0.00685588
3  	10    	0.00568163	0.000138808	0.00548607	0.00601218
4  	10    	0.00560162	7.44915e-05	0.00544804	0.00571652
5  	10    	0.00567635	0.000127659	0.00547196	0.00591786
6  	10    	0.00579308	0.000339741	0.005518  	0.00646071
7  	10    	0.00568595	8.45701e-05	0.00555441	0.00587083
8  	10    	0.00555073	4.71318e-05	0.0054855 	0.00564392
9  	10    	0.0055843 	0.000116247	0.0054551 	0.00588002
10 	10    	0.0056094 	0.00017049 	0.00545503	0.00608857
11 	10    	0.00573598	0.000262425	0.00544812	0.00625145
12 	10    	0.00587594	0.000526368	0.00541821	0.00733767
13 	10    	0.00571271	0.000149003	0.00546664	0.00589147
14 	10    	0.00573465	0.000214386	0.00547569	0.0062223 
15 	10    	0.00580908	0.000393247	0.00544277	0.00674839
16 	10    	0.00580905	0.000245489	0.00551706	0.00635113
17 	10    	0.00597262	0.000351071	0.00563141	0.00689616
18 	10    	0.00568011	7.40906e-05	0.0055656 	0.00582853
19 	10    	0.0057674 	0.000130552	0.00560392	0.00598869
20 	10    	0.00571182	6.6269e-05 	0.00561093	0.00582775
Runtime: 5.827309845000855 (s)


Final population:
Index: Selected                                    #Selected    CV          
----------------------------------------------------------------------------------------------------
    0: 1111010100111010000001111010111110000010... 94           0.0057697087
    1: 1111010010111010000100011010111110001011... 99           0.0056794638
    2: 1111010100111010000001011010111110001011... 97           0.0057910972
    3: 1111010000111010000100111010111110000010... 100          0.0057497944
    4: 1111010100111011000001011010111110001010... 100          0.0056839605
    5: 1111010100111010000100111010111110000011... 99           0.0056341981
    6: 1111010100111010000100011010111110001010... 100          0.0056848997
    7: 1111010000111010000000111010111110001010... 92           0.0058277509
    8: 1111010000111010000000111010111110001010... 100          0.0056109284
    9: 1111010100111010000100011010111110001010... 94           0.0056864096

Pickling population to: genetic_alg_settings_population_end.pkl

Hall of Fame:
Index: Selected                                    #Selected    CV          
----------------------------------------------------------------------------------------------------
    0: 1111110100111010001000111011110110000011... 99           0.005316381 
    1: 1111110100111010001000111011110110000011... 98           0.0053214951
    2: 1111110100111010001000011011110110001011... 99           0.0053262369
    3: 1111110100111010001000111011110110000011... 100          0.0053302509
    4: 1111011100111010001000011011110110101011... 94           0.0053363745
    5: 1111110100111010001000111011110110001011... 99           0.0053408334
    6: 1111110100111010001000111011110110101011... 100          0.0053448341
    7: 1111110100111010001100111011110110100011... 99           0.0053498903
    8: 1111111101011110000000101011110101001010... 95           0.0053523411
    9: 1111110100111010001000011011110110001011... 98           0.0053613266

Pickling Hall of Fame to: genetic_alg_settings_evolve_halloffame.pkl
Begin 17 of 20 repetitions
Begin 20 generations
gen	nevals	avg       	std       	min       	max       
0  	0     	0.00571182	6.6269e-05	0.00561093	0.00582775
1  	10    	0.00585311	0.000392126	0.00558894	0.00695405
2  	10    	0.0057162 	0.000141121	0.00544646	0.00593861
3  	10    	0.00577056	0.000297661	0.0056155 	0.00664986
4  	10    	0.00577152	0.000177973	0.00556903	0.00623232
5  	10    	0.00573044	0.000154182	0.0055335 	0.00599607
6  	10    	0.00577745	0.000241433	0.00557   	0.00643327
7  	10    	0.00574596	0.000268827	0.00544794	0.00646028
8  	10    	0.00570264	0.000215854	0.00552594	0.00629769
9  	10    	0.00565757	0.00011989 	0.00550194	0.00593265
10 	10    	0.00573588	0.000382348	0.00547927	0.00683468
11 	10    	0.00567709	0.000244426	0.00551244	0.00639879
12 	10    	0.00565391	0.000179477	0.00552249	0.00617349
13 	10    	0.00581658	0.000369815	0.00547953	0.00674941
14 	10    	0.0058764 	0.000416038	0.00561202	0.00695077
15 	10    	0.00564262	7.81878e-05	0.00551416	0.00580118
16 	10    	0.00575865	0.000151608	0.00559118	0.00613538
17 	10    	0.00572109	0.000128242	0.00558119	0.0060093 
18 	10    	0.00567908	8.98712e-05	0.00550011	0.00576659
19 	10    	0.00591773	0.000408442	0.005513  	0.00700652
20 	10    	0.00588192	0.000278778	0.00563988	0.00666012
Runtime: 5.797069184001884 (s)


Final population:
Index: Selected                                    #Selected    CV          
----------------------------------------------------------------------------------------------------
    0: 1111010100111010000100111010110110000010... 97           0.0057114828
    1: 1110000100111010000000111010111110000010... 100          0.006660123 
    2: 1111010100010010001100101010111110000010... 93           0.0058490523
    3: 1111000100110010000101111011111110000010... 98           0.0056813947
    4: 1111010100110010001100101010111110000010... 97           0.0056398816
    5: 1111010100111010000100111011111110000010... 98           0.0057980503
    6: 1111010100111010000100111010110110000010... 100          0.0060112267
    7: 1111000100111010000000111010111110000010... 96           0.0058411932
    8: 1111010100111010000100111010111110000010... 100          0.0058760237
    9: 1111010100111010000100111010111110000010... 100          0.0057507579

Pickling population to: genetic_alg_settings_population_end.pkl

Hall of Fame:
Index: Selected                                    #Selected    CV          
----------------------------------------------------------------------------------------------------
    0: 1111110100111010001000111011110110000011... 99           0.005316381 
    1: 1111110100111010001000111011110110000011... 98           0.0053214951
    2: 1111110100111010001000011011110110001011... 99           0.0053262369
    3: 1111110100111010001000111011110110000011... 100          0.0053302509
    4: 1111011100111010001000011011110110101011... 94           0.0053363745
    5: 1111110100111010001000111011110110001011... 99           0.0053408334
    6: 1111110100111010001000111011110110101011... 100          0.0053448341
    7: 1111110100111010001100111011110110100011... 99           0.0053498903
    8: 1111111101011110000000101011110101001010... 95           0.0053523411
    9: 1111110100111010001000011011110110001011... 98           0.0053613266

Pickling Hall of Fame to: genetic_alg_settings_evolve_halloffame.pkl
Begin 18 of 20 repetitions
Begin 20 generations
gen	nevals	avg       	std        	min       	max       
0  	0     	0.00588192	0.000278778	0.00563988	0.00666012
1  	10    	0.00569931	6.61173e-05	0.00562957	0.00583795
2  	10    	0.00572821	9.48029e-05	0.00557695	0.00590321
3  	10    	0.00572943	9.64231e-05	0.00555625	0.00587854
4  	10    	0.00574883	0.000109595	0.0056081 	0.00589337
5  	10    	0.00566837	6.84512e-05	0.00553724	0.00574494
6  	10    	0.00584135	0.000273498	0.00555589	0.00635161
7  	10    	0.00591426	0.000347849	0.00563074	0.00676423
8  	10    	0.00581368	0.000278508	0.00557667	0.00657494
9  	10    	0.00586523	0.000414347	0.0055185 	0.00704881
10 	10    	0.0057843 	0.000417858	0.00544441	0.00696042
11 	10    	0.00580538	0.000433533	0.00552914	0.00705287
12 	10    	0.00576658	0.000469387	0.0055048 	0.00711339
13 	10    	0.00558973	8.81528e-05	0.00548901	0.00576883
14 	10    	0.00562333	9.19078e-05	0.00549533	0.00584414
15 	10    	0.00567304	0.00023921 	0.00550309	0.00635372
16 	10    	0.00566677	0.000155411	0.00552466	0.00610711
17 	10    	0.00563742	9.25156e-05	0.00551204	0.00577702
18 	10    	0.00564224	6.87306e-05	0.00556402	0.00580562
19 	10    	0.00564124	0.000140625	0.00547499	0.00593392
20 	10    	0.00559024	9.2301e-05 	0.00540893	0.00578119
Runtime: 5.824968127999455 (s)


Final population:
Index: Selected                                    #Selected    CV          
----------------------------------------------------------------------------------------------------
    0: 1111110100110110001100101010011110000010... 94           0.005781192 
    1: 1111110100110110101100101010011110000110... 100          0.0055614192
    2: 1111110100110110001100101010011110000010... 94           0.0056084124
    3: 1111110100110010101100101010011110000110... 97           0.0055226802
    4: 1111110100110110001100111010011110000010... 100          0.0055963099
    5: 1111110100110110101100101010011110000110... 99           0.0055289938
    6: 1111110100110110001100111010011110000110... 96           0.0054089313
    7: 1111110100110110101100101010011110000010... 99           0.0056596409
    8: 1111110100110110001100101010011110000010... 97           0.0056122232
    9: 1111110100110110001100111010011110000010... 98           0.0056225879

Pickling population to: genetic_alg_settings_population_end.pkl

Hall of Fame:
Index: Selected                                    #Selected    CV          
----------------------------------------------------------------------------------------------------
    0: 1111110100111010001000111011110110000011... 99           0.005316381 
    1: 1111110100111010001000111011110110000011... 98           0.0053214951
    2: 1111110100111010001000011011110110001011... 99           0.0053262369
    3: 1111110100111010001000111011110110000011... 100          0.0053302509
    4: 1111011100111010001000011011110110101011... 94           0.0053363745
    5: 1111110100111010001000111011110110001011... 99           0.0053408334
    6: 1111110100111010001000111011110110101011... 100          0.0053448341
    7: 1111110100111010001100111011110110100011... 99           0.0053498903
    8: 1111111101011110000000101011110101001010... 95           0.0053523411
    9: 1111110100111010001000011011110110001011... 98           0.0053613266

Pickling Hall of Fame to: genetic_alg_settings_evolve_halloffame.pkl
Begin 19 of 20 repetitions
Begin 20 generations
gen	nevals	avg       	std       	min       	max       
0  	0     	0.00559024	9.2301e-05	0.00540893	0.00578119
1  	10    	0.00564319	0.00015324	0.00547172	0.00599109
2  	10    	0.00573526	0.000298611	0.00551484	0.00631369
3  	10    	0.00566714	0.000332342	0.00543106	0.00659823
4  	10    	0.00564725	0.000343341	0.00540282	0.00665146
5  	10    	0.00562319	0.000133232	0.00547192	0.00595035
6  	10    	0.00568471	0.000153903	0.0055333 	0.00599467
7  	10    	0.00569608	9.98855e-05	0.00557452	0.00584868
8  	10    	0.00582563	0.00041949 	0.00556732	0.00704039
9  	10    	0.00573007	7.72576e-05	0.00565755	0.00592925
10 	10    	0.00569504	6.77807e-05	0.0055699 	0.00583986
11 	10    	0.00570986	0.000117735	0.00557288	0.00594502
12 	10    	0.00572041	0.00013392 	0.00552761	0.00597212
13 	10    	0.00568475	8.93222e-05	0.00553695	0.00584519
14 	10    	0.00595528	0.000479069	0.00563086	0.00710033
15 	10    	0.00593419	0.000455373	0.00560723	0.00727738
16 	10    	0.0059875 	0.000353824	0.00564398	0.00680057
17 	10    	0.0060226 	0.000351206	0.00565774	0.00690273
18 	10    	0.0057723 	0.000115411	0.00559932	0.00597298
19 	10    	0.0058425 	0.000153072	0.00564304	0.0061182 
20 	10    	0.00591539	0.000315213	0.0056775 	0.00678341
Runtime: 5.820266675997118 (s)


Final population:
Index: Selected                                    #Selected    CV          
----------------------------------------------------------------------------------------------------
    0: 1111110100110110101100101011011110100110... 100          0.0058409234
    1: 1111110100110110101100101010001110000110... 96           0.0061386287
    2: 1111010100011110111100001010011110001110... 99           0.0057196225
    3: 1111010100011110111100001010011010001110... 93           0.0067834069
    4: 1111110100110110101100101010001110100110... 94           0.0058554479
    5: 1111100100110110101100101010001110100110... 95           0.0057456969
    6: 1111110100110110101100101010011110000110... 97           0.0058850941
    7: 1111110100010110101000001011011110001110... 97           0.0057074413
    8: 1111110100110110101100101010001110100110... 94           0.0058001066
    9: 1111110100110110101101001010001110100110... 97           0.0056774971

Pickling population to: genetic_alg_settings_population_end.pkl

Hall of Fame:
Index: Selected                                    #Selected    CV          
----------------------------------------------------------------------------------------------------
    0: 1111110100111010001000111011110110000011... 99           0.005316381 
    1: 1111110100111010001000111011110110000011... 98           0.0053214951
    2: 1111110100111010001000011011110110001011... 99           0.0053262369
    3: 1111110100111010001000111011110110000011... 100          0.0053302509
    4: 1111011100111010001000011011110110101011... 94           0.0053363745
    5: 1111110100111010001000111011110110001011... 99           0.0053408334
    6: 1111110100111010001000111011110110101011... 100          0.0053448341
    7: 1111110100111010001100111011110110100011... 99           0.0053498903
    8: 1111111101011110000000101011110101001010... 95           0.0053523411
    9: 1111110100111010001000011011110110001011... 98           0.0053613266

Pickling Hall of Fame to: genetic_alg_settings_evolve_halloffame.pkl
Begin 20 of 20 repetitions
Begin 20 generations
gen	nevals	avg       	std        	min      	max       
0  	0     	0.00591539	0.000315213	0.0056775	0.00678341
1  	10    	0.0057072 	0.000111588	0.00558611	0.00599332
2  	10    	0.00580976	0.00023655 	0.00551597	0.00635634
3  	10    	0.00582621	0.000514972	0.00549626	0.00724636
4  	10    	0.00571251	0.000149978	0.00554042	0.00606803
5  	10    	0.00570142	0.000103715	0.00559049	0.00593268
6  	10    	0.00572289	0.00022701 	0.00542953	0.0062236 
7  	10    	0.00572331	0.000181377	0.0055131 	0.00616881
8  	10    	0.0058117 	0.000442955	0.00539775	0.00700834
9  	10    	0.00595134	0.000441369	0.00560435	0.00693458
10 	10    	0.00563868	0.000128096	0.00546141	0.00594878
11 	10    	0.00577915	0.000456259	0.00548415	0.00708224
12 	10    	0.00558267	0.000105286	0.00541924	0.00575764
13 	10    	0.00562932	0.000219637	0.00536811	0.00609358
14 	10    	0.00555507	0.000171966	0.00536909	0.00589777
15 	10    	0.00556018	0.000123131	0.00539974	0.00585239
16 	10    	0.00564018	0.000199441	0.00545922	0.00605076
17 	10    	0.00557481	6.5535e-05 	0.00549695	0.00570538
18 	10    	0.00556796	7.9873e-05 	0.00544783	0.00572747
19 	10    	0.00558369	0.000129722	0.00541054	0.00585534
20 	10    	0.00569283	0.000151462	0.00541572	0.00595723
Runtime: 5.8291861889993015 (s)


Final population:
Index: Selected                                    #Selected    CV          
----------------------------------------------------------------------------------------------------
    0: 1111110100110111011100000010111110010011... 98           0.0059572319
    1: 1111010100110111011100001010011110010011... 98           0.0056491157
    2: 1111110100110111011100001010011110010011... 98           0.0057798607
    3: 1111110100110111011000001010011110010011... 100          0.0054157231
    4: 1111110000110111011100001010011110010011... 100          0.0056660928
    5: 1111010100110111011100001010011110010011... 100          0.0056836592
    6: 1111010100111111011100001010010110010011... 100          0.0056912001
    7: 1111110100110111011100001010011100000011... 98           0.0059144356
    8: 1111010100110111011100001010011110010011... 99           0.0055738414
    9: 1111110100110011011100001010011110010011... 97           0.0055971467

Pickling population to: genetic_alg_settings_population_end.pkl

Hall of Fame:
Index: Selected                                    #Selected    CV          
----------------------------------------------------------------------------------------------------
    0: 1111110100111010001000111011110110000011... 99           0.005316381 
    1: 1111110100111010001000111011110110000011... 98           0.0053214951
    2: 1111110100111010001000011011110110001011... 99           0.0053262369
    3: 1111110100111010001000111011110110000011... 100          0.0053302509
    4: 1111011100111010001000011011110110101011... 94           0.0053363745
    5: 1111110100111010001000111011110110001011... 99           0.0053408334
    6: 1111110100111010001000111011110110101011... 100          0.0053448341
    7: 1111110100111010001100111011110110100011... 99           0.0053498903
    8: 1111111101011110000000101011110101001010... 95           0.0053523411
    9: 1111110100111010001000011011110110001011... 98           0.0053613266

Pickling Hall of Fame to: genetic_alg_settings_evolve_halloffame.pkl
#   DONE  Runtime: 113.1434143530023 (s)

Adding statistics...
  DONE

Result:
Index: Selected                                    #Selected    CV           RMS          wRMS         Estimator                FeatureSelection         Note
--------------------------------------------------------------------------------------------------------------------------------------------------------------------
    0: 1111110100111010001000111011110110000011... 99           0.005316381  0.0043703405 0.0044171369 LinearRegression         GeneticAlgorithm         
    1: 1111110100111010001000111011110110000011... 98           0.0053214951 0.0043757268 0.0044201652 LinearRegression         GeneticAlgorithm         
    2: 1111110100111010001000011011110110001011... 99           0.0053262369 0.0043732211 0.0044344864 LinearRegression         GeneticAlgorithm         
    3: 1111110100111010001000111011110110000011... 100          0.0053302509 0.0043202976 0.0043705152 LinearRegression         GeneticAlgorithm         
    4: 1111011100111010001000011011110110101011... 94           0.0053363745 0.0044639191 0.0045212761 LinearRegression         GeneticAlgorithm         
    5: 1111110100111010001000111011110110001011... 99           0.0053408334 0.0044039805 0.0044479726 LinearRegression         GeneticAlgorithm         
    6: 1111110100111010001000111011110110101011... 100          0.0053448341 0.0043670118 0.0044369733 LinearRegression         GeneticAlgorithm         
    7: 1111110100111010001100111011110110100011... 99           0.0053498903 0.0043833798 0.0044494216 LinearRegression         GeneticAlgorithm         
    8: 1111111101011110000000101011110101001010... 95           0.0053523411 0.0044136517 0.0044966032 LinearRegression         GeneticAlgorithm         
    9: 1111110100111010001000011011110110001011... 98           0.0053613266 0.0043683413 0.0044298678 LinearRegression         GeneticAlgorithm         

Pickling Hall of Fame to: genetic_alg_settings_halloffame.pkl
