Loading genetic_alg_settings.json
# Hall of Fame size: 10 

# Get problem data...
# wHullDist: Will calculate hull distance: hull_dist(CALCULATED,atom_frac)
# Query requested: ['formation_energy', 'is_calculated', 'corr', 'hull_dist(CALCULATED,atom_frac)']
# Use existing: []
# Querying: ['formation_energy', 'is_calculated', 'corr', 'hull_dist(CALCULATED,atom_frac)']
#   DONE

# Target: formation_energy
# Training samples: 627
# Features: 253 

# Weighting:
{
  "method": "wHullDist",
  "kwargs": {
    "A": 0.1,
    "B": 2.0,
    "kT": 0.01,
    "hull_selection": "CALCULATED"
  }
}

# CV:
{
  "method": "KFold",
  "kwargs": {
    "n_splits": 10,
    "shuffle": true
  },
  "penalty": 0.0
} 

# Writing problem specs to: genetic_alg_settings_specs.pkl
# To inspect or customize the problem specs further, use the '--checkspecs' method

# Estimator:
{
  "method": "LinearRegression",
  "kwargs": {
    "fit_intercept": false
  }
} 

# Feature Selection:
{
  "method": "GeneticAlgorithm",
  "kwargs": {
    "constraints_kwargs": {
      "n_features_max": 100,
      "n_features_min": 3,
      "fix_off": [],
      "fix_on": [
        0,
        1,
        2
      ]
    },
    "selTournamentSize": 3,
    "mutFlipBitProb": 0.01,
    "evolve_params_kwargs": {
      "n_generation": 20,
      "n_repetition": 20,
      "n_features_init": 3,
      "n_population": 10,
      "n_halloffame": 10,
      "halloffame_filename": "evolve_halloffame.pkl",
      "filename_prefix": "genetic_alg_settings"
    },
    "cxUniformProb": 0.5
  }
} 

# Fit and select...
Constructing initial population
Begin 1 of 20 repetitions
Begin 20 generations
gen	nevals	avg      	std        	min      	max      
0  	10    	0.0196075	0.000556587	0.0184301	0.0201788
1  	10    	0.0182815	0.000299914	0.017747 	0.0186644
2  	10    	0.0173909	0.000694603	0.0163712	0.0187445
3  	10    	0.0166109	0.00126314 	0.0155467	0.0201143
4  	10    	0.0155158	0.000970523	0.0129095	0.0169314
5  	10    	0.0145138	0.000814901	0.0124192	0.015608 
6  	10    	0.0142527	0.000840952	0.0122882	0.014923 
7  	10    	0.013623 	0.000849731	0.0122592	0.0146296
8  	10    	0.0121655	0.000498525	0.0111008	0.0129695
9  	10    	0.0112685	0.000711346	0.0103286	0.0125702
10 	10    	0.0104603	0.000698027	0.0095338	0.0120504
11 	10    	0.0100275	0.000536334	0.00951712	0.0110993
12 	10    	0.00959722	0.000354356	0.00901164	0.0102283
13 	10    	0.00915064	0.000318889	0.00878142	0.00970161
14 	10    	0.00906502	0.000306971	0.00883555	0.00982259
15 	10    	0.00883535	0.000137045	0.00858694	0.0089995 
16 	10    	0.00876146	0.000130398	0.00857508	0.00901307
17 	10    	0.00877464	0.000156968	0.00840262	0.00899677
18 	10    	0.00870803	0.000374843	0.00835374	0.00977797
19 	10    	0.00855349	0.000219434	0.00821857	0.00900717
20 	10    	0.00831517	0.000184626	0.00797724	0.00851115
Runtime: 3.238777698999911 (s)


Final population:
Index: Selected                                    #Selected    CV          
----------------------------------------------------------------------------------------------------
    0: 1110000000011001001000000001011100000000... 59           0.0084362951
    1: 1110000000011001001000001011011100000000... 59           0.0080354058
    2: 1110100000011001001000110001011100100001... 72           0.0082729023
    3: 1110000000011001001000000001011100001001... 67           0.008371868 
    4: 1110000000011001001000000001011100000001... 64           0.008506232 
    5: 1110010000011001001000001001011100000000... 61           0.0079772362
    6: 1110000000011001001000000001011100000000... 64           0.0084718967
    7: 1110000000011001001000001001011100000001... 63           0.0081674195
    8: 1110100000011001001000000001011100000001... 65           0.0084013116
    9: 1110000000011001001000000001011100001001... 66           0.0085111517

Pickling population to: genetic_alg_settings_population_end.pkl

Hall of Fame:
Index: Selected                                    #Selected    CV          
----------------------------------------------------------------------------------------------------
    0: 1110010000011001001000001001011100000000... 61           0.0079772362
    1: 1110000000011001001000001011011100000000... 59           0.0080354058
    2: 1110000000011001001000001001011100000001... 63           0.0081674195
    3: 1110000000011001001000001001011100000000... 58           0.0082185669
    4: 1110100000011001001000110001011100100001... 72           0.0082729023
    5: 1110000000011001001000000001011100000001... 64           0.0083537447
    6: 1110000000011001001000000001011100001001... 67           0.008371868 
    7: 1110000000011001001000000001011100000001... 66           0.008375695 
    8: 1110100000011001001000000001011100000001... 65           0.0084013116
    9: 1110000000011001001000000001011100000001... 58           0.0084026181

Pickling Hall of Fame to: genetic_alg_settings_evolve_halloffame.pkl
Begin 2 of 20 repetitions
Begin 20 generations
gen	nevals	avg       	std        	min       	max       
0  	0     	0.00831517	0.000184626	0.00797724	0.00851115
1  	10    	0.00821401	0.000203634	0.00787279	0.00854231
2  	10    	0.00802037	0.000239929	0.00771505	0.0084286 
3  	10    	0.00783271	0.000135642	0.00765824	0.00808754
4  	10    	0.00781525	0.000148581	0.00760557	0.00809944
5  	10    	0.00779066	0.000151367	0.00753455	0.00810621
6  	10    	0.00764702	0.000266778	0.0070573 	0.00791605
7  	10    	0.00741502	0.000382208	0.00663564	0.00796138
8  	10    	0.00725529	0.000468967	0.00648885	0.00791012
9  	10    	0.0069122 	0.000347137	0.00649247	0.00747331
10 	10    	0.0069112 	0.000400308	0.00639781	0.00772252
11 	10    	0.00657027	0.00025523 	0.00615721	0.00696582
12 	10    	0.00635513	0.000118414	0.00612829	0.00652815
13 	10    	0.00633748	0.000169538	0.00619857	0.00677334
14 	10    	0.00638744	0.000342213	0.00612359	0.00738728
15 	10    	0.00628734	0.000123921	0.00607352	0.00649811
16 	10    	0.00636434	0.000400418	0.00592287	0.00727917
17 	10    	0.00620606	0.000228764	0.00584771	0.00669148
18 	10    	0.00619746	0.00026367 	0.00583383	0.00684   
19 	10    	0.00617962	0.000317553	0.00585013	0.00701907
20 	10    	0.00614727	0.000244694	0.00597393	0.00685665
Runtime: 4.8130835670017404 (s)


Final population:
Index: Selected                                    #Selected    CV          
----------------------------------------------------------------------------------------------------
    0: 1111100001011000101000001011010100101010... 82           0.0059739304
    1: 1111100001011000101000000011010100101010... 82           0.0068566498
    2: 1111100001011000101000001111010100101010... 82           0.0060800592
    3: 1111100001011000101000001011011110101010... 86           0.0060321753
    4: 1111100001011000101000001001011100101010... 89           0.006203328 
    5: 1111100001011000100000001001011100100010... 87           0.006004886 
    6: 1111100001011000101000001011011110101010... 88           0.0061111035
    7: 1111100001011000101000001011010100101010... 83           0.0060117166
    8: 1111100001011000101000001011011100101010... 83           0.0061039316
    9: 1111100001011000101000001111010100101010... 83           0.0060949046

Pickling population to: genetic_alg_settings_population_end.pkl

Hall of Fame:
Index: Selected                                    #Selected    CV          
----------------------------------------------------------------------------------------------------
    0: 1111100001011000101000001011011100101010... 83           0.0058338271
    1: 1111100001011000101000001011011100101010... 85           0.0058477073
    2: 1111100001011000101000001111011100101010... 83           0.0058501347
    3: 1111100001011000101000001001011100101010... 85           0.0058759611
    4: 1111100001011000101000001011011100101010... 84           0.005922872 
    5: 1111100001011000101000001101011100101010... 86           0.0059486634
    6: 1111100001011000101000001101011100101010... 85           0.0059531892
    7: 1111100001011000101000001011010100101010... 82           0.0059739304
    8: 1111100001011000101000001011011110101010... 88           0.0059819466
    9: 1111100001011000100000001001011100100010... 87           0.006004886 

Pickling Hall of Fame to: genetic_alg_settings_evolve_halloffame.pkl
Begin 3 of 20 repetitions
Begin 20 generations
gen	nevals	avg       	std        	min       	max       
0  	0     	0.00614727	0.000244694	0.00597393	0.00685665
1  	10    	0.00620335	0.000198688	0.00580602	0.00656491
2  	10    	0.0061884 	0.000359437	0.00591404	0.00719758
3  	10    	0.00604258	0.000107089	0.00587391	0.00630698
4  	10    	0.00608688	8.9983e-05 	0.00588871	0.00621737
5  	10    	0.00612123	0.00031588 	0.0058256 	0.00704411
6  	10    	0.00604781	0.000150761	0.00587495	0.00641917
7  	10    	0.00596141	9.46795e-05	0.00581882	0.00610168
8  	10    	0.0059347 	0.000122671	0.00574536	0.0061783 
9  	10    	0.00586453	0.000158056	0.00569107	0.00624863
10 	10    	0.00584392	0.000100874	0.00569004	0.00604596
11 	10    	0.00579597	8.71169e-05	0.0056733 	0.00592171
12 	10    	0.00578875	6.31783e-05	0.0056814 	0.00591482
13 	10    	0.00584326	0.000135127	0.00562866	0.00607079
14 	10    	0.00592731	0.000282827	0.0056708 	0.0066895 
15 	10    	0.00598355	0.000252939	0.00575016	0.0063926 
16 	10    	0.00601072	0.000376883	0.00571428	0.00694701
17 	10    	0.00590153	0.000200077	0.00569989	0.0063861 
18 	10    	0.00571772	6.94735e-05	0.00559802	0.00583915
19 	10    	0.00597625	0.000561395	0.00565866	0.00758459
20 	10    	0.00577752	0.000229994	0.00560941	0.00644505
Runtime: 5.73699907199989 (s)


Final population:
Index: Selected                                    #Selected    CV          
----------------------------------------------------------------------------------------------------
    0: 1111110101011010001011011011001100100010... 95           0.0057861445
    1: 1111110101011010001000011011011100100010... 100          0.0057770063
    2: 1111110101011010001011011011111100100010... 100          0.0056094134
    3: 1111110101011010001000011011001100100010... 97           0.0056397765
    4: 1111010101011010001000011011011100100010... 100          0.0057279326
    5: 1111100101011010001001011011011100100010... 93           0.0056242544
    6: 1111110101011010001010011011000100100010... 93           0.0064450503
    7: 1111110101011010001011011011001100100010... 100          0.0057180553
    8: 1111100101011010001011011011011100100010... 99           0.0057439228
    9: 1111110101011010001001011011001100100010... 97           0.0057036783

Pickling population to: genetic_alg_settings_population_end.pkl

Hall of Fame:
Index: Selected                                    #Selected    CV          
----------------------------------------------------------------------------------------------------
    0: 1111100101011010001011011011001100100010... 100          0.0055980189
    1: 1111110101011010001011011011111100100010... 100          0.0056094134
    2: 1111100101011010001001011011011100100010... 93           0.0056242544
    3: 1111100101011010001000011011011100100010... 98           0.0056286559
    4: 1111110101011010001000011011011100100010... 100          0.0056351686
    5: 1111110101011010001000011011001100100010... 97           0.0056397765
    6: 1111110101011010001011011011001100100010... 98           0.0056586596
    7: 1111110101011010001000011011011100100010... 100          0.0056695764
    8: 1111100101011010001000011011011100100010... 100          0.005670802 
    9: 1111100101011010101000011011011100100010... 100          0.0056732985

Pickling Hall of Fame to: genetic_alg_settings_evolve_halloffame.pkl
Begin 4 of 20 repetitions
Begin 20 generations
gen	nevals	avg       	std        	min       	max       
0  	0     	0.00577752	0.000229994	0.00560941	0.00644505
1  	10    	0.00586352	0.000247973	0.00557329	0.00642012
2  	10    	0.00563   	5.85291e-05	0.0055247 	0.00572734
3  	10    	0.00572007	0.000177149	0.00554009	0.00611596
4  	10    	0.00567473	0.000113534	0.00551856	0.00593567
5  	10    	0.00571065	0.000170726	0.00557705	0.00605427
6  	10    	0.00568302	0.000157867	0.00545696	0.00608802
7  	10    	0.00581396	0.000191737	0.00561303	0.00624427
8  	10    	0.005743  	0.000216475	0.00554556	0.00629554
9  	10    	0.00586555	0.000305285	0.00552944	0.00658749
10 	10    	0.00565039	0.000138274	0.00549864	0.00594246
11 	10    	0.00564577	8.31395e-05	0.00551834	0.00580421
12 	10    	0.0057187 	0.000198356	0.00553646	0.00626205
13 	10    	0.00565733	7.19023e-05	0.00549819	0.0057694 
14 	10    	0.00570675	9.77586e-05	0.00559544	0.00596918
15 	10    	0.00571693	0.000251245	0.00548501	0.0063991 
16 	10    	0.00565302	0.000105944	0.00547693	0.00580155
17 	10    	0.00564941	0.00015097 	0.00541376	0.00592625
18 	10    	0.0056593 	0.000172838	0.0054236 	0.00608278
19 	10    	0.00558691	7.4725e-05 	0.00546074	0.00572592
20 	10    	0.00566336	0.000158311	0.00542457	0.00587739
Runtime: 5.775864241000818 (s)


Final population:
Index: Selected                                    #Selected    CV          
----------------------------------------------------------------------------------------------------
    0: 1111100001011110001001011011100100100110... 96           0.005585915 
    1: 1111100001111010001001011011111000100110... 100          0.0056918659
    2: 1111100001111010001001011011111100100110... 99           0.0055351265
    3: 1111100001111110001001011011100100100110... 98           0.0055029448
    4: 1111100101011010000001011011110100100110... 100          0.0058005212
    5: 1111100001111110001001011011100100100110... 96           0.0054245738
    6: 1111100001111110001001011011110100110110... 100          0.0058345134
    7: 1111100001011010001001011011100100100110... 96           0.0055334497
    8: 1111100001111110001001011011100100100110... 99           0.0058472706
    9: 1111100001011110001001011001101100100110... 96           0.0058773946

Pickling population to: genetic_alg_settings_population_end.pkl

Hall of Fame:
Index: Selected                                    #Selected    CV          
----------------------------------------------------------------------------------------------------
    0: 1111100001011010001001011011100100100110... 93           0.0054137644
    1: 1111100001011010001001011011100100100110... 94           0.0054235988
    2: 1111100001111110001001011011100100100110... 96           0.0054245738
    3: 1111100101011010001010011011111100100010... 99           0.005456957 
    4: 1111100001111110001001011011101100100110... 98           0.0054607395
    5: 1111100001011010001001011011111100100110... 93           0.0054747155
    6: 1111100001011010001001011011101100100110... 95           0.0054769254
    7: 1111100001011010001001011011101100100110... 94           0.0054850096
    8: 1111100101111010001001011011111100100110... 97           0.0054981872
    9: 1111100101011010001011011011111100100110... 100          0.0054986439

Pickling Hall of Fame to: genetic_alg_settings_evolve_halloffame.pkl
Begin 5 of 20 repetitions
Begin 20 generations
gen	nevals	avg       	std        	min       	max       
0  	0     	0.00566336	0.000158311	0.00542457	0.00587739
1  	10    	0.00563076	0.000150361	0.00544766	0.00590533
2  	10    	0.00566749	0.000165164	0.0054451 	0.0060003 
3  	10    	0.00581002	0.000484105	0.0055398 	0.00723286
4  	10    	0.00569614	0.000196216	0.00549594	0.00623946
5  	10    	0.0057318 	0.000164046	0.00550633	0.00596105
6  	10    	0.00569948	0.000173146	0.00544656	0.005951  
7  	10    	0.00575818	0.000303464	0.00550292	0.00656923
8  	10    	0.00571282	0.000137233	0.005553  	0.00605755
9  	10    	0.00572931	0.000241219	0.00556834	0.00635033
10 	10    	0.00569642	0.000131821	0.00553637	0.00603515
11 	10    	0.00557377	6.15544e-05	0.00548039	0.00568683
12 	10    	0.00558459	8.28029e-05	0.00542696	0.00569205
13 	10    	0.00560534	0.000157444	0.0053984 	0.00601428
14 	10    	0.00560481	0.000121048	0.00542074	0.00588119
15 	10    	0.00559897	0.000342112	0.005369  	0.00660143
16 	10    	0.00552701	0.000118333	0.00538235	0.00582475
17 	10    	0.00553187	0.000170856	0.00536849	0.00589887
18 	10    	0.00558231	0.000196894	0.00535073	0.00591063
19 	10    	0.00563102	0.000186274	0.00536519	0.00590106
20 	10    	0.0056023 	0.000164501	0.0053649 	0.00598057
Runtime: 5.796745704999921 (s)


Final population:
Index: Selected                                    #Selected    CV          
----------------------------------------------------------------------------------------------------
    0: 1111100001111000010001001011100100100110... 95           0.0056185848
    1: 1111100001111110011001001011100100100110... 92           0.0055570706
    2: 1111100001111010010001001011100100100110... 94           0.0054791472
    3: 1111100001111010010001001011100100100110... 98           0.0054344703
    4: 1111100011101110011001001011100100100000... 99           0.0056640487
    5: 1111100001111010010001001011100100100110... 90           0.0053649046
    6: 1111100001111110011001001011100100100110... 99           0.005607982 
    7: 1111100001101010011001001011100100100110... 100          0.0057459836
    8: 1111100001001000011001001011100100110110... 100          0.0059805651
    9: 1111100011110011010001001011101100100110... 97           0.0055702089

Pickling population to: genetic_alg_settings_population_end.pkl

Hall of Fame:
Index: Selected                                    #Selected    CV          
----------------------------------------------------------------------------------------------------
    0: 1111100001111110011001001011100100100110... 100          0.0053507313
    1: 1111100001111010010001001011100100100110... 90           0.0053649046
    2: 1111100001111010010001001011100100100110... 94           0.0053651912
    3: 1111100001111110011001001011100100100110... 98           0.0053684898
    4: 1111100001111110011001001011100100100110... 99           0.0053690015
    5: 1111100001111010010001001011101100100110... 98           0.0053801857
    6: 1111100001111110011001001011100100100110... 100          0.0053823457
    7: 1111100001111110010001001011100100100110... 100          0.0053871803
    8: 1111100001111110011001001011100100100110... 99           0.0053963117
    9: 1111100001111110010001001011100100100110... 97           0.0053983961

Pickling Hall of Fame to: genetic_alg_settings_evolve_halloffame.pkl
Begin 6 of 20 repetitions
Begin 20 generations
gen	nevals	avg      	std        	min      	max       
0  	0     	0.0056023	0.000164501	0.0053649	0.00598057
1  	10    	0.00564575	0.000327944	0.00537901	0.00647433
2  	10    	0.00549225	6.40966e-05	0.00533949	0.00558305
3  	10    	0.00548284	0.000155306	0.00532972	0.00591098
4  	10    	0.00546937	9.89051e-05	0.00535093	0.00569331
5  	10    	0.00555769	0.000305861	0.00532833	0.00637605
6  	10    	0.00553235	0.000254211	0.00532663	0.00608178
7  	10    	0.00545158	0.00015341 	0.00526033	0.00578235
8  	10    	0.00542085	0.000146463	0.00520587	0.00579266
9  	10    	0.005543  	0.000290159	0.00525965	0.0063004 
10 	10    	0.00546634	9.182e-05  	0.00534129	0.00564266
11 	10    	0.00546518	0.000139067	0.00525469	0.00580023
12 	10    	0.00549402	0.000201737	0.00528238	0.00604032
13 	10    	0.00547406	0.000141795	0.00526048	0.00570753
14 	10    	0.00544604	0.000123475	0.00532918	0.00577169
15 	10    	0.00548445	0.000163296	0.00530137	0.0059251 
16 	10    	0.00541651	9.44923e-05	0.00529101	0.00558114
17 	10    	0.00538902	9.39046e-05	0.0052709 	0.00561102
18 	10    	0.0054217 	0.000132698	0.00524241	0.00575636
19 	10    	0.00538768	8.70289e-05	0.0051813 	0.00546914
20 	10    	0.00547087	0.000211043	0.00524551	0.0059206 
Runtime: 5.761269998001808 (s)


Final population:
Index: Selected                                    #Selected    CV          
----------------------------------------------------------------------------------------------------
    0: 1111100111111010001001001011101100110010... 100          0.0053446666
    1: 1111100111111010010001001011101100110110... 98           0.005804063 
    2: 1110100111111010010001001011101100100110... 100          0.0059205983
    3: 1111100111111010010001001011101100100110... 100          0.0053950883
    4: 1111100111111010010001001011101100110010... 93           0.0053684702
    5: 1111100011111010001001001011101100100110... 100          0.0055619157
    6: 1111100111111010010001001011101100100110... 99           0.0052455142
    7: 1111100111111010010001001011101100100110... 99           0.0053843162
    8: 1111100011111010010001011011101101110110... 99           0.0053318269
    9: 1111100111111010010001001011100100110110... 94           0.0053522855

Pickling population to: genetic_alg_settings_population_end.pkl

Hall of Fame:
Index: Selected                                    #Selected    CV          
----------------------------------------------------------------------------------------------------
    0: 1111100111111010010001001011101100100110... 98           0.0051813021
    1: 1111100001111010010011001011100100100010... 99           0.0052058719
    2: 1111100111111010001001001011101100100010... 98           0.0052424102
    3: 1111100111111010010001001011101100100110... 99           0.0052455142
    4: 1111100011111010010001001011100100100010... 98           0.0052546886
    5: 1111101101111010010011001011100100100010... 100          0.0052596545
    6: 1111100011111010010001001011100100100110... 100          0.0052603277
    7: 1111100101111010010001001011101100100110... 97           0.0052604752
    8: 1111100101110010010001001011101101100110... 98           0.0052708952
    9: 1111100101111010010001001011100100100110... 100          0.0052823848

Pickling Hall of Fame to: genetic_alg_settings_evolve_halloffame.pkl
Begin 7 of 20 repetitions
Begin 20 generations
gen	nevals	avg       	std        	min       	max      
0  	0     	0.00547087	0.000211043	0.00524551	0.0059206
1  	10    	0.00547219	0.000132906	0.00526416	0.00569082
2  	10    	0.00540767	0.000172295	0.00522687	0.00573237
3  	10    	0.00541561	7.95429e-05	0.00527556	0.00553933
4  	10    	0.00537285	5.16093e-05	0.00525638	0.00543789
5  	10    	0.00540561	5.7763e-05 	0.00532026	0.00552597
6  	10    	0.0054362 	0.000113012	0.00526743	0.00569173
7  	10    	0.00549776	0.00024671 	0.00531815	0.00608519
8  	10    	0.00546381	0.00012314 	0.00531023	0.00573982
9  	10    	0.00544927	9.14771e-05	0.00530029	0.00558465
10 	10    	0.00540258	6.13436e-05	0.00530012	0.00551179
11 	10    	0.0054757 	0.000118585	0.00524763	0.00569619
12 	10    	0.00546488	7.37186e-05	0.0053257 	0.00558482
13 	10    	0.00546822	0.000171958	0.00524936	0.00595028
14 	10    	0.0054451 	0.000122902	0.0052963 	0.00564985
15 	10    	0.00551632	0.000243128	0.00529624	0.0061321 
16 	10    	0.00551278	0.00010825 	0.0054114 	0.00579631
17 	10    	0.00561776	0.000234376	0.00537105	0.00623151
18 	10    	0.00564011	9.34177e-05	0.00551305	0.0058455 
19 	10    	0.00560739	0.000117291	0.00535663	0.00579109
20 	10    	0.00561414	0.000183309	0.00542827	0.0060804 
Runtime: 5.786138867999398 (s)


Final population:
Index: Selected                                    #Selected    CV          
----------------------------------------------------------------------------------------------------
    0: 1111100111111010000001001111111100100000... 100          0.0054522271
    1: 1111100111111010000001001111111100111000... 100          0.005705537 
    2: 1111100111111010000010001111011100100010... 95           0.005513021 
    3: 1111100111111010000010001111011100100010... 95           0.0056098711
    4: 1111100011111010100011001101011100110011... 100          0.0056608296
    5: 1111110011111010100011001111011100110011... 100          0.0054301296
    6: 1111100111111010000001001011010100110010... 97           0.0056671746
    7: 1111100111111010000001001111111100111010... 97           0.0060804021
    8: 1111100011111010100011001111011100100011... 100          0.0055939181
    9: 1111100011111010100011001111011100110011... 99           0.0054282723

Pickling population to: genetic_alg_settings_population_end.pkl

Hall of Fame:
Index: Selected                                    #Selected    CV          
----------------------------------------------------------------------------------------------------
    0: 1111100111111010010001001011101100100110... 98           0.0051813021
    1: 1111100001111010010011001011100100100010... 99           0.0052058719
    2: 1111100111111010000001001011101100000110... 93           0.0052268677
    3: 1111100111111010010001001011101100110010... 97           0.0052367251
    4: 1111100111111010001001001011101100100010... 98           0.0052424102
    5: 1111100111111010010001001011101100100110... 99           0.0052455142
    6: 1111110111111010010001001011101100110010... 97           0.0052476299
    7: 1111100111111010000001001011111100110010... 98           0.0052493647
    8: 1111100011111010010001001011100100100010... 98           0.0052546886
    9: 1111100111111010010001001011101100110010... 94           0.0052563781

Pickling Hall of Fame to: genetic_alg_settings_evolve_halloffame.pkl
Begin 8 of 20 repetitions
Begin 20 generations
gen	nevals	avg       	std        	min       	max      
0  	0     	0.00561414	0.000183309	0.00542827	0.0060804
1  	10    	0.00557143	0.000101187	0.00538932	0.00568503
2  	10    	0.00584219	0.000355473	0.00547134	0.00664081
3  	10    	0.00587953	0.000365061	0.00535217	0.00668897
4  	10    	0.00582576	0.000363766	0.00546168	0.00670671
5  	10    	0.00569015	0.000129106	0.00548551	0.00594804
6  	10    	0.00557149	0.000156032	0.0052956 	0.00577958
7  	10    	0.00549344	8.73974e-05	0.00536614	0.00564556
8  	10    	0.00552882	0.000155318	0.00540239	0.00596748
9  	10    	0.00546071	7.44239e-05	0.00536264	0.00561333
10 	10    	0.00568304	0.000283023	0.00533388	0.00641252
11 	10    	0.00555546	0.000283507	0.00534738	0.0063612 
12 	10    	0.0054641 	0.000105028	0.00529854	0.00563631
13 	10    	0.00541713	6.37652e-05	0.00528715	0.00549909
14 	10    	0.00561416	0.000206813	0.00534104	0.0060959 
15 	10    	0.00559606	0.000125145	0.00541833	0.00585866
16 	10    	0.00563358	0.00033442 	0.0053294 	0.00655225
17 	10    	0.0054228 	5.2076e-05 	0.00533034	0.00551073
18 	10    	0.00546934	0.000102729	0.00532601	0.00564279
19 	10    	0.00547218	7.44877e-05	0.00533174	0.00560341
20 	10    	0.00557308	0.000120333	0.00540235	0.00583807
Runtime: 5.7873855820034805 (s)


Final population:
Index: Selected                                    #Selected    CV          
----------------------------------------------------------------------------------------------------
    0: 1111110111111010110001001000101100100111... 100          0.0058380699
    1: 1111100111111011110001001010101100000011... 100          0.0055016825
    2: 1111110111111010110001001010101100000111... 100          0.0055643134
    3: 1111100111111011110001001010101100000111... 100          0.00540235  
    4: 1111000011111000110001001010101100000111... 90           0.0056987706
    5: 1111101111111010100001001010101100000011... 100          0.0055783974
    6: 1111100111111010110001001010101100000111... 98           0.0055080552
    7: 1111110111111011110001001010101100000111... 100          0.0056009313
    8: 1111100111111000110001001010101100000111... 98           0.0054366517
    9: 1111100111111010110001001010111100000011... 100          0.0056016088

Pickling population to: genetic_alg_settings_population_end.pkl

Hall of Fame:
Index: Selected                                    #Selected    CV          
----------------------------------------------------------------------------------------------------
    0: 1111100111111010010001001011101100100110... 98           0.0051813021
    1: 1111100001111010010011001011100100100010... 99           0.0052058719
    2: 1111100111111010000001001011101100000110... 93           0.0052268677
    3: 1111100111111010010001001011101100110010... 97           0.0052367251
    4: 1111100111111010001001001011101100100010... 98           0.0052424102
    5: 1111100111111010010001001011101100100110... 99           0.0052455142
    6: 1111110111111010010001001011101100110010... 97           0.0052476299
    7: 1111100111111010000001001011111100110010... 98           0.0052493647
    8: 1111100011111010010001001011100100100010... 98           0.0052546886
    9: 1111100111111010010001001011101100110010... 94           0.0052563781

Pickling Hall of Fame to: genetic_alg_settings_evolve_halloffame.pkl
Begin 9 of 20 repetitions
Begin 20 generations
gen	nevals	avg       	std        	min       	max       
0  	0     	0.00557308	0.000120333	0.00540235	0.00583807
1  	10    	0.00569034	0.000222979	0.00539471	0.00621591
2  	10    	0.00561927	0.000208465	0.00533977	0.0059176 
3  	10    	0.00560795	0.000160216	0.00538135	0.00589307
4  	10    	0.00563551	0.000297917	0.00527212	0.0063478 
5  	10    	0.00551035	0.000122941	0.00534955	0.00577521
6  	10    	0.00556774	0.000203405	0.00532206	0.00597511
7  	10    	0.00542349	0.000104622	0.00524559	0.00562711
8  	10    	0.00547202	0.000107001	0.00535915	0.00573737
9  	10    	0.00539074	8.31852e-05	0.00527472	0.00552617
10 	10    	0.00564413	0.000436057	0.00530067	0.00684535
11 	10    	0.0054772 	0.000214272	0.00528344	0.00608948
12 	10    	0.00543749	7.99005e-05	0.00533428	0.00556067
13 	10    	0.00550419	0.000174866	0.0053255 	0.00594682
14 	10    	0.00550029	0.000158362	0.0053012 	0.00584923
15 	10    	0.00545054	8.18398e-05	0.00532116	0.00560602
16 	10    	0.00561952	0.000324997	0.00530421	0.00639888
17 	10    	0.0054786 	8.95124e-05	0.00536448	0.00563828
18 	10    	0.00551652	0.000193665	0.00528915	0.00605166
19 	10    	0.00550385	0.000108887	0.00537492	0.0056736 
20 	10    	0.00546598	6.74062e-05	0.00537671	0.00557021
Runtime: 5.73583778900138 (s)


Final population:
Index: Selected                                    #Selected    CV          
----------------------------------------------------------------------------------------------------
    0: 1111100111111011110000001010111100110110... 95           0.0054733791
    1: 1111100111111011110000001010101100110010... 96           0.0053989552
    2: 1111101111111011110000001010101100100110... 95           0.0054384465
    3: 1111100111111011110000001010101100110010... 93           0.0054167815
    4: 1111101111111011111000001010101100100110... 98           0.0055340548
    5: 1111101111111011110000001010101100100110... 98           0.0053767133
    6: 1111100111111011110000001010101100110110... 97           0.0055063806
    7: 1111100111111011110000001010101100100010... 88           0.0055515801
    8: 1111100111111011110000001010101100100010... 92           0.0055702127
    9: 1111100111111011110000001010101100110010... 92           0.0053932922

Pickling population to: genetic_alg_settings_population_end.pkl

Hall of Fame:
Index: Selected                                    #Selected    CV          
----------------------------------------------------------------------------------------------------
    0: 1111100111111010010001001011101100100110... 98           0.0051813021
    1: 1111100001111010010011001011100100100010... 99           0.0052058719
    2: 1111100111111010000001001011101100000110... 93           0.0052268677
    3: 1111100111111010010001001011101100110010... 97           0.0052367251
    4: 1111100111111010001001001011101100100010... 98           0.0052424102
    5: 1111100111111010010001001011101100100110... 99           0.0052455142
    6: 1111100111011011010000001010101100100111... 95           0.0052455894
    7: 1111110111111010010001001011101100110010... 97           0.0052476299
    8: 1111100111111010000001001011111100110010... 98           0.0052493647
    9: 1111100011111010010001001011100100100010... 98           0.0052546886

Pickling Hall of Fame to: genetic_alg_settings_evolve_halloffame.pkl
Begin 10 of 20 repetitions
Begin 20 generations
gen	nevals	avg       	std        	min       	max       
0  	0     	0.00546598	6.74062e-05	0.00537671	0.00557021
1  	10    	0.00545037	0.000103377	0.00530902	0.0056457 
2  	10    	0.00546078	8.69256e-05	0.00533135	0.00560644
3  	10    	0.00544868	8.34593e-05	0.005332  	0.0056322 
4  	10    	0.00555179	0.000345522	0.00536131	0.00657474
5  	10    	0.00544736	6.17544e-05	0.00534345	0.00554352
6  	10    	0.00552277	0.000127423	0.00537006	0.00569477
7  	10    	0.00558253	0.000258034	0.0053113 	0.0062688 
8  	10    	0.00549667	0.000123394	0.00535106	0.00577047
9  	10    	0.00560996	0.000155296	0.00542804	0.0059465 
10 	10    	0.00550979	9.51508e-05	0.005417  	0.00573017
11 	10    	0.00557573	0.00019346 	0.00537935	0.00609743
12 	10    	0.00553425	8.04994e-05	0.00539915	0.00567334
13 	10    	0.00547429	0.000102319	0.00532967	0.0057164 
14 	10    	0.00549455	0.000118843	0.00537882	0.00578037
15 	10    	0.00566025	0.000242396	0.00529198	0.00612751
16 	10    	0.00561099	0.000127121	0.00543114	0.00593588
17 	10    	0.00556502	0.000142341	0.00539691	0.00580477
18 	10    	0.00551113	8.78901e-05	0.00538268	0.00569998
19 	10    	0.00557462	0.000178102	0.00525692	0.00590829
20 	10    	0.00564324	0.0002306  	0.00542298	0.00625062
Runtime: 5.747502531001373 (s)


Final population:
Index: Selected                                    #Selected    CV          
----------------------------------------------------------------------------------------------------
    0: 1111100111110011110000001010101100110011... 95           0.0054851097
    1: 1111100110110111010000001011101100100011... 100          0.0057711591
    2: 1111101111110011110000001010101100110001... 99           0.0054229779
    3: 1111100111110011110000001010101100110011... 94           0.0055323525
    4: 1111100110110111110000000011101100100011... 100          0.0062506169
    5: 1111100110100110110000001011101100000011... 95           0.0056351834
    6: 1111100111110111110000001010101100100011... 98           0.0054572491
    7: 1111100111100010110000001011101100010011... 97           0.0057495553
    8: 1111100111100110110000001111101100000011... 98           0.0055310121
    9: 1111100111100010110000001011101100000011... 97           0.0055971769

Pickling population to: genetic_alg_settings_population_end.pkl

Hall of Fame:
Index: Selected                                    #Selected    CV          
----------------------------------------------------------------------------------------------------
    0: 1111100111111010010001001011101100100110... 98           0.0051813021
    1: 1111100001111010010011001011100100100010... 99           0.0052058719
    2: 1111100111111010000001001011101100000110... 93           0.0052268677
    3: 1111100111111010010001001011101100110010... 97           0.0052367251
    4: 1111100111111010001001001011101100100010... 98           0.0052424102
    5: 1111100111111010010001001011101100100110... 99           0.0052455142
    6: 1111100111011011010000001010101100100111... 95           0.0052455894
    7: 1111110111111010010001001011101100110010... 97           0.0052476299
    8: 1111100111111010000001001011111100110010... 98           0.0052493647
    9: 1111100011111010010001001011100100100010... 98           0.0052546886

Pickling Hall of Fame to: genetic_alg_settings_evolve_halloffame.pkl
Begin 11 of 20 repetitions
Begin 20 generations
gen	nevals	avg       	std      	min       	max       
0  	0     	0.00564324	0.0002306	0.00542298	0.00625062
1  	10    	0.00557308	0.000228216	0.0053888 	0.00621202
2  	10    	0.00548655	7.79614e-05	0.00537552	0.00566593
3  	10    	0.00559861	0.000237872	0.00536639	0.00609432
4  	10    	0.00550112	8.27831e-05	0.00537501	0.00561713
5  	10    	0.00549973	9.34909e-05	0.00537672	0.00563392
6  	10    	0.00558023	0.000115077	0.00539877	0.00575387
7  	10    	0.00554973	9.02286e-05	0.00540946	0.00574394
8  	10    	0.0055919 	0.000270856	0.00534963	0.00637419
9  	10    	0.00556004	0.000163498	0.00532804	0.00585632
10 	10    	0.00557225	0.000201858	0.005341  	0.00599892
11 	10    	0.00552187	0.000144054	0.00540009	0.00588955
12 	10    	0.0055224 	0.00011036 	0.00534861	0.0057336 
13 	10    	0.00555526	8.32581e-05	0.00546383	0.00576729
14 	10    	0.00554619	8.30311e-05	0.0054209 	0.00568329
15 	10    	0.00554416	9.76886e-05	0.00545221	0.00579006
16 	10    	0.00552018	0.000104809	0.00537048	0.00571182
17 	10    	0.00559325	0.000298968	0.00538485	0.00645651
18 	10    	0.00554623	0.000169159	0.0054364 	0.00603326
19 	10    	0.00558026	0.000232291	0.00536585	0.00620814
20 	10    	0.00557744	0.000192851	0.00538809	0.00608068
Runtime: 5.731411470002058 (s)


Final population:
Index: Selected                                    #Selected    CV          
----------------------------------------------------------------------------------------------------
    0: 1111101101110011110010101010101100100011... 100          0.0060806831
    1: 1111001110010011110000001010101100000011... 92           0.0055718039
    2: 1111001111110011110010101010101100100011... 100          0.0056641046
    3: 1111001111010011110000001010101100000011... 98           0.0054635306
    4: 1111101111010011110010101010101100100011... 99           0.0056166489
    5: 1111101111110011110011001010101100100011... 97           0.0054084317
    6: 1111001111110011110000001010101100000011... 98           0.0054444999
    7: 1111011111110011010000001010101100000011... 97           0.00565302  
    8: 1111001101110011010010101010101111100011... 100          0.0054835976
    9: 1111101111010011110010101010101100100011... 96           0.0053880934

Pickling population to: genetic_alg_settings_population_end.pkl

Hall of Fame:
Index: Selected                                    #Selected    CV          
----------------------------------------------------------------------------------------------------
    0: 1111100111111010010001001011101100100110... 98           0.0051813021
    1: 1111100001111010010011001011100100100010... 99           0.0052058719
    2: 1111100111111010000001001011101100000110... 93           0.0052268677
    3: 1111100111111010010001001011101100110010... 97           0.0052367251
    4: 1111100111111010001001001011101100100010... 98           0.0052424102
    5: 1111100111111010010001001011101100100110... 99           0.0052455142
    6: 1111100111011011010000001010101100100111... 95           0.0052455894
    7: 1111110111111010010001001011101100110010... 97           0.0052476299
    8: 1111100111111010000001001011111100110010... 98           0.0052493647
    9: 1111100011111010010001001011100100100010... 98           0.0052546886

Pickling Hall of Fame to: genetic_alg_settings_evolve_halloffame.pkl
Begin 12 of 20 repetitions
Begin 20 generations
gen	nevals	avg       	std        	min       	max       
0  	0     	0.00557744	0.000192851	0.00538809	0.00608068
1  	10    	0.00550978	0.00014851 	0.00534487	0.00582679
2  	10    	0.00551203	9.62672e-05	0.00533446	0.00568073
3  	10    	0.00558278	0.000211386	0.0053055 	0.0060134 
4  	10    	0.00557592	0.000173056	0.00534264	0.00593166
5  	10    	0.00554673	0.000161594	0.00532925	0.00578344
6  	10    	0.00558884	0.000247445	0.00534918	0.00620844
7  	10    	0.00557647	0.000374188	0.00532796	0.00663549
8  	10    	0.00543247	8.46537e-05	0.00532516	0.00565182
9  	10    	0.005462  	0.000118831	0.00533505	0.00577783
10 	10    	0.00543382	9.8414e-05 	0.0052434 	0.00561641
11 	10    	0.00547997	0.000224431	0.00524333	0.00605093
12 	10    	0.00541906	0.000133404	0.00526169	0.00573238
13 	10    	0.00547758	0.000138551	0.00533446	0.00584576
14 	10    	0.00560042	0.000241244	0.00536832	0.00608944
15 	10    	0.00553455	0.000151168	0.00531662	0.00575282
16 	10    	0.00551389	9.68002e-05	0.00540151	0.00570106
17 	10    	0.005572  	0.000148055	0.0052944 	0.00585933
18 	10    	0.00549024	0.000140464	0.00533817	0.005816  
19 	10    	0.00556707	0.000214896	0.00533487	0.00610638
20 	10    	0.00547141	8.75047e-05	0.00535092	0.00563228
Runtime: 5.841010342002846 (s)


Final population:
Index: Selected                                    #Selected    CV          
----------------------------------------------------------------------------------------------------
    0: 1111001111011011010000011010011101001111... 100          0.0054164324
    1: 1111001111110001010000001010110100000011... 95           0.005632276 
    2: 1111001111011010110001001010010101000011... 97           0.0054419641
    3: 1111001111011010110000001010110101000011... 98           0.0055331957
    4: 1111001111110011010000011010110101000011... 98           0.0054029205
    5: 1111001111110011010000011010110101000011... 98           0.0054489023
    6: 1111001111011010110000001010110101000011... 96           0.0054910762
    7: 1111001111011010110000001010010101000011... 95           0.0053946285
    8: 1111001111011011110000001010011101000011... 97           0.0053509192
    9: 1111001111001010110000001010010101000011... 99           0.0056017486

Pickling population to: genetic_alg_settings_population_end.pkl

Hall of Fame:
Index: Selected                                    #Selected    CV          
----------------------------------------------------------------------------------------------------
    0: 1111100111111010010001001011101100100110... 98           0.0051813021
    1: 1111100001111010010011001011100100100010... 99           0.0052058719
    2: 1111100111111010000001001011101100000110... 93           0.0052268677
    3: 1111100111111010010001001011101100110010... 97           0.0052367251
    4: 1111100111111010001001001011101100100010... 98           0.0052424102
    5: 1111001111011011110000001010110100000011... 95           0.0052433299
    6: 1111001111011011110000001010110100000011... 97           0.0052433997
    7: 1111100111111010010001001011101100100110... 99           0.0052455142
    8: 1111100111011011010000001010101100100111... 95           0.0052455894
    9: 1111110111111010010001001011101100110010... 97           0.0052476299

Pickling Hall of Fame to: genetic_alg_settings_evolve_halloffame.pkl
Begin 13 of 20 repetitions
Begin 20 generations
gen	nevals	avg       	std        	min       	max       
0  	0     	0.00547141	8.75047e-05	0.00535092	0.00563228
1  	10    	0.00554   	0.000143111	0.00536979	0.00585836
2  	10    	0.00546145	0.000125037	0.0053048 	0.00572803
3  	10    	0.00554951	0.000170952	0.00532263	0.00585785
4  	10    	0.00539829	7.1577e-05 	0.0053034 	0.00549904
5  	10    	0.00552455	0.000134371	0.00531212	0.00578229
6  	10    	0.00552955	0.000228103	0.0053776 	0.00619623
7  	10    	0.00555298	0.000243877	0.00533809	0.00609216
8  	10    	0.00547689	9.56032e-05	0.00536585	0.00565651
9  	10    	0.00542881	5.9514e-05 	0.00535973	0.00553176
10 	10    	0.0053595 	5.32511e-05	0.00526585	0.0054682 
11 	10    	0.0053723 	4.09732e-05	0.00531245	0.00544047
12 	10    	0.00536294	0.000136983	0.00523261	0.00574694
13 	10    	0.00539817	9.8686e-05 	0.00524391	0.00558708
14 	10    	0.00542968	0.000197518	0.00522093	0.00585745
15 	10    	0.00535198	6.32217e-05	0.00528703	0.00551717
16 	10    	0.00533567	4.54911e-05	0.00526917	0.00541845
17 	10    	0.00546562	0.000176194	0.00529776	0.00592833
18 	10    	0.00544877	0.000192598	0.00529999	0.00599374
19 	10    	0.00542031	6.38415e-05	0.00533368	0.00555231
20 	10    	0.00550227	0.000186494	0.00534061	0.00602062
Runtime: 5.882531197999924 (s)


Final population:
Index: Selected                                    #Selected    CV          
----------------------------------------------------------------------------------------------------
    0: 1111001111110011010000001010111101000011... 100          0.005404192 
    1: 1111001111110011010001001010111101000011... 98           0.0054278516
    2: 1111001111111011010000001010101101000011... 100          0.0053406116
    3: 1111001111110011010000001010111101000011... 100          0.0055250742
    4: 1111001110110011010010001010111101000011... 98           0.0054363683
    5: 1111001111110011010000000010111101000011... 96           0.0060206154
    6: 1111001111110011010000001010111101000011... 98           0.0053420937
    7: 1111001111110011011000001010111101000011... 100          0.0055472694
    8: 1111001101110011010000001010111101000011... 98           0.0055390838
    9: 1111001111110011010000001010111101000011... 99           0.0054395863

Pickling population to: genetic_alg_settings_population_end.pkl

Hall of Fame:
Index: Selected                                    #Selected    CV          
----------------------------------------------------------------------------------------------------
    0: 1111100111111010010001001011101100100110... 98           0.0051813021
    1: 1111100001111010010011001011100100100010... 99           0.0052058719
    2: 1111001111111011010000001010111101000011... 93           0.0052209318
    3: 1111100111111010000001001011101100000110... 93           0.0052268677
    4: 1111001111111011110000001010111101000011... 98           0.0052326104
    5: 1111100111111010010001001011101100110010... 97           0.0052367251
    6: 1111101111111011010000001010111101000011... 93           0.0052377776
    7: 1111100111111010001001001011101100100010... 98           0.0052424102
    8: 1111001111011011110000001010110100000011... 95           0.0052433299
    9: 1111001111011011110000001010110100000011... 97           0.0052433997

Pickling Hall of Fame to: genetic_alg_settings_evolve_halloffame.pkl
Begin 14 of 20 repetitions
Begin 20 generations
gen	nevals	avg       	std        	min       	max       
0  	0     	0.00550227	0.000186494	0.00534061	0.00602062
1  	10    	0.00549207	0.000274685	0.00526022	0.00617961
2  	10    	0.00540192	8.09001e-05	0.00526408	0.00550477
3  	10    	0.00549044	0.0002646  	0.00523033	0.00602703
4  	10    	0.00535194	5.21426e-05	0.00526237	0.00542891
5  	10    	0.00537376	0.000121487	0.00522799	0.00561683
6  	10    	0.00530897	5.72103e-05	0.00520647	0.00538442
7  	10    	0.00534972	6.30773e-05	0.00526201	0.00547487
8  	10    	0.00535544	7.77825e-05	0.00525393	0.00552072
9  	10    	0.00534355	4.22866e-05	0.00528235	0.00542752
10 	10    	0.00531772	8.26276e-05	0.0052096 	0.00551191
11 	10    	0.00541736	0.000133814	0.00523122	0.00569596
12 	10    	0.00530437	6.98908e-05	0.00521932	0.00544781
13 	10    	0.005448  	0.000216638	0.00531221	0.00607319
14 	10    	0.00540889	0.00029205 	0.00522359	0.00627198
15 	10    	0.00532819	8.17774e-05	0.0052433 	0.00548616
16 	10    	0.00533906	7.77533e-05	0.00523698	0.00543788
17 	10    	0.00535983	8.5208e-05 	0.00527624	0.00557235
18 	10    	0.00539995	0.000137713	0.00525846	0.00575377
19 	10    	0.00543061	0.000165977	0.00527572	0.00575727
20 	10    	0.00542064	0.000207303	0.00519715	0.00585581
Runtime: 5.847563897998043 (s)


Final population:
Index: Selected                                    #Selected    CV          
----------------------------------------------------------------------------------------------------
    0: 1110001111111011010000001010101101100111... 100          0.0057416065
    1: 1111001111011011010001000010101101000011... 92           0.0058558113
    2: 1111001111111011010000001011101101000111... 99           0.0053051413
    3: 1111000111011011010000001010101101000111... 100          0.0053411521
    4: 1111000111111011010000001010101101000011... 94           0.0053472736
    5: 1111001111111011010000001110101101000111... 98           0.0051971507
    6: 1111000111111011010000001010101101000011... 99           0.0053364635
    7: 1111001111111011010000001010101101000111... 98           0.0052131898
    8: 1111001111111011010000001010101101000011... 95           0.00535725  
    9: 1111001111111011010000001010101101000011... 93           0.0055113269

Pickling population to: genetic_alg_settings_population_end.pkl

Hall of Fame:
Index: Selected                                    #Selected    CV          
----------------------------------------------------------------------------------------------------
    0: 1111100111111010010001001011101100100110... 98           0.0051813021
    1: 1111001111111011010000001110101101000111... 98           0.0051971507
    2: 1111100001111010010011001011100100100010... 99           0.0052058719
    3: 1111001111011011010000001010101101000011... 88           0.0052064667
    4: 1111001111011011010000001010101101000011... 95           0.0052095976
    5: 1111001111111011010000001010101101000111... 98           0.0052131898
    6: 1111001111011011010000001011111101000011... 96           0.0052193151
    7: 1111001111111011010000001010111101000011... 93           0.0052209318
    8: 1111001111011011010000001010101101000111... 96           0.0052235876
    9: 1111100111111010000001001011101100000110... 93           0.0052268677

Pickling Hall of Fame to: genetic_alg_settings_evolve_halloffame.pkl
Begin 15 of 20 repetitions
Begin 20 generations
gen	nevals	avg       	std        	min       	max       
0  	0     	0.00542064	0.000207303	0.00519715	0.00585581
1  	10    	0.00548909	0.000222524	0.00526896	0.00606662
2  	10    	0.00547717	0.000245783	0.0052558 	0.00599603
3  	10    	0.00537955	8.13086e-05	0.00521531	0.00549649
4  	10    	0.00539711	9.9596e-05 	0.00521636	0.00553497
5  	10    	0.00541335	0.000128691	0.00522124	0.00565826
6  	10    	0.00545902	0.000136494	0.0052226 	0.00565408
7  	10    	0.00554014	0.000179133	0.00532196	0.00588946
8  	10    	0.00542992	0.000107517	0.00531106	0.00567064
9  	10    	0.00535439	6.93232e-05	0.00525662	0.00549824
10 	10    	0.00547659	0.000216151	0.0052472 	0.00607837
11 	10    	0.00545418	0.000113625	0.00532296	0.00575309
12 	10    	0.00542555	6.2315e-05 	0.00535653	0.00555718
13 	10    	0.00551525	0.000156446	0.00524006	0.00577355
14 	10    	0.00568447	0.000230184	0.00538783	0.00613655
15 	10    	0.00558904	8.6836e-05 	0.00547063	0.00573348
16 	10    	0.00565779	0.000251359	0.00535383	0.00627579
17 	10    	0.00559076	0.000219859	0.00540181	0.00613848
18 	10    	0.0054888 	8.87469e-05	0.00540492	0.00573301
19 	10    	0.00559203	0.000202406	0.0054193 	0.00614446
20 	10    	0.00560133	0.000239577	0.0053866 	0.00619721
Runtime: 5.847568739998678 (s)


Final population:
Index: Selected                                    #Selected    CV          
----------------------------------------------------------------------------------------------------
    0: 1111101101111011100000001010111101010111... 100          0.0054519804
    1: 1111001101111001110000001011111101000101... 99           0.0055281237
    2: 1111001100111011110000001011111101000101... 100          0.0058510806
    3: 1111001101111001100000001011111100000111... 97           0.005663713 
    4: 1111001101011001110000001011101101000111... 98           0.0054329887
    5: 1111001101011001110000001011101101000111... 100          0.0054005637
    6: 1111001100111011100000000011111101000101... 100          0.006197209 
    7: 1111001101111001110000001010111101000111... 93           0.0055002635
    8: 1111001100111001110000001010111101010111... 97           0.005600801 
    9: 1111001101111011100000001011111101000101... 97           0.0053866   

Pickling population to: genetic_alg_settings_population_end.pkl

Hall of Fame:
Index: Selected                                    #Selected    CV          
----------------------------------------------------------------------------------------------------
    0: 1111100111111010010001001011101100100110... 98           0.0051813021
    1: 1111001111111011010000001110101101000111... 98           0.0051971507
    2: 1111100001111010010011001011100100100010... 99           0.0052058719
    3: 1111001111011011010000001010101101000011... 88           0.0052064667
    4: 1111001111011011010000001010101101000011... 95           0.0052095976
    5: 1111001111111011010000001010101101000111... 98           0.0052131898
    6: 1111001111111011010000001010101101000111... 100          0.0052153051
    7: 1111001111111011010000001010101101000111... 100          0.0052163642
    8: 1111001111011011010000001011111101000011... 96           0.0052193151
    9: 1111001111111011010000001010111101000011... 93           0.0052209318

Pickling Hall of Fame to: genetic_alg_settings_evolve_halloffame.pkl
Begin 16 of 20 repetitions
Begin 20 generations
gen	nevals	avg       	std        	min      	max       
0  	0     	0.00560133	0.000239577	0.0053866	0.00619721
1  	10    	0.00548219	0.000150108	0.00527164	0.00586243
2  	10    	0.00561073	0.000255649	0.00538197	0.00620659
3  	10    	0.00561386	0.00026136 	0.00534264	0.00621965
4  	10    	0.00554362	0.000150268	0.00541456	0.00595815
5  	10    	0.00578663	0.000349143	0.00549363	0.00654196
6  	10    	0.00557851	0.000129199	0.00537621	0.00580801
7  	10    	0.00560416	0.000225123	0.00528108	0.00601019
8  	10    	0.00557468	0.000154859	0.00537154	0.00590493
9  	10    	0.0055959 	0.000152137	0.00537602	0.00592158
10 	10    	0.00564204	0.00016295 	0.00542361	0.00595896
11 	10    	0.00556604	0.00015568 	0.00540437	0.00587805
12 	10    	0.00549709	0.000188621	0.00536567	0.00604905
13 	10    	0.00561824	0.000314033	0.00531356	0.00612596
14 	10    	0.0054532 	0.000172144	0.00531841	0.00592335
15 	10    	0.0055291 	0.000177836	0.00524195	0.00592669
16 	10    	0.0055139 	0.000129357	0.00531298	0.00578986
17 	10    	0.00548104	6.49086e-05	0.00539834	0.00562894
18 	10    	0.00554269	0.000257406	0.00527551	0.00614923
19 	10    	0.00552884	8.6157e-05 	0.00537675	0.00568619
20 	10    	0.00550873	0.000101156	0.00533348	0.00567673
Runtime: 5.86580743399827 (s)


Final population:
Index: Selected                                    #Selected    CV          
----------------------------------------------------------------------------------------------------
    0: 1111101111111011100000001011101101000111... 96           0.0055065756
    1: 1111101111011010110000001011101101000111... 100          0.005375482 
    2: 1111101111111011100000001011101101000101... 95           0.0056547683
    3: 1111001111111010110000001011101101000111... 99           0.005676732 
    4: 1111101111011010100000001011101101000111... 100          0.0055598119
    5: 1111101111110011110000001011101101000111... 99           0.0054904727
    6: 1111001111111011110000001011101101000111... 100          0.0054825871
    7: 1111101111111011100000001011111101000111... 96           0.0054860459
    8: 1111101111111010110000001011101101000111... 99           0.0055213507
    9: 1111101111011010100000001011101101000111... 99           0.0053334791

Pickling population to: genetic_alg_settings_population_end.pkl

Hall of Fame:
Index: Selected                                    #Selected    CV          
----------------------------------------------------------------------------------------------------
    0: 1111100111111010010001001011101100100110... 98           0.0051813021
    1: 1111001111111011010000001110101101000111... 98           0.0051971507
    2: 1111100001111010010011001011100100100010... 99           0.0052058719
    3: 1111001111011011010000001010101101000011... 88           0.0052064667
    4: 1111001111011011010000001010101101000011... 95           0.0052095976
    5: 1111001111111011010000001010101101000111... 98           0.0052131898
    6: 1111001111111011010000001010101101000111... 100          0.0052153051
    7: 1111001111111011010000001010101101000111... 100          0.0052163642
    8: 1111001111011011010000001011111101000011... 96           0.0052193151
    9: 1111001111111011010000001010111101000011... 93           0.0052209318

Pickling Hall of Fame to: genetic_alg_settings_evolve_halloffame.pkl
Begin 17 of 20 repetitions
Begin 20 generations
gen	nevals	avg       	std        	min       	max       
0  	0     	0.00550873	0.000101156	0.00533348	0.00567673
1  	10    	0.00558144	0.00018095 	0.00531173	0.00589667
2  	10    	0.00561647	0.000195166	0.00535509	0.00595376
3  	10    	0.00556838	0.000197113	0.0053483 	0.0060417 
4  	10    	0.00545578	5.51002e-05	0.00537436	0.00556501
5  	10    	0.00548509	0.000126124	0.00534229	0.00578723
6  	10    	0.00547979	9.1045e-05 	0.00536892	0.00563937
7  	10    	0.00549048	0.000128178	0.00533044	0.0057951 
8  	10    	0.00557152	0.000277998	0.00536794	0.00638466
9  	10    	0.0055095 	8.36091e-05	0.00538876	0.00565603
10 	10    	0.00571243	0.000374271	0.00538864	0.00661552
11 	10    	0.00551235	6.76009e-05	0.00540467	0.00560149
12 	10    	0.00563676	0.000125799	0.00544928	0.00587737
13 	10    	0.00560054	0.000159684	0.00531715	0.0058988 
14 	10    	0.00558869	0.000154068	0.00546798	0.00599299
15 	10    	0.00556473	6.64209e-05	0.00548187	0.00568178
16 	10    	0.00563024	0.00018539 	0.00542798	0.00613694
17 	10    	0.00568807	0.00030987 	0.00541216	0.00641883
18 	10    	0.00552895	0.00020391 	0.00535745	0.00611144
19 	10    	0.00553779	0.000118389	0.00537904	0.00571914
20 	10    	0.00554277	9.73012e-05	0.00541956	0.0057169 
Runtime: 5.842208182999457 (s)


Final population:
Index: Selected                                    #Selected    CV          
----------------------------------------------------------------------------------------------------
    0: 1111100110110111000000001010101101000011... 100          0.0054769586
    1: 1111101110110011100000001010111101000011... 100          0.0055576143
    2: 1111101110110111100000001010101101000011... 98           0.0054582963
    3: 1111101110110011100000001010101101000011... 98           0.0054789912
    4: 1111101110110011000000001010101101000011... 99           0.0054195586
    5: 1111100110110110101000001010101101000011... 100          0.0055148161
    6: 1111101110100011000000001010101101001011... 100          0.0056828445
    7: 1111000111110011000000001010101101000011... 92           0.0056394642
    8: 1111101011110111110000011010101101000011... 100          0.0057169001
    9: 1111100110110010100001001010101101000011... 97           0.0054822237

Pickling population to: genetic_alg_settings_population_end.pkl

Hall of Fame:
Index: Selected                                    #Selected    CV          
----------------------------------------------------------------------------------------------------
    0: 1111100111111010010001001011101100100110... 98           0.0051813021
    1: 1111001111111011010000001110101101000111... 98           0.0051971507
    2: 1111100001111010010011001011100100100010... 99           0.0052058719
    3: 1111001111011011010000001010101101000011... 88           0.0052064667
    4: 1111001111011011010000001010101101000011... 95           0.0052095976
    5: 1111001111111011010000001010101101000111... 98           0.0052131898
    6: 1111001111111011010000001010101101000111... 100          0.0052153051
    7: 1111001111111011010000001010101101000111... 100          0.0052163642
    8: 1111001111011011010000001011111101000011... 96           0.0052193151
    9: 1111001111111011010000001010111101000011... 93           0.0052209318

Pickling Hall of Fame to: genetic_alg_settings_evolve_halloffame.pkl
Begin 18 of 20 repetitions
Begin 20 generations
gen	nevals	avg       	std        	min       	max      
0  	0     	0.00554277	9.73012e-05	0.00541956	0.0057169
1  	10    	0.00569913	0.000489168	0.00532721	0.00711678
2  	10    	0.005485  	0.000144547	0.00536212	0.00586613
3  	10    	0.00546807	0.000154448	0.00533589	0.00588901
4  	10    	0.00565355	0.000441653	0.0053106 	0.00684531
5  	10    	0.00566357	0.000422744	0.00542341	0.00691216
6  	10    	0.00569862	0.000486451	0.00535972	0.00713654
7  	10    	0.00572028	0.000369222	0.00535773	0.00670005
8  	10    	0.00572657	0.000290896	0.00549657	0.00651513
9  	10    	0.00565027	0.000279167	0.00546857	0.0064663 
10 	10    	0.00563176	0.000238739	0.00546092	0.00629086
11 	10    	0.00561548	0.000133734	0.00544507	0.00588262
12 	10    	0.00554174	0.000101766	0.00540912	0.00569943
13 	10    	0.00567083	0.000427136	0.00539831	0.00691844
14 	10    	0.0055788 	0.000186578	0.00534466	0.0060418 
15 	10    	0.00565128	0.00025805 	0.00531021	0.00628525
16 	10    	0.00561226	0.000192356	0.00541185	0.00589118
17 	10    	0.00560894	0.00018185 	0.00532805	0.00603393
18 	10    	0.00554597	6.19066e-05	0.00542278	0.00565446
19 	10    	0.00557958	0.000152156	0.00543301	0.00596782
20 	10    	0.00582027	0.000369736	0.00541759	0.00668933
Runtime: 5.854246317001525 (s)


Final population:
Index: Selected                                    #Selected    CV          
----------------------------------------------------------------------------------------------------
    0: 1111100110110010100100001010101101000111... 98           0.0055651263
    1: 1111100010111000100100001010101101001011... 100          0.0060554541
    2: 1111100110111010100100011010101111001010... 100          0.0054326163
    3: 1111101110111010100100001010101101001011... 99           0.0054175864
    4: 1111100010110010100100001010101101000011... 96           0.0059032111
    5: 1111100110111010100100001010101101000111... 99           0.0055068535
    6: 1111100110110010101100000010101101000110... 100          0.0066893322
    7: 1111100100110010100100001010101101000011... 96           0.005866884 
    8: 1110100110111010100100001010101101001011... 99           0.0060614602
    9: 1111100110110010100100001010101101000111... 100          0.0057041556

Pickling population to: genetic_alg_settings_population_end.pkl

Hall of Fame:
Index: Selected                                    #Selected    CV          
----------------------------------------------------------------------------------------------------
    0: 1111100111111010010001001011101100100110... 98           0.0051813021
    1: 1111001111111011010000001110101101000111... 98           0.0051971507
    2: 1111100001111010010011001011100100100010... 99           0.0052058719
    3: 1111001111011011010000001010101101000011... 88           0.0052064667
    4: 1111001111011011010000001010101101000011... 95           0.0052095976
    5: 1111001111111011010000001010101101000111... 98           0.0052131898
    6: 1111001111111011010000001010101101000111... 100          0.0052153051
    7: 1111001111111011010000001010101101000111... 100          0.0052163642
    8: 1111001111011011010000001011111101000011... 96           0.0052193151
    9: 1111001111111011010000001010111101000011... 93           0.0052209318

Pickling Hall of Fame to: genetic_alg_settings_evolve_halloffame.pkl
Begin 19 of 20 repetitions
Begin 20 generations
gen	nevals	avg       	std        	min       	max       
0  	0     	0.00582027	0.000369736	0.00541759	0.00668933
1  	10    	0.00567635	0.000295786	0.00541268	0.00635892
2  	10    	0.0055932 	0.000158481	0.00543494	0.00599736
3  	10    	0.00566869	0.000237349	0.00546353	0.00622971
4  	10    	0.00555875	0.000118133	0.00540562	0.00573341
5  	10    	0.00565377	0.000217545	0.0054344 	0.00611075
6  	10    	0.00554   	9.35431e-05	0.00541631	0.00572786
7  	10    	0.00555331	0.000122664	0.00531698	0.00568778
8  	10    	0.00549763	0.000113222	0.00531271	0.00571143
9  	10    	0.00567195	0.000236633	0.00537319	0.00605117
10 	10    	0.00558317	0.000202946	0.00536226	0.00611821
11 	10    	0.00553104	7.64043e-05	0.00543318	0.00568959
12 	10    	0.00560211	0.0002774  	0.00530893	0.00621543
13 	10    	0.00573124	0.000578719	0.0053044 	0.00736726
14 	10    	0.00559996	0.00022004 	0.00528808	0.00611241
15 	10    	0.00554837	0.000197749	0.00531983	0.00599796
16 	10    	0.00544147	0.000117431	0.00532193	0.00574434
17 	10    	0.00558598	0.000206331	0.00535289	0.00610232
18 	10    	0.00548993	8.91523e-05	0.00532285	0.00558302
19 	10    	0.0056366 	0.00027361 	0.00530919	0.0063072 
20 	10    	0.00542471	9.53134e-05	0.00528351	0.00565793
Runtime: 5.8417995880008675 (s)


Final population:
Index: Selected                                    #Selected    CV          
----------------------------------------------------------------------------------------------------
    0: 1111100110011010100100001010111101100110... 100          0.0054316319
    1: 1111100110011010100100001011101101100110... 97           0.0052835132
    2: 1111100110011010110101001010111101000010... 100          0.0053448502
    3: 1111100110011110100100001010111101100110... 97           0.0053625674
    4: 1111100110011010100100001010111101000110... 95           0.0054723463
    5: 1111100110011010100100011010111101100110... 100          0.0053921349
    6: 1111100110011010100100001010111101000110... 95           0.0054535467
    7: 1111100110011010110100001010111101100110... 99           0.005456439 
    8: 1111100110011010100100001010111101100110... 97           0.0053921326
    9: 1111100110011010100100001010111101100010... 98           0.0056579326

Pickling population to: genetic_alg_settings_population_end.pkl

Hall of Fame:
Index: Selected                                    #Selected    CV          
----------------------------------------------------------------------------------------------------
    0: 1111100111111010010001001011101100100110... 98           0.0051813021
    1: 1111001111111011010000001110101101000111... 98           0.0051971507
    2: 1111100001111010010011001011100100100010... 99           0.0052058719
    3: 1111001111011011010000001010101101000011... 88           0.0052064667
    4: 1111001111011011010000001010101101000011... 95           0.0052095976
    5: 1111001111111011010000001010101101000111... 98           0.0052131898
    6: 1111001111111011010000001010101101000111... 100          0.0052153051
    7: 1111001111111011010000001010101101000111... 100          0.0052163642
    8: 1111001111011011010000001011111101000011... 96           0.0052193151
    9: 1111001111111011010000001010111101000011... 93           0.0052209318

Pickling Hall of Fame to: genetic_alg_settings_evolve_halloffame.pkl
Begin 20 of 20 repetitions
Begin 20 generations
gen	nevals	avg       	std        	min       	max       
0  	0     	0.00542471	9.53134e-05	0.00528351	0.00565793
1  	10    	0.00541469	9.54684e-05	0.0052359 	0.00558217
2  	10    	0.00552858	0.000146439	0.00543937	0.00595401
3  	10    	0.00570625	0.000263204	0.00544064	0.00620237
4  	10    	0.00554618	0.000116684	0.00538118	0.00578214
5  	10    	0.00556105	0.000181049	0.0053437 	0.006048  
6  	10    	0.0055352 	6.74125e-05	0.00540148	0.00563454
7  	10    	0.00560344	0.000270615	0.00529032	0.00632413
8  	10    	0.00563004	0.0002707  	0.00536265	0.00637606
9  	10    	0.00553249	0.00012604 	0.00538476	0.00584927
10 	10    	0.00553693	8.30521e-05	0.00534879	0.0056681 
11 	10    	0.00563188	0.000346037	0.00533796	0.00652229
12 	10    	0.00552473	0.000122717	0.00534962	0.00581554
13 	10    	0.00562749	0.000485367	0.00524798	0.00704105
14 	10    	0.00546819	8.57492e-05	0.00538439	0.00569708
15 	10    	0.00543389	8.34727e-05	0.0052541 	0.00558156
16 	10    	0.0055601 	0.000284085	0.00525481	0.00621045
17 	10    	0.00555273	0.000161247	0.00531654	0.00581924
18 	10    	0.00559936	0.000139578	0.00533642	0.00586774
19 	10    	0.00549205	8.08133e-05	0.00536576	0.00565484
20 	10    	0.00550883	8.45313e-05	0.00536796	0.00568302
Runtime: 5.843821129998105 (s)


Final population:
Index: Selected                                    #Selected    CV          
----------------------------------------------------------------------------------------------------
    0: 1111100110110010100110001110101101100110... 100          0.005431456 
    1: 1111100110011010100100001110101110100110... 99           0.0054720236
    2: 1111100110011010100100001110101101100110... 96           0.0055741648
    3: 1111100110011010100100001110101101100110... 100          0.0055441193
    4: 1111100110011010100100001110101101100110... 100          0.0054985864
    5: 1111100110111010100100001010101101100110... 96           0.0053679571
    6: 1111100100011010100100001110101100100110... 100          0.0055590647
    7: 1111100110111100100100001110001111100110... 100          0.0056830156
    8: 1111100110011010100100001110101101100111... 100          0.0055237207
    9: 1111100110011010100100011110101100100110... 100          0.0054342383

Pickling population to: genetic_alg_settings_population_end.pkl

Hall of Fame:
Index: Selected                                    #Selected    CV          
----------------------------------------------------------------------------------------------------
    0: 1111100111111010010001001011101100100110... 98           0.0051813021
    1: 1111001111111011010000001110101101000111... 98           0.0051971507
    2: 1111100001111010010011001011100100100010... 99           0.0052058719
    3: 1111001111011011010000001010101101000011... 88           0.0052064667
    4: 1111001111011011010000001010101101000011... 95           0.0052095976
    5: 1111001111111011010000001010101101000111... 98           0.0052131898
    6: 1111001111111011010000001010101101000111... 100          0.0052153051
    7: 1111001111111011010000001010101101000111... 100          0.0052163642
    8: 1111001111011011010000001011111101000011... 96           0.0052193151
    9: 1111001111111011010000001010111101000011... 93           0.0052209318

Pickling Hall of Fame to: genetic_alg_settings_evolve_halloffame.pkl
#   DONE  Runtime: 112.59313654300058 (s)

Adding statistics...
  DONE

Result:
Index: Selected                                    #Selected    CV           RMS          wRMS         Estimator                FeatureSelection         Note
--------------------------------------------------------------------------------------------------------------------------------------------------------------------
    0: 1111100111111010010001001011101100100110... 98           0.0051813021 0.0043186166 0.0043214107 LinearRegression         GeneticAlgorithm         
    1: 1111001111111011010000001110101101000111... 98           0.0051971507 0.004373555  0.0043760987 LinearRegression         GeneticAlgorithm         
    2: 1111100001111010010011001011100100100010... 99           0.0052058719 0.0044215533 0.0044245372 LinearRegression         GeneticAlgorithm         
    3: 1111001111011011010000001010101101000011... 88           0.0052064667 0.0045107647 0.0045145587 LinearRegression         GeneticAlgorithm         
    4: 1111001111011011010000001010101101000011... 95           0.0052095976 0.0043723576 0.0043754208 LinearRegression         GeneticAlgorithm         
    5: 1111001111111011010000001010101101000111... 98           0.0052131898 0.0043683832 0.0043705754 LinearRegression         GeneticAlgorithm         
    6: 1111001111111011010000001010101101000111... 100          0.0052153051 0.0043376211 0.0043397516 LinearRegression         GeneticAlgorithm         
    7: 1111001111111011010000001010101101000111... 100          0.0052163642 0.0043524274 0.0043546685 LinearRegression         GeneticAlgorithm         
    8: 1111001111011011010000001011111101000011... 96           0.0052193151 0.0043884055 0.0043912604 LinearRegression         GeneticAlgorithm         
    9: 1111001111111011010000001010111101000011... 93           0.0052209318 0.0044116326 0.004414682  LinearRegression         GeneticAlgorithm         

Pickling Hall of Fame to: genetic_alg_settings_halloffame.pkl
