Loading genetic_alg_settings.json
# Hall of Fame size: 10 

# Get problem data...
# wHullDist: Will calculate hull distance: hull_dist(CALCULATED,atom_frac)
# Query requested: ['formation_energy', 'is_calculated', 'corr', 'hull_dist(CALCULATED,atom_frac)']
# Use existing: []
# Querying: ['formation_energy', 'is_calculated', 'corr', 'hull_dist(CALCULATED,atom_frac)']
Error in casm.query
  proj: /media/derick/DeoResearch/experiments/rocksalt_shared_ZrN_casm
  Attempted to execute: 'query -k 'formation_energy is_calculated corr hull_dist(CALCULATED,atom_frac) ' -c /media/derick/DeoResearch/experiments/rocksalt_shared_ZrN_casm/ce_fits/A_1.05_B_1.0_kt_0.05500000000000001/training_set.txt -t config -v -o STDOUT'
---- stdout: ---------------------
#
---- stderr: ---------------------
Print:
   - formation_energy is_calculated corr hull_dist(CALCULATED,atom_frac) 
to "STDOUT"

Error constructing Clexulator. Current settings: 

-- Compiler settings -- 
cxx: 'g++' (default)
cxxflags: '-O3 -Wall -fPIC --std=c++17' (default)
soflags: '-shared -lboost_system' (default)
casm_includedir: '/home/derick/.local/casm/include' (project_settings)
casm_libdir: '/home/derick/.local/casm/lib' (project_settings)
ERROR: boost::filesystem::status: Permission denied: "/root/intel/oneapi/mpi/2021.1.1/bin/ccasm"


----------------------------------
