Loading genetic_alg_settings.json
# Hall of Fame size: 10 

# Get problem data...
# wHullDist: Will calculate hull distance: hull_dist(CALCULATED,atom_frac)
# Query requested: ['formation_energy', 'is_calculated', 'corr', 'hull_dist(CALCULATED,atom_frac)']
# Use existing: []
# Querying: ['formation_energy', 'is_calculated', 'corr', 'hull_dist(CALCULATED,atom_frac)']
#   DONE

# Target: formation_energy
# Training samples: 627
# Features: 253 

# Weighting:
{
  "method": "wHullDist",
  "kwargs": {
    "A": 2.0,
    "B": 2.0,
    "kT": 0.01,
    "hull_selection": "CALCULATED"
  }
}

# CV:
{
  "method": "KFold",
  "kwargs": {
    "n_splits": 10,
    "shuffle": true
  },
  "penalty": 0.0
} 

# Writing problem specs to: genetic_alg_settings_specs.pkl
# To inspect or customize the problem specs further, use the '--checkspecs' method

# Estimator:
{
  "method": "LinearRegression",
  "kwargs": {
    "fit_intercept": false
  }
} 

# Feature Selection:
{
  "method": "GeneticAlgorithm",
  "kwargs": {
    "constraints_kwargs": {
      "n_features_max": 100,
      "n_features_min": 3,
      "fix_off": [],
      "fix_on": [
        0,
        1,
        2
      ]
    },
    "selTournamentSize": 3,
    "mutFlipBitProb": 0.01,
    "evolve_params_kwargs": {
      "n_generation": 20,
      "n_repetition": 20,
      "n_features_init": 3,
      "n_population": 10,
      "n_halloffame": 10,
      "halloffame_filename": "evolve_halloffame.pkl",
      "filename_prefix": "genetic_alg_settings"
    },
    "cxUniformProb": 0.5
  }
} 

# Fit and select...
Constructing initial population
Begin 1 of 20 repetitions
Begin 20 generations
gen	nevals	avg      	std       	min      	max     
0  	10    	0.0200263	0.00070727	0.0182323	0.020687
1  	10    	0.0187812	0.000872977	0.0174886	0.0199488
2  	10    	0.0175814	0.00060186 	0.0164946	0.0186441
3  	10    	0.0165769	0.00116189 	0.0139978	0.0177347
4  	10    	0.0154917	0.0012831  	0.0136139	0.017978 
5  	10    	0.0135558	0.00151837 	0.0105579	0.0159915
6  	10    	0.0122826	0.00144696 	0.010504 	0.0154112
7  	10    	0.0107485	0.000461295	0.0100372	0.0116616
8  	10    	0.0104774	0.00061619 	0.00956996	0.0115245
9  	10    	0.00980149	0.000259013	0.00938091	0.0102777
10 	10    	0.00948079	0.000207934	0.00897631	0.00969654
11 	10    	0.00949973	0.000215709	0.00922156	0.00997192
12 	10    	0.00938829	0.000157474	0.00919544	0.00970154
13 	10    	0.00924919	0.000198141	0.00896456	0.00964078
14 	10    	0.00914469	0.000226225	0.00882045	0.00947036
15 	10    	0.00916281	0.000706718	0.00867421	0.0111953 
16 	10    	0.00880603	0.00020491 	0.00848297	0.00924352
17 	10    	0.00851265	0.000139455	0.00828801	0.00876932
18 	10    	0.00848373	0.000187944	0.00817576	0.00887355
19 	10    	0.0084401 	0.000224574	0.00819591	0.00885794
20 	10    	0.00829145	0.000141132	0.00810121	0.0085058 
Runtime: 3.2598933839981328 (s)


Final population:
Index: Selected                                    #Selected    CV          
----------------------------------------------------------------------------------------------------
    0: 1111010001010000000000000000010001100100... 67           0.008249881 
    1: 1111110001010010000000000000010001101100... 67           0.008375196 
    2: 1111010001010000000101000000010001100100... 64           0.0081898167
    3: 1111010001000001000000000000010001100100... 64           0.0084763497
    4: 1111010001000000000000000000010001101100... 66           0.0083310968
    5: 1111010011010000000100000000010001100100... 66           0.0081021366
    6: 1111010001010000000001000000010001100100... 63           0.0085058007
    7: 1111011001010000000000000000010000100100... 62           0.0081012111
    8: 1111010001010000000001000000010001100100... 63           0.0081766599
    9: 1111010001000000000100000000010001100100... 68           0.008406331 

Pickling population to: genetic_alg_settings_population_end.pkl

Hall of Fame:
Index: Selected                                    #Selected    CV          
----------------------------------------------------------------------------------------------------
    0: 1111011001010000000000000000010000100100... 62           0.0081012111
    1: 1111010011010000000100000000010001100100... 66           0.0081021366
    2: 1111010001010010000000000000010000100100... 65           0.0081757558
    3: 1111010001010000000001000000010001100100... 63           0.0081766599
    4: 1111010001010000000101000000010001100100... 64           0.0081898167
    5: 1111010001010010000000000000010001100100... 66           0.008195912 
    6: 1111010001010000000000000000010000100100... 58           0.0082131776
    7: 1111010001010000000000000000010001100100... 67           0.008249881 
    8: 1111010001000000000100000000010001100100... 66           0.0082784702
    9: 1111010001010000000000000000010001100100... 62           0.0082880138

Pickling Hall of Fame to: genetic_alg_settings_evolve_halloffame.pkl
Begin 2 of 20 repetitions
Begin 20 generations
gen	nevals	avg       	std        	min       	max      
0  	0     	0.00829145	0.000141132	0.00810121	0.0085058
1  	10    	0.00822246	0.00020852 	0.00774752	0.00852687
2  	10    	0.00836854	0.000670514	0.00780773	0.0102813 
3  	10    	0.00800464	0.000200381	0.0076697 	0.00837287
4  	10    	0.00779528	0.000211974	0.00744086	0.00818165
5  	10    	0.00757842	0.0004702  	0.00668832	0.00813138
6  	10    	0.00706807	0.000316302	0.00677141	0.00772503
7  	10    	0.00700013	0.000211629	0.00672676	0.0074422 
8  	10    	0.00707734	0.000541251	0.00652709	0.00860814
9  	10    	0.0067375 	0.000145414	0.00654149	0.00693838
10 	10    	0.00661244	0.000187671	0.00624784	0.00701431
11 	10    	0.00647844	9.74611e-05	0.00626716	0.00661937
12 	10    	0.00647456	0.000243851	0.00625079	0.00715137
13 	10    	0.00630476	0.000136585	0.00610754	0.00666591
14 	10    	0.0062496 	9.12338e-05	0.00609852	0.00646402
15 	10    	0.00627591	0.000172384	0.00605584	0.00671716
16 	10    	0.00623764	0.000301396	0.00596358	0.00700206
17 	10    	0.00617653	0.00013074 	0.00602522	0.00640308
18 	10    	0.00606705	0.000120323	0.00594494	0.00632402
19 	10    	0.00606848	0.000140081	0.00589313	0.00631124
20 	10    	0.00607321	0.000171411	0.00593977	0.00655321
Runtime: 4.9719214489996375 (s)


Final population:
Index: Selected                                    #Selected    CV          
----------------------------------------------------------------------------------------------------
    0: 1111111111011010000100011100010101100100... 96           0.0061349213
    1: 1111111111011000100000001100110101100100... 97           0.0065532068
    2: 1111111111011000000000011100010101100100... 98           0.0059397736
    3: 1111111111011010100100001100010101100100... 99           0.0059595531
    4: 1111111111011000000100101100010101100100... 98           0.0059866744
    5: 1111111111011000010000001100010101100100... 94           0.0060207926
    6: 1111111111011000010000001100010101100100... 97           0.0059496857
    7: 1111111111011000000100101100110101100100... 98           0.0060244562
    8: 1111111111011010100100001100010101100100... 98           0.0061025117
    9: 1111111111011000010000011100010101100100... 100          0.0060605414

Pickling population to: genetic_alg_settings_population_end.pkl

Hall of Fame:
Index: Selected                                    #Selected    CV          
----------------------------------------------------------------------------------------------------
    0: 1111111111011000000000001100010101100100... 94           0.0058931256
    1: 1111111111011000010000001100010101100100... 95           0.0059028773
    2: 1111111111011000000000001100010101100100... 93           0.0059322068
    3: 1111111111011000000000011100010101100100... 98           0.0059397736
    4: 1111111111011000000000101100010101100100... 98           0.0059449368
    5: 1111111111011000010000001100010101100100... 97           0.0059496857
    6: 1111111111011010100100001100010101100100... 99           0.0059595531
    7: 1111111111011000010100001100010101100100... 94           0.0059614919
    8: 1111111111011000000000001000010101100100... 90           0.0059635762
    9: 1111111111011000000000001100010101100100... 93           0.0059682446

Pickling Hall of Fame to: genetic_alg_settings_evolve_halloffame.pkl
Begin 3 of 20 repetitions
Begin 20 generations
gen	nevals	avg       	std        	min       	max       
0  	0     	0.00607321	0.000171411	0.00593977	0.00655321
1  	10    	0.0059802 	0.000126151	0.00577716	0.00620992
2  	10    	0.00620272	0.000667659	0.00581069	0.00817546
3  	10    	0.00597326	0.000129771	0.00579833	0.00629736
4  	10    	0.00602524	0.000112047	0.00582528	0.00619652
5  	10    	0.00612083	0.000287764	0.00580708	0.00683468
6  	10    	0.00602524	0.000112414	0.00577177	0.0062107 
7  	10    	0.00605571	0.000220496	0.00586819	0.0065482 
8  	10    	0.00616352	0.000420586	0.00580716	0.00734425
9  	10    	0.00592149	0.000129718	0.00570889	0.00620091
10 	10    	0.00592783	0.000132055	0.00577286	0.0061928 
11 	10    	0.00615183	0.00060669 	0.00568215	0.00791922
12 	10    	0.00593421	0.00021324 	0.00574555	0.00649147
13 	10    	0.00594954	0.000221003	0.0056639 	0.0065172 
14 	10    	0.00581515	0.000142433	0.00564836	0.0061518 
15 	10    	0.0057332 	5.85329e-05	0.0056423 	0.00582101
16 	10    	0.00576931	5.95817e-05	0.00566647	0.00587272
17 	10    	0.00583972	0.000177128	0.00564408	0.00622756
18 	10    	0.00582982	0.000209246	0.00561824	0.00639452
19 	10    	0.00566239	0.000103936	0.00550159	0.00587301
20 	10    	0.00569248	0.000117028	0.00549704	0.00587996
Runtime: 5.682204978998925 (s)


Final population:
Index: Selected                                    #Selected    CV          
----------------------------------------------------------------------------------------------------
    0: 1111101111011110000000101100010101100100... 99           0.0056668317
    1: 1111101111011110000000101100010101100100... 100          0.0054970365
    2: 1111001111011110000000101100000101100100... 98           0.0057997969
    3: 1111100111011110000010101100010101100100... 99           0.0056127787
    4: 1111100111011110000000001100010101100100... 100          0.00560449  
    5: 1111100111011110000000001100010101100100... 100          0.0055672942
    6: 1111101111011110000000001100010101100100... 99           0.0057186459
    7: 1111101111011110000000101100010101100100... 100          0.0057545696
    8: 1111100111011110000000001100010101100100... 100          0.0058799575
    9: 1111100111011110000000001100010101100100... 96           0.0058233605

Pickling population to: genetic_alg_settings_population_end.pkl

Hall of Fame:
Index: Selected                                    #Selected    CV          
----------------------------------------------------------------------------------------------------
    0: 1111101111011110000000101100010101100100... 100          0.0054970365
    1: 1111100111011110000000001100010101100100... 100          0.0055015854
    2: 1111101111011110000000101100010101100100... 99           0.0055289724
    3: 1111100111011110000000001100010101100100... 96           0.0055658397
    4: 1111100111011110000000001100010101100100... 100          0.0055672942
    5: 1111100111011110000000001100010101100100... 100          0.00560449  
    6: 1111100111011110000010101100010101100100... 99           0.0056127787
    7: 1111001111011110000000001100010101100100... 97           0.0056182421
    8: 1111101111011110000000001100010101100100... 96           0.0056423044
    9: 1111101111011110000000101100010101100100... 100          0.0056440825

Pickling Hall of Fame to: genetic_alg_settings_evolve_halloffame.pkl
Begin 4 of 20 repetitions
Begin 20 generations
gen	nevals	avg       	std        	min       	max       
0  	0     	0.00569248	0.000117028	0.00549704	0.00587996
1  	10    	0.00576709	0.000227448	0.00553245	0.00628718
2  	10    	0.00565092	9.13037e-05	0.00550985	0.00578413
3  	10    	0.0057487 	0.00016918 	0.00549803	0.00601833
4  	10    	0.00572748	0.000246488	0.00551027	0.00633143
5  	10    	0.00584118	0.000248369	0.00558604	0.0064725 
6  	10    	0.00575824	0.000249877	0.00547714	0.00638027
7  	10    	0.00563813	0.000145028	0.00542974	0.0059686 
8  	10    	0.00581437	0.000470962	0.00547939	0.00712156
9  	10    	0.00565493	0.000125817	0.00551604	0.00593117
10 	10    	0.00564747	0.000112248	0.00549749	0.00590697
11 	10    	0.0055856 	0.000118075	0.0054303 	0.00580359
12 	10    	0.00556266	6.96021e-05	0.00546761	0.0056874 
13 	10    	0.00583907	0.000620319	0.0055038 	0.00762557
14 	10    	0.00587455	0.000628861	0.00549588	0.00757287
15 	10    	0.00569728	0.000185399	0.0054325 	0.006033  
16 	10    	0.00599799	0.000676146	0.00553877	0.00739416
17 	10    	0.00564097	0.000104375	0.00547063	0.0058101 
18 	10    	0.00571322	0.000135747	0.00547252	0.00594245
19 	10    	0.00571647	0.000149927	0.00551159	0.00596137
20 	10    	0.00587608	0.00051371 	0.00546711	0.00732869
Runtime: 5.725155315998563 (s)


Final population:
Index: Selected                                    #Selected    CV          
----------------------------------------------------------------------------------------------------
    0: 1111000111101110000001111100011111100100... 97           0.0058730863
    1: 1111100111001110000001111100010111100100... 98           0.005467111 
    2: 1111100110001110000000011000010111100100... 100          0.0057131175
    3: 1111100110001110000000011000010111100100... 100          0.0054786418
    4: 1111100111001110000000111100011111100101... 100          0.0056878494
    5: 1111000111001110000001111000010111100100... 100          0.0056090635
    6: 1111000111011110010000111000010111100100... 98           0.0058121864
    7: 1111000111001110000001011100000111100100... 100          0.0057144367
    8: 1111100111001110000000010100010111100100... 97           0.0073286859
    9: 1111100110101110000001111000011111100100... 100          0.006076575 

Pickling population to: genetic_alg_settings_population_end.pkl

Hall of Fame:
Index: Selected                                    #Selected    CV          
----------------------------------------------------------------------------------------------------
    0: 1111100111011110000000111100010111100100... 95           0.0054297369
    1: 1111100111011110000000111100010111100100... 97           0.0054302996
    2: 1111100111001110000000111100010111101100... 99           0.0054325033
    3: 1111100111011110000000111100010111100100... 99           0.0054327323
    4: 1111100111011110000000111100010111100100... 99           0.0054546991
    5: 1111100111001110000001111100010111100100... 98           0.005467111 
    6: 1111100111111110000000111100010111100100... 98           0.0054676133
    7: 1111000111001110000000111000010111100100... 100          0.0054685557
    8: 1111100011001110000000111100010111100100... 100          0.0054706271
    9: 1111000111001110000000011000010111100100... 98           0.0054725247

Pickling Hall of Fame to: genetic_alg_settings_evolve_halloffame.pkl
Begin 5 of 20 repetitions
Begin 20 generations
gen	nevals	avg       	std       	min       	max       
0  	0     	0.00587608	0.00051371	0.00546711	0.00732869
1  	10    	0.00568977	0.000175581	0.00545044	0.00603471
2  	10    	0.00556339	0.000147598	0.00532597	0.00580739
3  	10    	0.00555285	0.000299761	0.00535781	0.00643527
4  	10    	0.00554349	8.77687e-05	0.00538849	0.00569898
5  	10    	0.00554018	0.000124297	0.00539003	0.00579522
6  	10    	0.00553794	0.000122984	0.00538281	0.00581722
7  	10    	0.00558034	0.00013081 	0.00542416	0.00580882
8  	10    	0.00567854	0.000174031	0.00544928	0.00596689
9  	10    	0.00573812	0.000208692	0.00553654	0.00624514
10 	10    	0.00566666	0.000121146	0.00552831	0.00593632
11 	10    	0.00583887	0.000518745	0.00552379	0.00736433
12 	10    	0.00577018	0.000137072	0.00556115	0.00610592
13 	10    	0.0062066 	0.00084962 	0.00559762	0.00789059
14 	10    	0.00588544	0.000240374	0.00560218	0.00651089
15 	10    	0.00582167	0.000142056	0.00564732	0.00605895
16 	10    	0.00587668	0.000226558	0.00558391	0.0062524 
17 	10    	0.00570629	0.000100046	0.0055046 	0.00580887
18 	10    	0.00586326	0.000638375	0.00551706	0.00776037
19 	10    	0.0060098 	0.000958722	0.00547452	0.00884664
20 	10    	0.00571424	0.000161058	0.00547474	0.00599727
Runtime: 5.696403213998565 (s)


Final population:
Index: Selected                                    #Selected    CV          
----------------------------------------------------------------------------------------------------
    0: 1111101011001110010010001000010111100100... 100          0.0055681264
    1: 1111101011001110010010001000000111100100... 98           0.0056020374
    2: 1111101011001100010010001000010111100100... 100          0.0057116595
    3: 1111101011001100010010001000010110100100... 100          0.0057308275
    4: 1111101011001100010010001000010111100100... 100          0.0054747361
    5: 1111101011001110010010001000010111100100... 95           0.0056510721
    6: 1111101011001100010010001000010111100100... 99           0.005993389 
    7: 1111101011001100010010001000010111100100... 100          0.0056533649
    8: 1111101001001100010000011000010111100100... 100          0.0059972691
    9: 1111101011001100010010001000010111100100... 96           0.0057599458

Pickling population to: genetic_alg_settings_population_end.pkl

Hall of Fame:
Index: Selected                                    #Selected    CV          
----------------------------------------------------------------------------------------------------
    0: 1111100111001110000000011000010111100100... 99           0.0053259722
    1: 1111100111001110100000011000010111100100... 100          0.0053578088
    2: 1111100111001110000000011000010111100100... 97           0.0053828091
    3: 1111100111001110000000011000010111100100... 99           0.0053884917
    4: 1111100111001110000000011000010111100100... 99           0.0053900301
    5: 1111100111001110000000011000010111100101... 98           0.0053922108
    6: 1111100011001110000000011000010111100100... 95           0.0053928845
    7: 1111100111001110000000011000010111100101... 98           0.0054044601
    8: 1111100111001110100000011000010111100100... 99           0.005406377 
    9: 1111100111001110000000011001010111100100... 99           0.0054143447

Pickling Hall of Fame to: genetic_alg_settings_evolve_halloffame.pkl
Begin 6 of 20 repetitions
Begin 20 generations
gen	nevals	avg       	std        	min       	max       
0  	0     	0.00571424	0.000161058	0.00547474	0.00599727
1  	10    	0.00570532	0.000201098	0.00546002	0.00621088
2  	10    	0.00585264	0.000279095	0.00559484	0.00662513
3  	10    	0.00580175	0.000123154	0.0056251 	0.00602417
4  	10    	0.00568257	0.000124579	0.00548074	0.00592615
5  	10    	0.00571549	0.000176454	0.00554742	0.00616157
6  	10    	0.0059165 	0.000632451	0.00554887	0.0077313 
7  	10    	0.00575542	0.000142192	0.00554604	0.00598821
8  	10    	0.00580577	0.000233336	0.00544811	0.00613971
9  	10    	0.00565672	0.000169754	0.00539643	0.00602375
10 	10    	0.00589801	0.000620102	0.00551048	0.00766361
11 	10    	0.00573155	0.000127771	0.00560372	0.00598619
12 	10    	0.00560253	8.55399e-05	0.00544317	0.00572398
13 	10    	0.00566718	9.46413e-05	0.00547864	0.00585056
14 	10    	0.00581183	0.000170557	0.00557783	0.00619403
15 	10    	0.00571051	0.000156751	0.0055027 	0.00610948
16 	10    	0.00566648	9.16185e-05	0.0055154 	0.00581009
17 	10    	0.00567344	7.54237e-05	0.00555684	0.00582628
18 	10    	0.00569658	0.000148804	0.00544991	0.00594856
19 	10    	0.0055996 	7.30309e-05	0.00552215	0.0057946 
20 	10    	0.00569866	0.000178956	0.00552505	0.00607205
Runtime: 5.661930156999006 (s)


Final population:
Index: Selected                                    #Selected    CV          
----------------------------------------------------------------------------------------------------
    0: 1111101011001110010010001010000111000100... 97           0.0055250535
    1: 1111101011000110010010001010000111000100... 91           0.0060720482
    2: 1111101111001110010010001010000111000100... 93           0.0058353384
    3: 1111101001001110010010001010000111100100... 98           0.0058855263
    4: 1111101011001110010010001010000111000100... 98           0.0055379806
    5: 1111111011001110010010001010000111000100... 96           0.0056173821
    6: 1111101011001110010010001010000111000100... 98           0.0055818718
    7: 1111101011001110010010001010000111000100... 99           0.005809471 
    8: 1111101011001110010010001110000111100101... 100          0.0055406885
    9: 1111101011001110010010001010000111100101... 99           0.0055811946

Pickling population to: genetic_alg_settings_population_end.pkl

Hall of Fame:
Index: Selected                                    #Selected    CV          
----------------------------------------------------------------------------------------------------
    0: 1111100111001110000000011000010111100100... 99           0.0053259722
    1: 1111100111001110100000011000010111100100... 100          0.0053578088
    2: 1111100111001110000000011000010111100100... 97           0.0053828091
    3: 1111100111001110000000011000010111100100... 99           0.0053884917
    4: 1111100111001110000000011000010111100100... 99           0.0053900301
    5: 1111100111001110000000011000010111100101... 98           0.0053922108
    6: 1111100011001110000000011000010111100100... 95           0.0053928845
    7: 1111101011001100010010001000000111000100... 97           0.0053964293
    8: 1111100111001110000000011000010111100101... 98           0.0054044601
    9: 1111100111001110100000011000010111100100... 99           0.005406377 

Pickling Hall of Fame to: genetic_alg_settings_evolve_halloffame.pkl
Begin 7 of 20 repetitions
Begin 20 generations
gen	nevals	avg       	std        	min       	max       
0  	0     	0.00569866	0.000178956	0.00552505	0.00607205
1  	10    	0.00570478	0.000217584	0.00550655	0.00627053
2  	10    	0.00560217	9.1519e-05 	0.00545091	0.00577877
3  	10    	0.00562934	0.000114231	0.00553735	0.00592808
4  	10    	0.00587541	0.000569806	0.00551814	0.00755208
5  	10    	0.00570206	0.000209619	0.00543618	0.00617267
6  	10    	0.00564829	0.000105563	0.00551166	0.00591916
7  	10    	0.00571671	0.00013171 	0.00552015	0.00597312
8  	10    	0.00566577	0.000103687	0.0053908 	0.00578751
9  	10    	0.00560327	0.000154198	0.00536371	0.00590172
10 	10    	0.00569206	0.000189391	0.00544338	0.00617414
11 	10    	0.00562855	0.000119838	0.00547179	0.00588503
12 	10    	0.00556979	9.83689e-05	0.00529696	0.00566935
13 	10    	0.00566867	0.000122227	0.00548997	0.00595488
14 	10    	0.0055897 	0.000164671	0.00538568	0.00594749
15 	10    	0.00561611	0.000181718	0.00536579	0.00593033
16 	10    	0.00550729	0.000156294	0.00535528	0.00580265
17 	10    	0.00545248	5.0109e-05 	0.00536559	0.0055314 
18 	10    	0.00547346	9.12492e-05	0.00534745	0.00565535
19 	10    	0.00548371	8.41955e-05	0.00539529	0.00569379
20 	10    	0.00545161	6.46548e-05	0.0053172 	0.00553422
Runtime: 5.668931887998042 (s)


Final population:
Index: Selected                                    #Selected    CV          
----------------------------------------------------------------------------------------------------
    0: 1111011011001110010010001010000101000100... 97           0.0054180092
    1: 1111111011001110010010001010000101000100... 100          0.0054276126
    2: 1111011011001110010010001010000101000100... 100          0.0054082346
    3: 1111011011001010010010001010000101000100... 96           0.0054456016
    4: 1111011011001110010010001010000101000100... 97           0.0054218221
    5: 1111010011001110010010001010000101000100... 97           0.0055342186
    6: 1111011011001110010010001010000101000100... 98           0.0055310323
    7: 1111011011001010010010001010000101000100... 95           0.0053172029
    8: 1111011011001011010010001011000101000100... 100          0.0055144821
    9: 1111011011001010010010001010000101000100... 100          0.0054978961

Pickling population to: genetic_alg_settings_population_end.pkl

Hall of Fame:
Index: Selected                                    #Selected    CV          
----------------------------------------------------------------------------------------------------
    0: 1111011011001110010110001010000101000100... 100          0.0052969586
    1: 1111011011001010010010001010000101000100... 95           0.0053172029
    2: 1111100111001110000000011000010111100100... 99           0.0053259722
    3: 1111011011001110010010001010000101000100... 97           0.0053474453
    4: 1111011011001110010010001010000101000100... 100          0.0053552827
    5: 1111100111001110100000011000010111100100... 100          0.0053578088
    6: 1111111011101110010010011010000111000100... 99           0.0053637097
    7: 1111011011001110010010001010000101000100... 100          0.005365593 
    8: 1111011011001110010010001010000101000100... 97           0.0053657948
    9: 1111011111001110010010001010000101000100... 99           0.0053748298

Pickling Hall of Fame to: genetic_alg_settings_evolve_halloffame.pkl
Begin 8 of 20 repetitions
Begin 20 generations
gen	nevals	avg       	std        	min      	max       
0  	0     	0.00545161	6.46548e-05	0.0053172	0.00553422
1  	10    	0.00554727	0.000388476	0.00535099	0.00670779
2  	10    	0.00555795	0.000110514	0.00539185	0.00574082
3  	10    	0.00563297	0.000315767	0.00532713	0.00646397
4  	10    	0.00554041	0.000250992	0.00537101	0.00625634
5  	10    	0.00575165	0.000357825	0.00544638	0.00655324
6  	10    	0.00552754	0.000132133	0.00534028	0.0057802 
7  	10    	0.00551611	0.000117833	0.00539789	0.00580547
8  	10    	0.00559033	0.000141465	0.00541321	0.00583144
9  	10    	0.00550208	6.74487e-05	0.00543204	0.00567269
10 	10    	0.00574022	0.000363854	0.0054744 	0.00670853
11 	10    	0.00560458	0.000154311	0.0054344 	0.0058762 
12 	10    	0.00555189	0.00013763 	0.00535396	0.00585592
13 	10    	0.00578543	0.000309036	0.00544438	0.0063723 
14 	10    	0.00567746	0.000145825	0.00547224	0.00591086
15 	10    	0.00561406	0.000106321	0.00542112	0.00578368
16 	10    	0.00556518	0.000106998	0.00535925	0.00570263
17 	10    	0.00553735	8.33791e-05	0.00536602	0.00568104
18 	10    	0.005585  	8.07954e-05	0.00541891	0.00570708
19 	10    	0.00560568	0.000129765	0.00540018	0.00581916
20 	10    	0.0055174 	7.2793e-05 	0.00539764	0.00566326
Runtime: 5.646236707998469 (s)


Final population:
Index: Selected                                    #Selected    CV          
----------------------------------------------------------------------------------------------------
    0: 1111011011101110010011011010000101000101... 97           0.0055286959
    1: 1111011011001010010011001010000101000100... 91           0.0055988985
    2: 1111011011011010010011001010000101000101... 94           0.005663256 
    3: 1111011011011111010011011010000101000101... 97           0.0055416319
    4: 1111011011011110010011001010010101000101... 100          0.005445249 
    5: 1111011011011110010011001010010101000101... 100          0.0054888934
    6: 1111011011001110010011001010010101000101... 97           0.0054626826
    7: 1111011011011111010001011010000101000101... 99           0.0055019829
    8: 1111011011011111010011011010000101000101... 100          0.0053976412
    9: 1111011011011110010010001010000101000101... 94           0.0055450624

Pickling population to: genetic_alg_settings_population_end.pkl

Hall of Fame:
Index: Selected                                    #Selected    CV          
----------------------------------------------------------------------------------------------------
    0: 1111011011001110010110001010000101000100... 100          0.0052969586
    1: 1111011011001010010010001010000101000100... 95           0.0053172029
    2: 1111100111001110000000011000010111100100... 99           0.0053259722
    3: 1111011011001010010010001010000101000100... 94           0.0053271346
    4: 1111011011001010010011001010000101000100... 96           0.0053402794
    5: 1111011011001110010010001010000101000100... 97           0.0053474453
    6: 1111011011001010010010001010000101000100... 96           0.0053509864
    7: 1111011011001110010010011010000101000101... 97           0.0053539614
    8: 1111011011001110010010001010000101000100... 100          0.0053552827
    9: 1111100111001110100000011000010111100100... 100          0.0053578088

Pickling Hall of Fame to: genetic_alg_settings_evolve_halloffame.pkl
Begin 9 of 20 repetitions
Begin 20 generations
gen	nevals	avg      	std       	min       	max       
0  	0     	0.0055174	7.2793e-05	0.00539764	0.00566326
1  	10    	0.00556981	0.000182757	0.00536958	0.00603797
2  	10    	0.0057216 	0.000420636	0.00542642	0.00675628
3  	10    	0.00557891	0.000103527	0.00538306	0.00571175
4  	10    	0.00562452	0.000145425	0.00540164	0.00591439
5  	10    	0.00558716	0.000119252	0.00543163	0.00586794
6  	10    	0.0056716 	0.000209265	0.00547413	0.00624568
7  	10    	0.00567445	0.000101934	0.00546442	0.00581279
8  	10    	0.00565467	0.000131856	0.00537989	0.00589037
9  	10    	0.00572114	0.000141421	0.00549497	0.00588281
10 	10    	0.00560891	0.000112217	0.00546242	0.00584293
11 	10    	0.00563818	8.17458e-05	0.00549373	0.00578002
12 	10    	0.00563363	0.000109768	0.00546719	0.00577948
13 	10    	0.00567249	0.000147413	0.00549873	0.00595306
14 	10    	0.00563021	0.000250569	0.00536383	0.00620486
15 	10    	0.00563322	0.000167199	0.00542671	0.00600632
16 	10    	0.0055781 	0.000131856	0.00532694	0.00577638
17 	10    	0.00562131	0.000214455	0.00536426	0.0061589 
18 	10    	0.00552346	0.000103575	0.00536977	0.00568222
19 	10    	0.00553071	9.41631e-05	0.00540282	0.00572652
20 	10    	0.00557774	0.000136268	0.00542421	0.00584148
Runtime: 5.6797165909993055 (s)


Final population:
Index: Selected                                    #Selected    CV          
----------------------------------------------------------------------------------------------------
    0: 1111110011101110110011111000000101010101... 100          0.005841479 
    1: 1111110011001110110011111010000101010101... 97           0.0054242068
    2: 1111110011001010110011111010000101010001... 100          0.005704463 
    3: 1111110011001110110011111010000101010101... 99           0.0054952554
    4: 1111110001001110110011111010000101010101... 99           0.0056527218
    5: 1111110010001011110011111010000101010101... 100          0.005696195 
    6: 1111110011001110110011101010000101010101... 100          0.0054764769
    7: 1111110011001100110011111010000101010101... 97           0.0056083774
    8: 1111110011001110110011111011000101010101... 100          0.0054245717
    9: 1111110011001110110011111010000101010101... 100          0.0054536895

Pickling population to: genetic_alg_settings_population_end.pkl

Hall of Fame:
Index: Selected                                    #Selected    CV          
----------------------------------------------------------------------------------------------------
    0: 1111011011001110010110001010000101000100... 100          0.0052969586
    1: 1111011011001010010010001010000101000100... 95           0.0053172029
    2: 1111100111001110000000011000010111100100... 99           0.0053259722
    3: 1111010011001110110011111010001101010101... 100          0.0053269386
    4: 1111011011001010010010001010000101000100... 94           0.0053271346
    5: 1111011011001010010011001010000101000100... 96           0.0053402794
    6: 1111011011001110010010001010000101000100... 97           0.0053474453
    7: 1111011011001010010010001010000101000100... 96           0.0053509864
    8: 1111011011001110010010011010000101000101... 97           0.0053539614
    9: 1111011011001110010010001010000101000100... 100          0.0053552827

Pickling Hall of Fame to: genetic_alg_settings_evolve_halloffame.pkl
Begin 10 of 20 repetitions
Begin 20 generations
gen	nevals	avg       	std        	min       	max       
0  	0     	0.00557774	0.000136268	0.00542421	0.00584148
1  	10    	0.00570326	0.000302589	0.00538995	0.00640621
2  	10    	0.0056159 	0.000193919	0.00536508	0.00599715
3  	10    	0.00555655	8.42022e-05	0.00544912	0.00572471
4  	10    	0.00558775	0.000145024	0.00539413	0.00590966
5  	10    	0.00565982	0.000243861	0.00534497	0.00619619
6  	10    	0.00560277	0.000181093	0.00536404	0.00608861
7  	10    	0.0056788 	0.000134503	0.00556574	0.00605552
8  	10    	0.00586985	0.000254598	0.00560725	0.00648446
9  	10    	0.00579355	9.8301e-05 	0.00558421	0.00591737
10 	10    	0.00585406	0.000317584	0.00560043	0.00654679
11 	10    	0.00573345	0.000115807	0.00557063	0.00594765
12 	10    	0.00574626	0.000126096	0.00558576	0.00597305
13 	10    	0.00576703	6.19164e-05	0.0056696 	0.00589692
14 	10    	0.0057776 	0.000137498	0.00559066	0.00609166
15 	10    	0.00582447	0.000166456	0.00565158	0.00625363
16 	10    	0.00575705	0.000133712	0.00563768	0.00610835
17 	10    	0.00584004	0.000100087	0.00571692	0.00602556
18 	10    	0.00575965	0.000141128	0.00560994	0.00607625
19 	10    	0.00582516	0.000146319	0.0056005 	0.00603383
20 	10    	0.00578604	0.000127386	0.00553389	0.00601039
Runtime: 5.668684325002687 (s)


Final population:
Index: Selected                                    #Selected    CV          
----------------------------------------------------------------------------------------------------
    0: 1111000011001110100011111010010100001101... 100          0.0055338908
    1: 1111000011001110100011111010010100001101... 100          0.0058002165
    2: 1111001011001110100011111010010100000101... 98           0.0057951539
    3: 1111001011001110100011111010010100000101... 98           0.0058461827
    4: 1111000011001110100011101010010100001101... 100          0.0058516473
    5: 1111000011001110100011111011010100000001... 100          0.0056620137
    6: 1111001011001110100011111010010100001001... 99           0.0057576866
    7: 1111000011001110100011111010010100000101... 97           0.0059099826
    8: 1111000011001110100011111010010100001101... 100          0.0060103874
    9: 1111000011001110100001111010010100000101... 97           0.0056932675

Pickling population to: genetic_alg_settings_population_end.pkl

Hall of Fame:
Index: Selected                                    #Selected    CV          
----------------------------------------------------------------------------------------------------
    0: 1111011011001110010110001010000101000100... 100          0.0052969586
    1: 1111011011001010010010001010000101000100... 95           0.0053172029
    2: 1111100111001110000000011000010111100100... 99           0.0053259722
    3: 1111010011001110110011111010001101010101... 100          0.0053269386
    4: 1111011011001010010010001010000101000100... 94           0.0053271346
    5: 1111011011001010010011001010000101000100... 96           0.0053402794
    6: 1111010011001110110011111010000101010101... 100          0.0053449697
    7: 1111011011001110010010001010000101000100... 97           0.0053474453
    8: 1111011011001010010010001010000101000100... 96           0.0053509864
    9: 1111011011001110010010011010000101000101... 97           0.0053539614

Pickling Hall of Fame to: genetic_alg_settings_evolve_halloffame.pkl
Begin 11 of 20 repetitions
Begin 20 generations
gen	nevals	avg       	std        	min       	max       
0  	0     	0.00578604	0.000127386	0.00553389	0.00601039
1  	10    	0.00590955	0.000298027	0.00564499	0.00659155
2  	10    	0.00584143	0.000339551	0.0055015 	0.00676006
3  	10    	0.00582853	0.000148812	0.00551837	0.00609946
4  	10    	0.00580788	0.000153706	0.0055902 	0.00611928
5  	10    	0.0058004 	0.000135925	0.00554258	0.00604224
6  	10    	0.00586009	0.000316298	0.00564253	0.0067693 
7  	10    	0.00580446	0.000134855	0.00558315	0.00600761
8  	10    	0.00591859	0.000123309	0.00576834	0.00615992
9  	10    	0.00604013	0.000449672	0.00563912	0.00709332
10 	10    	0.00599937	0.000379806	0.00566498	0.00697697
11 	10    	0.0060025 	0.000419565	0.00570704	0.00720435
12 	10    	0.00587158	0.000117576	0.00565413	0.00603972
13 	10    	0.00591241	0.000278071	0.0056766 	0.0066958 
14 	10    	0.00580946	0.000133555	0.00563363	0.00611573
15 	10    	0.00595021	0.00035658 	0.00561008	0.00686505
16 	10    	0.0057763 	8.92481e-05	0.00562036	0.00596557
17 	10    	0.00598483	0.000223428	0.00577156	0.00649758
18 	10    	0.00575235	0.000100539	0.00559073	0.00590952
19 	10    	0.00588831	0.00022733 	0.00563038	0.00641589
20 	10    	0.00596655	0.000255274	0.00575393	0.00662903
Runtime: 5.650364367000293 (s)


Final population:
Index: Selected                                    #Selected    CV          
----------------------------------------------------------------------------------------------------
    0: 1111000011001110100011101010010100010000... 100          0.0060012645
    1: 1111000011001110100010101010110100010000... 100          0.0058838386
    2: 1111000011001110100011101010110100010000... 100          0.005753933 
    3: 1111000011001110100010101010010100010000... 99           0.0058101663
    4: 1110001011001110100010111010010100010000... 98           0.0061865806
    5: 1111000011001110100011101010010100000000... 99           0.0057760705
    6: 1111000011001110100001101010110100110000... 99           0.0060023657
    7: 1111000011001110100010101010010100010000... 99           0.0057915873
    8: 1111000011001110100011101010010100010000... 97           0.0058306412
    9: 1110001011001110100011101010010100110000... 100          0.00662903  

Pickling population to: genetic_alg_settings_population_end.pkl

Hall of Fame:
Index: Selected                                    #Selected    CV          
----------------------------------------------------------------------------------------------------
    0: 1111011011001110010110001010000101000100... 100          0.0052969586
    1: 1111011011001010010010001010000101000100... 95           0.0053172029
    2: 1111100111001110000000011000010111100100... 99           0.0053259722
    3: 1111010011001110110011111010001101010101... 100          0.0053269386
    4: 1111011011001010010010001010000101000100... 94           0.0053271346
    5: 1111011011001010010011001010000101000100... 96           0.0053402794
    6: 1111010011001110110011111010000101010101... 100          0.0053449697
    7: 1111011011001110010010001010000101000100... 97           0.0053474453
    8: 1111011011001010010010001010000101000100... 96           0.0053509864
    9: 1111011011001110010010011010000101000101... 97           0.0053539614

Pickling Hall of Fame to: genetic_alg_settings_evolve_halloffame.pkl
Begin 12 of 20 repetitions
Begin 20 generations
gen	nevals	avg       	std        	min       	max       
0  	0     	0.00596655	0.000255274	0.00575393	0.00662903
1  	10    	0.00594008	0.00037452 	0.00570602	0.00703211
2  	10    	0.00612072	0.000430428	0.00568379	0.00726133
3  	10    	0.00600672	0.000258555	0.00568509	0.00649969
4  	10    	0.00585688	0.000157735	0.00560037	0.00615646
5  	10    	0.0058035 	9.9203e-05 	0.00567445	0.00599527
6  	10    	0.00578872	7.43881e-05	0.00570027	0.00592002
7  	10    	0.00584225	0.000103578	0.00570988	0.00601278
8  	10    	0.00591894	0.000285995	0.00566059	0.00667225
9  	10    	0.00570721	0.000131333	0.00557305	0.00602499
10 	10    	0.00582452	0.000344255	0.00551827	0.00681719
11 	10    	0.00570274	0.000105462	0.00550658	0.0059166 
12 	10    	0.00584024	0.000341176	0.00548169	0.00667816
13 	10    	0.00566549	0.000159103	0.00549806	0.00592601
14 	10    	0.0058424 	0.000264375	0.00551316	0.00643823
15 	10    	0.00592733	0.000451989	0.00554337	0.00720755
16 	10    	0.00581212	0.000325295	0.00546619	0.00651907
17 	10    	0.00562487	7.64804e-05	0.00552906	0.00576643
18 	10    	0.00600794	0.000756284	0.00547489	0.00755928
19 	10    	0.00561691	0.000123714	0.00546377	0.00579238
20 	10    	0.00569895	0.000199326	0.00553457	0.00626732
Runtime: 5.658721411997249 (s)


Final population:
Index: Selected                                    #Selected    CV          
----------------------------------------------------------------------------------------------------
    0: 1111000001001110001110101010110110001000... 97           0.0056150373
    1: 1111000011001110001010101010110100000000... 97           0.005732531 
    2: 1111000001001110001010101010110100000000... 99           0.0055475661
    3: 1110000001001110011010101010110100001000... 97           0.0062673174
    4: 1111000011001110001010101010000100000100... 100          0.0055946527
    5: 1111000011001110001010101010000100010100... 100          0.0056462406
    6: 1111000001001110001010101010010100001000... 98           0.0056894845
    7: 1111000011001110001010101010100100000100... 98           0.0055345699
    8: 1111000011001110001010101010010100000100... 100          0.0057108268
    9: 1111000011001110101010101010000100000000... 96           0.0056512633

Pickling population to: genetic_alg_settings_population_end.pkl

Hall of Fame:
Index: Selected                                    #Selected    CV          
----------------------------------------------------------------------------------------------------
    0: 1111011011001110010110001010000101000100... 100          0.0052969586
    1: 1111011011001010010010001010000101000100... 95           0.0053172029
    2: 1111100111001110000000011000010111100100... 99           0.0053259722
    3: 1111010011001110110011111010001101010101... 100          0.0053269386
    4: 1111011011001010010010001010000101000100... 94           0.0053271346
    5: 1111011011001010010011001010000101000100... 96           0.0053402794
    6: 1111010011001110110011111010000101010101... 100          0.0053449697
    7: 1111011011001110010010001010000101000100... 97           0.0053474453
    8: 1111011011001010010010001010000101000100... 96           0.0053509864
    9: 1111011011001110010010011010000101000101... 97           0.0053539614

Pickling Hall of Fame to: genetic_alg_settings_evolve_halloffame.pkl
Begin 13 of 20 repetitions
Begin 20 generations
gen	nevals	avg       	std        	min       	max       
0  	0     	0.00569895	0.000199326	0.00553457	0.00626732
1  	10    	0.00561391	9.50235e-05	0.00549547	0.00579099
2  	10    	0.00564417	0.000155515	0.00552384	0.00609068
3  	10    	0.00563575	0.000118484	0.0053744 	0.00585489
4  	10    	0.00564908	0.000175202	0.00539262	0.0059941 
5  	10    	0.00562314	0.000146855	0.00544395	0.00593622
6  	10    	0.00560361	0.000110536	0.0054572 	0.0058615 
7  	10    	0.00558578	9.37229e-05	0.00542968	0.00577632
8  	10    	0.00562194	0.000152371	0.00541672	0.00600073
9  	10    	0.00561712	0.000266406	0.0053925 	0.00636737
10 	10    	0.00559983	0.000149514	0.00534733	0.00590988
11 	10    	0.0056162 	0.000131012	0.00546751	0.00589892
12 	10    	0.00566695	0.00017866 	0.00543673	0.00600546
13 	10    	0.00588923	0.000416119	0.00549972	0.00681995
14 	10    	0.00573107	0.000239298	0.00544973	0.00616325
15 	10    	0.0055838 	9.5124e-05 	0.00541094	0.00575926
16 	10    	0.00565985	0.000189474	0.00552211	0.00621642
17 	10    	0.00561348	9.39828e-05	0.00545629	0.00576681
18 	10    	0.00564752	0.000191131	0.00537475	0.0060883 
19 	10    	0.0056038 	0.000115374	0.00534376	0.00579403
20 	10    	0.0056215 	0.000163714	0.005296  	0.00593416
Runtime: 5.650012162001076 (s)


Final population:
Index: Selected                                    #Selected    CV          
----------------------------------------------------------------------------------------------------
    0: 1111000111001100001010101000000110000110... 96           0.0059341555
    1: 1111001111001100001110101010001110000010... 97           0.0055582813
    2: 1111001111111110001010111010010110000010... 99           0.0052959999
    3: 1111100111001100001010101010000110000010... 100          0.0056678155
    4: 1111000111001100011010101010010110000010... 100          0.0057724686
    5: 1111001111001110001010101010000110000010... 98           0.0055461533
    6: 1111100111111110001010111010010110000010... 100          0.0056322453
    7: 1111100111111110001010111010010110000010... 100          0.0054953718
    8: 1111000111001100001010101010000110000010... 99           0.0055811707
    9: 1111000111011110000010101010010110010010... 100          0.0057313087

Pickling population to: genetic_alg_settings_population_end.pkl

Hall of Fame:
Index: Selected                                    #Selected    CV          
----------------------------------------------------------------------------------------------------
    0: 1111001111111110001010111010010110000010... 99           0.0052959999
    1: 1111011011001110010110001010000101000100... 100          0.0052969586
    2: 1111011011001010010010001010000101000100... 95           0.0053172029
    3: 1111100111001110000000011000010111100100... 99           0.0053259722
    4: 1111010011001110110011111010001101010101... 100          0.0053269386
    5: 1111011011001010010010001010000101000100... 94           0.0053271346
    6: 1111011011001010010011001010000101000100... 96           0.0053402794
    7: 1111100111111110001010111010010110000010... 100          0.0053437587
    8: 1111010011001110110011111010000101010101... 100          0.0053449697
    9: 1111000111011110001010001010010110000010... 100          0.0053473276

Pickling Hall of Fame to: genetic_alg_settings_evolve_halloffame.pkl
Begin 14 of 20 repetitions
Begin 20 generations
gen	nevals	avg      	std        	min     	max       
0  	0     	0.0056215	0.000163714	0.005296	0.00593416
1  	10    	0.00568252	0.000459037	0.00530183	0.00682766
2  	10    	0.0054621 	0.00013368 	0.0052681 	0.00570218
3  	10    	0.00546319	0.000100896	0.00530709	0.00563705
4  	10    	0.00545781	8.94688e-05	0.00533079	0.00557642
5  	10    	0.0056517 	0.00028506 	0.00532584	0.00622984
6  	10    	0.0055924 	0.000236399	0.00540266	0.00628031
7  	10    	0.00554321	0.000112609	0.00540835	0.00582361
8  	10    	0.00557322	0.000110278	0.005356  	0.00579232
9  	10    	0.00551564	9.98927e-05	0.00535861	0.00564598
10 	10    	0.00556916	0.000157258	0.0053736 	0.00596747
11 	10    	0.00548625	0.000108201	0.00527885	0.00573124
12 	10    	0.00560281	0.000138116	0.00540086	0.0058427 
13 	10    	0.0055431 	0.000127917	0.00536171	0.00577212
14 	10    	0.00556439	0.000113209	0.00541579	0.00578908
15 	10    	0.00568074	8.7945e-05 	0.00554276	0.00588566
16 	10    	0.00577796	0.000180884	0.00546462	0.00608975
17 	10    	0.00556418	0.000147594	0.00535925	0.00578966
18 	10    	0.00561674	0.000132744	0.00544843	0.0058251 
19 	10    	0.00562041	8.74672e-05	0.00549149	0.00580309
20 	10    	0.00557464	0.000130846	0.00533934	0.00571509
Runtime: 5.642047753000952 (s)


Final population:
Index: Selected                                    #Selected    CV          
----------------------------------------------------------------------------------------------------
    0: 1111001001011010001000101010010110000010... 95           0.0054821365
    1: 1111001111011010001010101010010110100010... 100          0.0054471958
    2: 1111001111011010001000101110010110001010... 100          0.0053393354
    3: 1111001101011010001010101010010110000010... 100          0.005706765 
    4: 1111001011011010001010101010010110100010... 98           0.0057150938
    5: 1111001101011010001000101010010110000010... 96           0.0054263311
    6: 1111001111011010000000101010010110001010... 95           0.0056128243
    7: 1111001111011010000000101010010110001010... 95           0.0056790211
    8: 1111000011011010001000101010010110100010... 100          0.0056984197
    9: 1111001111011010001000101010010110001010... 90           0.0056393208

Pickling population to: genetic_alg_settings_population_end.pkl

Hall of Fame:
Index: Selected                                    #Selected    CV          
----------------------------------------------------------------------------------------------------
    0: 1111001111111110001010111010010110000010... 99           0.0052680978
    1: 1111001011011110001010101010010110000010... 100          0.0052788472
    2: 1111001111111110001010111010010110000010... 99           0.0052959999
    3: 1111011011001110010110001010000101000100... 100          0.0052969586
    4: 1111001111111110001010111010010110000010... 98           0.005301825 
    5: 1111001111111110001010111010010110000010... 99           0.0053070859
    6: 1111011011001010010010001010000101000100... 95           0.0053172029
    7: 1111001101011110001010101110010100000010... 100          0.0053258393
    8: 1111100111001110000000011000010111100100... 99           0.0053259722
    9: 1111010011001110110011111010001101010101... 100          0.0053269386

Pickling Hall of Fame to: genetic_alg_settings_evolve_halloffame.pkl
Begin 15 of 20 repetitions
Begin 20 generations
gen	nevals	avg       	std        	min       	max       
0  	0     	0.00557464	0.000130846	0.00533934	0.00571509
1  	10    	0.00560439	0.000108784	0.00544303	0.00577657
2  	10    	0.00552414	9.92779e-05	0.00540238	0.0057594 
3  	10    	0.0056039 	0.0001257  	0.00540764	0.00582005
4  	10    	0.00567265	0.000326922	0.00540653	0.00654557
5  	10    	0.00555207	9.84419e-05	0.00540754	0.00576732
6  	10    	0.00554541	0.000109547	0.00530338	0.00567311
7  	10    	0.00542679	4.76692e-05	0.00537363	0.00551171
8  	10    	0.00550725	0.000101974	0.00538549	0.00567907
9  	10    	0.00564661	0.000419661	0.00527096	0.00671906
10 	10    	0.00543775	8.01362e-05	0.00526332	0.00553638
11 	10    	0.00556189	0.000186627	0.00535725	0.00601764
12 	10    	0.00544374	7.82878e-05	0.00529092	0.00555922
13 	10    	0.00564022	0.000307685	0.00539383	0.00641795
14 	10    	0.00544873	8.44049e-05	0.00533365	0.00565074
15 	10    	0.00547381	9.11183e-05	0.00530982	0.00562618
16 	10    	0.00557792	0.000256652	0.00534263	0.00630609
17 	10    	0.00556231	0.000138312	0.00539433	0.0058699 
18 	10    	0.00547615	6.2519e-05 	0.00538662	0.00557753
19 	10    	0.00548679	0.000134969	0.00534528	0.00580497
20 	10    	0.00542987	8.16936e-05	0.00529778	0.00556295
Runtime: 5.658399043000827 (s)


Final population:
Index: Selected                                    #Selected    CV          
----------------------------------------------------------------------------------------------------
    0: 1111001111011010011001111011110110000010... 97           0.0055608195
    1: 1111001111001010011000011010010110000010... 99           0.0054589941
    2: 1111001111011010011001111010110110000010... 100          0.0052977772
    3: 1111001111001010011000111011010110000010... 100          0.0054558104
    4: 1111001111011010011000111011010110000010... 100          0.0054552751
    5: 1111001111001010011001111010110110000010... 100          0.0053751499
    6: 1111001111011010011000111010010110000010... 96           0.0053531029
    7: 1111001111001010011001111010010110000010... 100          0.0055629494
    8: 1111001111001010011000111011010110000010... 97           0.005396626 
    9: 1111001111011010011001111010010110000010... 100          0.0053821958

Pickling population to: genetic_alg_settings_population_end.pkl

Hall of Fame:
Index: Selected                                    #Selected    CV          
----------------------------------------------------------------------------------------------------
    0: 1111001101011010001000011010010100000010... 98           0.0052633184
    1: 1111001111111110001010111010010110000010... 99           0.0052680978
    2: 1111001111011010011000111010010110000010... 100          0.0052709577
    3: 1111001011011110001010101010010110000010... 100          0.0052788472
    4: 1111001111011010011001111010010110000010... 100          0.0052909231
    5: 1111001111111110001010111010010110000010... 99           0.0052959999
    6: 1111011011001110010110001010000101000100... 100          0.0052969586
    7: 1111001111011010011001111010110110000010... 100          0.0052977772
    8: 1111001111111110001010111010010110000010... 98           0.005301825 
    9: 1111001111011010001000111010010110000010... 99           0.0053033809

Pickling Hall of Fame to: genetic_alg_settings_evolve_halloffame.pkl
Begin 16 of 20 repetitions
Begin 20 generations
gen	nevals	avg       	std        	min       	max       
0  	0     	0.00542987	8.16936e-05	0.00529778	0.00556295
1  	10    	0.00545796	0.000176491	0.00531384	0.00596371
2  	10    	0.00557878	0.000348431	0.00534323	0.00658222
3  	10    	0.00546716	7.11656e-05	0.00537777	0.00563276
4  	10    	0.00549374	0.00023726 	0.00531055	0.0061753 
5  	10    	0.00553691	9.46419e-05	0.00535428	0.00565401
6  	10    	0.00550719	0.000125078	0.0053524 	0.00578069
7  	10    	0.00551035	9.48449e-05	0.0053713 	0.0056805 
8  	10    	0.00547249	8.76103e-05	0.00534279	0.00565813
9  	10    	0.00564495	0.000329963	0.00540986	0.00640175
10 	10    	0.00551017	0.000161448	0.00536709	0.0058399 
11 	10    	0.0055671 	0.000240619	0.00525323	0.00618796
12 	10    	0.00552849	0.000155841	0.00530303	0.00579388
13 	10    	0.00547995	7.71839e-05	0.00535165	0.00562254
14 	10    	0.00563633	0.000200191	0.00546108	0.00618834
15 	10    	0.00566176	0.000232629	0.00546305	0.00623038
16 	10    	0.00566078	0.000362138	0.00537528	0.00660449
17 	10    	0.00559977	0.000141585	0.00547769	0.00598041
18 	10    	0.00564971	0.000239828	0.00544547	0.00632532
19 	10    	0.00557399	7.63288e-05	0.00543647	0.00567512
20 	10    	0.00560942	8.41007e-05	0.00547172	0.00571233
Runtime: 5.626914554002724 (s)


Final population:
Index: Selected                                    #Selected    CV          
----------------------------------------------------------------------------------------------------
    0: 1111101111011010011000011100000110001010... 100          0.0056355646
    1: 1111001101011010001000011110010110000010... 97           0.0055460828
    2: 1111001111011010001010011010000110000010... 100          0.0056930517
    3: 1111001111011010001000011110000110000010... 99           0.0055100587
    4: 1111001111011010001000011010000110000010... 95           0.0057123344
    5: 1111001111011010001000011010000110000010... 95           0.005471725 
    6: 1111001111011010001010011010000110000010... 97           0.0056977838
    7: 1111001111011010001000011010000110000110... 98           0.0055266682
    8: 1111001101011010011010011010000110010010... 94           0.0056222699
    9: 1111001111011010011010011010000110001010... 98           0.0056786638

Pickling population to: genetic_alg_settings_population_end.pkl

Hall of Fame:
Index: Selected                                    #Selected    CV          
----------------------------------------------------------------------------------------------------
    0: 1111001111011010011010011010010110000010... 96           0.0052532287
    1: 1111001101011010001000011010010100000010... 98           0.0052633184
    2: 1111001111111110001010111010010110000010... 99           0.0052680978
    3: 1111001111011010011000111010010110000010... 100          0.0052709577
    4: 1111001011011110001010101010010110000010... 100          0.0052788472
    5: 1111001111011010011001111010010110000010... 100          0.0052909231
    6: 1111001111111110001010111010010110000010... 99           0.0052959999
    7: 1111011011001110010110001010000101000100... 100          0.0052969586
    8: 1111001111011010011001111010110110000010... 100          0.0052977772
    9: 1111001111111110001010111010010110000010... 98           0.005301825 

Pickling Hall of Fame to: genetic_alg_settings_evolve_halloffame.pkl
Begin 17 of 20 repetitions
Begin 20 generations
gen	nevals	avg       	std        	min       	max       
0  	0     	0.00560942	8.41007e-05	0.00547172	0.00571233
1  	10    	0.0055857 	7.83351e-05	0.00547377	0.00571992
2  	10    	0.00555428	0.000109393	0.00546347	0.00585141
3  	10    	0.00556693	4.00628e-05	0.0055114 	0.0056368 
4  	10    	0.00562346	0.000197695	0.00537573	0.00606786
5  	10    	0.005702  	0.0001817  	0.00546945	0.00600443
6  	10    	0.00571996	0.00022849 	0.00540662	0.00610581
7  	10    	0.00554307	0.000120637	0.00538765	0.00584163
8  	10    	0.00561778	0.000222403	0.00541122	0.00622827
9  	10    	0.00573207	0.000395797	0.00538556	0.00661678
10 	10    	0.00559245	8.91523e-05	0.00543823	0.00572801
11 	10    	0.0056399 	7.44946e-05	0.00547456	0.00574236
12 	10    	0.00561025	0.000139857	0.0054217 	0.00589274
13 	10    	0.00549212	9.74518e-05	0.00536071	0.0057497 
14 	10    	0.00553513	7.54313e-05	0.00545187	0.00568333
15 	10    	0.00560274	0.000279744	0.00539647	0.00638492
16 	10    	0.00548633	4.75479e-05	0.00541544	0.00558387
17 	10    	0.00565895	0.000300224	0.0054162 	0.00631563
18 	10    	0.00546897	6.44903e-05	0.00535588	0.00556025
19 	10    	0.00551176	0.000123033	0.00537329	0.00575613
20 	10    	0.0055541 	9.76763e-05	0.00542699	0.00571308
Runtime: 5.62691675199676 (s)


Final population:
Index: Selected                                    #Selected    CV          
----------------------------------------------------------------------------------------------------
    0: 1111001111011010000010011010001110000010... 99           0.0054269935
    1: 1111011110011010000000011010000110000011... 98           0.0056389986
    2: 1111011110011010000000011010000110000111... 100          0.0057130782
    3: 1111001111011010000000011010000110000010... 96           0.005705731 
    4: 1111011111011010000000011010000110000001... 100          0.0055277363
    5: 1111001111011010000000011010000110000011... 97           0.0054520955
    6: 1111001111011010010000011010000110000011... 100          0.0055385163
    7: 1111011111011010000000111010000110000011... 94           0.0054599826
    8: 1111011111011010000000011010000110000010... 100          0.0054994663
    9: 1111011111011010000000011010000110011011... 99           0.0055784104

Pickling population to: genetic_alg_settings_population_end.pkl

Hall of Fame:
Index: Selected                                    #Selected    CV          
----------------------------------------------------------------------------------------------------
    0: 1111001111011010011010011010010110000010... 96           0.0052532287
    1: 1111001101011010001000011010010100000010... 98           0.0052633184
    2: 1111001111111110001010111010010110000010... 99           0.0052680978
    3: 1111001111011010011000111010010110000010... 100          0.0052709577
    4: 1111001011011110001010101010010110000010... 100          0.0052788472
    5: 1111001111011010011001111010010110000010... 100          0.0052909231
    6: 1111001111111110001010111010010110000010... 99           0.0052959999
    7: 1111011011001110010110001010000101000100... 100          0.0052969586
    8: 1111001111011010011001111010110110000010... 100          0.0052977772
    9: 1111001111111110001010111010010110000010... 98           0.005301825 

Pickling Hall of Fame to: genetic_alg_settings_evolve_halloffame.pkl
Begin 18 of 20 repetitions
Begin 20 generations
gen	nevals	avg      	std        	min       	max       
0  	0     	0.0055541	9.76763e-05	0.00542699	0.00571308
1  	10    	0.00562719	0.000179306	0.00539836	0.00606974
2  	10    	0.00572297	0.000313378	0.00539586	0.00621637
3  	10    	0.00552887	0.000159309	0.00541026	0.00597068
4  	10    	0.00556759	0.000153062	0.00541484	0.0058858 
5  	10    	0.00554169	0.000141613	0.00536742	0.00581427
6  	10    	0.0055484 	9.80273e-05	0.00543885	0.00573696
7  	10    	0.00556375	0.000302642	0.00532023	0.00642642
8  	10    	0.00552157	0.000168303	0.00530954	0.00582432
9  	10    	0.00550036	0.000114163	0.00532026	0.00571885
10 	10    	0.00558253	0.000189594	0.00532935	0.00604856
11 	10    	0.00559767	0.000231118	0.0053192 	0.00615615
12 	10    	0.0055621 	0.000333625	0.00522304	0.0064442 
13 	10    	0.00549463	0.000243544	0.00521463	0.00596006
14 	10    	0.00533628	6.79898e-05	0.0052417 	0.00547127
15 	10    	0.00547186	0.000259305	0.00525013	0.0061182 
16 	10    	0.00543516	0.000202078	0.00523113	0.00599935
17 	10    	0.00548393	0.000156408	0.00527653	0.00585966
18 	10    	0.00539484	0.000112588	0.00517268	0.00559984
19 	10    	0.00546784	0.00018412 	0.00529416	0.00589112
20 	10    	0.00536383	7.98501e-05	0.00526231	0.00551596
Runtime: 5.683087749999686 (s)


Final population:
Index: Selected                                    #Selected    CV          
----------------------------------------------------------------------------------------------------
    0: 1111111111011110000000001010000110100010... 96           0.0054091089
    1: 1111011111011110000000001010001110100110... 98           0.0052808298
    2: 1111011111011110000000001010001110100010... 100          0.005408946 
    3: 1111001111011110000000001010001110100010... 98           0.0053692151
    4: 1111001111011110000000001010000110100010... 94           0.0053901429
    5: 1111011111011110000000001010001110100010... 97           0.0052634377
    6: 1111011111011110000000001010001110000010... 98           0.0055159622
    7: 1111011111011110000000001010001110000010... 97           0.0054342648
    8: 1111011111011110000000001010001110100010... 99           0.0053040496
    9: 1111011111011110000010001010001110100010... 100          0.0052623074

Pickling population to: genetic_alg_settings_population_end.pkl

Hall of Fame:
Index: Selected                                    #Selected    CV          
----------------------------------------------------------------------------------------------------
    0: 1111011111011110000000001010000110100010... 100          0.0051726789
    1: 1111011111011110000000001010001110100010... 98           0.005214635 
    2: 1111011111001110000000001010000110100110... 99           0.0052230366
    3: 1111011111011110000000001010000110100010... 98           0.0052311343
    4: 1111011111011110000000001010001110100010... 100          0.005241704 
    5: 1111011111011110000000001010001110100010... 100          0.0052501311
    6: 1111001111011010011010011010010110000010... 96           0.0052532287
    7: 1111011111011110000000001010001110100010... 99           0.0052615061
    8: 1111011111011110000010001010001110100010... 100          0.0052623074
    9: 1111001101011010001000011010010100000010... 98           0.0052633184

Pickling Hall of Fame to: genetic_alg_settings_evolve_halloffame.pkl
Begin 19 of 20 repetitions
Begin 20 generations
gen	nevals	avg       	std        	min       	max       
0  	0     	0.00536383	7.98501e-05	0.00526231	0.00551596
1  	10    	0.0055013 	0.000273004	0.00527588	0.00606086
2  	10    	0.0054677 	0.000230446	0.00525693	0.00606158
3  	10    	0.0054279 	8.75793e-05	0.00529756	0.00559047
4  	10    	0.00555886	0.000175517	0.00530237	0.00588822
5  	10    	0.00550242	8.38356e-05	0.00534875	0.00559634
6  	10    	0.00576705	0.000298011	0.0054439 	0.00639688
7  	10    	0.00559075	0.000244067	0.00536677	0.00607737
8  	10    	0.00558129	0.000116777	0.00536807	0.00573759
9  	10    	0.00566165	0.000226975	0.00546531	0.00624153
10 	10    	0.0055364 	0.000104409	0.00536974	0.00569253
11 	10    	0.00562818	0.00021715 	0.00543094	0.0061565 
12 	10    	0.00561737	0.000167674	0.00542728	0.00605019
13 	10    	0.00560472	0.00010316 	0.00545663	0.00583986
14 	10    	0.00556371	0.000107264	0.00539854	0.00570306
15 	10    	0.00563325	0.000121579	0.00545097	0.00583127
16 	10    	0.00561289	0.000151542	0.00543118	0.005883  
17 	10    	0.00568554	0.000340483	0.00540263	0.0065726 
18 	10    	0.00555692	5.27237e-05	0.00547658	0.00563882
19 	10    	0.00566469	0.000128933	0.00550429	0.00590045
20 	10    	0.00567724	0.000105161	0.00553789	0.00587508
Runtime: 5.697149399002228 (s)


Final population:
Index: Selected                                    #Selected    CV          
----------------------------------------------------------------------------------------------------
    0: 1111010101001110000000001010001101110010... 97           0.005562589 
    1: 1111011111000010000010101010001100110010... 100          0.005643521 
    2: 1111011111001100000010001010001100110010... 99           0.0055378919
    3: 1111011111001101000010001010001100110010... 99           0.0058009401
    4: 1111010111001110000010101010001100110010... 99           0.0058750815
    5: 1111011101000010000010001010001101110010... 99           0.0057630388
    6: 1111011111001110000010011010001100110010... 99           0.0057223255
    7: 1111011111001100000010001010000100110010... 100          0.005672827 
    8: 1111011111001100000010001010011100100011... 98           0.0055876555
    9: 1111011111001101000010001010001100110010... 100          0.005606489 

Pickling population to: genetic_alg_settings_population_end.pkl

Hall of Fame:
Index: Selected                                    #Selected    CV          
----------------------------------------------------------------------------------------------------
    0: 1111011111011110000000001010000110100010... 100          0.0051726789
    1: 1111011111011110000000001010001110100010... 98           0.005214635 
    2: 1111011111001110000000001010000110100110... 99           0.0052230366
    3: 1111011111011110000000001010000110100010... 98           0.0052311343
    4: 1111011111011110000000001010001110100010... 100          0.005241704 
    5: 1111011111011110000000001010001110100010... 100          0.0052501311
    6: 1111001111011010011010011010010110000010... 96           0.0052532287
    7: 1111011111011110000010001010001110100010... 100          0.0052569253
    8: 1111011111011110000000001010001110100010... 99           0.0052615061
    9: 1111011111011110000010001010001110100010... 100          0.0052623074

Pickling Hall of Fame to: genetic_alg_settings_evolve_halloffame.pkl
Begin 20 of 20 repetitions
Begin 20 generations
gen	nevals	avg       	std        	min       	max       
0  	0     	0.00567724	0.000105161	0.00553789	0.00587508
1  	10    	0.00565439	6.22807e-05	0.00555583	0.00574811
2  	10    	0.00568797	0.000137044	0.00554962	0.00600066
3  	10    	0.00609573	0.000674173	0.00549806	0.00793081
4  	10    	0.00581044	0.000186584	0.00555338	0.00613685
5  	10    	0.00585793	0.000181759	0.00558739	0.00624805
6  	10    	0.00577801	0.000135651	0.00555718	0.00602973
7  	10    	0.0057238 	0.000167446	0.00543609	0.00599328
8  	10    	0.00574045	0.000229053	0.00544736	0.00620683
9  	10    	0.00572217	0.000277492	0.00545478	0.00639318
10 	10    	0.00564798	8.21227e-05	0.00552328	0.00579962
11 	10    	0.0056176 	0.000201015	0.00547772	0.006207  
12 	10    	0.0056691 	0.000261233	0.00549433	0.00642842
13 	10    	0.00566224	0.000112972	0.00548456	0.00590577
14 	10    	0.00567275	0.000133846	0.0054463 	0.00588588
15 	10    	0.00583301	0.000192556	0.00559012	0.00620016
16 	10    	0.00575543	0.00038257 	0.00549435	0.00678249
17 	10    	0.00575393	0.000159622	0.00544341	0.00608861
18 	10    	0.00593176	0.000485365	0.00562915	0.00721325
19 	10    	0.0058636 	0.000187245	0.00558941	0.00617391
20 	10    	0.00580554	0.000192046	0.00553639	0.00619143
Runtime: 5.683791086001293 (s)


Final population:
Index: Selected                                    #Selected    CV          
----------------------------------------------------------------------------------------------------
    0: 1111011111001100100000101010010100100010... 100          0.005778372 
    1: 1111010111001100010001101010010100100010... 95           0.0055363919
    2: 1111010111001100100000101010010100110010... 99           0.0061914279
    3: 1111111111001100000001111010010100100010... 100          0.0057088481
    4: 1111010111001000000001101010010100110010... 99           0.0057800416
    5: 1111010101001100010000001010010100100010... 97           0.0057650704
    6: 1111010111001000000001001010010100110010... 98           0.0056357595
    7: 1111000111001000000001001010010100110010... 100          0.0059708187
    8: 1111010111001100000001101010010100110010... 98           0.0056494624
    9: 1111011110001000100001101010010100100010... 100          0.0060391817

Pickling population to: genetic_alg_settings_population_end.pkl

Hall of Fame:
Index: Selected                                    #Selected    CV          
----------------------------------------------------------------------------------------------------
    0: 1111011111011110000000001010000110100010... 100          0.0051726789
    1: 1111011111011110000000001010001110100010... 98           0.005214635 
    2: 1111011111001110000000001010000110100110... 99           0.0052230366
    3: 1111011111011110000000001010000110100010... 98           0.0052311343
    4: 1111011111011110000000001010001110100010... 100          0.005241704 
    5: 1111011111011110000000001010001110100010... 100          0.0052501311
    6: 1111001111011010011010011010010110000010... 96           0.0052532287
    7: 1111011111011110000010001010001110100010... 100          0.0052569253
    8: 1111011111011110000000001010001110100010... 99           0.0052615061
    9: 1111011111011110000010001010001110100010... 100          0.0052623074

Pickling Hall of Fame to: genetic_alg_settings_evolve_halloffame.pkl
#   DONE  Runtime: 110.25355003000004 (s)

Adding statistics...
  DONE

Result:
Index: Selected                                    #Selected    CV           RMS          wRMS         Estimator                FeatureSelection         Note
--------------------------------------------------------------------------------------------------------------------------------------------------------------------
    0: 1111011111011110000000001010000110100010... 100          0.0051726789 0.0043574925 0.0043694489 LinearRegression         GeneticAlgorithm         
    1: 1111011111011110000000001010001110100010... 98           0.005214635  0.0043527856 0.0043714983 LinearRegression         GeneticAlgorithm         
    2: 1111011111001110000000001010000110100110... 99           0.0052230366 0.004409342  0.0044134422 LinearRegression         GeneticAlgorithm         
    3: 1111011111011110000000001010000110100010... 98           0.0052311343 0.0043770541 0.0043941353 LinearRegression         GeneticAlgorithm         
    4: 1111011111011110000000001010001110100010... 100          0.005241704  0.0043502462 0.0043701206 LinearRegression         GeneticAlgorithm         
    5: 1111011111011110000000001010001110100010... 100          0.0052501311 0.0043371732 0.0043508866 LinearRegression         GeneticAlgorithm         
    6: 1111001111011010011010011010010110000010... 96           0.0052532287 0.0043963473 0.0044231992 LinearRegression         GeneticAlgorithm         
    7: 1111011111011110000010001010001110100010... 100          0.0052569253 0.0043778355 0.0043962187 LinearRegression         GeneticAlgorithm         
    8: 1111011111011110000000001010001110100010... 99           0.0052615061 0.0043584008 0.0043685237 LinearRegression         GeneticAlgorithm         
    9: 1111011111011110000010001010001110100010... 100          0.0052623074 0.0043927608 0.0044128147 LinearRegression         GeneticAlgorithm         

Pickling Hall of Fame to: genetic_alg_settings_halloffame.pkl
