Loading genetic_alg_settings.json
# Hall of Fame size: 10 

# Get problem data...
# wHullDist: Will calculate hull distance: hull_dist(CALCULATED,atom_frac)
# Query requested: ['formation_energy', 'is_calculated', 'corr', 'hull_dist(CALCULATED,atom_frac)']
# Use existing: []
# Querying: ['formation_energy', 'is_calculated', 'corr', 'hull_dist(CALCULATED,atom_frac)']
#   DONE

# Target: formation_energy
# Training samples: 627
# Features: 253 

# Weighting:
{
  "method": "wHullDist",
  "kwargs": {
    "A": 0.1,
    "B": 2.0,
    "kT": 0.1,
    "hull_selection": "CALCULATED"
  }
}

# CV:
{
  "method": "KFold",
  "kwargs": {
    "n_splits": 10,
    "shuffle": true
  },
  "penalty": 0.0
} 

# Writing problem specs to: genetic_alg_settings_specs.pkl
# To inspect or customize the problem specs further, use the '--checkspecs' method

# Estimator:
{
  "method": "LinearRegression",
  "kwargs": {
    "fit_intercept": false
  }
} 

# Feature Selection:
{
  "method": "GeneticAlgorithm",
  "kwargs": {
    "constraints_kwargs": {
      "n_features_max": 100,
      "n_features_min": 3,
      "fix_off": [],
      "fix_on": [
        0,
        1,
        2
      ]
    },
    "selTournamentSize": 3,
    "mutFlipBitProb": 0.01,
    "evolve_params_kwargs": {
      "n_generation": 20,
      "n_repetition": 20,
      "n_features_init": 3,
      "n_population": 10,
      "n_halloffame": 10,
      "halloffame_filename": "evolve_halloffame.pkl",
      "filename_prefix": "genetic_alg_settings"
    },
    "cxUniformProb": 0.5
  }
} 

# Fit and select...
Constructing initial population
Begin 1 of 20 repetitions
Begin 20 generations
gen	nevals	avg      	std        	min      	max      
0  	10    	0.0193236	0.000813949	0.0181972	0.0206555
1  	10    	0.0185452	0.000904656	0.0173487	0.020587 
2  	10    	0.0170603	0.000918503	0.0157301	0.0187497
3  	10    	0.016316 	0.00109931 	0.014815 	0.0181131
4  	10    	0.0154042	0.000568107	0.0144741	0.0168767
5  	10    	0.0148607	0.000501716	0.0140816	0.0154567
6  	10    	0.0142503	0.00110462 	0.0115131	0.0156476
7  	10    	0.012599 	0.00159538 	0.00987648	0.0150267
8  	10    	0.0111524	0.00101739 	0.00953876	0.0123402
9  	10    	0.0103765	0.000930515	0.00934637	0.0119734
10 	10    	0.00946586	0.000326648	0.00895303	0.0103052
11 	10    	0.00926441	0.000268979	0.00878848	0.00967575
12 	10    	0.00912615	0.000395815	0.00855134	0.00985485
13 	10    	0.00877634	0.000206068	0.00846857	0.0091881 
14 	10    	0.00859694	9.82518e-05	0.00832177	0.00866599
15 	10    	0.00852961	9.63704e-05	0.00843549	0.0087769 
16 	10    	0.00837575	0.000226638	0.00804047	0.00874425
17 	10    	0.00844286	0.000344359	0.00805625	0.00926679
18 	10    	0.00830065	0.000367894	0.00792708	0.00926017
19 	10    	0.00804328	7.98704e-05	0.00796351	0.00824029
20 	10    	0.00800559	0.000232925	0.0076803 	0.00846864
Runtime: 2.945551061002334 (s)


Final population:
Index: Selected                                    #Selected    CV          
----------------------------------------------------------------------------------------------------
    0: 1110010000001000000010000001000100000100... 57           0.0078953744
    1: 1110010000001000000010000001000100000100... 59           0.0079753928
    2: 1110000000000000000000010001000100001100... 55           0.0083137064
    3: 1110000000001000100000000001000100010100... 60           0.0078238516
    4: 1110000000001000001000000001010100000100... 52           0.0081948909
    5: 1110000000001000000000000001000100001100... 60           0.0076803032
    6: 1110000000001000000000000001000100001100... 56           0.0079086901
    7: 1110000000001001000000000001000100001110... 58           0.0079772502
    8: 1110000000000000000000000001000100000100... 50           0.0084686356
    9: 1110000000001000000000010001000100011000... 58           0.0078177989

Pickling population to: genetic_alg_settings_population_end.pkl

Hall of Fame:
Index: Selected                                    #Selected    CV          
----------------------------------------------------------------------------------------------------
    0: 1110000000001000000000000001000100001100... 60           0.0076803032
    1: 1110000000001000000000010001000100011000... 58           0.0078177989
    2: 1110000000001000100000000001000100010100... 60           0.0078238516
    3: 1110010000001000000010000001000100000100... 57           0.0078953744
    4: 1110000000001000000000000001000100001100... 56           0.0079086901
    5: 1110000000001000000000000001000100001100... 52           0.0079270837
    6: 1110000000001000000000000001000100001100... 53           0.0079635133
    7: 1110010000001000000010000001000100000100... 59           0.0079753928
    8: 1110000000001001000000000001000100001110... 58           0.0079772502
    9: 1110000000001000000000000001000100001100... 53           0.0079789967

Pickling Hall of Fame to: genetic_alg_settings_evolve_halloffame.pkl
Begin 2 of 20 repetitions
Begin 20 generations
gen	nevals	avg       	std        	min      	max       
0  	0     	0.00800559	0.000232925	0.0076803	0.00846864
1  	10    	0.00789113	0.000190183	0.00754099	0.00824468
2  	10    	0.00780401	0.000179784	0.00747744	0.00806119
3  	10    	0.00778239	0.000231268	0.00749847	0.00811512
4  	10    	0.00757773	0.000123667	0.00734315	0.00780773
5  	10    	0.00750307	0.000198321	0.00713313	0.00795445
6  	10    	0.00737461	0.00022735 	0.00679326	0.0075773 
7  	10    	0.00741358	0.000283158	0.00679667	0.00782006
8  	10    	0.00695712	0.000343748	0.00642324	0.00750467
9  	10    	0.00669415	0.000183754	0.00643819	0.00704713
10 	10    	0.00666938	0.000221054	0.00640663	0.00715693
11 	10    	0.00662675	0.000220572	0.00632884	0.00698867
12 	10    	0.00645954	8.19031e-05	0.00633579	0.00661261
13 	10    	0.00645348	0.000117598	0.00629341	0.00666895
14 	10    	0.00634793	7.8699e-05 	0.00625225	0.00646785
15 	10    	0.00636622	0.000107716	0.00625395	0.00655754
16 	10    	0.00633036	0.000149302	0.0061781 	0.00673429
17 	10    	0.00635997	7.92762e-05	0.00618253	0.00646238
18 	10    	0.00642166	0.000187828	0.0061392 	0.00679554
19 	10    	0.0064931 	0.00016843 	0.00630644	0.00682943
20 	10    	0.00632713	0.000111955	0.0061104 	0.00648536
Runtime: 4.9477664650003135 (s)


Final population:
Index: Selected                                    #Selected    CV          
----------------------------------------------------------------------------------------------------
    0: 1111010110011000010000001001001110010100... 89           0.0062126488
    1: 1111010110011000010000001001000110010100... 97           0.0062077984
    2: 1111010110111000010000001001000110010100... 93           0.0063418351
    3: 1111010110011000010000001001000110011100... 92           0.0061104019
    4: 1111010110111000011000001001000110010100... 98           0.0062951215
    5: 1111010110011000010000001001000110011100... 94           0.0064133956
    6: 1111010110011000010000001001001110010100... 94           0.006386001 
    7: 1111010110011000010000001001000110010100... 92           0.0064219662
    8: 1111010110111000010000001001000110010100... 89           0.0063967308
    9: 1111010110011000010000001001000110011100... 97           0.0064853578

Pickling population to: genetic_alg_settings_population_end.pkl

Hall of Fame:
Index: Selected                                    #Selected    CV          
----------------------------------------------------------------------------------------------------
    0: 1111010110011000010000001001000110011100... 92           0.0061104019
    1: 1111010110111000010000001001000110010100... 96           0.0061391989
    2: 1111010100011000000000001001000110010100... 83           0.0061780959
    3: 1111010100011000010010101001000110010100... 89           0.0061825277
    4: 1111010110011000010000001001000110010100... 97           0.0062077984
    5: 1111010100011000010000001001000110010100... 88           0.006210375 
    6: 1111010110011000010000001001001110010100... 89           0.0062126488
    7: 1111010100011000010000001001000110010100... 87           0.0062298069
    8: 1111010100011000010010101001000110010100... 88           0.0062377849
    9: 1111010100111000010000001001000110010100... 89           0.0062477304

Pickling Hall of Fame to: genetic_alg_settings_evolve_halloffame.pkl
Begin 3 of 20 repetitions
Begin 20 generations
gen	nevals	avg       	std        	min      	max       
0  	0     	0.00632713	0.000111955	0.0061104	0.00648536
1  	10    	0.00637874	0.000154241	0.00613666	0.00666998
2  	10    	0.00631966	0.000150737	0.00612342	0.00662848
3  	10    	0.00628918	0.0001335  	0.00609697	0.00650521
4  	10    	0.00622656	0.000114815	0.00602083	0.00640436
5  	10    	0.0063607 	0.000265297	0.00603873	0.00686051
6  	10    	0.0061642 	0.000138335	0.00598505	0.0064114 
7  	10    	0.00613438	0.000367359	0.00589851	0.00718155
8  	10    	0.00613904	0.000319116	0.00581589	0.00682634
9  	10    	0.00602673	0.000113138	0.00586456	0.00625711
10 	10    	0.00615566	0.000232192	0.00594548	0.00675997
11 	10    	0.00607398	9.22552e-05	0.00596234	0.0062226 
12 	10    	0.00610217	0.000253946	0.00583303	0.00662177
13 	10    	0.00609655	7.35107e-05	0.00596049	0.00619072
14 	10    	0.00603514	0.000100916	0.0058979 	0.00623686
15 	10    	0.00601958	8.01096e-05	0.00591812	0.00617642
16 	10    	0.00610001	0.000144194	0.00591734	0.00645708
17 	10    	0.0060108 	0.000114262	0.00583258	0.00617553
18 	10    	0.0060157 	0.000159284	0.00573845	0.00632234
19 	10    	0.00597876	0.000134166	0.00574384	0.00624181
20 	10    	0.00596861	0.000151292	0.0058475 	0.00631325
Runtime: 5.5089619049977046 (s)


Final population:
Index: Selected                                    #Selected    CV          
----------------------------------------------------------------------------------------------------
    0: 1111110110111010010010001011000110010100... 87           0.0059270473
    1: 1111011110111010010011001011001110010110... 100          0.0058828596
    2: 1110011110111010010011001011000110010100... 90           0.0063132451
    3: 1111011110111010010011001011000110010100... 95           0.0058474963
    4: 1111010110111000010010001011000110010110... 93           0.0059253209
    5: 1111011110111010010011011011000110000100... 98           0.0059681168
    6: 1111010110111010010010001011000110010110... 96           0.0058520326
    7: 1111011110111010010010001011000110011100... 97           0.0058726116
    8: 1111010100111010011010001011000110010100... 93           0.0058923707
    9: 1111010110111010010010001011000110010110... 94           0.0062049968

Pickling population to: genetic_alg_settings_population_end.pkl

Hall of Fame:
Index: Selected                                    #Selected    CV          
----------------------------------------------------------------------------------------------------
    0: 1111011110111010010010001011000110010110... 97           0.005738446 
    1: 1111010110111010010010001011000110010110... 96           0.0057438431
    2: 1111010110011000010010001011000110010100... 89           0.0058158861
    3: 1111010110111010010010001011000110010100... 95           0.0058325759
    4: 1111010110111010010010001011000110010100... 94           0.0058330315
    5: 1111010110111010010011001011000110010100... 97           0.0058362767
    6: 1111011110111010010011001011000110010100... 95           0.0058474963
    7: 1111010110111010010010001011000110010110... 96           0.0058520326
    8: 1111011110111000010010001011000110010110... 93           0.0058530201
    9: 1111010110011010010010001011000110010100... 90           0.005864565 

Pickling Hall of Fame to: genetic_alg_settings_evolve_halloffame.pkl
Begin 4 of 20 repetitions
Begin 20 generations
gen	nevals	avg       	std        	min      	max       
0  	0     	0.00596861	0.000151292	0.0058475	0.00631325
1  	10    	0.0059373 	7.7437e-05 	0.00585116	0.00612599
2  	10    	0.00598791	0.000241694	0.00576393	0.00664974
3  	10    	0.00596295	0.000283046	0.00573752	0.00678449
4  	10    	0.00593929	0.000182367	0.00571195	0.00634688
5  	10    	0.00583013	5.88634e-05	0.00573114	0.00592494
6  	10    	0.00590737	0.000142091	0.00567914	0.00624318
7  	10    	0.00583426	4.68692e-05	0.00575398	0.0059317 
8  	10    	0.00602859	0.000292192	0.00573631	0.00660091
9  	10    	0.00591947	0.000139653	0.00568183	0.00615418
10 	10    	0.0058968 	0.000132824	0.00573336	0.00611994
11 	10    	0.00582366	9.72413e-05	0.00574226	0.00603756
12 	10    	0.00582503	0.000104749	0.00565592	0.00598566
13 	10    	0.00580482	0.000153653	0.00564806	0.00622844
14 	10    	0.00581669	8.99147e-05	0.00569392	0.00599723
15 	10    	0.00578181	9.16922e-05	0.00559268	0.00594989
16 	10    	0.00587119	0.000251544	0.00560851	0.0065595 
17 	10    	0.00583142	0.000166192	0.00563323	0.00620216
18 	10    	0.00579809	8.90086e-05	0.00566407	0.00594788
19 	10    	0.0057075 	7.31491e-05	0.00563666	0.00588382
20 	10    	0.00573575	0.000114134	0.00557789	0.00597271
Runtime: 5.644348190002347 (s)


Final population:
Index: Selected                                    #Selected    CV          
----------------------------------------------------------------------------------------------------
    0: 1111111010110011010000001010000110010110... 98           0.0055778895
    1: 1111111010110011010000101010000110010110... 100          0.0057890478
    2: 1111111110111010010000001010000111010110... 97           0.00583394  
    3: 1111011100110010010000001011100111010110... 99           0.0055984963
    4: 1111011100110010010000001010101111010110... 100          0.0056775582
    5: 1111011110111010010000001011000110010110... 100          0.0058086927
    6: 1111111110111010010000001010100111010110... 95           0.0057318735
    7: 1111111110111010010000001010100111010110... 92           0.0057267915
    8: 1111111110111010010000001010100111010110... 95           0.0056404942
    9: 1111111110111010010000001010100111010110... 99           0.0059727085

Pickling population to: genetic_alg_settings_population_end.pkl

Hall of Fame:
Index: Selected                                    #Selected    CV          
----------------------------------------------------------------------------------------------------
    0: 1111111010110011010000001010000110010110... 98           0.0055778895
    1: 1111011110111011010000001011000110010110... 100          0.0055926762
    2: 1111011100110010010000001011100111010110... 99           0.0055984963
    3: 1111011110111011010000001011000110010110... 100          0.0056085123
    4: 1111101110111010010000001010000111010110... 98           0.0056332285
    5: 1111111110111010010000001010100111010110... 95           0.0056366558
    6: 1111111010110011010000001010000110010110... 99           0.0056402266
    7: 1111111110111010010000001010100111010110... 95           0.0056404942
    8: 1111101110111010010000001011000111010110... 100          0.0056407748
    9: 1111011110110010010000001010000110010110... 98           0.0056480551

Pickling Hall of Fame to: genetic_alg_settings_evolve_halloffame.pkl
Begin 5 of 20 repetitions
Begin 20 generations
gen	nevals	avg       	std        	min       	max       
0  	0     	0.00573575	0.000114134	0.00557789	0.00597271
1  	10    	0.00572179	0.000183143	0.00557027	0.00625137
2  	10    	0.00599976	0.000325988	0.00558057	0.0067929 
3  	10    	0.00580896	0.000207467	0.00555118	0.00630262
4  	10    	0.00580174	0.000107716	0.00563806	0.00597645
5  	10    	0.00579403	0.000236168	0.00551902	0.00641048
6  	10    	0.00574344	8.8922e-05 	0.00558207	0.00588836
7  	10    	0.00584494	0.000208793	0.0055678 	0.00633107
8  	10    	0.0057653 	0.000123116	0.00561232	0.0060927 
9  	10    	0.00570572	0.000136384	0.00554245	0.00599303
10 	10    	0.00560935	6.75831e-05	0.00550825	0.00570961
11 	10    	0.00557314	0.000134643	0.00533237	0.00576118
12 	10    	0.00564969	0.000179259	0.00546454	0.00603932
13 	10    	0.00556523	0.000137915	0.00539857	0.00594665
14 	10    	0.00557949	0.000136516	0.0054361 	0.00587583
15 	10    	0.00561904	0.0001534  	0.00545675	0.00593381
16 	10    	0.00561765	0.000142757	0.00543991	0.00599291
17 	10    	0.0057636 	0.00024721 	0.00541395	0.00611178
18 	10    	0.00569558	0.00024083 	0.00546172	0.00623329
19 	10    	0.00553529	8.06184e-05	0.00542493	0.00564078
20 	10    	0.00553347	0.000136559	0.00538409	0.00586945
Runtime: 5.6483607690024655 (s)


Final population:
Index: Selected                                    #Selected    CV          
----------------------------------------------------------------------------------------------------
    0: 1111011100110010010100001010101110010110... 99           0.0054455038
    1: 1111011100110010010100001010001110010110... 100          0.0053840878
    2: 1111011100110010000100001010001110010110... 100          0.0054690908
    3: 1111011100110010010100001010001110010110... 93           0.0055107561
    4: 1111011100110010010100001010001110010111... 100          0.0055864183
    5: 1111011100110010010100001010001110010110... 99           0.0054991947
    6: 1111010100110010010000001010001110010110... 100          0.005398334 
    7: 1111011100110010010100001010001110010110... 97           0.0056605623
    8: 1111011100110010110000101010001110010110... 100          0.0058694547
    9: 1111011100110010010100001110001110010110... 97           0.0055113179

Pickling population to: genetic_alg_settings_population_end.pkl

Hall of Fame:
Index: Selected                                    #Selected    CV          
----------------------------------------------------------------------------------------------------
    0: 1111011100110010010100001010101110010110... 97           0.0053323694
    1: 1111011100110010010100001010001110010110... 100          0.0053840878
    2: 1111010100110010010000001010001110010110... 100          0.005398334 
    3: 1111011100110010010100001010001110010110... 98           0.0053985738
    4: 1111011100110010010100001010001110010110... 99           0.0054139493
    5: 1111011100110010010100001010101110010110... 99           0.005415439 
    6: 1111011100110010010100001010001110010110... 99           0.0054249342
    7: 1111011100110010010100001010011110010110... 97           0.005435727 
    8: 1111011100110010010100001010001110010111... 99           0.005436097 
    9: 1111011100110010010100001010101110010110... 99           0.0054399085

Pickling Hall of Fame to: genetic_alg_settings_evolve_halloffame.pkl
Begin 6 of 20 repetitions
Begin 20 generations
gen	nevals	avg       	std        	min       	max       
0  	0     	0.00553347	0.000136559	0.00538409	0.00586945
1  	10    	0.00565889	0.000233615	0.00539814	0.00623746
2  	10    	0.00559526	0.000101132	0.00540236	0.00572317
3  	10    	0.0056053 	0.000144231	0.00542443	0.00584593
4  	10    	0.00564908	0.000149932	0.00545802	0.00602641
5  	10    	0.00562474	0.000140369	0.00550872	0.00599302
6  	10    	0.00567995	0.000114533	0.00551973	0.00596995
7  	10    	0.00565209	0.00019385 	0.00544959	0.00608676
8  	10    	0.00572878	0.000329256	0.00545229	0.00661127
9  	10    	0.00559141	9.76224e-05	0.0053934 	0.00575332
10 	10    	0.0056331 	0.000171694	0.00540754	0.00606901
11 	10    	0.005603  	0.000143777	0.00545287	0.00594305
12 	10    	0.00564661	0.000108162	0.0054687 	0.00588302
13 	10    	0.00566599	0.000183242	0.00546803	0.00613507
14 	10    	0.00560672	0.00013231 	0.0054076 	0.00586703
15 	10    	0.00562194	0.000180257	0.00542723	0.0061023 
16 	10    	0.00550354	8.58627e-05	0.00534841	0.00565942
17 	10    	0.00559319	0.000140316	0.00542006	0.00583837
18 	10    	0.00547342	7.72874e-05	0.00534762	0.00561848
19 	10    	0.00551813	0.000166646	0.00533516	0.00594453
20 	10    	0.00545568	6.43566e-05	0.00534702	0.0055671 
Runtime: 5.640113908000785 (s)


Final population:
Index: Selected                                    #Selected    CV          
----------------------------------------------------------------------------------------------------
    0: 1111011100110010010100001010001110110110... 99           0.0053470158
    1: 1111011100110010010000001010001110010110... 90           0.0055350864
    2: 1111011100110010010001001010001110110110... 94           0.005464737 
    3: 1111011100110010010100001010001110011110... 98           0.0053936702
    4: 1111011000111010010100001010001110010110... 94           0.0055671044
    5: 1111011100110010010100001010001110010110... 99           0.0054297984
    6: 1111011100110010010000001010001110010110... 89           0.0055148583
    7: 1111011100110010010000001010001110010110... 92           0.0054033504
    8: 1111011100110010010100001010001110110110... 97           0.0054505409
    9: 1111011100110010010100001010001110110110... 96           0.005450676 

Pickling population to: genetic_alg_settings_population_end.pkl

Hall of Fame:
Index: Selected                                    #Selected    CV          
----------------------------------------------------------------------------------------------------
    0: 1111011100110010010100001010101110010110... 97           0.0053323694
    1: 1111011100110010010100001010001110110110... 96           0.0053351576
    2: 1111011100110010010100001010001110110110... 99           0.0053470158
    3: 1111011100110010010100001010001110010110... 96           0.0053476248
    4: 1111010100110010010100001010001110010110... 96           0.0053484139
    5: 1111011100110010010000001010001110010110... 90           0.0053764443
    6: 1111011100110010010100001010001110010110... 100          0.0053840878
    7: 1111011100110010010000001010011110010110... 98           0.0053934029
    8: 1111011100110010010100001010001110011110... 98           0.0053936702
    9: 1111011100110010010100001010001110010110... 99           0.0053966271

Pickling Hall of Fame to: genetic_alg_settings_evolve_halloffame.pkl
Begin 7 of 20 repetitions
Begin 20 generations
gen	nevals	avg       	std        	min       	max      
0  	0     	0.00545568	6.43566e-05	0.00534702	0.0055671
1  	10    	0.00562294	0.000228015	0.00545861	0.00624794
2  	10    	0.00559283	0.000250726	0.00536357	0.00624337
3  	10    	0.00553854	0.000244767	0.00539005	0.00625986
4  	10    	0.00554868	0.000217308	0.00530793	0.00615821
5  	10    	0.0055143 	8.25158e-05	0.00541584	0.00569643
6  	10    	0.00552363	9.14831e-05	0.00538552	0.00569692
7  	10    	0.00555171	0.00011968 	0.00533916	0.00574307
8  	10    	0.00560471	0.000289526	0.00533797	0.00627503
9  	10    	0.00562581	0.000332457	0.00537222	0.00656463
10 	10    	0.00552341	0.000254074	0.00530204	0.00622553
11 	10    	0.00547018	0.000110019	0.00526947	0.00564775
12 	10    	0.00549927	0.000238489	0.00530762	0.00617999
13 	10    	0.00540694	7.98908e-05	0.00523934	0.00554227
14 	10    	0.00541165	8.546e-05  	0.00529213	0.00560798
15 	10    	0.00538075	8.5093e-05 	0.0052879 	0.00555255
16 	10    	0.00538109	8.2536e-05 	0.00528034	0.00558479
17 	10    	0.00547121	0.000168434	0.00520392	0.00578624
18 	10    	0.00537098	0.000111134	0.00514598	0.0055696 
19 	10    	0.0055067 	0.000201657	0.00532333	0.00603709
20 	10    	0.00542554	0.000120992	0.00524229	0.00571738
Runtime: 5.621539348001534 (s)


Final population:
Index: Selected                                    #Selected    CV          
----------------------------------------------------------------------------------------------------
    0: 1111011110110011010100001010101110010110... 97           0.005422299 
    1: 1111011110110011010100001010101110010110... 99           0.0054169502
    2: 1111011110110011010100001010101110010110... 99           0.0052796187
    3: 1111010110110001000100001110001110110110... 100          0.0057173792
    4: 1111011110110011000100001010101110110110... 100          0.0054560407
    5: 1111011110110011010100001010001110010110... 100          0.0054052596
    6: 1111011110110111001100001010001110010110... 100          0.0053884343
    7: 1111011110110011010100001010101110010110... 99           0.0054454972
    8: 1111011110110011000100001010001110010110... 100          0.0054816314
    9: 1111010110110011010100001010101110010110... 100          0.0052422926

Pickling population to: genetic_alg_settings_population_end.pkl

Hall of Fame:
Index: Selected                                    #Selected    CV          
----------------------------------------------------------------------------------------------------
    0: 1111011110110011010000001010101110010110... 100          0.005145976 
    1: 1111011110110011010100001010101110010110... 100          0.0052039249
    2: 1111011110110011010100001010001110010110... 97           0.0052292186
    3: 1111011110110011010100001010001110010110... 99           0.0052393395
    4: 1111010110110011010100001010101110010110... 100          0.0052422926
    5: 1111011100110011010100001010001110010110... 99           0.0052694677
    6: 1111011110110011010100001010101110010110... 99           0.0052796187
    7: 1111011110110011010100001010101110010110... 98           0.005280345 
    8: 1111011110110011010100001010001110010110... 97           0.0052878978
    9: 1111011110110011010100001010001110010110... 97           0.0052906324

Pickling Hall of Fame to: genetic_alg_settings_evolve_halloffame.pkl
Begin 8 of 20 repetitions
Begin 20 generations
gen	nevals	avg       	std        	min       	max       
0  	0     	0.00542554	0.000120992	0.00524229	0.00571738
1  	10    	0.00562783	0.000406129	0.00527023	0.00655213
2  	10    	0.00553296	0.000337626	0.00524355	0.00650928
3  	10    	0.00545716	0.000142371	0.0052821 	0.00583501
4  	10    	0.00543735	8.9044e-05 	0.00533727	0.00562102
5  	10    	0.00541735	6.83817e-05	0.00532366	0.00554102
6  	10    	0.00552145	0.00021864 	0.00530169	0.00601844
7  	10    	0.00554216	0.000312761	0.00529178	0.00616203
8  	10    	0.00553401	0.000168578	0.00534421	0.0058867 
9  	10    	0.00571069	0.000422746	0.00534069	0.0068657 
10 	10    	0.00558447	0.000212219	0.00534943	0.00602676
11 	10    	0.00586141	0.000385773	0.00536073	0.00658266
12 	10    	0.00578221	0.000325995	0.00537826	0.00657   
13 	10    	0.00592474	0.000874448	0.0054153 	0.00852511
14 	10    	0.00570449	0.000255449	0.00544583	0.0063989 
15 	10    	0.00556076	0.000107983	0.00540302	0.00574741
16 	10    	0.00566929	0.000225907	0.0053655 	0.00615684
17 	10    	0.0056132 	0.000198176	0.00545848	0.00604163
18 	10    	0.0058318 	0.000507662	0.00541413	0.00716182
19 	10    	0.00561945	0.000319673	0.00527858	0.00649891
20 	10    	0.00549109	0.00011527 	0.00532744	0.00567415
Runtime: 5.670759671000269 (s)


Final population:
Index: Selected                                    #Selected    CV          
----------------------------------------------------------------------------------------------------
    0: 1111011111110010000001001010101110011110... 100          0.0053433906
    1: 1111011111010011000110001010101110010010... 100          0.0055634072
    2: 1111011111110010000100001010101110011110... 100          0.0055246449
    3: 1111011111010011000100001010001110011010... 98           0.0053274402
    4: 1111011101110011000100001010101110011011... 100          0.0054859143
    5: 1111011111110011000100001010101110011010... 98           0.0053332743
    6: 1111011111110011000100001010101110011010... 100          0.0056117038
    7: 1111011111110011000110001010101110011010... 96           0.0056741506
    8: 1111011111110011000100001010101110010110... 99           0.0054859094
    9: 1111001111110011000111001010101110010010... 100          0.0055610993

Pickling population to: genetic_alg_settings_population_end.pkl

Hall of Fame:
Index: Selected                                    #Selected    CV          
----------------------------------------------------------------------------------------------------
    0: 1111011110110011010000001010101110010110... 100          0.005145976 
    1: 1111011110110011010100001010101110010110... 100          0.0052039249
    2: 1111011110110011010100001010001110010110... 97           0.0052292186
    3: 1111011110110011010100001010001110010110... 99           0.0052393395
    4: 1111010110110011010100001010101110010110... 100          0.0052422926
    5: 1111011110110011010100001010101110010110... 100          0.0052435501
    6: 1111011100110011010100001010001110010110... 99           0.0052694677
    7: 1111011110110011010100001010101110010110... 97           0.0052702346
    8: 1111011111110011000100001010101110011011... 99           0.0052785777
    9: 1111011110110011010100001010101110010110... 99           0.0052796187

Pickling Hall of Fame to: genetic_alg_settings_evolve_halloffame.pkl
Begin 9 of 20 repetitions
Begin 20 generations
gen	nevals	avg       	std       	min       	max       
0  	0     	0.00549109	0.00011527	0.00532744	0.00567415
1  	10    	0.00557966	0.000197269	0.0053248 	0.00597015
2  	10    	0.00549583	0.000136644	0.00530154	0.00581999
3  	10    	0.0056436 	0.000324843	0.00534615	0.00632868
4  	10    	0.00563803	0.000207748	0.00535789	0.00602471
5  	10    	0.00557544	0.000137414	0.0054296 	0.00589614
6  	10    	0.00559359	0.000227757	0.0053834 	0.00619315
7  	10    	0.00564057	0.000251582	0.00538643	0.0063265 
8  	10    	0.00569164	0.000305578	0.00540771	0.006456  
9  	10    	0.00558726	0.000187588	0.00536415	0.00594686
10 	10    	0.005625  	0.000331273	0.00538623	0.00655672
11 	10    	0.00547869	6.8268e-05 	0.00538246	0.00561376
12 	10    	0.00542223	8.19426e-05	0.0053261 	0.00557796
13 	10    	0.00552997	0.000218036	0.0052021 	0.00597545
14 	10    	0.00558581	0.000288947	0.00532609	0.00627828
15 	10    	0.00550665	0.000134032	0.0053466 	0.00578137
16 	10    	0.00552341	0.000111138	0.00536078	0.00565699
17 	10    	0.00544903	9.39128e-05	0.00531063	0.00559874
18 	10    	0.00551311	0.000202995	0.00532486	0.00602473
19 	10    	0.00543719	0.000105093	0.00522924	0.00560163
20 	10    	0.00543472	0.000121808	0.00527445	0.00562352
Runtime: 5.62031138400198 (s)


Final population:
Index: Selected                                    #Selected    CV          
----------------------------------------------------------------------------------------------------
    0: 1111011111100011000110001010101110010010... 96           0.0056235215
    1: 1111011111110011000110001010101110010010... 97           0.0053444795
    2: 1111011111110011000110001010101110010010... 98           0.0056230464
    3: 1111011111110111000010001010101110010010... 100          0.0054508409
    4: 1111011110110011000010001010101110010010... 95           0.005415702 
    5: 1111011111110011000111001010101110010010... 97           0.005274445 
    6: 1111011111110011000010001010101110010010... 100          0.0055577256
    7: 1111011111110011000110001010101110010010... 100          0.005402383 
    8: 1111011111110011000110001010101110010010... 100          0.0053701929
    9: 1111011111110010000110001010101110010010... 100          0.0052848288

Pickling population to: genetic_alg_settings_population_end.pkl

Hall of Fame:
Index: Selected                                    #Selected    CV          
----------------------------------------------------------------------------------------------------
    0: 1111011110110011010000001010101110010110... 100          0.005145976 
    1: 1111010111110011000111101010101110010010... 100          0.0052021042
    2: 1111011110110011010100001010101110010110... 100          0.0052039249
    3: 1111011110110011010100001010001110010110... 97           0.0052292186
    4: 1111011111110011000110001010101110010010... 99           0.0052292404
    5: 1111011110110011010100001010001110010110... 99           0.0052393395
    6: 1111010110110011010100001010101110010110... 100          0.0052422926
    7: 1111011110110011010100001010101110010110... 100          0.0052435501
    8: 1111011100110011010100001010001110010110... 99           0.0052694677
    9: 1111011110110011010100001010101110010110... 97           0.0052702346

Pickling Hall of Fame to: genetic_alg_settings_evolve_halloffame.pkl
Begin 10 of 20 repetitions
Begin 20 generations
gen	nevals	avg       	std        	min       	max       
0  	0     	0.00543472	0.000121808	0.00527445	0.00562352
1  	10    	0.00548808	8.82731e-05	0.00533022	0.00558938
2  	10    	0.00547999	0.000111417	0.00529011	0.00564501
3  	10    	0.00553291	0.000138808	0.00537623	0.00585104
4  	10    	0.00552849	0.000121092	0.00532712	0.00569963
5  	10    	0.00551162	0.000263342	0.00531917	0.00619108
6  	10    	0.00536413	0.000108717	0.00520474	0.00565538
7  	10    	0.00532611	7.07014e-05	0.0052226 	0.00544593
8  	10    	0.00545773	0.000224472	0.00524453	0.00603131
9  	10    	0.00534432	7.98207e-05	0.00519762	0.00545132
10 	10    	0.00544955	0.000192676	0.0052304 	0.00582387
11 	10    	0.00535788	0.000100487	0.00520287	0.00558171
12 	10    	0.00543313	0.000271531	0.00510692	0.00614847
13 	10    	0.00534327	0.00011737 	0.0052147 	0.00560036
14 	10    	0.0053108 	0.000110226	0.00517284	0.0055178 
15 	10    	0.00528925	7.59445e-05	0.00518365	0.00546697
16 	10    	0.00530899	6.52442e-05	0.00521926	0.00542634
17 	10    	0.00541235	0.000229481	0.00515008	0.00595777
18 	10    	0.00527963	8.11889e-05	0.00518971	0.00544088
19 	10    	0.00525008	7.0266e-05 	0.00520694	0.00545607
20 	10    	0.00529949	8.96152e-05	0.00516779	0.0054792 
Runtime: 5.625128138999571 (s)


Final population:
Index: Selected                                    #Selected    CV          
----------------------------------------------------------------------------------------------------
    0: 1111011111111011000110001010101111010010... 100          0.0051677909
    1: 1111011111111011000110001010101111010010... 98           0.0052913505
    2: 1111011111111011000110001010101111010010... 100          0.0052212473
    3: 1111011111111011000110011010101111010011... 98           0.0054206537
    4: 1111011111111011000110001010101111010010... 94           0.0054792022
    5: 1111011111111011000110001010101111010010... 99           0.0052156879
    6: 1111011111111011000110001010101111010010... 95           0.0053024033
    7: 1111011101111010000110001010101111010010... 97           0.0052715513
    8: 1111011111111011000110001010101111010011... 95           0.0053412275
    9: 1111011111111011000110001010101111010011... 97           0.0052838349

Pickling population to: genetic_alg_settings_population_end.pkl

Hall of Fame:
Index: Selected                                    #Selected    CV          
----------------------------------------------------------------------------------------------------
    0: 1111011111111011000110001010101111010010... 98           0.005106919 
    1: 1111011110110011010000001010101110010110... 100          0.005145976 
    2: 1111011111111011000110001010101111010010... 93           0.0051500771
    3: 1111011111111011000110001010101111010010... 100          0.0051677909
    4: 1111011111111011000110001010101111010010... 100          0.0051728384
    5: 1111011111111011000110001010101111010010... 95           0.00518365  
    6: 1111011111111011000110001010101111010010... 98           0.0051875162
    7: 1111011111111011000110001010101111010010... 96           0.0051897147
    8: 1111011111111010010110001110101110010010... 100          0.0051976248
    9: 1111010111110011000111101010101110010010... 100          0.0052021042

Pickling Hall of Fame to: genetic_alg_settings_evolve_halloffame.pkl
Begin 11 of 20 repetitions
Begin 20 generations
gen	nevals	avg       	std        	min       	max      
0  	0     	0.00529949	8.96152e-05	0.00516779	0.0054792
1  	10    	0.00543186	0.000194949	0.00519769	0.00577408
2  	10    	0.0053223 	0.000150647	0.00522268	0.00570617
3  	10    	0.00536397	0.000174903	0.00520293	0.00583763
4  	10    	0.00538448	0.000138219	0.00518096	0.00559722
5  	10    	0.00535319	0.000138456	0.00521054	0.00570319
6  	10    	0.00539729	0.000255698	0.00520609	0.00614147
7  	10    	0.00542309	0.000177649	0.00521787	0.00584969
8  	10    	0.00542135	0.000158941	0.00521123	0.00577974
9  	10    	0.00553086	0.000257675	0.00521442	0.00593178
10 	10    	0.00546144	0.000211892	0.0052382 	0.0059593 
11 	10    	0.00550532	0.000194415	0.00528161	0.0058676 
12 	10    	0.00543049	0.000157884	0.00521825	0.00574868
13 	10    	0.0053664 	8.99335e-05	0.0051944 	0.00552096
14 	10    	0.00554656	0.000323041	0.00520575	0.00631156
15 	10    	0.00545349	0.000238982	0.0051967 	0.00611176
16 	10    	0.00536037	0.000108472	0.0052258 	0.00556548
17 	10    	0.00548024	0.000198643	0.00523862	0.00586463
18 	10    	0.005492  	0.000295815	0.00526564	0.00632042
19 	10    	0.00555448	0.000271288	0.00533508	0.00621021
20 	10    	0.00561189	0.000242398	0.00539776	0.00615039
Runtime: 5.636614561997703 (s)


Final population:
Index: Selected                                    #Selected    CV          
----------------------------------------------------------------------------------------------------
    0: 1111111111111010010101001011101101010010... 100          0.0059817267
    1: 1111011111111010010100001010011110010010... 95           0.0056545189
    2: 1111111111111110010100001011111111010010... 99           0.0053977636
    3: 1111011011111010010110000010011110010010... 98           0.0061503872
    4: 1111011111111010010100001011011110010010... 100          0.0054140998
    5: 1111111111111010010100001010110111010010... 100          0.0055581895
    6: 1111110111111010010110001010010111010010... 98           0.005447818 
    7: 1111011111111010010100001011011110010010... 95           0.0055466428
    8: 1111011111111010010100001010001110010010... 94           0.0054239092
    9: 1111111111111010010101001011101111010010... 100          0.0055438793

Pickling population to: genetic_alg_settings_population_end.pkl

Hall of Fame:
Index: Selected                                    #Selected    CV          
----------------------------------------------------------------------------------------------------
    0: 1111011111111011000110001010101111010010... 98           0.005106919 
    1: 1111011110110011010000001010101110010110... 100          0.005145976 
    2: 1111011111111011000110001010101111010010... 93           0.0051500771
    3: 1111011111111011000110001010101111010010... 100          0.0051677909
    4: 1111011111111011000110001010101111010010... 100          0.0051728384
    5: 1111011111111011010110001010101111010010... 100          0.0051809564
    6: 1111011111111011000110001010101111010010... 95           0.00518365  
    7: 1111011111111011000110001010101111010010... 98           0.0051875162
    8: 1111011111111011000110001010101111010010... 96           0.0051897147
    9: 1111011111111011010100001010111111010010... 99           0.0051943955

Pickling Hall of Fame to: genetic_alg_settings_evolve_halloffame.pkl
Begin 12 of 20 repetitions
Begin 20 generations
gen	nevals	avg       	std        	min       	max       
0  	0     	0.00561189	0.000242398	0.00539776	0.00615039
1  	10    	0.00564557	0.000329735	0.00529629	0.00643334
2  	10    	0.00560383	0.000188078	0.00539653	0.00603244
3  	10    	0.00550309	9.49494e-05	0.00541287	0.00570097
4  	10    	0.00556336	9.72659e-05	0.00541907	0.00571392
5  	10    	0.00561555	0.000237197	0.00531334	0.00624098
6  	10    	0.00562918	0.00021599 	0.00540099	0.00620617
7  	10    	0.00584639	0.000798513	0.00548647	0.00823681
8  	10    	0.00563972	0.000156461	0.00539315	0.00587033
9  	10    	0.00564357	0.000246875	0.00539132	0.00630946
10 	10    	0.00574417	0.000346378	0.00535617	0.00643183
11 	10    	0.00556606	0.000129258	0.00534639	0.00583166
12 	10    	0.00554005	0.0001334  	0.00539403	0.0058756 
13 	10    	0.00560287	0.000220841	0.00541605	0.00622298
14 	10    	0.00556868	0.000139575	0.0053844 	0.00582929
15 	10    	0.00559131	0.000140023	0.00530756	0.00584345
16 	10    	0.00548142	0.000104634	0.00528935	0.00568858
17 	10    	0.00564921	0.000195655	0.00539266	0.00609547
18 	10    	0.00549421	0.000100139	0.00534374	0.00573156
19 	10    	0.00548827	0.000170886	0.00530239	0.00584808
20 	10    	0.00576049	0.00060037 	0.00536264	0.00747999
Runtime: 5.627852443998563 (s)


Final population:
Index: Selected                                    #Selected    CV          
----------------------------------------------------------------------------------------------------
    0: 1111011111011010110100001010001010010001... 98           0.0058889663
    1: 1111011111111010110100000000011111010011... 93           0.0074799851
    2: 1111011111111010110100001010001010010011... 97           0.0058671423
    3: 1111011111111010110100001010001110010011... 100          0.0053626425
    4: 1111011111111010111100001010011110010011... 99           0.0054372519
    5: 1111011111111010110100001010011110010001... 98           0.0056128815
    6: 1111010101111010110100001010011110010011... 98           0.0054524499
    7: 1111011111111010110101001010011111010011... 99           0.0053978466
    8: 1111011111111110110100001010011111011011... 100          0.0056594823
    9: 1111011111111010110100001010011110010011... 99           0.0054462641

Pickling population to: genetic_alg_settings_population_end.pkl

Hall of Fame:
Index: Selected                                    #Selected    CV          
----------------------------------------------------------------------------------------------------
    0: 1111011111111011000110001010101111010010... 98           0.005106919 
    1: 1111011110110011010000001010101110010110... 100          0.005145976 
    2: 1111011111111011000110001010101111010010... 93           0.0051500771
    3: 1111011111111011000110001010101111010010... 100          0.0051677909
    4: 1111011111111011000110001010101111010010... 100          0.0051728384
    5: 1111011111111011010110001010101111010010... 100          0.0051809564
    6: 1111011111111011000110001010101111010010... 95           0.00518365  
    7: 1111011111111011000110001010101111010010... 98           0.0051875162
    8: 1111011111111011000110001010101111010010... 96           0.0051897147
    9: 1111011111111011010100001010111111010010... 99           0.0051943955

Pickling Hall of Fame to: genetic_alg_settings_evolve_halloffame.pkl
Begin 13 of 20 repetitions
Begin 20 generations
gen	nevals	avg       	std       	min       	max       
0  	0     	0.00576049	0.00060037	0.00536264	0.00747999
1  	10    	0.00550842	0.000196138	0.0052895 	0.00595023
2  	10    	0.00551746	0.000180153	0.00523664	0.00583749
3  	10    	0.00551532	0.00018147 	0.00525028	0.00593472
4  	10    	0.00544002	8.24771e-05	0.00533532	0.00559148
5  	10    	0.00557569	0.00026571 	0.00535213	0.00630287
6  	10    	0.00546   	0.000111739	0.00536724	0.00577141
7  	10    	0.00556573	0.000262971	0.00532534	0.00624882
8  	10    	0.00540875	9.45171e-05	0.00524771	0.00552313
9  	10    	0.00552621	0.000259791	0.00530501	0.00607289
10 	10    	0.00541912	0.000121709	0.00531428	0.00569467
11 	10    	0.00552208	0.000245193	0.00529413	0.00618535
12 	10    	0.00541942	7.95248e-05	0.00529512	0.00556022
13 	10    	0.00545907	0.00014893 	0.00523796	0.00572172
14 	10    	0.00554845	0.000233464	0.00533105	0.00616664
15 	10    	0.00552626	0.000259563	0.00525671	0.00619944
16 	10    	0.00548187	0.00011608 	0.00535175	0.00575267
17 	10    	0.00562198	0.000261103	0.00540642	0.00631957
18 	10    	0.00543748	7.3081e-05 	0.00532774	0.0055799 
19 	10    	0.00547758	0.000115585	0.00530484	0.00569368
20 	10    	0.00546534	0.000124141	0.00528022	0.0057642 
Runtime: 5.629865987000812 (s)


Final population:
Index: Selected                                    #Selected    CV          
----------------------------------------------------------------------------------------------------
    0: 1111010111111010011000011010001110110010... 90           0.005410688 
    1: 1111010111111010010101011010001110110011... 96           0.0054113595
    2: 1111010111111010011100011010001110110010... 93           0.0052802156
    3: 1111010111111010011100011010001110110011... 93           0.0055570572
    4: 1111010111111010011100011010001110110010... 94           0.0055228988
    5: 1111010111111010011100011010001110110011... 94           0.0054411494
    6: 1111010111111010011100011010001110110011... 95           0.005764202 
    7: 1111010111111010011100011010001110110011... 95           0.0054486565
    8: 1111010111111010011000011010001110110011... 89           0.0053557171
    9: 1111010111111010011101011010001110110011... 96           0.005461464 

Pickling population to: genetic_alg_settings_population_end.pkl

Hall of Fame:
Index: Selected                                    #Selected    CV          
----------------------------------------------------------------------------------------------------
    0: 1111011111111011000110001010101111010010... 98           0.005106919 
    1: 1111011110110011010000001010101110010110... 100          0.005145976 
    2: 1111011111111011000110001010101111010010... 93           0.0051500771
    3: 1111011111111011000110001010101111010010... 100          0.0051677909
    4: 1111011111111011000110001010101111010010... 100          0.0051728384
    5: 1111011111111011010110001010101111010010... 100          0.0051809564
    6: 1111011111111011000110001010101111010010... 95           0.00518365  
    7: 1111011111111011000110001010101111010010... 98           0.0051875162
    8: 1111011111111011000110001010101111010010... 96           0.0051897147
    9: 1111011111111011010100001010111111010010... 99           0.0051943955

Pickling Hall of Fame to: genetic_alg_settings_evolve_halloffame.pkl
Begin 14 of 20 repetitions
Begin 20 generations
gen	nevals	avg       	std        	min       	max      
0  	0     	0.00546534	0.000124141	0.00528022	0.0057642
1  	10    	0.00552285	0.000222973	0.00531453	0.00611486
2  	10    	0.00543493	9.65888e-05	0.00531996	0.00560869
3  	10    	0.00550776	0.000254964	0.00530846	0.00621071
4  	10    	0.00541821	8.69037e-05	0.00526156	0.00556006
5  	10    	0.00568678	0.000261526	0.00527969	0.00607045
6  	10    	0.00558688	0.000250129	0.00531777	0.00610424
7  	10    	0.00549738	0.000168962	0.00532741	0.00585518
8  	10    	0.00541913	0.000113777	0.0052676 	0.00572969
9  	10    	0.00543875	7.24487e-05	0.00530573	0.00553513
10 	10    	0.005426  	0.000142936	0.0052965 	0.00577736
11 	10    	0.00536132	7.26579e-05	0.00524693	0.00552345
12 	10    	0.00535273	5.85331e-05	0.00525516	0.00544516
13 	10    	0.00532838	8.75041e-05	0.00517552	0.00546925
14 	10    	0.00531681	4.14482e-05	0.00526959	0.00539303
15 	10    	0.00544492	0.000106116	0.00533438	0.00562597
16 	10    	0.00564791	0.000339765	0.00525201	0.006373  
17 	10    	0.00547404	0.000156541	0.00528041	0.00569942
18 	10    	0.00547207	0.000195833	0.00521851	0.00587243
19 	10    	0.00549556	0.000126571	0.005315  	0.00577009
20 	10    	0.0054508 	0.000129247	0.00529374	0.00577808
Runtime: 5.599425513002643 (s)


Final population:
Index: Selected                                    #Selected    CV          
----------------------------------------------------------------------------------------------------
    0: 1111010111111010011100111010001110110011... 96           0.0057780774
    1: 1111010111111010011100111010101111010011... 99           0.0054712554
    2: 1111010111111010011100111010001111010011... 94           0.0053067909
    3: 1111010111111010011100101010101111110011... 99           0.0054358221
    4: 1111010111111010011100111010101111010011... 100          0.0054673112
    5: 1111010111111010011100111010101111010011... 97           0.0054569476
    6: 1111010111111010011100111010001111110011... 99           0.005351212 
    7: 1111010111111010011110101010001110110011... 95           0.0055097319
    8: 1111010111111010011100111010001111110011... 98           0.0054371232
    9: 1111010111111010011100001010001110110011... 96           0.0052937422

Pickling population to: genetic_alg_settings_population_end.pkl

Hall of Fame:
Index: Selected                                    #Selected    CV          
----------------------------------------------------------------------------------------------------
    0: 1111011111111011000110001010101111010010... 98           0.005106919 
    1: 1111011110110011010000001010101110010110... 100          0.005145976 
    2: 1111011111111011000110001010101111010010... 93           0.0051500771
    3: 1111011111111011000110001010101111010010... 100          0.0051677909
    4: 1111011111111011000110001010101111010010... 100          0.0051728384
    5: 1111010111111010011100111010001111010011... 91           0.0051755155
    6: 1111011111111011010110001010101111010010... 100          0.0051809564
    7: 1111011111111011000110001010101111010010... 95           0.00518365  
    8: 1111011111111011000110001010101111010010... 98           0.0051875162
    9: 1111011111111011000110001010101111010010... 96           0.0051897147

Pickling Hall of Fame to: genetic_alg_settings_evolve_halloffame.pkl
Begin 15 of 20 repetitions
Begin 20 generations
gen	nevals	avg      	std        	min       	max       
0  	0     	0.0054508	0.000129247	0.00529374	0.00577808
1  	10    	0.00546776	0.000113967	0.00527241	0.00564463
2  	10    	0.00540868	0.000107083	0.00528998	0.00568309
3  	10    	0.00542394	5.02908e-05	0.00533851	0.00552995
4  	10    	0.00541   	9.0499e-05 	0.00526409	0.00561978
5  	10    	0.00548755	0.000277381	0.00528944	0.00629206
6  	10    	0.00547952	0.000176228	0.00530393	0.00595698
7  	10    	0.00560581	0.000284365	0.00537635	0.00617658
8  	10    	0.00551197	0.000276927	0.00528269	0.00608311
9  	10    	0.00548315	0.000174849	0.00531667	0.00594258
10 	10    	0.00557409	0.000247797	0.00540452	0.00621983
11 	10    	0.00551791	6.73775e-05	0.00541962	0.00562883
12 	10    	0.00561761	0.000261639	0.00541191	0.00618225
13 	10    	0.00556259	0.000206453	0.00537279	0.00607803
14 	10    	0.00549997	0.000138047	0.00536138	0.00581397
15 	10    	0.00545153	7.76385e-05	0.00533849	0.0055603 
16 	10    	0.00555579	0.000162352	0.00537542	0.00587559
17 	10    	0.00546185	0.000134621	0.00527057	0.00568564
18 	10    	0.00548468	0.000154463	0.00522188	0.00580309
19 	10    	0.00545586	6.90759e-05	0.00536556	0.00559205
20 	10    	0.00558587	0.000465086	0.00524194	0.00693167
Runtime: 5.611748381998041 (s)


Final population:
Index: Selected                                    #Selected    CV          
----------------------------------------------------------------------------------------------------
    0: 1111010111010000011100001010001111010011... 97           0.0053461727
    1: 1111010111010010011101001010001111011001... 97           0.0056221732
    2: 1111010111010000011100001010001111101011... 99           0.0069316675
    3: 1111010111010010011001001010001111010011... 96           0.0052419396
    4: 1111010101010000011101001010001111010011... 100          0.005572843 
    5: 1111010101010010011101001010001111010011... 100          0.0054810194
    6: 1111010111010000011101001010001111011001... 100          0.0054492408
    7: 1111010111010010011100001010001111010011... 99           0.0052486624
    8: 1111010101010010011100001010001111010011... 99           0.0055528903
    9: 1111010111010010011101001010011111010011... 99           0.0054121137

Pickling population to: genetic_alg_settings_population_end.pkl

Hall of Fame:
Index: Selected                                    #Selected    CV          
----------------------------------------------------------------------------------------------------
    0: 1111011111111011000110001010101111010010... 98           0.005106919 
    1: 1111011110110011010000001010101110010110... 100          0.005145976 
    2: 1111011111111011000110001010101111010010... 93           0.0051500771
    3: 1111011111111011000110001010101111010010... 100          0.0051677909
    4: 1111011111111011000110001010101111010010... 100          0.0051728384
    5: 1111010111111010011100111010001111010011... 91           0.0051755155
    6: 1111011111111011010110001010101111010010... 100          0.0051809564
    7: 1111011111111011000110001010101111010010... 95           0.00518365  
    8: 1111011111111011000110001010101111010010... 98           0.0051875162
    9: 1111011111111011000110001010101111010010... 96           0.0051897147

Pickling Hall of Fame to: genetic_alg_settings_evolve_halloffame.pkl
Begin 16 of 20 repetitions
Begin 20 generations
gen	nevals	avg       	std        	min       	max       
0  	0     	0.00558587	0.000465086	0.00524194	0.00693167
1  	10    	0.00565699	0.000251489	0.00532489	0.00610837
2  	10    	0.00571936	0.000257367	0.00544031	0.00622539
3  	10    	0.0055752 	7.46664e-05	0.00541554	0.00571297
4  	10    	0.00564897	0.000146799	0.00546984	0.00597814
5  	10    	0.00574448	0.000311544	0.00548984	0.00661859
6  	10    	0.00589554	0.000466942	0.00549552	0.00681989
7  	10    	0.00567358	0.00011983 	0.00554122	0.0059427 
8  	10    	0.00572665	0.00016896 	0.0056113 	0.00621461
9  	10    	0.00579457	0.000242328	0.00546942	0.00628939
10 	10    	0.00586886	0.000511066	0.0054748 	0.00694487
11 	10    	0.00578737	0.000413979	0.00551439	0.00700438
12 	10    	0.00564662	9.3214e-05 	0.00546413	0.00579611
13 	10    	0.0058563 	0.000468329	0.00546255	0.00722453
14 	10    	0.00567404	0.000142995	0.00544807	0.0059514 
15 	10    	0.00560343	0.000155938	0.00532976	0.00584014
16 	10    	0.00555393	0.000122404	0.00539918	0.00582825
17 	10    	0.0056378 	0.000209032	0.00535014	0.00609148
18 	10    	0.00558631	0.000183027	0.00534452	0.00594565
19 	10    	0.00554214	0.000207246	0.00531683	0.00611105
20 	10    	0.00556698	0.000123211	0.00534898	0.00587336
Runtime: 5.654734114999883 (s)


Final population:
Index: Selected                                    #Selected    CV          
----------------------------------------------------------------------------------------------------
    0: 1111010011011010011000101010001110000111... 98           0.0054961843
    1: 1111010011010010011100101010001110000011... 99           0.0058733579
    2: 1111010011010010011100101010001111000111... 100          0.0055717437
    3: 1111010010011010011000101010001110000011... 97           0.0053489756
    4: 1111010010011010011000101010001111100011... 100          0.0055167146
    5: 1111010011010010010100101010001110000011... 100          0.0055521007
    6: 1111010010010010011100101010001111000011... 100          0.0055926616
    7: 1111010010010010011100101010001111000011... 100          0.0056041229
    8: 1111010011010010011000101010001110000011... 100          0.0055429167
    9: 1111010010011010011100101010001111000111... 99           0.0055709998

Pickling population to: genetic_alg_settings_population_end.pkl

Hall of Fame:
Index: Selected                                    #Selected    CV          
----------------------------------------------------------------------------------------------------
    0: 1111011111111011000110001010101111010010... 98           0.005106919 
    1: 1111011110110011010000001010101110010110... 100          0.005145976 
    2: 1111011111111011000110001010101111010010... 93           0.0051500771
    3: 1111011111111011000110001010101111010010... 100          0.0051677909
    4: 1111011111111011000110001010101111010010... 100          0.0051728384
    5: 1111010111111010011100111010001111010011... 91           0.0051755155
    6: 1111011111111011010110001010101111010010... 100          0.0051809564
    7: 1111011111111011000110001010101111010010... 95           0.00518365  
    8: 1111011111111011000110001010101111010010... 98           0.0051875162
    9: 1111011111111011000110001010101111010010... 96           0.0051897147

Pickling Hall of Fame to: genetic_alg_settings_evolve_halloffame.pkl
Begin 17 of 20 repetitions
Begin 20 generations
gen	nevals	avg       	std        	min       	max       
0  	0     	0.00556698	0.000123211	0.00534898	0.00587336
1  	10    	0.00575286	0.000330801	0.0053737 	0.00661755
2  	10    	0.00561157	0.000161243	0.0053631 	0.00596528
3  	10    	0.00560081	8.34658e-05	0.00545011	0.00573821
4  	10    	0.00568525	0.000356596	0.00538307	0.00670128
5  	10    	0.00570875	0.000166093	0.00544662	0.00608547
6  	10    	0.00590385	0.000492671	0.00548998	0.00699901
7  	10    	0.00570815	0.000102881	0.00555916	0.00590553
8  	10    	0.00569821	6.90263e-05	0.00561303	0.00579783
9  	10    	0.0056475 	0.000123976	0.0054252 	0.00584522
10 	10    	0.0057675 	0.000276481	0.00542881	0.00647218
11 	10    	0.00574412	0.000319296	0.00543377	0.00648463
12 	10    	0.00556068	0.000125735	0.00539757	0.00581707
13 	10    	0.00563848	0.000248083	0.00542155	0.006223  
14 	10    	0.00561531	0.000122589	0.00545082	0.00590302
15 	10    	0.00582861	0.00030201 	0.00553121	0.00659795
16 	10    	0.00569875	0.000229353	0.00544459	0.00630167
17 	10    	0.00565936	0.000205822	0.00541755	0.00608367
18 	10    	0.00561426	0.000243237	0.00541014	0.00625493
19 	10    	0.00553326	6.56586e-05	0.00543047	0.00564037
20 	10    	0.00549919	7.56135e-05	0.00541165	0.00562924
Runtime: 5.624397603001853 (s)


Final population:
Index: Selected                                    #Selected    CV          
----------------------------------------------------------------------------------------------------
    0: 1111010111111100011000101010001110000111... 93           0.0054707872
    1: 1111010111111100011000101010001110000111... 91           0.0055409254
    2: 1111000111111100010100101010001110000111... 97           0.0056292396
    3: 1111010111111100011000101010001110000111... 97           0.0054116477
    4: 1111010111111100011000101010001110000111... 100          0.0055726666
    5: 1111000111111000011000101010001110000011... 97           0.0054837044
    6: 1111010111111110011000101010001110000011... 94           0.0054139323
    7: 1111010111111100011000101010001110000111... 97           0.0055948924
    8: 1111000111111100011000101010001110000111... 92           0.0054484948
    9: 1111010111111100011000101010001110000111... 94           0.0054256203

Pickling population to: genetic_alg_settings_population_end.pkl

Hall of Fame:
Index: Selected                                    #Selected    CV          
----------------------------------------------------------------------------------------------------
    0: 1111011111111011000110001010101111010010... 98           0.005106919 
    1: 1111011110110011010000001010101110010110... 100          0.005145976 
    2: 1111011111111011000110001010101111010010... 93           0.0051500771
    3: 1111011111111011000110001010101111010010... 100          0.0051677909
    4: 1111011111111011000110001010101111010010... 100          0.0051728384
    5: 1111010111111010011100111010001111010011... 91           0.0051755155
    6: 1111011111111011010110001010101111010010... 100          0.0051809564
    7: 1111011111111011000110001010101111010010... 95           0.00518365  
    8: 1111011111111011000110001010101111010010... 98           0.0051875162
    9: 1111011111111011000110001010101111010010... 96           0.0051897147

Pickling Hall of Fame to: genetic_alg_settings_evolve_halloffame.pkl
Begin 18 of 20 repetitions
Begin 20 generations
gen	nevals	avg       	std        	min       	max       
0  	0     	0.00549919	7.56135e-05	0.00541165	0.00562924
1  	10    	0.00555505	0.000144553	0.0054343 	0.0059661 
2  	10    	0.00547309	5.78959e-05	0.00539641	0.00555887
3  	10    	0.00552946	0.000319221	0.00529829	0.00645708
4  	10    	0.00548356	0.000129245	0.00536629	0.00578947
5  	10    	0.00543521	6.64733e-05	0.00533518	0.00552689
6  	10    	0.00552784	0.000123488	0.00535297	0.00570462
7  	10    	0.00550301	0.000157547	0.00532026	0.00592415
8  	10    	0.00563799	0.000393363	0.00534567	0.00672981
9  	10    	0.00556334	0.000122576	0.00540682	0.00577775
10 	10    	0.00561393	0.000431698	0.00537383	0.00689888
11 	10    	0.00552166	0.000147039	0.00538435	0.00591173
12 	10    	0.00547644	0.000104787	0.00535482	0.00568229
13 	10    	0.00546392	7.57903e-05	0.00537869	0.00561727
14 	10    	0.00569282	0.000449384	0.00542043	0.0068503 
15 	10    	0.00554441	0.00019293 	0.00541284	0.00610737
16 	10    	0.00553131	0.00013403 	0.00537045	0.00589668
17 	10    	0.00558954	0.000150934	0.00544389	0.00594217
18 	10    	0.00592142	0.000683061	0.00544373	0.00758015
19 	10    	0.00558641	0.000109743	0.0053598 	0.00572931
20 	10    	0.00562378	0.000149307	0.00547078	0.00586429
Runtime: 5.632792832999257 (s)


Final population:
Index: Selected                                    #Selected    CV          
----------------------------------------------------------------------------------------------------
    0: 1111011111111100011010001010011110000111... 99           0.0054816269
    1: 1111011111111100011010001010011110010111... 99           0.0054707821
    2: 1111011011111100010010001010011110010111... 99           0.0055640027
    3: 1111011111111101011010001010001110010111... 99           0.0054858807
    4: 1111010111111100011010101010101110010111... 91           0.0058642933
    5: 1111011011111001010010001010011110010110... 100          0.0055370699
    6: 1111011111111100010010100010011110010111... 98           0.0058635244
    7: 1111011111101101011010001010001110010111... 98           0.0057765353
    8: 1111010011111101010010001010001111010111... 100          0.0056645165
    9: 1111011110111100011000001010001100011111... 97           0.0055295306

Pickling population to: genetic_alg_settings_population_end.pkl

Hall of Fame:
Index: Selected                                    #Selected    CV          
----------------------------------------------------------------------------------------------------
    0: 1111011111111011000110001010101111010010... 98           0.005106919 
    1: 1111011110110011010000001010101110010110... 100          0.005145976 
    2: 1111011111111011000110001010101111010010... 93           0.0051500771
    3: 1111011111111011000110001010101111010010... 100          0.0051677909
    4: 1111011111111011000110001010101111010010... 100          0.0051728384
    5: 1111010111111010011100111010001111010011... 91           0.0051755155
    6: 1111011111111011010110001010101111010010... 100          0.0051809564
    7: 1111011111111011000110001010101111010010... 95           0.00518365  
    8: 1111011111111011000110001010101111010010... 98           0.0051875162
    9: 1111011111111011000110001010101111010010... 96           0.0051897147

Pickling Hall of Fame to: genetic_alg_settings_evolve_halloffame.pkl
Begin 19 of 20 repetitions
Begin 20 generations
gen	nevals	avg       	std        	min       	max       
0  	0     	0.00562378	0.000149307	0.00547078	0.00586429
1  	10    	0.00574359	0.000220194	0.00547418	0.00613058
2  	10    	0.00561434	0.000224051	0.00538115	0.00623072
3  	10    	0.00571373	0.000402339	0.00539515	0.00683899
4  	10    	0.00560597	0.000247649	0.00536738	0.00621612
5  	10    	0.00550688	7.196e-05  	0.00540937	0.00562944
6  	10    	0.00563493	0.000206307	0.00541436	0.00606018
7  	10    	0.00571922	0.000385757	0.0054663 	0.00684269
8  	10    	0.00558755	0.00013765 	0.00536667	0.00578792
9  	10    	0.00553557	6.04724e-05	0.00541639	0.00566222
10 	10    	0.00563602	0.000201729	0.00545915	0.00611935
11 	10    	0.0056963 	0.000387405	0.00540213	0.00670323
12 	10    	0.00563224	0.000159672	0.00542399	0.00600077
13 	10    	0.0056333 	0.000234017	0.0054136 	0.00610532
14 	10    	0.00556557	0.000185598	0.00545289	0.00610702
15 	10    	0.00548141	7.96746e-05	0.00532572	0.00557175
16 	10    	0.00557682	0.000247276	0.00540574	0.00630509
17 	10    	0.00588291	0.000617706	0.00541575	0.00739608
18 	10    	0.00559424	0.000104967	0.0054604 	0.00585136
19 	10    	0.00562192	0.000105399	0.00548282	0.00586227
20 	10    	0.00559701	7.7321e-05 	0.00546828	0.00572953
Runtime: 5.672833496002568 (s)


Final population:
Index: Selected                                    #Selected    CV          
----------------------------------------------------------------------------------------------------
    0: 1111010111111101001000001010010110010111... 100          0.0056875477
    1: 1111010111011111001010001010001110010111... 96           0.0055146676
    2: 1111010111111101001000001010010110010111... 98           0.0055536847
    3: 1111010111111101001110001010001110010111... 99           0.0055509632
    4: 1111010111111111001000001010001110000111... 100          0.0057295328
    5: 1111010111111111001000001010001110010111... 100          0.005664714 
    6: 1111010111111101001000001010001110010111... 99           0.005468275 
    7: 1111010111111101001000001010001110010111... 97           0.0055633115
    8: 1111010111111111001000001010010110010111... 97           0.0056215044
    9: 1111010111111111001010001010001110010111... 99           0.0056158858

Pickling population to: genetic_alg_settings_population_end.pkl

Hall of Fame:
Index: Selected                                    #Selected    CV          
----------------------------------------------------------------------------------------------------
    0: 1111011111111011000110001010101111010010... 98           0.005106919 
    1: 1111011110110011010000001010101110010110... 100          0.005145976 
    2: 1111011111111011000110001010101111010010... 93           0.0051500771
    3: 1111011111111011000110001010101111010010... 100          0.0051677909
    4: 1111011111111011000110001010101111010010... 100          0.0051728384
    5: 1111010111111010011100111010001111010011... 91           0.0051755155
    6: 1111011111111011010110001010101111010010... 100          0.0051809564
    7: 1111011111111011000110001010101111010010... 95           0.00518365  
    8: 1111011111111011000110001010101111010010... 98           0.0051875162
    9: 1111011111111011000110001010101111010010... 96           0.0051897147

Pickling Hall of Fame to: genetic_alg_settings_evolve_halloffame.pkl
Begin 20 of 20 repetitions
Begin 20 generations
gen	nevals	avg       	std       	min       	max       
0  	0     	0.00559701	7.7321e-05	0.00546828	0.00572953
1  	10    	0.00554466	7.25904e-05	0.00538847	0.00567103
2  	10    	0.00555347	7.76078e-05	0.00545567	0.00568408
3  	10    	0.00564649	0.000172766	0.00553335	0.00613402
4  	10    	0.00571184	0.000246433	0.00552946	0.00642792
5  	10    	0.00566333	0.000155075	0.00548982	0.00599136
6  	10    	0.00578368	0.000314536	0.00544594	0.00641196
7  	10    	0.00562478	0.000129204	0.00543793	0.00596098
8  	10    	0.00569895	0.00020199 	0.00549781	0.00612672
9  	10    	0.00573815	0.000250912	0.00546746	0.00627791
10 	10    	0.00571877	0.000182117	0.00549981	0.00608169
11 	10    	0.00575678	0.000275708	0.00544758	0.0063511 
12 	10    	0.00569854	0.000290961	0.00545864	0.00647676
13 	10    	0.00572547	0.000263092	0.00547914	0.00646732
14 	10    	0.00556337	8.59872e-05	0.00544411	0.00570776
15 	10    	0.005686  	0.000194259	0.00545557	0.00608829
16 	10    	0.005521  	8.06511e-05	0.00542078	0.00567277
17 	10    	0.00559661	0.0001955  	0.00538187	0.0061218 
18 	10    	0.00558662	0.000107136	0.00544166	0.00584881
19 	10    	0.00558432	0.000107256	0.00541668	0.00575417
20 	10    	0.00560703	0.000185963	0.00545516	0.00609662
Runtime: 5.689464650997252 (s)


Final population:
Index: Selected                                    #Selected    CV          
----------------------------------------------------------------------------------------------------
    0: 1111010011101101001001001010001111110111... 93           0.0056155181
    1: 1111010111110101001110001010011011110101... 100          0.0060966239
    2: 1111010111111100110100001010001110110111... 100          0.0055211364
    3: 1111010111111100101110001010001110110111... 97           0.0054713579
    4: 1111010111101100110110001010001110110111... 99           0.0056141976
    5: 1111010111111100110010001010000110110111... 100          0.0057627247
    6: 1111010111111101110100001010001110110111... 100          0.0054675274
    7: 1111010111111100100110001010001110110111... 97           0.0054977344
    8: 1111010111111100110110001010001110110111... 100          0.0054551603
    9: 1111010111111100110110001110001110110111... 100          0.0055682833

Pickling population to: genetic_alg_settings_population_end.pkl

Hall of Fame:
Index: Selected                                    #Selected    CV          
----------------------------------------------------------------------------------------------------
    0: 1111011111111011000110001010101111010010... 98           0.005106919 
    1: 1111011110110011010000001010101110010110... 100          0.005145976 
    2: 1111011111111011000110001010101111010010... 93           0.0051500771
    3: 1111011111111011000110001010101111010010... 100          0.0051677909
    4: 1111011111111011000110001010101111010010... 100          0.0051728384
    5: 1111010111111010011100111010001111010011... 91           0.0051755155
    6: 1111011111111011010110001010101111010010... 100          0.0051809564
    7: 1111011111111011000110001010101111010010... 95           0.00518365  
    8: 1111011111111011000110001010101111010010... 98           0.0051875162
    9: 1111011111111011000110001010101111010010... 96           0.0051897147

Pickling Hall of Fame to: genetic_alg_settings_evolve_halloffame.pkl
#   DONE  Runtime: 109.2673677740022 (s)

Adding statistics...
  DONE

Result:
Index: Selected                                    #Selected    CV           RMS          wRMS         Estimator                FeatureSelection         Note
--------------------------------------------------------------------------------------------------------------------------------------------------------------------
    0: 1111011111111011000110001010101111010010... 98           0.005106919  0.0043356723 0.0043398904 LinearRegression         GeneticAlgorithm         
    1: 1111011110110011010000001010101110010110... 100          0.005145976  0.0043075057 0.0043123454 LinearRegression         GeneticAlgorithm         
    2: 1111011111111011000110001010101111010010... 93           0.0051500771 0.0043488777 0.0043532514 LinearRegression         GeneticAlgorithm         
    3: 1111011111111011000110001010101111010010... 100          0.0051677909 0.0043184378 0.0043226142 LinearRegression         GeneticAlgorithm         
    4: 1111011111111011000110001010101111010010... 100          0.0051728384 0.004319147  0.0043230982 LinearRegression         GeneticAlgorithm         
    5: 1111010111111010011100111010001111010011... 91           0.0051755155 0.0044432215 0.0044478241 LinearRegression         GeneticAlgorithm         
    6: 1111011111111011010110001010101111010010... 100          0.0051809564 0.004326539  0.0043308245 LinearRegression         GeneticAlgorithm         
    7: 1111011111111011000110001010101111010010... 95           0.00518365   0.0043346842 0.0043388198 LinearRegression         GeneticAlgorithm         
    8: 1111011111111011000110001010101111010010... 98           0.0051875162 0.0043356723 0.0043398904 LinearRegression         GeneticAlgorithm         
    9: 1111011111111011000110001010101111010010... 96           0.0051897147 0.0043483734 0.0043527158 LinearRegression         GeneticAlgorithm         

Pickling Hall of Fame to: genetic_alg_settings_halloffame.pkl
