Loading genetic_alg_settings.json
# Hall of Fame size: 10 

# Get problem data...
# wHullDist: Will calculate hull distance: hull_dist(CALCULATED,atom_frac)
# Query requested: ['formation_energy', 'is_calculated', 'corr', 'hull_dist(CALCULATED,atom_frac)']
# Use existing: []
# Querying: ['formation_energy', 'is_calculated', 'corr', 'hull_dist(CALCULATED,atom_frac)']
#   DONE

# Target: formation_energy
# Training samples: 627
# Features: 253 

# Weighting:
{
  "method": "wHullDist",
  "kwargs": {
    "A": 2.0,
    "B": 2.0,
    "kT": 0.05500000000000001,
    "hull_selection": "CALCULATED"
  }
}

# CV:
{
  "method": "KFold",
  "kwargs": {
    "n_splits": 10,
    "shuffle": true
  },
  "penalty": 0.0
} 

# Writing problem specs to: genetic_alg_settings_specs.pkl
# To inspect or customize the problem specs further, use the '--checkspecs' method

# Estimator:
{
  "method": "LinearRegression",
  "kwargs": {
    "fit_intercept": false
  }
} 

# Feature Selection:
{
  "method": "GeneticAlgorithm",
  "kwargs": {
    "constraints_kwargs": {
      "n_features_max": 100,
      "n_features_min": 3,
      "fix_off": [],
      "fix_on": [
        0,
        1,
        2
      ]
    },
    "selTournamentSize": 3,
    "mutFlipBitProb": 0.01,
    "evolve_params_kwargs": {
      "n_generation": 20,
      "n_repetition": 20,
      "n_features_init": 3,
      "n_population": 10,
      "n_halloffame": 10,
      "halloffame_filename": "evolve_halloffame.pkl",
      "filename_prefix": "genetic_alg_settings"
    },
    "cxUniformProb": 0.5
  }
} 

# Fit and select...
Constructing initial population
Begin 1 of 20 repetitions
Begin 20 generations
gen	nevals	avg      	std        	min     	max      
0  	10    	0.0199058	0.000733256	0.018313	0.0208781
1  	10    	0.0189493	0.000686604	0.0181203	0.0202508
2  	10    	0.0182123	0.000358401	0.0174894	0.018709 
3  	10    	0.0174105	0.000575987	0.0167206	0.0186529
4  	10    	0.0159953	0.00100831 	0.0138665	0.0169044
5  	10    	0.0143069	0.00159981 	0.0122987	0.0167168
6  	10    	0.0123564	0.000593868	0.0114846	0.013559 
7  	10    	0.0119073	0.000636604	0.0105735	0.0127373
8  	10    	0.0114387	0.000428915	0.0108318	0.0121405
9  	10    	0.011084 	0.000706265	0.00939435	0.0120374
10 	10    	0.0104072	0.000992296	0.00888966	0.012036 
11 	10    	0.00959623	0.000724003	0.00866546	0.0109229
12 	10    	0.00944941	0.00109576 	0.00854536	0.0116829
13 	10    	0.00866741	0.000280338	0.00798023	0.00898694
14 	10    	0.00830257	0.000338337	0.00771873	0.00869113
15 	10    	0.00862327	0.00130692 	0.00779543	0.0124755 
16 	10    	0.00829646	0.000669309	0.00771347	0.0101297 
17 	10    	0.00815854	0.000586929	0.00771175	0.00983223
18 	10    	0.00770721	0.000180643	0.00742829	0.00798143
19 	10    	0.00754427	0.000173162	0.00734122	0.00793631
20 	10    	0.00745472	0.000145491	0.00721266	0.00765504
Runtime: 3.2592150419986865 (s)


Final population:
Index: Selected                                    #Selected    CV          
----------------------------------------------------------------------------------------------------
    0: 1111001010000100000100001000000001110010... 67           0.0076243062
    1: 1111000010000100000110011100000000110011... 67           0.0076550398
    2: 1111001010000000000110001100000001110110... 66           0.0072126609
    3: 1111000010001100000100001100000000110011... 66           0.0075766749
    4: 1111001010000100000100001100000000110010... 69           0.0075198651
    5: 1111001010000100000100001100000000110010... 72           0.0072967713
    6: 1111001010000100001100011100000001110010... 68           0.0075471168
    7: 1111001010000100000100001000000001110010... 63           0.0074560623
    8: 1111001010001000000100011100000001110010... 72           0.0073384353
    9: 1111001010001000000100001100000001110010... 68           0.0073202888

Pickling population to: genetic_alg_settings_population_end.pkl

Hall of Fame:
Index: Selected                                    #Selected    CV          
----------------------------------------------------------------------------------------------------
    0: 1111001010000000000110001100000001110110... 66           0.0072126609
    1: 1111001010000100000100001100000000110010... 72           0.0072967713
    2: 1111001010001000000100001100000001110010... 68           0.0073202888
    3: 1111001010001000000100011100000001110010... 72           0.0073384353
    4: 1111000010000100000110001100000000110011... 61           0.0073412194
    5: 1111001010001000000100001100000001110010... 66           0.0073859584
    6: 1111001010000100000100001100000000110010... 65           0.0074282911
    7: 1111001010000100000100001100000000110010... 65           0.0074292613
    8: 1111001010000100000100001000000001110010... 63           0.0074560623
    9: 1111001010000100000100001100000000110010... 65           0.0074622352

Pickling Hall of Fame to: genetic_alg_settings_evolve_halloffame.pkl
Begin 2 of 20 repetitions
Begin 20 generations
gen	nevals	avg       	std        	min       	max       
0  	0     	0.00745472	0.000145491	0.00721266	0.00765504
1  	10    	0.00744654	0.000167443	0.00708304	0.00771774
2  	10    	0.00739699	0.000136951	0.00717165	0.00765589
3  	10    	0.00733889	7.86865e-05	0.00715774	0.007468  
4  	10    	0.00729664	0.000144048	0.00710834	0.0075617 
5  	10    	0.00726079	0.000149073	0.00710633	0.00761531
6  	10    	0.00766513	0.00143223 	0.00687987	0.0119479 
7  	10    	0.00729687	0.000303099	0.00708088	0.00818364
8  	10    	0.00714475	8.61961e-05	0.00699033	0.00725686
9  	10    	0.00706089	0.000131052	0.00682342	0.00720397
10 	10    	0.00696992	0.000147063	0.00671707	0.00719257
11 	10    	0.00692472	0.00024259 	0.00654483	0.00736854
12 	10    	0.00665946	9.07401e-05	0.00654609	0.00682112
13 	10    	0.00668884	0.000170598	0.00654109	0.00717553
14 	10    	0.0066238 	9.48661e-05	0.00644513	0.00681476
15 	10    	0.00706097	0.00115643 	0.00652231	0.0105241 
16 	10    	0.00667561	8.89365e-05	0.00656935	0.00687128
17 	10    	0.00659908	0.00015302 	0.00633421	0.00690125
18 	10    	0.00659559	8.5794e-05 	0.00641941	0.00670121
19 	10    	0.006895  	0.000850788	0.00643009	0.00941282
20 	10    	0.00657531	0.000100003	0.00636997	0.00673413
Runtime: 4.988300409000658 (s)


Final population:
Index: Selected                                    #Selected    CV          
----------------------------------------------------------------------------------------------------
    0: 1111001000000100100000011110000001110010... 83           0.0066365788
    1: 1111001000000100100000011110000001110010... 85           0.0063699658
    2: 1111011010000100100001011111000011110010... 88           0.0066429123
    3: 1111001000000110100001011111100001110010... 90           0.0065943192
    4: 1111011010000110100000011111000001110010... 92           0.0066748458
    5: 1111011010000110100001011110100001110010... 91           0.006476775 
    6: 1111011000000100100001011111100001110010... 91           0.0065587946
    7: 1111011010000111100001011110000001110010... 88           0.0065458528
    8: 1111001000000100100000011110000001110010... 85           0.0065189702
    9: 1111001010000100100000011110000001110010... 85           0.0067341289

Pickling population to: genetic_alg_settings_population_end.pkl

Hall of Fame:
Index: Selected                                    #Selected    CV          
----------------------------------------------------------------------------------------------------
    0: 1111001010000110100000011110000101110010... 86           0.0063342054
    1: 1111001000000100100000011110000001110010... 85           0.0063699658
    2: 1111011010000110100001011111100001110010... 89           0.0064194113
    3: 1111011000000100100001011111100001110010... 92           0.0064300874
    4: 1111001010000100101000011110000001110010... 83           0.0064451349
    5: 1111001000000100100000011110000001110010... 84           0.0064537073
    6: 1111001010000110100001011110100001110010... 88           0.0064568514
    7: 1111011010000110100001011110100001110010... 91           0.006476775 
    8: 1111011010000110100000011110000001110010... 88           0.0065061649
    9: 1111001000000100100000011110000001110010... 83           0.0065096686

Pickling Hall of Fame to: genetic_alg_settings_evolve_halloffame.pkl
Begin 3 of 20 repetitions
Begin 20 generations
gen	nevals	avg       	std        	min       	max       
0  	0     	0.00657531	0.000100003	0.00636997	0.00673413
1  	10    	0.00656738	7.45117e-05	0.00645064	0.00668116
2  	10    	0.00716381	0.0011813  	0.00644397	0.0102328 
3  	10    	0.00662042	0.000205586	0.00645705	0.00717553
4  	10    	0.00684945	0.000807043	0.00641967	0.00925697
5  	10    	0.00651192	8.70623e-05	0.00640287	0.00668481
6  	10    	0.00651127	8.0688e-05 	0.0063643 	0.00666194
7  	10    	0.00653189	0.000101686	0.00630251	0.00667932
8  	10    	0.00649591	9.6224e-05 	0.00634426	0.00667434
9  	10    	0.00642508	0.000115755	0.00623476	0.00669655
10 	10    	0.00638293	0.000123148	0.00618322	0.00658245
11 	10    	0.00633458	0.000148627	0.00612745	0.00665794
12 	10    	0.00630867	9.55795e-05	0.00614742	0.00650137
13 	10    	0.00633316	0.000117801	0.00617504	0.00650577
14 	10    	0.0062528 	9.8694e-05 	0.00614045	0.00646075
15 	10    	0.00616228	0.000136135	0.00585866	0.0064095 
16 	10    	0.00627872	0.00023691 	0.00605579	0.00691526
17 	10    	0.00620336	0.000186437	0.00599145	0.00664019
18 	10    	0.00617735	0.000135228	0.00596751	0.00644135
19 	10    	0.00610949	6.11314e-05	0.00603201	0.0062515 
20 	10    	0.00624731	0.000234004	0.00597279	0.0067226 
Runtime: 5.72353779200057 (s)


Final population:
Index: Selected                                    #Selected    CV          
----------------------------------------------------------------------------------------------------
    0: 1110001100001111100001011010000111100010... 97           0.0067225977
    1: 1111001100101011000001011010000111100010... 99           0.0061358758
    2: 1111001100001111000001011010000111100010... 98           0.0061796177
    3: 1111001100001111000001011010000111100010... 100          0.0063817249
    4: 1111001100001111000001011010000111110010... 100          0.0060607254
    5: 1111001100001111000001011010000111100010... 100          0.0061347782
    6: 1111001100001111000001011010000111100010... 99           0.0062013129
    7: 1111001100001111000001011010000111100010... 100          0.0060737107
    8: 1111001100001111000001011010000111100010... 99           0.0059727853
    9: 1111001100001111000001011010000111100010... 98           0.0066099675

Pickling population to: genetic_alg_settings_population_end.pkl

Hall of Fame:
Index: Selected                                    #Selected    CV          
----------------------------------------------------------------------------------------------------
    0: 1111011100011110100001011011100101110010... 100          0.0058586649
    1: 1111001100001111000001011010000111100010... 99           0.0059675077
    2: 1111001100001111000001011010000111100010... 99           0.0059727853
    3: 1111001100001111100001011010000101100010... 97           0.0059914487
    4: 1111011100001110000001011111100111100010... 100          0.0060117259
    5: 1111001100001111000001011010000111100010... 99           0.0060320064
    6: 1111001100001111100001011010000101100010... 97           0.006037753 
    7: 1111011000000110100001011111100101100010... 100          0.0060551269
    8: 1111011100001111100001011010100110110011... 100          0.0060557923
    9: 1111001100001111000001011010000111110010... 100          0.0060607254

Pickling Hall of Fame to: genetic_alg_settings_evolve_halloffame.pkl
Begin 4 of 20 repetitions
Begin 20 generations
gen	nevals	avg       	std        	min       	max      
0  	0     	0.00624731	0.000234004	0.00597279	0.0067226
1  	10    	0.00605665	9.63125e-05	0.00592738	0.00625347
2  	10    	0.00614397	0.000333336	0.0059248 	0.00713039
3  	10    	0.00606964	7.52131e-05	0.00598951	0.00621587
4  	10    	0.0060148 	7.96748e-05	0.00585695	0.0061544 
5  	10    	0.00594878	0.00011159 	0.00571488	0.00611235
6  	10    	0.00601098	0.000212931	0.00582519	0.0066021 
7  	10    	0.00592682	9.45694e-05	0.00582187	0.00609368
8  	10    	0.00588643	8.6535e-05 	0.00576945	0.00606465
9  	10    	0.00587746	6.30641e-05	0.00574245	0.00599854
10 	10    	0.00590193	5.2465e-05 	0.00578995	0.00595214
11 	10    	0.00593725	0.000125988	0.00578546	0.00622299
12 	10    	0.00592362	0.000140189	0.0058045 	0.00625736
13 	10    	0.00588379	6.88881e-05	0.00573029	0.00597984
14 	10    	0.00602689	0.000279298	0.00577388	0.00678432
15 	10    	0.00590235	0.00014837 	0.0056814 	0.00620334
16 	10    	0.00587291	8.76299e-05	0.00573004	0.00602791
17 	10    	0.00601192	0.000330886	0.00573143	0.00668262
18 	10    	0.00593728	0.000283813	0.00571574	0.00677195
19 	10    	0.006131  	0.000264814	0.00581347	0.00673762
20 	10    	0.00610458	0.000285463	0.0056496 	0.00655611
Runtime: 5.756624885001656 (s)


Final population:
Index: Selected                                    #Selected    CV          
----------------------------------------------------------------------------------------------------
    0: 1111001100101111000001011010000111000010... 97           0.0059163177
    1: 1111001101001110000011011010000111000010... 98           0.0056495954
    2: 1110001101101111000001011010000111000010... 96           0.0065561117
    3: 1111011100001111000011011010000111000010... 99           0.0061343381
    4: 1111001100101111000001011010010111000010... 98           0.0059566877
    5: 1111001101101101000000011010100111000010... 96           0.0064800672
    6: 1111001100001101000110011010010111100000... 95           0.0062444429
    7: 1111001100101111000011011000000110000010... 100          0.0061831643
    8: 1111001100101101000001011010010111000010... 100          0.006225861 
    9: 1111001100001111000010011010100111000010... 99           0.0056991675

Pickling population to: genetic_alg_settings_population_end.pkl

Hall of Fame:
Index: Selected                                    #Selected    CV          
----------------------------------------------------------------------------------------------------
    0: 1111001101001110000011011010000111000010... 98           0.0056495954
    1: 1111001100001110000001011010000111100010... 100          0.0056813975
    2: 1111001100001111000010011010100111000010... 99           0.0056991675
    3: 1111001100001110000001011010000111100010... 98           0.0057148789
    4: 1111001100001110000001011010000111100010... 100          0.0057152618
    5: 1111001100001111000011011010000111000010... 100          0.005715738 
    6: 1111001100001110000000011010000111100010... 100          0.0057300354
    7: 1111001100001110000001011010000111100010... 100          0.0057302905
    8: 1111001100101111000001011010000111000010... 100          0.0057314291
    9: 1111001100001110000011011010000111100010... 100          0.0057361162

Pickling Hall of Fame to: genetic_alg_settings_evolve_halloffame.pkl
Begin 5 of 20 repetitions
Begin 20 generations
gen	nevals	avg       	std        	min      	max       
0  	0     	0.00610458	0.000285463	0.0056496	0.00655611
1  	10    	0.00613798	0.000305979	0.00574307	0.00665173
2  	10    	0.00591836	0.000170136	0.00571655	0.00626158
3  	10    	0.00600533	0.000181752	0.00576001	0.00639659
4  	10    	0.00592589	8.75127e-05	0.00578488	0.00610301
5  	10    	0.00597879	8.03844e-05	0.00585304	0.00608677
6  	10    	0.00601635	0.00017527 	0.00581835	0.00648873
7  	10    	0.00602289	0.000108322	0.00586091	0.00627888
8  	10    	0.00599722	0.000154154	0.00581356	0.00637665
9  	10    	0.00602229	0.000126145	0.00580515	0.00622453
10 	10    	0.00609435	0.000312331	0.0058709 	0.00682129
11 	10    	0.00609193	0.000336132	0.0057893 	0.00674693
12 	10    	0.00594552	0.000113438	0.00579967	0.0061603 
13 	10    	0.00585711	7.27931e-05	0.00573687	0.00595614
14 	10    	0.00588035	0.000115547	0.00572318	0.0060924 
15 	10    	0.00604904	0.000387993	0.00571994	0.0068174 
16 	10    	0.00595264	0.000200059	0.00570883	0.00644511
17 	10    	0.00587062	0.000241729	0.00572011	0.00658109
18 	10    	0.00581171	0.000115563	0.00566454	0.00598837
19 	10    	0.00577216	0.000101444	0.00564674	0.00592011
20 	10    	0.00590676	0.000293227	0.00561969	0.00668947
Runtime: 5.792354268000054 (s)


Final population:
Index: Selected                                    #Selected    CV          
----------------------------------------------------------------------------------------------------
    0: 1111010001101111000011011010001110100010... 97           0.0057634038
    1: 1111010001101110000011011010001111100010... 96           0.0056897557
    2: 1111011001101110000011011010010110010010... 99           0.0057389788
    3: 1111011001101110000011010010000110010010... 98           0.0066894734
    4: 1111110001101111000011001010000111100011... 100          0.0059642752
    5: 1111000001101110000011011010000110100010... 92           0.0061150355
    6: 1111010001101110000011011010001110100010... 96           0.0057949107
    7: 1111010001101110000011011010001111100010... 96           0.0058113611
    8: 1111010001101111000011011010001110010011... 99           0.0056196889
    9: 1111001001101110000011001010000110100010... 95           0.0058806852

Pickling population to: genetic_alg_settings_population_end.pkl

Hall of Fame:
Index: Selected                                    #Selected    CV          
----------------------------------------------------------------------------------------------------
    0: 1111010001101111000011011010001110010011... 99           0.0056196889
    1: 1111000001101111000011001010001110100011... 95           0.0056467355
    2: 1111001101001110000011011010000111000010... 98           0.0056495954
    3: 1111010001101110000011011010001111100010... 96           0.0056545681
    4: 1111000001101110000011011010001110100010... 94           0.0056645399
    5: 1111011001101110000011011010000110010010... 98           0.0056675974
    6: 1111001100001110000001011010000111100010... 100          0.0056813975
    7: 1111000001101111000011011010001110110010... 99           0.0056896382
    8: 1111010001101110000011011010001111100010... 96           0.0056897557
    9: 1111010001101111000011011010001110100010... 95           0.0056927289

Pickling Hall of Fame to: genetic_alg_settings_evolve_halloffame.pkl
Begin 6 of 20 repetitions
Begin 20 generations
gen	nevals	avg       	std        	min       	max       
0  	0     	0.00590676	0.000293227	0.00561969	0.00668947
1  	10    	0.00598557	0.00034118 	0.0056508 	0.00681845
2  	10    	0.00590698	0.000286897	0.00563956	0.00666292
3  	10    	0.00588078	0.000228159	0.00564548	0.00650116
4  	10    	0.00588722	0.000434367	0.00558908	0.00715477
5  	10    	0.00582764	0.000312905	0.0055671 	0.00659814
6  	10    	0.00588708	0.000315535	0.00562134	0.00674856
7  	10    	0.00568927	9.12967e-05	0.00557269	0.00584268
8  	10    	0.00572266	0.000304604	0.00552303	0.00662099
9  	10    	0.00569958	0.000135823	0.00552549	0.00602994
10 	10    	0.0058248 	0.000270188	0.00559442	0.00650252
11 	10    	0.0056565 	7.72368e-05	0.00553082	0.00576562
12 	10    	0.00565777	7.32794e-05	0.00557014	0.0058373 
13 	10    	0.0057117 	0.00017652 	0.00559601	0.00620798
14 	10    	0.00573105	0.000109094	0.00563222	0.005992  
15 	10    	0.00570469	9.66149e-05	0.00554684	0.00590364
16 	10    	0.00568254	7.71313e-05	0.00558975	0.00584135
17 	10    	0.00575062	0.00026401 	0.00550621	0.00645635
18 	10    	0.00584871	0.000425673	0.0055246 	0.00671389
19 	10    	0.00566936	0.000149935	0.00545026	0.0059347 
20 	10    	0.00571584	0.000299477	0.005512  	0.00659852
Runtime: 5.758512989999872 (s)


Final population:
Index: Selected                                    #Selected    CV          
----------------------------------------------------------------------------------------------------
    0: 1111011011101110000010011011000111000010... 97           0.0056864841
    1: 1111011011101110000010011111000110000010... 98           0.0065985248
    2: 1111010011101110000010011011000110100010... 98           0.0055119987
    3: 1111011011101110000010011011001110000011... 100          0.005609276 
    4: 1111011011101110000010011011010111000010... 97           0.0055777482
    5: 1111011011111110000010011011000110000010... 100          0.0055992496
    6: 1111010001101110000010011011001110000010... 100          0.0057020372
    7: 1111110011101110000010011011001111100010... 96           0.0056065593
    8: 1111010011101110000010011011001111000010... 100          0.0055806724
    9: 1111011011101110000010011011000110100010... 97           0.0056858538

Pickling population to: genetic_alg_settings_population_end.pkl

Hall of Fame:
Index: Selected                                    #Selected    CV          
----------------------------------------------------------------------------------------------------
    0: 1111010011101110000010011011001111100010... 99           0.0054502552
    1: 1111010011101110000010011011001110100010... 99           0.0054774096
    2: 1111011011101110000010011011000110000010... 100          0.0055062137
    3: 1111010011101110000010011011000110100010... 98           0.0055119987
    4: 1111011011101110000010011011000110000010... 99           0.0055155143
    5: 1111000001101110000010011010001110000010... 95           0.005523031 
    6: 1111011011101110000010011011000110000010... 99           0.0055245975
    7: 1111010011101110000010011011001110000010... 93           0.0055254903
    8: 1111010011101110000010011011001100000010... 95           0.0055308217
    9: 1111010011101110000010011011000110001010... 100          0.0055468372

Pickling Hall of Fame to: genetic_alg_settings_evolve_halloffame.pkl
Begin 7 of 20 repetitions
Begin 20 generations
gen	nevals	avg       	std        	min     	max       
0  	0     	0.00571584	0.000299477	0.005512	0.00659852
1  	10    	0.00571004	0.000214   	0.00555364	0.00630098
2  	10    	0.00574009	0.000215254	0.00554849	0.00632011
3  	10    	0.00579788	0.000199028	0.00556627	0.00624071
4  	10    	0.00566181	5.30336e-05	0.00555687	0.0057374 
5  	10    	0.00581501	0.000147504	0.00561589	0.00617866
6  	10    	0.0058025 	0.00018972 	0.00561043	0.0062427 
7  	10    	0.00577934	0.000172197	0.00561225	0.00609367
8  	10    	0.00580576	0.000193505	0.00562101	0.00635978
9  	10    	0.00586919	0.000205536	0.0055563 	0.00631606
10 	10    	0.00569411	0.000123322	0.00550203	0.00589302
11 	10    	0.00582379	0.000142414	0.00556217	0.00609748
12 	10    	0.0057562 	0.00013187 	0.0055716 	0.00599104
13 	10    	0.00574978	0.00016659 	0.0055861 	0.0061663 
14 	10    	0.00571746	0.000158396	0.00550961	0.00605318
15 	10    	0.00570516	0.000271898	0.0055543 	0.00649854
16 	10    	0.00559344	8.46392e-05	0.00547191	0.0057241 
17 	10    	0.00559181	0.000126618	0.00544588	0.00581622
18 	10    	0.00554926	6.91386e-05	0.00544592	0.00569131
19 	10    	0.00556585	0.000137798	0.00538738	0.00580833
20 	10    	0.00551907	5.66415e-05	0.00545722	0.00566869
Runtime: 5.75449652700263 (s)


Final population:
Index: Selected                                    #Selected    CV          
----------------------------------------------------------------------------------------------------
    0: 1111101011101110000000001011000110000010... 93           0.0055375133
    1: 1111001011101110000000001011000110100010... 91           0.0055022285
    2: 1111111011101100000000001011000110100010... 89           0.0054939941
    3: 1111101011101110000000011011000110000010... 93           0.0055160702
    4: 1111101011101100000000011011000110100010... 91           0.0055137544
    5: 1111001011101100000000001011000110100010... 89           0.0055480898
    6: 1111001011101110000000001011000110100000... 97           0.0056686867
    7: 1111001011001110000000001011000110100010... 98           0.0054844486
    8: 1111101011001110000000001011000110000010... 94           0.0054686521
    9: 1111001011101110000000001011000110100010... 90           0.0054572248

Pickling population to: genetic_alg_settings_population_end.pkl

Hall of Fame:
Index: Selected                                    #Selected    CV          
----------------------------------------------------------------------------------------------------
    0: 1111001011101110000000001011000110100010... 95           0.005387378 
    1: 1111001011101010000000001011000110100010... 95           0.0054458848
    2: 1111001011101110000000001011000110100010... 95           0.0054459227
    3: 1111101011101110000000001011000110000010... 90           0.0054492111
    4: 1111010011101110000010011011001111100010... 99           0.0054502552
    5: 1111101011101100000000011011000110100010... 89           0.0054568221
    6: 1111001011101110000000001011000110100010... 90           0.0054572248
    7: 1111001011001110000000001011000110100010... 100          0.0054589056
    8: 1111101011001110000000001011000110000010... 94           0.0054686521
    9: 1111001011101110000000001011000110100010... 94           0.0054719077

Pickling Hall of Fame to: genetic_alg_settings_evolve_halloffame.pkl
Begin 8 of 20 repetitions
Begin 20 generations
gen	nevals	avg       	std        	min       	max       
0  	0     	0.00551907	5.66415e-05	0.00545722	0.00566869
1  	10    	0.00552361	0.000150293	0.005323  	0.00589681
2  	10    	0.00558948	0.000185449	0.00542235	0.00608271
3  	10    	0.00551485	0.000168722	0.00531092	0.00594533
4  	10    	0.00554512	0.000202508	0.00536694	0.0061119 
5  	10    	0.00550335	8.42257e-05	0.00540491	0.00564435
6  	10    	0.00562338	0.000302224	0.00533368	0.00626886
7  	10    	0.0054407 	6.63826e-05	0.00534984	0.00554419
8  	10    	0.00549892	0.000114138	0.00538177	0.00581204
9  	10    	0.00549018	6.81808e-05	0.00541688	0.00565417
10 	10    	0.00564653	0.000239959	0.0054015 	0.00611533
11 	10    	0.0054654 	3.12887e-05	0.00540889	0.00552789
12 	10    	0.00556161	0.000142768	0.00534169	0.00580646
13 	10    	0.0055635 	0.000107997	0.0054317 	0.0058309 
14 	10    	0.00550052	0.000113944	0.00531515	0.0057455 
15 	10    	0.00563313	0.000237366	0.00536733	0.0061884 
16 	10    	0.00561085	0.000157425	0.00533954	0.00587099
17 	10    	0.00567656	0.000309147	0.00533631	0.00650223
18 	10    	0.00558471	0.000131086	0.00545875	0.0058511 
19 	10    	0.00556983	0.000114584	0.00539634	0.00585883
20 	10    	0.00590211	0.000615236	0.00537683	0.0075475 
Runtime: 5.736875860002328 (s)


Final population:
Index: Selected                                    #Selected    CV          
----------------------------------------------------------------------------------------------------
    0: 1111111011101110000000011011010110000010... 99           0.0055286099
    1: 1110101111101110000000011011010110000010... 100          0.0059135052
    2: 1111111011101110000000011011010110000010... 99           0.0053768304
    3: 1111111011101110000000011011010110000010... 100          0.0054798545
    4: 1111111111101110000000011011110110000010... 98           0.005466054 
    5: 1110101011101110000000011011010110000010... 100          0.0061705178
    6: 1110111111101110000000011011100010000010... 100          0.0075474959
    7: 1111101011100110000000001011010110000010... 95           0.0056863093
    8: 1110111011101110000000011011010110000010... 99           0.0062209988
    9: 1111111011101010000000011001010110000010... 99           0.0056308911

Pickling population to: genetic_alg_settings_population_end.pkl

Hall of Fame:
Index: Selected                                    #Selected    CV          
----------------------------------------------------------------------------------------------------
    0: 1111001011101110000100011011000110100010... 93           0.0053109221
    1: 1111001011101110000000011011010110000010... 96           0.0053151463
    2: 1111101011101110000001001011000110100010... 88           0.0053229971
    3: 1111001111101110000100011011000110000010... 94           0.0053336805
    4: 1111011111101110000000011010010110000010... 97           0.0053363073
    5: 1111011111101110000000011011010110000010... 100          0.0053395399
    6: 1111101011101110000000001011010110000010... 98           0.0053416934
    7: 1111001111101110000100011011000110000010... 99           0.005349836 
    8: 1111001011001110000000011011000110100010... 95           0.0053669354
    9: 1111101011101110000000011011010110001010... 96           0.00536733  

Pickling Hall of Fame to: genetic_alg_settings_evolve_halloffame.pkl
Begin 9 of 20 repetitions
Begin 20 generations
gen	nevals	avg       	std        	min       	max      
0  	0     	0.00590211	0.000615236	0.00537683	0.0075475
1  	10    	0.00566995	0.00018873 	0.00548275	0.00615295
2  	10    	0.00554986	0.000103481	0.0053892 	0.0057949 
3  	10    	0.00575913	0.000375993	0.00538319	0.00667724
4  	10    	0.00559314	0.000154861	0.00539217	0.00589979
5  	10    	0.00569691	0.000181513	0.00541086	0.0060896 
6  	10    	0.00564423	0.000370678	0.00534005	0.00671787
7  	10    	0.0056106 	0.000172357	0.0054412 	0.00606253
8  	10    	0.0055814 	0.000145223	0.0054126 	0.00588701
9  	10    	0.00552789	0.000127094	0.00538581	0.00580955
10 	10    	0.00548744	0.000109918	0.00530741	0.00566675
11 	10    	0.00544544	7.46211e-05	0.00529022	0.00557502
12 	10    	0.005507  	0.000163736	0.00531104	0.00586083
13 	10    	0.00566517	0.000321539	0.00537551	0.006352  
14 	10    	0.00559103	0.000230858	0.00539194	0.00622751
15 	10    	0.00560682	0.000241857	0.00539879	0.00628878
16 	10    	0.00558261	0.000186774	0.00535427	0.00592034
17 	10    	0.00554464	7.80928e-05	0.00542002	0.0056602 
18 	10    	0.00569456	0.000332806	0.00541386	0.00658007
19 	10    	0.00579814	0.000362301	0.00552407	0.00684661
20 	10    	0.00587545	0.000222981	0.00558979	0.00628079
Runtime: 5.769989996999357 (s)


Final population:
Index: Selected                                    #Selected    CV          
----------------------------------------------------------------------------------------------------
    0: 1111111011101110010010011011010110000010... 99           0.0060398201
    1: 1111011000101110010100011011010110000010... 98           0.0056718478
    2: 1111011010101110010110011011010110000010... 100          0.0059373756
    3: 1111111011101110010110011011010110000010... 98           0.0057337404
    4: 1111111000101110010000011011010110000010... 100          0.0056071596
    5: 1111111000101110010000011011010100000010... 97           0.0057883999
    6: 1111111000111110010010011011011110000010... 100          0.005962064 
    7: 1111111010101110010100011011010110000010... 100          0.0055897885
    8: 1111101010101110010000011011010010000010... 95           0.0061435104
    9: 1111111000101110010100011001010110100010... 100          0.0062807907

Pickling population to: genetic_alg_settings_population_end.pkl

Hall of Fame:
Index: Selected                                    #Selected    CV          
----------------------------------------------------------------------------------------------------
    0: 1111111111101110000000011011010110000010... 97           0.0052902153
    1: 1111111011001110000000011011010110000010... 97           0.0053074084
    2: 1111001011101110000100011011000110100010... 93           0.0053109221
    3: 1111111111101110100000011011010110000010... 100          0.005311041 
    4: 1111001011101110000000011011010110000010... 96           0.0053151463
    5: 1111101011101110000001001011000110100010... 88           0.0053229971
    6: 1111111011101110000000011011010110000110... 97           0.005333186 
    7: 1111001111101110000100011011000110000010... 94           0.0053336805
    8: 1111011111101110000000011010010110000010... 97           0.0053363073
    9: 1111011111101110000000011011010110000010... 100          0.0053395399

Pickling Hall of Fame to: genetic_alg_settings_evolve_halloffame.pkl
Begin 10 of 20 repetitions
Begin 20 generations
gen	nevals	avg       	std        	min       	max       
0  	0     	0.00587545	0.000222981	0.00558979	0.00628079
1  	10    	0.00597045	0.000360121	0.00562487	0.00688943
2  	10    	0.00586796	0.000160126	0.00563619	0.00613692
3  	10    	0.00582063	0.000161568	0.00560333	0.00606677
4  	10    	0.00577861	0.000155553	0.00558915	0.00616572
5  	10    	0.00584611	0.000225476	0.00556529	0.00639576
6  	10    	0.00585998	0.000257152	0.00564798	0.00654859
7  	10    	0.0058615 	0.000237   	0.00561297	0.00643561
8  	10    	0.00578311	0.000121029	0.00563785	0.00601232
9  	10    	0.00581662	0.000290706	0.00554916	0.00660135
10 	10    	0.00578892	0.000202024	0.00561171	0.0061914 
11 	10    	0.00575046	0.000170282	0.00547017	0.0060928 
12 	10    	0.00569425	0.000112849	0.00549382	0.00594843
13 	10    	0.00582259	0.000230313	0.00552801	0.0063204 
14 	10    	0.00581457	0.000260892	0.00564076	0.00656431
15 	10    	0.00591563	0.000275134	0.00555047	0.00638379
16 	10    	0.00576815	0.000132522	0.00559151	0.00602833
17 	10    	0.00579534	8.93513e-05	0.00562501	0.00590005
18 	10    	0.00569526	8.83389e-05	0.00555353	0.00587041
19 	10    	0.00579722	0.000172665	0.0055378 	0.00623548
20 	10    	0.00577652	8.37517e-05	0.00566449	0.00591   
Runtime: 5.809479240997462 (s)


Final population:
Index: Selected                                    #Selected    CV          
----------------------------------------------------------------------------------------------------
    0: 1111001000001000000110011011010110000010... 97           0.0056676846
    1: 1111101010001000000110011011010110000010... 98           0.0057337762
    2: 1111111000001000000110011011010110000010... 95           0.005664488 
    3: 1111101000001100000110011011010110000010... 100          0.0058493447
    4: 1111101000001100000110011011010110000010... 100          0.0057261497
    5: 1111111000001000000110011011010110000010... 97           0.0057255993
    6: 1111101010001000000110011011010110000010... 100          0.0059099984
    7: 1111101000001000000110011011010110000010... 98           0.0057989246
    8: 1111111000001100000110011011010110100010... 99           0.0057903407
    9: 1111111000001100000110011011010110000010... 100          0.005898901 

Pickling population to: genetic_alg_settings_population_end.pkl

Hall of Fame:
Index: Selected                                    #Selected    CV          
----------------------------------------------------------------------------------------------------
    0: 1111111111101110000000011011010110000010... 97           0.0052902153
    1: 1111111011001110000000011011010110000010... 97           0.0053074084
    2: 1111001011101110000100011011000110100010... 93           0.0053109221
    3: 1111111111101110100000011011010110000010... 100          0.005311041 
    4: 1111001011101110000000011011010110000010... 96           0.0053151463
    5: 1111101011101110000001001011000110100010... 88           0.0053229971
    6: 1111111011101110000000011011010110000110... 97           0.005333186 
    7: 1111001111101110000100011011000110000010... 94           0.0053336805
    8: 1111011111101110000000011010010110000010... 97           0.0053363073
    9: 1111011111101110000000011011010110000010... 100          0.0053395399

Pickling Hall of Fame to: genetic_alg_settings_evolve_halloffame.pkl
Begin 11 of 20 repetitions
Begin 20 generations
gen	nevals	avg       	std        	min       	max    
0  	0     	0.00577652	8.37517e-05	0.00566449	0.00591
1  	10    	0.00581757	0.000147998	0.0056741 	0.0061512
2  	10    	0.00592968	0.000294211	0.00562797	0.00655383
3  	10    	0.00583743	0.000197002	0.00558842	0.00623114
4  	10    	0.00566884	9.57943e-05	0.00549844	0.00587951
5  	10    	0.00578694	0.000289666	0.00550523	0.00635318
6  	10    	0.00565186	0.000148743	0.00549338	0.00600263
7  	10    	0.00571515	0.000226319	0.00544507	0.00613732
8  	10    	0.00563115	6.47442e-05	0.00553579	0.00574686
9  	10    	0.00569472	0.00010918 	0.00552678	0.0059236 
10 	10    	0.00572208	0.000227126	0.00549685	0.00636933
11 	10    	0.00576558	0.000185205	0.00548324	0.00609552
12 	10    	0.00582686	0.000355215	0.00555081	0.00677496
13 	10    	0.00575852	0.00025121 	0.00545712	0.00635657
14 	10    	0.00577546	0.000297468	0.00554566	0.0065936 
15 	10    	0.00573309	0.000154387	0.00552712	0.00597137
16 	10    	0.0057601 	0.000254107	0.00556978	0.00648426
17 	10    	0.00579601	0.000551587	0.00548916	0.00742453
18 	10    	0.00565939	0.000129444	0.00544243	0.00591384
19 	10    	0.00572764	0.000232022	0.00539625	0.00626159
20 	10    	0.0058135 	0.000258428	0.00547728	0.00626979
Runtime: 5.775710426001751 (s)


Final population:
Index: Selected                                    #Selected    CV          
----------------------------------------------------------------------------------------------------
    0: 1111101110001000000010011011010111110010... 97           0.0056485115
    1: 1111101110001000000010111001000011100010... 100          0.006269791 
    2: 1111101110001000000010011011000111110010... 100          0.0057538379
    3: 1111101110001000000010011111000111110010... 98           0.0058366879
    4: 1111101110001000000010011011010110110010... 98           0.0056238128
    5: 1111101110001000000010111011000111000010... 94           0.005709743 
    6: 1111101110001000000010111011000111110010... 100          0.0055586045
    7: 1111101110001000000010011011000111010011... 100          0.0061799018
    8: 1111101110001000000010111011000101110010... 97           0.0060767859
    9: 1111101110001000000010011011010111000010... 100          0.0054772819

Pickling population to: genetic_alg_settings_population_end.pkl

Hall of Fame:
Index: Selected                                    #Selected    CV          
----------------------------------------------------------------------------------------------------
    0: 1111111111101110000000011011010110000010... 97           0.0052902153
    1: 1111111011001110000000011011010110000010... 97           0.0053074084
    2: 1111001011101110000100011011000110100010... 93           0.0053109221
    3: 1111111111101110100000011011010110000010... 100          0.005311041 
    4: 1111001011101110000000011011010110000010... 96           0.0053151463
    5: 1111101011101110000001001011000110100010... 88           0.0053229971
    6: 1111111011101110000000011011010110000110... 97           0.005333186 
    7: 1111001111101110000100011011000110000010... 94           0.0053336805
    8: 1111011111101110000000011010010110000010... 97           0.0053363073
    9: 1111011111101110000000011011010110000010... 100          0.0053395399

Pickling Hall of Fame to: genetic_alg_settings_evolve_halloffame.pkl
Begin 12 of 20 repetitions
Begin 20 generations
gen	nevals	avg      	std        	min       	max       
0  	0     	0.0058135	0.000258428	0.00547728	0.00626979
1  	10    	0.00573484	0.000213436	0.00559532	0.0063455 
2  	10    	0.00561985	0.000159516	0.00546149	0.00603627
3  	10    	0.00568329	0.00014834 	0.00549226	0.0060036 
4  	10    	0.00563637	0.000188398	0.00544805	0.00600863
5  	10    	0.00568871	0.000205116	0.00545824	0.00618984
6  	10    	0.00556927	0.000102378	0.00541357	0.0057501 
7  	10    	0.00557997	0.000124133	0.00543126	0.00589478
8  	10    	0.00560036	0.000190648	0.00537063	0.00610428
9  	10    	0.00563366	0.000159418	0.0054296 	0.00597123
10 	10    	0.00562175	0.000141467	0.00538847	0.00588003
11 	10    	0.0055691 	8.47438e-05	0.00539719	0.00569115
12 	10    	0.00556314	0.000190389	0.00536868	0.00604913
13 	10    	0.00553386	8.61539e-05	0.00541269	0.00568896
14 	10    	0.00557834	0.000176573	0.00538175	0.00602734
15 	10    	0.00569988	0.000209384	0.00550381	0.00613858
16 	10    	0.00561603	8.86857e-05	0.00544701	0.00573655
17 	10    	0.00568277	0.000200634	0.00546766	0.00611492
18 	10    	0.00585194	0.000420798	0.00552785	0.00677626
19 	10    	0.00562623	4.32436e-05	0.00556365	0.00570453
20 	10    	0.00562369	9.11427e-05	0.00549546	0.00576753
Runtime: 5.77899984999749 (s)


Final population:
Index: Selected                                    #Selected    CV          
----------------------------------------------------------------------------------------------------
    0: 1111111110001000000010111010000101010010... 97           0.0057487489
    1: 1111111110001000000010111010000101010110... 99           0.0055761324
    2: 1111110111001000000010111111000101010010... 100          0.0056526252
    3: 1111100111001000000010111111000101010010... 99           0.0056483813
    4: 1111110110001000000000111011000101010010... 100          0.0055981829
    5: 1111110111001000000011111011000111010010... 100          0.0055051376
    6: 1111110110001000000010111011000101010010... 95           0.0054954595
    7: 1111110111001000000000111111000101010010... 99           0.0057675331
    8: 1111111110001000000010111010000101010010... 96           0.0056994105
    9: 1111111110001000000011111110000101010010... 98           0.0055452758

Pickling population to: genetic_alg_settings_population_end.pkl

Hall of Fame:
Index: Selected                                    #Selected    CV          
----------------------------------------------------------------------------------------------------
    0: 1111111111101110000000011011010110000010... 97           0.0052902153
    1: 1111111011001110000000011011010110000010... 97           0.0053074084
    2: 1111001011101110000100011011000110100010... 93           0.0053109221
    3: 1111111111101110100000011011010110000010... 100          0.005311041 
    4: 1111001011101110000000011011010110000010... 96           0.0053151463
    5: 1111101011101110000001001011000110100010... 88           0.0053229971
    6: 1111111011101110000000011011010110000110... 97           0.005333186 
    7: 1111001111101110000100011011000110000010... 94           0.0053336805
    8: 1111011111101110000000011010010110000010... 97           0.0053363073
    9: 1111011111101110000000011011010110000010... 100          0.0053395399

Pickling Hall of Fame to: genetic_alg_settings_evolve_halloffame.pkl
Begin 13 of 20 repetitions
Begin 20 generations
gen	nevals	avg       	std        	min       	max       
0  	0     	0.00562369	9.11427e-05	0.00549546	0.00576753
1  	10    	0.00568859	0.000132499	0.00551558	0.00593874
2  	10    	0.00564472	0.000134463	0.00548394	0.00592232
3  	10    	0.00558681	6.53225e-05	0.00549456	0.00569442
4  	10    	0.00570548	0.00030016 	0.00550117	0.00659051
5  	10    	0.00560422	9.3297e-05 	0.00542539	0.00578297
6  	10    	0.00567602	0.000153396	0.00547145	0.00606518
7  	10    	0.00566424	0.000138507	0.00547098	0.00602166
8  	10    	0.00574825	0.000274755	0.00553926	0.00651598
9  	10    	0.00562447	0.000100864	0.00551846	0.00576347
10 	10    	0.00566806	0.000200435	0.00543702	0.00616057
11 	10    	0.00562443	0.00012949 	0.00541079	0.00588068
12 	10    	0.00573772	0.000300041	0.00546265	0.00646242
13 	10    	0.00563408	0.00012487 	0.00542554	0.00593374
14 	10    	0.00574277	0.000304727	0.00550192	0.0065948 
15 	10    	0.00577497	0.000346134	0.00556865	0.00678359
16 	10    	0.00581933	0.000297711	0.00555639	0.00643676
17 	10    	0.00580308	0.000297983	0.00541557	0.00643256
18 	10    	0.00604977	0.000680137	0.00551098	0.00744831
19 	10    	0.00577921	0.0001781  	0.0055639 	0.00622322
20 	10    	0.00568958	0.000139847	0.00548857	0.00593829
Runtime: 5.759711566999613 (s)


Final population:
Index: Selected                                    #Selected    CV          
----------------------------------------------------------------------------------------------------
    0: 1111010111001010010010111110000111010011... 95           0.0055452993
    1: 1111010111001010010010111110000111010010... 94           0.0054885697
    2: 1111010010001110110010111110010111010010... 98           0.0057611268
    3: 1111110110001110011010111110000101010010... 96           0.0057355055
    4: 1111110110001110011010111110010111010010... 91           0.0059382896
    5: 1111110110001110011010111110010111010010... 97           0.0056266568
    6: 1111110010001010010011111010000111110010... 98           0.0057297278
    7: 1111010110001110010010111110000101010010... 97           0.0058633026
    8: 1111110110001010010010111010000111010010... 97           0.0055177855
    9: 1111110110001010010010111010000111010010... 96           0.0056895636

Pickling population to: genetic_alg_settings_population_end.pkl

Hall of Fame:
Index: Selected                                    #Selected    CV          
----------------------------------------------------------------------------------------------------
    0: 1111111111101110000000011011010110000010... 97           0.0052902153
    1: 1111111011001110000000011011010110000010... 97           0.0053074084
    2: 1111001011101110000100011011000110100010... 93           0.0053109221
    3: 1111111111101110100000011011010110000010... 100          0.005311041 
    4: 1111001011101110000000011011010110000010... 96           0.0053151463
    5: 1111101011101110000001001011000110100010... 88           0.0053229971
    6: 1111111011101110000000011011010110000110... 97           0.005333186 
    7: 1111001111101110000100011011000110000010... 94           0.0053336805
    8: 1111011111101110000000011010010110000010... 97           0.0053363073
    9: 1111011111101110000000011011010110000010... 100          0.0053395399

Pickling Hall of Fame to: genetic_alg_settings_evolve_halloffame.pkl
Begin 14 of 20 repetitions
Begin 20 generations
gen	nevals	avg       	std        	min       	max       
0  	0     	0.00568958	0.000139847	0.00548857	0.00593829
1  	10    	0.00573623	0.000240653	0.00544506	0.00617977
2  	10    	0.00568566	0.000233448	0.00543897	0.00628064
3  	10    	0.00562672	0.000116992	0.00544498	0.00583804
4  	10    	0.00571662	0.000183283	0.00538959	0.00600838
5  	10    	0.00570011	0.000186881	0.00544314	0.00617784
6  	10    	0.00573985	0.000251802	0.00538126	0.00628018
7  	10    	0.00576507	0.000346024	0.00537718	0.0066511 
8  	10    	0.00559712	0.00016652 	0.00542148	0.00606048
9  	10    	0.00567545	0.000362211	0.0055013 	0.00675277
10 	10    	0.00562916	8.71753e-05	0.0055121 	0.00583508
11 	10    	0.00561536	0.000144544	0.00532579	0.00580243
12 	10    	0.00560351	0.000269575	0.00537207	0.00637378
13 	10    	0.00554282	0.000230934	0.00528707	0.00617572
14 	10    	0.00562143	0.000217871	0.00536005	0.00616704
15 	10    	0.00548716	0.000113915	0.00535957	0.00578693
16 	10    	0.00543757	9.74366e-05	0.00526749	0.00566456
17 	10    	0.00548855	0.000193934	0.00530749	0.00603278
18 	10    	0.00556453	0.000127446	0.00540605	0.00580272
19 	10    	0.00554758	0.000179608	0.00537204	0.00603655
20 	10    	0.00555823	0.000202613	0.00534002	0.00596683
Runtime: 5.757008559001406 (s)


Final population:
Index: Selected                                    #Selected    CV          
----------------------------------------------------------------------------------------------------
    0: 1111010110101110010010101110000110010010... 99           0.0053695593
    1: 1111010110001110010010101011000111010010... 98           0.0054389352
    2: 1111010010001111010010101110000111010010... 100          0.0054381844
    3: 1111010110101110000010101110000111010010... 98           0.0055253636
    4: 1111010010001010010010101111000010010010... 100          0.0056519233
    5: 1111010110001110010010100111000110110010... 100          0.0058893077
    6: 1111010110101110010010101110000111010010... 100          0.0053400211
    7: 1111010110001110010010100110000111010010... 100          0.0059668304
    8: 1111010110001110010010101111000111011010... 100          0.0054681742
    9: 1111010110001110010000101110000100010010... 96           0.0054939606

Pickling population to: genetic_alg_settings_population_end.pkl

Hall of Fame:
Index: Selected                                    #Selected    CV          
----------------------------------------------------------------------------------------------------
    0: 1111110110001110010010101110000111010010... 99           0.0052674856
    1: 1111010110001110010010101110001111010010... 94           0.0052870736
    2: 1111111111101110000000011011010110000010... 97           0.0052902153
    3: 1111111011001110000000011011010110000010... 97           0.0053074084
    4: 1111010110001110010010101110000111010010... 100          0.0053074938
    5: 1111001011101110000100011011000110100010... 93           0.0053109221
    6: 1111111111101110100000011011010110000010... 100          0.005311041 
    7: 1111001011101110000000011011010110000010... 96           0.0053151463
    8: 1111010110001110010010101110000111010010... 100          0.0053208732
    9: 1111101011101110000001001011000110100010... 88           0.0053229971

Pickling Hall of Fame to: genetic_alg_settings_evolve_halloffame.pkl
Begin 15 of 20 repetitions
Begin 20 generations
gen	nevals	avg       	std        	min       	max       
0  	0     	0.00555823	0.000202613	0.00534002	0.00596683
1  	10    	0.00563075	0.000240341	0.0054542 	0.00628449
2  	10    	0.00573883	0.000350172	0.00539676	0.00633232
3  	10    	0.0056845 	0.000282222	0.00545633	0.00634401
4  	10    	0.00561914	0.000219046	0.00532864	0.00617146
5  	10    	0.00558876	0.000152721	0.00537858	0.00588827
6  	10    	0.00553447	0.000136738	0.00533603	0.0057803 
7  	10    	0.00559965	0.000270977	0.00538786	0.00637279
8  	10    	0.00548759	0.000113193	0.00532985	0.0056553 
9  	10    	0.00549957	0.00022743 	0.00529737	0.00615373
10 	10    	0.0055138 	0.000136942	0.00533712	0.0057503 
11 	10    	0.00554571	0.000190253	0.00535014	0.0060103 
12 	10    	0.00556688	0.000128918	0.00541651	0.00590201
13 	10    	0.00560655	0.000164558	0.00531055	0.00592905
14 	10    	0.00547015	9.39443e-05	0.00533854	0.00563561
15 	10    	0.00550024	0.000193143	0.00528618	0.00595459
16 	10    	0.00554421	0.000137507	0.00536679	0.00585879
17 	10    	0.00561802	0.000185574	0.00541962	0.00603908
18 	10    	0.00563956	0.000177267	0.00543252	0.00602889
19 	10    	0.00569501	0.000212282	0.00546815	0.0062271 
20 	10    	0.00578247	0.000169042	0.00548505	0.00605999
Runtime: 5.7431651539991435 (s)


Final population:
Index: Selected                                    #Selected    CV          
----------------------------------------------------------------------------------------------------
    0: 1111011010001110110010111110000111001010... 93           0.0057238411
    1: 1111011010001110110010111110000111011010... 97           0.0054850511
    2: 1111011110001110110010101110001111011000... 100          0.0054998077
    3: 1111011010001110010010111110000111011010... 100          0.0058451104
    4: 1111011110001110110010101110000111011010... 93           0.0058069617
    5: 1111011110001110110010101110001011011010... 99           0.0058836086
    6: 1111011110001110110010111110000011011010... 100          0.0060599902
    7: 1111011000001110010010101110001111010110... 96           0.0059082689
    8: 1111011110001110110010111110001111011010... 100          0.0058572756
    9: 1111011010001110010010111110000110011110... 92           0.0057547825

Pickling population to: genetic_alg_settings_population_end.pkl

Hall of Fame:
Index: Selected                                    #Selected    CV          
----------------------------------------------------------------------------------------------------
    0: 1111110110001110010010101110000111010010... 99           0.0052674856
    1: 1111011110001110000010101110000111011010... 98           0.0052861836
    2: 1111010110001110010010101110001111010010... 94           0.0052870736
    3: 1111111111101110000000011011010110000010... 97           0.0052902153
    4: 1111011110111110010010101110000111011010... 99           0.0052973703
    5: 1111111011001110000000011011010110000010... 97           0.0053074084
    6: 1111010110001110010010101110000111010010... 100          0.0053074938
    7: 1111011110001110010010101110000111011010... 100          0.0053105533
    8: 1111001011101110000100011011000110100010... 93           0.0053109221
    9: 1111111111101110100000011011010110000010... 100          0.005311041 

Pickling Hall of Fame to: genetic_alg_settings_evolve_halloffame.pkl
Begin 16 of 20 repetitions
Begin 20 generations
gen	nevals	avg       	std        	min       	max       
0  	0     	0.00578247	0.000169042	0.00548505	0.00605999
1  	10    	0.00569545	0.000115864	0.00551492	0.00596714
2  	10    	0.00565592	0.000116472	0.00542527	0.00583586
3  	10    	0.00569364	9.86169e-05	0.00551973	0.00585711
4  	10    	0.00582849	0.000279853	0.00542383	0.00647409
5  	10    	0.00576251	0.00011169 	0.00559362	0.00594464
6  	10    	0.00571712	0.000109401	0.00549703	0.00586616
7  	10    	0.00565336	0.000127503	0.00552319	0.00588098
8  	10    	0.00566035	0.000101682	0.00546592	0.00580697
9  	10    	0.00556885	0.000120005	0.00540332	0.00581119
10 	10    	0.00563698	0.000264932	0.00532813	0.00638604
11 	10    	0.00553643	0.000123652	0.00532834	0.00577297
12 	10    	0.00546827	0.000153336	0.00531479	0.00586735
13 	10    	0.00541642	5.82543e-05	0.00532444	0.00552775
14 	10    	0.005414  	8.94243e-05	0.00527635	0.00553157
15 	10    	0.0054625 	0.000221406	0.00530149	0.00610657
16 	10    	0.00548307	0.00034936 	0.00526236	0.00644812
17 	10    	0.00539354	0.000125228	0.00524242	0.00572885
18 	10    	0.00549834	0.000186195	0.0053062 	0.00590197
19 	10    	0.00546911	0.000168477	0.00532012	0.00588183
20 	10    	0.00542638	8.84073e-05	0.00529973	0.00559198
Runtime: 5.750550233002286 (s)


Final population:
Index: Selected                                    #Selected    CV          
----------------------------------------------------------------------------------------------------
    0: 1111011111001110110010001010001110010110... 98           0.0054199285
    1: 1111111111001110110010011010001110011010... 100          0.0054122966
    2: 1111111111001110110010011010001110010010... 100          0.0055010257
    3: 1111011111001110110010001010001110011110... 97           0.0054853378
    4: 1111111111001110010010011010001110010110... 99           0.0052997256
    5: 1111111111001110110010011010001110011110... 99           0.0053249384
    6: 1111111111001110110010011010001110010110... 100          0.0055070175
    7: 1111011111001110110010011010001110010110... 97           0.005361381 
    8: 1111011111001110110010011010001110010110... 100          0.0055919841
    9: 1111011111001110110010001010001110011010... 94           0.0053601474

Pickling population to: genetic_alg_settings_population_end.pkl

Hall of Fame:
Index: Selected                                    #Selected    CV          
----------------------------------------------------------------------------------------------------
    0: 1111111111001110110010011010001110011110... 97           0.0052424215
    1: 1111111111001110110010001010001110011010... 97           0.0052623604
    2: 1111110110001110010010101110000111010010... 99           0.0052674856
    3: 1111111111011110110010001010001110011010... 100          0.0052763486
    4: 1111011110001110000010101110000111011010... 98           0.0052861836
    5: 1111010110001110010010101110001111010010... 94           0.0052870736
    6: 1111111111101110000000011011010110000010... 97           0.0052902153
    7: 1111011111011110110010011010001110001110... 100          0.0052957752
    8: 1111011110111110010010101110000111011010... 99           0.0052973703
    9: 1111111111001110110010011010001110011010... 97           0.0052979899

Pickling Hall of Fame to: genetic_alg_settings_evolve_halloffame.pkl
Begin 17 of 20 repetitions
Begin 20 generations
gen	nevals	avg       	std        	min       	max       
0  	0     	0.00542638	8.84073e-05	0.00529973	0.00559198
1  	10    	0.00545302	0.000115756	0.00520861	0.00565454
2  	10    	0.00541937	0.000151909	0.00522178	0.00580154
3  	10    	0.0054312 	5.97551e-05	0.00532433	0.00549299
4  	10    	0.00547141	0.000120499	0.00528047	0.00577278
5  	10    	0.00541982	8.10636e-05	0.00526817	0.00551417
6  	10    	0.00545744	0.000102616	0.0053334 	0.00570338
7  	10    	0.00550704	0.000257352	0.00527658	0.00624372
8  	10    	0.00554378	0.000258111	0.00532406	0.0062486 
9  	10    	0.00553551	0.000102514	0.0053432 	0.00573174
10 	10    	0.00556868	0.000118934	0.00538925	0.00582836
11 	10    	0.00554565	0.000254846	0.00532197	0.00607101
12 	10    	0.00555962	0.000216114	0.00533823	0.0060948 
13 	10    	0.00539962	6.41276e-05	0.00528337	0.00546261
14 	10    	0.00543817	0.000117219	0.00524797	0.00564668
15 	10    	0.00554636	0.000216868	0.00535096	0.00614484
16 	10    	0.00545447	7.68357e-05	0.00536834	0.00565357
17 	10    	0.00546684	9.38521e-05	0.00529304	0.00562916
18 	10    	0.00559428	0.000203972	0.00531311	0.0059791 
19 	10    	0.00541419	6.4872e-05 	0.00529525	0.00551033
20 	10    	0.0054911 	0.000150611	0.00536216	0.00588454
Runtime: 5.767986201997701 (s)


Final population:
Index: Selected                                    #Selected    CV          
----------------------------------------------------------------------------------------------------
    0: 1111111111001010010010001010100110110110... 100          0.0056376007
    1: 1111110111001010010010001010100010110110... 96           0.0058845366
    2: 1111111111001010010010001010100110110110... 100          0.0054162792
    3: 1111111111001010010010001010100110110110... 99           0.0053621579
    4: 1111110111001010010010001010100110110110... 98           0.0054609488
    5: 1111110111001010010010001010100110110110... 100          0.0054299506
    6: 1111111111001010010000001010100110111110... 100          0.005405359 
    7: 1111111111001010010010001010100110110110... 97           0.0055107076
    8: 1111110111001010010000001010100110111110... 100          0.0054014934
    9: 1111111111001010010010001010100110111110... 100          0.0054019695

Pickling population to: genetic_alg_settings_population_end.pkl

Hall of Fame:
Index: Selected                                    #Selected    CV          
----------------------------------------------------------------------------------------------------
    0: 1111011111001110010010011010001110010110... 97           0.0052086086
    1: 1111111111001110010010001010001110010110... 98           0.005221784 
    2: 1111111111001110110010011010001110011110... 97           0.0052424215
    3: 1111011111001110010010001010100110010110... 93           0.0052479717
    4: 1111111111001110110010001010001110011010... 97           0.0052623604
    5: 1111110110001110010010101110000111010010... 99           0.0052674856
    6: 1111111111001110010010001010001110010110... 97           0.005268174 
    7: 1111111111011110110010001010001110011010... 100          0.0052763486
    8: 1111011111001110010010001010101110010110... 97           0.0052765809
    9: 1111011111001110010010001010101110010110... 100          0.0052781996

Pickling Hall of Fame to: genetic_alg_settings_evolve_halloffame.pkl
Begin 18 of 20 repetitions
Begin 20 generations
gen	nevals	avg      	std        	min       	max       
0  	0     	0.0054911	0.000150611	0.00536216	0.00588454
1  	10    	0.00554751	0.000130385	0.005424  	0.00578104
2  	10    	0.00560385	0.000110614	0.0053665 	0.00574139
3  	10    	0.00557402	0.000227137	0.00536366	0.00619205
4  	10    	0.00563879	0.000247337	0.00539385	0.00616004
5  	10    	0.00562702	0.000173169	0.00542625	0.00600549
6  	10    	0.00565576	0.000214492	0.00540721	0.0060862 
7  	10    	0.00562469	0.000145999	0.00538649	0.00584318
8  	10    	0.00567232	0.000278648	0.00543161	0.0062928 
9  	10    	0.00556727	9.25233e-05	0.00542517	0.00571286
10 	10    	0.00553543	0.000116848	0.00542413	0.00580353
11 	10    	0.00562155	0.000239106	0.00539124	0.00620343
12 	10    	0.0055296 	8.52511e-05	0.00541711	0.00566818
13 	10    	0.0057413 	0.000386615	0.0054221 	0.00651395
14 	10    	0.00558305	0.000139337	0.00538602	0.00582361
15 	10    	0.00555344	0.000185605	0.00537709	0.00601839
16 	10    	0.00553503	0.000101541	0.00543092	0.00577005
17 	10    	0.00552745	0.000100837	0.00538733	0.0056603 
18 	10    	0.00552598	0.000158104	0.00534145	0.0058889 
19 	10    	0.00552027	0.000126659	0.00533986	0.00574254
20 	10    	0.0054711 	0.000107964	0.00531978	0.00562035
Runtime: 5.768803962000675 (s)


Final population:
Index: Selected                                    #Selected    CV          
----------------------------------------------------------------------------------------------------
    0: 1111110101011011000010001010101100001010... 99           0.0056172752
    1: 1111111111001011000010001110101101101010... 100          0.0056203509
    2: 1111110111001011000010001010101100101010... 97           0.005406303 
    3: 1111111111001011000010001010101100101010... 97           0.0053197766
    4: 1111110111101011000010011110101100101010... 100          0.0055752523
    5: 1111110111101011000010011110101100101010... 100          0.0054598077
    6: 1111111111001011000000001110101100101010... 97           0.005520264 
    7: 1111110111001011000010001010101100001010... 94           0.0054997041
    8: 1111110111101011000010011110100100001010... 98           0.0053324095
    9: 1111111111001011000010001110101100100010... 100          0.005359852 

Pickling population to: genetic_alg_settings_population_end.pkl

Hall of Fame:
Index: Selected                                    #Selected    CV          
----------------------------------------------------------------------------------------------------
    0: 1111011111001110010010011010001110010110... 97           0.0052086086
    1: 1111111111001110010010001010001110010110... 98           0.005221784 
    2: 1111111111001110110010011010001110011110... 97           0.0052424215
    3: 1111011111001110010010001010100110010110... 93           0.0052479717
    4: 1111111111001110110010001010001110011010... 97           0.0052623604
    5: 1111110110001110010010101110000111010010... 99           0.0052674856
    6: 1111111111001110010010001010001110010110... 97           0.005268174 
    7: 1111111111011110110010001010001110011010... 100          0.0052763486
    8: 1111011111001110010010001010101110010110... 97           0.0052765809
    9: 1111011111001110010010001010101110010110... 100          0.0052781996

Pickling Hall of Fame to: genetic_alg_settings_evolve_halloffame.pkl
Begin 19 of 20 repetitions
Begin 20 generations
gen	nevals	avg      	std        	min       	max       
0  	0     	0.0054711	0.000107964	0.00531978	0.00562035
1  	10    	0.00552283	0.000200025	0.00534506	0.00608217
2  	10    	0.00551022	9.94334e-05	0.00536548	0.00574893
3  	10    	0.00568114	0.000270428	0.00534184	0.0060976 
4  	10    	0.00548704	9.65264e-05	0.00533997	0.00562158
5  	10    	0.00546811	0.000101505	0.00532249	0.00568789
6  	10    	0.00549789	0.000219548	0.00527044	0.00602267
7  	10    	0.00552226	0.000194218	0.00530676	0.00603176
8  	10    	0.00550189	0.000149909	0.00537508	0.00593192
9  	10    	0.00554765	0.000136892	0.00535358	0.00575464
10 	10    	0.0055808 	0.000170737	0.00531646	0.00583635
11 	10    	0.00550801	0.00013392 	0.0053556 	0.00576861
12 	10    	0.00548968	0.000103131	0.0053645 	0.00571715
13 	10    	0.00546536	6.43449e-05	0.00536882	0.0055766 
14 	10    	0.00559396	0.000160591	0.00536688	0.00581598
15 	10    	0.00559586	8.97226e-05	0.0054498 	0.00575131
16 	10    	0.00563082	8.43974e-05	0.00548645	0.00577388
17 	10    	0.00564361	0.000134376	0.00545673	0.00599873
18 	10    	0.00569719	0.00024345 	0.00551576	0.00639462
19 	10    	0.00560893	8.57888e-05	0.00552833	0.00579969
20 	10    	0.00561681	9.36972e-05	0.00547506	0.00575208
Runtime: 5.768332760002522 (s)


Final population:
Index: Selected                                    #Selected    CV          
----------------------------------------------------------------------------------------------------
    0: 1111111111001010000010011110101101101010... 100          0.0055960581
    1: 1111111111001010000010011110101100101010... 98           0.0057223044
    2: 1111111111001010000000001010101100101010... 98           0.0055206209
    3: 1111111111001011000010011110101100100110... 99           0.0054750639
    4: 1111111111001011000010011010101100101000... 100          0.005667937 
    5: 1111111111001011000000011010101100100110... 97           0.005620451 
    6: 1111111111001010000010011110101100101010... 97           0.005475638 
    7: 1111111111001011000010001110101100101010... 100          0.0056861985
    8: 1111111111001011000000011110101100101110... 99           0.0056517129
    9: 1111111111001011000000011010101100101110... 99           0.0057520796

Pickling population to: genetic_alg_settings_population_end.pkl

Hall of Fame:
Index: Selected                                    #Selected    CV          
----------------------------------------------------------------------------------------------------
    0: 1111011111001110010010011010001110010110... 97           0.0052086086
    1: 1111111111001110010010001010001110010110... 98           0.005221784 
    2: 1111111111001110110010011010001110011110... 97           0.0052424215
    3: 1111011111001110010010001010100110010110... 93           0.0052479717
    4: 1111111111001110110010001010001110011010... 97           0.0052623604
    5: 1111110110001110010010101110000111010010... 99           0.0052674856
    6: 1111111111001110010010001010001110010110... 97           0.005268174 
    7: 1111110111101011000010011110101100101010... 99           0.0052704415
    8: 1111111111011110110010001010001110011010... 100          0.0052763486
    9: 1111011111001110010010001010101110010110... 97           0.0052765809

Pickling Hall of Fame to: genetic_alg_settings_evolve_halloffame.pkl
Begin 20 of 20 repetitions
Begin 20 generations
gen	nevals	avg       	std        	min       	max       
0  	0     	0.00561681	9.36972e-05	0.00547506	0.00575208
1  	10    	0.0057255 	0.000219497	0.00538532	0.0062061 
2  	10    	0.00568328	0.000156244	0.00549758	0.00597921
3  	10    	0.00574198	0.000302173	0.00538602	0.00641234
4  	10    	0.00552478	0.000122807	0.00534174	0.00575393
5  	10    	0.0056361 	0.000234324	0.0053694 	0.00626636
6  	10    	0.00560596	0.000188109	0.00537366	0.00600606
7  	10    	0.0056409 	0.000114722	0.005388  	0.00584778
8  	10    	0.00557562	8.76726e-05	0.00543991	0.00569237
9  	10    	0.00564139	9.55165e-05	0.00543647	0.0057921 
10 	10    	0.0056947 	9.92852e-05	0.00553523	0.0059231 
11 	10    	0.00562463	5.80173e-05	0.00554301	0.00572422
12 	10    	0.00573596	0.000130303	0.00548408	0.00596385
13 	10    	0.00561737	0.000140514	0.00540288	0.00585445
14 	10    	0.0056351 	0.000149312	0.00549335	0.00596557
15 	10    	0.0055614 	0.000101093	0.00543493	0.00578043
16 	10    	0.00559115	5.52347e-05	0.00543746	0.00564175
17 	10    	0.00562661	0.000198485	0.00550521	0.00621106
18 	10    	0.00556498	7.55332e-05	0.00542909	0.00569513
19 	10    	0.00556652	8.5907e-05 	0.00539074	0.00572646
20 	10    	0.00565029	0.000123062	0.0054766 	0.00588214
Runtime: 5.771923327996774 (s)


Final population:
Index: Selected                                    #Selected    CV          
----------------------------------------------------------------------------------------------------
    0: 1111011110000010010000011010101100101110... 97           0.0056057353
    1: 1111011111001010000000011010101100101110... 96           0.0057023902
    2: 1111011110001010010000011010101100101110... 100          0.0056570576
    3: 1111011111001010000000011010101100101110... 96           0.0055381601
    4: 1111011110001010010000011010101100101110... 96           0.0055141677
    5: 1111011110001011010000011010100110101110... 99           0.0054766043
    6: 1111011111001010010000011000101100101110... 100          0.005770835 
    7: 1111001110001010000000011010101100101110... 95           0.0057662706
    8: 1111011111001010010000011010001100101110... 100          0.0055895314
    9: 1111011111001010000000011000101100101110... 96           0.0058821412

Pickling population to: genetic_alg_settings_population_end.pkl

Hall of Fame:
Index: Selected                                    #Selected    CV          
----------------------------------------------------------------------------------------------------
    0: 1111011111001110010010011010001110010110... 97           0.0052086086
    1: 1111111111001110010010001010001110010110... 98           0.005221784 
    2: 1111111111001110110010011010001110011110... 97           0.0052424215
    3: 1111011111001110010010001010100110010110... 93           0.0052479717
    4: 1111111111001110110010001010001110011010... 97           0.0052623604
    5: 1111110110001110010010101110000111010010... 99           0.0052674856
    6: 1111111111001110010010001010001110010110... 97           0.005268174 
    7: 1111110111101011000010011110101100101010... 99           0.0052704415
    8: 1111111111011110110010001010001110011010... 100          0.0052763486
    9: 1111011111001110010010001010101110010110... 97           0.0052765809

Pickling Hall of Fame to: genetic_alg_settings_evolve_halloffame.pkl
#   DONE  Runtime: 112.00633151500006 (s)

Adding statistics...
  DONE

Result:
Index: Selected                                    #Selected    CV           RMS          wRMS         Estimator                FeatureSelection         Note
--------------------------------------------------------------------------------------------------------------------------------------------------------------------
    0: 1111011111001110010010011010001110010110... 97           0.0052086086 0.0043472779 0.0043929234 LinearRegression         GeneticAlgorithm         
    1: 1111111111001110010010001010001110010110... 98           0.005221784  0.0043262045 0.00436547   LinearRegression         GeneticAlgorithm         
    2: 1111111111001110110010011010001110011110... 97           0.0052424215 0.0043322098 0.0043769848 LinearRegression         GeneticAlgorithm         
    3: 1111011111001110010010001010100110010110... 93           0.0052479717 0.0044411102 0.0044865956 LinearRegression         GeneticAlgorithm         
    4: 1111111111001110110010001010001110011010... 97           0.0052623604 0.0043601848 0.004405013  LinearRegression         GeneticAlgorithm         
    5: 1111110110001110010010101110000111010010... 99           0.0052674856 0.0043968428 0.0044504356 LinearRegression         GeneticAlgorithm         
    6: 1111111111001110010010001010001110010110... 97           0.005268174  0.0043337385 0.0043699906 LinearRegression         GeneticAlgorithm         
    7: 1111110111101011000010011110101100101010... 99           0.0052704415 0.0044207779 0.0044580447 LinearRegression         GeneticAlgorithm         
    8: 1111111111011110110010001010001110011010... 100          0.0052763486 0.0043256935 0.0043759665 LinearRegression         GeneticAlgorithm         
    9: 1111011111001110010010001010101110010110... 97           0.0052765809 0.0043346988 0.0043739661 LinearRegression         GeneticAlgorithm         

Pickling Hall of Fame to: genetic_alg_settings_halloffame.pkl
