Loading genetic_alg_settings.json
# Hall of Fame size: 10 

# Get problem data...
# wHullDist: Will calculate hull distance: hull_dist(CALCULATED,atom_frac)
# Query requested: ['formation_energy', 'is_calculated', 'corr', 'hull_dist(CALCULATED,atom_frac)']
# Use existing: []
# Querying: ['formation_energy', 'is_calculated', 'corr', 'hull_dist(CALCULATED,atom_frac)']
#   DONE

# Target: formation_energy
# Training samples: 627
# Features: 253 

# Weighting:
{
  "method": "wHullDist",
  "kwargs": {
    "A": 0.1,
    "B": 1.0,
    "kT": 0.05500000000000001,
    "hull_selection": "CALCULATED"
  }
}

# CV:
{
  "method": "KFold",
  "kwargs": {
    "n_splits": 10,
    "shuffle": true
  },
  "penalty": 0.0
} 

# Writing problem specs to: genetic_alg_settings_specs.pkl
# To inspect or customize the problem specs further, use the '--checkspecs' method

# Estimator:
{
  "method": "LinearRegression",
  "kwargs": {
    "fit_intercept": false
  }
} 

# Feature Selection:
{
  "method": "GeneticAlgorithm",
  "kwargs": {
    "constraints_kwargs": {
      "n_features_max": 100,
      "n_features_min": 3,
      "fix_off": [],
      "fix_on": [
        0,
        1,
        2
      ]
    },
    "selTournamentSize": 3,
    "mutFlipBitProb": 0.01,
    "evolve_params_kwargs": {
      "n_generation": 20,
      "n_repetition": 20,
      "n_features_init": 3,
      "n_population": 10,
      "n_halloffame": 10,
      "halloffame_filename": "evolve_halloffame.pkl",
      "filename_prefix": "genetic_alg_settings"
    },
    "cxUniformProb": 0.5
  }
} 

# Fit and select...
Constructing initial population
Begin 1 of 20 repetitions
Begin 20 generations
gen	nevals	avg     	std       	min      	max     
0  	10    	0.019572	0.00053569	0.0184184	0.020253
1  	10    	0.0185887	0.000745937	0.0173779	0.0196979
2  	10    	0.0177168	0.00078072 	0.0166544	0.0191686
3  	10    	0.016726 	0.000664701	0.0159372	0.0181495
4  	10    	0.0162795	0.000397863	0.0158501	0.0172609
5  	10    	0.0158766	0.00060047 	0.0151199	0.0167882
6  	10    	0.0150373	0.000591636	0.0138171	0.0160733
7  	10    	0.0143422	0.000781813	0.0131962	0.0155954
8  	10    	0.0136302	0.00103327 	0.0125195	0.0162449
9  	10    	0.0124861	0.000688665	0.0110872	0.0134595
10 	10    	0.0116435	0.00071004 	0.0106451	0.0126429
11 	10    	0.0112374	0.00090478 	0.0102062	0.0132734
12 	10    	0.0103037	0.000549852	0.00973958	0.0117523
13 	10    	0.0100271	0.000247967	0.00954051	0.0102986
14 	10    	0.00997888	0.000584036	0.00905687	0.0109516
15 	10    	0.00947477	0.000212251	0.00907768	0.00995759
16 	10    	0.0092281 	0.000388242	0.00862674	0.00977228
17 	10    	0.00894487	0.000512214	0.00823457	0.0097646 
18 	10    	0.00851725	0.000203496	0.00821842	0.0089321 
19 	10    	0.00843915	0.000186497	0.00822545	0.00884661
20 	10    	0.00840368	0.000312797	0.00795806	0.00894451
Runtime: 3.575130399000045 (s)


Final population:
Index: Selected                                    #Selected    CV          
----------------------------------------------------------------------------------------------------
    0: 1111001000000011000001000010001100011000... 63           0.008518889 
    1: 1111001100000000000000100010000110011100... 58           0.0083483297
    2: 1111101000000100000000000110000101011000... 61           0.0082372368
    3: 1111001100000110000000100010000110011000... 62           0.008254969 
    4: 1110001100000000000000010010100110011000... 55           0.0086566879
    5: 1111000100000000000000100110000100010000... 64           0.0079580562
    6: 1111001100000000000001100010000100011000... 58           0.0080125492
    7: 1111001100000011000000000010000100010000... 59           0.0088353862
    8: 1111001100000000000000100110000100011000... 59           0.0082702163
    9: 1111001100000000000000100110000100011000... 59           0.0089445146

Pickling population to: genetic_alg_settings_population_end.pkl

Hall of Fame:
Index: Selected                                    #Selected    CV          
----------------------------------------------------------------------------------------------------
    0: 1111000100000000000000100110000100010000... 64           0.0079580562
    1: 1111001100000000000001100010000100011000... 58           0.0080125492
    2: 1110001100000000000000100110000100011000... 57           0.0082184218
    3: 1111001100000000000000100110000100011000... 59           0.0082254459
    4: 1111001000000000000000000010000100010000... 55           0.0082345675
    5: 1111001000000110000000000010000110011000... 58           0.0082366504
    6: 1111101000000100000000000110000101011000... 61           0.0082372368
    7: 1111001100000110000000100010000110011000... 62           0.008254969 
    8: 1111001100000000000000100110000100011000... 59           0.0082702163
    9: 1111001000000000000000000010000100010000... 56           0.008276602 

Pickling Hall of Fame to: genetic_alg_settings_evolve_halloffame.pkl
Begin 2 of 20 repetitions
Begin 20 generations
gen	nevals	avg       	std        	min       	max       
0  	0     	0.00840368	0.000312797	0.00795806	0.00894451
1  	10    	0.00820004	0.000124199	0.0080177 	0.00837655
2  	10    	0.00806306	0.00016901 	0.00784634	0.00839348
3  	10    	0.00809932	0.000295737	0.00777017	0.00881324
4  	10    	0.00792785	0.000174591	0.0076309 	0.00815035
5  	10    	0.00788851	0.000234977	0.00758196	0.00828662
6  	10    	0.00778905	0.000191434	0.0074998 	0.00809431
7  	10    	0.00774512	0.000117258	0.00760111	0.00797836
8  	10    	0.00767367	0.000147593	0.00735363	0.00784234
9  	10    	0.00755404	0.000148125	0.00725027	0.00777366
10 	10    	0.00766282	0.00052013 	0.00701473	0.00899749
11 	10    	0.00742048	0.000322359	0.00689914	0.00820729
12 	10    	0.00720887	0.000344339	0.00672826	0.00781805
13 	10    	0.00687567	0.000179969	0.00647547	0.00720567
14 	10    	0.00662751	0.00021349 	0.00627755	0.00696378
15 	10    	0.00647877	0.000132366	0.00625535	0.0067899 
16 	10    	0.00638156	0.000103748	0.00620265	0.00652028
17 	10    	0.00632558	0.000147615	0.00610705	0.00661016
18 	10    	0.0063462 	0.000252723	0.00614103	0.00702135
19 	10    	0.00625516	9.88493e-05	0.00613154	0.00640129
20 	10    	0.00618423	4.87571e-05	0.00607687	0.00625802
Runtime: 5.50925241600271 (s)


Final population:
Index: Selected                                    #Selected    CV          
----------------------------------------------------------------------------------------------------
    0: 1111001101010111001010101010001110010000... 92           0.006209655 
    1: 1111011100010111001010101110000110010000... 95           0.0061583426
    2: 1111001100010111001010101010000110010000... 96           0.0061544581
    3: 1111011100010111001010101110001110010000... 90           0.006076873 
    4: 1111001100010011001010101010000110010000... 88           0.0062105437
    5: 1111001100010111001000101010000110010000... 89           0.006258015 
    6: 1111001100010011001010101010000110010000... 87           0.0062119052
    7: 1111001100010011001010101010000110010000... 86           0.0062084278
    8: 1111001100010011001110101010000110010000... 89           0.0061420241
    9: 1111011100010111001010101010000110011000... 89           0.0062120628

Pickling population to: genetic_alg_settings_population_end.pkl

Hall of Fame:
Index: Selected                                    #Selected    CV          
----------------------------------------------------------------------------------------------------
    0: 1111011100010111001010101110001110010000... 90           0.006076873 
    1: 1111001100010011001010101010000110010000... 87           0.0061070495
    2: 1111001100010111001000101110000110010000... 87           0.0061233286
    3: 1111001100010111001010101110001110010000... 94           0.0061315444
    4: 1111001100010111001000101110000110010000... 87           0.0061410319
    5: 1111001100010011001110101010000110010000... 89           0.0061420241
    6: 1111001100010011001010101010000110010000... 86           0.0061518522
    7: 1111001100010011001010101010000110010000... 86           0.0061535188
    8: 1111001100010111001010101010000110010000... 96           0.0061544581
    9: 1111011100010111001010101110000110010000... 95           0.0061583426

Pickling Hall of Fame to: genetic_alg_settings_evolve_halloffame.pkl
Begin 3 of 20 repetitions
Begin 20 generations
gen	nevals	avg       	std        	min       	max       
0  	0     	0.00618423	4.87571e-05	0.00607687	0.00625802
1  	10    	0.00623552	0.00014397 	0.00607909	0.00663528
2  	10    	0.0062064 	0.000172998	0.0058534 	0.00657207
3  	10    	0.00616843	0.000117573	0.00600386	0.00644357
4  	10    	0.00620131	0.000114117	0.00602322	0.0063947 
5  	10    	0.00621445	0.000183495	0.0060632 	0.00662889
6  	10    	0.00610756	0.000141537	0.00591084	0.00643342
7  	10    	0.00608589	8.92789e-05	0.00588187	0.00619577
8  	10    	0.00605768	0.000103427	0.00583276	0.00621141
9  	10    	0.00601461	0.000143478	0.00585547	0.00627064
10 	10    	0.00603161	9.83496e-05	0.00590441	0.00622935
11 	10    	0.00599346	0.000162705	0.00579871	0.00624973
12 	10    	0.00593628	0.000248135	0.00571927	0.00661095
13 	10    	0.00591394	0.000165138	0.00574374	0.00631479
14 	10    	0.00584224	0.000223203	0.00558653	0.00642   
15 	10    	0.00586571	0.000235248	0.00565496	0.0065099 
16 	10    	0.00589096	0.00021958 	0.0056761 	0.00645667
17 	10    	0.00589547	0.000180868	0.00576728	0.00641151
18 	10    	0.00577783	0.000120203	0.00551223	0.00591247
19 	10    	0.00570607	0.000143707	0.00545285	0.00586848
20 	10    	0.00564345	0.000138651	0.0055164 	0.00599579
Runtime: 6.230962655998155 (s)


Final population:
Index: Selected                                    #Selected    CV          
----------------------------------------------------------------------------------------------------
    0: 1111011101000111001000011110001110010000... 96           0.0055668303
    1: 1111011101000111001000111110001110010100... 99           0.0057517364
    2: 1111011101000111001000011110001110010000... 93           0.0055646684
    3: 1111011101000111000000011111001110010000... 97           0.0056269042
    4: 1111011101000111001000011110001110010000... 96           0.0055351335
    5: 1111011101000111001000011111001110010000... 95           0.005526037 
    6: 1111011101010111000000011110001110010000... 96           0.0056878469
    7: 1111011101010111001000011110001110010000... 91           0.0059957924
    8: 1111011101000111001000111110001110010000... 96           0.0056631814
    9: 1111011101000111001000011111001110010000... 97           0.0055164015

Pickling population to: genetic_alg_settings_population_end.pkl

Hall of Fame:
Index: Selected                                    #Selected    CV          
----------------------------------------------------------------------------------------------------
    0: 1111011101000111001000011110001110010000... 96           0.005452854 
    1: 1111011101000111001000011111001110010000... 94           0.0054797813
    2: 1111011101000111001000011110001110010000... 99           0.0055122324
    3: 1111011101000111001000011111001110010000... 97           0.0055164015
    4: 1111011101000111001000011111001110010000... 95           0.005526037 
    5: 1111011101000111001000011110001110010000... 96           0.0055351335
    6: 1111011101000111001000111110001110010000... 97           0.0055601528
    7: 1111011101000111001000011110001110010000... 93           0.0055646684
    8: 1111011101000111001000011110001110010000... 96           0.0055668303
    9: 1111011101010111000000101110001110010000... 100          0.0055865274

Pickling Hall of Fame to: genetic_alg_settings_evolve_halloffame.pkl
Begin 4 of 20 repetitions
Begin 20 generations
gen	nevals	avg       	std        	min      	max       
0  	0     	0.00564345	0.000138651	0.0055164	0.00599579
1  	10    	0.00566335	0.000159116	0.00548652	0.00597491
2  	10    	0.00563531	0.000194826	0.00545643	0.00619139
3  	10    	0.00560558	0.000114329	0.00550374	0.0058931 
4  	10    	0.00563254	0.000217612	0.00542742	0.00620634
5  	10    	0.00558031	0.000115843	0.00544492	0.00587499
6  	10    	0.00563091	0.00020022 	0.00538394	0.00601721
7  	10    	0.00559387	0.000103591	0.00547903	0.00582279
8  	10    	0.00560932	8.43921e-05	0.00549972	0.00580697
9  	10    	0.00573157	0.000180131	0.00554158	0.00620125
10 	10    	0.00579022	0.000286795	0.00542134	0.00635198
11 	10    	0.00565876	9.12353e-05	0.00552641	0.00580926
12 	10    	0.00566728	8.3525e-05 	0.00551376	0.00578395
13 	10    	0.00567139	0.000202227	0.00550514	0.00625501
14 	10    	0.00556847	7.4148e-05 	0.00540052	0.00565587
15 	10    	0.00581863	0.000255291	0.00550077	0.00640766
16 	10    	0.00583672	0.000224695	0.00557027	0.00628061
17 	10    	0.0057152 	0.000299681	0.00551485	0.00650543
18 	10    	0.00574174	0.000223853	0.00543686	0.00616163
19 	10    	0.00573723	0.000224179	0.00550126	0.0061822 
20 	10    	0.00558907	0.000142666	0.00548013	0.00599899
Runtime: 6.284142319000239 (s)


Final population:
Index: Selected                                    #Selected    CV          
----------------------------------------------------------------------------------------------------
    0: 1111111101001111000011011110001110010000... 100          0.0055928342
    1: 1111111101001111000011011110001110010000... 100          0.0055963145
    2: 1111111101001111000011011101001110010000... 100          0.0059989879
    3: 1111011101001111011011011110001110010100... 100          0.0054801271
    4: 1111011101001111001011011111001110010000... 99           0.0055744415
    5: 1111011101001111001011011111001110010100... 100          0.0055905295
    6: 1111011101001111001011011111001110010100... 100          0.0055299875
    7: 1111111101001111000011011110001110010000... 98           0.0055158235
    8: 1111011101011111001010011111001110010000... 100          0.005487976 
    9: 1111011101011111001010001111001110010000... 100          0.0055236747

Pickling population to: genetic_alg_settings_population_end.pkl

Hall of Fame:
Index: Selected                                    #Selected    CV          
----------------------------------------------------------------------------------------------------
    0: 1111011111000111001000011111001110010000... 100          0.0053839407
    1: 1111011111000111001000011111001110010000... 100          0.0053933969
    2: 1111011101001111001010011111001110010000... 98           0.0054005157
    3: 1111011101001111001010011111001110010000... 99           0.0054213397
    4: 1111010101000111001000011111001110010000... 98           0.0054274189
    5: 1111011101001111001011011111101110010100... 99           0.0054368615
    6: 1111011101000111001010011111001110010000... 97           0.0054378362
    7: 1111011111000111001000011111001110010000... 98           0.0054449236
    8: 1111011101000111001000011110001110010000... 96           0.005452854 
    9: 1111011101000111001000011111001110010000... 97           0.0054564251

Pickling Hall of Fame to: genetic_alg_settings_evolve_halloffame.pkl
Begin 5 of 20 repetitions
Begin 20 generations
gen	nevals	avg       	std        	min       	max       
0  	0     	0.00558907	0.000142666	0.00548013	0.00599899
1  	10    	0.00565239	0.000130129	0.00550487	0.00590138
2  	10    	0.00580359	0.000409639	0.00542644	0.00665057
3  	10    	0.00561029	0.00010906 	0.00546662	0.0058645 
4  	10    	0.00581455	0.000619627	0.00545677	0.00764433
5  	10    	0.00556182	0.000183694	0.00543928	0.00608248
6  	10    	0.00552954	0.000100641	0.00544271	0.00580915
7  	10    	0.00550209	9.89409e-05	0.00535186	0.00571037
8  	10    	0.00555437	5.89328e-05	0.0054594 	0.00565014
9  	10    	0.00556517	9.15367e-05	0.00547206	0.00577281
10 	10    	0.0055384 	8.67856e-05	0.00534826	0.00569368
11 	10    	0.00556789	8.48867e-05	0.00543094	0.00567229
12 	10    	0.00557723	0.000132045	0.00543611	0.00592827
13 	10    	0.00559213	9.52392e-05	0.0054344 	0.00581546
14 	10    	0.00564079	0.000223126	0.00546407	0.00627035
15 	10    	0.00569436	0.000385809	0.005455  	0.00681391
16 	10    	0.00555175	0.000120962	0.00542431	0.00583202
17 	10    	0.00554499	0.000117037	0.00534215	0.00570654
18 	10    	0.00552451	6.6591e-05 	0.0053756 	0.0056188 
19 	10    	0.00565876	0.000234837	0.00539659	0.00620752
20 	10    	0.00566172	0.00020159 	0.00535985	0.00593492
Runtime: 6.478479297002195 (s)


Final population:
Index: Selected                                    #Selected    CV          
----------------------------------------------------------------------------------------------------
    0: 1111011011011111011011011110001010010010... 98           0.0059349198
    1: 1111011001011110010010011110001110010010... 100          0.0054274392
    2: 1111011001011110011011011110001110010010... 99           0.0056622142
    3: 1111011001011110011011011110101010010010... 99           0.0058011292
    4: 1111011001011111011011011110001110010010... 100          0.0053598505
    5: 1111011001010111011011011110001110010010... 100          0.005547696 
    6: 1111011001011111011010011110001110010011... 100          0.0056500371
    7: 1111011001011111010010011110001110010111... 100          0.0059008816
    8: 1111011001011111010000011110001110010010... 98           0.0054474962
    9: 1111011000011111101011011110001110010011... 98           0.0058854889

Pickling population to: genetic_alg_settings_population_end.pkl

Hall of Fame:
Index: Selected                                    #Selected    CV          
----------------------------------------------------------------------------------------------------
    0: 1111011001011111011010011110001110010011... 100          0.0053421506
    1: 1111011001011111011010011110001110010000... 96           0.005348256 
    2: 1111011101011111011010011110001110010000... 96           0.0053518605
    3: 1111011001011111011011011110001110010010... 100          0.0053598505
    4: 1111011001011111011010011110001110010011... 100          0.0053756049
    5: 1111011111000111001000011111001110010000... 100          0.0053839407
    6: 1111011111000111001000011111001110010000... 100          0.0053933969
    7: 1111011001011111011011011110001110010010... 100          0.005396588 
    8: 1111011101001111001010011111001110010000... 98           0.0054005157
    9: 1111011101111111011010011110001110010000... 97           0.0054129906

Pickling Hall of Fame to: genetic_alg_settings_evolve_halloffame.pkl
Begin 6 of 20 repetitions
Begin 20 generations
gen	nevals	avg       	std       	min       	max       
0  	0     	0.00566172	0.00020159	0.00535985	0.00593492
1  	10    	0.00569975	0.000236833	0.0054535 	0.00624527
2  	10    	0.00569016	0.00026173 	0.00544025	0.00624116
3  	10    	0.00561174	0.000206559	0.00540908	0.00602379
4  	10    	0.00561461	0.000288545	0.00535271	0.00640465
5  	10    	0.00565185	0.000310689	0.00533341	0.00643428
6  	10    	0.00560278	0.000151111	0.0053998 	0.00594461
7  	10    	0.00565086	0.000214879	0.00539471	0.00611358
8  	10    	0.00557759	0.000157488	0.00538676	0.00586276
9  	10    	0.00567016	0.000139611	0.00549418	0.00594019
10 	10    	0.0056859 	0.000334785	0.00536432	0.0066059 
11 	10    	0.00568962	0.000220814	0.00539161	0.00606581
12 	10    	0.00566853	0.000269075	0.00534235	0.00619831
13 	10    	0.00556297	0.000234048	0.0053188 	0.00621911
14 	10    	0.00551625	0.000113066	0.0053482 	0.00569412
15 	10    	0.0054489 	8.98165e-05	0.00528844	0.00555698
16 	10    	0.00557127	0.000182463	0.00534638	0.00592618
17 	10    	0.00558934	0.000327876	0.00540218	0.00655768
18 	10    	0.00549773	0.000110161	0.00534215	0.00574122
19 	10    	0.0054787 	0.000165873	0.00534471	0.00592845
20 	10    	0.00557889	0.000288315	0.0052671 	0.00613195
Runtime: 6.8267976970018935 (s)


Final population:
Index: Selected                                    #Selected    CV          
----------------------------------------------------------------------------------------------------
    0: 1111111111011010011011011110001110010010... 99           0.0054441522
    1: 1111111111011010011011011110001110010010... 98           0.0054497911
    2: 1110111111011010011011011110001111110010... 100          0.0060618457
    3: 1111111111011110011011011110001110010010... 98           0.0054820853
    4: 1111111111011110010011011110001110010010... 97           0.0052670973
    5: 1111111111011011011011011110001110010010... 99           0.0054316442
    6: 1111101111011010011010011110001110010010... 97           0.0052887446
    7: 1111011111011110011011011110001110010010... 100          0.0057609442
    8: 1111111111011010011011011110001110010010... 97           0.0054706086
    9: 1111111111011010011011011100001110110010... 99           0.0061319452

Pickling population to: genetic_alg_settings_population_end.pkl

Hall of Fame:
Index: Selected                                    #Selected    CV          
----------------------------------------------------------------------------------------------------
    0: 1111111111011110010011011110001110010010... 97           0.0052670973
    1: 1111011111011110010011011110001110010010... 99           0.0052884407
    2: 1111101111011010011010011110001110010010... 97           0.0052887446
    3: 1111011111011110011011011110001110010010... 100          0.0053025567
    4: 1111011111011110011011011110001110010010... 99           0.0053187988
    5: 1111011001011110011011011110001110010010... 98           0.0053334111
    6: 1111011001011111011010011110001110010011... 100          0.0053421506
    7: 1111111111011110010011011110001110010110... 91           0.0053421524
    8: 1111111111011110011011011110001110010010... 100          0.0053423522
    9: 1111111111011111010011011110001110010010... 95           0.0053447092

Pickling Hall of Fame to: genetic_alg_settings_evolve_halloffame.pkl
Begin 7 of 20 repetitions
Begin 20 generations
gen	nevals	avg       	std        	min      	max       
0  	0     	0.00557889	0.000288315	0.0052671	0.00613195
1  	10    	0.0055972 	0.000197667	0.0053292	0.00604375
2  	10    	0.00573083	0.000212685	0.00558811	0.00634384
3  	10    	0.00555182	0.000101008	0.0053341 	0.00569695
4  	10    	0.00555386	9.89693e-05	0.00537458	0.00567572
5  	10    	0.00555686	0.000134586	0.00539229	0.00589248
6  	10    	0.00565085	0.000252657	0.00545794	0.00627506
7  	10    	0.00555007	0.000169462	0.00537132	0.00599241
8  	10    	0.00553805	6.19904e-05	0.00545657	0.0056574 
9  	10    	0.005697  	0.000342225	0.00547357	0.00660605
10 	10    	0.00558444	0.000288206	0.005362  	0.0064014 
11 	10    	0.00553992	0.000298561	0.00532641	0.00641581
12 	10    	0.00553802	0.000140214	0.00536186	0.00587261
13 	10    	0.00562037	0.0002607  	0.00531692	0.00614407
14 	10    	0.00550623	0.000101486	0.00538455	0.00573879
15 	10    	0.00560656	0.000278741	0.0053578 	0.0064097 
16 	10    	0.00551462	0.000159192	0.00531155	0.00593135
17 	10    	0.00560003	0.000223044	0.00539355	0.00619966
18 	10    	0.00553089	0.000194731	0.0053048 	0.00607485
19 	10    	0.00552479	0.000145885	0.00538934	0.00589656
20 	10    	0.00564811	0.000243522	0.00531265	0.0060559 
Runtime: 6.3553690840017225 (s)


Final population:
Index: Selected                                    #Selected    CV          
----------------------------------------------------------------------------------------------------
    0: 1111110111011011010011111110011110010011... 96           0.006055903 
    1: 1111110111011011010011111110001110010011... 95           0.0053126547
    2: 1111110111011010010001111110001110010010... 93           0.005680772 
    3: 1111110111111011010011111010001110010011... 100          0.0058065706
    4: 1111110111011010010011111100001110010011... 99           0.0060041093
    5: 1111110111011011110011111110001110010011... 100          0.0053841745
    6: 1111110111011011010011111110001110010011... 100          0.0054722208
    7: 1111110111011011010011111110001110010011... 95           0.0057687746
    8: 1111110111011011010011111110001110010011... 100          0.0054750288
    9: 1111110111011010010011111110001110010011... 96           0.0055209294

Pickling population to: genetic_alg_settings_population_end.pkl

Hall of Fame:
Index: Selected                                    #Selected    CV          
----------------------------------------------------------------------------------------------------
    0: 1111111111011110010011011110001110010010... 97           0.0052670973
    1: 1111011111011110010011011110001110010010... 99           0.0052884407
    2: 1111101111011010011010011110001110010010... 97           0.0052887446
    3: 1111011111011110011011011110001110010010... 100          0.0053025567
    4: 1111110111011011010011111110001110010011... 97           0.0053047997
    5: 1111110111011011010011111110001110010011... 99           0.005311551 
    6: 1111110111011011010011111110001110010011... 95           0.0053126547
    7: 1111110111011011010011111110001110010011... 99           0.0053169163
    8: 1111011111011110011011011110001110010010... 99           0.0053187988
    9: 1111110011011011010011111110000110010010... 96           0.0053264148

Pickling Hall of Fame to: genetic_alg_settings_evolve_halloffame.pkl
Begin 8 of 20 repetitions
Begin 20 generations
gen	nevals	avg       	std        	min       	max      
0  	0     	0.00564811	0.000243522	0.00531265	0.0060559
1  	10    	0.00573563	0.000292297	0.00539473	0.00627833
2  	10    	0.00551132	6.75678e-05	0.0054131 	0.00560464
3  	10    	0.0054793 	8.04276e-05	0.00538788	0.00566031
4  	10    	0.00560833	0.000197177	0.00528965	0.00606353
5  	10    	0.00554482	0.000135284	0.00537003	0.00590488
6  	10    	0.0055138 	6.03325e-05	0.00538387	0.00558937
7  	10    	0.00565561	0.000260488	0.0053875 	0.00631548
8  	10    	0.00551117	0.00010417 	0.00537052	0.00576282
9  	10    	0.00561928	0.000243736	0.005385  	0.00622975
10 	10    	0.00556975	0.000192471	0.00535019	0.00595399
11 	10    	0.00544106	9.89016e-05	0.00533034	0.00566036
12 	10    	0.00542516	8.00859e-05	0.00531969	0.00561903
13 	10    	0.00561615	0.000385818	0.00523944	0.00669788
14 	10    	0.00544396	6.70156e-05	0.00533967	0.0055899 
15 	10    	0.00550856	0.00020831 	0.00530076	0.00598233
16 	10    	0.00551359	0.000153257	0.00536017	0.00588161
17 	10    	0.00554203	0.00027563 	0.0052729 	0.00621333
18 	10    	0.00556391	0.000263895	0.00527003	0.00604282
19 	10    	0.00556586	0.000124242	0.00537129	0.00573489
20 	10    	0.00547756	8.84313e-05	0.0053574 	0.00564342
Runtime: 6.337980350999715 (s)


Final population:
Index: Selected                                    #Selected    CV          
----------------------------------------------------------------------------------------------------
    0: 1111111101011010010101101110001110010011... 100          0.0054968184
    1: 1111110011111110011001101110001110010011... 96           0.0054270548
    2: 1111111111011010011001101110001110010011... 99           0.0054265264
    3: 1111111001011010011001101110001110010011... 99           0.0056434241
    4: 1111110111111010010100101110001110010011... 97           0.0054270225
    5: 1111011111111010011101101110001110010011... 98           0.0053574048
    6: 1111011101011010011101101110001110010011... 95           0.0054459471
    7: 1111111111011010010001101110001110010001... 99           0.00545722  
    8: 1111111111111010011100111110001110010011... 100          0.005639537 
    9: 1111011111011010010101101110001110010001... 100          0.0054546914

Pickling population to: genetic_alg_settings_population_end.pkl

Hall of Fame:
Index: Selected                                    #Selected    CV          
----------------------------------------------------------------------------------------------------
    0: 1111110111011110010001111110001110010011... 100          0.0052394423
    1: 1111111111011110010011011110001110010010... 97           0.0052670973
    2: 1111111111011010011101101110001110010011... 100          0.005270029 
    3: 1111111111011010011101101110001110010011... 100          0.0052729006
    4: 1111011111011110010011011110001110010010... 99           0.0052884407
    5: 1111101111011010011010011110001110010010... 97           0.0052887446
    6: 1111110111011010010011111111001110010011... 98           0.0052896517
    7: 1111111101011110011001011110101110010011... 92           0.0053007581
    8: 1111011111011110011011011110001110010010... 100          0.0053025567
    9: 1111110111011011010011111110001110010011... 97           0.0053047997

Pickling Hall of Fame to: genetic_alg_settings_evolve_halloffame.pkl
Begin 9 of 20 repetitions
Begin 20 generations
gen	nevals	avg       	std        	min      	max       
0  	0     	0.00547756	8.84313e-05	0.0053574	0.00564342
1  	10    	0.00557278	0.000291253	0.0053685	0.00642499
2  	10    	0.00554302	0.000258145	0.00533114	0.00627872
3  	10    	0.00553005	0.000220888	0.00537223	0.00615807
4  	10    	0.00550133	0.000148684	0.00531797	0.00586664
5  	10    	0.00550361	0.000189047	0.00535952	0.00604675
6  	10    	0.00557355	0.000213478	0.00538676	0.00605165
7  	10    	0.00562638	0.000317213	0.00536552	0.00637992
8  	10    	0.00553626	0.000221308	0.0053367 	0.00611758
9  	10    	0.0055498 	0.00019835 	0.00532747	0.00601728
10 	10    	0.00548981	6.40952e-05	0.00538192	0.00557798
11 	10    	0.00551745	0.000113591	0.0053794 	0.00578305
12 	10    	0.00548884	0.000113928	0.0052712 	0.00567859
13 	10    	0.00548377	8.95199e-05	0.00533459	0.00563303
14 	10    	0.00556027	0.000209012	0.00537277	0.00597846
15 	10    	0.00557484	0.000407076	0.00528985	0.00673941
16 	10    	0.00549331	8.0331e-05 	0.00531079	0.00561061
17 	10    	0.00555064	0.000138795	0.00530852	0.00578845
18 	10    	0.00561248	0.000162869	0.00531495	0.00590468
19 	10    	0.00555343	0.000120625	0.00540597	0.00577614
20 	10    	0.00552864	9.24712e-05	0.00537797	0.00570366
Runtime: 6.3168594439994195 (s)


Final population:
Index: Selected                                    #Selected    CV          
----------------------------------------------------------------------------------------------------
    0: 1111010111111010011100001110001110010011... 98           0.0055850613
    1: 1111010111101010011100011110001110000011... 100          0.0056301247
    2: 1111010111111010011100001110001000010011... 100          0.0055087744
    3: 1111110001111010011100011110001110011001... 100          0.0057036597
    4: 1111010111111010011100011110001110000011... 99           0.0054876943
    5: 1111010111111010011100001110001110010011... 100          0.0053779699
    6: 1111010111110010011100001110001110010011... 100          0.0054845302
    7: 1111011111111010010100001110001110010011... 97           0.0055893331
    8: 1111011111111110010100001110001110010011... 100          0.00548671  
    9: 1111011111111010010100001110001110010011... 98           0.005432543 

Pickling population to: genetic_alg_settings_population_end.pkl

Hall of Fame:
Index: Selected                                    #Selected    CV          
----------------------------------------------------------------------------------------------------
    0: 1111110111011110010001111110001110010011... 100          0.0052394423
    1: 1111111111011110010011011110001110010010... 97           0.0052670973
    2: 1111111111011010011101101110001110010011... 100          0.005270029 
    3: 1111110111111010011100101110001110010011... 99           0.0052712012
    4: 1111111111011010011101101110001110010011... 100          0.0052729006
    5: 1111011111011110010011011110001110010010... 99           0.0052884407
    6: 1111101111011010011010011110001110010010... 97           0.0052887446
    7: 1111110111011010010011111111001110010011... 98           0.0052896517
    8: 1111110101111010011100011110001110010011... 100          0.0052898524
    9: 1111111101011110011001011110101110010011... 92           0.0053007581

Pickling Hall of Fame to: genetic_alg_settings_evolve_halloffame.pkl
Begin 10 of 20 repetitions
Begin 20 generations
gen	nevals	avg       	std        	min       	max       
0  	0     	0.00552864	9.24712e-05	0.00537797	0.00570366
1  	10    	0.00550379	0.000136841	0.00535684	0.00586659
2  	10    	0.00548064	0.00011151 	0.00530759	0.00568045
3  	10    	0.00558148	0.000200325	0.00532317	0.0060305 
4  	10    	0.00576013	0.000483098	0.00533422	0.00694915
5  	10    	0.00551973	0.000146356	0.00532981	0.00581983
6  	10    	0.00552721	0.000114884	0.00537616	0.00581049
7  	10    	0.00551838	0.000138865	0.00528761	0.00578976
8  	10    	0.00568277	0.000257362	0.00548032	0.00641605
9  	10    	0.0055923 	0.000101417	0.00542994	0.0057336 
10 	10    	0.00562815	0.000106128	0.00550352	0.00591035
11 	10    	0.00555429	0.000127848	0.00535487	0.00578004
12 	10    	0.00558986	8.18758e-05	0.00549847	0.00580406
13 	10    	0.0057081 	0.000311755	0.00548535	0.00655252
14 	10    	0.00559356	0.000101706	0.00541066	0.00573528
15 	10    	0.00552179	7.31534e-05	0.00541988	0.00564472
16 	10    	0.00562262	0.0003234  	0.00537234	0.00657168
17 	10    	0.00557024	7.62672e-05	0.00548375	0.00571135
18 	10    	0.00570779	0.000284406	0.00542289	0.00626368
19 	10    	0.00549845	5.26541e-05	0.00539303	0.00558075
20 	10    	0.00554915	7.20639e-05	0.00544187	0.00570215
Runtime: 6.366912008998042 (s)


Final population:
Index: Selected                                    #Selected    CV          
----------------------------------------------------------------------------------------------------
    0: 1111010011011110001100101111001110010011... 100          0.0055763874
    1: 1111010011011110010000101110001111010011... 100          0.0056256691
    2: 1111011001011110011000101110001111010011... 99           0.0055561905
    3: 1111010011011110010100101110001111010011... 93           0.0055025924
    4: 1111010011011110011000101110001111010011... 100          0.0054418702
    5: 1111010011011110011000101110001111010011... 99           0.005465337 
    6: 1111110011011110010000101110001111010011... 93           0.0055444675
    7: 1111011001011110011100101110001111010011... 100          0.005516931 
    8: 1111110001011110011000101110001101010011... 95           0.0057021463
    9: 1111010011011110011000101110001111010011... 100          0.005559939 

Pickling population to: genetic_alg_settings_population_end.pkl

Hall of Fame:
Index: Selected                                    #Selected    CV          
----------------------------------------------------------------------------------------------------
    0: 1111110111011110010001111110001110010011... 100          0.0052394423
    1: 1111111111011110010011011110001110010010... 97           0.0052670973
    2: 1111111111011010011101101110001110010011... 100          0.005270029 
    3: 1111110111111010011100101110001110010011... 99           0.0052712012
    4: 1111111111011010011101101110001110010011... 100          0.0052729006
    5: 1111010111111110011100001110001110010011... 99           0.0052876147
    6: 1111011111011110010011011110001110010010... 99           0.0052884407
    7: 1111101111011010011010011110001110010010... 97           0.0052887446
    8: 1111110111011010010011111111001110010011... 98           0.0052896517
    9: 1111110101111010011100011110001110010011... 100          0.0052898524

Pickling Hall of Fame to: genetic_alg_settings_evolve_halloffame.pkl
Begin 11 of 20 repetitions
Begin 20 generations
gen	nevals	avg       	std        	min       	max       
0  	0     	0.00554915	7.20639e-05	0.00544187	0.00570215
1  	10    	0.00555297	0.000110506	0.00536593	0.00571906
2  	10    	0.00558879	0.000118258	0.00543816	0.00580646
3  	10    	0.00551815	0.00014276 	0.00538458	0.00579487
4  	10    	0.00559062	0.000282155	0.00531111	0.00635445
5  	10    	0.00568048	0.000459782	0.00543815	0.00703876
6  	10    	0.00556889	0.000240362	0.00540013	0.00621144
7  	10    	0.00576381	0.000582492	0.00531218	0.00697287
8  	10    	0.00553985	7.92358e-05	0.00541533	0.00568634
9  	10    	0.00550393	0.000189649	0.00528807	0.0059755 
10 	10    	0.00550693	0.000185435	0.00536888	0.0059164 
11 	10    	0.00563977	0.000463477	0.00537002	0.00699035
12 	10    	0.00558797	0.000240471	0.00534333	0.00615471
13 	10    	0.00543129	7.43268e-05	0.0053082 	0.00554731
14 	10    	0.00543975	7.08978e-05	0.00531923	0.00553929
15 	10    	0.00552953	0.000290206	0.00538392	0.00638018
16 	10    	0.00545925	7.00714e-05	0.00536156	0.00554124
17 	10    	0.00544424	0.000131869	0.00530212	0.00574911
18 	10    	0.00553917	0.00023776 	0.00535898	0.00621169
19 	10    	0.00554133	0.000191998	0.0053503 	0.00607011
20 	10    	0.00564932	0.000321003	0.00535829	0.00634614
Runtime: 6.263371568998991 (s)


Final population:
Index: Selected                                    #Selected    CV          
----------------------------------------------------------------------------------------------------
    0: 1111010001011110001100101110001111010011... 99           0.0055059811
    1: 1111010000011110001100101110001111010011... 99           0.0054683833
    2: 1111110001011110001100101110001111000111... 100          0.0055367116
    3: 1111010001011110001100101110001111010111... 99           0.0054436683
    4: 1111010011011110001100101110001111010110... 100          0.0056522715
    5: 1111010001011110001100101110001111010111... 97           0.0053809167
    6: 1111010001011110001100101110001111010011... 99           0.0053582871
    7: 1111010001011110001100101110001111010111... 100          0.0056231429
    8: 1110010001011110001100101110001111010111... 95           0.0061776916
    9: 1111010001011110001100101110001111010111... 98           0.0063461413

Pickling population to: genetic_alg_settings_population_end.pkl

Hall of Fame:
Index: Selected                                    #Selected    CV          
----------------------------------------------------------------------------------------------------
    0: 1111110111011110010001111110001110010011... 100          0.0052394423
    1: 1111111111011110010011011110001110010010... 97           0.0052670973
    2: 1111111111011010011101101110001110010011... 100          0.005270029 
    3: 1111110111111010011100101110001110010011... 99           0.0052712012
    4: 1111111111011010011101101110001110010011... 100          0.0052729006
    5: 1111010111111110011100001110001110010011... 99           0.0052876147
    6: 1111010011011010001100101110001111010011... 97           0.0052880685
    7: 1111011111011110010011011110001110010010... 99           0.0052884407
    8: 1111101111011010011010011110001110010010... 97           0.0052887446
    9: 1111110111011010010011111111001110010011... 98           0.0052896517

Pickling Hall of Fame to: genetic_alg_settings_evolve_halloffame.pkl
Begin 12 of 20 repetitions
Begin 20 generations
gen	nevals	avg       	std        	min       	max       
0  	0     	0.00564932	0.000321003	0.00535829	0.00634614
1  	10    	0.00554735	0.000279118	0.00536514	0.00635813
2  	10    	0.00558883	0.000254333	0.00539471	0.00630484
3  	10    	0.00557111	0.000149107	0.00535569	0.0058765 
4  	10    	0.0054921 	7.54418e-05	0.00537377	0.00565932
5  	10    	0.00554634	6.27328e-05	0.00545428	0.00568431
6  	10    	0.00553723	0.00011005 	0.00536028	0.00574213
7  	10    	0.00561153	0.000137137	0.0054114 	0.00585334
8  	10    	0.00572873	0.000375676	0.00536897	0.00677271
9  	10    	0.0056052 	0.000185541	0.00541989	0.00604878
10 	10    	0.00564283	0.000244353	0.00540266	0.00630818
11 	10    	0.00551589	0.000102855	0.00533304	0.00577061
12 	10    	0.00550745	6.36111e-05	0.00536609	0.00559307
13 	10    	0.00548646	8.80442e-05	0.0052764 	0.00561523
14 	10    	0.00548189	7.50146e-05	0.00533821	0.00559016
15 	10    	0.00548088	9.68158e-05	0.00531318	0.0056469 
16 	10    	0.0054618 	6.90847e-05	0.00535534	0.00556768
17 	10    	0.00545105	9.97661e-05	0.00525785	0.00564389
18 	10    	0.0054665 	7.48502e-05	0.0053615 	0.00561107
19 	10    	0.00541341	9.67724e-05	0.00527585	0.00564645
20 	10    	0.00566976	0.000289109	0.00528848	0.00615765
Runtime: 6.268504397998186 (s)


Final population:
Index: Selected                                    #Selected    CV          
----------------------------------------------------------------------------------------------------
    0: 1111010001011111001100001110001111000001... 100          0.005501878 
    1: 1111010001011010001100101110001111010001... 100          0.0053877036
    2: 1111010101011010001100101110001111010001... 96           0.0057545885
    3: 1110010001011000001100101110000111010011... 100          0.00615765  
    4: 1111010001011010001100100111001111010001... 100          0.0060062886
    5: 1111010001011010001100100110001111010001... 100          0.0060365029
    6: 1111010001011110001100101110001111010001... 95           0.0054608275
    7: 1111000001011110001100101110001111010001... 94           0.005288485 
    8: 1111010001011010001100101110001111010001... 100          0.0054562227
    9: 1111010001001010001100101110001111010001... 100          0.0056474773

Pickling population to: genetic_alg_settings_population_end.pkl

Hall of Fame:
Index: Selected                                    #Selected    CV          
----------------------------------------------------------------------------------------------------
    0: 1111110111011110010001111110001110010011... 100          0.0052394423
    1: 1111010001011010001100101110001111010011... 100          0.0052578532
    2: 1111111111011110010011011110001110010010... 97           0.0052670973
    3: 1111111111011010011101101110001110010011... 100          0.005270029 
    4: 1111110111111010011100101110001110010011... 99           0.0052712012
    5: 1111111111011010011101101110001110010011... 100          0.0052729006
    6: 1111010001011010001100101110001101010011... 99           0.0052758464
    7: 1111010101011010001100101110001111010011... 97           0.0052764028
    8: 1111010111111110011100001110001110010011... 99           0.0052876147
    9: 1111010011011010001100101110001111010011... 97           0.0052880685

Pickling Hall of Fame to: genetic_alg_settings_evolve_halloffame.pkl
Begin 13 of 20 repetitions
Begin 20 generations
gen	nevals	avg       	std        	min       	max       
0  	0     	0.00566976	0.000289109	0.00528848	0.00615765
1  	10    	0.00552437	0.000175978	0.0053538 	0.00600424
2  	10    	0.00547061	8.90244e-05	0.00525804	0.00560146
3  	10    	0.00548921	0.000178138	0.005266  	0.00587942
4  	10    	0.00552494	0.000115283	0.00538389	0.0057409 
5  	10    	0.00551518	0.000113878	0.00535375	0.00577044
6  	10    	0.00566475	0.000353856	0.00535359	0.0066109 
7  	10    	0.00553265	0.000109949	0.00539423	0.00576007
8  	10    	0.00550751	9.51098e-05	0.00533737	0.00563497
9  	10    	0.00560184	0.000213415	0.00536235	0.00614131
10 	10    	0.0055255 	0.000134615	0.00532985	0.00577299
11 	10    	0.00574142	0.000349685	0.00529566	0.00642578
12 	10    	0.0055994 	0.000229524	0.00536686	0.00618965
13 	10    	0.00554994	0.000122682	0.00540617	0.00580444
14 	10    	0.00548448	7.65117e-05	0.00534813	0.00559898
15 	10    	0.00552336	0.000188379	0.00537566	0.00605697
16 	10    	0.00551721	0.00019164 	0.00533397	0.00599082
17 	10    	0.0054657 	0.000106372	0.00525996	0.00562844
18 	10    	0.00566025	0.000483802	0.00531323	0.00704242
19 	10    	0.00552727	0.000104584	0.00537476	0.00570571
20 	10    	0.00551411	0.000139071	0.00534309	0.00586127
Runtime: 6.30128996500207 (s)


Final population:
Index: Selected                                    #Selected    CV          
----------------------------------------------------------------------------------------------------
    0: 1111000001111010100100101010001101000001... 100          0.0055450563
    1: 1111010001111010111100101010000101010001... 99           0.0054914531
    2: 1111010001111010101101101010000101010001... 100          0.0053914113
    3: 1111010001111010101101101010000101010001... 100          0.0054120201
    4: 1111000001111010101101101010000101010001... 100          0.0056318511
    5: 1111010001111010101100101010001101010001... 98           0.0053430883
    6: 1111010001111010001101101010001101010001... 100          0.0055008646
    7: 1111000001011010101100101010000101011001... 95           0.0054647764
    8: 1111000001111010101100101010000101010001... 99           0.0054993442
    9: 1111000001111010101101100010001101010001... 100          0.005861271 

Pickling population to: genetic_alg_settings_population_end.pkl

Hall of Fame:
Index: Selected                                    #Selected    CV          
----------------------------------------------------------------------------------------------------
    0: 1111110111011110010001111110001110010011... 100          0.0052394423
    1: 1111010001011010001100101110001111010011... 100          0.0052578532
    2: 1111010001011110000100101110001111010001... 98           0.0052580449
    3: 1111000001011010101100101010001101010001... 97           0.0052599577
    4: 1111010001011110000100101110001111010001... 98           0.0052659975
    5: 1111111111011110010011011110001110010010... 97           0.0052670973
    6: 1111111111011010011101101110001110010011... 100          0.005270029 
    7: 1111110111111010011100101110001110010011... 99           0.0052712012
    8: 1111111111011010011101101110001110010011... 100          0.0052729006
    9: 1111010001011010001100101110001101010011... 99           0.0052758464

Pickling Hall of Fame to: genetic_alg_settings_evolve_halloffame.pkl
Begin 14 of 20 repetitions
Begin 20 generations
gen	nevals	avg       	std        	min       	max       
0  	0     	0.00551411	0.000139071	0.00534309	0.00586127
1  	10    	0.00550639	0.000174611	0.00529156	0.00588863
2  	10    	0.0055087 	0.00012891 	0.00537621	0.00580973
3  	10    	0.00541458	5.85719e-05	0.00532769	0.00551952
4  	10    	0.00543837	8.61137e-05	0.00528837	0.0055944 
5  	10    	0.00547792	0.000235553	0.00530891	0.00616691
6  	10    	0.00545761	7.9811e-05 	0.00537026	0.00560685
7  	10    	0.00550893	0.000142419	0.00535294	0.00585946
8  	10    	0.00542445	7.3834e-05 	0.00527211	0.0055674 
9  	10    	0.00546191	9.03533e-05	0.00528032	0.00559407
10 	10    	0.00552674	0.00013867 	0.00533725	0.00579424
11 	10    	0.00567525	0.00024309 	0.00537195	0.00611723
12 	10    	0.00568743	0.000430071	0.00539117	0.00691513
13 	10    	0.00557006	0.000282793	0.00539498	0.00640269
14 	10    	0.00558432	0.000227268	0.00541359	0.00623751
15 	10    	0.00553066	9.9173e-05 	0.00536262	0.00570204
16 	10    	0.00555617	0.000133516	0.00541657	0.00582528
17 	10    	0.00561027	0.000124368	0.00542629	0.00584317
18 	10    	0.00574534	0.000249845	0.00556643	0.0064514 
19 	10    	0.00559356	9.37814e-05	0.00546793	0.00584528
20 	10    	0.00566065	0.000163619	0.00544904	0.00607543
Runtime: 6.269627408000815 (s)


Final population:
Index: Selected                                    #Selected    CV          
----------------------------------------------------------------------------------------------------
    0: 1111110001111000110000001010001101010001... 93           0.0056367589
    1: 1111000001111010110000101010001101010101... 100          0.0054490352
    2: 1111110001111010110000101010001101010001... 98           0.0057608342
    3: 1111110001111010110000101000001101010001... 100          0.0060754258
    4: 1111110001111010110000101010001101010001... 100          0.0056746493
    5: 1111110001111010110000001010001101010101... 95           0.0055986595
    6: 1111110001111010110000101010001101010001... 95           0.0054959801
    7: 1111110001111010110000001010001101010101... 98           0.005610606 
    8: 1111110001111010110000001010001101010101... 97           0.005595315 
    9: 1111010001111010110000101010001111010001... 99           0.005709199 

Pickling population to: genetic_alg_settings_population_end.pkl

Hall of Fame:
Index: Selected                                    #Selected    CV          
----------------------------------------------------------------------------------------------------
    0: 1111110111011110010001111110001110010011... 100          0.0052394423
    1: 1111010001011010001100101110001111010011... 100          0.0052578532
    2: 1111010001011110000100101110001111010001... 98           0.0052580449
    3: 1111000001011010101100101010001101010001... 97           0.0052599577
    4: 1111010001011110000100101110001111010001... 98           0.0052659975
    5: 1111111111011110010011011110001110010010... 97           0.0052670973
    6: 1111111111011010011101101110001110010011... 100          0.005270029 
    7: 1111110111111010011100101110001110010011... 99           0.0052712012
    8: 1111010001111010111000101010001101010001... 100          0.0052721068
    9: 1111111111011010011101101110001110010011... 100          0.0052729006

Pickling Hall of Fame to: genetic_alg_settings_evolve_halloffame.pkl
Begin 15 of 20 repetitions
Begin 20 generations
gen	nevals	avg       	std        	min       	max       
0  	0     	0.00566065	0.000163619	0.00544904	0.00607543
1  	10    	0.00562216	0.000222814	0.00545484	0.00614995
2  	10    	0.00552471	7.6516e-05 	0.00540932	0.00569901
3  	10    	0.00559094	0.00015357 	0.00538467	0.00582973
4  	10    	0.00558185	0.000116142	0.00546268	0.00581184
5  	10    	0.00562557	9.61355e-05	0.00551969	0.00576036
6  	10    	0.00570747	0.000121009	0.00554599	0.00590382
7  	10    	0.0056788 	0.000146405	0.00547071	0.00600306
8  	10    	0.0056625 	0.00010285 	0.00547446	0.00582676
9  	10    	0.00572925	0.000208823	0.00557768	0.00627152
10 	10    	0.00560698	8.12305e-05	0.00546277	0.00577889
11 	10    	0.0056024 	6.85508e-05	0.00551435	0.00575724
12 	10    	0.00557351	4.86908e-05	0.00548446	0.0056322 
13 	10    	0.00564521	9.60911e-05	0.00552084	0.00584252
14 	10    	0.00561146	0.000165712	0.00544014	0.00594309
15 	10    	0.00572191	0.000316165	0.00545305	0.00637542
16 	10    	0.00561529	0.000120266	0.00548627	0.00580101
17 	10    	0.00552207	0.000103459	0.00538439	0.00577311
18 	10    	0.0055974 	0.000113119	0.00537441	0.00573988
19 	10    	0.0056021 	0.000152821	0.00544002	0.00602005
20 	10    	0.00564259	0.000115511	0.00551284	0.00588411
Runtime: 5.815680211002473 (s)


Final population:
Index: Selected                                    #Selected    CV          
----------------------------------------------------------------------------------------------------
    0: 1111100101011010110000101010001100010001... 98           0.00554646  
    1: 1111100000011010101000101010001100110001... 99           0.0055128395
    2: 1111100001011010100000101010001100010001... 100          0.0057032594
    3: 1111100001011010100000101010001100010001... 98           0.0057733667
    4: 1111100001011010100001101110001100110001... 99           0.005537215 
    5: 1110100011011010100000101010001100010001... 99           0.0058841129
    6: 1111100001011010100001101010101100010001... 100          0.0056472308
    7: 1111100001011010100000101111001100000001... 97           0.005689293 
    8: 1111100011011010100000101110001100110001... 99           0.0055259801
    9: 1111100001011010100000111110001100010001... 100          0.0056061118

Pickling population to: genetic_alg_settings_population_end.pkl

Hall of Fame:
Index: Selected                                    #Selected    CV          
----------------------------------------------------------------------------------------------------
    0: 1111110111011110010001111110001110010011... 100          0.0052394423
    1: 1111010001011010001100101110001111010011... 100          0.0052578532
    2: 1111010001011110000100101110001111010001... 98           0.0052580449
    3: 1111000001011010101100101010001101010001... 97           0.0052599577
    4: 1111010001011110000100101110001111010001... 98           0.0052659975
    5: 1111111111011110010011011110001110010010... 97           0.0052670973
    6: 1111111111011010011101101110001110010011... 100          0.005270029 
    7: 1111110111111010011100101110001110010011... 99           0.0052712012
    8: 1111010001111010111000101010001101010001... 100          0.0052721068
    9: 1111111111011010011101101110001110010011... 100          0.0052729006

Pickling Hall of Fame to: genetic_alg_settings_evolve_halloffame.pkl
Begin 16 of 20 repetitions
Begin 20 generations
gen	nevals	avg       	std        	min       	max       
0  	0     	0.00564259	0.000115511	0.00551284	0.00588411
1  	10    	0.00557292	6.99272e-05	0.0054683 	0.00567741
2  	10    	0.00563543	0.000108796	0.0055035 	0.00582181
3  	10    	0.00559681	8.37826e-05	0.00546546	0.0057329 
4  	10    	0.00558868	8.58323e-05	0.00545473	0.00578082
5  	10    	0.00559033	0.000147947	0.00537615	0.00588315
6  	10    	0.00549482	7.33268e-05	0.00538811	0.00561411
7  	10    	0.00558151	0.000174699	0.00535137	0.00605427
8  	10    	0.00568434	0.000411567	0.00530543	0.00663696
9  	10    	0.00562153	0.000415567	0.00530844	0.00657125
10 	10    	0.00576316	0.000274028	0.00546682	0.00627346
11 	10    	0.00565966	0.000301631	0.00540771	0.00649001
12 	10    	0.00566021	0.000133695	0.00536521	0.00580339
13 	10    	0.00557422	0.000129143	0.00543562	0.00578886
14 	10    	0.00564769	0.000162735	0.00542778	0.00601404
15 	10    	0.00552781	6.05827e-05	0.005439  	0.00564042
16 	10    	0.00556279	0.000101106	0.00545412	0.00576443
17 	10    	0.00594688	0.000604435	0.00543746	0.00764783
18 	10    	0.00577116	0.00022251 	0.00555213	0.00626055
19 	10    	0.00565623	0.000146436	0.00547117	0.00591109
20 	10    	0.00553638	5.08923e-05	0.00546208	0.0056326 
Runtime: 5.620713462001731 (s)


Final population:
Index: Selected                                    #Selected    CV          
----------------------------------------------------------------------------------------------------
    0: 1111100010011010001000101011001100010000... 96           0.0055409078
    1: 1111100010011010000000101011001100010000... 93           0.005592991 
    2: 1111100010011010000000101010001100010000... 98           0.0055017296
    3: 1111100010011010000000101011001100010000... 100          0.0054620787
    4: 1111100010011010001000101011001100010000... 92           0.0055341442
    5: 1111100010011010000010101011001100010000... 98           0.0054749204
    6: 1111100010011010000000101011001100010000... 99           0.0055063708
    7: 1111100010011010000000101010000100110000... 98           0.0055368431
    8: 1111100010011010000000101011001100010000... 97           0.0056325954
    9: 1111100010011010000000101011001100110000... 100          0.0055812481

Pickling population to: genetic_alg_settings_population_end.pkl

Hall of Fame:
Index: Selected                                    #Selected    CV          
----------------------------------------------------------------------------------------------------
    0: 1111110111011110010001111110001110010011... 100          0.0052394423
    1: 1111010001011010001100101110001111010011... 100          0.0052578532
    2: 1111010001011110000100101110001111010001... 98           0.0052580449
    3: 1111000001011010101100101010001101010001... 97           0.0052599577
    4: 1111010001011110000100101110001111010001... 98           0.0052659975
    5: 1111111111011110010011011110001110010010... 97           0.0052670973
    6: 1111111111011010011101101110001110010011... 100          0.005270029 
    7: 1111110111111010011100101110001110010011... 99           0.0052712012
    8: 1111010001111010111000101010001101010001... 100          0.0052721068
    9: 1111111111011010011101101110001110010011... 100          0.0052729006

Pickling Hall of Fame to: genetic_alg_settings_evolve_halloffame.pkl
Begin 17 of 20 repetitions
Begin 20 generations
gen	nevals	avg       	std        	min       	max      
0  	0     	0.00553638	5.08923e-05	0.00546208	0.0056326
1  	10    	0.00555987	0.000115822	0.00543187	0.00577367
2  	10    	0.00556578	0.000127433	0.00541269	0.00589366
3  	10    	0.00569413	0.00022407 	0.00543756	0.00607149
4  	10    	0.00572739	0.000256493	0.00543554	0.00620223
5  	10    	0.0055967 	0.000165172	0.0054335 	0.00590537
6  	10    	0.0056403 	0.000109727	0.00538995	0.00579202
7  	10    	0.0056285 	0.000180552	0.00537794	0.00600645
8  	10    	0.00568398	0.000298734	0.00533829	0.00646899
9  	10    	0.00558301	0.000128007	0.00537986	0.0058214 
10 	10    	0.00567578	0.000194312	0.00536222	0.00603383
11 	10    	0.00568758	0.000287534	0.00543478	0.00645543
12 	10    	0.00556358	9.16003e-05	0.00539531	0.00569992
13 	10    	0.00554629	8.30852e-05	0.00545196	0.00572146
14 	10    	0.00556516	0.000111139	0.00546314	0.00585314
15 	10    	0.00556939	0.000103743	0.00544357	0.00578447
16 	10    	0.00551662	6.87706e-05	0.00541009	0.00561973
17 	10    	0.00547291	7.08541e-05	0.00536615	0.0056359 
18 	10    	0.0055895 	0.000143323	0.00539019	0.00592668
19 	10    	0.00555509	0.000204064	0.00539494	0.00612862
20 	10    	0.00555452	0.000178256	0.00541206	0.00590669
Runtime: 5.501078995002899 (s)


Final population:
Index: Selected                                    #Selected    CV          
----------------------------------------------------------------------------------------------------
    0: 1111110110001010001000101010001100010000... 99           0.0054583967
    1: 1111100010011010001000101010001100010000... 98           0.0054236602
    2: 1111110110011010001000101010000100010000... 100          0.0055418292
    3: 1111100010001010001000101010001100010000... 96           0.0055673585
    4: 1111100110011010000000101010001100010000... 99           0.0054456338
    5: 1111100110011010000000101000000100010000... 96           0.0059066883
    6: 1111100110011011001000101010001100010000... 99           0.0054120648
    7: 1111100010011010001000101010101100010000... 100          0.0054571595
    8: 1111110110001010000000101000001100010000... 100          0.0058903287
    9: 1111100110011010001000101110001100010000... 100          0.0054420829

Pickling population to: genetic_alg_settings_population_end.pkl

Hall of Fame:
Index: Selected                                    #Selected    CV          
----------------------------------------------------------------------------------------------------
    0: 1111110111011110010001111110001110010011... 100          0.0052394423
    1: 1111010001011010001100101110001111010011... 100          0.0052578532
    2: 1111010001011110000100101110001111010001... 98           0.0052580449
    3: 1111000001011010101100101010001101010001... 97           0.0052599577
    4: 1111010001011110000100101110001111010001... 98           0.0052659975
    5: 1111111111011110010011011110001110010010... 97           0.0052670973
    6: 1111111111011010011101101110001110010011... 100          0.005270029 
    7: 1111110111111010011100101110001110010011... 99           0.0052712012
    8: 1111010001111010111000101010001101010001... 100          0.0052721068
    9: 1111111111011010011101101110001110010011... 100          0.0052729006

Pickling Hall of Fame to: genetic_alg_settings_evolve_halloffame.pkl
Begin 18 of 20 repetitions
Begin 20 generations
gen	nevals	avg       	std        	min       	max       
0  	0     	0.00555452	0.000178256	0.00541206	0.00590669
1  	10    	0.00552046	0.000109883	0.00538012	0.00571462
2  	10    	0.00551974	9.36841e-05	0.00540327	0.00569788
3  	10    	0.00557772	0.000163171	0.00539948	0.0059201 
4  	10    	0.00566812	0.000163359	0.00544173	0.0059409 
5  	10    	0.00565461	0.000138288	0.00546135	0.00587854
6  	10    	0.00566425	0.000219105	0.00551299	0.0062804 
7  	10    	0.005709  	0.00011588 	0.00540705	0.00582551
8  	10    	0.00566511	0.000116875	0.00553777	0.00587838
9  	10    	0.00564881	9.69557e-05	0.00544199	0.00578431
10 	10    	0.00562931	0.000189021	0.00542786	0.0060788 
11 	10    	0.0055539 	7.72788e-05	0.0054795 	0.00572748
12 	10    	0.00553782	7.23713e-05	0.00541319	0.00562261
13 	10    	0.00552212	0.000101349	0.00536517	0.0056994 
14 	10    	0.00552844	0.00022785 	0.00538184	0.0061918 
15 	10    	0.00564159	0.000327532	0.00538088	0.00629115
16 	10    	0.00562311	0.000247486	0.00534183	0.00625572
17 	10    	0.00562217	0.000305231	0.00539908	0.00646132
18 	10    	0.00558285	0.000230533	0.00543601	0.00624003
19 	10    	0.00559215	0.000243641	0.00536254	0.00626535
20 	10    	0.00555225	0.000160673	0.0053833 	0.00580861
Runtime: 5.552107063998847 (s)


Final population:
Index: Selected                                    #Selected    CV          
----------------------------------------------------------------------------------------------------
    0: 1111100010011010000000001010001100010110... 98           0.0053847611
    1: 1111100010001010000000101010001101010011... 100          0.0056402749
    2: 1111100010011010000000101010001100010010... 99           0.0055026026
    3: 1111100010011110000000101010001100011010... 100          0.0057793592
    4: 1111100010011010000000001010101100010010... 100          0.0054123455
    5: 1111100010011010000000001010001101010010... 100          0.0054665017
    6: 1111101010011010000000101010001100010010... 99           0.0054201733
    7: 1111100010010010000000101010001100010010... 99           0.0058086113
    8: 1111100000011010000000101010001100010010... 100          0.0057245237
    9: 1111100010011010000000101010001100010010... 97           0.0053832988

Pickling population to: genetic_alg_settings_population_end.pkl

Hall of Fame:
Index: Selected                                    #Selected    CV          
----------------------------------------------------------------------------------------------------
    0: 1111110111011110010001111110001110010011... 100          0.0052394423
    1: 1111010001011010001100101110001111010011... 100          0.0052578532
    2: 1111010001011110000100101110001111010001... 98           0.0052580449
    3: 1111000001011010101100101010001101010001... 97           0.0052599577
    4: 1111010001011110000100101110001111010001... 98           0.0052659975
    5: 1111111111011110010011011110001110010010... 97           0.0052670973
    6: 1111111111011010011101101110001110010011... 100          0.005270029 
    7: 1111110111111010011100101110001110010011... 99           0.0052712012
    8: 1111010001111010111000101010001101010001... 100          0.0052721068
    9: 1111111111011010011101101110001110010011... 100          0.0052729006

Pickling Hall of Fame to: genetic_alg_settings_evolve_halloffame.pkl
Begin 19 of 20 repetitions
Begin 20 generations
gen	nevals	avg       	std        	min      	max       
0  	0     	0.00555225	0.000160673	0.0053833	0.00580861
1  	10    	0.00547201	0.000118761	0.00532743	0.00573843
2  	10    	0.00553656	0.000198255	0.0053692 	0.00607006
3  	10    	0.00542192	6.607e-05  	0.00533428	0.00553868
4  	10    	0.00554414	0.000273839	0.00531062	0.00631802
5  	10    	0.00548596	0.000139765	0.00533057	0.0057475 
6  	10    	0.0055379 	0.000122498	0.00543915	0.00586847
7  	10    	0.00548163	8.34855e-05	0.0053216 	0.00558918
8  	10    	0.00558222	0.000199693	0.0053735 	0.0060056 
9  	10    	0.005457  	0.000118253	0.00528691	0.00569826
10 	10    	0.00545132	0.000109512	0.00531493	0.00566243
11 	10    	0.00542194	0.00012523 	0.0052621 	0.00572404
12 	10    	0.00559373	0.000448809	0.00526583	0.00689489
13 	10    	0.00545116	0.000133677	0.00531219	0.00580528
14 	10    	0.00544616	0.000155007	0.00527905	0.00573599
15 	10    	0.00554249	0.000221081	0.00532337	0.00603693
16 	10    	0.00546955	0.000103372	0.00531478	0.00566043
17 	10    	0.0054984 	0.000160211	0.00532347	0.00590873
18 	10    	0.00558701	0.000260774	0.00529454	0.00625944
19 	10    	0.00553072	0.000183767	0.00533691	0.00594021
20 	10    	0.0055584 	0.000311872	0.00534209	0.0064438 
Runtime: 5.569325173000834 (s)


Final population:
Index: Selected                                    #Selected    CV          
----------------------------------------------------------------------------------------------------
    0: 1111000110011010010010101010000101010000... 99           0.0054058033
    1: 1110010010101010000010111010000100010000... 100          0.0064438015
    2: 1111000010011010010010101010000100010000... 99           0.0054470728
    3: 1111000010011010010100101011000100010000... 100          0.0056787981
    4: 1111110010101010000010101010000100000000... 100          0.0055076223
    5: 1111010010101010000010101010000100010000... 100          0.0055858907
    6: 1111000000011010010010101010000100010001... 98           0.0053420931
    7: 1111000010011010010010101010000100010010... 100          0.0054375121
    8: 1111000010011010010110101010000100010000... 100          0.0053909673
    9: 1111000010011010010010101010000100010000... 99           0.0053444792

Pickling population to: genetic_alg_settings_population_end.pkl

Hall of Fame:
Index: Selected                                    #Selected    CV          
----------------------------------------------------------------------------------------------------
    0: 1111110111011110010001111110001110010011... 100          0.0052394423
    1: 1111010001011010001100101110001111010011... 100          0.0052578532
    2: 1111010001011110000100101110001111010001... 98           0.0052580449
    3: 1111000001011010101100101010001101010001... 97           0.0052599577
    4: 1111001010011010010000101010000100010010... 100          0.0052621018
    5: 1111001010011010010000101010000100010010... 100          0.0052658347
    6: 1111010001011110000100101110001111010001... 98           0.0052659975
    7: 1111111111011110010011011110001110010010... 97           0.0052670973
    8: 1111111111011010011101101110001110010011... 100          0.005270029 
    9: 1111110111111010011100101110001110010011... 99           0.0052712012

Pickling Hall of Fame to: genetic_alg_settings_evolve_halloffame.pkl
Begin 20 of 20 repetitions
Begin 20 generations
gen	nevals	avg      	std        	min       	max      
0  	0     	0.0055584	0.000311872	0.00534209	0.0064438
1  	10    	0.0054572	0.000123546	0.00530895	0.00572246
2  	10    	0.00544815	9.67888e-05	0.00528821	0.00559604
3  	10    	0.00561933	0.000255565	0.00543364	0.00627194
4  	10    	0.0054827 	0.000130127	0.0053226 	0.00583222
5  	10    	0.00550261	0.000199921	0.00537113	0.00607316
6  	10    	0.00548816	0.000298261	0.00531988	0.00636098
7  	10    	0.00547528	0.000128082	0.00531884	0.00571835
8  	10    	0.00539116	8.32115e-05	0.0052396 	0.00552104
9  	10    	0.00537348	3.72671e-05	0.00530164	0.00544522
10 	10    	0.00542015	0.000123899	0.0052917 	0.00575063
11 	10    	0.00552193	0.000298212	0.00533911	0.00639028
12 	10    	0.00541116	4.86386e-05	0.00533459	0.00549489
13 	10    	0.0055299 	0.000223776	0.00532722	0.00607096
14 	10    	0.00554611	0.000201529	0.00533481	0.00588244
15 	10    	0.00560229	0.000304927	0.00531517	0.00645507
16 	10    	0.0055272 	0.00012506 	0.00529686	0.00574419
17 	10    	0.00556094	0.000207355	0.00524776	0.00600067
18 	10    	0.00555344	0.000216695	0.00514595	0.00605346
19 	10    	0.00546471	0.000169823	0.00524635	0.00576897
20 	10    	0.00537766	9.4558e-05 	0.00524836	0.00559906
Runtime: 5.5206693390027795 (s)


Final population:
Index: Selected                                    #Selected    CV          
----------------------------------------------------------------------------------------------------
    0: 1111000010011010010100101010110100010000... 98           0.0052483573
    1: 1111000010111010010110101010110110010000... 100          0.0053527577
    2: 1111000010011010010110111010100100010010... 96           0.0053707855
    3: 1111000010011010010110101010100100010010... 93           0.0053299451
    4: 1111000010011110010110101010100100010010... 96           0.0053972269
    5: 1111000010011010010110101010100100010010... 95           0.0052944492
    6: 1111100010011010011110101110000100010010... 97           0.0055990632
    7: 1111100010011010010110101010100100010011... 100          0.005401908 
    8: 1111000010011010010110101010100100010010... 94           0.0054700249
    9: 1111000010011010010110101010100100010010... 97           0.0053120599

Pickling population to: genetic_alg_settings_population_end.pkl

Hall of Fame:
Index: Selected                                    #Selected    CV          
----------------------------------------------------------------------------------------------------
    0: 1111000010011010010110101010100100010010... 96           0.0051459451
    1: 1111110111011110010001111110001110010011... 100          0.0052394423
    2: 1111000010011010011011101010000100010000... 93           0.0052395985
    3: 1111000010011010010110101010100100010010... 95           0.0052463457
    4: 1111000011011010010111101110001100110001... 100          0.0052477634
    5: 1111000010011010010100101010110100010000... 98           0.0052483573
    6: 1111010001011010001100101110001111010011... 100          0.0052578532
    7: 1111010001011110000100101110001111010001... 98           0.0052580449
    8: 1111000001011010101100101010001101010001... 97           0.0052599577
    9: 1111001010011010010000101010000100010010... 100          0.0052621018

Pickling Hall of Fame to: genetic_alg_settings_evolve_halloffame.pkl
#   DONE  Runtime: 118.97999198300022 (s)

Adding statistics...
  DONE

Result:
Index: Selected                                    #Selected    CV           RMS          wRMS         Estimator                FeatureSelection         Note
--------------------------------------------------------------------------------------------------------------------------------------------------------------------
    0: 1111000010011010010110101010100100010010... 96           0.0051459451 0.0043945405 0.0044036344 LinearRegression         GeneticAlgorithm         
    1: 1111110111011110010001111110001110010011... 100          0.0052394423 0.0044533824 0.0044628007 LinearRegression         GeneticAlgorithm         
    2: 1111000010011010011011101010000100010000... 93           0.0052395985 0.0044680622 0.0044779345 LinearRegression         GeneticAlgorithm         
    3: 1111000010011010010110101010100100010010... 95           0.0052463457 0.004430205  0.0044386683 LinearRegression         GeneticAlgorithm         
    4: 1111000011011010010111101110001100110001... 100          0.0052477634 0.0044109251 0.0044208256 LinearRegression         GeneticAlgorithm         
    5: 1111000010011010010100101010110100010000... 98           0.0052483573 0.0044125806 0.0044211229 LinearRegression         GeneticAlgorithm         
    6: 1111010001011010001100101110001111010011... 100          0.0052578532 0.0044242572 0.0044341174 LinearRegression         GeneticAlgorithm         
    7: 1111010001011110000100101110001111010001... 98           0.0052580449 0.0043737688 0.0043832303 LinearRegression         GeneticAlgorithm         
    8: 1111000001011010101100101010001101010001... 97           0.0052599577 0.0044656805 0.0044757082 LinearRegression         GeneticAlgorithm         
    9: 1111001010011010010000101010000100010010... 100          0.0052621018 0.0044575579 0.0044688163 LinearRegression         GeneticAlgorithm         

Pickling Hall of Fame to: genetic_alg_settings_halloffame.pkl
