Loading genetic_alg_settings.json
# Hall of Fame size: 10 

# Get problem data...
# wHullDist: Will calculate hull distance: hull_dist(CALCULATED,atom_frac)
# Query requested: ['formation_energy', 'is_calculated', 'corr', 'hull_dist(CALCULATED,atom_frac)']
# Use existing: []
# Querying: ['formation_energy', 'is_calculated', 'corr', 'hull_dist(CALCULATED,atom_frac)']
#   DONE

# Target: formation_energy
# Training samples: 627
# Features: 253 

# Weighting:
{
  "method": "wHullDist",
  "kwargs": {
    "A": 1.05,
    "B": 0.0,
    "kT": 0.05500000000000001,
    "hull_selection": "CALCULATED"
  }
}

# CV:
{
  "method": "KFold",
  "kwargs": {
    "n_splits": 10,
    "shuffle": true
  },
  "penalty": 0.0
} 

# Writing problem specs to: genetic_alg_settings_specs.pkl
# To inspect or customize the problem specs further, use the '--checkspecs' method

# Estimator:
{
  "method": "LinearRegression",
  "kwargs": {
    "fit_intercept": false
  }
} 

# Feature Selection:
{
  "method": "GeneticAlgorithm",
  "kwargs": {
    "constraints_kwargs": {
      "n_features_max": 100,
      "n_features_min": 3,
      "fix_off": [],
      "fix_on": [
        0,
        1,
        2
      ]
    },
    "selTournamentSize": 3,
    "mutFlipBitProb": 0.01,
    "evolve_params_kwargs": {
      "n_generation": 20,
      "n_repetition": 20,
      "n_features_init": 3,
      "n_population": 10,
      "n_halloffame": 10,
      "halloffame_filename": "evolve_halloffame.pkl",
      "filename_prefix": "genetic_alg_settings"
    },
    "cxUniformProb": 0.5
  }
} 

# Fit and select...
Constructing initial population
Begin 1 of 20 repetitions
Begin 20 generations
gen	nevals	avg      	std        	min      	max      
0  	10    	0.0193355	0.000785187	0.0181524	0.0204889
1  	10    	0.0182885	0.00116282 	0.0173479	0.0214978
2  	10    	0.0171514	0.000847102	0.0154432	0.018336 
3  	10    	0.0166431	0.00144297 	0.0140953	0.0190358
4  	10    	0.0157296	0.00138144 	0.0134357	0.0175212
5  	10    	0.0140516	0.00137378 	0.0123032	0.016672 
6  	10    	0.0127518	0.00141514 	0.00978634	0.0156612
7  	10    	0.0102287	0.00106121 	0.00953265	0.0129248
8  	10    	0.0096868	0.000194043	0.00925657	0.00997588
9  	10    	0.00955542	0.00027996 	0.00893199	0.0100341 
10 	10    	0.00944566	0.000194106	0.00907457	0.0098059 
11 	10    	0.00930539	0.000190294	0.00893111	0.00971686
12 	10    	0.00909078	0.000278266	0.00877582	0.00977066
13 	10    	0.00913456	0.000616886	0.00840016	0.0108018 
14 	10    	0.00872723	0.000187708	0.00842076	0.00907362
15 	10    	0.00861223	0.000189609	0.00830308	0.00899345
16 	10    	0.00851859	0.000178301	0.00823018	0.00891266
17 	10    	0.00836764	0.000179516	0.0081322 	0.00870719
18 	10    	0.00818969	0.00011639 	0.00800311	0.0084513 
19 	10    	0.00821825	0.000167359	0.00780691	0.00847471
20 	10    	0.00823764	0.000145049	0.00797052	0.00847575
Runtime: 3.174649751999823 (s)


Final population:
Index: Selected                                    #Selected    CV          
----------------------------------------------------------------------------------------------------
    0: 1110000011001011000100000011101100000001... 60           0.0082855428
    1: 1110000011001011000100000011101100000001... 56           0.0081945901
    2: 1110000011001011000101000011101100000001... 59           0.0083639342
    3: 1110000011001011000100000011101100000001... 59           0.0083084581
    4: 1110000011001001000100000011101100000001... 68           0.0080684685
    5: 1110000011001011000100000011111100001001... 65           0.0081100663
    6: 1110000011001001000100000011101100001001... 59           0.0083478693
    7: 1110000011001001000100000011101100001001... 62           0.008251222 
    8: 1110100011101011000110000011101100000101... 64           0.0084757518
    9: 1110100011101011000101000111001101000001... 65           0.0079705198

Pickling population to: genetic_alg_settings_population_end.pkl

Hall of Fame:
Index: Selected                                    #Selected    CV          
----------------------------------------------------------------------------------------------------
    0: 1110000011001011000100000011101100001001... 67           0.0078069081
    1: 1110100011101011000101000111001101000001... 65           0.0079705198
    2: 1110000011001011000100000011101100001001... 60           0.0080031129
    3: 1110000011001001000100000011101100000001... 68           0.0080684685
    4: 1110010011001001000100000011101100001001... 60           0.0080704309
    5: 1110000011001011000100000011101100000001... 57           0.0080926225
    6: 1110000011001011000100000011111100001001... 65           0.0081100663
    7: 1110000011001011000100000011101100000001... 57           0.0081321991
    8: 1110000011001001000100000011101100000001... 57           0.0081572897
    9: 1110000011001001000100000011101100000001... 55           0.0081662475

Pickling Hall of Fame to: genetic_alg_settings_evolve_halloffame.pkl
Begin 2 of 20 repetitions
Begin 20 generations
gen	nevals	avg       	std        	min       	max       
0  	0     	0.00823764	0.000145049	0.00797052	0.00847575
1  	10    	0.00827175	0.000171417	0.00798534	0.00863429
2  	10    	0.00818483	0.000218144	0.00785022	0.00855076
3  	10    	0.0079881 	0.000286363	0.00764855	0.0084137 
4  	10    	0.00784827	0.000298751	0.00746278	0.00830854
5  	10    	0.00766649	0.000250048	0.00722888	0.00812255
6  	10    	0.00756171	0.000184248	0.00727343	0.00779571
7  	10    	0.00751006	0.000148263	0.00729437	0.00778283
8  	10    	0.00735671	0.000242078	0.00680294	0.00766834
9  	10    	0.00716809	0.000186584	0.0069276 	0.00742701
10 	10    	0.00706027	0.000279688	0.00660352	0.00746811
11 	10    	0.00684912	0.000246246	0.00650402	0.00731853
12 	10    	0.00665835	0.000133044	0.00651165	0.00693353
13 	10    	0.00658141	0.000163666	0.00628743	0.00692558
14 	10    	0.00653871	0.000286464	0.00598169	0.00714699
15 	10    	0.0063003 	0.000221598	0.00601333	0.00664212
16 	10    	0.00620729	0.000113677	0.0059877 	0.00641191
17 	10    	0.00610101	0.000113866	0.00595238	0.0062816 
18 	10    	0.00608855	5.58643e-05	0.00599529	0.0061664 
19 	10    	0.00607889	5.36248e-05	0.00596243	0.00615697
20 	10    	0.00615057	0.000123811	0.00596523	0.00633677
Runtime: 5.120128853999631 (s)


Final population:
Index: Selected                                    #Selected    CV          
----------------------------------------------------------------------------------------------------
    0: 1111000010001010000000001011100101001011... 90           0.0061114591
    1: 1111000010001010000000001011100101001011... 92           0.0059888907
    2: 1111000010001010000000001001100101001011... 93           0.0063367661
    3: 1111000010001010000000001011100101001011... 98           0.0062130074
    4: 1111000010001010000000001011000101001010... 87           0.0060572379
    5: 1111010010001011000000001011100101001011... 98           0.0061226155
    6: 1111000010001010000000001011100101001011... 89           0.0063341584
    7: 1111010010001010000000001011000101001011... 94           0.0059652261
    8: 1111010010001010000000001011000101001011... 94           0.0061303839
    9: 1111000010001010000000001011101101001001... 90           0.0062459538

Pickling population to: genetic_alg_settings_population_end.pkl

Hall of Fame:
Index: Selected                                    #Selected    CV          
----------------------------------------------------------------------------------------------------
    0: 1111000010001010000000001011100101001011... 92           0.005952382 
    1: 1111010010001010000000001011000101001011... 90           0.0059624302
    2: 1111010010001010000000001011000101001011... 94           0.0059652261
    3: 1111000010001010000000001011100101001011... 88           0.0059792051
    4: 1111000010001010000000001011100101001011... 92           0.0059816948
    5: 1111000010001010000000001011100101001011... 91           0.0059876955
    6: 1111000010001010000000001011100101001011... 92           0.0059888907
    7: 1111000010001010000000001011000101001011... 91           0.0059890838
    8: 1111000010001010000000001011100101001011... 90           0.0059952929
    9: 1111000010001010000000001011000101001011... 92           0.0060125748

Pickling Hall of Fame to: genetic_alg_settings_evolve_halloffame.pkl
Begin 3 of 20 repetitions
Begin 20 generations
gen	nevals	avg       	std        	min       	max       
0  	0     	0.00615057	0.000123811	0.00596523	0.00633677
1  	10    	0.00614048	0.000107604	0.0059821 	0.0063471 
2  	10    	0.00612152	6.20783e-05	0.00599809	0.00619349
3  	10    	0.00609339	7.19228e-05	0.00593587	0.00620395
4  	10    	0.00605491	9.78488e-05	0.00591634	0.00628799
5  	10    	0.00608081	0.00010534 	0.00585691	0.00624628
6  	10    	0.00609129	0.000100772	0.00598367	0.00629023
7  	10    	0.00609027	8.63312e-05	0.00593089	0.00624906
8  	10    	0.00611394	0.000116039	0.00592441	0.00639008
9  	10    	0.00611202	6.7433e-05 	0.00598401	0.00623823
10 	10    	0.00600165	8.21809e-05	0.00587382	0.00613964
11 	10    	0.00611021	6.9948e-05 	0.00598133	0.00625565
12 	10    	0.00604017	0.000110122	0.00591415	0.00630622
13 	10    	0.00612837	0.000266057	0.00591615	0.00686243
14 	10    	0.00611903	0.000163444	0.00588593	0.00647576
15 	10    	0.00621232	0.000447253	0.00587941	0.00750404
16 	10    	0.00609992	8.80329e-05	0.00599662	0.00631042
17 	10    	0.00600757	8.37333e-05	0.0058934 	0.006137  
18 	10    	0.00613767	0.000365553	0.00574525	0.00695257
19 	10    	0.00597796	0.000222105	0.0057651 	0.00656702
20 	10    	0.00602572	0.000385365	0.00563021	0.00693926
Runtime: 5.846725790001074 (s)


Final population:
Index: Selected                                    #Selected    CV          
----------------------------------------------------------------------------------------------------
    0: 1110000110001010000010001010000111000111... 100          0.0064883073
    1: 1111000110001010000010001011010101000111... 100          0.0061915539
    2: 1111000110001010000010001011010111000111... 99           0.0058972523
    3: 1111000110001010000010000011000111000111... 96           0.0069392597
    4: 1111000110001010000010001011010111000111... 100          0.0059369359
    5: 1111000110001010000010001011000101000111... 99           0.0057368835
    6: 1111000110001010000010001011000101000111... 100          0.0058751805
    7: 1111000110001010000010001011000101000111... 100          0.0058134197
    8: 1111000110001010000010001011000111000111... 97           0.005630206 
    9: 1111000110001010000010001011000111000111... 94           0.0057481632

Pickling population to: genetic_alg_settings_population_end.pkl

Hall of Fame:
Index: Selected                                    #Selected    CV          
----------------------------------------------------------------------------------------------------
    0: 1111000110001010000010001011000111000111... 97           0.005630206 
    1: 1111000110001010000010001011000101000111... 99           0.0057368835
    2: 1111000110001010000010001011000111000111... 100          0.0057452512
    3: 1111000110001010000010001011000111000111... 94           0.0057481632
    4: 1111000110001010000010001011000111000111... 97           0.0057650951
    5: 1111000110001010000010001011000101000111... 99           0.0058123771
    6: 1111000110001010000010001011000101000111... 100          0.0058134197
    7: 1111000110001010000010001011000111000111... 97           0.0058408907
    8: 1111000111001010000010001011000111000111... 95           0.0058468065
    9: 1111000110001010000000001011000101000111... 95           0.0058569136

Pickling Hall of Fame to: genetic_alg_settings_evolve_halloffame.pkl
Begin 4 of 20 repetitions
Begin 20 generations
gen	nevals	avg       	std        	min       	max       
0  	0     	0.00602572	0.000385365	0.00563021	0.00693926
1  	10    	0.00592095	0.000249502	0.00568177	0.00660928
2  	10    	0.00585634	0.000128215	0.00558834	0.00602558
3  	10    	0.00594593	0.00043412 	0.00560948	0.0068607 
4  	10    	0.00593334	0.000236011	0.00567435	0.0064065 
5  	10    	0.00592657	0.000223402	0.00561253	0.00642429
6  	10    	0.00587393	0.000169802	0.0056704 	0.00632046
7  	10    	0.0058363 	0.00016736 	0.00563713	0.00613371
8  	10    	0.00576003	0.000139128	0.00553075	0.0060147 
9  	10    	0.00582958	0.00018007 	0.00561664	0.00630592
10 	10    	0.00579713	0.000101785	0.00570384	0.00607414
11 	10    	0.00573757	0.000184192	0.00556176	0.00626601
12 	10    	0.00574624	0.000104613	0.00563449	0.00596328
13 	10    	0.0057131 	7.50709e-05	0.00565052	0.00589448
14 	10    	0.00573498	0.000148844	0.00556102	0.00609645
15 	10    	0.00574968	0.00020546 	0.00560248	0.00634673
16 	10    	0.00583845	0.000378238	0.00563043	0.0069106 
17 	10    	0.00585814	0.000352204	0.00554945	0.00655124
18 	10    	0.00570047	7.47187e-05	0.00558153	0.00583701
19 	10    	0.00580014	0.000256318	0.00551021	0.00649952
20 	10    	0.00581725	0.000103632	0.00566064	0.00598502
Runtime: 5.840191471001162 (s)


Final population:
Index: Selected                                    #Selected    CV          
----------------------------------------------------------------------------------------------------
    0: 1111000110001010000010001011100101000011... 100          0.0057609586
    1: 1111000110001010000000001011100100000011... 100          0.0058898314
    2: 1111000010001010000010001011100101000011... 98           0.0059243115
    3: 1111000010001010000010001011100101000011... 96           0.0058155792
    4: 1111000110001010000010001011100101000010... 100          0.0056606409
    5: 1111000110001010000010101011100101000011... 100          0.0059850151
    6: 1111001110001010000010001011100101000011... 99           0.0057328545
    7: 1111000110001010000010001011100101000001... 98           0.0057806323
    8: 1111000110001010001010001001100100000011... 100          0.0059260164
    9: 1111000110001010000000001011100101000011... 99           0.0056967093

Pickling population to: genetic_alg_settings_population_end.pkl

Hall of Fame:
Index: Selected                                    #Selected    CV          
----------------------------------------------------------------------------------------------------
    0: 1111000110001010000010001011100101000011... 100          0.0055102085
    1: 1111000110001010000010001010000101000111... 98           0.0055307536
    2: 1111000110001010000010001010100101000011... 100          0.0055494487
    3: 1111000110001010000010001011000101000011... 99           0.0055610208
    4: 1111000110001010000010001010000101000111... 97           0.0055617556
    5: 1111000110011110000010001011100101000011... 100          0.0055622753
    6: 1111000110001010000010001011100101000011... 100          0.0055675276
    7: 1111000110001010000010001011100101000011... 100          0.0055815291
    8: 1111000110001010000010001011100101001011... 99           0.0055849656
    9: 1111000110001010000010001011000101000111... 100          0.005588342 

Pickling Hall of Fame to: genetic_alg_settings_evolve_halloffame.pkl
Begin 5 of 20 repetitions
Begin 20 generations
gen	nevals	avg       	std        	min       	max       
0  	0     	0.00581725	0.000103632	0.00566064	0.00598502
1  	10    	0.0057429 	6.84093e-05	0.00562706	0.0058527 
2  	10    	0.00582471	0.000266476	0.0056141 	0.00659269
3  	10    	0.00584574	0.000177057	0.0056593 	0.00630556
4  	10    	0.0057202 	7.19315e-05	0.00559605	0.0058306 
5  	10    	0.00579111	0.000145639	0.00557589	0.00604647
6  	10    	0.00578861	0.000217617	0.00557357	0.00635385
7  	10    	0.00575464	0.000145303	0.00563043	0.00605128
8  	10    	0.00574948	0.000138657	0.00566199	0.00614709
9  	10    	0.00577076	0.000158521	0.00562923	0.00619823
10 	10    	0.0057567 	0.000135352	0.00565315	0.0061237 
11 	10    	0.00573205	0.000289861	0.00556198	0.00656768
12 	10    	0.0056653 	0.000154469	0.00543498	0.00604105
13 	10    	0.00584352	0.000271444	0.00567874	0.00664005
14 	10    	0.00580084	0.000117623	0.00566531	0.00598384
15 	10    	0.00604543	0.000320274	0.00555591	0.00662646
16 	10    	0.00612286	0.000454506	0.00565718	0.0069836 
17 	10    	0.00600745	0.000357094	0.00570673	0.00703506
18 	10    	0.00590582	0.000113634	0.00563256	0.00609128
19 	10    	0.00619214	0.000550381	0.00569099	0.00735793
20 	10    	0.00602824	0.000417148	0.00562622	0.00694798
Runtime: 5.875069718000304 (s)


Final population:
Index: Selected                                    #Selected    CV          
----------------------------------------------------------------------------------------------------
    0: 1111001100001010000010001011100101000010... 100          0.0056262203
    1: 1111001100001010011010101011100101000010... 100          0.0059426535
    2: 1111001100001010100010000011100101000010... 97           0.0069479776
    3: 1111001111001010000000101011100101000010... 100          0.0058670749
    4: 1111001100001010000010101011100101000010... 97           0.0059201231
    5: 1111001100001010011010001011100101000010... 100          0.005940894 
    6: 1111001101001010100010101011100101000010... 99           0.0058960134
    7: 1111000101001010100000100011100101000010... 100          0.006704754 
    8: 1111001100001010010010001011100101000010... 100          0.005798169 
    9: 1111001110001010001010101011100101000010... 100          0.0056385223

Pickling population to: genetic_alg_settings_population_end.pkl

Hall of Fame:
Index: Selected                                    #Selected    CV          
----------------------------------------------------------------------------------------------------
    0: 1111001110001010010010001011100101000010... 100          0.0054349772
    1: 1111001110001010010010001111100101000010... 98           0.0054971809
    2: 1111000110001010000010001011100101000011... 100          0.0055102085
    3: 1111000110001010000010001010000101000111... 98           0.0055307536
    4: 1111000110001010000010001010100101000011... 100          0.0055494487
    5: 1111001110001010010010001011100101000010... 98           0.0055559102
    6: 1111000110001010000010001011000101000011... 99           0.0055610208
    7: 1111000110001010000010001010000101000111... 97           0.0055617556
    8: 1111001110001010010010001011100100000010... 100          0.0055619839
    9: 1111000110011110000010001011100101000011... 100          0.0055622753

Pickling Hall of Fame to: genetic_alg_settings_evolve_halloffame.pkl
Begin 6 of 20 repetitions
Begin 20 generations
gen	nevals	avg       	std        	min       	max       
0  	0     	0.00602824	0.000417148	0.00562622	0.00694798
1  	10    	0.00591049	0.000340099	0.00565138	0.00689507
2  	10    	0.00587412	0.000178075	0.00560211	0.00631014
3  	10    	0.00603856	0.000364097	0.00561789	0.00679366
4  	10    	0.00601066	0.000200157	0.00579969	0.00640306
5  	10    	0.00598639	0.000133973	0.00572   	0.00618824
6  	10    	0.00589736	0.000130569	0.00568601	0.00620552
7  	10    	0.00595802	0.000100435	0.00577321	0.00612679
8  	10    	0.00600015	0.000221813	0.00575173	0.00651379
9  	10    	0.00590562	0.000126012	0.00578175	0.00620548
10 	10    	0.00597697	0.000189067	0.00575209	0.00646889
11 	10    	0.00610964	0.000241523	0.00580371	0.00652787
12 	10    	0.00611608	0.00021717 	0.00588458	0.0066148 
13 	10    	0.00596989	7.01237e-05	0.00590041	0.00614215
14 	10    	0.00594877	0.000115013	0.00581895	0.00626062
15 	10    	0.00594381	6.38101e-05	0.0058524 	0.00603475
16 	10    	0.00592465	9.23813e-05	0.00575491	0.00605216
17 	10    	0.00593467	7.64619e-05	0.00582557	0.00604673
18 	10    	0.00590822	5.77222e-05	0.00582282	0.0060051 
19 	10    	0.00590965	0.000112989	0.0057438 	0.00607278
20 	10    	0.0059626 	4.56751e-05	0.00586629	0.00604768
Runtime: 5.833766024999932 (s)


Final population:
Index: Selected                                    #Selected    CV          
----------------------------------------------------------------------------------------------------
    0: 1111011000000000000011101011000100100110... 95           0.0059542477
    1: 1111011000000010000011101011000101100110... 96           0.0059677475
    2: 1111011000000010000011101011000101100110... 93           0.0059630398
    3: 1111011000000010000011101011000101100110... 95           0.0060476819
    4: 1111011000001010000011101011000101000110... 94           0.0059382706
    5: 1111011000001010000010101011000101000110... 91           0.0059647597
    6: 1111001000000010001011101011000101100111... 99           0.0059476044
    7: 1111011001001010000011101111000101000110... 100          0.0058662871
    8: 1111011000000010000011101011000101100110... 96           0.0059556517
    9: 1111011000000010000011101011000101100110... 96           0.0060207453

Pickling population to: genetic_alg_settings_population_end.pkl

Hall of Fame:
Index: Selected                                    #Selected    CV          
----------------------------------------------------------------------------------------------------
    0: 1111001110001010010010001011100101000010... 100          0.0054349772
    1: 1111001110001010010010001111100101000010... 98           0.0054971809
    2: 1111000110001010000010001011100101000011... 100          0.0055102085
    3: 1111000110001010000010001010000101000111... 98           0.0055307536
    4: 1111000110001010000010001010100101000011... 100          0.0055494487
    5: 1111001110001010010010001011100101000010... 98           0.0055559102
    6: 1111000110001010000010001011000101000011... 99           0.0055610208
    7: 1111000110001010000010001010000101000111... 97           0.0055617556
    8: 1111001110001010010010001011100100000010... 100          0.0055619839
    9: 1111000110011110000010001011100101000011... 100          0.0055622753

Pickling Hall of Fame to: genetic_alg_settings_evolve_halloffame.pkl
Begin 7 of 20 repetitions
Begin 20 generations
gen	nevals	avg      	std        	min       	max       
0  	0     	0.0059626	4.56751e-05	0.00586629	0.00604768
1  	10    	0.00613352	0.000443889	0.00578478	0.00702268
2  	10    	0.00603121	0.000259109	0.00587479	0.00679599
3  	10    	0.00603455	0.000184291	0.00588142	0.00651679
4  	10    	0.00606376	0.000334713	0.00579739	0.00703884
5  	10    	0.0059871 	0.000127707	0.00586587	0.00631337
6  	10    	0.00600277	0.000233445	0.00583942	0.00666586
7  	10    	0.00594685	7.22643e-05	0.00584199	0.00609529
8  	10    	0.00587582	6.74985e-05	0.00579944	0.00605911
9  	10    	0.00596594	0.000200015	0.00569643	0.00646521
10 	10    	0.00603883	0.000276836	0.00580363	0.00677144
11 	10    	0.00591896	0.000100233	0.00579807	0.00605591
12 	10    	0.00610877	0.000310999	0.00585226	0.0070166 
13 	10    	0.0060168 	0.000256695	0.00567913	0.00649629
14 	10    	0.00595459	0.00013741 	0.00580691	0.00630925
15 	10    	0.00605087	0.000199506	0.00584753	0.00649497
16 	10    	0.00602854	0.000268995	0.00579497	0.00664715
17 	10    	0.00592444	6.84275e-05	0.00581286	0.00604631
18 	10    	0.00598379	0.000140189	0.00584956	0.0063316 
19 	10    	0.00601131	0.000216481	0.00585415	0.00664365
20 	10    	0.00605755	0.000143504	0.00587986	0.00630468
Runtime: 5.816736499997205 (s)


Final population:
Index: Selected                                    #Selected    CV          
----------------------------------------------------------------------------------------------------
    0: 1111011001011000000011101110000101000110... 98           0.005965808 
    1: 1111011001011000000011101110000101000110... 100          0.0059350232
    2: 1111011001011000000011101110000101000110... 98           0.006174581 
    3: 1111001011011000001011101110000101000110... 98           0.0058798581
    4: 1111011001011000000011101100000101000110... 100          0.0063046799
    5: 1111011001011000000011101110000101000110... 99           0.0060677162
    6: 1111010001011000000011101110000101001100... 99           0.0059940659
    7: 1111001001011000000011101110000101010110... 97           0.0060386158
    8: 1111011001011000000011101110000101000110... 100          0.0062901528
    9: 1111011001011000000011101110000101001100... 99           0.0059250223

Pickling population to: genetic_alg_settings_population_end.pkl

Hall of Fame:
Index: Selected                                    #Selected    CV          
----------------------------------------------------------------------------------------------------
    0: 1111001110001010010010001011100101000010... 100          0.0054349772
    1: 1111001110001010010010001111100101000010... 98           0.0054971809
    2: 1111000110001010000010001011100101000011... 100          0.0055102085
    3: 1111000110001010000010001010000101000111... 98           0.0055307536
    4: 1111000110001010000010001010100101000011... 100          0.0055494487
    5: 1111001110001010010010001011100101000010... 98           0.0055559102
    6: 1111000110001010000010001011000101000011... 99           0.0055610208
    7: 1111000110001010000010001010000101000111... 97           0.0055617556
    8: 1111001110001010010010001011100100000010... 100          0.0055619839
    9: 1111000110011110000010001011100101000011... 100          0.0055622753

Pickling Hall of Fame to: genetic_alg_settings_evolve_halloffame.pkl
Begin 8 of 20 repetitions
Begin 20 generations
gen	nevals	avg       	std        	min       	max       
0  	0     	0.00605755	0.000143504	0.00587986	0.00630468
1  	10    	0.00609353	0.00027354 	0.00582263	0.00661319
2  	10    	0.00608546	0.000202486	0.00586631	0.0065634 
3  	10    	0.00599608	0.000134481	0.00586773	0.00625641
4  	10    	0.00605372	0.000236073	0.00583783	0.00656745
5  	10    	0.00590449	8.9643e-05 	0.00571372	0.0060159 
6  	10    	0.00593691	0.00012394 	0.00577572	0.0062478 
7  	10    	0.00606026	0.000253262	0.00580056	0.00660465
8  	10    	0.00601394	0.000197104	0.00575719	0.00638469
9  	10    	0.00586885	0.000149908	0.00564512	0.00613168
10 	10    	0.0059197 	0.000320818	0.00566454	0.00685396
11 	10    	0.00588431	0.000159567	0.00567763	0.0061984 
12 	10    	0.00584103	6.72561e-05	0.00576053	0.00597878
13 	10    	0.00579008	8.67454e-05	0.00563059	0.00593768
14 	10    	0.00615954	0.000293713	0.0057642 	0.00662831
15 	10    	0.00600061	0.000148568	0.00578487	0.00630663
16 	10    	0.0059422 	9.16847e-05	0.00584807	0.00611641
17 	10    	0.00596116	0.00023834 	0.00568388	0.00648371
18 	10    	0.00590989	0.000287649	0.0056707 	0.00646111
19 	10    	0.0060288 	0.000367657	0.00573552	0.00684908
20 	10    	0.00592839	0.000247804	0.00561249	0.00650624
Runtime: 5.80297740700189 (s)


Final population:
Index: Selected                                    #Selected    CV          
----------------------------------------------------------------------------------------------------
    0: 1111000011011100000001111011110101000011... 100          0.0058108073
    1: 1111000011011000010000101111100101000010... 94           0.0062316044
    2: 1111010010011000000000101011100101000011... 92           0.0058854603
    3: 1111010011011100000000101011100101100010... 99           0.0057876669
    4: 1111000011011000000000101011100101000011... 100          0.0058175497
    5: 1111000011011000000000101011100101000011... 100          0.0056124936
    6: 1111000011011100000000101011100101000011... 94           0.0057464646
    7: 1111000001011000010001101111100101000010... 99           0.0058830309
    8: 1110000011011000000001101111100101000010... 97           0.0065062424
    9: 1111000011011100010000101011100101000011... 100          0.0060026291

Pickling population to: genetic_alg_settings_population_end.pkl

Hall of Fame:
Index: Selected                                    #Selected    CV          
----------------------------------------------------------------------------------------------------
    0: 1111001110001010010010001011100101000010... 100          0.0054349772
    1: 1111001110001010010010001111100101000010... 98           0.0054971809
    2: 1111000110001010000010001011100101000011... 100          0.0055102085
    3: 1111000110001010000010001010000101000111... 98           0.0055307536
    4: 1111000110001010000010001010100101000011... 100          0.0055494487
    5: 1111001110001010010010001011100101000010... 98           0.0055559102
    6: 1111000110001010000010001011000101000011... 99           0.0055610208
    7: 1111000110001010000010001010000101000111... 97           0.0055617556
    8: 1111001110001010010010001011100100000010... 100          0.0055619839
    9: 1111000110011110000010001011100101000011... 100          0.0055622753

Pickling Hall of Fame to: genetic_alg_settings_evolve_halloffame.pkl
Begin 9 of 20 repetitions
Begin 20 generations
gen	nevals	avg       	std        	min       	max       
0  	0     	0.00592839	0.000247804	0.00561249	0.00650624
1  	10    	0.00581373	0.000216795	0.00566372	0.00642326
2  	10    	0.00598402	0.000265839	0.00568135	0.0065074 
3  	10    	0.00606761	0.000265259	0.0057069 	0.00664846
4  	10    	0.00596264	0.000302505	0.00565799	0.00675982
5  	10    	0.00583872	0.000244084	0.00556253	0.00652251
6  	10    	0.00580227	0.000261132	0.00551933	0.00649653
7  	10    	0.00574587	0.000147366	0.00556872	0.0061127 
8  	10    	0.00585452	0.000330108	0.00553835	0.00667081
9  	10    	0.00566688	7.51039e-05	0.0055244 	0.00578   
10 	10    	0.00604166	0.000818361	0.00558819	0.00845947
11 	10    	0.00590307	0.00038476 	0.00560224	0.00686538
12 	10    	0.00575641	0.000169913	0.00558554	0.00602121
13 	10    	0.00575509	0.000136894	0.00552163	0.00605966
14 	10    	0.00578317	0.000116412	0.00566342	0.00599917
15 	10    	0.00580358	0.000139876	0.00563162	0.00603359
16 	10    	0.00589061	0.000257688	0.00563992	0.00651332
17 	10    	0.0057358 	6.87381e-05	0.00563745	0.00589186
18 	10    	0.00589927	0.000233122	0.00560022	0.00627295
19 	10    	0.00572671	7.24121e-05	0.00558375	0.00585022
20 	10    	0.00589922	0.000292086	0.00562377	0.00649955
Runtime: 5.813819959999819 (s)


Final population:
Index: Selected                                    #Selected    CV          
----------------------------------------------------------------------------------------------------
    0: 1111000011011000000000101010101101000011... 97           0.0058570502
    1: 1111000011011000000101101011101101000011... 96           0.0057536933
    2: 1110000011001010000100101010101101000011... 93           0.0064995487
    3: 1111000010011100010101101010101101000011... 100          0.0063659345
    4: 1111000010011110010100101010101101000011... 94           0.0057683035
    5: 1111000010011110010100101010101101000011... 95           0.0056999788
    6: 1111000011011000000101101011101101000011... 100          0.0056664385
    7: 1111000011011000001100101110101101010000... 97           0.0056995317
    8: 1111000011010100000000101111101101010011... 100          0.0060579736
    9: 1111000011011000001100101011101101000000... 95           0.0056237749

Pickling population to: genetic_alg_settings_population_end.pkl

Hall of Fame:
Index: Selected                                    #Selected    CV          
----------------------------------------------------------------------------------------------------
    0: 1111001110001010010010001011100101000010... 100          0.0054349772
    1: 1111001110001010010010001111100101000010... 98           0.0054971809
    2: 1111000110001010000010001011100101000011... 100          0.0055102085
    3: 1111000011011000000000101011100101000011... 98           0.0055193327
    4: 1111000011011100001100101111101100000011... 98           0.0055216348
    5: 1111000011011000000000101011101101010011... 99           0.0055244009
    6: 1111000110001010000010001010000101000111... 98           0.0055307536
    7: 1111000011011000000000101011101101010011... 97           0.0055383497
    8: 1111000110001010000010001010100101000011... 100          0.0055494487
    9: 1111001110001010010010001011100101000010... 98           0.0055559102

Pickling Hall of Fame to: genetic_alg_settings_evolve_halloffame.pkl
Begin 10 of 20 repetitions
Begin 20 generations
gen	nevals	avg       	std        	min       	max       
0  	0     	0.00589922	0.000292086	0.00562377	0.00649955
1  	10    	0.00585444	0.000203542	0.00562403	0.00625965
2  	10    	0.00584048	0.000172641	0.0056194 	0.00622008
3  	10    	0.00596248	0.000332752	0.00570333	0.00679408
4  	10    	0.0058525 	0.000163111	0.00570123	0.00632118
5  	10    	0.00592981	0.000230905	0.00572381	0.00643364
6  	10    	0.00591584	0.000101117	0.00579473	0.00611321
7  	10    	0.0058832 	0.000148744	0.00566026	0.00625454
8  	10    	0.00584824	0.000122239	0.00572908	0.00611845
9  	10    	0.00589351	0.00014016 	0.00575471	0.00617692
10 	10    	0.00600161	0.000311721	0.00577018	0.00670018
11 	10    	0.00587356	6.585e-05  	0.00577796	0.00600032
12 	10    	0.00599177	0.000289538	0.00574832	0.00671198
13 	10    	0.00592879	6.87767e-05	0.00578721	0.00601417
14 	10    	0.00589818	0.000119463	0.00573365	0.00620454
15 	10    	0.00600378	0.000203371	0.00578747	0.00645754
16 	10    	0.00602711	0.000373437	0.00578334	0.00712995
17 	10    	0.00597943	0.00015374 	0.00569793	0.00628275
18 	10    	0.00586698	0.000119023	0.00571832	0.00610141
19 	10    	0.00579599	0.000117362	0.00567064	0.00610363
20 	10    	0.00592346	0.000157591	0.00576566	0.00621444
Runtime: 5.795575059000839 (s)


Final population:
Index: Selected                                    #Selected    CV          
----------------------------------------------------------------------------------------------------
    0: 1111000010001100000000101110101110001000... 96           0.0058280952
    1: 1111000010001100000000101010101110000000... 100          0.0058237912
    2: 1111010010011100000100101010101110001000... 98           0.0057890471
    3: 1111000010001100000100101110101110000000... 100          0.0058367476
    4: 1111100010011100000100101010101110001000... 99           0.0058215917
    5: 1111000010011100000100101110101110000100... 96           0.006203152 
    6: 1111000010001100000000101110101110001000... 98           0.0062144365
    7: 1111000010011100000100101110101110000100... 100          0.0059800879
    8: 1111000010001100000100101110101110001000... 100          0.0059719788
    9: 1111000010011100000000101110101110001000... 95           0.0057656568

Pickling population to: genetic_alg_settings_population_end.pkl

Hall of Fame:
Index: Selected                                    #Selected    CV          
----------------------------------------------------------------------------------------------------
    0: 1111001110001010010010001011100101000010... 100          0.0054349772
    1: 1111001110001010010010001111100101000010... 98           0.0054971809
    2: 1111000110001010000010001011100101000011... 100          0.0055102085
    3: 1111000011011000000000101011100101000011... 98           0.0055193327
    4: 1111000011011100001100101111101100000011... 98           0.0055216348
    5: 1111000011011000000000101011101101010011... 99           0.0055244009
    6: 1111000110001010000010001010000101000111... 98           0.0055307536
    7: 1111000011011000000000101011101101010011... 97           0.0055383497
    8: 1111000110001010000010001010100101000011... 100          0.0055494487
    9: 1111001110001010010010001011100101000010... 98           0.0055559102

Pickling Hall of Fame to: genetic_alg_settings_evolve_halloffame.pkl
Begin 11 of 20 repetitions
Begin 20 generations
gen	nevals	avg       	std        	min       	max       
0  	0     	0.00592346	0.000157591	0.00576566	0.00621444
1  	10    	0.00589357	0.000195914	0.00571297	0.00643667
2  	10    	0.00593862	0.000217694	0.00563426	0.00630256
3  	10    	0.00613495	0.000482214	0.0056751 	0.00740347
4  	10    	0.00589345	0.00015711 	0.00574918	0.00631355
5  	10    	0.00586976	0.000139088	0.00571679	0.00611486
6  	10    	0.00585781	0.000187719	0.00562339	0.00638094
7  	10    	0.00580892	5.98373e-05	0.0057048 	0.00592992
8  	10    	0.00585628	9.13501e-05	0.00569091	0.00595426
9  	10    	0.00589568	0.000119284	0.00577083	0.0061237 
10 	10    	0.00583628	5.49469e-05	0.00573111	0.0059015 
11 	10    	0.00583832	7.00007e-05	0.00574317	0.00593531
12 	10    	0.00590052	0.000132828	0.00569495	0.0061181 
13 	10    	0.00587299	0.00014438 	0.00574081	0.00626861
14 	10    	0.00594612	0.00028063 	0.00572035	0.00658795
15 	10    	0.00581014	6.97581e-05	0.00569609	0.005918  
16 	10    	0.00595783	0.00030974 	0.00565331	0.00680388
17 	10    	0.00590641	0.000280715	0.00566269	0.00670392
18 	10    	0.00589094	0.000116453	0.00570537	0.00605923
19 	10    	0.00586945	0.000219741	0.00556274	0.00632714
20 	10    	0.00583424	0.000153234	0.00563149	0.00611588
Runtime: 5.914251137000974 (s)


Final population:
Index: Selected                                    #Selected    CV          
----------------------------------------------------------------------------------------------------
    0: 1111010011011100000000001010101111011010... 99           0.0058555338
    1: 1111001011011100000000001011101111011010... 98           0.0057333491
    2: 1111010011011100000010001011101111011010... 99           0.0056697829
    3: 1111000011011100000000001010101111011010... 96           0.005631489 
    4: 1111010011011100010010001011101111011110... 100          0.0060862592
    5: 1111011011011100000000001011101111011010... 96           0.0061158762
    6: 1111010011011100000010001011101111011010... 100          0.0057851458
    7: 1111000011011100000000001010101111011010... 98           0.0058137593
    8: 1111000011011100000000001011101111011010... 96           0.005754168 
    9: 1111010001011100000010001010101111011010... 98           0.005897056 

Pickling population to: genetic_alg_settings_population_end.pkl

Hall of Fame:
Index: Selected                                    #Selected    CV          
----------------------------------------------------------------------------------------------------
    0: 1111001110001010010010001011100101000010... 100          0.0054349772
    1: 1111001110001010010010001111100101000010... 98           0.0054971809
    2: 1111000110001010000010001011100101000011... 100          0.0055102085
    3: 1111000011011000000000101011100101000011... 98           0.0055193327
    4: 1111000011011100001100101111101100000011... 98           0.0055216348
    5: 1111000011011000000000101011101101010011... 99           0.0055244009
    6: 1111000110001010000010001010000101000111... 98           0.0055307536
    7: 1111000011011000000000101011101101010011... 97           0.0055383497
    8: 1111000110001010000010001010100101000011... 100          0.0055494487
    9: 1111001110001010010010001011100101000010... 98           0.0055559102

Pickling Hall of Fame to: genetic_alg_settings_evolve_halloffame.pkl
Begin 12 of 20 repetitions
Begin 20 generations
gen	nevals	avg       	std        	min       	max       
0  	0     	0.00583424	0.000153234	0.00563149	0.00611588
1  	10    	0.00581926	0.00025069 	0.00562306	0.00647838
2  	10    	0.0057897 	0.000110941	0.00563017	0.00600541
3  	10    	0.00582709	0.000141598	0.00562584	0.00620779
4  	10    	0.0059458 	0.00030968 	0.00565191	0.00658567
5  	10    	0.00599584	0.000339439	0.00570814	0.0067992 
6  	10    	0.00590121	0.000190328	0.00566121	0.00638765
7  	10    	0.00592971	0.000232664	0.00574742	0.00660442
8  	10    	0.0060447 	0.000332381	0.00573922	0.00696493
9  	10    	0.00590591	0.000109831	0.00569736	0.0060895 
10 	10    	0.00593405	0.000138376	0.00575027	0.00627439
11 	10    	0.00588244	0.000106724	0.00569559	0.00606403
12 	10    	0.00593365	0.000149119	0.00571052	0.00617624
13 	10    	0.00579192	7.74514e-05	0.00565857	0.00589719
14 	10    	0.00579786	9.38769e-05	0.0056686 	0.00594519
15 	10    	0.00574554	9.90678e-05	0.0055729 	0.00590111
16 	10    	0.00572379	8.34018e-05	0.00559348	0.00584167
17 	10    	0.00576713	9.1847e-05 	0.00564471	0.00593803
18 	10    	0.0058859 	0.000171525	0.00566259	0.00619963
19 	10    	0.00589664	0.000280473	0.00562406	0.00666324
20 	10    	0.00583523	0.000156748	0.00569063	0.00626199
Runtime: 5.8267469969978265 (s)


Final population:
Index: Selected                                    #Selected    CV          
----------------------------------------------------------------------------------------------------
    0: 1111101011011000010001001010101111011110... 100          0.0058672107
    1: 1111100001011000000000001001101111011010... 95           0.0062619944
    2: 1111111011011000000001001010101111011010... 100          0.0059026071
    3: 1111001011011000000000001010101111011010... 93           0.0057204429
    4: 1111101011011000000001001010101111011010... 96           0.0057325551
    5: 1111101011011000000001001010101111011010... 96           0.0057407446
    6: 1111101001011000000000001010101111011110... 95           0.0057717647
    7: 1111100011011000000001001011101101011010... 97           0.0058179168
    8: 1111101011011000000001001010101111011010... 97           0.005846463 
    9: 1111000111011000000000001010101111011110... 96           0.0056906317

Pickling population to: genetic_alg_settings_population_end.pkl

Hall of Fame:
Index: Selected                                    #Selected    CV          
----------------------------------------------------------------------------------------------------
    0: 1111001110001010010010001011100101000010... 100          0.0054349772
    1: 1111001110001010010010001111100101000010... 98           0.0054971809
    2: 1111000110001010000010001011100101000011... 100          0.0055102085
    3: 1111000011011000000000101011100101000011... 98           0.0055193327
    4: 1111000011011100001100101111101100000011... 98           0.0055216348
    5: 1111000011011000000000101011101101010011... 99           0.0055244009
    6: 1111000110001010000010001010000101000111... 98           0.0055307536
    7: 1111000011011000000000101011101101010011... 97           0.0055383497
    8: 1111000110001010000010001010100101000011... 100          0.0055494487
    9: 1111001110001010010010001011100101000010... 98           0.0055559102

Pickling Hall of Fame to: genetic_alg_settings_evolve_halloffame.pkl
Begin 13 of 20 repetitions
Begin 20 generations
gen	nevals	avg       	std        	min       	max       
0  	0     	0.00583523	0.000156748	0.00569063	0.00626199
1  	10    	0.00578512	9.20052e-05	0.00565916	0.00600714
2  	10    	0.00575718	9.04762e-05	0.00563124	0.00594842
3  	10    	0.00571272	4.18453e-05	0.00563251	0.00578137
4  	10    	0.00586424	0.000360534	0.00560414	0.00692473
5  	10    	0.00574379	8.17504e-05	0.00563716	0.00589787
6  	10    	0.00577885	8.19877e-05	0.0056663 	0.0059507 
7  	10    	0.00574795	7.08809e-05	0.00564994	0.00584213
8  	10    	0.00575458	7.79649e-05	0.00564237	0.00591823
9  	10    	0.00594017	0.000395102	0.00559421	0.00677884
10 	10    	0.0058385 	0.000138858	0.00561182	0.00612758
11 	10    	0.00591336	0.000258381	0.00561186	0.00659372
12 	10    	0.00594226	0.000124576	0.0057543 	0.00616874
13 	10    	0.00588822	0.000178153	0.00577452	0.00640908
14 	10    	0.00605089	0.000301961	0.00575769	0.00659986
15 	10    	0.00590639	0.000119644	0.00568593	0.00606633
16 	10    	0.00588078	0.000302728	0.00559437	0.00674215
17 	10    	0.0059347 	0.000275728	0.00571244	0.00668696
18 	10    	0.00586805	0.000141695	0.0056801 	0.00614654
19 	10    	0.00579885	7.28322e-05	0.00570449	0.00590665
20 	10    	0.00583768	0.000101802	0.00569582	0.00601445
Runtime: 5.8136220009982935 (s)


Final population:
Index: Selected                                    #Selected    CV          
----------------------------------------------------------------------------------------------------
    0: 1111100010111001000000001010101110011010... 98           0.0057580642
    1: 1111100010111001000010101010101110011010... 99           0.0057472796
    2: 1111100010110001000000001010101110011010... 96           0.0060144458
    3: 1111100010111001000010001010101110011010... 99           0.0057281681
    4: 1111100011111001000000001010101111011011... 100          0.00569582  
    5: 1111100110111001000000001010101110011010... 93           0.0058930185
    6: 1111101011111001010000011010101111011011... 100          0.005976564 
    7: 1111100110111001000000001010101111011010... 97           0.0058492437
    8: 1111100011111001000000001010101111011010... 97           0.0058216098
    9: 1111100011111001000000001010101111011010... 98           0.0058926245

Pickling population to: genetic_alg_settings_population_end.pkl

Hall of Fame:
Index: Selected                                    #Selected    CV          
----------------------------------------------------------------------------------------------------
    0: 1111001110001010010010001011100101000010... 100          0.0054349772
    1: 1111001110001010010010001111100101000010... 98           0.0054971809
    2: 1111000110001010000010001011100101000011... 100          0.0055102085
    3: 1111000011011000000000101011100101000011... 98           0.0055193327
    4: 1111000011011100001100101111101100000011... 98           0.0055216348
    5: 1111000011011000000000101011101101010011... 99           0.0055244009
    6: 1111000110001010000010001010000101000111... 98           0.0055307536
    7: 1111000011011000000000101011101101010011... 97           0.0055383497
    8: 1111000110001010000010001010100101000011... 100          0.0055494487
    9: 1111001110001010010010001011100101000010... 98           0.0055559102

Pickling Hall of Fame to: genetic_alg_settings_evolve_halloffame.pkl
Begin 14 of 20 repetitions
Begin 20 generations
gen	nevals	avg       	std        	min       	max       
0  	0     	0.00583768	0.000101802	0.00569582	0.00601445
1  	10    	0.00582282	0.000103526	0.00570939	0.0060622 
2  	10    	0.00582955	0.000138649	0.00567906	0.00616204
3  	10    	0.00598878	0.000294685	0.00562844	0.00668955
4  	10    	0.00593762	0.000192834	0.00578134	0.00646867
5  	10    	0.00608289	0.000615474	0.00563374	0.00782981
6  	10    	0.00589772	0.000220208	0.00572164	0.00646553
7  	10    	0.00595073	0.000364832	0.00569441	0.00699121
8  	10    	0.00587949	0.000146233	0.00558914	0.00618541
9  	10    	0.00584231	8.83102e-05	0.00569044	0.00595847
10 	10    	0.00606223	0.000335986	0.00567924	0.00698303
11 	10    	0.00595986	0.000245261	0.00558179	0.00652304
12 	10    	0.00601599	0.000362068	0.00575696	0.00703314
13 	10    	0.00594506	0.000124782	0.00575872	0.00617673
14 	10    	0.00583095	8.15821e-05	0.00567088	0.00595441
15 	10    	0.00581753	0.000116812	0.00566909	0.00605438
16 	10    	0.00591442	0.000252939	0.00576441	0.00665958
17 	10    	0.00588158	0.000107187	0.00573597	0.00606014
18 	10    	0.00605165	0.000393029	0.00571791	0.0070773 
19 	10    	0.00584027	0.000105715	0.00572345	0.00601393
20 	10    	0.00586457	0.00013514 	0.0056958 	0.00617967
Runtime: 5.828642874999787 (s)


Final population:
Index: Selected                                    #Selected    CV          
----------------------------------------------------------------------------------------------------
    0: 1111100010111001000000001010001100011010... 99           0.0059091671
    1: 1111100010111001000000001010001100011010... 99           0.0057446683
    2: 1111100010011001000000001010001100011010... 100          0.0057317528
    3: 1111100010111001000000001010000100011010... 96           0.005971491 
    4: 1111100010111001000000001010000100011010... 98           0.0058140575
    5: 1111100010111001001000001010000100011010... 98           0.0058827778
    6: 1111100010111001000000001010001100011010... 97           0.0059149592
    7: 1111100010111001000100001010001100011010... 100          0.0061796684
    8: 1111100010111001000000001010001100011010... 98           0.0056957992
    9: 1111100010111101000001001010000100011010... 98           0.0058013446

Pickling population to: genetic_alg_settings_population_end.pkl

Hall of Fame:
Index: Selected                                    #Selected    CV          
----------------------------------------------------------------------------------------------------
    0: 1111001110001010010010001011100101000010... 100          0.0054349772
    1: 1111001110001010010010001111100101000010... 98           0.0054971809
    2: 1111000110001010000010001011100101000011... 100          0.0055102085
    3: 1111000011011000000000101011100101000011... 98           0.0055193327
    4: 1111000011011100001100101111101100000011... 98           0.0055216348
    5: 1111000011011000000000101011101101010011... 99           0.0055244009
    6: 1111000110001010000010001010000101000111... 98           0.0055307536
    7: 1111000011011000000000101011101101010011... 97           0.0055383497
    8: 1111000110001010000010001010100101000011... 100          0.0055494487
    9: 1111001110001010010010001011100101000010... 98           0.0055559102

Pickling Hall of Fame to: genetic_alg_settings_evolve_halloffame.pkl
Begin 15 of 20 repetitions
Begin 20 generations
gen	nevals	avg       	std       	min      	max       
0  	0     	0.00586457	0.00013514	0.0056958	0.00617967
1  	10    	0.00584616	7.1672e-05	0.00577293	0.00600369
2  	10    	0.00587473	0.000133745	0.00571188	0.00616352
3  	10    	0.0058346 	0.000156418	0.00567009	0.00617981
4  	10    	0.00576038	8.29187e-05	0.00563406	0.00593992
5  	10    	0.00577946	0.000205607	0.00558907	0.00634639
6  	10    	0.00589531	0.000263725	0.00565446	0.00658486
7  	10    	0.00583136	0.000111453	0.00567723	0.00605755
8  	10    	0.00587247	7.7943e-05 	0.0057395 	0.00599612
9  	10    	0.00585685	9.74814e-05	0.00578684	0.00613097
10 	10    	0.00595698	0.00028512 	0.00569866	0.00673227
11 	10    	0.00586392	9.29243e-05	0.00570933	0.00603507
12 	10    	0.00590913	9.69438e-05	0.00579889	0.00609309
13 	10    	0.00591695	0.00013358 	0.00574249	0.00624451
14 	10    	0.00592019	0.00023349 	0.00568541	0.00653199
15 	10    	0.00577881	8.85496e-05	0.00568352	0.00599453
16 	10    	0.0057547 	5.38235e-05	0.00569058	0.00586349
17 	10    	0.00585991	0.000271061	0.00564221	0.0065917 
18 	10    	0.00591736	0.000294657	0.00565697	0.00662608
19 	10    	0.00571216	0.000131262	0.00556962	0.00594366
20 	10    	0.00585344	0.000341443	0.00554143	0.00672984
Runtime: 5.821242815996811 (s)


Final population:
Index: Selected                                    #Selected    CV          
----------------------------------------------------------------------------------------------------
    0: 1111100010111001010011000010000100010010... 99           0.0067298388
    1: 1111100010111001000001001010000100010011... 98           0.0056199816
    2: 1111100010111001010011001010000100010011... 100          0.0056817349
    3: 1111100010111001010001001010000100000011... 97           0.0060964167
    4: 1111100010111001000001001010000100010011... 93           0.0055414324
    5: 1111100010111001000011001010000100010011... 99           0.0056708935
    6: 1111100000111001010001001010000100010011... 96           0.0057118345
    7: 1111100010111001000001001010000100010011... 100          0.0058038124
    8: 1111100010111001010001001010000100010010... 100          0.0056143569
    9: 1111100010111001010001001000000100010011... 100          0.0060641215

Pickling population to: genetic_alg_settings_population_end.pkl

Hall of Fame:
Index: Selected                                    #Selected    CV          
----------------------------------------------------------------------------------------------------
    0: 1111001110001010010010001011100101000010... 100          0.0054349772
    1: 1111001110001010010010001111100101000010... 98           0.0054971809
    2: 1111000110001010000010001011100101000011... 100          0.0055102085
    3: 1111000011011000000000101011100101000011... 98           0.0055193327
    4: 1111000011011100001100101111101100000011... 98           0.0055216348
    5: 1111000011011000000000101011101101010011... 99           0.0055244009
    6: 1111000110001010000010001010000101000111... 98           0.0055307536
    7: 1111000011011000000000101011101101010011... 97           0.0055383497
    8: 1111100010111001000001001010000100010011... 93           0.0055414324
    9: 1111000110001010000010001010100101000011... 100          0.0055494487

Pickling Hall of Fame to: genetic_alg_settings_evolve_halloffame.pkl
Begin 16 of 20 repetitions
Begin 20 generations
gen	nevals	avg       	std        	min       	max       
0  	0     	0.00585344	0.000341443	0.00554143	0.00672984
1  	10    	0.00576535	0.00013485 	0.00552178	0.00602348
2  	10    	0.00573714	8.01066e-05	0.00560717	0.00587805
3  	10    	0.00590533	0.000315314	0.0056325 	0.0066239 
4  	10    	0.00580748	0.000298267	0.00563127	0.00668793
5  	10    	0.00572254	0.000163043	0.00555659	0.00609035
6  	10    	0.00572325	9.01941e-05	0.00562114	0.00588159
7  	10    	0.00570745	0.000130472	0.00555195	0.0059577 
8  	10    	0.00575112	0.000200931	0.00548689	0.0062903 
9  	10    	0.00576094	0.000113957	0.00559385	0.00593881
10 	10    	0.00585554	0.000150946	0.00560034	0.0061417 
11 	10    	0.00595811	0.000302071	0.00569771	0.00678917
12 	10    	0.00580451	0.000100014	0.00560078	0.00593956
13 	10    	0.00583915	0.000104595	0.00568569	0.00601272
14 	10    	0.00582653	0.000233603	0.0055886 	0.00640704
15 	10    	0.00572435	0.000133926	0.00552571	0.0059405 
16 	10    	0.00563787	0.000118649	0.0054774 	0.00583114
17 	10    	0.00570638	0.000191326	0.00549938	0.00621897
18 	10    	0.00563862	6.58329e-05	0.00551633	0.00573861
19 	10    	0.0056922 	0.00019943 	0.00552319	0.00626021
20 	10    	0.00571238	0.000154859	0.00557846	0.00598654
Runtime: 5.821098094002082 (s)


Final population:
Index: Selected                                    #Selected    CV          
----------------------------------------------------------------------------------------------------
    0: 1111100010111001010101011010000100010011... 96           0.0057679647
    1: 1111100110111001110001011010000100010011... 100          0.0056157966
    2: 1111100010111001010001011010000100010011... 100          0.0055952265
    3: 1111100010111001010001011010000100010011... 98           0.0055784579
    4: 1111100000111001010101011010000100011011... 100          0.0058746252
    5: 1111100010111001010001011010000100010011... 100          0.0055790447
    6: 1111100000111001010101011010000100010011... 99           0.0055888359
    7: 1111100010111001010101011010000000010011... 100          0.0059865354
    8: 1111100010111001010101001010000100010011... 100          0.0059342972
    9: 1111000010111001010101011010100100010011... 98           0.0056030064

Pickling population to: genetic_alg_settings_population_end.pkl

Hall of Fame:
Index: Selected                                    #Selected    CV          
----------------------------------------------------------------------------------------------------
    0: 1111001110001010010010001011100101000010... 100          0.0054349772
    1: 1111100100111001010001011010000100010011... 99           0.0054773973
    2: 1111100110111001010001001010000100010011... 100          0.0054868898
    3: 1111001110001010010010001111100101000010... 98           0.0054971809
    4: 1111100010111001010001011010000100010011... 100          0.0054993817
    5: 1111000110001010000010001011100101000011... 100          0.0055102085
    6: 1111100111111001010001011010000100010011... 97           0.005516335 
    7: 1111000011011000000000101011100101000011... 98           0.0055193327
    8: 1111000011011100001100101111101100000011... 98           0.0055216348
    9: 1111100010111001000001001010000100010011... 93           0.0055217774

Pickling Hall of Fame to: genetic_alg_settings_evolve_halloffame.pkl
Begin 17 of 20 repetitions
Begin 20 generations
gen	nevals	avg       	std        	min       	max       
0  	0     	0.00571238	0.000154859	0.00557846	0.00598654
1  	10    	0.00586532	0.000374321	0.0055261 	0.00682069
2  	10    	0.00565917	0.000105463	0.00551083	0.00589904
3  	10    	0.00575121	0.000309352	0.00551036	0.00659336
4  	10    	0.00580539	0.000215687	0.00557254	0.00632213
5  	10    	0.00584247	0.000237815	0.00561937	0.00645107
6  	10    	0.00571433	0.000127156	0.00549404	0.0058847 
7  	10    	0.00583249	0.000367113	0.00552317	0.00648628
8  	10    	0.00560093	0.00014001 	0.00543913	0.00591701
9  	10    	0.00561067	8.24451e-05	0.00554456	0.00584396
10 	10    	0.0056288 	0.00010005 	0.00543853	0.00585299
11 	10    	0.00565419	0.000246906	0.00548366	0.00637803
12 	10    	0.00557875	0.000101753	0.00542527	0.00579783
13 	10    	0.00567107	0.000206339	0.00548076	0.00622309
14 	10    	0.00565682	0.000119501	0.00550142	0.00595142
15 	10    	0.0056064 	0.000118097	0.00541144	0.00582446
16 	10    	0.00562436	0.000173587	0.00537115	0.00598245
17 	10    	0.00583149	0.000327433	0.00556677	0.00657745
18 	10    	0.00570203	0.000120394	0.0055782 	0.00599873
19 	10    	0.00575161	0.000209247	0.00558321	0.00634817
20 	10    	0.00564831	8.36716e-05	0.00547724	0.00575848
Runtime: 5.825428429998283 (s)


Final population:
Index: Selected                                    #Selected    CV          
----------------------------------------------------------------------------------------------------
    0: 1111000010111001010001011010100100110011... 93           0.0054772388
    1: 1111000010111001010001011010100100110011... 96           0.0056094759
    2: 1111000010111001010001011010000100110011... 95           0.0056781762
    3: 1111001010111010010001001010000100110010... 99           0.0056613223
    4: 1111000010111001010001011010100100110011... 94           0.0057186767
    5: 1111000010111001010001011010100100110011... 94           0.00562255  
    6: 1111000010011001010101011010000100110011... 96           0.0056699604
    7: 1111000010111001010001011010000100110011... 100          0.0057433584
    8: 1111001010111001010001011010000100110011... 95           0.0057584846
    9: 1111000010111001010001011010000100110011... 99           0.0055438199

Pickling population to: genetic_alg_settings_population_end.pkl

Hall of Fame:
Index: Selected                                    #Selected    CV          
----------------------------------------------------------------------------------------------------
    0: 1111000001111011010000001010000100010011... 100          0.0053711458
    1: 1111000001111011010000011010000100010011... 99           0.0054114365
    2: 1111000001111001010000011010000100010011... 100          0.0054252683
    3: 1111000001111001010000011010000100010011... 100          0.005432937 
    4: 1111000010011001010001011010000100110011... 97           0.0054349591
    5: 1111001110001010010010001011100101000010... 100          0.0054349772
    6: 1111000001111001010000011010000100010011... 98           0.005438526 
    7: 1111000000111001010001011010000100010011... 95           0.0054391316
    8: 1111000010111001010001011010100100110011... 93           0.0054772388
    9: 1111100100111001010001011010000100010011... 99           0.0054773973

Pickling Hall of Fame to: genetic_alg_settings_evolve_halloffame.pkl
Begin 18 of 20 repetitions
Begin 20 generations
gen	nevals	avg       	std        	min       	max       
0  	0     	0.00564831	8.36716e-05	0.00547724	0.00575848
1  	10    	0.00581101	0.000309635	0.00545989	0.00629609
2  	10    	0.00566533	0.000120732	0.00551835	0.00588768
3  	10    	0.00567657	0.000122786	0.00552355	0.00598306
4  	10    	0.00560709	8.17088e-05	0.00547511	0.00575238
5  	10    	0.00562803	9.91779e-05	0.00549098	0.0057967 
6  	10    	0.00568144	0.000191041	0.00553979	0.00612805
7  	10    	0.00564635	0.000156344	0.00550839	0.00607457
8  	10    	0.00577839	0.000229064	0.00544419	0.00622856
9  	10    	0.00565153	9.36121e-05	0.00549237	0.00585106
10 	10    	0.00564277	0.000111251	0.00546399	0.00589721
11 	10    	0.00563991	0.000122139	0.00545645	0.00593198
12 	10    	0.00560513	4.20146e-05	0.00555931	0.00570499
13 	10    	0.00570788	0.000133809	0.00560427	0.00606127
14 	10    	0.00583148	0.000271477	0.00565169	0.00660799
15 	10    	0.00583838	0.000327906	0.00548269	0.00658581
16 	10    	0.0057647 	0.000156373	0.00552701	0.00609866
17 	10    	0.00571124	0.000143939	0.00552903	0.00605477
18 	10    	0.00572744	0.00020777 	0.00554633	0.00627908
19 	10    	0.00568217	0.000150249	0.00548004	0.00601797
20 	10    	0.0057272 	0.000108687	0.00558044	0.00598655
Runtime: 5.821270327000093 (s)


Final population:
Index: Selected                                    #Selected    CV          
----------------------------------------------------------------------------------------------------
    0: 1111010010111001010001011011000100110011... 98           0.0057499087
    1: 1111010000111001010001011011000100110011... 94           0.0056304381
    2: 1111000000111001010001011011000100110011... 100          0.0057535577
    3: 1111010000111001010001011010000100110011... 96           0.0056778369
    4: 1111000000111001010001011011000101110011... 96           0.0055804397
    5: 1111010000111001010001011010000100110011... 95           0.0059865523
    6: 1111010000111001010001011011000100110011... 94           0.0056542358
    7: 1111010000111001010001011011000110110011... 100          0.0057856057
    8: 1111000000111001010001011011000100110011... 93           0.0056651674
    9: 1111000000111001010001011011000101111011... 100          0.0057883063

Pickling population to: genetic_alg_settings_population_end.pkl

Hall of Fame:
Index: Selected                                    #Selected    CV          
----------------------------------------------------------------------------------------------------
    0: 1111000001111011010000001010000100010011... 100          0.0053711458
    1: 1111000001111011010000011010000100010011... 99           0.0054114365
    2: 1111000001111001010000011010000100010011... 100          0.0054252683
    3: 1111000001111001010000011010000100010011... 100          0.005432937 
    4: 1111000010011001010001011010000100110011... 97           0.0054349591
    5: 1111001110001010010010001011100101000010... 100          0.0054349772
    6: 1111000001111001010000011010000100010011... 98           0.005438526 
    7: 1111000000111001010001011010000100010011... 95           0.0054391316
    8: 1111000010111001010001011010000100110011... 100          0.0054441888
    9: 1111000010111001010001011010010100110011... 100          0.0054564484

Pickling Hall of Fame to: genetic_alg_settings_evolve_halloffame.pkl
Begin 19 of 20 repetitions
Begin 20 generations
gen	nevals	avg      	std        	min       	max       
0  	0     	0.0057272	0.000108687	0.00558044	0.00598655
1  	10    	0.00578639	0.000262843	0.00559606	0.00649801
2  	10    	0.00573553	0.000159931	0.00553983	0.0061472 
3  	10    	0.00572625	8.64829e-05	0.00558201	0.00585827
4  	10    	0.0057385 	0.000236107	0.00555918	0.00638959
5  	10    	0.00578842	0.000146322	0.00554923	0.00604983
6  	10    	0.00575336	0.000204134	0.00558548	0.00628684
7  	10    	0.00568206	9.45633e-05	0.00554131	0.00584325
8  	10    	0.00601326	0.000417017	0.00560924	0.006923  
9  	10    	0.00577406	0.000171197	0.00549525	0.00602987
10 	10    	0.00577416	0.000140922	0.0054674 	0.00593366
11 	10    	0.00577607	0.000462069	0.00542716	0.00709299
12 	10    	0.00561493	0.000118558	0.00544799	0.00591102
13 	10    	0.00568685	0.000150349	0.00550277	0.00594949
14 	10    	0.00581078	0.000319557	0.00549658	0.00671196
15 	10    	0.00572487	0.000120859	0.0055561 	0.00596823
16 	10    	0.00589059	0.000308099	0.0055656 	0.00645016
17 	10    	0.00578258	0.000260053	0.00554456	0.00641323
18 	10    	0.00566949	0.00010606 	0.005527  	0.00589235
19 	10    	0.00572055	0.000227793	0.00546779	0.0063199 
20 	10    	0.00577473	0.000205525	0.00553084	0.00633545
Runtime: 5.843000728000334 (s)


Final population:
Index: Selected                                    #Selected    CV          
----------------------------------------------------------------------------------------------------
    0: 1111000001110010010000011011000110110011... 94           0.0057147154
    1: 1111000001111010010000011011000110110011... 92           0.0057392637
    2: 1111000001111010010000011011000110110011... 91           0.0055308428
    3: 1111000001111010010000010011000110110011... 91           0.0063354508
    4: 1111000001111010010000011011101110110011... 98           0.0057502312
    5: 1111000001111010010000011010110110110011... 98           0.0056383533
    6: 1111000001111010010000011011000110110111... 95           0.0057942345
    7: 1111000001110010010000001010000110110011... 93           0.0056658861
    8: 1111010001111010010000011011101110110011... 98           0.0057123252
    9: 1111000001111000010001011011101110010011... 100          0.0058660263

Pickling population to: genetic_alg_settings_population_end.pkl

Hall of Fame:
Index: Selected                                    #Selected    CV          
----------------------------------------------------------------------------------------------------
    0: 1111000001111011010000001010000100010011... 100          0.0053711458
    1: 1111000001111011010000011010000100010011... 99           0.0054114365
    2: 1111000001111001010000011010000100010011... 100          0.0054252683
    3: 1111000001111000010000011011000110110011... 99           0.0054271633
    4: 1111000001111001010000011010000100010011... 100          0.005432937 
    5: 1111000010011001010001011010000100110011... 97           0.0054349591
    6: 1111001110001010010010001011100101000010... 100          0.0054349772
    7: 1111000001111001010000011010000100010011... 98           0.005438526 
    8: 1111000000111001010001011010000100010011... 95           0.0054391316
    9: 1111000010111001010001011010000100110011... 100          0.0054441888

Pickling Hall of Fame to: genetic_alg_settings_evolve_halloffame.pkl
Begin 20 of 20 repetitions
Begin 20 generations
gen	nevals	avg       	std        	min       	max       
0  	0     	0.00577473	0.000205525	0.00553084	0.00633545
1  	10    	0.00568408	0.000137745	0.0055157 	0.00596329
2  	10    	0.00560179	9.01372e-05	0.00545009	0.00574545
3  	10    	0.00553667	6.73257e-05	0.00542449	0.00564647
4  	10    	0.00562643	0.000202368	0.00546701	0.0061962 
5  	10    	0.0056601 	0.00018833 	0.00545198	0.00617656
6  	10    	0.00561   	0.000106921	0.0055212 	0.00589225
7  	10    	0.00559792	0.000158265	0.00540499	0.00600462
8  	10    	0.00559406	8.0993e-05 	0.00547998	0.00577204
9  	10    	0.00567985	0.000111347	0.00543862	0.0058747 
10 	10    	0.00576147	0.000267578	0.00531388	0.00624813
11 	10    	0.00570294	0.000187909	0.00543593	0.00615083
12 	10    	0.00560653	0.000112217	0.00540971	0.00584782
13 	10    	0.00562207	0.000137179	0.0054352 	0.00585952
14 	10    	0.00555692	7.96465e-05	0.00540451	0.00568733
15 	10    	0.0057308 	0.000224188	0.00553755	0.00634776
16 	10    	0.00568905	0.000177783	0.00552333	0.00618272
17 	10    	0.00575374	0.000205626	0.00553798	0.00632917
18 	10    	0.00566038	0.000133261	0.00546875	0.00590116
19 	10    	0.00577228	0.000295425	0.00545904	0.00645157
20 	10    	0.00562102	5.49577e-05	0.00550922	0.00571132
Runtime: 5.848205793001398 (s)


Final population:
Index: Selected                                    #Selected    CV          
----------------------------------------------------------------------------------------------------
    0: 1111000001111010010000001111110101110011... 100          0.0055092164
    1: 1111000001111010010000001111110101110011... 99           0.0056072638
    2: 1111000001111010010000001111110111110011... 93           0.0055635135
    3: 1111000001111010010000001111110111110011... 95           0.0056419551
    4: 1111000001111010011000001111110111110011... 99           0.0055979781
    5: 1111000001111010010000001111110111110011... 100          0.0056758431
    6: 1111000001011010010000001111110111110011... 95           0.0057113174
    7: 1111000001111010010000001111110111110011... 96           0.0056070164
    8: 1111000001111010011000001111110101110011... 98           0.0056335849
    9: 1111000001111010010000001111110111110011... 99           0.0056625514

Pickling population to: genetic_alg_settings_population_end.pkl

Hall of Fame:
Index: Selected                                    #Selected    CV          
----------------------------------------------------------------------------------------------------
    0: 1111000000111010011000011111110110110011... 98           0.0053138824
    1: 1111000001111011010000001010000100010011... 100          0.0053711458
    2: 1111000000111010011000001111110111110011... 98           0.0054045102
    3: 1111000001111010011000011111110110110011... 98           0.0054049895
    4: 1111000000111010011000001111110110110011... 100          0.0054097081
    5: 1111000001111011010000011010000100010011... 99           0.0054114365
    6: 1111000001111010010000011110100110110011... 97           0.0054244913
    7: 1111000001111001010000011010000100010011... 100          0.0054252683
    8: 1111000001111000010000011011000110110011... 99           0.0054271633
    9: 1111000001111001010000011010000100010011... 100          0.005432937 

Pickling Hall of Fame to: genetic_alg_settings_evolve_halloffame.pkl
#   DONE  Runtime: 113.29849450999973 (s)

Adding statistics...
  DONE

Result:
Index: Selected                                    #Selected    CV           RMS          wRMS         Estimator                FeatureSelection         Note
--------------------------------------------------------------------------------------------------------------------------------------------------------------------
    0: 1111000000111010011000011111110110110011... 98           0.0053138824 0.0044486322 0.0044303297 LinearRegression         GeneticAlgorithm         
    1: 1111000001111011010000001010000100010011... 100          0.0053711458 0.0044644893 0.0044890918 LinearRegression         GeneticAlgorithm         
    2: 1111000000111010011000001111110111110011... 98           0.0054045102 0.0044342335 0.0044456184 LinearRegression         GeneticAlgorithm         
    3: 1111000001111010011000011111110110110011... 98           0.0054049895 0.0044445228 0.0044452408 LinearRegression         GeneticAlgorithm         
    4: 1111000000111010011000001111110110110011... 100          0.0054097081 0.0044634294 0.0044490429 LinearRegression         GeneticAlgorithm         
    5: 1111000001111011010000011010000100010011... 99           0.0054114365 0.004487721  0.0045362505 LinearRegression         GeneticAlgorithm         
    6: 1111000001111010010000011110100110110011... 97           0.0054244913 0.0045261221 0.0045071399 LinearRegression         GeneticAlgorithm         
    7: 1111000001111001010000011010000100010011... 100          0.0054252683 0.0044655731 0.0044715775 LinearRegression         GeneticAlgorithm         
    8: 1111000001111000010000011011000110110011... 99           0.0054271633 0.0045465841 0.0045137767 LinearRegression         GeneticAlgorithm         
    9: 1111000001111001010000011010000100010011... 100          0.005432937  0.0044856986 0.0045014874 LinearRegression         GeneticAlgorithm         

Pickling Hall of Fame to: genetic_alg_settings_halloffame.pkl
