Loading genetic_alg_settings.json
# Hall of Fame size: 10 

# Get problem data...
# wHullDist: Will calculate hull distance: hull_dist(CALCULATED,atom_frac)
# Query requested: ['formation_energy', 'is_calculated', 'corr', 'hull_dist(CALCULATED,atom_frac)']
# Use existing: []
# Querying: ['formation_energy', 'is_calculated', 'corr', 'hull_dist(CALCULATED,atom_frac)']
#   DONE

# Target: formation_energy
# Training samples: 627
# Features: 253 

# Weighting:
{
  "method": "wHullDist",
  "kwargs": {
    "A": 0.1,
    "B": 0.0,
    "kT": 0.05500000000000001,
    "hull_selection": "CALCULATED"
  }
}

# CV:
{
  "method": "KFold",
  "kwargs": {
    "n_splits": 10,
    "shuffle": true
  },
  "penalty": 0.0
} 

# Writing problem specs to: genetic_alg_settings_specs.pkl
# To inspect or customize the problem specs further, use the '--checkspecs' method

# Estimator:
{
  "method": "LinearRegression",
  "kwargs": {
    "fit_intercept": false
  }
} 

# Feature Selection:
{
  "method": "GeneticAlgorithm",
  "kwargs": {
    "constraints_kwargs": {
      "n_features_max": 100,
      "n_features_min": 3,
      "fix_off": [],
      "fix_on": [
        0,
        1,
        2
      ]
    },
    "selTournamentSize": 3,
    "mutFlipBitProb": 0.01,
    "evolve_params_kwargs": {
      "n_generation": 20,
      "n_repetition": 20,
      "n_features_init": 3,
      "n_population": 10,
      "n_halloffame": 10,
      "halloffame_filename": "evolve_halloffame.pkl",
      "filename_prefix": "genetic_alg_settings"
    },
    "cxUniformProb": 0.5
  }
} 

# Fit and select...
Constructing initial population
Begin 1 of 20 repetitions
Begin 20 generations
gen	nevals	avg      	std        	min      	max      
0  	10    	0.0197301	0.000797241	0.0186685	0.0210998
1  	10    	0.018721 	0.000948578	0.0164347	0.0201364
2  	10    	0.0165966	0.00114476 	0.014858 	0.0181528
3  	10    	0.0152175	0.001158   	0.0124741	0.0165593
4  	10    	0.0142118	0.00101468 	0.0125508	0.016718 
5  	10    	0.0138617	0.00192272 	0.0108744	0.0184213
6  	10    	0.0124734	0.00125231 	0.0109821	0.0156075
7  	10    	0.0117149	0.00133541 	0.0101282	0.0139079
8  	10    	0.0107918	0.000515613	0.0101668	0.0119827
9  	10    	0.010405 	0.000438688	0.00965293	0.0111927
10 	10    	0.010155 	0.000277038	0.0098696 	0.0108781
11 	10    	0.00988105	0.000297051	0.00949478	0.0106621
12 	10    	0.00969422	0.000185554	0.00933896	0.00998457
13 	10    	0.00936257	0.0004157  	0.00866317	0.00999203
14 	10    	0.00895145	0.00033118 	0.00859402	0.0096967 
15 	10    	0.00868778	0.000177507	0.00837979	0.00894855
16 	10    	0.00857577	0.000156127	0.00835004	0.00886673
17 	10    	0.0084125 	0.000172676	0.00797692	0.00869534
18 	10    	0.0083701 	0.0001821  	0.00810419	0.00875972
19 	10    	0.00815755	0.000188781	0.00788324	0.00844656
20 	10    	0.0081462 	0.000164784	0.0079585 	0.00846226
Runtime: 3.3621474909996323 (s)


Final population:
Index: Selected                                    #Selected    CV          
----------------------------------------------------------------------------------------------------
    0: 1110000110001010010100101000000100000001... 64           0.0084622574
    1: 1110000010001000000100001000010100000001... 71           0.0080573557
    2: 1110000010001000010100101000010100000001... 64           0.0080161666
    3: 1110000010001000010100101000010100000001... 64           0.008022793 
    4: 1110000011001010000100001000010100000001... 64           0.008000351 
    5: 1110000110001010000100101000000100000001... 64           0.0082704576
    6: 1110000010001000010100101000010100000001... 66           0.0083411885
    7: 1110000010001000000100101000110100000001... 63           0.0080644076
    8: 1110000010001000110100101000010100000001... 62           0.0082685163
    9: 1110000010001000000100101000110100000001... 65           0.0079584993

Pickling population to: genetic_alg_settings_population_end.pkl

Hall of Fame:
Index: Selected                                    #Selected    CV          
----------------------------------------------------------------------------------------------------
    0: 1110000010001000000100101000110100000001... 62           0.0078832422
    1: 1110000010001000010100101000010100000001... 64           0.0079449578
    2: 1110000010001000000100101000110100000001... 65           0.0079584993
    3: 1110000110001010000100001000000100000001... 62           0.0079627779
    4: 1110000010001000010100101000010100000001... 59           0.007976921 
    5: 1110000010001000010100101000010100000001... 62           0.007999428 
    6: 1110000011001010000100001000010100000001... 64           0.008000351 
    7: 1110000010001000010100101000010100000001... 64           0.0080161666
    8: 1110000010001000010100101000010100000001... 64           0.008022793 
    9: 1110000010001000000100001000010100000001... 71           0.0080573557

Pickling Hall of Fame to: genetic_alg_settings_evolve_halloffame.pkl
Begin 2 of 20 repetitions
Begin 20 generations
gen	nevals	avg      	std        	min      	max       
0  	0     	0.0081462	0.000164784	0.0079585	0.00846226
1  	10    	0.00795992	0.000131192	0.00779227	0.00824864
2  	10    	0.00783534	0.000160952	0.00741931	0.00808336
3  	10    	0.0077206 	0.000144165	0.00752427	0.0079657 
4  	10    	0.00793226	0.00087502 	0.00737224	0.0105286 
5  	10    	0.00763517	0.000171315	0.00733437	0.00793963
6  	10    	0.00740099	0.000123431	0.00720004	0.00767951
7  	10    	0.00738474	0.000119195	0.00723154	0.00766814
8  	10    	0.00733194	0.00016922 	0.00689818	0.00751544
9  	10    	0.00718412	0.000258035	0.00678381	0.00761194
10 	10    	0.00690692	8.50153e-05	0.00678284	0.00700474
11 	10    	0.00697051	0.000548527	0.00658747	0.00858809
12 	10    	0.00690339	0.000295922	0.00655267	0.00772526
13 	10    	0.00673363	0.00012588 	0.00643794	0.0068612 
14 	10    	0.00660794	0.000118578	0.00644028	0.00683979
15 	10    	0.00661731	0.000127339	0.00646078	0.00682681
16 	10    	0.00653038	0.000145619	0.00632724	0.00679676
17 	10    	0.00651184	0.000135266	0.00632669	0.00677261
18 	10    	0.00647872	0.000136496	0.00620353	0.00663531
19 	10    	0.00654141	0.000278085	0.00626632	0.00733371
20 	10    	0.00650811	0.000141608	0.00626515	0.00680391
Runtime: 5.748341301001346 (s)


Final population:
Index: Selected                                    #Selected    CV          
----------------------------------------------------------------------------------------------------
    0: 1111000010001110010100001010100100000001... 86           0.0065218808
    1: 1111000011001110010100001010100100000001... 87           0.0064092766
    2: 1111000010001100010100001010110100000001... 85           0.0064184216
    3: 1111000010001110010100001010100100000001... 85           0.0065114826
    4: 1111000011001110010100001010100100000001... 87           0.0064511667
    5: 1111000011001110010100001010100100001001... 86           0.0064446223
    6: 1111000010001110010100001010110100001001... 87           0.0066369775
    7: 1111000011001110010100001010100100000001... 84           0.0062651525
    8: 1111000011001110010100001010110100000001... 86           0.0066181652
    9: 1111000010001110010100001010100100000001... 85           0.0068039057

Pickling population to: genetic_alg_settings_population_end.pkl

Hall of Fame:
Index: Selected                                    #Selected    CV          
----------------------------------------------------------------------------------------------------
    0: 1111000011001110010100001010100100001001... 85           0.0062035317
    1: 1111000010001110010100001010110100000001... 87           0.0062640788
    2: 1111000011001110010100001010100100000001... 84           0.0062651525
    3: 1111000010001110010100001010100100000001... 86           0.0062663236
    4: 1111000011001110010100001010110100001001... 82           0.0063266912
    5: 1111000011001110010100001110110100000001... 82           0.0063272365
    6: 1111000011001100010110001010110100000001... 89           0.0063373926
    7: 1111000011001110010100001010100100000001... 84           0.0063512526
    8: 1111000011001110010100001010110100001001... 84           0.0063560708
    9: 1111000011001110010100001010110100000001... 82           0.0064066397

Pickling Hall of Fame to: genetic_alg_settings_evolve_halloffame.pkl
Begin 3 of 20 repetitions
Begin 20 generations
gen	nevals	avg       	std        	min       	max       
0  	0     	0.00650811	0.000141608	0.00626515	0.00680391
1  	10    	0.00646566	0.000281284	0.00620379	0.00724587
2  	10    	0.00628414	0.000115117	0.00614948	0.00653969
3  	10    	0.00624668	8.86827e-05	0.00608224	0.00638906
4  	10    	0.00622436	0.000131234	0.00599198	0.00640086
5  	10    	0.00621364	0.000151465	0.00608855	0.00658608
6  	10    	0.00640108	0.000420591	0.00603742	0.00747544
7  	10    	0.00634753	0.000468   	0.00606842	0.00772915
8  	10    	0.00614073	0.000108449	0.00598626	0.00633444
9  	10    	0.00612341	0.000128206	0.00589586	0.00634156
10 	10    	0.00604977	0.000124775	0.00586966	0.00625398
11 	10    	0.0059803 	0.000214254	0.00578671	0.00656298
12 	10    	0.00592018	0.000100445	0.00579653	0.00611283
13 	10    	0.00596416	0.000112528	0.00579374	0.00615523
14 	10    	0.00606439	0.000460664	0.00576272	0.00740628
15 	10    	0.00594273	8.25437e-05	0.00581965	0.00610328
16 	10    	0.00595146	0.000133899	0.00578961	0.00619335
17 	10    	0.00590702	9.00162e-05	0.00576136	0.00603688
18 	10    	0.00592056	8.35273e-05	0.00577002	0.00604604
19 	10    	0.00594635	0.000104782	0.00585868	0.00620736
20 	10    	0.00603864	0.000433428	0.00578875	0.00722566
Runtime: 6.1945497110027645 (s)


Final population:
Index: Selected                                    #Selected    CV          
----------------------------------------------------------------------------------------------------
    0: 1111000111011110010000011010110110001000... 97           0.0058440929
    1: 1111000010001110110100011010110100001000... 100          0.0058202376
    2: 1111000011011110110000111010110100001000... 100          0.0058278173
    3: 1111000011011110110000011010110100001000... 100          0.0059046558
    4: 1111000011011110110000110010110100001000... 97           0.0072256647
    5: 1111000011011110110000111010110100001000... 97           0.0058121752
    6: 1111000011011110110000111010110100001000... 100          0.0064255446
    7: 1111000011010110110000011010110100001000... 97           0.0058840928
    8: 1111000011011110110000111010110100001000... 97           0.0057887467
    9: 1111000011011110110000111010110100001000... 98           0.0058533986

Pickling population to: genetic_alg_settings_population_end.pkl

Hall of Fame:
Index: Selected                                    #Selected    CV          
----------------------------------------------------------------------------------------------------
    0: 1111000011001110010000001010100100001001... 98           0.0057613629
    1: 1111000011001110010000001010110100001001... 100          0.0057627217
    2: 1111000011011110110000111010110100001000... 97           0.0057700198
    3: 1111000011001110010010001010100100001001... 98           0.0057813643
    4: 1111000011001110010010001010110100001001... 98           0.0057816498
    5: 1111000011001110010000001010110100001001... 98           0.0057867149
    6: 1111000011011110110000111010110100001000... 97           0.0057887467
    7: 1111000011001110010110011010110100001001... 98           0.0057896087
    8: 1111000011001110010000001010110100001001... 100          0.0057902065
    9: 1111000011001110110000001010110100001000... 94           0.0057933501

Pickling Hall of Fame to: genetic_alg_settings_evolve_halloffame.pkl
Begin 4 of 20 repetitions
Begin 20 generations
gen	nevals	avg       	std        	min       	max       
0  	0     	0.00603864	0.000433428	0.00578875	0.00722566
1  	10    	0.00592471	0.000118477	0.00578101	0.00619666
2  	10    	0.00587301	0.000107258	0.00570097	0.00605327
3  	10    	0.00590303	0.000108459	0.00578441	0.00614128
4  	10    	0.00587684	0.000110877	0.00572886	0.00604121
5  	10    	0.00585877	0.000103364	0.00565951	0.00598435
6  	10    	0.0059917 	0.000368622	0.0057244 	0.00705401
7  	10    	0.00595259	0.000165076	0.0056917 	0.00632597
8  	10    	0.00591552	0.000126032	0.00576192	0.00614333
9  	10    	0.00590187	0.000218309	0.0056461 	0.00648812
10 	10    	0.00582853	0.000130836	0.0056868 	0.00615783
11 	10    	0.00585836	9.38124e-05	0.00569385	0.00605982
12 	10    	0.00588691	7.70641e-05	0.0057403 	0.00604591
13 	10    	0.0059706 	0.000277038	0.00567652	0.00670507
14 	10    	0.00598818	0.0002754  	0.00571383	0.00666845
15 	10    	0.00602317	0.000172129	0.00584677	0.00648084
16 	10    	0.00588951	0.000198089	0.0056583 	0.00633494
17 	10    	0.00583604	0.000120685	0.00567992	0.00611549
18 	10    	0.00605282	0.000460764	0.00573557	0.00711071
19 	10    	0.00582271	0.000124346	0.00566526	0.00609171
20 	10    	0.00611266	0.000374539	0.00567327	0.00679166
Runtime: 7.111443112000416 (s)


Final population:
Index: Selected                                    #Selected    CV          
----------------------------------------------------------------------------------------------------
    0: 1111101011001010110100011010110101000000... 99           0.0058752425
    1: 1111101011001010110100011010110101000000... 98           0.0057503248
    2: 1111101011001010111100011010100001000000... 94           0.00679166  
    3: 1111101011001010110100011000110101000000... 100          0.0061623081
    4: 1111101001001010110100011110110100000000... 99           0.0056732748
    5: 1111001011001010111000011010110101000000... 98           0.0058219093
    6: 1111001011001010111000011010110100000000... 99           0.0060011881
    7: 1111011001001010110000011010110100001000... 96           0.0060092654
    8: 1111001010001010110000011010110001000000... 100          0.0067635093
    9: 1111111011001010111100011010100100000001... 96           0.0062779456

Pickling population to: genetic_alg_settings_population_end.pkl

Hall of Fame:
Index: Selected                                    #Selected    CV          
----------------------------------------------------------------------------------------------------
    0: 1111001011001000110000011110110100000000... 100          0.0056461029
    1: 1111001011001010110000011010110100000000... 95           0.0056583039
    2: 1111000011001010110000011010110100000000... 95           0.0056595062
    3: 1111001001001010111100011010100101000000... 96           0.005663477 
    4: 1111001001001010111000011010110100001000... 98           0.0056652586
    5: 1111101001001010110100011110110100000000... 99           0.0056732748
    6: 1111001011001010111000011010110101000000... 100          0.0056765157
    7: 1111001011001010110000011010111100000000... 100          0.0056799174
    8: 1111000011001010100000011110110100000000... 98           0.0056867999
    9: 1111000011011010010000011110110100000000... 100          0.0056916952

Pickling Hall of Fame to: genetic_alg_settings_evolve_halloffame.pkl
Begin 5 of 20 repetitions
Begin 20 generations
gen	nevals	avg       	std        	min       	max       
0  	0     	0.00611266	0.000374539	0.00567327	0.00679166
1  	10    	0.00590078	0.000208505	0.00571778	0.00647327
2  	10    	0.0058367 	8.67309e-05	0.00569153	0.00600161
3  	10    	0.00584733	0.000147029	0.00563442	0.00613749
4  	10    	0.00599985	0.000266888	0.00566862	0.0065531 
5  	10    	0.00589022	0.000152832	0.00569753	0.00612828
6  	10    	0.00586743	0.000102043	0.00575347	0.00614082
7  	10    	0.0059186 	0.000163484	0.00573835	0.00633489
8  	10    	0.00600351	0.000352452	0.00572454	0.00702111
9  	10    	0.00596086	0.000292737	0.00570994	0.00680316
10 	10    	0.00589618	7.9552e-05 	0.00578474	0.0060342 
11 	10    	0.00588076	5.6636e-05 	0.00578799	0.00597461
12 	10    	0.00589024	0.000148206	0.00570066	0.00616106
13 	10    	0.00586069	0.000104862	0.00570167	0.00609084
14 	10    	0.0058963 	0.000113721	0.00566576	0.00604347
15 	10    	0.00590879	0.000237979	0.00569564	0.00655315
16 	10    	0.00580883	6.50589e-05	0.00567054	0.00587451
17 	10    	0.00595112	0.000245159	0.00571574	0.00658604
18 	10    	0.00603655	0.000403285	0.00573267	0.00711183
19 	10    	0.00595515	0.000143505	0.00574568	0.00615671
20 	10    	0.00590077	0.000116658	0.00571594	0.00613528
Runtime: 7.418987329998345 (s)


Final population:
Index: Selected                                    #Selected    CV          
----------------------------------------------------------------------------------------------------
    0: 1111100101001011111100011110110100000000... 93           0.0058406632
    1: 1111100001101001111101011110110100000000... 100          0.0059740923
    2: 1111100101001011111100011110110101000000... 100          0.0059211936
    3: 1111100101001011111100011110110101000000... 100          0.0059034537
    4: 1111100101001011111101011110110101000000... 98           0.0059972455
    5: 1111100000001001111101011010110100000000... 96           0.0059137869
    6: 1111100101101011111100011010110101000000... 96           0.0061352801
    7: 1111100100001011111101011110110100000000... 99           0.0057159438
    8: 1111100101101001111101011110110100000000... 99           0.0057361838
    9: 1111100001001011111100011110110100000000... 97           0.0058698511

Pickling population to: genetic_alg_settings_population_end.pkl

Hall of Fame:
Index: Selected                                    #Selected    CV          
----------------------------------------------------------------------------------------------------
    0: 1111101001001010111100011010110100000000... 97           0.005634415 
    1: 1111001011001000110000011110110100000000... 100          0.0056461029
    2: 1111001011001010110000011010110100000000... 95           0.0056583039
    3: 1111000011001010110000011010110100000000... 95           0.0056595062
    4: 1111001001001010111100011010100101000000... 96           0.005663477 
    5: 1111001001001010111000011010110100001000... 98           0.0056652586
    6: 1111100001001011111100011110110100000000... 100          0.0056657633
    7: 1111101001001010111000011010110100000000... 98           0.0056686246
    8: 1111100001001011111100011110110100000000... 100          0.0056705435
    9: 1111101001001010110100011110110100000000... 99           0.0056732748

Pickling Hall of Fame to: genetic_alg_settings_evolve_halloffame.pkl
Begin 6 of 20 repetitions
Begin 20 generations
gen	nevals	avg       	std        	min       	max       
0  	0     	0.00590077	0.000116658	0.00571594	0.00613528
1  	10    	0.00596429	0.000118526	0.0058146 	0.00621128
2  	10    	0.0060389 	0.000458147	0.00574341	0.00738526
3  	10    	0.0061512 	0.000618   	0.00566875	0.00794625
4  	10    	0.0058627 	0.000140624	0.00568289	0.00613971
5  	10    	0.00612654	0.000523394	0.00568118	0.00735376
6  	10    	0.00588521	0.000147377	0.0056268 	0.0062107 
7  	10    	0.00599428	0.000291648	0.00580098	0.00679819
8  	10    	0.00588574	8.65683e-05	0.00579051	0.0060801 
9  	10    	0.0059912 	0.000197417	0.00579689	0.00640116
10 	10    	0.00598388	0.000320238	0.00577096	0.0069219 
11 	10    	0.00588995	8.57207e-05	0.00579727	0.00609189
12 	10    	0.0058816 	6.11385e-05	0.00576373	0.0059846 
13 	10    	0.00594008	0.000115746	0.00577276	0.00612426
14 	10    	0.00594073	0.000128224	0.00577038	0.00614854
15 	10    	0.00604387	0.000316412	0.00581248	0.00697116
16 	10    	0.00618787	0.000354682	0.00586194	0.00688995
17 	10    	0.0060736 	0.000381746	0.00578929	0.0071637 
18 	10    	0.00597578	0.000174468	0.00578399	0.0063327 
19 	10    	0.0060267 	0.000159823	0.0058101 	0.00641517
20 	10    	0.00592339	0.000138656	0.00569692	0.00619482
Runtime: 7.257297418000235 (s)


Final population:
Index: Selected                                    #Selected    CV          
----------------------------------------------------------------------------------------------------
    0: 1111100101001011010100011110110111110000... 100          0.0056969157
    1: 1111100101001010010101011110110110110000... 100          0.0061326333
    2: 1111100101001001010100011110110111110000... 100          0.0061948187
    3: 1111000100001011010100011110011111110000... 95           0.005907649 
    4: 1111000101001001010100011110110111110000... 97           0.0058627761
    5: 1111100100001011010100011110110101110000... 95           0.005820928 
    6: 1111100101001011010100011111110101110000... 98           0.0058846468
    7: 1111100101001011010100011110110101110000... 93           0.0058534911
    8: 1111100101001011010100011110110111110000... 100          0.0059072157
    9: 1111100101001011010100011110110111110000... 97           0.0059727847

Pickling population to: genetic_alg_settings_population_end.pkl

Hall of Fame:
Index: Selected                                    #Selected    CV          
----------------------------------------------------------------------------------------------------
    0: 1111100101001011011100011110110100000000... 97           0.005626801 
    1: 1111101001001010111100011010110100000000... 97           0.005634415 
    2: 1111001011001000110000011110110100000000... 100          0.0056461029
    3: 1111001011001010110000011010110100000000... 95           0.0056583039
    4: 1111000011001010110000011010110100000000... 95           0.0056595062
    5: 1111001001001010111100011010100101000000... 96           0.005663477 
    6: 1111001001001010111000011010110100001000... 98           0.0056652586
    7: 1111100001001011111100011110110100000000... 100          0.0056657633
    8: 1111101001001010111000011010110100000000... 98           0.0056686246
    9: 1111100101001011011100011110110100000100... 100          0.0056687543

Pickling Hall of Fame to: genetic_alg_settings_evolve_halloffame.pkl
Begin 7 of 20 repetitions
Begin 20 generations
gen	nevals	avg       	std        	min       	max       
0  	0     	0.00592339	0.000138656	0.00569692	0.00619482
1  	10    	0.00583973	7.38188e-05	0.0057167 	0.00597391
2  	10    	0.00589328	0.000108131	0.00575541	0.00610782
3  	10    	0.00591454	0.000106537	0.00572563	0.00612858
4  	10    	0.00594576	4.99069e-05	0.00588859	0.00603787
5  	10    	0.00599986	0.000288731	0.00570991	0.00682372
6  	10    	0.00598148	9.96243e-05	0.00586562	0.00619797
7  	10    	0.00602461	0.000134337	0.00582778	0.00628399
8  	10    	0.0059539 	7.00008e-05	0.00585195	0.00604794
9  	10    	0.00598498	0.00032268 	0.00575577	0.00692644
10 	10    	0.0059586 	0.000295393	0.00578678	0.00682141
11 	10    	0.00599514	0.00019826 	0.00578844	0.00647062
12 	10    	0.0059687 	0.000186414	0.00580716	0.00646921
13 	10    	0.00587698	6.26317e-05	0.00576587	0.00598493
14 	10    	0.00592597	0.000177532	0.00574318	0.00637668
15 	10    	0.0059945 	0.000345031	0.00575949	0.00699942
16 	10    	0.00588346	8.84229e-05	0.00572597	0.00601369
17 	10    	0.00600318	0.000395097	0.00573243	0.00717022
18 	10    	0.00616626	0.00052027 	0.00570703	0.00729352
19 	10    	0.00595446	0.00018247 	0.00574212	0.00631521
20 	10    	0.00604948	0.000438071	0.00563031	0.00697001
Runtime: 7.6256221719995665 (s)


Final population:
Index: Selected                                    #Selected    CV          
----------------------------------------------------------------------------------------------------
    0: 1111100101011011110100011010110101101000... 98           0.0058974544
    1: 1111100101011011110100011110100101101000... 100          0.005839873 
    2: 1111100101011011010100011110110101101000... 98           0.0058598782
    3: 1111100101011011010100011110100101101000... 100          0.0057710728
    4: 1111100101011001010100011110110001101000... 99           0.0068247931
    5: 1111100101001011010100011110100101101000... 98           0.0057292476
    6: 1111000100011011010100011010100101101000... 93           0.0060295181
    7: 1111100101011011010100011110110101101000... 100          0.0056303095
    8: 1111100101011011010100011110110001101000... 100          0.0069700099
    9: 1111100101011011010100011010100101101000... 95           0.0059426198

Pickling population to: genetic_alg_settings_population_end.pkl

Hall of Fame:
Index: Selected                                    #Selected    CV          
----------------------------------------------------------------------------------------------------
    0: 1111100101001011011100011110110100000000... 97           0.005626801 
    1: 1111100101011011010100011110110101101000... 100          0.0056303095
    2: 1111101001001010111100011010110100000000... 97           0.005634415 
    3: 1111001011001000110000011110110100000000... 100          0.0056461029
    4: 1111001011001010110000011010110100000000... 95           0.0056583039
    5: 1111000011001010110000011010110100000000... 95           0.0056595062
    6: 1111001001001010111100011010100101000000... 96           0.005663477 
    7: 1111001001001010111000011010110100001000... 98           0.0056652586
    8: 1111100001001011111100011110110100000000... 100          0.0056657633
    9: 1111101001001010111000011010110100000000... 98           0.0056686246

Pickling Hall of Fame to: genetic_alg_settings_evolve_halloffame.pkl
Begin 8 of 20 repetitions
Begin 20 generations
gen	nevals	avg       	std        	min       	max       
0  	0     	0.00604948	0.000438071	0.00563031	0.00697001
1  	10    	0.00586476	0.000114694	0.0056745 	0.00606826
2  	10    	0.00587171	7.74298e-05	0.00573909	0.00602263
3  	10    	0.00592667	0.000148565	0.00568738	0.00614732
4  	10    	0.00594093	0.000148725	0.00568823	0.00627739
5  	10    	0.00588437	0.000124805	0.00571192	0.00621284
6  	10    	0.00613557	0.000307989	0.00578971	0.00684845
7  	10    	0.00595633	0.000142933	0.00575735	0.00632847
8  	10    	0.00590499	9.65162e-05	0.00569219	0.00604915
9  	10    	0.00592708	0.000225418	0.00569065	0.00651951
10 	10    	0.00585618	7.94264e-05	0.00566711	0.00595762
11 	10    	0.00575506	6.42993e-05	0.00564305	0.00585764
12 	10    	0.00576431	7.43044e-05	0.00562204	0.00587371
13 	10    	0.00593353	0.000382522	0.00569577	0.00701739
14 	10    	0.00598864	0.000478017	0.00563561	0.00700938
15 	10    	0.00604417	0.000392426	0.00558668	0.00686063
16 	10    	0.00588582	0.000184826	0.00566321	0.00625364
17 	10    	0.00587551	0.000357788	0.00554781	0.00659681
18 	10    	0.00580849	0.000155713	0.00564163	0.00621785
19 	10    	0.00581817	0.000123065	0.00558507	0.00609913
20 	10    	0.0057678 	9.46551e-05	0.00567491	0.00602196
Runtime: 6.93858986199848 (s)


Final population:
Index: Selected                                    #Selected    CV          
----------------------------------------------------------------------------------------------------
    0: 1111100101011010010100011010110100110000... 100          0.0057902991
    1: 1111101001011010010100011010110100110000... 94           0.005674905 
    2: 1111100001011010010100011010100100110000... 100          0.006021958 
    3: 1111100101011010010100011010100100110000... 96           0.0057532837
    4: 1111100101011010010100011010100100110000... 100          0.0056753831
    5: 1111100001011011010100011010100100110000... 100          0.0058043263
    6: 1111101001011010010100011010100100110000... 95           0.005746215 
    7: 1111100101010010010100011010110100110000... 98           0.0057598142
    8: 1111100101011010010100011010100100110000... 95           0.0057554356
    9: 1111100001011010010100011010100100110000... 100          0.0056964168

Pickling population to: genetic_alg_settings_population_end.pkl

Hall of Fame:
Index: Selected                                    #Selected    CV          
----------------------------------------------------------------------------------------------------
    0: 1111100001011010010100011010100100110000... 100          0.005547811 
    1: 1111100101011010010100011010100100110000... 97           0.0055850745
    2: 1111100101011011010100011010100100110000... 97           0.0055866818
    3: 1111100101011010010100011010110100110000... 93           0.0056079342
    4: 1111100101011011010100011010100100110000... 95           0.0056220442
    5: 1111100101001011011100011110110100000000... 97           0.005626801 
    6: 1111100101011011010100011110110101101000... 100          0.0056303095
    7: 1111101001001010111100011010110100000000... 97           0.005634415 
    8: 1111100101011011010100011010100100110000... 100          0.0056356139
    9: 1111100101011010010100011010100100110000... 97           0.0056392   

Pickling Hall of Fame to: genetic_alg_settings_evolve_halloffame.pkl
Begin 9 of 20 repetitions
Begin 20 generations
gen	nevals	avg      	std        	min       	max       
0  	0     	0.0057678	9.46551e-05	0.00567491	0.00602196
1  	10    	0.00581505	0.000159902	0.00567079	0.00618229
2  	10    	0.00591872	0.000285363	0.00566433	0.00667208
3  	10    	0.00579171	9.21256e-05	0.00561043	0.00596556
4  	10    	0.00575158	6.83645e-05	0.00563998	0.00591346
5  	10    	0.00590984	0.000213776	0.00567223	0.00643864
6  	10    	0.00579116	7.76005e-05	0.00568923	0.00597173
7  	10    	0.00589649	0.000254767	0.00568078	0.00662062
8  	10    	0.00584482	0.00013049 	0.00567436	0.00615341
9  	10    	0.00587086	0.000156109	0.00564674	0.00614433
10 	10    	0.00588861	0.000225472	0.00568718	0.00649537
11 	10    	0.00587832	0.000254672	0.00568539	0.00657301
12 	10    	0.00587155	0.000126891	0.00574812	0.00615349
13 	10    	0.00594417	0.000265649	0.00578256	0.00667742
14 	10    	0.0059569 	0.000224616	0.0057335 	0.00657963
15 	10    	0.00595336	0.000187688	0.00574524	0.00639432
16 	10    	0.00604817	0.000291149	0.00575712	0.00685523
17 	10    	0.00593225	0.000166429	0.0056553 	0.00622349
18 	10    	0.00599628	0.000299133	0.00566993	0.00678301
19 	10    	0.00590515	0.000144812	0.00576296	0.00619818
20 	10    	0.00603109	0.000204253	0.00582511	0.00651657
Runtime: 6.2035450379989925 (s)


Final population:
Index: Selected                                    #Selected    CV          
----------------------------------------------------------------------------------------------------
    0: 1111100001011010010100001010111100110000... 94           0.0058405577
    1: 1111100001011010010100001010111100110000... 100          0.0060024181
    2: 1111100001011010010100001010001101110000... 95           0.0061485138
    3: 1111100001011010010100001010111100110000... 94           0.0058930863
    4: 1111100001011010010100001010101100110001... 97           0.0059516448
    5: 1111100001011010011100001010111100110000... 98           0.0058712514
    6: 1111100001011010010100001010101100110000... 97           0.0058251117
    7: 1111100001011010110100001010111100110000... 100          0.0060377464
    8: 1111100001001010010100001010111100110000... 96           0.0062239968
    9: 1110100001011010010100001010101100110000... 100          0.0065165705

Pickling population to: genetic_alg_settings_population_end.pkl

Hall of Fame:
Index: Selected                                    #Selected    CV          
----------------------------------------------------------------------------------------------------
    0: 1111100001011010010100011010100100110000... 100          0.005547811 
    1: 1111100101011010010100011010100100110000... 97           0.0055850745
    2: 1111100101011011010100011010100100110000... 97           0.0055866818
    3: 1111100101011010010100011010110100110000... 93           0.0056079342
    4: 1111100001011010110100011010100100110000... 99           0.005610434 
    5: 1111100101011011010100011010100100110000... 95           0.0056220442
    6: 1111100101001011011100011110110100000000... 97           0.005626801 
    7: 1111100101011011010100011110110101101000... 100          0.0056303095
    8: 1111101001001010111100011010110100000000... 97           0.005634415 
    9: 1111100101011011010100011010100100110000... 100          0.0056356139

Pickling Hall of Fame to: genetic_alg_settings_evolve_halloffame.pkl
Begin 10 of 20 repetitions
Begin 20 generations
gen	nevals	avg       	std        	min       	max       
0  	0     	0.00603109	0.000204253	0.00582511	0.00651657
1  	10    	0.00595357	0.000181086	0.00575228	0.00643834
2  	10    	0.00589716	9.72483e-05	0.00579162	0.00610067
3  	10    	0.00587382	5.88838e-05	0.00577481	0.00595892
4  	10    	0.0059322 	0.000152783	0.00578389	0.00624807
5  	10    	0.00584601	4.97305e-05	0.00573658	0.00592556
6  	10    	0.00588002	5.10636e-05	0.00581196	0.00596778
7  	10    	0.00595406	0.00015988 	0.00576251	0.00628264
8  	10    	0.0058693 	4.89882e-05	0.00581168	0.00597334
9  	10    	0.00589508	0.000108225	0.00570999	0.00606949
10 	10    	0.00580731	6.4295e-05 	0.00569951	0.00592846
11 	10    	0.0061442 	0.000755954	0.00557749	0.0083065 
12 	10    	0.00589842	0.000313129	0.00558469	0.00667491
13 	10    	0.00586124	0.000257586	0.00554135	0.00643853
14 	10    	0.00579872	0.000159284	0.00563058	0.00621655
15 	10    	0.00578592	0.000203966	0.00559838	0.00636366
16 	10    	0.00578938	0.000216504	0.00562216	0.00638497
17 	10    	0.00588215	0.000327007	0.00552848	0.00673999
18 	10    	0.00577548	0.00016757 	0.0055376 	0.00608139
19 	10    	0.00570145	8.2384e-05 	0.00557946	0.00585585
20 	10    	0.00576878	0.000167169	0.005546  	0.00615136
Runtime: 6.120313145002001 (s)


Final population:
Index: Selected                                    #Selected    CV          
----------------------------------------------------------------------------------------------------
    0: 1111000001011010010000101010101100110010... 100          0.0058027442
    1: 1111000001011010010010001010101100110110... 94           0.0056216128
    2: 1111000001011010010010001010101100110010... 95           0.0059169499
    3: 1111000001011010010010101010101100110010... 97           0.0058609292
    4: 1111000001011010010010101010101000110010... 97           0.0061513634
    5: 1111000001011010010010101010101100110010... 100          0.0055459953
    6: 1111000001011010010010101010101100110010... 98           0.0056515915
    7: 1111000001011010010010001010101100110010... 100          0.0057763666
    8: 1111000001011010010010001010101100110010... 100          0.0056616311
    9: 1111000001011010010010001010101100110010... 97           0.0056986306

Pickling population to: genetic_alg_settings_population_end.pkl

Hall of Fame:
Index: Selected                                    #Selected    CV          
----------------------------------------------------------------------------------------------------
    0: 1111000001011010010010101010101100110010... 100          0.0055284768
    1: 1111000001011010010010101010101100110010... 100          0.0055376038
    2: 1111000001011010010010001010101100110000... 99           0.0055413493
    3: 1111000001011010010010101010101100110010... 100          0.0055459953
    4: 1111100001011010010100011010100100110000... 100          0.005547811 
    5: 1111000001011010010010101010101100110010... 100          0.0055571083
    6: 1111000001111010010010001010101100110000... 100          0.0055774937
    7: 1111000001011010010010101010101100110010... 96           0.0055794595
    8: 1111000001111010010010001010101100110000... 100          0.0055846864
    9: 1111100101011010010100011010100100110000... 97           0.0055850745

Pickling Hall of Fame to: genetic_alg_settings_evolve_halloffame.pkl
Begin 11 of 20 repetitions
Begin 20 generations
gen	nevals	avg       	std        	min     	max       
0  	0     	0.00576878	0.000167169	0.005546	0.00615136
1  	10    	0.00573017	0.000178199	0.00559054	0.00621141
2  	10    	0.00577365	0.00022419 	0.00555609	0.00629153
3  	10    	0.00569556	0.000131396	0.00554323	0.0059463 
4  	10    	0.0057252 	0.000271702	0.00550306	0.00638696
5  	10    	0.00566913	9.99122e-05	0.00552161	0.00582496
6  	10    	0.00581448	0.000243064	0.00556982	0.00647244
7  	10    	0.00581724	0.00011381 	0.00565009	0.00601939
8  	10    	0.00592542	0.000205605	0.00563806	0.0063914 
9  	10    	0.00581688	0.000181474	0.00558288	0.00629438
10 	10    	0.00576109	7.41164e-05	0.00566961	0.00591901
11 	10    	0.00571122	7.84029e-05	0.00558002	0.00588374
12 	10    	0.00577142	0.000136651	0.00563837	0.00612506
13 	10    	0.00581793	0.000239109	0.00561588	0.00635414
14 	10    	0.00583733	0.000302554	0.00560961	0.0067088 
15 	10    	0.00577365	0.000105968	0.00569052	0.00603847
16 	10    	0.00577565	0.0001251  	0.00562907	0.00597954
17 	10    	0.00576256	8.66434e-05	0.00560643	0.005894  
18 	10    	0.00575513	9.21422e-05	0.00561456	0.00591253
19 	10    	0.00581767	0.000122958	0.00564982	0.00612036
20 	10    	0.00582008	0.000190515	0.00556271	0.00617702
Runtime: 6.190721355997084 (s)


Final population:
Index: Selected                                    #Selected    CV          
----------------------------------------------------------------------------------------------------
    0: 1111000001011010010000101010001000110001... 100          0.0061770164
    1: 1111010001011010010000101010001100110001... 100          0.0058036876
    2: 1111000001011010010000101010101100110001... 100          0.0055627056
    3: 1111000001010010010000101010101100110001... 100          0.0057531576
    4: 1111010001011010010000101010101100110001... 96           0.0058818569
    5: 1111000001011010010000101011101000110001... 100          0.0061534094
    6: 1111010001011010010000101010101100110001... 98           0.0057582427
    7: 1111000001011010010000101010101100110001... 100          0.0056459534
    8: 1111000001011010010000101010101100110001... 98           0.0057246659
    9: 1111000001011010010000101010101100110001... 98           0.0057401115

Pickling population to: genetic_alg_settings_population_end.pkl

Hall of Fame:
Index: Selected                                    #Selected    CV          
----------------------------------------------------------------------------------------------------
    0: 1111000001011010010011101010101110110000... 96           0.005503058 
    1: 1111000001011010010100101010101110110010... 96           0.0055070086
    2: 1111000001011010010011101010101110110010... 100          0.005521608 
    3: 1111000001011011010010101010101110110010... 99           0.0055275464
    4: 1111000001011010010010101010101100110010... 100          0.0055284768
    5: 1111000001011010010010101010101100110010... 100          0.0055376038
    6: 1111000001011010010010001010101100110000... 99           0.0055413493
    7: 1111000001011011010010101010101110110010... 98           0.0055432263
    8: 1111000001011010010010101010101100110010... 100          0.0055459953
    9: 1111100001011010010100011010100100110000... 100          0.005547811 

Pickling Hall of Fame to: genetic_alg_settings_evolve_halloffame.pkl
Begin 12 of 20 repetitions
Begin 20 generations
gen	nevals	avg       	std        	min       	max       
0  	0     	0.00582008	0.000190515	0.00556271	0.00617702
1  	10    	0.00573696	0.000159718	0.00558283	0.00603169
2  	10    	0.00598939	0.000365439	0.00555466	0.00677758
3  	10    	0.00591624	0.00044716 	0.00562422	0.00719135
4  	10    	0.00578828	4.28554e-05	0.00572527	0.00587368
5  	10    	0.00583345	0.000208426	0.00563668	0.00641264
6  	10    	0.00575436	8.98951e-05	0.00562622	0.00589988
7  	10    	0.00576052	0.000159446	0.00550025	0.00612346
8  	10    	0.0057774 	0.000137355	0.00558464	0.00604634
9  	10    	0.00602501	0.000440482	0.00564856	0.00686914
10 	10    	0.00574741	0.00011511 	0.00552772	0.00594226
11 	10    	0.00577617	0.000153568	0.00551415	0.00607011
12 	10    	0.00590945	0.000167827	0.00568742	0.00625952
13 	10    	0.00579867	0.000183898	0.00553934	0.00623913
14 	10    	0.00578782	6.74567e-05	0.00569491	0.00588809
15 	10    	0.00570395	7.13316e-05	0.00558604	0.0057981 
16 	10    	0.00580585	0.000187648	0.00555435	0.00615978
17 	10    	0.0057806 	0.000113455	0.00562122	0.00598835
18 	10    	0.00576506	0.00011675 	0.00561053	0.00605551
19 	10    	0.00577935	0.00026304 	0.00556872	0.00650704
20 	10    	0.00574747	0.0001161  	0.00558253	0.0059624 
Runtime: 7.26835513900005 (s)


Final population:
Index: Selected                                    #Selected    CV          
----------------------------------------------------------------------------------------------------
    0: 1111000111001010010000101010101110110000... 95           0.0058190283
    1: 1111000011011010010000101010101110110000... 100          0.0056040942
    2: 1111000111001010010000101010101110110000... 95           0.0059623953
    3: 1111000011001010010000101010101110110000... 99           0.0057936896
    4: 1111000111001010010000101010101110110000... 98           0.0057435772
    5: 1111000011001010010000101010101110110000... 94           0.0057125527
    6: 1111000011001010010000101110101110110000... 99           0.0057397812
    7: 1111000011011010010000101010101110110000... 98           0.0055825347
    8: 1111000011001010010000101010101110110000... 99           0.0058851024
    9: 1111000111001010010000111010101110110000... 98           0.0056319489

Pickling population to: genetic_alg_settings_population_end.pkl

Hall of Fame:
Index: Selected                                    #Selected    CV          
----------------------------------------------------------------------------------------------------
    0: 1111000001011010010001101010101100110001... 97           0.0055002459
    1: 1111000001011010010011101010101110110000... 96           0.005503058 
    2: 1111000001011010010100101010101110110010... 96           0.0055070086
    3: 1111000001011010010000101010100100110111... 99           0.0055141538
    4: 1111000001011010010011101010101110110010... 100          0.005521608 
    5: 1111000001011011010010101010101110110010... 99           0.0055275464
    6: 1111000001001010010000101010101100110001... 97           0.0055277218
    7: 1111000001011010010010101010101100110010... 100          0.0055284768
    8: 1111000001011010010010101010101100110010... 100          0.0055376038
    9: 1111000011001010010000101010101110110000... 92           0.0055393363

Pickling Hall of Fame to: genetic_alg_settings_evolve_halloffame.pkl
Begin 13 of 20 repetitions
Begin 20 generations
gen	nevals	avg       	std      	min       	max      
0  	0     	0.00574747	0.0001161	0.00558253	0.0059624
1  	10    	0.00583505	0.000152069	0.00564192	0.00612236
2  	10    	0.00584692	0.00020879 	0.00560901	0.00635537
3  	10    	0.00578624	0.00013337 	0.00554478	0.00595133
4  	10    	0.00570411	9.07487e-05	0.00561125	0.00590016
5  	10    	0.00578232	0.000133176	0.00563092	0.00602383
6  	10    	0.00581609	0.000178407	0.00567284	0.00627182
7  	10    	0.00576886	4.37324e-05	0.00567892	0.00583491
8  	10    	0.00585197	0.000200513	0.00557544	0.00622811
9  	10    	0.00576162	0.000101269	0.00562309	0.00595776
10 	10    	0.00583677	0.000305599	0.00566062	0.00669592
11 	10    	0.00579018	0.000247168	0.00548774	0.00643944
12 	10    	0.0057154 	0.000129127	0.00546781	0.00590484
13 	10    	0.0057681 	0.000372066	0.00553353	0.00685597
14 	10    	0.00573448	0.000134497	0.0055304 	0.00596767
15 	10    	0.00586466	0.000364062	0.00551627	0.00684182
16 	10    	0.00572699	0.000136572	0.00557597	0.00595947
17 	10    	0.00567572	7.44602e-05	0.00555984	0.00576714
18 	10    	0.00568186	0.000100422	0.00557547	0.0058973 
19 	10    	0.00579507	0.000156389	0.00555359	0.00598476
20 	10    	0.00573793	0.000259834	0.00542895	0.00642078
Runtime: 6.235490525999921 (s)


Final population:
Index: Selected                                    #Selected    CV          
----------------------------------------------------------------------------------------------------
    0: 1111001011001010000000111010101110110000... 98           0.0058076895
    1: 1111000111001010010000101010101110100000... 93           0.0054289463
    2: 1111000011001010010000101010101110100000... 100          0.0059236162
    3: 1111000011001010010000101010101110100000... 100          0.005628413 
    4: 1111000011001010000010101011101110110000... 99           0.0056753256
    5: 1111000111001010000000101010001110110000... 94           0.0056310537
    6: 1111000011001010010000101010101110100000... 99           0.0055616506
    7: 1111000011001010010000100010101110100000... 100          0.0064207824
    8: 1111000101011010000000101010101110110000... 99           0.0056664475
    9: 1111000011000010000000101110101110110000... 99           0.0056354081

Pickling population to: genetic_alg_settings_population_end.pkl

Hall of Fame:
Index: Selected                                    #Selected    CV          
----------------------------------------------------------------------------------------------------
    0: 1111000111001010010000101010101110100000... 93           0.0054289463
    1: 1111000001001010000000101010101110110000... 99           0.0054678143
    2: 1111000001001010000000101010101110110000... 96           0.0054877356
    3: 1111000001011010010001101010101100110001... 97           0.0055002459
    4: 1111000001011010010011101010101110110000... 96           0.005503058 
    5: 1111000001011010010100101010101110110010... 96           0.0055070086
    6: 1111000001011010010000101010100100110111... 99           0.0055141538
    7: 1111000001001010000000101010101110110000... 100          0.0055162724
    8: 1111000001011010010011101010101110110010... 100          0.005521608 
    9: 1111000001011011010010101010101110110010... 99           0.0055275464

Pickling Hall of Fame to: genetic_alg_settings_evolve_halloffame.pkl
Begin 14 of 20 repetitions
Begin 20 generations
gen	nevals	avg       	std        	min       	max       
0  	0     	0.00573793	0.000259834	0.00542895	0.00642078
1  	10    	0.00580493	0.000367158	0.00551901	0.00687312
2  	10    	0.00565959	8.97201e-05	0.00550561	0.005833  
3  	10    	0.00565039	9.16422e-05	0.00554242	0.00578218
4  	10    	0.00562958	0.000151805	0.00550338	0.00603077
5  	10    	0.0056361 	8.47081e-05	0.00551573	0.00580928
6  	10    	0.00560224	0.000138441	0.0054766 	0.00595658
7  	10    	0.00567362	0.000140306	0.0054879 	0.0058736 
8  	10    	0.00570678	0.000102524	0.00552546	0.00590219
9  	10    	0.00571763	0.000149812	0.00553786	0.00595191
10 	10    	0.00568716	0.000115377	0.00548924	0.00586439
11 	10    	0.00568814	8.24131e-05	0.0055084 	0.00577938
12 	10    	0.00571076	8.28118e-05	0.00561106	0.0058924 
13 	10    	0.00581718	0.000216233	0.00558609	0.00621638
14 	10    	0.00580117	0.000176184	0.00549003	0.00609529
15 	10    	0.00574609	9.50826e-05	0.00559441	0.00591745
16 	10    	0.00580115	0.000185912	0.00558821	0.00620902
17 	10    	0.00567822	0.000110879	0.0055125 	0.0058561 
18 	10    	0.00572719	0.00017876 	0.00545733	0.00619048
19 	10    	0.00572414	0.00020095 	0.00554579	0.00628313
20 	10    	0.00586204	0.000363029	0.00552512	0.00675821
Runtime: 6.770735604997753 (s)


Final population:
Index: Selected                                    #Selected    CV          
----------------------------------------------------------------------------------------------------
    0: 1111000111010011010001101111101110100000... 98           0.0056898186
    1: 1111000111011011010000101011101100100100... 100          0.0056933139
    2: 1111000010011011010000101011101110100000... 98           0.0059058201
    3: 1111000011011010010000100011101110100000... 100          0.0067582105
    4: 1111000111011011010001101011101110100100... 100          0.0057116887
    5: 1111000111000011010100101111101100100100... 97           0.0058180194
    6: 1111000111010011010000101111101110100100... 95           0.0056319122
    7: 1111000111011011010001101011101010100100... 100          0.0062971856
    8: 1111000011011011010000101011101110100000... 100          0.0055251207
    9: 1111000011011011010000101011101110100000... 100          0.0055893382

Pickling population to: genetic_alg_settings_population_end.pkl

Hall of Fame:
Index: Selected                                    #Selected    CV          
----------------------------------------------------------------------------------------------------
    0: 1111000111001010010000101010101110100000... 93           0.0054289463
    1: 1111000011011011010000101011101110100000... 100          0.005457329 
    2: 1111000001001010000000101010101110110000... 99           0.0054678143
    3: 1111000111001010010000101011101110100000... 97           0.0054766   
    4: 1111000011001010010100101011101110110000... 96           0.0054833717
    5: 1111000001001010000000101010101110110000... 96           0.0054877356
    6: 1111000111001010010000101010101110100000... 96           0.0054878967
    7: 1111000111011010010000101010101110100000... 96           0.0054892366
    8: 1111000111011011010000101011101110100000... 99           0.005490026 
    9: 1111000111001010010000101010101110100000... 98           0.0054910106

Pickling Hall of Fame to: genetic_alg_settings_evolve_halloffame.pkl
Begin 15 of 20 repetitions
Begin 20 generations
gen	nevals	avg       	std        	min       	max       
0  	0     	0.00586204	0.000363029	0.00552512	0.00675821
1  	10    	0.00599298	0.000332179	0.00562563	0.00683952
2  	10    	0.0058907 	0.000191089	0.00556323	0.00615057
3  	10    	0.00603063	0.000455887	0.00563424	0.00729597
4  	10    	0.00588666	0.000179044	0.00566579	0.00630088
5  	10    	0.00582278	8.46624e-05	0.00570086	0.00594368
6  	10    	0.00587505	0.00011556 	0.00566853	0.00609967
7  	10    	0.00588004	0.000333377	0.00560768	0.00684997
8  	10    	0.00602005	0.000368896	0.00574529	0.00698824
9  	10    	0.00593058	0.000179118	0.00567158	0.00626638
10 	10    	0.0059195 	0.000123801	0.0056949 	0.00609761
11 	10    	0.00594392	0.000212784	0.00564952	0.00635461
12 	10    	0.00589064	0.0001399  	0.0057316 	0.00628357
13 	10    	0.00605145	0.000338871	0.00575949	0.0069912 
14 	10    	0.00592631	0.000143749	0.00565347	0.006197  
15 	10    	0.0059204 	0.000248139	0.005664  	0.00658159
16 	10    	0.00583164	0.000112407	0.00558768	0.00598863
17 	10    	0.00589497	0.000141696	0.00564573	0.00624594
18 	10    	0.00588732	0.000285612	0.00559701	0.00663218
19 	10    	0.00581493	0.00018566 	0.00559479	0.00614912
20 	10    	0.00598477	0.00038836 	0.00560875	0.00675096
Runtime: 7.594060906001687 (s)


Final population:
Index: Selected                                    #Selected    CV          
----------------------------------------------------------------------------------------------------
    0: 1111000011001011010000001011101110100100... 93           0.005707781 
    1: 1111000011001010010010001011101110100000... 100          0.0056087525
    2: 1111000111001011010010001011101110100100... 98           0.0056779899
    3: 1111000111001011010000001011101110100000... 100          0.0060244257
    4: 1110000111001011010010001011101110100100... 100          0.0067000812
    5: 1110000111001011010010001011101110100100... 99           0.0067509639
    6: 1111000011001011010000001011101110100100... 95           0.0058600585
    7: 1111000011001011010010001011101110100000... 95           0.0058703372
    8: 1111000110001011010010001011101110101000... 100          0.0059107393
    9: 1111000111001011010000001011101110100100... 99           0.0057366019

Pickling population to: genetic_alg_settings_population_end.pkl

Hall of Fame:
Index: Selected                                    #Selected    CV          
----------------------------------------------------------------------------------------------------
    0: 1111000111001010010000101010101110100000... 93           0.0054289463
    1: 1111000011011011010000101011101110100000... 100          0.005457329 
    2: 1111000001001010000000101010101110110000... 99           0.0054678143
    3: 1111000111001010010000101011101110100000... 97           0.0054766   
    4: 1111000011001010010100101011101110110000... 96           0.0054833717
    5: 1111000001001010000000101010101110110000... 96           0.0054877356
    6: 1111000111001010010000101010101110100000... 96           0.0054878967
    7: 1111000111011010010000101010101110100000... 96           0.0054892366
    8: 1111000111011011010000101011101110100000... 99           0.005490026 
    9: 1111000111001010010000101010101110100000... 98           0.0054910106

Pickling Hall of Fame to: genetic_alg_settings_evolve_halloffame.pkl
Begin 16 of 20 repetitions
Begin 20 generations
gen	nevals	avg       	std       	min       	max       
0  	0     	0.00598477	0.00038836	0.00560875	0.00675096
1  	10    	0.00578288	9.90094e-05	0.00558269	0.00593657
2  	10    	0.00579923	0.000131924	0.00561214	0.00608037
3  	10    	0.00594058	0.000405114	0.00570828	0.00713951
4  	10    	0.00576731	0.000102875	0.00562278	0.00596631
5  	10    	0.00582873	0.000105873	0.00563797	0.00600285
6  	10    	0.00595419	0.000417391	0.00553149	0.00712846
7  	10    	0.00594217	0.000390572	0.00566328	0.00702123
8  	10    	0.00576118	0.000102651	0.00562632	0.00594529
9  	10    	0.00584944	0.000315142	0.0055396 	0.00670286
10 	10    	0.00574013	0.000138992	0.00555819	0.00595427
11 	10    	0.00594659	0.000400399	0.00563687	0.00703386
12 	10    	0.00587365	0.000357288	0.00557565	0.00690919
13 	10    	0.00579833	0.000112903	0.00561316	0.00602863
14 	10    	0.00579478	6.8826e-05 	0.00568407	0.00593412
15 	10    	0.00577922	0.000128716	0.00565301	0.00602348
16 	10    	0.0058475 	0.000164736	0.00567919	0.00627935
17 	10    	0.00584235	0.000196006	0.00555003	0.00618174
18 	10    	0.00570342	5.58023e-05	0.00559017	0.00582545
19 	10    	0.00572635	8.13102e-05	0.00558177	0.00586496
20 	10    	0.00573964	0.000100755	0.00560345	0.00593698
Runtime: 6.891194382998947 (s)


Final population:
Index: Selected                                    #Selected    CV          
----------------------------------------------------------------------------------------------------
    0: 1111000011001010010010001011101110100000... 96           0.0059369847
    1: 1111000011001010010010001011101110100000... 95           0.0057096263
    2: 1111000011001010010010001011101110100000... 100          0.0057698204
    3: 1111000011001010010010001011101110100000... 94           0.0057845294
    4: 1111000011001010010010001011101110100000... 98           0.0056034505
    5: 1111000011001010010000011011101110100000... 97           0.0058611961
    6: 1111000011001010010000011011101110100000... 98           0.0056097213
    7: 1111000011001010010000011011101110100000... 96           0.0057003652
    8: 1111000011001010010010001011101110100000... 99           0.0057617841
    9: 1111000011001010010010011011101110100000... 95           0.0056589649

Pickling population to: genetic_alg_settings_population_end.pkl

Hall of Fame:
Index: Selected                                    #Selected    CV          
----------------------------------------------------------------------------------------------------
    0: 1111000111001010010000101010101110100000... 93           0.0054289463
    1: 1111000011011011010000101011101110100000... 100          0.005457329 
    2: 1111000001001010000000101010101110110000... 99           0.0054678143
    3: 1111000111001010010000101011101110100000... 97           0.0054766   
    4: 1111000011001010010100101011101110110000... 96           0.0054833717
    5: 1111000001001010000000101010101110110000... 96           0.0054877356
    6: 1111000111001010010000101010101110100000... 96           0.0054878967
    7: 1111000111011010010000101010101110100000... 96           0.0054892366
    8: 1111000111011011010000101011101110100000... 99           0.005490026 
    9: 1111000111001010010000101010101110100000... 98           0.0054910106

Pickling Hall of Fame to: genetic_alg_settings_evolve_halloffame.pkl
Begin 17 of 20 repetitions
Begin 20 generations
gen	nevals	avg       	std        	min       	max       
0  	0     	0.00573964	0.000100755	0.00560345	0.00593698
1  	10    	0.00574302	9.57921e-05	0.00554421	0.00585791
2  	10    	0.00578726	0.000144267	0.00558723	0.00609122
3  	10    	0.0060432 	0.000319772	0.0056953 	0.00648324
4  	10    	0.0058057 	0.000200897	0.00558149	0.00630902
5  	10    	0.00578401	8.98107e-05	0.00567579	0.00591035
6  	10    	0.00581688	7.29419e-05	0.0057032 	0.00594591
7  	10    	0.0057117 	6.54383e-05	0.00560802	0.00583177
8  	10    	0.00571929	9.08953e-05	0.00556305	0.00582326
9  	10    	0.00582321	0.000197031	0.00553519	0.00620153
10 	10    	0.00583362	0.000293754	0.00557442	0.00644459
11 	10    	0.00575685	0.000244204	0.00554303	0.00646304
12 	10    	0.00579694	0.000343342	0.00560978	0.00681657
13 	10    	0.0057147 	0.000197909	0.00552705	0.00626852
14 	10    	0.00564956	8.00267e-05	0.00548111	0.00575638
15 	10    	0.00563494	0.000153928	0.00552025	0.00607684
16 	10    	0.00570478	0.000233159	0.00553633	0.00634206
17 	10    	0.00565128	6.4119e-05 	0.00552742	0.00572868
18 	10    	0.00564725	6.38905e-05	0.00557125	0.00577634
19 	10    	0.00566852	0.000131359	0.00550679	0.00592576
20 	10    	0.00577779	0.000300032	0.00558346	0.00666938
Runtime: 6.558167336999759 (s)


Final population:
Index: Selected                                    #Selected    CV          
----------------------------------------------------------------------------------------------------
    0: 1111000011001010010011011011101110110000... 95           0.005650949 
    1: 1111000011001010010011011011101110110000... 97           0.0056707364
    2: 1111000011001010010011011010101110110000... 99           0.0057183047
    3: 1111000011001010010011011011101110100000... 97           0.0056956366
    4: 1111000011001010010011011011101110110000... 98           0.0056509081
    5: 1111000011001010010110011010101110100000... 97           0.0056909133
    6: 1111000011001010010011011011101110110000... 96           0.0055834641
    7: 1110000011001010010011011011101110110000... 96           0.006669375 
    8: 1111000011001010010011011010101110100000... 98           0.0057337378
    9: 1111000111001010010011011010101110100000... 99           0.0057138954

Pickling population to: genetic_alg_settings_population_end.pkl

Hall of Fame:
Index: Selected                                    #Selected    CV          
----------------------------------------------------------------------------------------------------
    0: 1111000111001010010000101010101110100000... 93           0.0054289463
    1: 1111000011011011010000101011101110100000... 100          0.005457329 
    2: 1111000001001010000000101010101110110000... 99           0.0054678143
    3: 1111000111001010010000101011101110100000... 97           0.0054766   
    4: 1111000011001010010001011011101110100000... 94           0.0054811116
    5: 1111000011001010010100101011101110110000... 96           0.0054833717
    6: 1111000001001010000000101010101110110000... 96           0.0054877356
    7: 1111000111001010010000101010101110100000... 96           0.0054878967
    8: 1111000111011010010000101010101110100000... 96           0.0054892366
    9: 1111000111011011010000101011101110100000... 99           0.005490026 

Pickling Hall of Fame to: genetic_alg_settings_evolve_halloffame.pkl
Begin 18 of 20 repetitions
Begin 20 generations
gen	nevals	avg       	std        	min       	max       
0  	0     	0.00577779	0.000300032	0.00558346	0.00666938
1  	10    	0.00570597	0.000121922	0.00556348	0.00596176
2  	10    	0.00566195	0.000100768	0.0055071 	0.00582475
3  	10    	0.00567022	6.54655e-05	0.0055755 	0.00579659
4  	10    	0.00574509	0.000126779	0.00561859	0.00610288
5  	10    	0.00578956	0.000129459	0.00558288	0.00603667
6  	10    	0.00576144	7.86335e-05	0.00565217	0.00591586
7  	10    	0.00590744	0.000334503	0.00562007	0.00675907
8  	10    	0.00578432	0.000199848	0.00543756	0.00609794
9  	10    	0.00585485	0.000312075	0.00562733	0.00670718
10 	10    	0.00571485	0.000103607	0.00555515	0.0058903 
11 	10    	0.00576588	9.15245e-05	0.00557185	0.00590408
12 	10    	0.00576888	0.000114883	0.0056336 	0.00596808
13 	10    	0.00579012	0.000108796	0.00563165	0.00606802
14 	10    	0.00618598	0.000674104	0.00562534	0.00767788
15 	10    	0.00577285	0.00012151 	0.00557111	0.00595446
16 	10    	0.00581674	0.00011665 	0.00564736	0.00606371
17 	10    	0.00587621	0.000129982	0.00563022	0.00604101
18 	10    	0.00584662	0.000169493	0.00566401	0.00629025
19 	10    	0.00594775	0.000310352	0.00570754	0.00677937
20 	10    	0.00590054	0.000154912	0.00572555	0.00626005
Runtime: 7.152896781997697 (s)


Final population:
Index: Selected                                    #Selected    CV          
----------------------------------------------------------------------------------------------------
    0: 1111000001001011001111001010101110101000... 100          0.0058872685
    1: 1111000011001010000111001010101110100000... 99           0.0058924621
    2: 1111000011001010101111001010101110100000... 100          0.0060004242
    3: 1111010011001011000111001010101110100000... 100          0.0060285729
    4: 1111000010001011100111001010101110100000... 100          0.0062600522
    5: 1111000011001011100111001010111110100000... 100          0.0058436686
    6: 1111000011001011100111001010101110100000... 99           0.0057530206
    7: 1111000011001011100111001010101110100000... 100          0.0057255542
    8: 1111000011001010100101001010101110100000... 100          0.0057327766
    9: 1111010011001010100101001010101110100000... 100          0.0058816208

Pickling population to: genetic_alg_settings_population_end.pkl

Hall of Fame:
Index: Selected                                    #Selected    CV          
----------------------------------------------------------------------------------------------------
    0: 1111000111001010010000101010101110100000... 93           0.0054289463
    1: 1111000011001010110111011110101110100000... 90           0.0054375622
    2: 1111000011011011010000101011101110100000... 100          0.005457329 
    3: 1111000001001010000000101010101110110000... 99           0.0054678143
    4: 1111000111001010010000101011101110100000... 97           0.0054766   
    5: 1111000011001010010001011011101110100000... 94           0.0054811116
    6: 1111000011001010010100101011101110110000... 96           0.0054833717
    7: 1111000001001010000000101010101110110000... 96           0.0054877356
    8: 1111000111001010010000101010101110100000... 96           0.0054878967
    9: 1111000111011010010000101010101110100000... 96           0.0054892366

Pickling Hall of Fame to: genetic_alg_settings_evolve_halloffame.pkl
Begin 19 of 20 repetitions
Begin 20 generations
gen	nevals	avg       	std        	min       	max       
0  	0     	0.00590054	0.000154912	0.00572555	0.00626005
1  	10    	0.00605087	0.000367457	0.00570453	0.00703009
2  	10    	0.00591725	0.0002556  	0.00569928	0.00663611
3  	10    	0.00589172	0.000136063	0.00568558	0.00610959
4  	10    	0.00583566	8.51269e-05	0.00569944	0.00598652
5  	10    	0.00582786	0.000172903	0.00569032	0.00631618
6  	10    	0.00587979	0.000137692	0.00571183	0.00616174
7  	10    	0.00577081	9.78781e-05	0.00563998	0.00596584
8  	10    	0.00574989	8.75408e-05	0.00565869	0.00589774
9  	10    	0.00578894	0.000100795	0.00564693	0.00596534
10 	10    	0.00580225	9.71808e-05	0.00569818	0.00601012
11 	10    	0.00600062	0.000407329	0.00574396	0.00709816
12 	10    	0.00596828	0.000296375	0.00570344	0.00681276
13 	10    	0.00584873	0.000171596	0.00556689	0.00614083
14 	10    	0.00589638	0.000318097	0.00567799	0.00679675
15 	10    	0.00587759	0.000197964	0.00561396	0.00623475
16 	10    	0.00602061	0.000467245	0.0056576 	0.0073115 
17 	10    	0.00587206	0.000173986	0.00563583	0.00617502
18 	10    	0.00585854	0.00012356 	0.00564982	0.00604995
19 	10    	0.00580338	0.000166468	0.00549313	0.00614135
20 	10    	0.00575919	7.40425e-05	0.00562981	0.00588028
Runtime: 6.480602227999043 (s)


Final population:
Index: Selected                                    #Selected    CV          
----------------------------------------------------------------------------------------------------
    0: 1111010011001011100001101010111110100000... 100          0.0056865947
    1: 1111010011001011100011101010111110100000... 100          0.0058445811
    2: 1111010011001011100001101010111110100000... 100          0.0058359576
    3: 1111010011001011100001101010111110100000... 100          0.0056298147
    4: 1111010011001011100100101010111110100000... 100          0.0057567371
    5: 1111010011001011100001101010111110100000... 96           0.005781576 
    6: 1111010011001011100000101010111110100000... 100          0.0057188121
    7: 1111010011001011100100101010111110100000... 98           0.0057066469
    8: 1111110011001011100101101110111110100000... 95           0.0058802814
    9: 1111010011001011100000101010111110100100... 97           0.0057509121

Pickling population to: genetic_alg_settings_population_end.pkl

Hall of Fame:
Index: Selected                                    #Selected    CV          
----------------------------------------------------------------------------------------------------
    0: 1111000111001010010000101010101110100000... 93           0.0054289463
    1: 1111000011001010110111011110101110100000... 90           0.0054375622
    2: 1111000011011011010000101011101110100000... 100          0.005457329 
    3: 1111000001001010000000101010101110110000... 99           0.0054678143
    4: 1111000111001010010000101011101110100000... 97           0.0054766   
    5: 1111000011001010010001011011101110100000... 94           0.0054811116
    6: 1111000011001010010100101011101110110000... 96           0.0054833717
    7: 1111000001001010000000101010101110110000... 96           0.0054877356
    8: 1111000111001010010000101010101110100000... 96           0.0054878967
    9: 1111000111011010010000101010101110100000... 96           0.0054892366

Pickling Hall of Fame to: genetic_alg_settings_evolve_halloffame.pkl
Begin 20 of 20 repetitions
Begin 20 generations
gen	nevals	avg       	std        	min       	max       
0  	0     	0.00575919	7.40425e-05	0.00562981	0.00588028
1  	10    	0.00587396	0.000205826	0.00560025	0.00633033
2  	10    	0.00573718	0.000119324	0.00564142	0.00604843
3  	10    	0.00570863	5.99245e-05	0.00561629	0.00581328
4  	10    	0.00584669	0.000263751	0.00550973	0.00655349
5  	10    	0.00573464	0.000111652	0.00559676	0.00596661
6  	10    	0.00568628	9.26644e-05	0.00554738	0.0058135 
7  	10    	0.00571036	8.03621e-05	0.00562132	0.00586378
8  	10    	0.00580713	0.000288578	0.0055514 	0.00639132
9  	10    	0.0058218 	0.00042588 	0.00550056	0.00704565
10 	10    	0.00573383	0.000171153	0.00556729	0.00618724
11 	10    	0.00581168	0.000364624	0.00556238	0.00685237
12 	10    	0.00569413	0.000106765	0.00552548	0.00589046
13 	10    	0.00574917	0.000225404	0.00558363	0.00641455
14 	10    	0.00568431	0.000134325	0.00539767	0.0058858 
15 	10    	0.00580642	0.000310315	0.00559304	0.00661045
16 	10    	0.00568175	0.000103472	0.00557664	0.00596227
17 	10    	0.00577051	0.000208582	0.00556406	0.00633338
18 	10    	0.00567279	4.67602e-05	0.00561778	0.0057749 
19 	10    	0.00574338	8.73049e-05	0.00563266	0.00591328
20 	10    	0.00574795	0.000131917	0.00557486	0.00596894
Runtime: 7.002450025000144 (s)


Final population:
Index: Selected                                    #Selected    CV          
----------------------------------------------------------------------------------------------------
    0: 1111000111001001110101101010011110100100... 94           0.0055884132
    1: 1111100010001011010101101010001110101000... 100          0.0059689389
    2: 1111001111001011010101101010011110100100... 98           0.005853266 
    3: 1111000011001011010101101010001110100100... 98           0.0056856248
    4: 1111000011001011010101101010011110101100... 99           0.0057178941
    5: 1111000011001011010101101010011110101100... 100          0.0056576905
    6: 1111000011001011010100101010011110100100... 92           0.0055748558
    7: 1111000011001011010101101010011110100100... 100          0.0057166939
    8: 1111000011001011010101101010001110100100... 100          0.0057567378
    9: 1111000011001011110100101010010110100100... 100          0.0059593497

Pickling population to: genetic_alg_settings_population_end.pkl

Hall of Fame:
Index: Selected                                    #Selected    CV          
----------------------------------------------------------------------------------------------------
    0: 1111000011011011010101101010011110100100... 99           0.0053976681
    1: 1111000111001010010000101010101110100000... 93           0.0054289463
    2: 1111000011001010110111011110101110100000... 90           0.0054375622
    3: 1111000011011011010000101011101110100000... 100          0.005457329 
    4: 1111000001001010000000101010101110110000... 99           0.0054678143
    5: 1111000111001010010000101011101110100000... 97           0.0054766   
    6: 1111000011001010010001011011101110100000... 94           0.0054811116
    7: 1111000011001010010100101011101110110000... 96           0.0054833717
    8: 1111000001001010000000101010101110110000... 96           0.0054877356
    9: 1111000111001010010000101010101110100000... 96           0.0054878967

Pickling Hall of Fame to: genetic_alg_settings_evolve_halloffame.pkl
#   DONE  Runtime: 132.1429842590005 (s)

Adding statistics...
  DONE

Result:
Index: Selected                                    #Selected    CV           RMS          wRMS         Estimator                FeatureSelection         Note
--------------------------------------------------------------------------------------------------------------------------------------------------------------------
    0: 1111000011011011010101101010011110100100... 99           0.0053976681 0.0044462485 0.0044820455 LinearRegression         GeneticAlgorithm         
    1: 1111000111001010010000101010101110100000... 93           0.0054289463 0.0045656138 0.0045785208 LinearRegression         GeneticAlgorithm         
    2: 1111000011001010110111011110101110100000... 90           0.0054375622 0.0046046356 0.0045681095 LinearRegression         GeneticAlgorithm         
    3: 1111000011011011010000101011101110100000... 100          0.005457329  0.0045272703 0.0045501158 LinearRegression         GeneticAlgorithm         
    4: 1111000001001010000000101010101110110000... 99           0.0054678143 0.0044709349 0.0045095005 LinearRegression         GeneticAlgorithm         
    5: 1111000111001010010000101011101110100000... 97           0.0054766    0.0045487106 0.0045576519 LinearRegression         GeneticAlgorithm         
    6: 1111000011001010010001011011101110100000... 94           0.0054811116 0.0045576635 0.0045749989 LinearRegression         GeneticAlgorithm         
    7: 1111000011001010010100101011101110110000... 96           0.0054833717 0.0044961435 0.004523991  LinearRegression         GeneticAlgorithm         
    8: 1111000001001010000000101010101110110000... 96           0.0054877356 0.0045310322 0.004577601  LinearRegression         GeneticAlgorithm         
    9: 1111000111001010010000101010101110100000... 96           0.0054878967 0.0044987397 0.0045185522 LinearRegression         GeneticAlgorithm         

Pickling Hall of Fame to: genetic_alg_settings_halloffame.pkl
