Loading genetic_alg_settings.json
# Hall of Fame size: 10 

# Get problem data...
# wHullDist: Will calculate hull distance: hull_dist(CALCULATED,atom_frac)
# Query requested: ['formation_energy', 'is_calculated', 'corr', 'hull_dist(CALCULATED,atom_frac)']
# Use existing: []
# Querying: ['formation_energy', 'is_calculated', 'corr', 'hull_dist(CALCULATED,atom_frac)']
#   DONE

# Target: formation_energy
# Training samples: 627
# Features: 253 

# Weighting:
{
  "method": "wHullDist",
  "kwargs": {
    "A": 2.0,
    "B": 0.0,
    "kT": 0.05500000000000001,
    "hull_selection": "CALCULATED"
  }
}

# CV:
{
  "method": "KFold",
  "kwargs": {
    "n_splits": 10,
    "shuffle": true
  },
  "penalty": 0.0
} 

# Writing problem specs to: genetic_alg_settings_specs.pkl
# To inspect or customize the problem specs further, use the '--checkspecs' method

# Estimator:
{
  "method": "LinearRegression",
  "kwargs": {
    "fit_intercept": false
  }
} 

# Feature Selection:
{
  "method": "GeneticAlgorithm",
  "kwargs": {
    "constraints_kwargs": {
      "n_features_max": 100,
      "n_features_min": 3,
      "fix_off": [],
      "fix_on": [
        0,
        1,
        2
      ]
    },
    "selTournamentSize": 3,
    "mutFlipBitProb": 0.01,
    "evolve_params_kwargs": {
      "n_generation": 20,
      "n_repetition": 20,
      "n_features_init": 3,
      "n_population": 10,
      "n_halloffame": 10,
      "halloffame_filename": "evolve_halloffame.pkl",
      "filename_prefix": "genetic_alg_settings"
    },
    "cxUniformProb": 0.5
  }
} 

# Fit and select...
Constructing initial population
Begin 1 of 20 repetitions
Begin 20 generations
gen	nevals	avg    	std        	min      	max      
0  	10    	0.01954	0.000633731	0.0183878	0.0201602
1  	10    	0.0184229	0.000859372	0.0169848	0.0195561
2  	10    	0.0175237	0.00145855 	0.014019 	0.0195732
3  	10    	0.015313 	0.00174966 	0.012485 	0.0182868
4  	10    	0.0137758	0.00148542 	0.0117843	0.0160816
5  	10    	0.0122024	0.00174936 	0.00964854	0.0162166
6  	10    	0.0109241	0.00107574 	0.00899451	0.0120054
7  	10    	0.00996048	0.000934881	0.00902373	0.0113983
8  	10    	0.00923126	0.000961313	0.00797093	0.011864 
9  	10    	0.00866536	0.000396242	0.00781739	0.00910816
10 	10    	0.00877172	0.000669298	0.00765977	0.0104315 
11 	10    	0.00835083	0.000212719	0.00796842	0.00876069
12 	10    	0.00823111	0.000396474	0.00733734	0.00887546
13 	10    	0.00807024	0.000339147	0.00759659	0.00867866
14 	10    	0.0077481 	0.000193366	0.00747712	0.00810143
15 	10    	0.00757878	9.48266e-05	0.00739712	0.00773085
16 	10    	0.00751576	0.000143523	0.00727947	0.00769174
17 	10    	0.00748688	0.000184373	0.00720965	0.00784519
18 	10    	0.00753873	0.00019973 	0.00729673	0.00798972
19 	10    	0.00740685	0.000123825	0.00725379	0.00764551
20 	10    	0.00734749	0.000132051	0.00710032	0.00754542
Runtime: 3.065813850000268 (s)


Final population:
Index: Selected                                    #Selected    CV          
----------------------------------------------------------------------------------------------------
    0: 1111110100000000000000001110000010110000... 51           0.0074377352
    1: 1111110101000001000000001110000010110000... 61           0.0074235371
    2: 1111110100000001000000001110000010110000... 57           0.0072337077
    3: 1111110101000001000000001110000010110000... 58           0.0071836456
    4: 1111110100000001000000001110000010110000... 54           0.0074031109
    5: 1111110100000000000000001110000010110000... 57           0.0073467164
    6: 1111110100000001000000001110000010110000... 55           0.0075454213
    7: 1111110001000000000000001110001010110000... 62           0.0074768483
    8: 1111110110000000000000001110000010110000... 58           0.007323832 
    9: 1111110100000001000000001110000010110000... 54           0.0071003242

Pickling population to: genetic_alg_settings_population_end.pkl

Hall of Fame:
Index: Selected                                    #Selected    CV          
----------------------------------------------------------------------------------------------------
    0: 1111110100000001000000001110000010110000... 54           0.0071003242
    1: 1111110101000001000000001110000010110000... 58           0.0071836456
    2: 1111110100000000000000001110000010110000... 53           0.0072096463
    3: 1111110100000001000000001110000010110000... 57           0.0072337077
    4: 1111110100000001000000001110000010110000... 54           0.0072537935
    5: 1111111100000000000000001110000010100000... 50           0.0072794666
    6: 1111110100000000000000001110000010110000... 53           0.007290226 
    7: 1111001100100000000000001110000010100000... 49           0.0072947949
    8: 1111110100000001000000001110000010110000... 53           0.0072967292
    9: 1111110100000000000000001110000010110000... 54           0.0073093585

Pickling Hall of Fame to: genetic_alg_settings_evolve_halloffame.pkl
Begin 2 of 20 repetitions
Begin 20 generations
gen	nevals	avg       	std        	min       	max       
0  	0     	0.00734749	0.000132051	0.00710032	0.00754542
1  	10    	0.00735542	0.000422921	0.00701963	0.00858713
2  	10    	0.00720726	0.000150063	0.00697643	0.00741011
3  	10    	0.00700412	0.000117769	0.00685631	0.0072053 
4  	10    	0.00694521	0.000116249	0.00668806	0.00715905
5  	10    	0.00694044	0.000279203	0.00659133	0.00767742
6  	10    	0.00679464	0.000131203	0.00653958	0.00699439
7  	10    	0.006714  	0.000195806	0.006448  	0.00701869
8  	10    	0.00664737	0.000333943	0.00639824	0.00759864
9  	10    	0.00655075	0.000335264	0.00630137	0.00752494
10 	10    	0.00639878	0.000143452	0.00622612	0.00677735
11 	10    	0.00634144	8.58746e-05	0.00622866	0.0064889 
12 	10    	0.00635408	0.00018832 	0.00610504	0.00684117
13 	10    	0.00634687	0.000195531	0.00616819	0.00687908
14 	10    	0.00631541	0.000174657	0.00615146	0.00676365
15 	10    	0.00626158	6.96766e-05	0.0061731 	0.00639497
16 	10    	0.00633659	0.000155337	0.00615236	0.00672239
17 	10    	0.00628946	0.000165408	0.00610671	0.00662835
18 	10    	0.00623552	0.000137768	0.00606603	0.00644769
19 	10    	0.00635134	0.000467099	0.00602273	0.0073851 
20 	10    	0.00614251	9.20625e-05	0.00594508	0.00629276
Runtime: 4.560569414999918 (s)


Final population:
Index: Selected                                    #Selected    CV          
----------------------------------------------------------------------------------------------------
    0: 1111100100011011000100001110000110110010... 83           0.0060625696
    1: 1111100101011011000000001110000110110010... 84           0.0059450841
    2: 1111100100011011000000001110000110111010... 81           0.0061949613
    3: 1111100100011011000100001110000110110010... 86           0.0062169259
    4: 1111100100011011010000001110000110110010... 84           0.0061482537
    5: 1111100100011011001000001110000110110010... 85           0.0060884781
    6: 1111100100011011000100001110000110100010... 81           0.0062093703
    7: 1111100100111011000100001110000110110010... 82           0.0062927599
    8: 1111100100011011000000001110000110110010... 83           0.0061117463
    9: 1111100100011011100000001110000110110010... 84           0.00615494  

Pickling population to: genetic_alg_settings_population_end.pkl

Hall of Fame:
Index: Selected                                    #Selected    CV          
----------------------------------------------------------------------------------------------------
    0: 1111100101011011000000001110000110110010... 84           0.0059450841
    1: 1111100100011011000000001110000110110010... 83           0.0060227281
    2: 1111100100011011000100001110000110111010... 87           0.0060548964
    3: 1111100100011011000100001110000110110010... 83           0.0060625696
    4: 1111100100011011000100001110000110110010... 81           0.0060660265
    5: 1111100100011011000000001110000110111010... 84           0.0060802686
    6: 1111100100011011001000001110000110110010... 85           0.0060884781
    7: 1111100100011011000000001110000110110000... 72           0.006105035 
    8: 1111100100011011000000001110000110110010... 86           0.0061060083
    9: 1111100100011011000010001110000110110010... 83           0.0061067105

Pickling Hall of Fame to: genetic_alg_settings_evolve_halloffame.pkl
Begin 3 of 20 repetitions
Begin 20 generations
gen	nevals	avg       	std        	min       	max       
0  	0     	0.00614251	9.20625e-05	0.00594508	0.00629276
1  	10    	0.00616984	0.000174669	0.00600488	0.00666331
2  	10    	0.00616901	8.92161e-05	0.00597763	0.00627483
3  	10    	0.00618923	0.000153676	0.00595443	0.00646756
4  	10    	0.00611247	0.000110584	0.00598147	0.00634597
5  	10    	0.00616454	0.000284465	0.00594158	0.00699587
6  	10    	0.00623356	0.000347462	0.00602629	0.00724895
7  	10    	0.00606348	7.64341e-05	0.00593926	0.00623614
8  	10    	0.00602566	5.7693e-05 	0.00595024	0.0061383 
9  	10    	0.00597065	0.000100055	0.00586874	0.00620979
10 	10    	0.00597911	0.00012484 	0.00575063	0.00623187
11 	10    	0.00611472	0.000388802	0.00586843	0.00723529
12 	10    	0.00622972	0.000509674	0.00584323	0.00756519
13 	10    	0.00603075	0.000332402	0.00583426	0.00700819
14 	10    	0.00605676	9.57631e-05	0.00591793	0.00624917
15 	10    	0.00631187	0.000400126	0.00594678	0.00726516
16 	10    	0.00625802	0.000323091	0.00592879	0.00692214
17 	10    	0.00627467	0.000420746	0.00597824	0.00712166
18 	10    	0.00602261	0.00018328 	0.00582325	0.006478  
19 	10    	0.00622023	0.000337945	0.00586864	0.00707486
20 	10    	0.00606371	0.00013697 	0.00590358	0.00633171
Runtime: 5.662863142999413 (s)


Final population:
Index: Selected                                    #Selected    CV          
----------------------------------------------------------------------------------------------------
    0: 1111101000001011001100001110000110110011... 97           0.006172869 
    1: 1111101000011011001000001110000110100011... 99           0.0059035824
    2: 1111101000011011001100001110000110110011... 97           0.0059317388
    3: 1111101000001011001000001110000110100011... 100          0.0063317053
    4: 1111100000011011001100001110000100110011... 100          0.0059151403
    5: 1111100000011011001110001110000110010001... 96           0.0061454475
    6: 1111101001001011001100001110000110110011... 96           0.0060464626
    7: 1111101000001011001001001110000110100011... 100          0.0061484369
    8: 1111101000001011001100001110000110110011... 100          0.0061231469
    9: 1111100000001011001100001110000110110011... 99           0.0059186177

Pickling population to: genetic_alg_settings_population_end.pkl

Hall of Fame:
Index: Selected                                    #Selected    CV          
----------------------------------------------------------------------------------------------------
    0: 1111100000011011001100001110000110110011... 100          0.0057506254
    1: 1111100000001011001000001110000110100011... 100          0.0058232485
    2: 1111100000011011001000001010100110110011... 98           0.0058336825
    3: 1111100000011011001000001110000110110011... 100          0.0058342614
    4: 1111100000011011001000001110000110110011... 100          0.0058432295
    5: 1111101000011101001100001110000110110011... 99           0.0058474282
    6: 1111100010011011001100001110000110110011... 100          0.0058496791
    7: 1111101000011011001110001110000110110011... 99           0.0058579881
    8: 1111100010011011001000001110000110110011... 100          0.0058619573
    9: 1111100000011011001000001110000110110011... 100          0.0058684306

Pickling Hall of Fame to: genetic_alg_settings_evolve_halloffame.pkl
Begin 4 of 20 repetitions
Begin 20 generations
gen	nevals	avg       	std       	min       	max       
0  	0     	0.00606371	0.00013697	0.00590358	0.00633171
1  	10    	0.00604837	0.000113538	0.00593013	0.00631172
2  	10    	0.00600732	7.3465e-05 	0.00587699	0.00611805
3  	10    	0.00597174	9.39943e-05	0.00579569	0.00612368
4  	10    	0.00608588	0.000307237	0.00584898	0.00698588
5  	10    	0.00595866	9.47352e-05	0.00580787	0.00609744
6  	10    	0.00595191	8.69155e-05	0.00584069	0.00610023
7  	10    	0.00598844	0.000190302	0.00577134	0.0064261 
8  	10    	0.00593394	0.00012057 	0.00582061	0.00621962
9  	10    	0.00611221	0.000281053	0.00585345	0.00684581
10 	10    	0.00589332	0.000105665	0.00574246	0.00609171
11 	10    	0.00609315	0.000437367	0.00577299	0.00736683
12 	10    	0.00594819	0.000113015	0.00577659	0.00616013
13 	10    	0.00610351	0.000281405	0.00583813	0.00683159
14 	10    	0.00596253	0.000140171	0.00575068	0.00628996
15 	10    	0.00606914	0.00031016 	0.00586087	0.0069838 
16 	10    	0.00595059	0.000157431	0.00570783	0.0062167 
17 	10    	0.00598184	0.000156338	0.00585702	0.00629884
18 	10    	0.00633036	0.000845464	0.00577481	0.00866735
19 	10    	0.00595594	0.000141324	0.00576815	0.00627475
20 	10    	0.00600666	0.000187214	0.00585549	0.00651395
Runtime: 5.778853235999122 (s)


Final population:
Index: Selected                                    #Selected    CV          
----------------------------------------------------------------------------------------------------
    0: 1111111000011011000100001110000011110011... 97           0.0061475159
    1: 1111111000011011000101001100001110110011... 98           0.0065139453
    2: 1111111000011011000100001110001111110001... 92           0.0058607473
    3: 1111011000011011000100001010000110110011... 94           0.00602935  
    4: 1111111000011011000100001110001111110111... 99           0.005933496 
    5: 1111011001011011000100001110000111110011... 100          0.0058554922
    6: 1111111000011011000100001110001111110011... 95           0.0059262265
    7: 1111111100011011000100001110000110110011... 100          0.0059252135
    8: 1111111000011011000100001110000110110010... 97           0.0059202957
    9: 1111111000011011000100001110001110110011... 100          0.005954314 

Pickling population to: genetic_alg_settings_population_end.pkl

Hall of Fame:
Index: Selected                                    #Selected    CV          
----------------------------------------------------------------------------------------------------
    0: 1111111000011011000100001110001111110011... 98           0.005707835 
    1: 1111111000011011001100001110000110110011... 97           0.0057424555
    2: 1111111000011011000100001110001111110011... 99           0.0057440136
    3: 1111100000011011001100001110000110110011... 100          0.0057506254
    4: 1111111000010011001100001110000110110011... 95           0.0057506753
    5: 1111111000011011000100001110001111110011... 99           0.0057681508
    6: 1111101001011011000100001110000110110011... 100          0.0057713362
    7: 1111011001011011001100001110000110110011... 97           0.0057729851
    8: 1111111000011011000100001110001111110011... 93           0.0057748073
    9: 1111111000011011001100001110000110110011... 95           0.005776587 

Pickling Hall of Fame to: genetic_alg_settings_evolve_halloffame.pkl
Begin 5 of 20 repetitions
Begin 20 generations
gen	nevals	avg       	std        	min       	max       
0  	0     	0.00600666	0.000187214	0.00585549	0.00651395
1  	10    	0.00593524	8.82175e-05	0.0057822 	0.00605193
2  	10    	0.00595622	7.99858e-05	0.00586675	0.00608503
3  	10    	0.00603068	0.000350477	0.00569114	0.00699067
4  	10    	0.00609582	0.000314733	0.00570332	0.00658811
5  	10    	0.00598153	0.000286047	0.00570192	0.00672289
6  	10    	0.00593648	0.00013777 	0.00577684	0.00619888
7  	10    	0.00599845	0.000297324	0.00574138	0.00659709
8  	10    	0.00585909	0.000111703	0.00571184	0.00606392
9  	10    	0.00598932	0.000353492	0.00570437	0.00684114
10 	10    	0.0059021 	9.55631e-05	0.00579567	0.00609924
11 	10    	0.00588322	7.16997e-05	0.00579815	0.00597648
12 	10    	0.00584631	7.36246e-05	0.00571393	0.00600512
13 	10    	0.00586034	0.000113828	0.00570548	0.00614125
14 	10    	0.0058888 	8.87416e-05	0.00575702	0.00600769
15 	10    	0.00592596	0.000141387	0.00567996	0.00612538
16 	10    	0.00599842	0.000332144	0.00567059	0.00688185
17 	10    	0.00585755	7.32065e-05	0.0057071 	0.00596175
18 	10    	0.00587966	0.000121809	0.00573513	0.00614952
19 	10    	0.00582945	0.000100727	0.00569495	0.00604622
20 	10    	0.00589632	0.000183599	0.0057244 	0.00638829
Runtime: 5.776711025999248 (s)


Final population:
Index: Selected                                    #Selected    CV          
----------------------------------------------------------------------------------------------------
    0: 1111110000010011001000001111101111100011... 99           0.0057809647
    1: 1111110000000111001100001110101111100001... 100          0.0058019968
    2: 1111110000010011001001001111101111100011... 98           0.0057243963
    3: 1111110000010010001100001101101111100011... 100          0.0063882898
    4: 1111110000010011001000001111101111100011... 96           0.00590493  
    5: 1111010000000010001100001111101111100001... 100          0.0059759404
    6: 1111110000010010001000001111101111100011... 97           0.0057909065
    7: 1111110000010111001000001110101111100011... 100          0.0057417781
    8: 1111110000010011001100001111101110100011... 100          0.0059268295
    9: 1111110000010011001101001110101111100011... 100          0.0059271509

Pickling population to: genetic_alg_settings_population_end.pkl

Hall of Fame:
Index: Selected                                    #Selected    CV          
----------------------------------------------------------------------------------------------------
    0: 1111110000010011001110001110101111100011... 97           0.0056705918
    1: 1111110000000011001100001110101111100011... 96           0.0056725851
    2: 1111110000010011001100001110101111100011... 96           0.0056799637
    3: 1111111000011011000100001110101111110011... 99           0.0056911407
    4: 1111110000000111001000001110101111100011... 98           0.0056949508
    5: 1111011000011011000100001110101111110011... 100          0.005701918 
    6: 1111011000011011000100001110101111110011... 100          0.0057033225
    7: 1111111000010011001000001010001111110011... 94           0.0057043675
    8: 1111110000010011001100001110101110110011... 99           0.0057054831
    9: 1111110000010010001000001111101111100011... 100          0.0057064221

Pickling Hall of Fame to: genetic_alg_settings_evolve_halloffame.pkl
Begin 6 of 20 repetitions
Begin 20 generations
gen	nevals	avg       	std        	min      	max       
0  	0     	0.00589632	0.000183599	0.0057244	0.00638829
1  	10    	0.00580988	0.000110044	0.00563528	0.00598148
2  	10    	0.00582553	0.000124337	0.00571589	0.00615091
3  	10    	0.00595868	0.000488236	0.00569479	0.0074121 
4  	10    	0.00600977	0.000364269	0.00570772	0.0070179 
5  	10    	0.00586653	8.9446e-05 	0.00575404	0.00603689
6  	10    	0.0058396 	0.000153264	0.00562748	0.00607918
7  	10    	0.0057721 	0.000116392	0.00555525	0.00594357
8  	10    	0.00577676	6.80392e-05	0.00568425	0.00589627
9  	10    	0.00581971	0.000141874	0.00559634	0.0060985 
10 	10    	0.00579842	0.000132462	0.00561688	0.00607554
11 	10    	0.00583   	0.000215468	0.00563833	0.00644391
12 	10    	0.0060724 	0.000548134	0.00571794	0.00746196
13 	10    	0.0058691 	0.000143511	0.00573567	0.00617563
14 	10    	0.00587416	0.00017648 	0.00566222	0.00632482
15 	10    	0.0059582 	0.000312254	0.00571029	0.00684684
16 	10    	0.00586773	0.000120282	0.0056788 	0.00611396
17 	10    	0.00587123	0.000111319	0.00574843	0.00613137
18 	10    	0.00589564	6.74478e-05	0.00578456	0.0059831 
19 	10    	0.00599978	0.000143617	0.00575566	0.00629367
20 	10    	0.00588428	0.000176201	0.00558801	0.00631169
Runtime: 5.784934422998049 (s)


Final population:
Index: Selected                                    #Selected    CV          
----------------------------------------------------------------------------------------------------
    0: 1111110000010011000000001010101111001011... 97           0.0057950983
    1: 1111110000010011000000001010101111001011... 97           0.0059059052
    2: 1111110000000011000000001010101111001011... 98           0.0058352948
    3: 1111110000010011001000001010101111001011... 98           0.0057984698
    4: 1111110000000011001000001010101111001010... 99           0.0060014736
    5: 1111110000010011000000001010101111001011... 97           0.005867508 
    6: 1111110000010011000000001010101111000011... 99           0.0055880053
    7: 1111110000010010001000001010101111001011... 96           0.0063116855
    8: 1111110000010010001000001010101111000011... 100          0.005930452 
    9: 1111110000010010001000001010101111000011... 100          0.0058088923

Pickling population to: genetic_alg_settings_population_end.pkl

Hall of Fame:
Index: Selected                                    #Selected    CV          
----------------------------------------------------------------------------------------------------
    0: 1111110100010011001000001110101111000011... 100          0.0055552472
    1: 1111110000010011000000001010101111000011... 99           0.0055880053
    2: 1111110100010011001010001110001111000011... 100          0.0055963403
    3: 1111110000010010001000001110101111000011... 99           0.0056168811
    4: 1111110000010011001000001110101111000011... 100          0.0056235622
    5: 1111110100010011001000001110101111000011... 99           0.0056274806
    6: 1111110000010011001000011110101111100011... 100          0.0056327419
    7: 1111110000010011001000001110101111100011... 94           0.0056352845
    8: 1111110000010010001000001110101111000011... 98           0.0056383256
    9: 1111110000010010001000001110101111000011... 99           0.0056564584

Pickling Hall of Fame to: genetic_alg_settings_evolve_halloffame.pkl
Begin 7 of 20 repetitions
Begin 20 generations
gen	nevals	avg       	std        	min       	max       
0  	0     	0.00588428	0.000176201	0.00558801	0.00631169
1  	10    	0.00592007	0.000169091	0.00572732	0.00631998
2  	10    	0.00593323	0.00027777 	0.00572779	0.00671789
3  	10    	0.00601143	0.000210794	0.00579063	0.00642722
4  	10    	0.00597721	0.000345007	0.00573392	0.00697469
5  	10    	0.00595138	0.000162796	0.00575728	0.00629535
6  	10    	0.0059342 	0.000189773	0.00568518	0.00635927
7  	10    	0.00587447	0.000111159	0.00576023	0.00608844
8  	10    	0.00593298	0.000207086	0.00573023	0.0065143 
9  	10    	0.00597877	0.000136682	0.00576281	0.00626687
10 	10    	0.0060007 	0.000151164	0.00579442	0.00625942
11 	10    	0.00601055	0.000158   	0.00585799	0.00642363
12 	10    	0.006004  	0.000383296	0.00566549	0.00709651
13 	10    	0.00592197	0.000111504	0.00576183	0.0061172 
14 	10    	0.00592841	0.000183496	0.00564861	0.00632927
15 	10    	0.00588681	0.000249241	0.00562495	0.00658296
16 	10    	0.00584778	7.32853e-05	0.0056728 	0.00594427
17 	10    	0.00595561	0.000242447	0.0055765 	0.00653254
18 	10    	0.00591272	0.000166811	0.0056443 	0.00616319
19 	10    	0.00603604	0.000389903	0.00578666	0.0071786 
20 	10    	0.00585234	7.68324e-05	0.00573414	0.00598554
Runtime: 5.775329338001029 (s)


Final population:
Index: Selected                                    #Selected    CV          
----------------------------------------------------------------------------------------------------
    0: 1111110010010111001000001010001111000111... 96           0.0058940623
    1: 1111110000010111001000001010001111000111... 93           0.0058507308
    2: 1111110010010111000000001010001110000111... 98           0.0057597663
    3: 1111110011010111100001001010001111000111... 98           0.0059078083
    4: 1111110010010111100000001010001111000111... 96           0.0058628135
    5: 1111110010010111001001001010001110000111... 98           0.0057711404
    6: 1111110010000111001001001010111110000111... 100          0.00582469  
    7: 1111010000010111001000001010011111000101... 100          0.0059327104
    8: 1111110010010111101001001010001111000111... 99           0.0057341376
    9: 1111110010000111100001001110001100000111... 100          0.0059855443

Pickling population to: genetic_alg_settings_population_end.pkl

Hall of Fame:
Index: Selected                                    #Selected    CV          
----------------------------------------------------------------------------------------------------
    0: 1111110100010011001000001110101111000011... 100          0.0055552472
    1: 1111010010010011000001001011101111000111... 97           0.0055764968
    2: 1111110000010011000000001010101111000011... 99           0.0055880053
    3: 1111110100010011001010001110001111000011... 100          0.0055963403
    4: 1111110000010010001000001110101111000011... 99           0.0056168811
    5: 1111110000010011001000001110101111000011... 100          0.0056235622
    6: 1111110010010011001001001010101111000111... 100          0.0056249543
    7: 1111110100010011001000001110101111000011... 99           0.0056274806
    8: 1111110000010011001000011110101111100011... 100          0.0056327419
    9: 1111110000010011001000001110101111100011... 94           0.0056352845

Pickling Hall of Fame to: genetic_alg_settings_evolve_halloffame.pkl
Begin 8 of 20 repetitions
Begin 20 generations
gen	nevals	avg       	std        	min       	max       
0  	0     	0.00585234	7.68324e-05	0.00573414	0.00598554
1  	10    	0.00580194	7.76166e-05	0.00568148	0.00590772
2  	10    	0.00588984	0.000101507	0.0057399 	0.00611254
3  	10    	0.00591559	0.000174006	0.0056574 	0.00633498
4  	10    	0.00594956	0.00013366 	0.00576684	0.00622451
5  	10    	0.00600904	0.000380526	0.00575016	0.00710374
6  	10    	0.00601389	0.000410767	0.00573811	0.00720606
7  	10    	0.00590288	0.000142814	0.00567807	0.00624627
8  	10    	0.00602678	0.000418289	0.00568173	0.00720593
9  	10    	0.0060084 	0.000363794	0.005732  	0.00703146
10 	10    	0.00600212	0.000446215	0.00572096	0.00730461
11 	10    	0.00610929	0.000699783	0.00575421	0.00819296
12 	10    	0.0058365 	0.000198225	0.00561025	0.0062928 
13 	10    	0.00582532	0.000170961	0.00560395	0.00625579
14 	10    	0.00579788	0.000102068	0.00564492	0.00595493
15 	10    	0.00584315	0.000112654	0.00569555	0.00600973
16 	10    	0.00579281	0.000120427	0.00562607	0.00599964
17 	10    	0.00576255	7.6622e-05 	0.00564994	0.00591664
18 	10    	0.00593121	0.000413229	0.00565834	0.00709294
19 	10    	0.00583788	0.000185224	0.00553959	0.00622228
20 	10    	0.00580649	0.000145651	0.00558921	0.00605008
Runtime: 5.765065649000462 (s)


Final population:
Index: Selected                                    #Selected    CV          
----------------------------------------------------------------------------------------------------
    0: 1111000010010011001001001111001111000111... 100          0.0056315647
    1: 1111010110011011001001001011000101000111... 98           0.0059260652
    2: 1111010010010011001001001011000111000111... 99           0.0056886105
    3: 1111100010011011001001001011000111000111... 97           0.0057713689
    4: 1111000010011011001001011011000111000111... 96           0.0055892115
    5: 1111000010011011001001001011000111100111... 96           0.0057563112
    6: 1111110010010011001001001111000111000011... 100          0.0060125496
    7: 1111000010011010001001001011000111000111... 92           0.0060500776
    8: 1111010010010011001001001011000111010111... 95           0.0058307811
    9: 1111100010011011001001001011000111000111... 100          0.0058083169

Pickling population to: genetic_alg_settings_population_end.pkl

Hall of Fame:
Index: Selected                                    #Selected    CV          
----------------------------------------------------------------------------------------------------
    0: 1111000010011011001001001011000111000111... 96           0.0055395948
    1: 1111110100010011001000001110101111000011... 100          0.0055552472
    2: 1111010010010011000001001011101111000111... 97           0.0055764968
    3: 1111110000010011000000001010101111000011... 99           0.0055880053
    4: 1111000010011011001001011011000111000111... 96           0.0055892115
    5: 1111110100010011001010001110001111000011... 100          0.0055963403
    6: 1111010010011111001001001010001111000111... 94           0.0056039502
    7: 1111110010011111101001001011001111000111... 100          0.0056102544
    8: 1111110000010010001000001110101111000011... 99           0.0056168811
    9: 1111100010011011001001001011000111000111... 95           0.0056215565

Pickling Hall of Fame to: genetic_alg_settings_evolve_halloffame.pkl
Begin 9 of 20 repetitions
Begin 20 generations
gen	nevals	avg       	std        	min       	max       
0  	0     	0.00580649	0.000145651	0.00558921	0.00605008
1  	10    	0.00578497	0.000121153	0.00565875	0.00606626
2  	10    	0.00586906	0.000217473	0.00565683	0.00632649
3  	10    	0.00595955	0.00044908 	0.00569184	0.00717603
4  	10    	0.00582869	0.000278959	0.0056218 	0.00663589
5  	10    	0.00572733	0.000113761	0.00560272	0.00599144
6  	10    	0.0057743 	0.000337377	0.00554717	0.00675145
7  	10    	0.00575294	0.000120048	0.00561551	0.00597526
8  	10    	0.00569777	7.54816e-05	0.00557252	0.00586114
9  	10    	0.00582636	0.000289652	0.00550902	0.00658761
10 	10    	0.0058619 	0.000236941	0.00558639	0.00632479
11 	10    	0.00570248	9.7612e-05 	0.00551664	0.00582839
12 	10    	0.0057208 	9.77473e-05	0.00560374	0.00594207
13 	10    	0.00595071	0.000301444	0.00567793	0.00653068
14 	10    	0.00572866	8.11194e-05	0.00557094	0.0058815 
15 	10    	0.00589298	0.000474639	0.00560698	0.00729622
16 	10    	0.00590961	0.000340277	0.00567077	0.00658414
17 	10    	0.00579094	9.09829e-05	0.00566512	0.00593593
18 	10    	0.00578919	0.000176596	0.00557612	0.00606183
19 	10    	0.00569001	7.39442e-05	0.00558476	0.00586151
20 	10    	0.00572256	0.000106801	0.00557654	0.00594847
Runtime: 5.775221341998986 (s)


Final population:
Index: Selected                                    #Selected    CV          
----------------------------------------------------------------------------------------------------
    0: 1111000100011010001110001010001111000011... 96           0.0055765356
    1: 1111000100011010001111001010001111000011... 95           0.0057914252
    2: 1111000110011010001101001010001111000011... 98           0.0056988299
    3: 1111000110011010001101001010001111000011... 96           0.0056144908
    4: 1111000110011010001101001010001111010011... 100          0.00572485  
    5: 1111000110011010001101001010001111000011... 97           0.0056416504
    6: 1111000110011010001101001010101111000011... 98           0.0056814763
    7: 1111000100011010001111001010001111000011... 93           0.0058487787
    8: 1111000110011010011101001010001111000011... 96           0.0056990516
    9: 1111000110011010001101001010001111000011... 97           0.0059484683

Pickling population to: genetic_alg_settings_population_end.pkl

Hall of Fame:
Index: Selected                                    #Selected    CV          
----------------------------------------------------------------------------------------------------
    0: 1111000011011010001001001010001111000111... 98           0.005509022 
    1: 1111000010011011001001001010001100000111... 96           0.0055166401
    2: 1111000010011011001001001011000111000111... 96           0.0055395948
    3: 1111000010011011001001001010001110000111... 100          0.0055471678
    4: 1111110100010011001000001110101111000011... 100          0.0055552472
    5: 1111000110011010001001001010001111000111... 98           0.0055709368
    6: 1111000010011011001001001010001100000111... 98           0.0055725189
    7: 1111000110011010001101001010001111000011... 94           0.0055761191
    8: 1111010010010011000001001011101111000111... 97           0.0055764968
    9: 1111000100011010001110001010001111000011... 96           0.0055765356

Pickling Hall of Fame to: genetic_alg_settings_evolve_halloffame.pkl
Begin 10 of 20 repetitions
Begin 20 generations
gen	nevals	avg       	std        	min       	max       
0  	0     	0.00572256	0.000106801	0.00557654	0.00594847
1  	10    	0.00574881	8.79382e-05	0.00553176	0.00583275
2  	10    	0.00574416	7.38528e-05	0.00563668	0.00586608
3  	10    	0.00575687	0.000105179	0.00561911	0.00592521
4  	10    	0.00584815	0.000315053	0.00562664	0.00669559
5  	10    	0.0057194 	7.35214e-05	0.00562767	0.00583847
6  	10    	0.00595273	0.000364415	0.00563782	0.00690294
7  	10    	0.00584296	0.000327589	0.00562066	0.00680986
8  	10    	0.00585863	0.000175637	0.00563275	0.0062877 
9  	10    	0.00592387	0.000237395	0.00564995	0.00656328
10 	10    	0.0059242 	0.000400946	0.00567407	0.00711923
11 	10    	0.00584978	0.000136897	0.0057024 	0.00620158
12 	10    	0.00597658	0.000157691	0.00565871	0.00617837
13 	10    	0.00616341	0.000503003	0.00576766	0.00745351
14 	10    	0.0058952 	0.000117405	0.00579384	0.00614664
15 	10    	0.00588142	7.8785e-05 	0.00576923	0.00607111
16 	10    	0.00588278	9.60358e-05	0.0057496 	0.00608301
17 	10    	0.00603025	0.0003741  	0.00564061	0.00683977
18 	10    	0.00601651	0.000433287	0.00568333	0.00710362
19 	10    	0.00581744	0.000114545	0.00568056	0.00605729
20 	10    	0.00576539	5.71206e-05	0.00568151	0.00587836
Runtime: 5.756204920999153 (s)


Final population:
Index: Selected                                    #Selected    CV          
----------------------------------------------------------------------------------------------------
    0: 1111001111011010001111001010001110000011... 99           0.0058247227
    1: 1111000111011010001110001010001110000011... 98           0.0056815062
    2: 1111001111011010001111001010001110000011... 99           0.0057431166
    3: 1111000111011010001111001010001110000011... 99           0.0058046447
    4: 1111001111011010001111001010001110000011... 99           0.0057922577
    5: 1111001111011010001110001010001110000011... 100          0.0057088511
    6: 1111001111011010001111001010001110000011... 100          0.0058783603
    7: 1111001111001010001111001010001110000011... 100          0.0057675336
    8: 1111000111011010011111001010001110000011... 99           0.0057138811
    9: 1111000111011010011111001010001110000011... 98           0.0057390242

Pickling population to: genetic_alg_settings_population_end.pkl

Hall of Fame:
Index: Selected                                    #Selected    CV          
----------------------------------------------------------------------------------------------------
    0: 1111000011011010001001001010001111000111... 98           0.005509022 
    1: 1111000010011011001001001010001100000111... 96           0.0055166401
    2: 1111000110011010001110001010001111000011... 94           0.0055317647
    3: 1111000010011011001001001011000111000111... 96           0.0055395948
    4: 1111000010011011001001001010001110000111... 100          0.0055471678
    5: 1111110100010011001000001110101111000011... 100          0.0055552472
    6: 1111000110011010001001001010001111000111... 98           0.0055709368
    7: 1111000010011011001001001010001100000111... 98           0.0055725189
    8: 1111000110011010001101001010001111000011... 94           0.0055761191
    9: 1111010010010011000001001011101111000111... 97           0.0055764968

Pickling Hall of Fame to: genetic_alg_settings_evolve_halloffame.pkl
Begin 11 of 20 repetitions
Begin 20 generations
gen	nevals	avg       	std        	min       	max       
0  	0     	0.00576539	5.71206e-05	0.00568151	0.00587836
1  	10    	0.00584511	0.000125589	0.0055967 	0.00612213
2  	10    	0.00578384	8.05628e-05	0.00565761	0.00595486
3  	10    	0.00582365	0.000124464	0.00569281	0.00607954
4  	10    	0.00593143	0.000400517	0.00566459	0.00707514
5  	10    	0.00597074	0.000276354	0.00580981	0.00678757
6  	10    	0.00583083	9.66009e-05	0.00573209	0.00598443
7  	10    	0.00590386	0.000254531	0.00568076	0.00659638
8  	10    	0.00587028	0.000240662	0.00559195	0.00652458
9  	10    	0.00596829	0.000404627	0.00563893	0.0071415 
10 	10    	0.00594369	0.000401623	0.00568096	0.00711572
11 	10    	0.00598202	0.000366691	0.00572625	0.00696527
12 	10    	0.00584973	0.000110421	0.00568354	0.00609103
13 	10    	0.00588189	0.000298092	0.00567759	0.00674843
14 	10    	0.0059772 	0.000334564	0.00571823	0.00682692
15 	10    	0.00589545	0.000156811	0.00568273	0.00624947
16 	10    	0.0060554 	0.000246001	0.00579317	0.006662  
17 	10    	0.0059475 	0.000133922	0.00576446	0.00621633
18 	10    	0.00601632	0.000270922	0.00571897	0.00662657
19 	10    	0.00600324	0.000355775	0.00579813	0.00705162
20 	10    	0.00584706	8.78242e-05	0.00571105	0.00605915
Runtime: 5.75505181400149 (s)


Final population:
Index: Selected                                    #Selected    CV          
----------------------------------------------------------------------------------------------------
    0: 1111010111011010011111001010001110100011... 99           0.0057728228
    1: 1111000111011000010101001010101110100011... 100          0.0058618286
    2: 1111000111011000011101001010101110100011... 98           0.0058236379
    3: 1111010111011000010101001010101110100011... 98           0.0060591517
    4: 1111000101011010011111001010101110100011... 100          0.0057977678
    5: 1111000111011000011101001010001110100011... 97           0.0058235706
    6: 1111000111011000011101001010101110100001... 97           0.0058963617
    7: 1111000111011000010101001010101110100011... 100          0.0058348001
    8: 1111000111011000011001001010101110100011... 100          0.0058895917
    9: 1111000111011000010101001010101110100011... 94           0.0057110497

Pickling population to: genetic_alg_settings_population_end.pkl

Hall of Fame:
Index: Selected                                    #Selected    CV          
----------------------------------------------------------------------------------------------------
    0: 1111000011011010001001001010001111000111... 98           0.005509022 
    1: 1111000010011011001001001010001100000111... 96           0.0055166401
    2: 1111000110011010001110001010001111000011... 94           0.0055317647
    3: 1111000010011011001001001011000111000111... 96           0.0055395948
    4: 1111000010011011001001001010001110000111... 100          0.0055471678
    5: 1111110100010011001000001110101111000011... 100          0.0055552472
    6: 1111000110011010001001001010001111000111... 98           0.0055709368
    7: 1111000010011011001001001010001100000111... 98           0.0055725189
    8: 1111000110011010001101001010001111000011... 94           0.0055761191
    9: 1111010010010011000001001011101111000111... 97           0.0055764968

Pickling Hall of Fame to: genetic_alg_settings_evolve_halloffame.pkl
Begin 12 of 20 repetitions
Begin 20 generations
gen	nevals	avg       	std        	min       	max       
0  	0     	0.00584706	8.78242e-05	0.00571105	0.00605915
1  	10    	0.00585327	6.67599e-05	0.00574587	0.00595029
2  	10    	0.00591862	0.000247697	0.00559072	0.00658866
3  	10    	0.0058712 	0.000185868	0.005614  	0.00621338
4  	10    	0.00576584	9.45535e-05	0.00556099	0.00588287
5  	10    	0.00588314	0.000271664	0.00566189	0.00651263
6  	10    	0.00590775	0.000412324	0.00561158	0.00711314
7  	10    	0.00584926	8.04897e-05	0.00574695	0.00600997
8  	10    	0.00585653	0.000135637	0.00569349	0.00607857
9  	10    	0.00584103	0.000149603	0.00561523	0.00610968
10 	10    	0.00590955	0.000229935	0.00558519	0.00652628
11 	10    	0.00585772	0.000106793	0.00569822	0.00604025
12 	10    	0.0059274 	0.000161737	0.00580517	0.00639679
13 	10    	0.00591054	0.000143326	0.00572025	0.00609359
14 	10    	0.0058461 	7.02908e-05	0.00570601	0.00596483
15 	10    	0.00582668	0.000111754	0.00571982	0.00611853
16 	10    	0.00594895	0.000365384	0.00573717	0.00702636
17 	10    	0.00594939	0.000342297	0.00567013	0.00688261
18 	10    	0.00602509	0.000405721	0.00574314	0.00719509
19 	10    	0.00584808	0.000155035	0.00560618	0.00613481
20 	10    	0.00583234	0.000244673	0.0056354 	0.00651788
Runtime: 5.780003397001565 (s)


Final population:
Index: Selected                                    #Selected    CV          
----------------------------------------------------------------------------------------------------
    0: 1111100111011010011001101010101111100010... 97           0.0057474206
    1: 1111000111011010011001101111101111100010... 100          0.0057351847
    2: 1111100111001010011001001110101111100010... 100          0.0059041805
    3: 1111000111011010011001101010101111101010... 100          0.0057302503
    4: 1111100111001010011001001110101111101010... 100          0.0059234988
    5: 1111000111011010011001001010101111101010... 97           0.0056940311
    6: 1111101111011010011000101110001111101010... 98           0.0056353981
    7: 1111001111011010011001101110101011100110... 100          0.0065178765
    8: 1111100111111010011001101110101111100010... 100          0.0056731749
    9: 1111100111001010011001001110101111101010... 100          0.0057623687

Pickling population to: genetic_alg_settings_population_end.pkl

Hall of Fame:
Index: Selected                                    #Selected    CV          
----------------------------------------------------------------------------------------------------
    0: 1111000011011010001001001010001111000111... 98           0.005509022 
    1: 1111000010011011001001001010001100000111... 96           0.0055166401
    2: 1111000110011010001110001010001111000011... 94           0.0055317647
    3: 1111000010011011001001001011000111000111... 96           0.0055395948
    4: 1111000010011011001001001010001110000111... 100          0.0055471678
    5: 1111110100010011001000001110101111000011... 100          0.0055552472
    6: 1111000111011010011001001010101110100011... 100          0.0055609939
    7: 1111000110011010001001001010001111000111... 98           0.0055709368
    8: 1111000010011011001001001010001100000111... 98           0.0055725189
    9: 1111000110011010001101001010001111000011... 94           0.0055761191

Pickling Hall of Fame to: genetic_alg_settings_evolve_halloffame.pkl
Begin 13 of 20 repetitions
Begin 20 generations
gen	nevals	avg       	std        	min      	max       
0  	0     	0.00583234	0.000244673	0.0056354	0.00651788
1  	10    	0.00594041	0.000230928	0.0056016	0.00639027
2  	10    	0.00580874	9.8593e-05 	0.00567462	0.00602689
3  	10    	0.00601326	0.000615384	0.00558649	0.007774  
4  	10    	0.00577239	0.000130065	0.00556743	0.00595439
5  	10    	0.00582504	0.00023637 	0.00555917	0.00648569
6  	10    	0.0058344 	9.13971e-05	0.00571521	0.00601195
7  	10    	0.0058357 	0.00012818 	0.00569418	0.00614291
8  	10    	0.00580135	0.000112635	0.0056422 	0.0060146 
9  	10    	0.00595792	0.00040683 	0.00558191	0.00685004
10 	10    	0.00577398	6.36096e-05	0.00569419	0.00590415
11 	10    	0.00600614	0.000333374	0.00572162	0.0069634 
12 	10    	0.00596755	0.000248605	0.00574942	0.00667093
13 	10    	0.00588143	0.000125389	0.005709  	0.00608535
14 	10    	0.0058421 	0.000149177	0.00563329	0.00607188
15 	10    	0.0058499 	0.000124871	0.00567452	0.00606211
16 	10    	0.00590205	0.000230157	0.00565354	0.00649859
17 	10    	0.0059987 	0.000308512	0.00569965	0.00684128
18 	10    	0.00603523	0.000361533	0.00577069	0.00699731
19 	10    	0.00582881	0.000109786	0.00560914	0.00599854
20 	10    	0.00590879	0.000183259	0.00564743	0.00629094
Runtime: 5.759943851000571 (s)


Final population:
Index: Selected                                    #Selected    CV          
----------------------------------------------------------------------------------------------------
    0: 1111000101011010011101101010100111111010... 97           0.005920977 
    1: 1111011001010010001100111000101111101010... 100          0.0061592533
    2: 1111000101011010011100101010101111111010... 100          0.0057080442
    3: 1111000101011000011101101010101111101010... 97           0.0058384995
    4: 1111000101011000011101100010101111101010... 100          0.0062909401
    5: 1111000101011010011100101010100111110010... 99           0.0058560315
    6: 1111000101011010011100001010101111101010... 96           0.0058103788
    7: 1111000101001010011100101010101111101010... 100          0.0056474255
    8: 1111000101111000011011001010101111101010... 100          0.0059195644
    9: 1111000001011010110101101010100111110010... 100          0.005936769 

Pickling population to: genetic_alg_settings_population_end.pkl

Hall of Fame:
Index: Selected                                    #Selected    CV          
----------------------------------------------------------------------------------------------------
    0: 1111000011011010001001001010001111000111... 98           0.005509022 
    1: 1111000010011011001001001010001100000111... 96           0.0055166401
    2: 1111000110011010001110001010001111000011... 94           0.0055317647
    3: 1111000010011011001001001011000111000111... 96           0.0055395948
    4: 1111000010011011001001001010001110000111... 100          0.0055471678
    5: 1111110100010011001000001110101111000011... 100          0.0055552472
    6: 1111000101011010011001111010101111101010... 99           0.0055591677
    7: 1111000111011010011001001010101110100011... 100          0.0055609939
    8: 1111000111011010011001101010101111101010... 96           0.0055674297
    9: 1111000110011010001001001010001111000111... 98           0.0055709368

Pickling Hall of Fame to: genetic_alg_settings_evolve_halloffame.pkl
Begin 14 of 20 repetitions
Begin 20 generations
gen	nevals	avg       	std        	min       	max       
0  	0     	0.00590879	0.000183259	0.00564743	0.00629094
1  	10    	0.00598093	0.000319191	0.00571472	0.0066434 
2  	10    	0.0058443 	6.83473e-05	0.00570123	0.00594881
3  	10    	0.00602599	0.000372756	0.00572967	0.0068895 
4  	10    	0.0061143 	0.000398178	0.00574498	0.00712826
5  	10    	0.00589317	0.000165281	0.00563859	0.00619946
6  	10    	0.0059018 	0.000143697	0.00570751	0.00613355
7  	10    	0.00572325	0.000107442	0.00556405	0.00591359
8  	10    	0.00567818	8.54728e-05	0.00559986	0.00590564
9  	10    	0.00565423	5.05764e-05	0.00559549	0.0057571 
10 	10    	0.00575803	0.000116411	0.00562018	0.00591926
11 	10    	0.0056704 	0.000119631	0.00548806	0.00591808
12 	10    	0.0057161 	9.10078e-05	0.00562272	0.00591583
13 	10    	0.00583026	0.000325975	0.00555876	0.00657047
14 	10    	0.0058167 	0.000352595	0.00555843	0.00683771
15 	10    	0.00572322	0.000261261	0.00551294	0.00644025
16 	10    	0.00570694	6.79225e-05	0.00558369	0.00583396
17 	10    	0.00567604	6.04501e-05	0.00557302	0.00579244
18 	10    	0.00568386	5.96842e-05	0.00556475	0.00575711
19 	10    	0.00568892	9.54659e-05	0.00552622	0.00585461
20 	10    	0.00574037	0.000209893	0.00550223	0.00630091
Runtime: 5.745888689001731 (s)


Final population:
Index: Selected                                    #Selected    CV          
----------------------------------------------------------------------------------------------------
    0: 1111010101011010001100101010111111111010... 100          0.0056940122
    1: 1111000101011010001100101010101110111010... 92           0.0057245887
    2: 1111000101011010001100101010101110111010... 97           0.0055970097
    3: 1111000101011010001100101010101110111010... 97           0.0057082217
    4: 1111000100011010001100101010111111111010... 95           0.0057777035
    5: 1111000101011010001100101010111110111010... 95           0.0055866778
    6: 1111000101011010001100101010101110111010... 95           0.0055022292
    7: 1111000101011010001100101010111110111010... 100          0.0058564939
    8: 1111000101011010001100101010101010111010... 96           0.0063009095
    9: 1111000101011010001100101010101111111010... 90           0.005655809 

Pickling population to: genetic_alg_settings_population_end.pkl

Hall of Fame:
Index: Selected                                    #Selected    CV          
----------------------------------------------------------------------------------------------------
    0: 1111000101011010001100101010101111111010... 92           0.0054880585
    1: 1111000101011010001100101010101110111010... 95           0.0055022292
    2: 1111000011011010001001001010001111000111... 98           0.005509022 
    3: 1111000101011010001100101010101110111010... 94           0.0055129403
    4: 1111000010011011001001001010001100000111... 96           0.0055166401
    5: 1111000101011010001100101010101110111010... 96           0.0055262227
    6: 1111000110011010001110001010001111000011... 94           0.0055317647
    7: 1111000010011011001001001011000111000111... 96           0.0055395948
    8: 1111000010011011001001001010001110000111... 100          0.0055471678
    9: 1111000101011010001100101010101111111010... 96           0.0055483239

Pickling Hall of Fame to: genetic_alg_settings_evolve_halloffame.pkl
Begin 15 of 20 repetitions
Begin 20 generations
gen	nevals	avg       	std        	min       	max       
0  	0     	0.00574037	0.000209893	0.00550223	0.00630091
1  	10    	0.00562752	5.2539e-05 	0.00557321	0.00571856
2  	10    	0.00564038	9.5692e-05 	0.00548221	0.00581104
3  	10    	0.00562552	0.000102096	0.00551886	0.00582365
4  	10    	0.00589873	0.000333119	0.0055584 	0.00655137
5  	10    	0.00574856	0.000186584	0.00559359	0.00625704
6  	10    	0.00586561	0.00025483 	0.00564575	0.00656245
7  	10    	0.00592741	0.000386313	0.00559934	0.00680639
8  	10    	0.00577982	0.000166927	0.00550371	0.00598729
9  	10    	0.00575381	0.000121924	0.00558556	0.00600189
10 	10    	0.00574138	6.20336e-05	0.00566768	0.00585168
11 	10    	0.00582166	0.000104729	0.00563545	0.00604552
12 	10    	0.00582842	0.000109497	0.00563468	0.00601919
13 	10    	0.00587822	0.000174398	0.00566494	0.00634883
14 	10    	0.00579005	8.58059e-05	0.00568199	0.00598022
15 	10    	0.00584528	0.000135213	0.00566148	0.00615346
16 	10    	0.00576088	9.97956e-05	0.00556999	0.00591978
17 	10    	0.0058179 	0.000112843	0.00571114	0.00610083
18 	10    	0.00582489	0.000157607	0.00563834	0.00622346
19 	10    	0.00579487	8.64936e-05	0.00563771	0.00597394
20 	10    	0.00586678	0.000116845	0.0057141 	0.00605288
Runtime: 5.760943743000098 (s)


Final population:
Index: Selected                                    #Selected    CV          
----------------------------------------------------------------------------------------------------
    0: 1111000111011010001000111010001100110010... 100          0.005783896 
    1: 1111000101011010000000111010001100110010... 94           0.0060269597
    2: 1111000111011011001010111010101100110011... 100          0.0060096644
    3: 1111000101010000001000111010001100110010... 98           0.0059013966
    4: 1111100101011110001000111010001101110010... 100          0.0058247836
    5: 1111000101010000001000111010001100110010... 87           0.0060528806
    6: 1111000101011010001000111010001100110010... 95           0.0057141029
    7: 1111000111011010000000111010001100110010... 96           0.005810532 
    8: 1111000111011010000000111010001100110010... 94           0.0057989188
    9: 1111000111011010000000111010001100110010... 94           0.0057446764

Pickling population to: genetic_alg_settings_population_end.pkl

Hall of Fame:
Index: Selected                                    #Selected    CV          
----------------------------------------------------------------------------------------------------
    0: 1111000101011010011100101010101110111010... 96           0.0054822144
    1: 1111000101011010001100101010101111111010... 92           0.0054880585
    2: 1111000101011010001100101010101110111010... 95           0.0055022292
    3: 1111000101111010001100101010101110110010... 100          0.0055037116
    4: 1111000011011010001001001010001111000111... 98           0.005509022 
    5: 1111000101011010001100101010101110111010... 94           0.0055129403
    6: 1111000010011011001001001010001100000111... 96           0.0055166401
    7: 1111000101011010011100101010101110111010... 94           0.0055188612
    8: 1111000101011010001100101010101110111011... 94           0.0055204761
    9: 1111000101011010001100101010101110111010... 96           0.0055262227

Pickling Hall of Fame to: genetic_alg_settings_evolve_halloffame.pkl
Begin 16 of 20 repetitions
Begin 20 generations
gen	nevals	avg       	std        	min      	max       
0  	0     	0.00586678	0.000116845	0.0057141	0.00605288
1  	10    	0.00585856	0.000232628	0.0056628	0.00649537
2  	10    	0.00576973	6.48482e-05	0.00560418	0.00583394
3  	10    	0.00578558	0.000111811	0.00564236	0.00596794
4  	10    	0.00571914	0.000100778	0.00556991	0.00590751
5  	10    	0.00576414	0.000162253	0.0055608 	0.00604627
6  	10    	0.00575504	0.000143131	0.00558384	0.0060051 
7  	10    	0.00577112	0.000207537	0.00550357	0.00627139
8  	10    	0.00586024	0.000309768	0.00559944	0.00674331
9  	10    	0.00582538	0.000181162	0.0056369 	0.00629234
10 	10    	0.00574864	5.99654e-05	0.00563878	0.00587368
11 	10    	0.00579872	0.000144782	0.0056319 	0.00614885
12 	10    	0.00596342	0.000370445	0.00563682	0.00669128
13 	10    	0.00588697	0.000199889	0.00567628	0.00634657
14 	10    	0.00581428	0.000176117	0.00562399	0.00618735
15 	10    	0.00572706	0.000120446	0.00560569	0.00604394
16 	10    	0.00577978	0.000202911	0.00560492	0.00628959
17 	10    	0.00579157	0.000198102	0.00562356	0.00633819
18 	10    	0.0058692 	0.000321286	0.00563052	0.00652812
19 	10    	0.0059475 	0.000215127	0.00568724	0.00640636
20 	10    	0.0061048 	0.000346716	0.0055859 	0.00677249
Runtime: 5.7557373639974685 (s)


Final population:
Index: Selected                                    #Selected    CV          
----------------------------------------------------------------------------------------------------
    0: 1111000011011100001000111010001110110010... 100          0.0060020644
    1: 1111000001011110001000111010001110110110... 100          0.0059281785
    2: 1111000001011010001000111010101110110010... 100          0.0055858998
    3: 1111001001011110000000111010001110100010... 100          0.0067724947
    4: 1111000001011010000000111000101110110010... 100          0.0064040968
    5: 1111000001011110001000111010001100100010... 97           0.0058330805
    6: 1111000001011110001000111010001110110110... 99           0.0057566146
    7: 1111000011011010001000111000001110110010... 100          0.0062758516
    8: 1111000001011110001000111010001010110010... 97           0.0064595225
    9: 1111000011011110001000111010001110100110... 100          0.0060301973

Pickling population to: genetic_alg_settings_population_end.pkl

Hall of Fame:
Index: Selected                                    #Selected    CV          
----------------------------------------------------------------------------------------------------
    0: 1111000101011010011100101010101110111010... 96           0.0054822144
    1: 1111000101011010001100101010101111111010... 92           0.0054880585
    2: 1111000101011010001100101010101110111010... 95           0.0055022292
    3: 1111000101011010001000111010001110110010... 100          0.005503569 
    4: 1111000101111010001100101010101110110010... 100          0.0055037116
    5: 1111000011011010001001001010001111000111... 98           0.005509022 
    6: 1111000101011010001100101010101110111010... 94           0.0055129403
    7: 1111000010011011001001001010001100000111... 96           0.0055166401
    8: 1111000101011010011100101010101110111010... 94           0.0055188612
    9: 1111000101011010001100101010101110111011... 94           0.0055204761

Pickling Hall of Fame to: genetic_alg_settings_evolve_halloffame.pkl
Begin 17 of 20 repetitions
Begin 20 generations
gen	nevals	avg      	std        	min      	max       
0  	0     	0.0061048	0.000346716	0.0055859	0.00677249
1  	10    	0.00609725	0.000405222	0.00574863	0.00708311
2  	10    	0.00603883	0.000289182	0.00580896	0.0068776 
3  	10    	0.00604826	0.000278914	0.00582255	0.00678978
4  	10    	0.00585054	0.000110184	0.00567155	0.00608333
5  	10    	0.00593824	0.000235526	0.00570038	0.00645891
6  	10    	0.00594486	0.000128994	0.00574723	0.0061419 
7  	10    	0.00597098	0.000222587	0.00576477	0.00656194
8  	10    	0.00599289	0.000259965	0.005571  	0.00655334
9  	10    	0.00601082	0.000375052	0.00575156	0.00710158
10 	10    	0.00588989	0.000101172	0.00577254	0.00610087
11 	10    	0.00609717	0.000445692	0.0057552 	0.00727545
12 	10    	0.00595134	0.000167211	0.00571231	0.00622332
13 	10    	0.00607293	0.000410884	0.00582101	0.00727869
14 	10    	0.0061566 	0.000620728	0.00575609	0.00796746
15 	10    	0.00602857	0.000204466	0.00582269	0.00649799
16 	10    	0.00587849	5.67535e-05	0.00578483	0.00597935
17 	10    	0.00586749	0.000121674	0.0057118 	0.00617338
18 	10    	0.00591005	0.000215182	0.00572524	0.00643448
19 	10    	0.00597492	0.000209253	0.00561061	0.00642411
20 	10    	0.00607184	0.000337747	0.00573374	0.00694526
Runtime: 5.74983987500309 (s)


Final population:
Index: Selected                                    #Selected    CV          
----------------------------------------------------------------------------------------------------
    0: 1111001001010111001000111010011100110111... 100          0.0059196123
    1: 1111001001010111001000110010011100110111... 100          0.006945262 
    2: 1111001001011111001000111010010100110101... 100          0.0061621065
    3: 1111000001001110001000111010011100110100... 96           0.0059897298
    4: 1111000001011110001000111010011100110100... 99           0.0057942794
    5: 1111001001001110001000111010010100110101... 100          0.0063668907
    6: 1111000001101110001000111010001110110100... 100          0.0058773174
    7: 1111000001101111001000111010011100110100... 97           0.0057337394
    8: 1111000001001011001000111010001110110100... 92           0.0059472653
    9: 1111000001111111001000111000011100110100... 100          0.005982191 

Pickling population to: genetic_alg_settings_population_end.pkl

Hall of Fame:
Index: Selected                                    #Selected    CV          
----------------------------------------------------------------------------------------------------
    0: 1111000101011010011100101010101110111010... 96           0.0054822144
    1: 1111000101011010001100101010101111111010... 92           0.0054880585
    2: 1111000101011010001100101010101110111010... 95           0.0055022292
    3: 1111000101011010001000111010001110110010... 100          0.005503569 
    4: 1111000101111010001100101010101110110010... 100          0.0055037116
    5: 1111000011011010001001001010001111000111... 98           0.005509022 
    6: 1111000101011010001100101010101110111010... 94           0.0055129403
    7: 1111000010011011001001001010001100000111... 96           0.0055166401
    8: 1111000101011010011100101010101110111010... 94           0.0055188612
    9: 1111000101011010001100101010101110111011... 94           0.0055204761

Pickling Hall of Fame to: genetic_alg_settings_evolve_halloffame.pkl
Begin 18 of 20 repetitions
Begin 20 generations
gen	nevals	avg       	std        	min       	max       
0  	0     	0.00607184	0.000337747	0.00573374	0.00694526
1  	10    	0.0059941 	0.000190025	0.00573403	0.0063242 
2  	10    	0.00618   	0.000415939	0.00580197	0.00713067
3  	10    	0.00590232	7.97201e-05	0.00580912	0.00609554
4  	10    	0.00602795	0.000359971	0.00567747	0.00702961
5  	10    	0.00617719	0.00040838 	0.00580609	0.00722953
6  	10    	0.0059449 	0.000200893	0.00577001	0.00652292
7  	10    	0.00593054	0.000204385	0.00571118	0.00648373
8  	10    	0.00594532	0.000109645	0.00572604	0.00613762
9  	10    	0.00590819	0.000109565	0.00572712	0.00609508
10 	10    	0.00590147	0.000141329	0.00571838	0.00612232
11 	10    	0.00584919	0.000138081	0.0056492 	0.0061726 
12 	10    	0.00579665	9.26015e-05	0.0056835 	0.0059833 
13 	10    	0.00580504	8.51539e-05	0.0056597 	0.00594028
14 	10    	0.0058144 	0.000151072	0.00559803	0.006141  
15 	10    	0.00581042	0.000196927	0.0055878 	0.00631574
16 	10    	0.00576875	0.000146655	0.0055495 	0.00608856
17 	10    	0.00579649	0.000158295	0.00554253	0.00618533
18 	10    	0.00580596	0.000191458	0.00564867	0.00634487
19 	10    	0.00578366	9.38902e-05	0.0056352 	0.00595622
20 	10    	0.00578529	0.000109377	0.00561656	0.00596902
Runtime: 5.753348566999193 (s)


Final population:
Index: Selected                                    #Selected    CV          
----------------------------------------------------------------------------------------------------
    0: 1111000001011010001001101010011110010111... 97           0.0057284791
    1: 1111010001011010001001111010111110010001... 91           0.0056165575
    2: 1111010001011010001001111010111110010001... 97           0.0057152188
    3: 1111110001011010001001111010111110010101... 100          0.0057297386
    4: 1111010000011010001001011010111110010001... 95           0.0058842433
    5: 1111100001011110001001111010111110010001... 100          0.005964376 
    6: 1111010001011110001001011010111110010001... 95           0.0057606063
    7: 1111110001011010001001111010111110010001... 100          0.0059690222
    8: 1111010001011010001001111010111110010001... 99           0.0057454502
    9: 1111010001011010001001111010111110010101... 96           0.0057392385

Pickling population to: genetic_alg_settings_population_end.pkl

Hall of Fame:
Index: Selected                                    #Selected    CV          
----------------------------------------------------------------------------------------------------
    0: 1111000101011010011100101010101110111010... 96           0.0054822144
    1: 1111000101011010001100101010101111111010... 92           0.0054880585
    2: 1111000101011010001100101010101110111010... 95           0.0055022292
    3: 1111000101011010001000111010001110110010... 100          0.005503569 
    4: 1111000101111010001100101010101110110010... 100          0.0055037116
    5: 1111000011011010001001001010001111000111... 98           0.005509022 
    6: 1111000101011010001100101010101110111010... 94           0.0055129403
    7: 1111000010011011001001001010001100000111... 96           0.0055166401
    8: 1111000101011010011100101010101110111010... 94           0.0055188612
    9: 1111000101011010001100101010101110111011... 94           0.0055204761

Pickling Hall of Fame to: genetic_alg_settings_evolve_halloffame.pkl
Begin 19 of 20 repetitions
Begin 20 generations
gen	nevals	avg       	std        	min       	max       
0  	0     	0.00578529	0.000109377	0.00561656	0.00596902
1  	10    	0.00578146	8.57757e-05	0.00571739	0.00603078
2  	10    	0.00595213	0.00037324 	0.00564109	0.00673065
3  	10    	0.00595159	0.000279887	0.00571114	0.00652592
4  	10    	0.00583284	0.000103446	0.00567692	0.00595901
5  	10    	0.00582894	9.1809e-05 	0.00573306	0.00598883
6  	10    	0.00583941	7.94553e-05	0.00569028	0.00600431
7  	10    	0.00592014	0.00026844 	0.00567418	0.00669192
8  	10    	0.00587948	0.000221733	0.0056292 	0.00646035
9  	10    	0.00590819	0.000139205	0.00574144	0.0062021 
10 	10    	0.00601307	0.000475772	0.00570011	0.00738502
11 	10    	0.0059054 	0.00016659 	0.00574458	0.00622869
12 	10    	0.00614309	0.000324388	0.00573193	0.00667701
13 	10    	0.00594751	0.000255014	0.00571176	0.00657661
14 	10    	0.00585668	0.00012601 	0.0056617 	0.00613275
15 	10    	0.00616024	0.000420162	0.00584488	0.00705081
16 	10    	0.00587881	0.000177929	0.00565803	0.00624662
17 	10    	0.00597981	0.000238783	0.00562899	0.00643487
18 	10    	0.00595977	0.000236289	0.00573324	0.0065967 
19 	10    	0.00597994	0.000216037	0.00576702	0.00656886
20 	10    	0.0059059 	0.000112594	0.00573777	0.00612372
Runtime: 5.762643786998524 (s)


Final population:
Index: Selected                                    #Selected    CV          
----------------------------------------------------------------------------------------------------
    0: 1111010001011010010001111010011110010001... 95           0.006123721 
    1: 1111010001011010110001111110011110010001... 99           0.0058728432
    2: 1111010001011010010001111010011110010001... 100          0.0060299069
    3: 1111010001011010010001111010011110010001... 97           0.0058848746
    4: 1111110001011010110000111110011110010001... 99           0.0058069097
    5: 1111010001011010010001111010011110010001... 98           0.0057377704
    6: 1111010001011010010001011010011110010001... 100          0.0058834595
    7: 1111000001011010010001111010011110010001... 96           0.0059616162
    8: 1111010001011010010001111010011110010001... 97           0.0057807317
    9: 1111010001011010010101111010011110011001... 100          0.0059771267

Pickling population to: genetic_alg_settings_population_end.pkl

Hall of Fame:
Index: Selected                                    #Selected    CV          
----------------------------------------------------------------------------------------------------
    0: 1111000101011010011100101010101110111010... 96           0.0054822144
    1: 1111000101011010001100101010101111111010... 92           0.0054880585
    2: 1111000101011010001100101010101110111010... 95           0.0055022292
    3: 1111000101011010001000111010001110110010... 100          0.005503569 
    4: 1111000101111010001100101010101110110010... 100          0.0055037116
    5: 1111000011011010001001001010001111000111... 98           0.005509022 
    6: 1111000101011010001100101010101110111010... 94           0.0055129403
    7: 1111000010011011001001001010001100000111... 96           0.0055166401
    8: 1111000101011010011100101010101110111010... 94           0.0055188612
    9: 1111000101011010001100101010101110111011... 94           0.0055204761

Pickling Hall of Fame to: genetic_alg_settings_evolve_halloffame.pkl
Begin 20 of 20 repetitions
Begin 20 generations
gen	nevals	avg      	std        	min       	max       
0  	0     	0.0059059	0.000112594	0.00573777	0.00612372
1  	10    	0.00609983	0.000380524	0.00582905	0.00707022
2  	10    	0.00591169	0.000223186	0.00569157	0.00649681
3  	10    	0.00596515	0.000197045	0.00568797	0.00640012
4  	10    	0.0059423 	0.000151636	0.00569834	0.00625122
5  	10    	0.0059809 	0.000225317	0.00578979	0.00663576
6  	10    	0.00614169	0.000783328	0.00577086	0.00847595
7  	10    	0.00584917	0.000136068	0.00569302	0.00615817
8  	10    	0.00579928	5.77154e-05	0.0056759 	0.0059089 
9  	10    	0.00579249	6.15961e-05	0.00571298	0.00591847
10 	10    	0.00589898	0.000261597	0.00567067	0.00664036
11 	10    	0.00595821	0.000315286	0.00572272	0.00663499
12 	10    	0.00579757	0.00020639 	0.00561683	0.00637341
13 	10    	0.00582008	9.61247e-05	0.00563211	0.00594773
14 	10    	0.00581992	0.000115861	0.00565515	0.00604225
15 	10    	0.00574289	0.000104946	0.00561478	0.00591187
16 	10    	0.00579414	0.000105781	0.00556091	0.00596296
17 	10    	0.00591426	0.000340039	0.00563456	0.00683457
18 	10    	0.00573224	7.84227e-05	0.00560038	0.00590497
19 	10    	0.00580667	0.000131801	0.00564454	0.00608207
20 	10    	0.00583235	8.75341e-05	0.00567051	0.0059931 
Runtime: 5.756956066001294 (s)


Final population:
Index: Selected                                    #Selected    CV          
----------------------------------------------------------------------------------------------------
    0: 1111010001011010011110101010111110010011... 95           0.0058017426
    1: 1111010001011010011010101011111110010011... 98           0.0056705067
    2: 1111010001111010111010101010011110010011... 100          0.005919536 
    3: 1111010001011010011000101010011100010011... 91           0.0059009217
    4: 1111010001111010111000101010111110010011... 98           0.0058748108
    5: 1111010001011010011010101011011110010011... 94           0.0057893734
    6: 1111010001011010011110101010111110010011... 100          0.0057966809
    7: 1111010001011010011110101010111110010011... 95           0.0057526008
    8: 1111010001011010011010101010111110010011... 94           0.005993098 
    9: 1111010001011010011110101010111110010011... 99           0.0058241851

Pickling population to: genetic_alg_settings_population_end.pkl

Hall of Fame:
Index: Selected                                    #Selected    CV          
----------------------------------------------------------------------------------------------------
    0: 1111000101011010011100101010101110111010... 96           0.0054822144
    1: 1111000101011010001100101010101111111010... 92           0.0054880585
    2: 1111000101011010001100101010101110111010... 95           0.0055022292
    3: 1111000101011010001000111010001110110010... 100          0.005503569 
    4: 1111000101111010001100101010101110110010... 100          0.0055037116
    5: 1111000011011010001001001010001111000111... 98           0.005509022 
    6: 1111000101011010001100101010101110111010... 94           0.0055129403
    7: 1111000010011011001001001010001100000111... 96           0.0055166401
    8: 1111000101011010011100101010101110111010... 94           0.0055188612
    9: 1111000101011010001100101010101110111011... 94           0.0055204761

Pickling Hall of Fame to: genetic_alg_settings_evolve_halloffame.pkl
#   DONE  Runtime: 111.29758185399987 (s)

Adding statistics...
  DONE

Result:
Index: Selected                                    #Selected    CV           RMS          wRMS         Estimator                FeatureSelection         Note
--------------------------------------------------------------------------------------------------------------------------------------------------------------------
    0: 1111000101011010011100101010101110111010... 96           0.0054822144 0.004501736  0.0045847125 LinearRegression         GeneticAlgorithm         
    1: 1111000101011010001100101010101111111010... 92           0.0054880585 0.0045460007 0.0045949081 LinearRegression         GeneticAlgorithm         
    2: 1111000101011010001100101010101110111010... 95           0.0055022292 0.0044752874 0.0045675242 LinearRegression         GeneticAlgorithm         
    3: 1111000101011010001000111010001110110010... 100          0.005503569  0.0045046648 0.0045653244 LinearRegression         GeneticAlgorithm         
    4: 1111000101111010001100101010101110110010... 100          0.0055037116 0.0044628162 0.0045068344 LinearRegression         GeneticAlgorithm         
    5: 1111000011011010001001001010001111000111... 98           0.005509022  0.0045473233 0.0045363194 LinearRegression         GeneticAlgorithm         
    6: 1111000101011010001100101010101110111010... 94           0.0055129403 0.0045450278 0.0046050741 LinearRegression         GeneticAlgorithm         
    7: 1111000010011011001001001010001100000111... 96           0.0055166401 0.0045299249 0.0045495916 LinearRegression         GeneticAlgorithm         
    8: 1111000101011010011100101010101110111010... 94           0.0055188612 0.0045047413 0.0045962242 LinearRegression         GeneticAlgorithm         
    9: 1111000101011010001100101010101110111011... 94           0.0055204761 0.004488949  0.0045558594 LinearRegression         GeneticAlgorithm         

Pickling Hall of Fame to: genetic_alg_settings_halloffame.pkl
