Loading genetic_alg_settings.json
# Hall of Fame size: 10 

# Get problem data...
# wHullDist: Will calculate hull distance: hull_dist(CALCULATED,atom_frac)
# Query requested: ['formation_energy', 'is_calculated', 'corr', 'hull_dist(CALCULATED,atom_frac)']
# Use existing: []
# Querying: ['formation_energy', 'is_calculated', 'corr', 'hull_dist(CALCULATED,atom_frac)']
#   DONE

# Target: formation_energy
# Training samples: 627
# Features: 253 

# Weighting:
{
  "method": "wHullDist",
  "kwargs": {
    "A": 0.1,
    "B": 0.0,
    "kT": 0.1,
    "hull_selection": "CALCULATED"
  }
}

# CV:
{
  "method": "KFold",
  "kwargs": {
    "n_splits": 10,
    "shuffle": true
  },
  "penalty": 0.0
} 

# Writing problem specs to: genetic_alg_settings_specs.pkl
# To inspect or customize the problem specs further, use the '--checkspecs' method

# Estimator:
{
  "method": "LinearRegression",
  "kwargs": {
    "fit_intercept": false
  }
} 

# Feature Selection:
{
  "method": "GeneticAlgorithm",
  "kwargs": {
    "constraints_kwargs": {
      "n_features_max": 100,
      "n_features_min": 3,
      "fix_off": [],
      "fix_on": [
        0,
        1,
        2
      ]
    },
    "selTournamentSize": 3,
    "mutFlipBitProb": 0.01,
    "evolve_params_kwargs": {
      "n_generation": 20,
      "n_repetition": 20,
      "n_features_init": 3,
      "n_population": 10,
      "n_halloffame": 10,
      "halloffame_filename": "evolve_halloffame.pkl",
      "filename_prefix": "genetic_alg_settings"
    },
    "cxUniformProb": 0.5
  }
} 

# Fit and select...
Constructing initial population
Begin 1 of 20 repetitions
Begin 20 generations
gen	nevals	avg     	std        	min      	max      
0  	10    	0.019846	0.000866049	0.0182363	0.0212733
1  	10    	0.0187244	0.000798884	0.0176815	0.0200482
2  	10    	0.0177444	0.000597077	0.0163154	0.0183545
3  	10    	0.0166063	0.00143918 	0.0142746	0.0188155
4  	10    	0.0151393	0.00148272 	0.0131281	0.0184748
5  	10    	0.0143587	0.00179675 	0.0123504	0.0178733
6  	10    	0.0127803	0.00049385 	0.0121508	0.013604 
7  	10    	0.011966 	0.000698408	0.0104389	0.0129731
8  	10    	0.0110409	0.00078492 	0.0101703	0.0123416
9  	10    	0.0106767	0.000573668	0.00997694	0.0119015
10 	10    	0.010169 	0.000535349	0.00955382	0.0116394
11 	10    	0.00973647	0.00030799 	0.00925169	0.0104067
12 	10    	0.00935502	0.000273754	0.0089487 	0.00991874
13 	10    	0.00944208	0.000915154	0.00889793	0.0121146 
14 	10    	0.00906099	0.000205754	0.00866286	0.00930842
15 	10    	0.00869505	0.000328497	0.00794376	0.00907289
16 	10    	0.00848138	0.000339433	0.00776376	0.00876682
17 	10    	0.00844938	0.000747368	0.00780886	0.01045   
18 	10    	0.0077715 	0.000155187	0.00742966	0.00800721
19 	10    	0.00780321	0.000424708	0.00727338	0.00891176
20 	10    	0.00752365	0.000203678	0.00722426	0.00791974
Runtime: 3.2266619829970296 (s)


Final population:
Index: Selected                                    #Selected    CV          
----------------------------------------------------------------------------------------------------
    0: 1111001101001010001001001100001000000000... 62           0.0073745754
    1: 1111001101001010011001001100001000101000... 69           0.0078584463
    2: 1111001101101010001001001100001000000000... 71           0.007224262 
    3: 1111001101001010011000001100001000000000... 64           0.0074466393
    4: 1111001101001010001001001100001000100000... 64           0.0073807196
    5: 1111001101001010001001001100001000100000... 68           0.0074668349
    6: 1111001101001010001000001100001000000000... 63           0.0075756786
    7: 1111001100001000001000001000001000100000... 66           0.0079197394
    8: 1111001101011010001000001100001000000000... 60           0.0075003337
    9: 1111001101001000001000001100000000100000... 65           0.0074893157

Pickling population to: genetic_alg_settings_population_end.pkl

Hall of Fame:
Index: Selected                                    #Selected    CV          
----------------------------------------------------------------------------------------------------
    0: 1111001101101010001001001100001000000000... 71           0.007224262 
    1: 1111001101001010001000001100001000000000... 65           0.0072733827
    2: 1111001101001010001001001100001000100000... 64           0.0072847408
    3: 1111001101001010001001001100001000000000... 62           0.0073745754
    4: 1111001101001010001001001100001000100000... 64           0.0073807196
    5: 1111001101001010001001001100001000100000... 63           0.0074296591
    6: 1111001101001010011000001100001000000000... 64           0.0074466393
    7: 1111001101001010001001001100001000100000... 68           0.0074668349
    8: 1111001101001000001000001100000000100000... 65           0.0074893157
    9: 1111001101011010001000001100001000000000... 60           0.0075003337

Pickling Hall of Fame to: genetic_alg_settings_evolve_halloffame.pkl
Begin 2 of 20 repetitions
Begin 20 generations
gen	nevals	avg       	std        	min       	max       
0  	0     	0.00752365	0.000203678	0.00722426	0.00791974
1  	10    	0.00754857	0.000302214	0.00723282	0.00829865
2  	10    	0.00737952	0.000156638	0.00704748	0.00761016
3  	10    	0.00729684	0.000130352	0.00707872	0.00747268
4  	10    	0.00726642	9.4109e-05 	0.0071085 	0.0074062 
5  	10    	0.00733999	0.000717405	0.00682005	0.00945521
6  	10    	0.00725596	0.000723554	0.00660487	0.00933455
7  	10    	0.00703862	0.000202403	0.00666081	0.00735464
8  	10    	0.0070152 	0.000496362	0.00666342	0.00844491
9  	10    	0.00689779	0.000334103	0.00654897	0.00775389
10 	10    	0.00673622	0.000130386	0.00654644	0.00692131
11 	10    	0.00663485	0.00012704 	0.00639187	0.00683653
12 	10    	0.00657781	0.000122901	0.00635814	0.00672672
13 	10    	0.00652736	0.000131067	0.00632976	0.00680854
14 	10    	0.00650719	0.000183042	0.00627561	0.00692304
15 	10    	0.00640507	8.56307e-05	0.00623952	0.00656368
16 	10    	0.00642857	0.000183809	0.00615208	0.00678654
17 	10    	0.00636458	0.000142798	0.0062243 	0.00669893
18 	10    	0.00631714	7.95815e-05	0.00619205	0.00644154
19 	10    	0.00629121	0.000136882	0.00610764	0.00651317
20 	10    	0.00627615	8.98752e-05	0.0060866 	0.0064482 
Runtime: 6.044188364001457 (s)


Final population:
Index: Selected                                    #Selected    CV          
----------------------------------------------------------------------------------------------------
    0: 1111011101011001001001101100001110010100... 87           0.0063198393
    1: 1111011101011011000001101101001110010101... 91           0.0062291531
    2: 1111011101011000001001101100001110010101... 88           0.006086601 
    3: 1111011101011001000001101100001110010000... 90           0.006303422 
    4: 1111011101011001000001101100001110010100... 87           0.0062995574
    5: 1111011101011011001001101101001111010001... 87           0.0062326097
    6: 1111011101011001010001101100001111010001... 89           0.0063014575
    7: 1111011101011001000001101101101111010001... 93           0.0064481997
    8: 1111011101011001000001101100001110010101... 90           0.0062101962
    9: 1111011101011001000001101100001110010101... 89           0.0063304671

Pickling population to: genetic_alg_settings_population_end.pkl

Hall of Fame:
Index: Selected                                    #Selected    CV          
----------------------------------------------------------------------------------------------------
    0: 1111011101011000001001101100001110010101... 88           0.006086601 
    1: 1111011101011001000001101100001110010101... 88           0.0061076381
    2: 1111011101011000001001101100001110010000... 88           0.0061469633
    3: 1111011101011011001001101100001110010000... 88           0.0061520834
    4: 1111011101011011001001101101001110010100... 88           0.006167291 
    5: 1111011101011010001001101100001110010100... 89           0.0061905279
    6: 1111011101011010001001101101001110010100... 91           0.006192052 
    7: 1111011101011001000001101100001111010001... 87           0.0062037489
    8: 1111011101011001000001101100001110010101... 90           0.0062101962
    9: 1111011101011010001001101100001111010000... 92           0.0062243038

Pickling Hall of Fame to: genetic_alg_settings_evolve_halloffame.pkl
Begin 3 of 20 repetitions
Begin 20 generations
gen	nevals	avg       	std        	min      	max      
0  	0     	0.00627615	8.98752e-05	0.0060866	0.0064482
1  	10    	0.00622211	0.000104723	0.0060953	0.00643317
2  	10    	0.00622684	9.45368e-05	0.00608518	0.00636951
3  	10    	0.0061724 	7.1164e-05 	0.00607085	0.00628797
4  	10    	0.00624418	0.000116145	0.00608996	0.00646155
5  	10    	0.0061673 	9.53724e-05	0.00596947	0.00624829
6  	10    	0.00619451	0.000137663	0.00597502	0.00640113
7  	10    	0.0060941 	7.88074e-05	0.00597055	0.00620591
8  	10    	0.00606482	0.000106261	0.00587013	0.00628885
9  	10    	0.00606644	0.000170942	0.00588199	0.00648786
10 	10    	0.00605463	8.3528e-05 	0.00593069	0.00618666
11 	10    	0.00621994	0.000447544	0.00589115	0.00716379
12 	10    	0.00604839	0.000120511	0.00589   	0.00631213
13 	10    	0.00608252	0.000145556	0.0058713 	0.00639724
14 	10    	0.00606175	9.84678e-05	0.00589028	0.0062547 
15 	10    	0.0060467 	0.000125868	0.00592919	0.00635807
16 	10    	0.00611455	0.000195361	0.00592445	0.00650458
17 	10    	0.00601602	0.000111382	0.00582111	0.00624958
18 	10    	0.00592737	8.77133e-05	0.00583397	0.00612863
19 	10    	0.00592472	0.000158354	0.00575211	0.00623807
20 	10    	0.00593529	0.000107898	0.00573985	0.00609061
Runtime: 6.636508362000313 (s)


Final population:
Index: Selected                                    #Selected    CV          
----------------------------------------------------------------------------------------------------
    0: 1111011101011110011001101001001110010101... 99           0.0058464195
    1: 1111011101011010111001101100001110010101... 100          0.0059250723
    2: 1111011101011010111001101100001110011101... 100          0.0060906135
    3: 1111011101011010011101101100001110010001... 100          0.0060662026
    4: 1111011101111110011001101000001110010101... 99           0.0058491994
    5: 1111011101011110011001101000001110010101... 100          0.005870132 
    6: 1111011101011110011001101000001110010101... 100          0.0057398544
    7: 1111011101001010111001101100001110010101... 100          0.0060189994
    8: 1111011101011110011001101000001110010101... 100          0.0059122984
    9: 1111011101011010111001101100001110010101... 100          0.0060341122

Pickling population to: genetic_alg_settings_population_end.pkl

Hall of Fame:
Index: Selected                                    #Selected    CV          
----------------------------------------------------------------------------------------------------
    0: 1111011101011110011001101000001110010101... 100          0.0057398544
    1: 1111011101011110011001101000001110010101... 100          0.0057521147
    2: 1111011101011010011001101000001110010001... 97           0.0057677234
    3: 1111011101011010011011101000001110010000... 97           0.0057719312
    4: 1111011101011010011001101000001110010000... 98           0.0058211106
    5: 1111011101011110011001101000001110000000... 100          0.0058339663
    6: 1111011101011110011001101001001110010101... 99           0.0058464195
    7: 1111011101111110011001101000001110010101... 99           0.0058491994
    8: 1111011101011110011001101000001110010101... 100          0.005852703 
    9: 1111011101011010011001101100001110010101... 99           0.0058559684

Pickling Hall of Fame to: genetic_alg_settings_evolve_halloffame.pkl
Begin 4 of 20 repetitions
Begin 20 generations
gen	nevals	avg       	std        	min       	max       
0  	0     	0.00593529	0.000107898	0.00573985	0.00609061
1  	10    	0.00594039	8.19954e-05	0.00580294	0.00609299
2  	10    	0.00602718	0.000129315	0.00589457	0.00632258
3  	10    	0.00599387	0.000169504	0.00573821	0.00628466
4  	10    	0.00589898	6.84039e-05	0.00578685	0.00603548
5  	10    	0.00599146	0.000204838	0.00573956	0.00633565
6  	10    	0.00590807	0.000220155	0.00569075	0.00650932
7  	10    	0.00581149	7.05474e-05	0.0056824 	0.00592775
8  	10    	0.00593827	0.000134497	0.00568644	0.0061153 
9  	10    	0.00598435	0.000232475	0.00568155	0.00655233
10 	10    	0.00589087	0.000186422	0.00568223	0.0063271 
11 	10    	0.0059647 	0.000315617	0.00565915	0.00680384
12 	10    	0.00581136	8.15947e-05	0.00569401	0.00598147
13 	10    	0.00605631	0.0005131  	0.00567296	0.00752185
14 	10    	0.00591242	0.000129004	0.00572133	0.00615133
15 	10    	0.00588801	0.000113119	0.00572915	0.00613783
16 	10    	0.00610598	0.000584438	0.0056821 	0.00774671
17 	10    	0.00590312	7.28631e-05	0.00576345	0.00603431
18 	10    	0.00588587	0.000159933	0.00569478	0.00619745
19 	10    	0.0059857 	0.000207586	0.00568311	0.0064065 
20 	10    	0.00612426	0.000370396	0.00578338	0.00705118
Runtime: 6.488497966998693 (s)


Final population:
Index: Selected                                    #Selected    CV          
----------------------------------------------------------------------------------------------------
    0: 1111001101001110010000000000101110010101... 100          0.0070511828
    1: 1111001101001111011011001000101110010101... 99           0.0064530411
    2: 1111001101011111010001001000101110010101... 100          0.0057833818
    3: 1111001101101111010001001000101111010110... 100          0.0059596284
    4: 1111001101011111010000001000101110010101... 99           0.005899624 
    5: 1111001101001111011001001000101110010100... 99           0.0058206135
    6: 1111001101001111010001001000101110010101... 99           0.0059767561
    7: 1111001101011111011001001000101110010100... 100          0.0059418285
    8: 1111001101001110001001001000101110010101... 98           0.0060082552
    9: 1111001101101110010001001000101110010111... 94           0.0063482935

Pickling population to: genetic_alg_settings_population_end.pkl

Hall of Fame:
Index: Selected                                    #Selected    CV          
----------------------------------------------------------------------------------------------------
    0: 1111001101001110011001001000101110010101... 98           0.005659148 
    1: 1111001101111111011001001000101100010101... 100          0.0056729648
    2: 1111001101011111011001101000101110010101... 99           0.0056815543
    3: 1111001101011111010001001000101110010101... 100          0.0056820957
    4: 1111001101001111011001001000101110010101... 98           0.0056822286
    5: 1111011101011111001001001000101110010101... 100          0.0056824007
    6: 1111001101001111011001001000101110010101... 100          0.0056831087
    7: 1111001101011111001001001000101110010101... 100          0.0056864439
    8: 1111001100011111011001001000101110010101... 100          0.0056907544
    9: 1111001101111111011001001000101110010101... 100          0.005694008 

Pickling Hall of Fame to: genetic_alg_settings_evolve_halloffame.pkl
Begin 5 of 20 repetitions
Begin 20 generations
gen	nevals	avg       	std        	min       	max       
0  	0     	0.00612426	0.000370396	0.00578338	0.00705118
1  	10    	0.00611814	0.000261931	0.00585574	0.00653405
2  	10    	0.00603161	0.000178237	0.00583397	0.00643855
3  	10    	0.00597728	0.000135459	0.00581222	0.00625362
4  	10    	0.00611574	0.000194444	0.00587478	0.0064419 
5  	10    	0.00631406	0.000564239	0.00584255	0.00787573
6  	10    	0.00611078	0.00020616 	0.00586053	0.0064537 
7  	10    	0.00604316	0.000154698	0.00583665	0.0063062 
8  	10    	0.00597922	0.000124515	0.00585151	0.00621888
9  	10    	0.0061854 	0.000303479	0.00588867	0.00675736
10 	10    	0.00611343	0.000245707	0.005915  	0.00679991
11 	10    	0.00616048	0.000275644	0.00584616	0.00666909
12 	10    	0.00605021	0.00013519 	0.00589001	0.00633922
13 	10    	0.0064207 	0.000932462	0.00589389	0.00918923
14 	10    	0.00597977	6.06878e-05	0.00587661	0.00607062
15 	10    	0.00614621	0.000164707	0.0058943 	0.00649775
16 	10    	0.00612238	0.000340735	0.00590044	0.0071045 
17 	10    	0.00604126	0.000236218	0.00576421	0.00664882
18 	10    	0.00609585	0.000222316	0.00578329	0.00663614
19 	10    	0.00606719	8.38761e-05	0.00592248	0.00620104
20 	10    	0.00609779	0.000159956	0.00584818	0.00633702
Runtime: 6.499640439000359 (s)


Final population:
Index: Selected                                    #Selected    CV          
----------------------------------------------------------------------------------------------------
    0: 1111000101011110010000001000101110010001... 94           0.0062513591
    1: 1111001101011010011001001000101110010001... 100          0.0062095103
    2: 1111000001011011010000001000101110010001... 100          0.0060259765
    3: 1111000001011011010000001000101110010001... 100          0.0059082257
    4: 1111000101011010010001001000101110010001... 97           0.0061592619
    5: 1111000001011111000000001000101110010001... 100          0.0063370172
    6: 1111000101011011010000001000101110011001... 99           0.0059222004
    7: 1111001100011011010001001000101110010001... 100          0.0062510593
    8: 1111001101011010010000001000101110010001... 97           0.0058481817
    9: 1111000101011010000000001000101110010001... 96           0.0060651365

Pickling population to: genetic_alg_settings_population_end.pkl

Hall of Fame:
Index: Selected                                    #Selected    CV          
----------------------------------------------------------------------------------------------------
    0: 1111001101001110011001001000101110010101... 98           0.005659148 
    1: 1111001101111111011001001000101100010101... 100          0.0056729648
    2: 1111001101011111011001101000101110010101... 99           0.0056815543
    3: 1111001101011111010001001000101110010101... 100          0.0056820957
    4: 1111001101001111011001001000101110010101... 98           0.0056822286
    5: 1111011101011111001001001000101110010101... 100          0.0056824007
    6: 1111001101001111011001001000101110010101... 100          0.0056831087
    7: 1111001101011111001001001000101110010101... 100          0.0056864439
    8: 1111001100011111011001001000101110010101... 100          0.0056907544
    9: 1111001101111111011001001000101110010101... 100          0.005694008 

Pickling Hall of Fame to: genetic_alg_settings_evolve_halloffame.pkl
Begin 6 of 20 repetitions
Begin 20 generations
gen	nevals	avg       	std        	min       	max       
0  	0     	0.00609779	0.000159956	0.00584818	0.00633702
1  	10    	0.00597351	9.25537e-05	0.00584535	0.00612609
2  	10    	0.00601639	0.000124597	0.00586765	0.00628648
3  	10    	0.00604404	0.000188679	0.00580882	0.00648569
4  	10    	0.00595403	0.000192991	0.0056999 	0.0064282 
5  	10    	0.00586351	6.11356e-05	0.00579617	0.00596082
6  	10    	0.00595961	0.00028464 	0.00578329	0.00679481
7  	10    	0.00595045	0.000230468	0.00576941	0.00661454
8  	10    	0.00601148	0.000243502	0.00578067	0.00648038
9  	10    	0.0060258 	0.00038067 	0.00573587	0.00705917
10 	10    	0.00587223	0.000124996	0.00573238	0.00611386
11 	10    	0.00588464	0.000109653	0.00572591	0.00607543
12 	10    	0.00589111	0.000110934	0.00566861	0.00611381
13 	10    	0.00589624	0.000115466	0.00575869	0.00611902
14 	10    	0.00584692	0.000140267	0.00553807	0.00596883
15 	10    	0.00585468	0.000128766	0.00565291	0.00607507
16 	10    	0.00594465	0.000135643	0.00572234	0.00616349
17 	10    	0.00600014	8.57983e-05	0.00588878	0.00613013
18 	10    	0.00605273	9.11573e-05	0.005909  	0.00621049
19 	10    	0.00610648	0.000433245	0.00578468	0.0073177 
20 	10    	0.00602977	0.00013495 	0.0058514 	0.00639042
Runtime: 6.5053496370019275 (s)


Final population:
Index: Selected                                    #Selected    CV          
----------------------------------------------------------------------------------------------------
    0: 1111001001000111011000001000001110010001... 96           0.005983316 
    1: 1111001001001101011000001000001111010001... 97           0.006063484 
    2: 1111001001001111011000001000001111010001... 98           0.0059992728
    3: 1111001001001111011000001000001111010001... 97           0.005924477 
    4: 1111001000001111011001001000001110010101... 98           0.0059883383
    5: 1111001001001011010000001000101110010001... 100          0.0060762633
    6: 1111001001001111011001001000101110010001... 100          0.0060224783
    7: 1111001001001111011001001000101110010001... 99           0.0059982876
    8: 1111001001001111011000001000101110010001... 96           0.0058514019
    9: 1111001001100110011001001000001110010001... 100          0.0063904158

Pickling population to: genetic_alg_settings_population_end.pkl

Hall of Fame:
Index: Selected                                    #Selected    CV          
----------------------------------------------------------------------------------------------------
    0: 1111001001001111010000001000101110011101... 98           0.0055380715
    1: 1111001101011111010000001000001110011001... 100          0.0056359336
    2: 1111001001001111010000001000101110011101... 97           0.0056529069
    3: 1111001101001110011001001000101110010101... 98           0.005659148 
    4: 1111001001001111010000001000101110011101... 100          0.0056602547
    5: 1111001101011111010001001000001110010001... 98           0.00566861  
    6: 1111001101111111011001001000101100010101... 100          0.0056729648
    7: 1111001101011111011001101000101110010101... 99           0.0056815543
    8: 1111001101011111010001001000101110010101... 100          0.0056820957
    9: 1111001101001111011001001000101110010101... 98           0.0056822286

Pickling Hall of Fame to: genetic_alg_settings_evolve_halloffame.pkl
Begin 7 of 20 repetitions
Begin 20 generations
gen	nevals	avg       	std       	min      	max       
0  	0     	0.00602977	0.00013495	0.0058514	0.00639042
1  	10    	0.0060065 	0.000378995	0.00571496	0.0070825 
2  	10    	0.00590097	0.000262951	0.00566726	0.00662384
3  	10    	0.00596899	0.000273415	0.00573391	0.00659496
4  	10    	0.00584023	0.000117725	0.00563196	0.00602059
5  	10    	0.00608969	0.000429683	0.00571104	0.00700355
6  	10    	0.00583421	7.98771e-05	0.0056893 	0.00597282
7  	10    	0.00589431	0.000214397	0.00569959	0.00651921
8  	10    	0.00599183	0.000429175	0.00563996	0.00721916
9  	10    	0.00592665	0.000260873	0.0056853 	0.00661134
10 	10    	0.00599655	0.000366381	0.00568559	0.00706298
11 	10    	0.0060953 	0.000540364	0.00573788	0.00765386
12 	10    	0.00589239	0.000125641	0.00564316	0.00610179
13 	10    	0.00600558	0.00022353 	0.0057718 	0.00642824
14 	10    	0.00594533	0.000161023	0.00578664	0.00636583
15 	10    	0.00596102	0.00012187 	0.00574215	0.00622917
16 	10    	0.00591556	7.79163e-05	0.00574092	0.00601016
17 	10    	0.00584789	0.00011334 	0.00571361	0.00609749
18 	10    	0.00619294	0.000660415	0.00571843	0.00778402
19 	10    	0.00582032	0.000102133	0.00560637	0.0059955 
20 	10    	0.0060374 	0.000256957	0.0057054 	0.00663091
Runtime: 6.683713327998703 (s)


Final population:
Index: Selected                                    #Selected    CV          
----------------------------------------------------------------------------------------------------
    0: 1111001001101111110001001101001101000101... 100          0.0059818642
    1: 1111001001001111011000001101001111001001... 99           0.0058033227
    2: 1111001001101111010010001101001110010101... 99           0.0060995479
    3: 1111001001001011011000001101001111000001... 96           0.0060041457
    4: 1111000001001111011000001110011001000001... 100          0.0063263329
    5: 1111001001001111101001001101001100000101... 98           0.0059059728
    6: 1111001001001111011001001101001101000101... 100          0.0057053963
    7: 1111001001001111011001001101000101000101... 97           0.0060623346
    8: 1111001001001111010000001101001110001101... 100          0.0058541863
    9: 1111001001101111011010001101001011000001... 95           0.0066309115

Pickling population to: genetic_alg_settings_population_end.pkl

Hall of Fame:
Index: Selected                                    #Selected    CV          
----------------------------------------------------------------------------------------------------
    0: 1111001001001111010000001000101110011101... 98           0.0055380715
    1: 1111001001101111011000001101001101000001... 95           0.0056063693
    2: 1111001001001111011000001000001111010001... 95           0.0056319595
    3: 1111001101011111010000001000001110011001... 100          0.0056359336
    4: 1111001001001111011100001100001110010001... 100          0.0056399632
    5: 1111001001001111011000001100101101010001... 100          0.0056431559
    6: 1111001001001111010000001000101110011101... 97           0.0056529069
    7: 1111001001001111011000001100001111010001... 98           0.0056562009
    8: 1111001101001110011001001000101110010101... 98           0.005659148 
    9: 1111001001001111010000001000101110011101... 100          0.0056602547

Pickling Hall of Fame to: genetic_alg_settings_evolve_halloffame.pkl
Begin 8 of 20 repetitions
Begin 20 generations
gen	nevals	avg      	std        	min      	max       
0  	0     	0.0060374	0.000256957	0.0057054	0.00663091
1  	10    	0.00598359	0.000116236	0.00572203	0.00611086
2  	10    	0.00585393	0.000104525	0.00571773	0.00609218
3  	10    	0.00587036	8.08623e-05	0.00576686	0.00606113
4  	10    	0.00587666	0.000116694	0.00568022	0.00607994
5  	10    	0.00586609	5.3748e-05 	0.00578141	0.00594884
6  	10    	0.00590803	9.49718e-05	0.00569789	0.00607633
7  	10    	0.00590025	9.45212e-05	0.00574584	0.0060443 
8  	10    	0.00592145	0.000107072	0.00582698	0.0061827 
9  	10    	0.005919  	0.000217145	0.0056899 	0.00653912
10 	10    	0.00584485	9.23066e-05	0.00570563	0.0060091 
11 	10    	0.00599165	0.000428214	0.00567581	0.00724313
12 	10    	0.00593359	0.000142699	0.00570418	0.00617212
13 	10    	0.0059594 	0.000200375	0.00561257	0.00628128
14 	10    	0.00583738	8.40582e-05	0.00563438	0.00595765
15 	10    	0.0059738 	0.000486737	0.00561734	0.00738905
16 	10    	0.00580633	9.63568e-05	0.00564901	0.00596087
17 	10    	0.00578989	9.01213e-05	0.00569549	0.00599111
18 	10    	0.00582543	9.2003e-05 	0.00570762	0.00604265
19 	10    	0.00584381	0.000104364	0.00571875	0.00609822
20 	10    	0.00588189	9.71495e-05	0.00575654	0.00605762
Runtime: 6.165237708999484 (s)


Final population:
Index: Selected                                    #Selected    CV          
----------------------------------------------------------------------------------------------------
    0: 1111000001000011011001001001001100000101... 94           0.0057891423
    1: 1111000000001011011011001100001100000101... 93           0.0059968278
    2: 1111000001001011001011001100001100000101... 90           0.0058912834
    3: 1111000001001011011011001101001100000101... 98           0.0058236163
    4: 1111000001001011011001001101001100000101... 91           0.0060576213
    5: 1111000001101011011011001101001100000101... 95           0.0058169746
    6: 1111000001001011011011001101001000000101... 92           0.0059914877
    7: 1111000001001011011011001101001100000101... 95           0.0058920222
    8: 1111000001001011011001001001001100000101... 92           0.0057565365
    9: 1111000010000011011011001101001100000101... 98           0.0058034046

Pickling population to: genetic_alg_settings_population_end.pkl

Hall of Fame:
Index: Selected                                    #Selected    CV          
----------------------------------------------------------------------------------------------------
    0: 1111001001001111010000001000101110011101... 98           0.0055380715
    1: 1111001001101111011000001101001101000001... 95           0.0056063693
    2: 1111001001001011011001001101001100000101... 98           0.005612575 
    3: 1111001001001011011001001101001100000101... 98           0.0056173361
    4: 1111001001001111011000001000001111010001... 95           0.0056319595
    5: 1111001001000011011001001101001100000101... 96           0.0056343752
    6: 1111001101011111010000001000001110011001... 100          0.0056359336
    7: 1111001001001111011100001100001110010001... 100          0.0056399632
    8: 1111001001001111011000001100101101010001... 100          0.0056431559
    9: 1111000001000011011011001101001100000101... 90           0.0056490051

Pickling Hall of Fame to: genetic_alg_settings_evolve_halloffame.pkl
Begin 9 of 20 repetitions
Begin 20 generations
gen	nevals	avg       	std        	min       	max       
0  	0     	0.00588189	9.71495e-05	0.00575654	0.00605762
1  	10    	0.00595466	0.000282475	0.00572066	0.00658087
2  	10    	0.00588105	7.06633e-05	0.00570247	0.00594888
3  	10    	0.00591212	9.2773e-05 	0.00572957	0.00604344
4  	10    	0.00585046	7.20923e-05	0.00570422	0.00598927
5  	10    	0.0059029 	0.000113842	0.00577004	0.00615692
6  	10    	0.00585558	0.000100375	0.00572921	0.00606401
7  	10    	0.00581724	7.6249e-05 	0.00571774	0.00597846
8  	10    	0.00623287	0.000837847	0.00571822	0.00847137
9  	10    	0.00585369	0.000138021	0.00568706	0.00614442
10 	10    	0.0057779 	0.000163351	0.00557159	0.00614318
11 	10    	0.00575703	0.000127849	0.00556895	0.0060079 
12 	10    	0.00584958	0.000168419	0.00560225	0.00610637
13 	10    	0.00574943	9.11832e-05	0.0056387 	0.00596678
14 	10    	0.00572355	8.58177e-05	0.00560974	0.00592303
15 	10    	0.00571768	9.85259e-05	0.00558768	0.00596696
16 	10    	0.0057989 	0.000282346	0.00558201	0.00649212
17 	10    	0.00573264	7.76946e-05	0.0056389 	0.00586597
18 	10    	0.00602279	0.00046698 	0.00569139	0.00731328
19 	10    	0.00594212	0.000389972	0.00566086	0.00708322
20 	10    	0.00581369	0.000156623	0.005618  	0.00612783
Runtime: 6.190343862999725 (s)


Final population:
Index: Selected                                    #Selected    CV          
----------------------------------------------------------------------------------------------------
    0: 1111001100000011001000001001001100010101... 100          0.0057534314
    1: 1111011000000011001001001001001100000101... 93           0.0056179986
    2: 1111001000000010001000001001011100000101... 99           0.0057560692
    3: 1111001100000011001100001001001100010101... 100          0.0059959209
    4: 1111001100000011001001001001001100000101... 99           0.0056408606
    5: 1111001100000011001001001001001100000101... 100          0.0056864419
    6: 1111001000000011001100001001001100000101... 100          0.0059606446
    7: 1111001000000011001100001001011100000101... 100          0.0061278297
    8: 1111001000000011001100001001001100000101... 100          0.0058047231
    9: 1111001000000011001100001001001100000101... 96           0.0057929403

Pickling population to: genetic_alg_settings_population_end.pkl

Hall of Fame:
Index: Selected                                    #Selected    CV          
----------------------------------------------------------------------------------------------------
    0: 1111001001001111010000001000101110011101... 98           0.0055380715
    1: 1111001000001011001001001001001100000101... 96           0.005568954 
    2: 1111001000000011011101001001001100000101... 98           0.0055715863
    3: 1111011000010011001001001001001100000101... 100          0.0055820106
    4: 1111001000000011011001001001101100000101... 96           0.0055876753
    5: 1111001000000011111001001001101100000101... 97           0.0055962932
    6: 1111001000001011001001001001001100000101... 96           0.0056022472
    7: 1111001001101111011000001101001101000001... 95           0.0056063693
    8: 1111001000000011011001001001101100000101... 97           0.005609741 
    9: 1111001001001011011001001101001100000101... 98           0.005612575 

Pickling Hall of Fame to: genetic_alg_settings_evolve_halloffame.pkl
Begin 10 of 20 repetitions
Begin 20 generations
gen	nevals	avg       	std        	min     	max       
0  	0     	0.00581369	0.000156623	0.005618	0.00612783
1  	10    	0.00594416	0.000190545	0.0056875	0.00628218
2  	10    	0.00594205	0.000141013	0.0056868	0.00614038
3  	10    	0.00585203	0.000131095	0.00555812	0.00601216
4  	10    	0.00598359	0.000147648	0.00575801	0.00635885
5  	10    	0.00595131	0.000191343	0.00570959	0.00630689
6  	10    	0.00591796	0.000400653	0.00566125	0.00707692
7  	10    	0.00590624	0.000174393	0.00565765	0.0061706 
8  	10    	0.00587631	0.000165029	0.00572646	0.00630031
9  	10    	0.00585876	0.000176142	0.00567283	0.00624697
10 	10    	0.00624478	0.000569489	0.00575203	0.00745889
11 	10    	0.00586977	0.000114527	0.00571178	0.00608069
12 	10    	0.00581381	6.71305e-05	0.00572632	0.00598156
13 	10    	0.00609003	0.000401123	0.00574848	0.00715551
14 	10    	0.00599493	0.000184174	0.00580652	0.00642138
15 	10    	0.00604471	0.000460135	0.00574231	0.00738456
16 	10    	0.00583334	6.58628e-05	0.00574244	0.0059302 
17 	10    	0.00589443	0.000175945	0.0056321 	0.00627361
18 	10    	0.00597784	0.0004643  	0.00562618	0.00728809
19 	10    	0.00578164	9.22258e-05	0.00563217	0.00597237
20 	10    	0.00584486	0.000140487	0.00567841	0.00612219
Runtime: 6.316723857999023 (s)


Final population:
Index: Selected                                    #Selected    CV          
----------------------------------------------------------------------------------------------------
    0: 1111001000000011001001001000001100010100... 100          0.0057670068
    1: 1111001000000011101001001001001100010100... 98           0.0059673376
    2: 1111001000000011001001001001001100010100... 99           0.0056784116
    3: 1111001000000011001001001001001100010100... 100          0.0056989566
    4: 1111001000000011001001001001001100010000... 97           0.0058301262
    5: 1111001000000011001001001001001100010100... 99           0.0056805928
    6: 1111001000000011001001001001010100010100... 100          0.005877276 
    7: 1111001000000011001001001001011100000101... 100          0.0061221929
    8: 1111001000100011001000001001001100110100... 100          0.0059932374
    9: 1111001000000001001001001001001100010100... 97           0.0058334996

Pickling population to: genetic_alg_settings_population_end.pkl

Hall of Fame:
Index: Selected                                    #Selected    CV          
----------------------------------------------------------------------------------------------------
    0: 1111001001001111010000001000101110011101... 98           0.0055380715
    1: 1111001000000011001001001001001100010101... 97           0.0055581222
    2: 1111001000001011001001001001001100000101... 96           0.005568954 
    3: 1111001000000011011101001001001100000101... 98           0.0055715863
    4: 1111011000010011001001001001001100000101... 100          0.0055820106
    5: 1111001000000011011001001001101100000101... 96           0.0055876753
    6: 1111001000000011111001001001101100000101... 97           0.0055962932
    7: 1111001000001011001001001001001100000101... 96           0.0056022472
    8: 1111001001101111011000001101001101000001... 95           0.0056063693
    9: 1111001000000011011001001001101100000101... 97           0.005609741 

Pickling Hall of Fame to: genetic_alg_settings_evolve_halloffame.pkl
Begin 11 of 20 repetitions
Begin 20 generations
gen	nevals	avg       	std        	min       	max       
0  	0     	0.00584486	0.000140487	0.00567841	0.00612219
1  	10    	0.00582702	7.86346e-05	0.00571668	0.0059673 
2  	10    	0.00582032	6.99372e-05	0.00572369	0.005937  
3  	10    	0.00587326	0.000168942	0.00563649	0.00625402
4  	10    	0.00601714	0.000482851	0.00568245	0.00735905
5  	10    	0.00586995	0.000180221	0.00570273	0.00633412
6  	10    	0.00602611	0.000511978	0.00567674	0.00742976
7  	10    	0.0059348 	0.000348647	0.0056633 	0.00691703
8  	10    	0.00582012	8.36847e-05	0.00570308	0.00596863
9  	10    	0.00580486	9.62494e-05	0.00571151	0.00605014
10 	10    	0.00583779	0.000102939	0.0057275 	0.00603025
11 	10    	0.00587316	0.00012019 	0.0057498 	0.00616362
12 	10    	0.00616143	0.000448862	0.00574652	0.00699643
13 	10    	0.00587003	0.000144883	0.00573107	0.00625427
14 	10    	0.00597166	0.000238073	0.00569448	0.00649652
15 	10    	0.00594153	0.000277984	0.00579317	0.00676678
16 	10    	0.00585294	0.000123641	0.005709  	0.00607318
17 	10    	0.00583577	0.000142673	0.0056507 	0.00610745
18 	10    	0.00583244	0.000198318	0.0056495 	0.00633822
19 	10    	0.00575468	0.000116123	0.00560779	0.00598085
20 	10    	0.0059075 	0.000292102	0.00559863	0.00672758
Runtime: 6.449595371999749 (s)


Final population:
Index: Selected                                    #Selected    CV          
----------------------------------------------------------------------------------------------------
    0: 1111001000010011001011101101111100010100... 99           0.0055986319
    1: 1111001100010011001001001100111100010100... 100          0.0058849863
    2: 1111001000010011001001101101111100010100... 100          0.0059933388
    3: 1111001000010011001001101101111100010100... 100          0.0058026439
    4: 1111001000010011001001101101111100010100... 99           0.0058959485
    5: 1111001000010011001001101101111100010000... 97           0.0058794535
    6: 1111001000010001001000101101111100010100... 100          0.006727583 
    7: 1111001000010011001001101101111100010100... 96           0.0057882388
    8: 1111001000010011001001101101111100010100... 98           0.0057134873
    9: 1111001000010011001001101101011101010100... 99           0.0057906879

Pickling population to: genetic_alg_settings_population_end.pkl

Hall of Fame:
Index: Selected                                    #Selected    CV          
----------------------------------------------------------------------------------------------------
    0: 1111001001001111010000001000101110011101... 98           0.0055380715
    1: 1111001000000011001001001001001100010101... 97           0.0055581222
    2: 1111001000001011001001001001001100000101... 96           0.005568954 
    3: 1111001000000011011101001001001100000101... 98           0.0055715863
    4: 1111011000010011001001001001001100000101... 100          0.0055820106
    5: 1111001000000011011001001001101100000101... 96           0.0055876753
    6: 1111001000000011111001001001101100000101... 97           0.0055962932
    7: 1111001000010011001011101101111100010100... 99           0.0055986319
    8: 1111001000001011001001001001001100000101... 96           0.0056022472
    9: 1111001001101111011000001101001101000001... 95           0.0056063693

Pickling Hall of Fame to: genetic_alg_settings_evolve_halloffame.pkl
Begin 12 of 20 repetitions
Begin 20 generations
gen	nevals	avg      	std        	min       	max       
0  	0     	0.0059075	0.000292102	0.00559863	0.00672758
1  	10    	0.00575747	0.000172288	0.0056554 	0.0062637 
2  	10    	0.00576886	0.000179388	0.00554265	0.00622475
3  	10    	0.00576346	0.000151923	0.00557979	0.00616914
4  	10    	0.00575383	0.000105167	0.0056058 	0.00601469
5  	10    	0.00590783	0.000426699	0.00567385	0.00715146
6  	10    	0.00584266	0.000111841	0.00564929	0.00601205
7  	10    	0.00599856	0.000328883	0.0056431 	0.00683717
8  	10    	0.00579264	0.000189258	0.00560779	0.00618216
9  	10    	0.00582434	0.000117907	0.00565432	0.00601885
10 	10    	0.00588354	0.000207944	0.00566872	0.00633209
11 	10    	0.005838  	0.000152221	0.00564685	0.00612898
12 	10    	0.00582008	0.000106988	0.00568711	0.00596649
13 	10    	0.00582458	0.000146281	0.00565907	0.0061467 
14 	10    	0.00576485	0.000160083	0.0056039 	0.00618906
15 	10    	0.00576232	9.70248e-05	0.00561178	0.0058872 
16 	10    	0.00579967	0.000228982	0.00561688	0.00640799
17 	10    	0.00577251	0.000100725	0.00564175	0.00595934
18 	10    	0.00609083	0.000518317	0.00559837	0.00735104
19 	10    	0.00592789	0.000193669	0.0057079 	0.00636934
20 	10    	0.00583308	0.00020509 	0.00565226	0.00629594
Runtime: 6.435588492000534 (s)


Final population:
Index: Selected                                    #Selected    CV          
----------------------------------------------------------------------------------------------------
    0: 1111001000011010001001101100111100010100... 99           0.0057069564
    1: 1111001000011010001001101100111100010100... 97           0.0057570807
    2: 1111001001011010001001101100111100010100... 100          0.0061644905
    3: 1111001000011010001001101100111100010100... 99           0.0056522559
    4: 1111001000010111001001001100111101010100... 100          0.00575855  
    5: 1111001000010111001001001100111100010100... 100          0.0057384003
    6: 1111001000011010001001101100111100010100... 99           0.0057692442
    7: 1111001000011010001001101100111100010100... 100          0.0058059506
    8: 1111001000011010001001101100111100010100... 100          0.0056819627
    9: 1111001000011010001001101100111100010100... 96           0.0062959417

Pickling population to: genetic_alg_settings_population_end.pkl

Hall of Fame:
Index: Selected                                    #Selected    CV          
----------------------------------------------------------------------------------------------------
    0: 1111001001001111010000001000101110011101... 98           0.0055380715
    1: 1111001000010111001001101000111100010100... 99           0.005542651 
    2: 1111001000000011001001001001001100010101... 97           0.0055581222
    3: 1111001000001011001001001001001100000101... 96           0.005568954 
    4: 1111001000000011011101001001001100000101... 98           0.0055715863
    5: 1111001010010010001011001101111100010100... 99           0.0055797899
    6: 1111011000010011001001001001001100000101... 100          0.0055820106
    7: 1111001000000011011001001001101100000101... 96           0.0055876753
    8: 1111001000000011111001001001101100000101... 97           0.0055962932
    9: 1111001000011010001001101100111100010100... 99           0.0055983741

Pickling Hall of Fame to: genetic_alg_settings_evolve_halloffame.pkl
Begin 13 of 20 repetitions
Begin 20 generations
gen	nevals	avg       	std       	min       	max       
0  	0     	0.00583308	0.00020509	0.00565226	0.00629594
1  	10    	0.00584646	0.000114097	0.00568657	0.00601967
2  	10    	0.00585464	0.000187945	0.00568354	0.00628186
3  	10    	0.00600972	0.000379165	0.00574591	0.00698169
4  	10    	0.00594078	0.000181814	0.00578087	0.00644839
5  	10    	0.00588736	9.32353e-05	0.00576344	0.006015  
6  	10    	0.00597587	7.95585e-05	0.00587867	0.00613057
7  	10    	0.00597723	0.000306427	0.00565373	0.00684634
8  	10    	0.00596995	0.00033173 	0.00567448	0.00687765
9  	10    	0.00599048	0.000276375	0.00574485	0.00672846
10 	10    	0.00587865	7.06226e-05	0.00574814	0.00600306
11 	10    	0.00587769	7.48007e-05	0.00573615	0.00600362
12 	10    	0.00591296	0.000115148	0.00570357	0.00611336
13 	10    	0.00618609	0.000492853	0.00584437	0.00748044
14 	10    	0.00593982	0.00012905 	0.00578314	0.0061489 
15 	10    	0.00601468	0.000307952	0.00571966	0.00681866
16 	10    	0.00594934	0.00021577 	0.00568144	0.00644262
17 	10    	0.00586809	6.30979e-05	0.00578476	0.00599086
18 	10    	0.005902  	0.000259063	0.00567228	0.00662634
19 	10    	0.00582848	0.000112263	0.00563029	0.0060041 
20 	10    	0.00585363	9.24352e-05	0.00573862	0.00603735
Runtime: 6.294602472000406 (s)


Final population:
Index: Selected                                    #Selected    CV          
----------------------------------------------------------------------------------------------------
    0: 1111000010110010011001001100101100010100... 100          0.005860183 
    1: 1111000000110010011001001100101100110100... 96           0.0057570984
    2: 1111000010110010011001001100101100010100... 100          0.0058566727
    3: 1111000010111010011001001100101100010100... 95           0.0060373536
    4: 1111100000110010011001001100101100010100... 100          0.0057529548
    5: 1111000000110010011001001100101100110100... 100          0.0059697741
    6: 1111000000110010011001001100101100010100... 100          0.0058868529
    7: 1111000000110010011001001100101100010100... 99           0.0058825073
    8: 1111100000110010011001001100101100010110... 100          0.0057942421
    9: 1111100000110010011001001100101100110100... 99           0.005738616 

Pickling population to: genetic_alg_settings_population_end.pkl

Hall of Fame:
Index: Selected                                    #Selected    CV          
----------------------------------------------------------------------------------------------------
    0: 1111001001001111010000001000101110011101... 98           0.0055380715
    1: 1111001000010111001001101000111100010100... 99           0.005542651 
    2: 1111001000000011001001001001001100010101... 97           0.0055581222
    3: 1111001000001011001001001001001100000101... 96           0.005568954 
    4: 1111001000000011011101001001001100000101... 98           0.0055715863
    5: 1111001010010010001011001101111100010100... 99           0.0055797899
    6: 1111011000010011001001001001001100000101... 100          0.0055820106
    7: 1111001000000011011001001001101100000101... 96           0.0055876753
    8: 1111001000000011111001001001101100000101... 97           0.0055962932
    9: 1111001000011010001001101100111100010100... 99           0.0055983741

Pickling Hall of Fame to: genetic_alg_settings_evolve_halloffame.pkl
Begin 14 of 20 repetitions
Begin 20 generations
gen	nevals	avg       	std        	min       	max       
0  	0     	0.00585363	9.24352e-05	0.00573862	0.00603735
1  	10    	0.00579933	4.57506e-05	0.0057359 	0.00586879
2  	10    	0.00579865	0.000178821	0.00562032	0.00630089
3  	10    	0.00585067	0.000125449	0.00566027	0.00604949
4  	10    	0.00576905	7.76729e-05	0.00560569	0.0058846 
5  	10    	0.00587377	0.000113054	0.0056862 	0.00609891
6  	10    	0.0059733 	0.00030125 	0.00576741	0.00684595
7  	10    	0.00603384	0.00037603 	0.00566586	0.00709399
8  	10    	0.00601702	0.00015498 	0.0057695 	0.00630786
9  	10    	0.00590464	0.000172939	0.00557357	0.00615202
10 	10    	0.00597255	0.000396655	0.00565483	0.00711076
11 	10    	0.0057558 	0.000132959	0.00553023	0.00598145
12 	10    	0.00571371	0.00011097 	0.00558003	0.00591222
13 	10    	0.00574078	0.000100868	0.00559976	0.00593019
14 	10    	0.00577563	0.000116196	0.00558302	0.00592846
15 	10    	0.00575618	0.00010358 	0.00560912	0.00592194
16 	10    	0.00569757	6.00294e-05	0.00561173	0.00578494
17 	10    	0.00573609	7.15194e-05	0.00564519	0.00588949
18 	10    	0.00576672	0.000123656	0.00555226	0.00599519
19 	10    	0.00578623	0.00011896 	0.00562718	0.00598045
20 	10    	0.005798  	0.000209329	0.00548452	0.00628205
Runtime: 7.208224951999 (s)


Final population:
Index: Selected                                    #Selected    CV          
----------------------------------------------------------------------------------------------------
    0: 1111100000010010000000001101110100011110... 92           0.0056853156
    1: 1111100000110010000000001101111100011100... 100          0.0059140542
    2: 1111100000100010000000001101111100011110... 99           0.005663304 
    3: 1111100000110010000000001101111000011110... 100          0.0062820466
    4: 1111100000110010000000001111110100011100... 100          0.0059807536
    5: 1111100000010010010000001101111100011110... 100          0.005773969 
    6: 1111100000110010000000011101110100010110... 100          0.0057810834
    7: 1111100000010010000000001101111100011100... 100          0.0054845206
    8: 1111100000110010000000001101110100010110... 100          0.0056344913
    9: 1111100000010010000000001001111100011100... 100          0.0057804155

Pickling population to: genetic_alg_settings_population_end.pkl

Hall of Fame:
Index: Selected                                    #Selected    CV          
----------------------------------------------------------------------------------------------------
    0: 1111100000010010000000001101111100011100... 100          0.0054845206
    1: 1111100000110010000000001101111100010100... 98           0.0055302341
    2: 1111001001001111010000001000101110011101... 98           0.0055380715
    3: 1111001000010111001001101000111100010100... 99           0.005542651 
    4: 1111100000110010000000001101111100010100... 100          0.005552256 
    5: 1111001000000011001001001001001100010101... 97           0.0055581222
    6: 1111001000001011001001001001001100000101... 96           0.005568954 
    7: 1111001000000011011101001001001100000101... 98           0.0055715863
    8: 1111100000110010000000001101111100000100... 97           0.005573573 
    9: 1111001010010010001011001101111100010100... 99           0.0055797899

Pickling Hall of Fame to: genetic_alg_settings_evolve_halloffame.pkl
Begin 15 of 20 repetitions
Begin 20 generations
gen	nevals	avg     	std        	min       	max       
0  	0     	0.005798	0.000209329	0.00548452	0.00628205
1  	10    	0.00584211	0.000267982	0.00550815	0.00654046
2  	10    	0.00569379	0.000152788	0.00556577	0.00609804
3  	10    	0.00577854	0.000154044	0.00563287	0.0061044 
4  	10    	0.00569186	0.000111462	0.00557051	0.00592101
5  	10    	0.00576947	0.000327406	0.00553757	0.00669596
6  	10    	0.00573722	0.000160751	0.00556197	0.00607164
7  	10    	0.00571859	9.72465e-05	0.00561692	0.00593458
8  	10    	0.00575804	0.000108325	0.00562286	0.00593   
9  	10    	0.0056966 	7.87164e-05	0.00554711	0.00578499
10 	10    	0.00586327	0.000327264	0.00555552	0.00667316
11 	10    	0.00569208	5.16664e-05	0.0055959 	0.0057684 
12 	10    	0.00570419	0.000111274	0.00546658	0.0058382 
13 	10    	0.00576134	0.000275062	0.00548322	0.00652209
14 	10    	0.00580693	0.000493934	0.00535229	0.00683354
15 	10    	0.00571065	0.000224397	0.00546914	0.00623574
16 	10    	0.00569918	0.000377245	0.00541722	0.00677919
17 	10    	0.0056056 	0.000242477	0.00542234	0.00630232
18 	10    	0.0055834 	0.000169495	0.00544131	0.00596189
19 	10    	0.00570008	0.000375881	0.00543036	0.00676978
20 	10    	0.00551569	8.55014e-05	0.0053678 	0.00564786
Runtime: 7.690626626001176 (s)


Final population:
Index: Selected                                    #Selected    CV          
----------------------------------------------------------------------------------------------------
    0: 1111100000110001000000001111100100011010... 95           0.0055832773
    1: 1111101000110001000000001111100100011010... 98           0.0056478557
    2: 1111101000110010000000001111100100011010... 100          0.0053677953
    3: 1111100000110010000000001111100100011010... 97           0.0054804349
    4: 1111101000110001000000001111100100011010... 100          0.0055284967
    5: 1111100000110010000000001111110100011010... 96           0.0054667691
    6: 1111101000110001000000001111100100011010... 99           0.0056361542
    7: 1111100000110011000000001111100100011010... 93           0.0055394149
    8: 1111100000110011000000001111100100011010... 100          0.0054176428
    9: 1111100000110001000000001111100100011010... 91           0.0054890772

Pickling population to: genetic_alg_settings_population_end.pkl

Hall of Fame:
Index: Selected                                    #Selected    CV          
----------------------------------------------------------------------------------------------------
    0: 1111101000110011000000001111100100011100... 100          0.005352292 
    1: 1111101000110010000000001111100100011010... 100          0.0053677953
    2: 1111101000111011000000001111100100111100... 96           0.0054172172
    3: 1111100000110011000000001111100100011010... 100          0.0054176428
    4: 1111101000110010000000001111100100011010... 98           0.0054221956
    5: 1111100000110011000000001111100100011010... 97           0.0054223411
    6: 1111100000110011000000001111100100011010... 99           0.0054303632
    7: 1111101000110110000000001111100100011000... 98           0.0054413065
    8: 1111101000110010000000001111100100011010... 100          0.0054440554
    9: 1111100000110011000000001111100100011010... 94           0.0054445961

Pickling Hall of Fame to: genetic_alg_settings_evolve_halloffame.pkl
Begin 16 of 20 repetitions
Begin 20 generations
gen	nevals	avg       	std        	min      	max       
0  	0     	0.00551569	8.55014e-05	0.0053678	0.00564786
1  	10    	0.00564425	0.00016803 	0.00545196	0.00597638
2  	10    	0.00554419	9.1655e-05 	0.00530099	0.00563162
3  	10    	0.00564539	0.000184281	0.00549256	0.00613268
4  	10    	0.00571822	0.000314098	0.00548049	0.00657189
5  	10    	0.00561473	8.28972e-05	0.00550033	0.00578449
6  	10    	0.00568909	0.0002284  	0.00544211	0.00625064
7  	10    	0.00598683	0.000542062	0.00547252	0.00722748
8  	10    	0.0056738 	0.000148857	0.00548906	0.00596316
9  	10    	0.00571868	0.000243734	0.00551488	0.00638524
10 	10    	0.00574794	0.000426012	0.00544888	0.00695237
11 	10    	0.0055993 	0.000162024	0.00536344	0.00602635
12 	10    	0.00570465	0.000284379	0.00534921	0.00642285
13 	10    	0.00569105	0.000229544	0.00543541	0.00611337
14 	10    	0.00558406	0.000119545	0.0053891 	0.00577439
15 	10    	0.00573406	0.000312432	0.00547438	0.00656307
16 	10    	0.00559963	0.000158661	0.00540546	0.00589691
17 	10    	0.00564959	0.000132989	0.00538842	0.00586812
18 	10    	0.00557123	0.000110467	0.00539406	0.00579108
19 	10    	0.00567952	0.000178091	0.00546211	0.00603566
20 	10    	0.00561781	0.000154759	0.00538253	0.00594989
Runtime: 6.509443694998481 (s)


Final population:
Index: Selected                                    #Selected    CV          
----------------------------------------------------------------------------------------------------
    0: 1111001000111011000000001011100100101010... 99           0.0053825293
    1: 1111001000111011100000001011100100011010... 100          0.0055697604
    2: 1111001000111011000000001011100111001010... 98           0.005707488 
    3: 1111001000101010000100000011100110001010... 100          0.00594989  
    4: 1111001000111011000000001011100100001010... 99           0.0057196995
    5: 1111001000111011000000001011100100001010... 99           0.0055054255
    6: 1111001000111010000000001011100101001010... 98           0.0054528792
    7: 1111001000111011000000001011100100001010... 98           0.0055989321
    8: 1111001000111011000000000011100101001010... 100          0.0055703164
    9: 1111001000111010000000001011100100001010... 98           0.0057212119

Pickling population to: genetic_alg_settings_population_end.pkl

Hall of Fame:
Index: Selected                                    #Selected    CV          
----------------------------------------------------------------------------------------------------
    0: 1111100000110010000000001111100100011010... 100          0.0053009884
    1: 1111100000111010000010001111100100000010... 97           0.0053492105
    2: 1111101000110011000000001111100100011100... 100          0.005352292 
    3: 1111100000111010000001001111100100001010... 100          0.0053634429
    4: 1111101000110010000000001111100100011010... 100          0.0053677953
    5: 1111001000111011000000001011100100101010... 99           0.0053825293
    6: 1111101000111011000000001111100100001010... 100          0.005388422 
    7: 1111101000111010000000001111100101001010... 100          0.0053890991
    8: 1111101000111011000000001011100100001010... 98           0.0053940585
    9: 1111101000111011000000001111100100001010... 100          0.0053986186

Pickling Hall of Fame to: genetic_alg_settings_evolve_halloffame.pkl
Begin 17 of 20 repetitions
Begin 20 generations
gen	nevals	avg       	std        	min       	max       
0  	0     	0.00561781	0.000154759	0.00538253	0.00594989
1  	10    	0.00570955	0.000117081	0.0055672 	0.00591616
2  	10    	0.00582625	0.000242775	0.00554771	0.00640817
3  	10    	0.00570091	0.000102385	0.00552495	0.00588852
4  	10    	0.00565925	7.81232e-05	0.00554998	0.00585433
5  	10    	0.00569984	0.000104012	0.00556772	0.00595768
6  	10    	0.00569156	8.87329e-05	0.00555175	0.00587382
7  	10    	0.00574433	0.000134844	0.00557688	0.00611341
8  	10    	0.00579346	0.000314266	0.00557819	0.00671578
9  	10    	0.00572069	0.00016536 	0.00556067	0.00617162
10 	10    	0.00576103	0.000106673	0.00563501	0.00603813
11 	10    	0.00576103	6.96936e-05	0.00569342	0.00588872
12 	10    	0.005815  	9.39733e-05	0.00565942	0.00595762
13 	10    	0.00596163	0.000285639	0.0056708 	0.00664639
14 	10    	0.00573914	9.74594e-05	0.00557346	0.00587086
15 	10    	0.00579089	0.00014317 	0.00558564	0.00604115
16 	10    	0.00589635	0.000450771	0.005546  	0.00708108
17 	10    	0.00564303	9.16441e-05	0.00551937	0.00577709
18 	10    	0.00564664	7.24092e-05	0.00549273	0.00575094
19 	10    	0.0056536 	7.19786e-05	0.00552863	0.00576597
20 	10    	0.00566282	8.59587e-05	0.0055335 	0.00578464
Runtime: 6.2908449829992605 (s)


Final population:
Index: Selected                                    #Selected    CV          
----------------------------------------------------------------------------------------------------
    0: 1111101000010101010000001011100101001000... 99           0.0057543163
    1: 1111100000010001000000001010101101001000... 97           0.0056675751
    2: 1111101000010101000000001111100101001000... 96           0.0055827637
    3: 1111100000010011010000001010100100001000... 95           0.0056836942
    4: 1111101000010111000000001110100100001000... 100          0.0055334974
    5: 1111000000010111000000001111100100001000... 97           0.0056730688
    6: 1111101000010111000000001110100110001000... 98           0.0056107926
    7: 1111101000010111000000001110100101001000... 98           0.005778914 
    8: 1111101000010101000000001010100101001000... 98           0.005784642 
    9: 1111101000010111000000001110101101001000... 96           0.0055589193

Pickling population to: genetic_alg_settings_population_end.pkl

Hall of Fame:
Index: Selected                                    #Selected    CV          
----------------------------------------------------------------------------------------------------
    0: 1111100000110010000000001111100100011010... 100          0.0053009884
    1: 1111100000111010000010001111100100000010... 97           0.0053492105
    2: 1111101000110011000000001111100100011100... 100          0.005352292 
    3: 1111100000111010000001001111100100001010... 100          0.0053634429
    4: 1111101000110010000000001111100100011010... 100          0.0053677953
    5: 1111001000111011000000001011100100101010... 99           0.0053825293
    6: 1111101000111011000000001111100100001010... 100          0.005388422 
    7: 1111101000111010000000001111100101001010... 100          0.0053890991
    8: 1111101000111011000000001011100100001010... 98           0.0053940585
    9: 1111101000111011000000001111100100001010... 100          0.0053986186

Pickling Hall of Fame to: genetic_alg_settings_evolve_halloffame.pkl
Begin 18 of 20 repetitions
Begin 20 generations
gen	nevals	avg       	std        	min      	max       
0  	0     	0.00566282	8.59587e-05	0.0055335	0.00578464
1  	10    	0.00576587	0.000205158	0.00556051	0.00631415
2  	10    	0.0056917 	0.000100958	0.00558203	0.00589912
3  	10    	0.0056357 	3.57313e-05	0.0055773 	0.00568621
4  	10    	0.00572202	7.59597e-05	0.00562997	0.00587864
5  	10    	0.00573885	0.000109996	0.00553895	0.0059626 
6  	10    	0.00575207	0.000185868	0.00556186	0.00623842
7  	10    	0.00571611	7.5271e-05 	0.0056043 	0.00584529
8  	10    	0.00578501	0.000189605	0.00556169	0.00622147
9  	10    	0.00573821	0.000147217	0.00557597	0.00604056
10 	10    	0.0057019 	0.000206499	0.00550146	0.00613732
11 	10    	0.0056974 	0.000158691	0.00553573	0.00609316
12 	10    	0.00588961	0.000427403	0.00550004	0.00670475
13 	10    	0.00571442	0.000129621	0.00560233	0.00604586
14 	10    	0.00572713	0.000188292	0.00557674	0.00626131
15 	10    	0.00589059	0.000535422	0.00555167	0.00743606
16 	10    	0.0056603 	9.35893e-05	0.00550435	0.00575005
17 	10    	0.00571746	0.000392134	0.00545736	0.00684546
18 	10    	0.0056887 	0.000167719	0.00544994	0.00600445
19 	10    	0.00564488	0.000157224	0.00540414	0.00593593
20 	10    	0.00559175	8.37935e-05	0.00543975	0.0057202 
Runtime: 7.080305146002502 (s)


Final population:
Index: Selected                                    #Selected    CV          
----------------------------------------------------------------------------------------------------
    0: 1111010000010111100010001011100100101010... 100          0.0054845822
    1: 1111010000010111100010001011100101101010... 100          0.0054397531
    2: 1111010000010111000010001111100100011010... 97           0.0055355675
    3: 1111010000010111000010001111100100101010... 99           0.0056322268
    4: 1111010000000111000010001111100100011010... 99           0.0056569137
    5: 1111010000010111000000001111100100001010... 98           0.0056119029
    6: 1111010000010111100010001111100100011010... 98           0.0056440005
    7: 1111010000010111000010001111100100011010... 97           0.0055373938
    8: 1111010000010110000010001111100100011010... 100          0.0056549501
    9: 1111010010000111000000001111100110001010... 94           0.0057201992

Pickling population to: genetic_alg_settings_population_end.pkl

Hall of Fame:
Index: Selected                                    #Selected    CV          
----------------------------------------------------------------------------------------------------
    0: 1111100000110010000000001111100100011010... 100          0.0053009884
    1: 1111100000111010000010001111100100000010... 97           0.0053492105
    2: 1111101000110011000000001111100100011100... 100          0.005352292 
    3: 1111100000111010000001001111100100001010... 100          0.0053634429
    4: 1111101000110010000000001111100100011010... 100          0.0053677953
    5: 1111001000111011000000001011100100101010... 99           0.0053825293
    6: 1111101000111011000000001111100100001010... 100          0.005388422 
    7: 1111101000111010000000001111100101001010... 100          0.0053890991
    8: 1111101000111011000000001011100100001010... 98           0.0053940585
    9: 1111101000111011000000001111100100001010... 100          0.0053986186

Pickling Hall of Fame to: genetic_alg_settings_evolve_halloffame.pkl
Begin 19 of 20 repetitions
Begin 20 generations
gen	nevals	avg       	std        	min       	max      
0  	0     	0.00559175	8.37935e-05	0.00543975	0.0057202
1  	10    	0.005665  	0.000336049	0.00540989	0.0066335
2  	10    	0.00571397	0.000352125	0.00545018	0.00672181
3  	10    	0.0057328 	0.000381287	0.005495  	0.00684203
4  	10    	0.00559243	0.000135972	0.00545733	0.00594718
5  	10    	0.00574453	0.000337991	0.00543847	0.00661205
6  	10    	0.00559881	6.7644e-05 	0.00548912	0.00571613
7  	10    	0.00577497	0.000370191	0.00542058	0.00676436
8  	10    	0.00576584	0.000268904	0.0055404 	0.00650962
9  	10    	0.00561994	0.000106223	0.00544166	0.00587989
10 	10    	0.00564532	0.00013862 	0.00543176	0.00584267
11 	10    	0.00558402	8.0174e-05 	0.00541141	0.00568163
12 	10    	0.0059616 	0.000818464	0.00549993	0.00838554
13 	10    	0.0056349 	9.78567e-05	0.00553123	0.00586233
14 	10    	0.00586518	0.000510473	0.00541314	0.00697537
15 	10    	0.00565343	0.000104718	0.00556883	0.00594631
16 	10    	0.00564573	5.17471e-05	0.00557378	0.00576102
17 	10    	0.00582234	0.000268005	0.00561028	0.00658178
18 	10    	0.00578528	0.00011814 	0.00562179	0.0059541 
19 	10    	0.0057531 	0.000185669	0.00553893	0.00622226
20 	10    	0.00574611	0.000277678	0.00547402	0.00652483
Runtime: 7.023816320997867 (s)


Final population:
Index: Selected                                    #Selected    CV          
----------------------------------------------------------------------------------------------------
    0: 1111010000000011011010001011100100111000... 99           0.0055902362
    1: 1111010000010111010010101011100100111000... 99           0.0057522497
    2: 1111010000110110010000001011100100110010... 93           0.0057649004
    3: 1111010000001111010010101011100100111010... 100          0.0056362967
    4: 1111010000010111010010001011100100111000... 98           0.0056610355
    5: 1110010100010111010010001011100100111010... 100          0.0065248311
    6: 1111010000111111010010001011100100111010... 98           0.0054740166
    7: 1111010000010111010000001011100100111010... 98           0.0056531303
    8: 1111010000010111010010001011100100111010... 99           0.0055715806
    9: 1111010000010111010010101011100100111010... 99           0.0058328343

Pickling population to: genetic_alg_settings_population_end.pkl

Hall of Fame:
Index: Selected                                    #Selected    CV          
----------------------------------------------------------------------------------------------------
    0: 1111100000110010000000001111100100011010... 100          0.0053009884
    1: 1111100000111010000010001111100100000010... 97           0.0053492105
    2: 1111101000110011000000001111100100011100... 100          0.005352292 
    3: 1111100000111010000001001111100100001010... 100          0.0053634429
    4: 1111101000110010000000001111100100011010... 100          0.0053677953
    5: 1111001000111011000000001011100100101010... 99           0.0053825293
    6: 1111101000111011000000001111100100001010... 100          0.005388422 
    7: 1111101000111010000000001111100101001010... 100          0.0053890991
    8: 1111101000111011000000001011100100001010... 98           0.0053940585
    9: 1111101000111011000000001111100100001010... 100          0.0053986186

Pickling Hall of Fame to: genetic_alg_settings_evolve_halloffame.pkl
Begin 20 of 20 repetitions
Begin 20 generations
gen	nevals	avg       	std        	min       	max       
0  	0     	0.00574611	0.000277678	0.00547402	0.00652483
1  	10    	0.00565716	9.03211e-05	0.00550801	0.00580452
2  	10    	0.00566849	0.00011089 	0.00552822	0.00586833
3  	10    	0.00575822	0.000216984	0.00557598	0.00619463
4  	10    	0.00568899	7.55595e-05	0.00558085	0.00581722
5  	10    	0.00569382	0.000131837	0.00546568	0.00590097
6  	10    	0.00568002	0.000153189	0.00549854	0.00603938
7  	10    	0.00570348	0.000170769	0.00551566	0.00613064
8  	10    	0.00561513	7.28124e-05	0.00548499	0.00574081
9  	10    	0.00564723	0.000127229	0.00542364	0.00580957
10 	10    	0.00560491	0.000124982	0.00546233	0.00584668
11 	10    	0.0056575 	0.000222182	0.00543945	0.00621859
12 	10    	0.00571082	0.000351805	0.00542896	0.00673038
13 	10    	0.0058127 	0.000368297	0.00552619	0.0066319 
14 	10    	0.0056226 	0.000142311	0.00545331	0.00588682
15 	10    	0.0055949 	6.80826e-05	0.00549972	0.00572943
16 	10    	0.00560352	6.71412e-05	0.00553235	0.00573464
17 	10    	0.00561831	5.65794e-05	0.00550634	0.00572918
18 	10    	0.00565516	0.000200896	0.00541019	0.00621041
19 	10    	0.00564506	0.000125592	0.00547414	0.00591437
20 	10    	0.00565147	0.000156692	0.00545507	0.00596443
Runtime: 7.045834217999072 (s)


Final population:
Index: Selected                                    #Selected    CV          
----------------------------------------------------------------------------------------------------
    0: 1111010000010111010010011101100100111010... 95           0.0059644346
    1: 1111010000010111010010011111100101101010... 100          0.0056836006
    2: 1111010000010111010010011011100101111010... 98           0.0054550689
    3: 1111010010010111010010011111100100111010... 97           0.0056276102
    4: 1111010000010111010010011111100101111010... 97           0.0055704491
    5: 1111010000010111010010111111100100101010... 97           0.0056690782
    6: 1111010000010111010010011111100101111010... 94           0.005467747 
    7: 1111010000010111010010011011100100101010... 97           0.0058951899
    8: 1111010000010111010010011111100100101010... 97           0.0055914136
    9: 1111010000010111010010011111100101111010... 99           0.0055900858

Pickling population to: genetic_alg_settings_population_end.pkl

Hall of Fame:
Index: Selected                                    #Selected    CV          
----------------------------------------------------------------------------------------------------
    0: 1111100000110010000000001111100100011010... 100          0.0053009884
    1: 1111100000111010000010001111100100000010... 97           0.0053492105
    2: 1111101000110011000000001111100100011100... 100          0.005352292 
    3: 1111100000111010000001001111100100001010... 100          0.0053634429
    4: 1111101000110010000000001111100100011010... 100          0.0053677953
    5: 1111001000111011000000001011100100101010... 99           0.0053825293
    6: 1111101000111011000000001111100100001010... 100          0.005388422 
    7: 1111101000111010000000001111100101001010... 100          0.0053890991
    8: 1111101000111011000000001011100100001010... 98           0.0053940585
    9: 1111101000111011000000001111100100001010... 100          0.0053986186

Pickling Hall of Fame to: genetic_alg_settings_evolve_halloffame.pkl
#   DONE  Runtime: 128.8022390719998 (s)

Adding statistics...
  DONE

Result:
Index: Selected                                    #Selected    CV           RMS          wRMS         Estimator                FeatureSelection         Note
--------------------------------------------------------------------------------------------------------------------------------------------------------------------
    0: 1111100000110010000000001111100100011010... 100          0.0053009884 0.0043981268 0.0044636337 LinearRegression         GeneticAlgorithm         
    1: 1111100000111010000010001111100100000010... 97           0.0053492105 0.0044856237 0.0045483733 LinearRegression         GeneticAlgorithm         
    2: 1111101000110011000000001111100100011100... 100          0.005352292  0.0043848215 0.0044491917 LinearRegression         GeneticAlgorithm         
    3: 1111100000111010000001001111100100001010... 100          0.0053634429 0.0043909506 0.0044516954 LinearRegression         GeneticAlgorithm         
    4: 1111101000110010000000001111100100011010... 100          0.0053677953 0.0044123737 0.0044813948 LinearRegression         GeneticAlgorithm         
    5: 1111001000111011000000001011100100101010... 99           0.0053825293 0.0044859853 0.0045502892 LinearRegression         GeneticAlgorithm         
    6: 1111101000111011000000001111100100001010... 100          0.005388422  0.0043840077 0.0044634765 LinearRegression         GeneticAlgorithm         
    7: 1111101000111010000000001111100101001010... 100          0.0053890991 0.0043958541 0.004463703  LinearRegression         GeneticAlgorithm         
    8: 1111101000111011000000001011100100001010... 98           0.0053940585 0.0044517978 0.0045251324 LinearRegression         GeneticAlgorithm         
    9: 1111101000111011000000001111100100001010... 100          0.0053986186 0.0043656284 0.0044308459 LinearRegression         GeneticAlgorithm         

Pickling Hall of Fame to: genetic_alg_settings_halloffame.pkl
