Loading genetic_alg_settings.json
# Hall of Fame size: 10 

# Get problem data...
# wHullDist: Will calculate hull distance: hull_dist(CALCULATED,atom_frac)
# Query requested: ['formation_energy', 'is_calculated', 'corr', 'hull_dist(CALCULATED,atom_frac)']
# Use existing: []
# Querying: ['formation_energy', 'is_calculated', 'corr', 'hull_dist(CALCULATED,atom_frac)']
#   DONE

# Target: formation_energy
# Training samples: 627
# Features: 253 

# Weighting:
{
  "method": "wHullDist",
  "kwargs": {
    "A": 2.0,
    "B": 1.0,
    "kT": 0.1,
    "hull_selection": "CALCULATED"
  }
}

# CV:
{
  "method": "KFold",
  "kwargs": {
    "n_splits": 10,
    "shuffle": true
  },
  "penalty": 0.0
} 

# Writing problem specs to: genetic_alg_settings_specs.pkl
# To inspect or customize the problem specs further, use the '--checkspecs' method

# Estimator:
{
  "method": "LinearRegression",
  "kwargs": {
    "fit_intercept": false
  }
} 

# Feature Selection:
{
  "method": "GeneticAlgorithm",
  "kwargs": {
    "constraints_kwargs": {
      "n_features_max": 100,
      "n_features_min": 3,
      "fix_off": [],
      "fix_on": [
        0,
        1,
        2
      ]
    },
    "selTournamentSize": 3,
    "mutFlipBitProb": 0.01,
    "evolve_params_kwargs": {
      "n_generation": 20,
      "n_repetition": 20,
      "n_features_init": 3,
      "n_population": 10,
      "n_halloffame": 10,
      "halloffame_filename": "evolve_halloffame.pkl",
      "filename_prefix": "genetic_alg_settings"
    },
    "cxUniformProb": 0.5
  }
} 

# Fit and select...
Constructing initial population
Begin 1 of 20 repetitions
Begin 20 generations
gen	nevals	avg     	std        	min     	max      
0  	10    	0.019509	0.000746661	0.018005	0.0208201
1  	10    	0.0185774	0.000859853	0.0167967	0.0202745
2  	10    	0.0170894	0.00086362 	0.0154166	0.0182288
3  	10    	0.0161874	0.000673384	0.0149833	0.0172453
4  	10    	0.0154628	0.000820628	0.0145439	0.0172907
5  	10    	0.0149228	0.000527409	0.0140867	0.0157491
6  	10    	0.0141367	0.000465363	0.013473 	0.0151345
7  	10    	0.0138696	0.000379442	0.0134029	0.0146765
8  	10    	0.0131748	0.000640441	0.0116121	0.014028 
9  	10    	0.0128289	0.000655429	0.0117528	0.0137384
10 	10    	0.0122361	0.00108021 	0.0105587	0.0136596
11 	10    	0.0114396	0.00100036 	0.0102007	0.0131452
12 	10    	0.0103813	0.000318808	0.00972629	0.0108105
13 	10    	0.010351 	0.000725293	0.00892571	0.0120271
14 	10    	0.00962229	0.000597213	0.00837491	0.0103309
15 	10    	0.00902815	0.00070944 	0.00832064	0.0104038
16 	10    	0.00846612	0.000253745	0.00807694	0.00899259
17 	10    	0.00828663	0.000298167	0.00783896	0.0086652 
18 	10    	0.00812374	0.000293923	0.00769763	0.00876337
19 	10    	0.00789175	0.00023394 	0.00743693	0.00838942
20 	10    	0.00780087	0.000304116	0.0074713 	0.00852233
Runtime: 2.8744263520020468 (s)


Final population:
Index: Selected                                    #Selected    CV          
----------------------------------------------------------------------------------------------------
    0: 1110001110000000110000011110001100001000... 53           0.0085223284
    1: 1110001110000000110000011010001100001000... 62           0.0074946299
    2: 1110001110010000110000011010001100001000... 55           0.0078784856
    3: 1110001110000000111000011010001100001000... 54           0.0077655201
    4: 1110001110000000111000011010101100001000... 55           0.0078002768
    5: 1110001110000000110000011010001100001000... 61           0.0074712975
    6: 1110001110000000111000011010001100001100... 56           0.0078070326
    7: 1110001110000000110000011010001100001000... 60           0.0076786262
    8: 1110001110010000110000011010001100001001... 62           0.0074955558
    9: 1110000110010000110000011010001101001000... 57           0.0080949568

Pickling population to: genetic_alg_settings_population_end.pkl

Hall of Fame:
Index: Selected                                    #Selected    CV          
----------------------------------------------------------------------------------------------------
    0: 1110001110000000110000011010001100001000... 58           0.0074369257
    1: 1110001110000000110000011010001100001000... 61           0.0074712975
    2: 1110001110000000110000011010001100001000... 62           0.0074946299
    3: 1110001110010000110000011010001100001001... 62           0.0074955558
    4: 1110001110000000110000011010001100001000... 60           0.0076786262
    5: 1110001110000000110000011010001100001000... 54           0.0076976315
    6: 1110001110000000110000011010001100001000... 56           0.0077420464
    7: 1110001110000000111000011010001100001000... 55           0.0077497802
    8: 1110001110000000111000011010001100001000... 54           0.0077655201
    9: 1110001110010000110000011010001100001000... 53           0.0077738165

Pickling Hall of Fame to: genetic_alg_settings_evolve_halloffame.pkl
Begin 2 of 20 repetitions
Begin 20 generations
gen	nevals	avg       	std        	min      	max       
0  	0     	0.00780087	0.000304116	0.0074713	0.00852233
1  	10    	0.00762142	0.000192709	0.00721814	0.00785937
2  	10    	0.00762651	0.000170614	0.00737384	0.00806497
3  	10    	0.00756778	0.000219617	0.00725976	0.00806442
4  	10    	0.00750516	0.000299861	0.00708526	0.00828459
5  	10    	0.00733996	0.000172855	0.00686571	0.00749146
6  	10    	0.00724454	0.00034829 	0.00667351	0.00784068
7  	10    	0.00699843	0.00037057 	0.00638551	0.00772797
8  	10    	0.00662493	0.000247857	0.00628834	0.00699844
9  	10    	0.00657367	0.000332794	0.0062793 	0.00751868
10 	10    	0.00636043	8.52296e-05	0.00625955	0.00653251
11 	10    	0.00629203	0.000147293	0.00603841	0.00653022
12 	10    	0.00628277	0.000142349	0.0060637 	0.00658314
13 	10    	0.00616692	9.18524e-05	0.00598406	0.00633567
14 	10    	0.00619917	0.00017804 	0.00588097	0.00656197
15 	10    	0.00616027	0.000114161	0.00590507	0.00635772
16 	10    	0.00603292	9.79089e-05	0.00591058	0.00624333
17 	10    	0.0060071 	8.11404e-05	0.00585713	0.00610093
18 	10    	0.00601238	0.000116151	0.00588914	0.0062245 
19 	10    	0.00599253	0.000126589	0.00578268	0.00623554
20 	10    	0.00594653	7.4166e-05 	0.00579844	0.00610057
Runtime: 5.084520840999176 (s)


Final population:
Index: Selected                                    #Selected    CV          
----------------------------------------------------------------------------------------------------
    0: 1111101110010010110100011010101100001110... 97           0.0058850188
    1: 1111101110010010110110001010101100001110... 100          0.0061005674
    2: 1111001110110010100100011010101100001110... 100          0.0059451332
    3: 1111101110010010110101011010101100000110... 98           0.0059602608
    4: 1111001111010010110100011010101100000110... 98           0.0057984404
    5: 1111101110010010110101011010001100000110... 98           0.0059864599
    6: 1111001110010010110101011010101100000110... 96           0.0059543473
    7: 1111001110010010110101011010101100000110... 95           0.0058995871
    8: 1111001110010010110100011010101100001110... 99           0.0059502021
    9: 1111101110010010110100011010101100001110... 100          0.005985274 

Pickling population to: genetic_alg_settings_population_end.pkl

Hall of Fame:
Index: Selected                                    #Selected    CV          
----------------------------------------------------------------------------------------------------
    0: 1111101110010010110100011010101100001110... 100          0.0057826763
    1: 1111001111010010110100011010101100000110... 98           0.0057984404
    2: 1111101110010010110100011010101100001110... 100          0.0058571265
    3: 1111001110010000110100011011001100001110... 96           0.0058693365
    4: 1111001110010000110100011010001100001110... 92           0.0058809724
    5: 1111001110010010110101011010101100000110... 96           0.0058825998
    6: 1111101110010010110100011010101100001110... 97           0.0058850188
    7: 1111101110010010110100011010101100001110... 100          0.0058853334
    8: 1111101110010010110100011010101100001110... 100          0.0058891384
    9: 1111001110010010110101011010101100000110... 95           0.0058995871

Pickling Hall of Fame to: genetic_alg_settings_evolve_halloffame.pkl
Begin 3 of 20 repetitions
Begin 20 generations
gen	nevals	avg       	std       	min       	max       
0  	0     	0.00594653	7.4166e-05	0.00579844	0.00610057
1  	10    	0.00592042	0.000135137	0.0056848 	0.00614135
2  	10    	0.00589591	0.000102533	0.00582691	0.00619066
3  	10    	0.00595751	0.000137698	0.0057413 	0.0062451 
4  	10    	0.00608659	0.000453494	0.00578906	0.00742006
5  	10    	0.00596657	0.000293893	0.0056055 	0.00672241
6  	10    	0.0058985 	0.000319521	0.00562273	0.006701  
7  	10    	0.00588149	0.000340432	0.00563716	0.00681153
8  	10    	0.00585298	0.000157629	0.00567593	0.00618088
9  	10    	0.00580099	0.000164167	0.00566898	0.00625912
10 	10    	0.00577087	9.7048e-05 	0.00560991	0.00592028
11 	10    	0.00577202	0.000132212	0.00550478	0.00597777
12 	10    	0.00575795	0.000193138	0.0055383 	0.00620529
13 	10    	0.00574946	0.00028887 	0.00556611	0.00659295
14 	10    	0.00567535	6.65729e-05	0.00555491	0.0057704 
15 	10    	0.00566816	8.52073e-05	0.00556914	0.00586105
16 	10    	0.00607502	0.000335862	0.00559783	0.00651553
17 	10    	0.00614252	0.000482327	0.00567452	0.00733899
18 	10    	0.00581144	0.000192094	0.00559501	0.00625918
19 	10    	0.00589793	0.00044448 	0.00547859	0.00684411
20 	10    	0.00566029	9.42893e-05	0.00551976	0.00583356
Runtime: 5.768608274000144 (s)


Final population:
Index: Selected                                    #Selected    CV          
----------------------------------------------------------------------------------------------------
    0: 1111001111010010010001011110101110001110... 94           0.0057799406
    1: 1111001111010010000101011110101101001110... 100          0.0057094276
    2: 1111001111110010010001011110101100001110... 100          0.005586723 
    3: 1111001111110010110001011110101100011110... 100          0.0057376059
    4: 1111001111010010010001011110101110001110... 99           0.005611177 
    5: 1111001111010010010001011110101110001110... 98           0.0055968199
    6: 1111001111110010010001111110101100001110... 100          0.0056258354
    7: 1111001111110010010001011110101100001110... 100          0.0055197614
    8: 1111001011110010010001011110101100001110... 99           0.0058335587
    9: 1111001111010010010001011010101110001110... 100          0.0056020994

Pickling population to: genetic_alg_settings_population_end.pkl

Hall of Fame:
Index: Selected                                    #Selected    CV          
----------------------------------------------------------------------------------------------------
    0: 1111001111110010010001011110101100001110... 100          0.0054785939
    1: 1111001111010010010001011110101100001110... 99           0.0055047779
    2: 1111001111110010010001011110101100001110... 100          0.0055197614
    3: 1111001111010010010001011110101100001110... 100          0.005538299 
    4: 1111001111010010010000011110101100001110... 99           0.0055549101
    5: 1111001111010010010001011110101100001110... 98           0.0055639167
    6: 1111001111010010010001011110101100001110... 100          0.0055661091
    7: 1111001111110010010000011110101100001110... 100          0.0055691443
    8: 1111001111010010010001011110101100001110... 100          0.0055712697
    9: 1111001111010010010000011110101100001110... 99           0.0055834966

Pickling Hall of Fame to: genetic_alg_settings_evolve_halloffame.pkl
Begin 4 of 20 repetitions
Begin 20 generations
gen	nevals	avg       	std        	min       	max       
0  	0     	0.00566029	9.42893e-05	0.00551976	0.00583356
1  	10    	0.00574992	0.00020386 	0.00556766	0.00613188
2  	10    	0.00576044	0.000173678	0.00558659	0.00612296
3  	10    	0.00581222	0.000200155	0.00557575	0.00625716
4  	10    	0.005811  	0.000353298	0.00555554	0.00674005
5  	10    	0.0056524 	9.26441e-05	0.00551631	0.00581166
6  	10    	0.00570815	0.000169621	0.00558975	0.00619025
7  	10    	0.00576496	0.000309681	0.00553399	0.00665877
8  	10    	0.00572192	0.000122659	0.00554724	0.00590775
9  	10    	0.0058522 	0.00028858 	0.00563596	0.006689  
10 	10    	0.0059965 	0.000748087	0.00558149	0.00820821
11 	10    	0.0058678 	0.000274964	0.0056356 	0.00658882
12 	10    	0.00573916	6.56602e-05	0.00566833	0.0058994 
13 	10    	0.00601666	0.000479057	0.0056409 	0.00732293
14 	10    	0.0059025 	0.000435636	0.00566479	0.00715384
15 	10    	0.00574401	0.000140022	0.00557131	0.00599989
16 	10    	0.00567159	0.000137047	0.00546412	0.00594061
17 	10    	0.00590586	0.000463924	0.00553001	0.0071542 
18 	10    	0.00575194	0.000319182	0.00553103	0.00666987
19 	10    	0.00577164	0.000238182	0.00543842	0.00619077
20 	10    	0.00570029	0.000164866	0.00552668	0.00603433
Runtime: 5.742356247999851 (s)


Final population:
Index: Selected                                    #Selected    CV          
----------------------------------------------------------------------------------------------------
    0: 1111011011010010010001011010111100001110... 100          0.0057047673
    1: 1111011111010010010001011010111100001110... 100          0.0055266838
    2: 1111001111010010011001001000101100001110... 99           0.0058644134
    3: 1111001101010010110001001010111100001110... 100          0.0058963488
    4: 1111001111010010010001001010111100101110... 94           0.0056113114
    5: 1111001111010010010001001010111100101110... 91           0.0055628635
    6: 1111001011010010010001001010111100101110... 99           0.0060343273
    7: 1111001111010010011001001010101100001110... 96           0.005534334 
    8: 1111001111010010010001011010111100101110... 94           0.0056617392
    9: 1111001111010010010001001010111100001110... 98           0.0056061485

Pickling population to: genetic_alg_settings_population_end.pkl

Hall of Fame:
Index: Selected                                    #Selected    CV          
----------------------------------------------------------------------------------------------------
    0: 1111001111010010010001001010111100101110... 92           0.0054384204
    1: 1111001111010010010001011010111101001110... 100          0.0054641187
    2: 1111001111110010010001011110101100001110... 100          0.0054785939
    3: 1111001111010010010001011110101100001110... 99           0.0055047779
    4: 1111001111010010010001011010101100001110... 94           0.0055163112
    5: 1111001111110010010001011110101100001110... 100          0.0055197614
    6: 1111011111010010010001011010111100001110... 100          0.0055210283
    7: 1111011111010010010001011010111100001110... 100          0.0055266838
    8: 1111001111010010011001001010111101001110... 100          0.0055300087
    9: 1111001111010010010001001010111100001110... 97           0.0055310322

Pickling Hall of Fame to: genetic_alg_settings_evolve_halloffame.pkl
Begin 5 of 20 repetitions
Begin 20 generations
gen	nevals	avg       	std        	min       	max       
0  	0     	0.00570029	0.000164866	0.00552668	0.00603433
1  	10    	0.00564508	0.000149524	0.00546844	0.0059761 
2  	10    	0.00576093	0.000485001	0.00547176	0.00720027
3  	10    	0.00560796	0.000114025	0.00547817	0.00581525
4  	10    	0.00562256	0.00016499 	0.00550874	0.00608931
5  	10    	0.00557663	7.43048e-05	0.0054465 	0.00568093
6  	10    	0.0056608 	0.000163421	0.00550592	0.00606877
7  	10    	0.00572053	0.000268335	0.00556342	0.00650822
8  	10    	0.00572   	0.000215126	0.00548802	0.00619832
9  	10    	0.00555019	0.000141761	0.00543001	0.005904  
10 	10    	0.00561381	0.000228143	0.00545139	0.00625514
11 	10    	0.00556731	0.000124642	0.0054063 	0.00585691
12 	10    	0.00556128	0.000152072	0.00540674	0.00591647
13 	10    	0.00566335	0.000156566	0.00551609	0.00601313
14 	10    	0.00562839	0.000143436	0.00541352	0.00587013
15 	10    	0.00561196	0.000144433	0.00548546	0.00592196
16 	10    	0.00559862	6.39236e-05	0.00552018	0.00570581
17 	10    	0.00558683	5.37162e-05	0.00551171	0.00570002
18 	10    	0.0057846 	0.000306063	0.00555021	0.00657785
19 	10    	0.00578915	0.000310467	0.00551368	0.00660961
20 	10    	0.00576636	0.000297124	0.00551705	0.00636744
Runtime: 5.754059089002112 (s)


Final population:
Index: Selected                                    #Selected    CV          
----------------------------------------------------------------------------------------------------
    0: 1111000101011010110001001011111100000000... 98           0.0055170527
    1: 1111001111011010110001001011111100000100... 100          0.0056416669
    2: 1111000111011010110001001011111100000100... 99           0.0057324792
    3: 1111000111011010110001001011111100000101... 100          0.0055384752
    4: 1111000111011010110001001011111100000100... 99           0.0062899666
    5: 1111000111011010110001001011111100000100... 98           0.0055451013
    6: 1111000111011010110001001001111100000100... 100          0.0057019648
    7: 1111000111011010110001001011111100000100... 99           0.0055184102
    8: 1111000101011010111001001010111100010100... 100          0.0063674418
    9: 1111000101011110111001001010111100000100... 100          0.0058110774

Pickling population to: genetic_alg_settings_population_end.pkl

Hall of Fame:
Index: Selected                                    #Selected    CV          
----------------------------------------------------------------------------------------------------
    0: 1111001111011010111001001010111100000110... 100          0.0054062954
    1: 1111001111011010011001001010111100000110... 100          0.0054067428
    2: 1111001101011010110001001011111100000100... 97           0.0054135215
    3: 1111001111010010011001101010111100000110... 100          0.005430015 
    4: 1111001111010010011001101010111100001010... 97           0.005431393 
    5: 1111001111011010111001001011111110000101... 100          0.0054331737
    6: 1111001111010010010001001010111100101110... 92           0.0054384204
    7: 1111001101011010110001001011111100000110... 99           0.0054457154
    8: 1111001111010010011000001010111100001110... 99           0.0054465039
    9: 1111001111011010111001001010111100000111... 100          0.0054513937

Pickling Hall of Fame to: genetic_alg_settings_evolve_halloffame.pkl
Begin 6 of 20 repetitions
Begin 20 generations
gen	nevals	avg       	std        	min       	max       
0  	0     	0.00576636	0.000297124	0.00551705	0.00636744
1  	10    	0.00556706	9.65172e-05	0.00545123	0.00572353
2  	10    	0.00563559	0.00013864 	0.0054012 	0.00588574
3  	10    	0.00566725	0.000193666	0.00548828	0.00607186
4  	10    	0.0057037 	0.000166916	0.00550286	0.00615355
5  	10    	0.00568286	0.00018221 	0.00550397	0.00610278
6  	10    	0.005855  	0.000341454	0.00557316	0.00653091
7  	10    	0.00577745	0.000139855	0.00564277	0.00606586
8  	10    	0.00577023	0.000196672	0.00552553	0.00624441
9  	10    	0.00577594	0.000177154	0.00548839	0.0062176 
10 	10    	0.00592902	0.000379463	0.00555322	0.00691113
11 	10    	0.00576364	0.000209197	0.00560855	0.00635361
12 	10    	0.00579425	0.000339155	0.00547473	0.0065476 
13 	10    	0.00561441	9.85884e-05	0.00545815	0.00580105
14 	10    	0.00561577	8.89591e-05	0.00542904	0.0057554 
15 	10    	0.00563331	8.71904e-05	0.00552149	0.00580251
16 	10    	0.00576862	0.000312874	0.00547617	0.00642403
17 	10    	0.00589095	0.000562443	0.00546502	0.00733748
18 	10    	0.00558869	9.42279e-05	0.00548212	0.00574153
19 	10    	0.005708  	0.00026032 	0.00548449	0.00631861
20 	10    	0.00560115	8.47512e-05	0.00544462	0.00578505
Runtime: 5.76117574899763 (s)


Final population:
Index: Selected                                    #Selected    CV          
----------------------------------------------------------------------------------------------------
    0: 1111000111010010110001111011101100000010... 94           0.0056725114
    1: 1111000111010010110001101011101100000010... 91           0.005584809 
    2: 1111000111010010110001101011101100000010... 94           0.0055675768
    3: 1111000111010010110001001011101100001010... 96           0.0054446151
    4: 1111000111010010110001001011101110001010... 100          0.0055685123
    5: 1111000111011010110001101001101100000010... 93           0.0057850507
    6: 1111000111010010110001001011101100001010... 98           0.0055369571
    7: 1111000111010010110001001011101100011000... 97           0.0055950965
    8: 1111000111010010110001101011101100000110... 90           0.0056411302
    9: 1111000111010010110001101011101100000010... 95           0.0056152002

Pickling population to: genetic_alg_settings_population_end.pkl

Hall of Fame:
Index: Selected                                    #Selected    CV          
----------------------------------------------------------------------------------------------------
    0: 1111001111011010110001001011111100000001... 100          0.0054012031
    1: 1111001111011010111001001010111100000110... 100          0.0054062954
    2: 1111001111011010011001001010111100000110... 100          0.0054067428
    3: 1111001101011010110001001011111100000100... 97           0.0054135215
    4: 1111000111010010110001101011101100000010... 92           0.0054290444
    5: 1111001111010010011001101010111100000110... 100          0.005430015 
    6: 1111001111010010011001101010111100001010... 97           0.005431393 
    7: 1111001111011010111001001011111110000101... 100          0.0054331737
    8: 1111001111010010010001001010111100101110... 92           0.0054384204
    9: 1111000111010010110001001011101100001010... 96           0.0054446151

Pickling Hall of Fame to: genetic_alg_settings_evolve_halloffame.pkl
Begin 7 of 20 repetitions
Begin 20 generations
gen	nevals	avg       	std        	min       	max       
0  	0     	0.00560115	8.47512e-05	0.00544462	0.00578505
1  	10    	0.00574622	0.000310264	0.00539739	0.00649717
2  	10    	0.00564467	0.000211824	0.00539281	0.0061095 
3  	10    	0.00572399	0.000391256	0.00542165	0.00677387
4  	10    	0.00563302	0.000143643	0.00548243	0.0059934 
5  	10    	0.00552157	0.000104412	0.00537473	0.00576876
6  	10    	0.00560924	0.000121889	0.00542807	0.00585386
7  	10    	0.00558601	0.000129948	0.0054613 	0.0059147 
8  	10    	0.00582896	0.000409717	0.00547946	0.00681078
9  	10    	0.00575134	0.000226065	0.00549091	0.00633607
10 	10    	0.0056406 	0.000106934	0.00552442	0.00586083
11 	10    	0.00568756	0.000194749	0.00551529	0.00621099
12 	10    	0.00577979	0.000197495	0.00555581	0.0061611 
13 	10    	0.00584212	0.00028641 	0.00550929	0.0063866 
14 	10    	0.00577541	0.000274779	0.00552062	0.00620751
15 	10    	0.00563654	0.000201195	0.00547606	0.00620011
16 	10    	0.00577549	0.000396644	0.00547249	0.0069208 
17 	10    	0.00574058	0.000329846	0.0054389 	0.0066711 
18 	10    	0.00567382	0.000238085	0.00544298	0.00627379
19 	10    	0.00559009	0.000111966	0.00548854	0.00589668
20 	10    	0.00588991	0.000430655	0.00551032	0.00685255
Runtime: 5.799119559000246 (s)


Final population:
Index: Selected                                    #Selected    CV          
----------------------------------------------------------------------------------------------------
    0: 1111000110010110110101001011101000001110... 100          0.0068525465
    1: 1111000111010010010101001011111100001110... 100          0.005600484 
    2: 1111000110010100110101001011101100001110... 97           0.0058561981
    3: 1111000111010010110001001011101100001100... 100          0.0055782435
    4: 1110000111010110010101001011111100001110... 97           0.0059216984
    5: 1111000111000110010101001011101100001110... 98           0.0056101672
    6: 1111000111010010010101001011101100001100... 100          0.0056874588
    7: 1111000111010110010001001110101100001100... 94           0.0055103191
    8: 1111000111010010010101000011101100000110... 100          0.006562588 
    9: 1111000110011110110101001011101100001110... 93           0.0057193488

Pickling population to: genetic_alg_settings_population_end.pkl

Hall of Fame:
Index: Selected                                    #Selected    CV          
----------------------------------------------------------------------------------------------------
    0: 1111000111010010110001001011101100001110... 99           0.0053747251
    1: 1111000111010010110001001011101100001110... 97           0.0053928114
    2: 1111000111010010110001001011101100001110... 100          0.0053973948
    3: 1111001111011010110001001011111100000001... 100          0.0054012031
    4: 1111001111011010111001001010111100000110... 100          0.0054062954
    5: 1111001111011010011001001010111100000110... 100          0.0054067428
    6: 1111001101011010110001001011111100000100... 97           0.0054135215
    7: 1111000101010010110001001011100100001110... 97           0.005418399 
    8: 1111000111010010110001001011101100001110... 100          0.0054216459
    9: 1111000101010010110001001011101100001110... 98           0.005421784 

Pickling Hall of Fame to: genetic_alg_settings_evolve_halloffame.pkl
Begin 8 of 20 repetitions
Begin 20 generations
gen	nevals	avg       	std        	min       	max       
0  	0     	0.00588991	0.000430655	0.00551032	0.00685255
1  	10    	0.00569601	0.000295334	0.00545504	0.00654929
2  	10    	0.00561936	7.58037e-05	0.00552794	0.00575755
3  	10    	0.0058048 	0.000322849	0.00554282	0.00666568
4  	10    	0.00567766	0.000114822	0.00549091	0.0058912 
5  	10    	0.00567392	0.000159823	0.00548862	0.0059922 
6  	10    	0.00562277	0.000127283	0.00545456	0.00594145
7  	10    	0.00580784	0.000294627	0.00553365	0.00638525
8  	10    	0.00570591	0.000231523	0.00541289	0.00631337
9  	10    	0.00573273	0.000222611	0.00550639	0.00631164
10 	10    	0.00571673	0.000314032	0.0055161 	0.00664631
11 	10    	0.00576941	0.000271917	0.00548846	0.00647739
12 	10    	0.00562425	0.000166994	0.00546451	0.00597294
13 	10    	0.00562837	7.72956e-05	0.00552786	0.00573593
14 	10    	0.00566469	0.000192958	0.00550181	0.00603221
15 	10    	0.00561228	0.000186331	0.00550789	0.00614781
16 	10    	0.00566876	0.000206457	0.00547541	0.00613516
17 	10    	0.00571977	0.000195891	0.00542262	0.00612569
18 	10    	0.00584486	0.000350723	0.00552339	0.00660917
19 	10    	0.00557328	0.000136879	0.00546993	0.00594442
20 	10    	0.0055317 	7.30455e-05	0.00544515	0.00568325
Runtime: 5.786386392999702 (s)


Final population:
Index: Selected                                    #Selected    CV          
----------------------------------------------------------------------------------------------------
    0: 1111000101111110010000001111100100001110... 95           0.0054451544
    1: 1111000101011110000000001111100100001100... 96           0.0054803152
    2: 1111000111011011001000001111100100101100... 100          0.0055233266
    3: 1111000101111010010100001111100111000110... 100          0.0054938904
    4: 1111000101111110000000001111100100001110... 99           0.0056832509
    5: 1111000101011110010000001111100100001100... 95           0.0056494968
    6: 1111000111111010010000001111100100001100... 98           0.0055089422
    7: 1111000101111011010000001011100101100110... 100          0.0054844792
    8: 1111000111011110000000001111100101000110... 99           0.0055558533
    9: 1111000111111011010000001111100100101100... 97           0.0054923125

Pickling population to: genetic_alg_settings_population_end.pkl

Hall of Fame:
Index: Selected                                    #Selected    CV          
----------------------------------------------------------------------------------------------------
    0: 1111000111010010110001001011101100001110... 99           0.0053747251
    1: 1111000111010010110001001011101100001110... 97           0.0053928114
    2: 1111000111010010110001001011101100001110... 100          0.0053973948
    3: 1111001111011010110001001011111100000001... 100          0.0054012031
    4: 1111001111011010111001001010111100000110... 100          0.0054062954
    5: 1111001111011010011001001010111100000110... 100          0.0054067428
    6: 1111000111011110010000001111100100001100... 99           0.0054128867
    7: 1111001101011010110001001011111100000100... 97           0.0054135215
    8: 1111000101010010110001001011100100001110... 97           0.005418399 
    9: 1111000111010010110001001011101100001110... 100          0.0054216459

Pickling Hall of Fame to: genetic_alg_settings_evolve_halloffame.pkl
Begin 9 of 20 repetitions
Begin 20 generations
gen	nevals	avg      	std        	min       	max       
0  	0     	0.0055317	7.30455e-05	0.00544515	0.00568325
1  	10    	0.0056242	0.00013106 	0.00548073	0.00590461
2  	10    	0.00559116	0.000111466	0.00539276	0.00572901
3  	10    	0.00575395	0.000309584	0.00531448	0.00650995
4  	10    	0.00562314	0.000129154	0.00544402	0.00583663
5  	10    	0.00569204	0.00017066 	0.00547816	0.00611329
6  	10    	0.00568609	0.000162252	0.0054706 	0.00610174
7  	10    	0.00570349	0.000169488	0.00551445	0.00613518
8  	10    	0.0058756 	0.000281947	0.0055831 	0.00641231
9  	10    	0.00575982	0.000165898	0.00556129	0.00620785
10 	10    	0.00596052	0.000294872	0.00560163	0.00656156
11 	10    	0.00594075	0.000302886	0.00557885	0.00642534
12 	10    	0.00570788	0.000129019	0.00547921	0.00592253
13 	10    	0.00562825	0.000102219	0.00542134	0.00574963
14 	10    	0.00566376	0.000128953	0.00547572	0.00587794
15 	10    	0.0057234 	0.000155883	0.00553919	0.00612123
16 	10    	0.0057066 	0.000151582	0.00555185	0.00603032
17 	10    	0.00565338	0.000177307	0.00547242	0.00605426
18 	10    	0.00560822	8.45549e-05	0.00546702	0.00577329
19 	10    	0.00570188	0.000329613	0.00545342	0.00665718
20 	10    	0.00556058	4.25328e-05	0.00548742	0.005625  
Runtime: 5.749231431000226 (s)


Final population:
Index: Selected                                    #Selected    CV          
----------------------------------------------------------------------------------------------------
    0: 1111010111010010000000001011100100001110... 93           0.0054968773
    1: 1111010111010010001000001011100100001110... 96           0.0055695268
    2: 1111010111001110011000001011110100001110... 100          0.0056129395
    3: 1111010111011110010000001011110100001110... 100          0.0055548707
    4: 1111010111010110010000001011110100001110... 98           0.0055562444
    5: 1111010111011110110000001011110100001110... 100          0.0055510691
    6: 1111010111011110000000001011110100001110... 94           0.0054874197
    7: 1111110111010010010000001011100100001110... 100          0.0055993422
    8: 1111010111010010000000001011100100001110... 96           0.00555255  
    9: 1111010101010010000000001011100100001110... 94           0.0056249968

Pickling population to: genetic_alg_settings_population_end.pkl

Hall of Fame:
Index: Selected                                    #Selected    CV          
----------------------------------------------------------------------------------------------------
    0: 1111000111011110001000001111100110101110... 100          0.0053144778
    1: 1111000111010010110001001011101100001110... 99           0.0053747251
    2: 1111000111011110000000001111100100101110... 100          0.0053927642
    3: 1111000111010010110001001011101100001110... 97           0.0053928114
    4: 1111000111010010110001001011101100001110... 100          0.0053973948
    5: 1111001111011010110001001011111100000001... 100          0.0054012031
    6: 1111001111011010111001001010111100000110... 100          0.0054062954
    7: 1111001111011010011001001010111100000110... 100          0.0054067428
    8: 1111000111011110010000001111100100001100... 99           0.0054128867
    9: 1111001101011010110001001011111100000100... 97           0.0054135215

Pickling Hall of Fame to: genetic_alg_settings_evolve_halloffame.pkl
Begin 10 of 20 repetitions
Begin 20 generations
gen	nevals	avg       	std        	min       	max     
0  	0     	0.00556058	4.25328e-05	0.00548742	0.005625
1  	10    	0.00559466	4.92706e-05	0.00552836	0.00566434
2  	10    	0.00562298	0.000101105	0.00551223	0.00586054
3  	10    	0.00572039	0.000115369	0.00557772	0.00594258
4  	10    	0.00575833	0.000175832	0.00544508	0.00616481
5  	10    	0.00573511	0.000129953	0.00556022	0.00598603
6  	10    	0.00573622	0.000122384	0.00555081	0.00598182
7  	10    	0.00593792	0.000462426	0.00553999	0.00721388
8  	10    	0.00584726	0.000231531	0.00566069	0.00630741
9  	10    	0.00586271	0.00025592 	0.00556187	0.00637674
10 	10    	0.00575779	0.000195245	0.00549792	0.00620843
11 	10    	0.00571901	0.000140439	0.00552405	0.00601225
12 	10    	0.00579485	0.000173605	0.00547516	0.00605067
13 	10    	0.005815  	0.000143531	0.00559022	0.00602743
14 	10    	0.00577368	0.000132241	0.00564346	0.00604577
15 	10    	0.00570892	7.16204e-05	0.00560688	0.00582562
16 	10    	0.00577826	0.000270093	0.00553644	0.00654245
17 	10    	0.00573078	0.000127806	0.00549448	0.00592674
18 	10    	0.0057539 	0.00013319 	0.00558469	0.00605064
19 	10    	0.00564202	9.7524e-05 	0.00548716	0.00582161
20 	10    	0.00562353	6.03444e-05	0.00557953	0.00578043
Runtime: 5.770604063000064 (s)


Final population:
Index: Selected                                    #Selected    CV          
----------------------------------------------------------------------------------------------------
    0: 1111011111010110110110001010110100000110... 100          0.0056798842
    1: 1111011111010110110110001010110100000110... 100          0.0055814104
    2: 1111011111010110110100001010110100000110... 99           0.0056199494
    3: 1111011111010110010100001010010100010010... 97           0.0055841567
    4: 1111011111010110100100001010110100001010... 98           0.0055795322
    5: 1111010111010110110100001010110100010010... 96           0.0057804332
    6: 1111011111010110110100001010110100010010... 100          0.0055796251
    7: 1111011111010110110100001010111100010010... 99           0.0056047085
    8: 1111011111010110010101001010010100000110... 100          0.0056332557
    9: 1111011111010110110101001010110100010010... 100          0.0055923743

Pickling population to: genetic_alg_settings_population_end.pkl

Hall of Fame:
Index: Selected                                    #Selected    CV          
----------------------------------------------------------------------------------------------------
    0: 1111000111011110001000001111100110101110... 100          0.0053144778
    1: 1111000111010010110001001011101100001110... 99           0.0053747251
    2: 1111000111011110000000001111100100101110... 100          0.0053927642
    3: 1111000111010010110001001011101100001110... 97           0.0053928114
    4: 1111000111010010110001001011101100001110... 100          0.0053973948
    5: 1111001111011010110001001011111100000001... 100          0.0054012031
    6: 1111001111011010111001001010111100000110... 100          0.0054062954
    7: 1111001111011010011001001010111100000110... 100          0.0054067428
    8: 1111000111011110010000001111100100001100... 99           0.0054128867
    9: 1111001101011010110001001011111100000100... 97           0.0054135215

Pickling Hall of Fame to: genetic_alg_settings_evolve_halloffame.pkl
Begin 11 of 20 repetitions
Begin 20 generations
gen	nevals	avg       	std        	min       	max       
0  	0     	0.00562353	6.03444e-05	0.00557953	0.00578043
1  	10    	0.00575748	0.000279158	0.00546439	0.00645349
2  	10    	0.00562384	8.58129e-05	0.00552349	0.00580881
3  	10    	0.00567475	0.000143086	0.00552737	0.00607152
4  	10    	0.00576435	0.000221127	0.00552277	0.00617128
5  	10    	0.005621  	9.25972e-05	0.00550682	0.00585422
6  	10    	0.00565022	0.000218664	0.00549654	0.00628705
7  	10    	0.00572846	0.0003123  	0.00549739	0.00661709
8  	10    	0.00554588	9.11986e-05	0.00536456	0.00567978
9  	10    	0.00553041	9.58919e-05	0.00537108	0.00569921
10 	10    	0.00564129	0.000130548	0.00551115	0.00598596
11 	10    	0.0056449 	0.000246956	0.00542688	0.0062976 
12 	10    	0.00559441	8.52675e-05	0.00546862	0.00574245
13 	10    	0.00580465	0.000359843	0.00544143	0.00652877
14 	10    	0.00568568	0.000222138	0.00548923	0.0062708 
15 	10    	0.00564735	0.000132225	0.00550695	0.00591771
16 	10    	0.00577552	0.000246923	0.00553898	0.00632215
17 	10    	0.00567036	0.000203231	0.00548993	0.00623478
18 	10    	0.00564248	9.26957e-05	0.00549946	0.00584142
19 	10    	0.00560835	7.87059e-05	0.00549927	0.00576247
20 	10    	0.00567622	0.000102369	0.00550718	0.00591094
Runtime: 5.7684046540016425 (s)


Final population:
Index: Selected                                    #Selected    CV          
----------------------------------------------------------------------------------------------------
    0: 1111011111010111000100001010011100000010... 100          0.0056909923
    1: 1111111111010110000100001010000100010010... 100          0.0056703328
    2: 1111111111011110000100001010100100010010... 99           0.0056731645
    3: 1111111111011110000100001010100100000010... 98           0.0056322686
    4: 1111111111011110100100001010000100010010... 98           0.005747506 
    5: 1111110111010111000100001010101100010010... 100          0.0057158867
    6: 1111011111010110000100001010010100010010... 95           0.0056436203
    7: 1111011111010110000100001010110100010010... 94           0.0055071825
    8: 1111111011010111000100001010001100010010... 100          0.0059109366
    9: 1111111111000111000100001010001100000010... 100          0.0055703104

Pickling population to: genetic_alg_settings_population_end.pkl

Hall of Fame:
Index: Selected                                    #Selected    CV          
----------------------------------------------------------------------------------------------------
    0: 1111000111011110001000001111100110101110... 100          0.0053144778
    1: 1111011111011010000100001010110100010110... 100          0.0053645564
    2: 1111011111011010100100001010110100010110... 100          0.005371079 
    3: 1111000111010010110001001011101100001110... 99           0.0053747251
    4: 1111000111011110000000001111100100101110... 100          0.0053927642
    5: 1111000111010010110001001011101100001110... 97           0.0053928114
    6: 1111000111010010110001001011101100001110... 100          0.0053973948
    7: 1111001111011010110001001011111100000001... 100          0.0054012031
    8: 1111001111011010111001001010111100000110... 100          0.0054062954
    9: 1111001111011010011001001010111100000110... 100          0.0054067428

Pickling Hall of Fame to: genetic_alg_settings_evolve_halloffame.pkl
Begin 12 of 20 repetitions
Begin 20 generations
gen	nevals	avg       	std        	min       	max       
0  	0     	0.00567622	0.000102369	0.00550718	0.00591094
1  	10    	0.00567288	0.000136591	0.0055137 	0.00588287
2  	10    	0.00574945	0.000220549	0.00551943	0.00630809
3  	10    	0.00578094	0.000273298	0.00554529	0.00646029
4  	10    	0.00577064	8.23223e-05	0.00566184	0.00594032
5  	10    	0.00584055	0.000352223	0.00559213	0.00686762
6  	10    	0.00593349	0.000395189	0.00565418	0.00681336
7  	10    	0.00574966	0.000162099	0.00557025	0.00616593
8  	10    	0.00583691	0.000278407	0.00555209	0.00662364
9  	10    	0.00575372	0.000128782	0.00551507	0.00602179
10 	10    	0.00580228	0.000208311	0.00553439	0.00608314
11 	10    	0.00588714	0.000266016	0.00557844	0.0064184 
12 	10    	0.00567271	9.65661e-05	0.00553774	0.00586372
13 	10    	0.0057063 	9.23024e-05	0.00557196	0.00582802
14 	10    	0.0057216 	0.00028408 	0.00551586	0.00655288
15 	10    	0.00568137	0.000325237	0.00544864	0.00661527
16 	10    	0.00592531	0.0003215  	0.00561097	0.00658134
17 	10    	0.0057743 	0.000207826	0.00549657	0.00617601
18 	10    	0.0056581 	9.99589e-05	0.00550669	0.00581473
19 	10    	0.00575423	0.000310557	0.00543742	0.0065948 
20 	10    	0.00559345	9.01814e-05	0.00549448	0.00573497
Runtime: 5.749245300001348 (s)


Final population:
Index: Selected                                    #Selected    CV          
----------------------------------------------------------------------------------------------------
    0: 1111011111011110000100011010110100000010... 96           0.0057349695
    1: 1111011111010110000100001010110100010110... 96           0.0054944805
    2: 1111010111010110000100011010110100010110... 99           0.0056951829
    3: 1111011111010110000100011010110100000010... 95           0.0055656594
    4: 1111111111011110000100001010110100000010... 99           0.0056080882
    5: 1111111111011110000100001010110100000010... 99           0.0055585837
    6: 1111011111011110000100001010110100100010... 97           0.0055048602
    7: 1111011111011110000100001010100100100010... 99           0.0054980886
    8: 1111011111010110000100011010110100010111... 100          0.0057325861
    9: 1111011111110110000000011010110100010110... 100          0.0055419584

Pickling population to: genetic_alg_settings_population_end.pkl

Hall of Fame:
Index: Selected                                    #Selected    CV          
----------------------------------------------------------------------------------------------------
    0: 1111000111011110001000001111100110101110... 100          0.0053144778
    1: 1111011111011010000100001010110100010110... 100          0.0053645564
    2: 1111011111011010100100001010110100010110... 100          0.005371079 
    3: 1111000111010010110001001011101100001110... 99           0.0053747251
    4: 1111000111011110000000001111100100101110... 100          0.0053927642
    5: 1111000111010010110001001011101100001110... 97           0.0053928114
    6: 1111000111010010110001001011101100001110... 100          0.0053973948
    7: 1111001111011010110001001011111100000001... 100          0.0054012031
    8: 1111001111011010111001001010111100000110... 100          0.0054062954
    9: 1111001111011010011001001010111100000110... 100          0.0054067428

Pickling Hall of Fame to: genetic_alg_settings_evolve_halloffame.pkl
Begin 13 of 20 repetitions
Begin 20 generations
gen	nevals	avg       	std        	min       	max       
0  	0     	0.00559345	9.01814e-05	0.00549448	0.00573497
1  	10    	0.00571094	0.000328544	0.00544233	0.00653236
2  	10    	0.00568566	0.000280743	0.00538352	0.00630776
3  	10    	0.00553501	0.000111231	0.00537569	0.00574466
4  	10    	0.00558793	0.000147765	0.00537975	0.00596476
5  	10    	0.00568631	0.000411067	0.00540671	0.00688164
6  	10    	0.00552142	6.94354e-05	0.00542766	0.00566063
7  	10    	0.00555346	0.000101821	0.00535085	0.00576629
8  	10    	0.0056094 	0.000150976	0.00542717	0.00598109
9  	10    	0.00558336	9.53173e-05	0.00538823	0.00571415
10 	10    	0.00566148	0.000179279	0.00546665	0.00602806
11 	10    	0.00594896	0.000353009	0.0055018 	0.00652125
12 	10    	0.00571288	0.000156971	0.00552084	0.00604802
13 	10    	0.00586993	0.000739326	0.0054843 	0.00806425
14 	10    	0.0056818 	0.000169673	0.00552815	0.00605709
15 	10    	0.00566334	0.000158527	0.00546555	0.00598107
16 	10    	0.0055936 	0.0001026  	0.00545053	0.00581599
17 	10    	0.00553113	9.46455e-05	0.00533897	0.00568968
18 	10    	0.00554598	0.000135907	0.00537547	0.00580609
19 	10    	0.0056038 	0.000189799	0.00542939	0.00607908
20 	10    	0.00557591	0.000190652	0.00535771	0.00602763
Runtime: 5.75648798399925 (s)


Final population:
Index: Selected                                    #Selected    CV          
----------------------------------------------------------------------------------------------------
    0: 1111011111111010100100001010010100000010... 93           0.0056441252
    1: 1111011111011011100100001010010100010010... 96           0.0053895383
    2: 1111011111011011100100001010010100010110... 96           0.0053577129
    3: 1111011111011011100100001010000100010110... 97           0.0055832326
    4: 1111011111111011110100001011010100000010... 97           0.0055779486
    5: 1111011111011010100100001010010100010010... 96           0.0056384899
    6: 1110011111111011100100001010010100000010... 94           0.006027627 
    7: 1111011111011011100100001010010100010110... 95           0.0053995121
    8: 1111011111011110100100001110110100010010... 95           0.0054339109
    9: 1111011111011011100100001010010100010010... 95           0.0057069826

Pickling population to: genetic_alg_settings_population_end.pkl

Hall of Fame:
Index: Selected                                    #Selected    CV          
----------------------------------------------------------------------------------------------------
    0: 1111000111011110001000001111100110101110... 100          0.0053144778
    1: 1111011111011011100100001010010100010010... 95           0.0053389663
    2: 1111011111011110000101101011110100000110... 100          0.0053508493
    3: 1111011111011011100100001010010100010110... 96           0.0053577129
    4: 1111011111011010000100001010110100010110... 100          0.0053645564
    5: 1111011111011010100100001010110100010110... 100          0.005371079 
    6: 1111000111010010110001001011101100001110... 99           0.0053747251
    7: 1111011111011110100100001010110100010010... 100          0.0053754684
    8: 1111011111010110000100001010110100000110... 94           0.0053756943
    9: 1111011111010110000100101010110100000110... 95           0.0053797533

Pickling Hall of Fame to: genetic_alg_settings_evolve_halloffame.pkl
Begin 14 of 20 repetitions
Begin 20 generations
gen	nevals	avg       	std        	min       	max       
0  	0     	0.00557591	0.000190652	0.00535771	0.00602763
1  	10    	0.00555237	8.37614e-05	0.00538289	0.00566351
2  	10    	0.00550218	0.000122326	0.00530952	0.00578287
3  	10    	0.00543905	7.76379e-05	0.0053119 	0.00553674
4  	10    	0.00550104	8.39967e-05	0.00536164	0.00562791
5  	10    	0.00544028	6.4583e-05 	0.00535555	0.00555291
6  	10    	0.00545956	0.00010838 	0.00528988	0.00563281
7  	10    	0.00547142	8.20253e-05	0.00535021	0.00561622
8  	10    	0.00557857	0.000114347	0.00537028	0.00573576
9  	10    	0.00552004	7.8039e-05 	0.00540655	0.00562316
10 	10    	0.0055179 	9.64024e-05	0.00533737	0.00565735
11 	10    	0.0055061 	0.000103415	0.00538617	0.00574203
12 	10    	0.00546786	6.47538e-05	0.00537258	0.00555038
13 	10    	0.00551838	0.000213355	0.00536068	0.00613734
14 	10    	0.00563056	0.000240252	0.00534492	0.00621636
15 	10    	0.00551441	0.000182666	0.0053475 	0.00593972
16 	10    	0.00548392	0.000142254	0.00528171	0.00579712
17 	10    	0.00544991	7.84419e-05	0.00536326	0.00567236
18 	10    	0.00559427	0.000204926	0.00538531	0.00612613
19 	10    	0.00560446	0.000197615	0.0053237 	0.00608968
20 	10    	0.00558   	0.000107819	0.00546393	0.00582624
Runtime: 5.744923395999649 (s)


Final population:
Index: Selected                                    #Selected    CV          
----------------------------------------------------------------------------------------------------
    0: 1111111111011000100100001010110100010010... 95           0.005571674 
    1: 1111111111011010100100001010110101010000... 100          0.0056583905
    2: 1111101111011010100100001110100100010000... 97           0.005492958 
    3: 1111110111011010000100001010110100010010... 100          0.0058262406
    4: 1111101111011010100100001010100100010010... 99           0.0055112734
    5: 1111111111011010100100001010100100010000... 99           0.0055301416
    6: 1111101111011010100100001010100100010000... 99           0.0056021084
    7: 1111111111011010100100001010110100010010... 98           0.0056729323
    8: 1111111111011010100100001010100100010010... 95           0.0054703766
    9: 1111110111011010100100001010110100010010... 95           0.0054639264

Pickling population to: genetic_alg_settings_population_end.pkl

Hall of Fame:
Index: Selected                                    #Selected    CV          
----------------------------------------------------------------------------------------------------
    0: 1111111111011010100100001010110110011000... 96           0.0052817087
    1: 1111011111011010100100011010110100010010... 96           0.0052898825
    2: 1111011111011110100100001010110100010010... 94           0.0053095151
    3: 1111011111011110100100011010110100010010... 99           0.0053118979
    4: 1111000111011110001000001111100110101110... 100          0.0053144778
    5: 1111011111011010100100001010110100010010... 97           0.0053155687
    6: 1111101111011010100100001010100100010010... 98           0.0053237039
    7: 1111011111011110100100001010110100010010... 95           0.0053369987
    8: 1111011111011010110100011010110100010010... 96           0.0053373729
    9: 1111011111011011100100001010010100010010... 95           0.0053389663

Pickling Hall of Fame to: genetic_alg_settings_evolve_halloffame.pkl
Begin 15 of 20 repetitions
Begin 20 generations
gen	nevals	avg    	std        	min       	max       
0  	0     	0.00558	0.000107819	0.00546393	0.00582624
1  	10    	0.00553595	7.31622e-05	0.0054402 	0.00566073
2  	10    	0.00551879	0.000165429	0.00522986	0.00578233
3  	10    	0.0055246 	0.000155538	0.0053223 	0.00589901
4  	10    	0.00556625	0.000382636	0.00534615	0.0066889 
5  	10    	0.0054577 	0.00014497 	0.00531009	0.00574793
6  	10    	0.00542248	7.01499e-05	0.00531217	0.00552034
7  	10    	0.00541252	5.13993e-05	0.00533713	0.00550092
8  	10    	0.00539232	6.43429e-05	0.00525708	0.00547826
9  	10    	0.00548544	0.000102296	0.00534413	0.00567661
10 	10    	0.00540635	5.72457e-05	0.00532848	0.00552719
11 	10    	0.00548348	0.00017291 	0.00526633	0.00589961
12 	10    	0.00549655	0.000193762	0.00527411	0.00593385
13 	10    	0.00546792	0.000127851	0.00534232	0.0057958 
14 	10    	0.00557715	0.000320241	0.00531475	0.00647947
15 	10    	0.00552338	0.000143792	0.00532662	0.00577544
16 	10    	0.0054711 	0.000131661	0.0052904 	0.00569379
17 	10    	0.00548833	0.000165406	0.00532374	0.00594231
18 	10    	0.00541101	9.0242e-05 	0.00529062	0.00558867
19 	10    	0.00551854	0.000274995	0.00532767	0.0062976 
20 	10    	0.00566063	0.000371454	0.00533367	0.00663162
Runtime: 5.701986978001514 (s)


Final population:
Index: Selected                                    #Selected    CV          
----------------------------------------------------------------------------------------------------
    0: 1111111111011011001000001110110100010010... 100          0.0054220589
    1: 1111111111001011010101001010110100010010... 94           0.0056713411
    2: 1111111101011011111101001110110100010010... 100          0.005597702 
    3: 1111111111011011110101001110110100010010... 100          0.0053438931
    4: 1111111111011011010101000110010100010010... 98           0.0066316161
    5: 1111111111011011100100001110110100010010... 100          0.0055403664
    6: 1110111111011011100101001110110100010010... 98           0.0059070631
    7: 1111111111011011010101001110110100010010... 98           0.0053336742
    8: 1111111111011011110101001110110100010000... 100          0.0057797114
    9: 1111111111011011110100001110110100010010... 93           0.0053788822

Pickling population to: genetic_alg_settings_population_end.pkl

Hall of Fame:
Index: Selected                                    #Selected    CV          
----------------------------------------------------------------------------------------------------
    0: 1111110111011010100100001110110100010010... 95           0.0052298626
    1: 1111110111011010100100001110110100010010... 97           0.005257081 
    2: 1111111111011011100100001110110100010010... 94           0.0052663276
    3: 1111111111011011100100001110110100010010... 94           0.0052741141
    4: 1111111111011010100100001010110110011000... 96           0.0052817087
    5: 1111011111011010100100011010110100010010... 96           0.0052898825
    6: 1111111111011011010100001010110101010010... 97           0.0052904018
    7: 1111111111011011000101001110110100010010... 96           0.0052906197
    8: 1111111111011011110101001110110100010010... 100          0.0053049581
    9: 1111011111011110100100001010110100010010... 94           0.0053095151

Pickling Hall of Fame to: genetic_alg_settings_evolve_halloffame.pkl
Begin 16 of 20 repetitions
Begin 20 generations
gen	nevals	avg       	std        	min       	max       
0  	0     	0.00566063	0.000371454	0.00533367	0.00663162
1  	10    	0.00560077	0.000360933	0.00529385	0.0065548 
2  	10    	0.00555115	0.00029386 	0.00531641	0.00637918
3  	10    	0.00549156	0.000130616	0.00528635	0.00572706
4  	10    	0.00544451	0.000106504	0.00529581	0.00568746
5  	10    	0.0056035 	0.000430721	0.00535609	0.00683182
6  	10    	0.00589288	0.000425933	0.00538609	0.00670016
7  	10    	0.0056959 	0.000208543	0.00536625	0.00607448
8  	10    	0.00555134	0.000185619	0.00535912	0.00599193
9  	10    	0.00546476	0.000113875	0.00530994	0.00568951
10 	10    	0.00545699	0.000117391	0.00531944	0.00566103
11 	10    	0.00550981	0.00011781 	0.00529726	0.0056837 
12 	10    	0.00553018	0.000247176	0.00535844	0.00625101
13 	10    	0.0057095 	0.000276189	0.00543482	0.00626452
14 	10    	0.00561695	0.000187056	0.00542158	0.00596484
15 	10    	0.00577067	0.000423557	0.00544388	0.00690396
16 	10    	0.00582747	0.000272901	0.00548189	0.00640076
17 	10    	0.00570723	0.000185218	0.00554932	0.00606334
18 	10    	0.00563839	0.000172208	0.00546792	0.00597248
19 	10    	0.00556203	7.54835e-05	0.00546159	0.00567655
20 	10    	0.00560829	0.000240043	0.00536189	0.00624353
Runtime: 5.738712676000432 (s)


Final population:
Index: Selected                                    #Selected    CV          
----------------------------------------------------------------------------------------------------
    0: 1111111111010111000100101110110110010010... 96           0.0054227008
    1: 1111010111010111010100101110111110010010... 100          0.005594124 
    2: 1110011110000111000100101111011110010010... 99           0.0062435315
    3: 1111110111010111010100111110110110010010... 97           0.0053618895
    4: 1111110111000111010101101110111110010011... 97           0.0055859448
    5: 1111010111010111010100101010110110010000... 100          0.0056614188
    6: 1111011111010111000100101110111110010010... 100          0.0057562526
    7: 1111011111010111000100101110111110010010... 98           0.0055418064
    8: 1111110111010111010101101110110111010010... 100          0.0054239198
    9: 1111011111010110010100101110111110010011... 100          0.0054912907

Pickling population to: genetic_alg_settings_population_end.pkl

Hall of Fame:
Index: Selected                                    #Selected    CV          
----------------------------------------------------------------------------------------------------
    0: 1111110111011010100100001110110100010010... 95           0.0052298626
    1: 1111110111011010100100001110110100010010... 97           0.005257081 
    2: 1111111111011011100100001110110100010010... 94           0.0052663276
    3: 1111111111011011100100001110110100010010... 94           0.0052741141
    4: 1111111111011010100100001010110110011000... 96           0.0052817087
    5: 1111111111011011011100001110110100010010... 100          0.0052863542
    6: 1111011111011010100100011010110100010010... 96           0.0052898825
    7: 1111111111011011010100001010110101010010... 97           0.0052904018
    8: 1111111111011011000101001110110100010010... 96           0.0052906197
    9: 1111111111011011110000001110110100010010... 99           0.0052938526

Pickling Hall of Fame to: genetic_alg_settings_evolve_halloffame.pkl
Begin 17 of 20 repetitions
Begin 20 generations
gen	nevals	avg       	std        	min       	max       
0  	0     	0.00560829	0.000240043	0.00536189	0.00624353
1  	10    	0.00568394	0.000172702	0.00551999	0.00610029
2  	10    	0.00563057	0.000118481	0.00546475	0.00587078
3  	10    	0.00570248	0.000185278	0.00545171	0.00614202
4  	10    	0.00569966	0.000221583	0.00550018	0.00624845
5  	10    	0.00561664	0.000119841	0.00550953	0.00594198
6  	10    	0.00569711	0.000251447	0.0054614 	0.00636687
7  	10    	0.00572073	0.000288842	0.00548527	0.00647948
8  	10    	0.00566277	0.000161782	0.00548743	0.00595587
9  	10    	0.00568318	0.000174851	0.00545763	0.00598371
10 	10    	0.00560121	0.00013565 	0.00542059	0.00580692
11 	10    	0.00564734	0.000235054	0.00542742	0.00620826
12 	10    	0.0056483 	0.000171276	0.00543084	0.00598435
13 	10    	0.00566118	0.000186963	0.00545886	0.00609181
14 	10    	0.00566659	0.000111775	0.00552726	0.00584503
15 	10    	0.00566425	0.000117139	0.00544781	0.00585332
16 	10    	0.00571717	0.000169043	0.00551672	0.00612934
17 	10    	0.00575444	0.000362286	0.00546083	0.00678061
18 	10    	0.00567758	7.08418e-05	0.00556102	0.00579724
19 	10    	0.00569084	0.000111254	0.00555623	0.00594674
20 	10    	0.00569999	0.000107037	0.00556423	0.0059647 
Runtime: 5.746228621999762 (s)


Final population:
Index: Selected                                    #Selected    CV          
----------------------------------------------------------------------------------------------------
    0: 1111101111010110010000101110110110010011... 100          0.0056908726
    1: 1111011101010110010101101010110110010010... 96           0.0056717886
    2: 1111001111010110010100101110110110010010... 95           0.0059646961
    3: 1111011111010010010101101011111110010011... 95           0.0055642316
    4: 1111011111010110010000101010110100010011... 95           0.0056874307
    5: 1111001111010110010101101111110110010010... 96           0.0058173314
    6: 1111011111010110010100101110110100010011... 100          0.0056725117
    7: 1111001111010110010001101010111110000010... 94           0.005658738 
    8: 1111001111010110010100101010110110000010... 95           0.0056541762
    9: 1111011111010110010001101110111110010011... 98           0.0056180853

Pickling population to: genetic_alg_settings_population_end.pkl

Hall of Fame:
Index: Selected                                    #Selected    CV          
----------------------------------------------------------------------------------------------------
    0: 1111110111011010100100001110110100010010... 95           0.0052298626
    1: 1111110111011010100100001110110100010010... 97           0.005257081 
    2: 1111111111011011100100001110110100010010... 94           0.0052663276
    3: 1111111111011011100100001110110100010010... 94           0.0052741141
    4: 1111111111011010100100001010110110011000... 96           0.0052817087
    5: 1111111111011011011100001110110100010010... 100          0.0052863542
    6: 1111011111011010100100011010110100010010... 96           0.0052898825
    7: 1111111111011011010100001010110101010010... 97           0.0052904018
    8: 1111111111011011000101001110110100010010... 96           0.0052906197
    9: 1111111111011011110000001110110100010010... 99           0.0052938526

Pickling Hall of Fame to: genetic_alg_settings_evolve_halloffame.pkl
Begin 18 of 20 repetitions
Begin 20 generations
gen	nevals	avg       	std        	min       	max      
0  	0     	0.00569999	0.000107037	0.00556423	0.0059647
1  	10    	0.00568412	0.000126935	0.00547602	0.00591521
2  	10    	0.00563512	0.000107514	0.00552199	0.00587817
3  	10    	0.00565432	0.000275177	0.00548805	0.00646782
4  	10    	0.00558825	0.000142092	0.00536651	0.00583902
5  	10    	0.00570919	0.000323454	0.00545581	0.00662203
6  	10    	0.00574036	0.000354834	0.00551751	0.00677228
7  	10    	0.00561644	0.000112758	0.00554264	0.00594071
8  	10    	0.00560416	9.30808e-05	0.00544904	0.00575139
9  	10    	0.00562244	0.000122805	0.00549354	0.00595608
10 	10    	0.00556833	0.000126442	0.00539   	0.00579472
11 	10    	0.00566088	0.000273466	0.00536452	0.00638935
12 	10    	0.00556863	9.39713e-05	0.00544303	0.00574642
13 	10    	0.00552208	6.73722e-05	0.00544691	0.0056423 
14 	10    	0.00569735	0.000158601	0.00545378	0.0060728 
15 	10    	0.00574686	0.000235347	0.00548556	0.00632999
16 	10    	0.00576668	0.000386936	0.00543227	0.00661012
17 	10    	0.005633  	0.0001991  	0.00538284	0.00613234
18 	10    	0.00580182	0.000399395	0.00540099	0.00667596
19 	10    	0.00578477	0.000351335	0.00549488	0.00646552
20 	10    	0.00570586	0.000219135	0.00552768	0.0062917 
Runtime: 5.719055012999888 (s)


Final population:
Index: Selected                                    #Selected    CV          
----------------------------------------------------------------------------------------------------
    0: 1111011111010010010101001111110110010110... 100          0.0062917035
    1: 1111011111010010010100001111110110010011... 97           0.0056057745
    2: 1111011111011010010101001111010110010011... 100          0.005527677 
    3: 1111011111010010010100001111110110010011... 100          0.0058251232
    4: 1111011111010010010100001111110110011011... 100          0.0055668027
    5: 1111011111010000010101001111110110010011... 98           0.0058242778
    6: 1111011111010010010100001111110110110011... 98           0.0056309292
    7: 1111011111010010010100001111110110010011... 98           0.0055365721
    8: 1111011111010010000100001111010110010011... 97           0.0056357862
    9: 1111011111011010010100001111110110010010... 97           0.0056139122

Pickling population to: genetic_alg_settings_population_end.pkl

Hall of Fame:
Index: Selected                                    #Selected    CV          
----------------------------------------------------------------------------------------------------
    0: 1111110111011010100100001110110100010010... 95           0.0052298626
    1: 1111110111011010100100001110110100010010... 97           0.005257081 
    2: 1111111111011011100100001110110100010010... 94           0.0052663276
    3: 1111111111011011100100001110110100010010... 94           0.0052741141
    4: 1111111111011010100100001010110110011000... 96           0.0052817087
    5: 1111111111011011011100001110110100010010... 100          0.0052863542
    6: 1111011111011010100100011010110100010010... 96           0.0052898825
    7: 1111111111011011010100001010110101010010... 97           0.0052904018
    8: 1111111111011011000101001110110100010010... 96           0.0052906197
    9: 1111111111011011110000001110110100010010... 99           0.0052938526

Pickling Hall of Fame to: genetic_alg_settings_evolve_halloffame.pkl
Begin 19 of 20 repetitions
Begin 20 generations
gen	nevals	avg       	std        	min       	max      
0  	0     	0.00570586	0.000219135	0.00552768	0.0062917
1  	10    	0.0056601 	8.06516e-05	0.00551981	0.00578046
2  	10    	0.00564771	7.89492e-05	0.00550951	0.00577103
3  	10    	0.00582863	0.000236831	0.00560232	0.00633623
4  	10    	0.00575113	9.19655e-05	0.00562681	0.00597005
5  	10    	0.00581186	0.000201525	0.00552557	0.0063178 
6  	10    	0.00589915	0.000356702	0.00553463	0.0067487 
7  	10    	0.00573296	0.000198292	0.00547936	0.00626685
8  	10    	0.0056477 	0.00014712 	0.00547841	0.00589223
9  	10    	0.00558986	0.000118583	0.00544729	0.00585484
10 	10    	0.0056264 	0.00013484 	0.00549217	0.00596718
11 	10    	0.00565343	0.000170626	0.00554165	0.00609697
12 	10    	0.00576582	0.000183952	0.00560266	0.00620723
13 	10    	0.00570606	0.000141597	0.00546012	0.00599448
14 	10    	0.00579333	0.000201007	0.00562154	0.0063606 
15 	10    	0.00575633	0.000152373	0.0055539 	0.00614194
16 	10    	0.00572747	5.30707e-05	0.00564625	0.00582479
17 	10    	0.00576646	0.000204487	0.00560699	0.0062968 
18 	10    	0.00565495	6.3076e-05 	0.00557629	0.0057634 
19 	10    	0.00569764	7.07916e-05	0.00562158	0.00585152
20 	10    	0.00564931	6.85155e-05	0.00554644	0.00580334
Runtime: 5.751400053999532 (s)


Final population:
Index: Selected                                    #Selected    CV          
----------------------------------------------------------------------------------------------------
    0: 1111010111010010000100001110110110010010... 98           0.0056129265
    1: 1111010111010010010100001110110110010010... 98           0.0056619272
    2: 1111010111010010000100001110110110010010... 99           0.0056209102
    3: 1111010111110010010100001110110110010010... 97           0.0056050199
    4: 1111010111010010010100001110110110010010... 96           0.0055464368
    5: 1111010111010010010100001110110111010010... 98           0.0057203917
    6: 1111010111110010000100001110110110010010... 96           0.0056829076
    7: 1111011111010010010100001110110110010010... 98           0.005803342 
    8: 1111010111010010010100001110111110010010... 94           0.0056344497
    9: 1111000111010110010100011110110110010010... 100          0.0056047943

Pickling population to: genetic_alg_settings_population_end.pkl

Hall of Fame:
Index: Selected                                    #Selected    CV          
----------------------------------------------------------------------------------------------------
    0: 1111110111011010100100001110110100010010... 95           0.0052298626
    1: 1111110111011010100100001110110100010010... 97           0.005257081 
    2: 1111111111011011100100001110110100010010... 94           0.0052663276
    3: 1111111111011011100100001110110100010010... 94           0.0052741141
    4: 1111111111011010100100001010110110011000... 96           0.0052817087
    5: 1111111111011011011100001110110100010010... 100          0.0052863542
    6: 1111011111011010100100011010110100010010... 96           0.0052898825
    7: 1111111111011011010100001010110101010010... 97           0.0052904018
    8: 1111111111011011000101001110110100010010... 96           0.0052906197
    9: 1111111111011011110000001110110100010010... 99           0.0052938526

Pickling Hall of Fame to: genetic_alg_settings_evolve_halloffame.pkl
Begin 20 of 20 repetitions
Begin 20 generations
gen	nevals	avg       	std        	min       	max       
0  	0     	0.00564931	6.85155e-05	0.00554644	0.00580334
1  	10    	0.00577133	0.000310237	0.0055254 	0.00666459
2  	10    	0.00577371	0.000206226	0.0055899 	0.00628399
3  	10    	0.00575205	0.000128493	0.00553301	0.00596827
4  	10    	0.00568357	8.91998e-05	0.00555006	0.00583351
5  	10    	0.00577519	0.000192457	0.00555977	0.00622242
6  	10    	0.00574531	0.000207245	0.00555324	0.00630693
7  	10    	0.00562574	8.03717e-05	0.00550044	0.00580252
8  	10    	0.00572212	0.000247641	0.00542799	0.00622389
9  	10    	0.00567132	0.000150888	0.00547928	0.00593141
10 	10    	0.00558589	0.000102598	0.00540628	0.00574793
11 	10    	0.00568029	0.000301594	0.00544372	0.00653558
12 	10    	0.00555858	8.92382e-05	0.00543316	0.00577759
13 	10    	0.00563102	0.000209648	0.00540501	0.00619486
14 	10    	0.00554404	0.000101693	0.00534736	0.00568786
15 	10    	0.00586865	0.000794802	0.00545245	0.00823833
16 	10    	0.0056758 	0.000193392	0.0053426 	0.0060042 
17 	10    	0.00563244	0.000155118	0.00534929	0.00591784
18 	10    	0.00555043	8.32473e-05	0.00543045	0.00571053
19 	10    	0.00555034	9.42178e-05	0.00538269	0.00571486
20 	10    	0.00557133	0.000145482	0.00535397	0.00584793
Runtime: 5.743757772001118 (s)


Final population:
Index: Selected                                    #Selected    CV          
----------------------------------------------------------------------------------------------------
    0: 1111100111010010010000101110111110100010... 100          0.005520047 
    1: 1111000111011010010000101110111110110010... 94           0.0057668079
    2: 1111000011011010010000101010111110110010... 100          0.0054321836
    3: 1111000011011010010000101010111110110010... 100          0.0056245948
    4: 1111000011111110010000101010111110110010... 100          0.0055376185
    5: 1110000111011010010000001110111110110010... 99           0.0058479254
    6: 1111000111011010010000101010101110110010... 100          0.0055852553
    7: 1111000011011010010000101110111110110010... 100          0.0054256214
    8: 1111000011011010010000101010111110110010... 100          0.0056192439
    9: 1111000011011010010000101010111110110010... 98           0.0053539659

Pickling population to: genetic_alg_settings_population_end.pkl

Hall of Fame:
Index: Selected                                    #Selected    CV          
----------------------------------------------------------------------------------------------------
    0: 1111110111011010100100001110110100010010... 95           0.0052298626
    1: 1111110111011010100100001110110100010010... 97           0.005257081 
    2: 1111111111011011100100001110110100010010... 94           0.0052663276
    3: 1111111111011011100100001110110100010010... 94           0.0052741141
    4: 1111111111011010100100001010110110011000... 96           0.0052817087
    5: 1111111111011011011100001110110100010010... 100          0.0052863542
    6: 1111011111011010100100011010110100010010... 96           0.0052898825
    7: 1111111111011011010100001010110101010010... 97           0.0052904018
    8: 1111111111011011000101001110110100010010... 96           0.0052906197
    9: 1111111111011011110000001110110100010010... 99           0.0052938526

Pickling Hall of Fame to: genetic_alg_settings_evolve_halloffame.pkl
#   DONE  Runtime: 111.52563907300282 (s)

Adding statistics...
  DONE

Result:
Index: Selected                                    #Selected    CV           RMS          wRMS         Estimator                FeatureSelection         Note
--------------------------------------------------------------------------------------------------------------------------------------------------------------------
    0: 1111110111011010100100001110110100010010... 95           0.0052298626 0.0043745046 0.0044370244 LinearRegression         GeneticAlgorithm         
    1: 1111110111011010100100001110110100010010... 97           0.005257081  0.0043913992 0.0044480449 LinearRegression         GeneticAlgorithm         
    2: 1111111111011011100100001110110100010010... 94           0.0052663276 0.0043760468 0.0044455632 LinearRegression         GeneticAlgorithm         
    3: 1111111111011011100100001110110100010010... 94           0.0052741141 0.0043760468 0.0044455632 LinearRegression         GeneticAlgorithm         
    4: 1111111111011010100100001010110110011000... 96           0.0052817087 0.0044451654 0.0045084947 LinearRegression         GeneticAlgorithm         
    5: 1111111111011011011100001110110100010010... 100          0.0052863542 0.0043677698 0.0044236419 LinearRegression         GeneticAlgorithm         
    6: 1111011111011010100100011010110100010010... 96           0.0052898825 0.0044102492 0.004477849  LinearRegression         GeneticAlgorithm         
    7: 1111111111011011010100001010110101010010... 97           0.0052904018 0.0043611081 0.0044196324 LinearRegression         GeneticAlgorithm         
    8: 1111111111011011000101001110110100010010... 96           0.0052906197 0.0043870322 0.0044519358 LinearRegression         GeneticAlgorithm         
    9: 1111111111011011110000001110110100010010... 99           0.0052938526 0.0043924358 0.0044556263 LinearRegression         GeneticAlgorithm         

Pickling Hall of Fame to: genetic_alg_settings_halloffame.pkl
