Loading genetic_alg_settings.json
# Hall of Fame size: 10 

# Get problem data...
# wHullDist: Will calculate hull distance: hull_dist(CALCULATED,atom_frac)
# Query requested: ['formation_energy', 'is_calculated', 'corr', 'hull_dist(CALCULATED,atom_frac)']
# Use existing: []
# Querying: ['formation_energy', 'is_calculated', 'corr', 'hull_dist(CALCULATED,atom_frac)']
#   DONE

# Target: formation_energy
# Training samples: 627
# Features: 253 

# Weighting:
{
  "method": "wHullDist",
  "kwargs": {
    "A": 2.0,
    "B": 2.0,
    "kT": 0.1,
    "hull_selection": "CALCULATED"
  }
}

# CV:
{
  "method": "KFold",
  "kwargs": {
    "n_splits": 10,
    "shuffle": true
  },
  "penalty": 0.0
} 

# Writing problem specs to: genetic_alg_settings_specs.pkl
# To inspect or customize the problem specs further, use the '--checkspecs' method

# Estimator:
{
  "method": "LinearRegression",
  "kwargs": {
    "fit_intercept": false
  }
} 

# Feature Selection:
{
  "method": "GeneticAlgorithm",
  "kwargs": {
    "constraints_kwargs": {
      "n_features_max": 100,
      "n_features_min": 3,
      "fix_off": [],
      "fix_on": [
        0,
        1,
        2
      ]
    },
    "selTournamentSize": 3,
    "mutFlipBitProb": 0.01,
    "evolve_params_kwargs": {
      "n_generation": 20,
      "n_repetition": 20,
      "n_features_init": 3,
      "n_population": 10,
      "n_halloffame": 10,
      "halloffame_filename": "evolve_halloffame.pkl",
      "filename_prefix": "genetic_alg_settings"
    },
    "cxUniformProb": 0.5
  }
} 

# Fit and select...
Constructing initial population
Begin 1 of 20 repetitions
Begin 20 generations
gen	nevals	avg      	std        	min      	max      
0  	10    	0.0195734	0.000544687	0.0188113	0.0204303
1  	10    	0.0195546	0.00078782 	0.0181676	0.0208477
2  	10    	0.0185171	0.000856859	0.0169381	0.020058 
3  	10    	0.0174531	0.00110213 	0.0155527	0.0194521
4  	10    	0.0156966	0.00101878 	0.0131427	0.0169274
5  	10    	0.0142677	0.00167302 	0.00983914	0.0156948
6  	10    	0.0131105	0.00131527 	0.00987668	0.0142253
7  	10    	0.0116465	0.0012912  	0.00949776	0.0130543
8  	10    	0.010597 	0.000996584	0.00897569	0.0127591
9  	10    	0.00958399	0.000782493	0.00866608	0.0108066
10 	10    	0.00922889	0.000880059	0.00830716	0.0112363
11 	10    	0.0084929 	0.000300483	0.0080111 	0.00896314
12 	10    	0.00813808	0.000314108	0.0077379 	0.00881898
13 	10    	0.00809031	0.000512019	0.00724568	0.00909688
14 	10    	0.00776603	0.000300487	0.00725206	0.00803807
15 	10    	0.00751383	0.000194712	0.00724356	0.0078742 
16 	10    	0.00754475	0.00050457 	0.00718279	0.00900509
17 	10    	0.00734571	0.000121641	0.00716848	0.00749035
18 	10    	0.00723817	0.000209923	0.00699919	0.00773876
19 	10    	0.00717295	0.000135775	0.00699187	0.00743172
20 	10    	0.00709723	0.000216909	0.0068792 	0.00766284
Runtime: 3.0479618379977182 (s)


Final population:
Index: Selected                                    #Selected    CV          
----------------------------------------------------------------------------------------------------
    0: 1111100001001000000000101101000100000110... 65           0.0073000507
    1: 1111100001001000000000101101000100000110... 66           0.0069422997
    2: 1111100001001000000001001101000110000110... 62           0.0070148817
    3: 1111000001101000001000101101000100000110... 68           0.0070697786
    4: 1111000001001000000000101101000100000110... 59           0.007080768 
    5: 1111000001001000000000101101000100000110... 61           0.0070481993
    6: 1111100001101000000000101101000110000110... 63           0.0070287818
    7: 1111000001101000000000001101000110000110... 67           0.0076628414
    8: 1111000001001000001001101101000100000110... 60           0.0068791958
    9: 1111000001001000001001101101000100000110... 59           0.0069455487

Pickling population to: genetic_alg_settings_population_end.pkl

Hall of Fame:
Index: Selected                                    #Selected    CV          
----------------------------------------------------------------------------------------------------
    0: 1111000001001000001001101101000100000110... 60           0.0068791958
    1: 1111100001001000000000101101000100000110... 66           0.0069422997
    2: 1111000001001000001001101101000100000110... 59           0.0069455487
    3: 1111000001001000001001101101000100000110... 59           0.0069918737
    4: 1111000001001000000001001101000100000110... 59           0.0069991889
    5: 1111100001001000000001001101000110000110... 62           0.0070148817
    6: 1111000001101000000000101101000110000110... 63           0.0070219908
    7: 1111100001101000000000101101000110000110... 63           0.0070287818
    8: 1111100001101000000000001101000110000110... 67           0.0070455857
    9: 1111100001001000000000101101000100000110... 64           0.0070467037

Pickling Hall of Fame to: genetic_alg_settings_evolve_halloffame.pkl
Begin 2 of 20 repetitions
Begin 20 generations
gen	nevals	avg       	std        	min      	max       
0  	0     	0.00709723	0.000216909	0.0068792	0.00766284
1  	10    	0.00698689	6.92461e-05	0.0068264	0.00708084
2  	10    	0.00694804	0.00014985 	0.0068165	0.00734506
3  	10    	0.00692129	0.000136898	0.00663808	0.00712472
4  	10    	0.00678731	0.00015628 	0.00652222	0.00707313
5  	10    	0.0067528 	0.000221358	0.00642235	0.00728447
6  	10    	0.00673423	0.000265458	0.00633228	0.00723936
7  	10    	0.0065604 	0.00030735 	0.00624823	0.00726703
8  	10    	0.00641488	0.000131747	0.00622233	0.00669113
9  	10    	0.00630293	5.49684e-05	0.00621777	0.00639909
10 	10    	0.00624272	9.50184e-05	0.00605955	0.00636006
11 	10    	0.00627123	9.91223e-05	0.00616108	0.00650451
12 	10    	0.00627917	0.000133406	0.00616595	0.00662465
13 	10    	0.00628916	0.000212567	0.00607635	0.00687077
14 	10    	0.00619984	8.85903e-05	0.00598817	0.00631956
15 	10    	0.00618036	6.8332e-05 	0.00608242	0.00629884
16 	10    	0.00622911	0.000159329	0.00602955	0.00666038
17 	10    	0.00623587	0.000204503	0.00607548	0.00663848
18 	10    	0.00623739	0.000145123	0.00610328	0.00650779
19 	10    	0.00619755	7.53549e-05	0.00611941	0.00638973
20 	10    	0.00618813	0.000112449	0.00599521	0.0063611 
Runtime: 4.787684776998503 (s)


Final population:
Index: Selected                                    #Selected    CV          
----------------------------------------------------------------------------------------------------
    0: 1111000011011000001000111100100110010110... 89           0.006354095 
    1: 1111000010011000001100101100110110000110... 90           0.0061934393
    2: 1111000001011100001000101100110110010110... 91           0.0061033234
    3: 1111000011011000001000101100100110001110... 95           0.0062047702
    4: 1111000011011000001000101100110110000110... 85           0.006131238 
    5: 1111000011011000001000101100110110010110... 90           0.0061251192
    6: 1111000011011100001000111100100110001110... 88           0.0063611035
    7: 1111000011011000001000101100110110000110... 87           0.0061159855
    8: 1111010011011000001000101100110110000110... 87           0.006297011 
    9: 1111000011011100001000101110100110011110... 92           0.0059952095

Pickling population to: genetic_alg_settings_population_end.pkl

Hall of Fame:
Index: Selected                                    #Selected    CV          
----------------------------------------------------------------------------------------------------
    0: 1111000011011000001000111000100110000110... 83           0.0059881749
    1: 1111000011011100001000101110100110011110... 92           0.0059952095
    2: 1111000011011000001000111000100110000110... 84           0.0060295549
    3: 1111000011011000101000101100100110001110... 79           0.00605955  
    4: 1111000011011100001000101100100110000110... 88           0.006075477 
    5: 1111000011011000001000101100100110000110... 80           0.0060763469
    6: 1111000011011000001000101100100110010110... 86           0.0060821516
    7: 1111000011011100001000101100100110000110... 85           0.0060824168
    8: 1111000011011000001000111100100110000110... 84           0.0061032792
    9: 1111000001011100001000101100110110010110... 91           0.0061033234

Pickling Hall of Fame to: genetic_alg_settings_evolve_halloffame.pkl
Begin 3 of 20 repetitions
Begin 20 generations
gen	nevals	avg       	std        	min       	max      
0  	0     	0.00618813	0.000112449	0.00599521	0.0063611
1  	10    	0.00622999	0.000149816	0.00600788	0.00647027
2  	10    	0.00606148	0.00011315 	0.00591016	0.00624855
3  	10    	0.00598799	8.17731e-05	0.0058633 	0.00612355
4  	10    	0.00591859	9.37201e-05	0.00574592	0.0060568 
5  	10    	0.00590565	0.000188486	0.005778  	0.00645553
6  	10    	0.00590645	0.000142778	0.00574069	0.00625161
7  	10    	0.00584654	8.09714e-05	0.00571461	0.00603827
8  	10    	0.00577396	3.99698e-05	0.00570645	0.00582916
9  	10    	0.00578978	8.96263e-05	0.00562044	0.00592255
10 	10    	0.0057631 	9.82693e-05	0.00560971	0.00596955
11 	10    	0.00576206	5.37938e-05	0.00568649	0.00586164
12 	10    	0.00578793	0.000141856	0.00566928	0.00607166
13 	10    	0.00587558	0.000408836	0.0055673 	0.00708309
14 	10    	0.00575721	7.98167e-05	0.00562668	0.00591949
15 	10    	0.00577205	0.000109457	0.00555637	0.00588749
16 	10    	0.00585709	0.000233109	0.00566533	0.00650819
17 	10    	0.0057911 	6.12767e-05	0.00570436	0.00590246
18 	10    	0.00608797	0.000768351	0.00569075	0.00838114
19 	10    	0.00585021	0.000213882	0.00567418	0.00640918
20 	10    	0.00581036	0.000215527	0.0056093 	0.00639225
Runtime: 5.711668455998733 (s)


Final population:
Index: Selected                                    #Selected    CV          
----------------------------------------------------------------------------------------------------
    0: 1111000011011110001000001110100110001110... 99           0.0056092981
    1: 1111000011011110001000001110100110001110... 97           0.0057285595
    2: 1111000011011110001000101100110110001110... 98           0.0058970384
    3: 1110000011011110001000001110100111101110... 99           0.0063922491
    4: 1111000011011110001000001110000110001110... 99           0.0056982264
    5: 1111000010011110001000001110100110001110... 98           0.0056647253
    6: 1111000011011110001000001110100100001110... 99           0.0058014153
    7: 1111000011011110001000001110100110001110... 99           0.0056900768
    8: 1111000011011110001000011110100110001110... 100          0.0057038291
    9: 1111000011011111000000001110100110001110... 98           0.0059181329

Pickling population to: genetic_alg_settings_population_end.pkl

Hall of Fame:
Index: Selected                                    #Selected    CV          
----------------------------------------------------------------------------------------------------
    0: 1111000011011110001000001110100110001110... 99           0.0055563712
    1: 1111001011011110001000101110000110001110... 100          0.0055672992
    2: 1111000011011110001000001110100110001110... 99           0.0056092981
    3: 1111000011011110000000001110100110001110... 97           0.0056097063
    4: 1111000011011110001000101110100110001110... 96           0.0056204385
    5: 1111000011011110001000001110000110001110... 100          0.005626685 
    6: 1111000010011110001000011110100110001110... 100          0.0056305186
    7: 1111000011011110001000101110100110001110... 99           0.0056491975
    8: 1111010011011110001100101110100110001110... 99           0.0056627905
    9: 1111000010011110001000001110100110001110... 98           0.0056647253

Pickling Hall of Fame to: genetic_alg_settings_evolve_halloffame.pkl
Begin 4 of 20 repetitions
Begin 20 generations
gen	nevals	avg       	std        	min      	max       
0  	0     	0.00581036	0.000215527	0.0056093	0.00639225
1  	10    	0.00575319	0.000114556	0.00558229	0.00595986
2  	10    	0.00579347	0.000218534	0.0055931 	0.00641021
3  	10    	0.00583781	0.000194506	0.00567088	0.00638571
4  	10    	0.00579853	0.000187625	0.0056264 	0.00629367
5  	10    	0.00579507	0.000205132	0.00561596	0.00628004
6  	10    	0.00575571	0.000177368	0.00557181	0.00614326
7  	10    	0.00576813	0.00017443 	0.00551377	0.00612997
8  	10    	0.0057217 	0.000103555	0.00558948	0.00590219
9  	10    	0.00575951	0.00014015 	0.00558325	0.00611109
10 	10    	0.00588173	0.000313688	0.00560317	0.00664122
11 	10    	0.00584392	0.000259622	0.00559849	0.00633054
12 	10    	0.00573492	0.000105487	0.00562233	0.0059844 
13 	10    	0.00573883	0.000119341	0.00553374	0.00600997
14 	10    	0.00575444	0.000120251	0.00558761	0.00600026
15 	10    	0.00575606	0.000191594	0.00553061	0.00614483
16 	10    	0.00574007	0.000233647	0.00555328	0.00639629
17 	10    	0.00570647	0.000150493	0.00556383	0.00601785
18 	10    	0.00581074	0.000500489	0.00538869	0.00714343
19 	10    	0.0057605 	0.000247276	0.0054734 	0.00637534
20 	10    	0.00568779	0.000103919	0.00555407	0.00592347
Runtime: 5.740228008002305 (s)


Final population:
Index: Selected                                    #Selected    CV          
----------------------------------------------------------------------------------------------------
    0: 1111000011001010000000001110100110001010... 99           0.005684301 
    1: 1111000011001010000000001110001110001110... 98           0.0057791598
    2: 1111000011011110000000001110101110001110... 100          0.005554326 
    3: 1111000011011110000000001110101110001110... 100          0.0055540698
    4: 1111000011011010000000001110100110001110... 97           0.0059234718
    5: 1111000010011010000000001111101110000110... 98           0.0056591665
    6: 1111000011011010000000001110101110001110... 98           0.0056855939
    7: 1111000011011010000000001110101110001110... 98           0.0056463729
    8: 1111000011001010000000001110001110001110... 100          0.0056422202
    9: 1111000011001010000000001110100110001110... 96           0.0057492352

Pickling population to: genetic_alg_settings_population_end.pkl

Hall of Fame:
Index: Selected                                    #Selected    CV          
----------------------------------------------------------------------------------------------------
    0: 1111000011011110000000001110101110001110... 100          0.0053886882
    1: 1111000011011110000000001110101110001110... 99           0.0054734007
    2: 1111000011001010000000001110101110001110... 96           0.005493698 
    3: 1111001011011110001000011110100101001110... 100          0.0055137747
    4: 1111000011001010000000001110100110001110... 98           0.0055306114
    5: 1111000011001010001000001110100110001110... 100          0.0055337387
    6: 1111000011011110000000001111101110001110... 100          0.0055369273
    7: 1111000011001010000000001110101110001110... 100          0.005543304 
    8: 1111000011010011001000001111101110001110... 94           0.0055460808
    9: 1111000011011011000000001110101110001110... 100          0.0055532848

Pickling Hall of Fame to: genetic_alg_settings_evolve_halloffame.pkl
Begin 5 of 20 repetitions
Begin 20 generations
gen	nevals	avg       	std        	min       	max       
0  	0     	0.00568779	0.000103919	0.00555407	0.00592347
1  	10    	0.00568535	0.000154197	0.00544566	0.00594501
2  	10    	0.005687  	0.000257396	0.00543794	0.00627519
3  	10    	0.00559866	9.13008e-05	0.00548014	0.00576258
4  	10    	0.00562901	0.000178687	0.00538438	0.00594606
5  	10    	0.00563317	0.000221871	0.00550478	0.00628534
6  	10    	0.00555782	6.90944e-05	0.00543047	0.0056996 
7  	10    	0.00556612	8.24487e-05	0.00544969	0.00569082
8  	10    	0.00556552	0.000100523	0.00539818	0.00571502
9  	10    	0.00556182	0.000129404	0.00542838	0.00589045
10 	10    	0.00562765	0.000304496	0.0054685 	0.00653367
11 	10    	0.00557058	0.000192921	0.00540723	0.00610237
12 	10    	0.00555247	0.000145327	0.00546383	0.00597791
13 	10    	0.00557558	0.000200238	0.00530546	0.00607586
14 	10    	0.00561868	0.000151923	0.00537217	0.00589678
15 	10    	0.00561839	7.67698e-05	0.00553481	0.00573995
16 	10    	0.00558161	7.37152e-05	0.005463  	0.00575099
17 	10    	0.00572373	0.000223158	0.00544535	0.00613292
18 	10    	0.00560088	9.53199e-05	0.0054501 	0.00579557
19 	10    	0.00553324	7.30526e-05	0.00541298	0.00564302
20 	10    	0.00553253	6.25713e-05	0.00543318	0.0056357 
Runtime: 5.7048760110010335 (s)


Final population:
Index: Selected                                    #Selected    CV          
----------------------------------------------------------------------------------------------------
    0: 1111000011001110000000001110101110001110... 97           0.0054787768
    1: 1111000011011110000000001110101110001010... 93           0.0055665521
    2: 1111000011001010000000001110101110001110... 96           0.0055466826
    3: 1111000011001010000000001110101110001110... 94           0.005584553 
    4: 1111000011001110000000001110101110001110... 94           0.0054556434
    5: 1111000011001110000000001110111110001110... 98           0.0056018917
    6: 1111000011001110000000011110101110001110... 96           0.0054331814
    7: 1111000011001110000000011110100110000110... 93           0.005635698 
    8: 1111000011001110000000001110101110001110... 98           0.0055160212
    9: 1111000011001010000000011110100110001110... 95           0.0055062789

Pickling population to: genetic_alg_settings_population_end.pkl

Hall of Fame:
Index: Selected                                    #Selected    CV          
----------------------------------------------------------------------------------------------------
    0: 1111000011001010000000001110001110001110... 100          0.0053054589
    1: 1111000011001010000000001110001110001010... 94           0.0053721675
    2: 1111000011001010000000001110101110001110... 94           0.0053843825
    3: 1111000011011110000000001110101110001110... 100          0.0053886882
    4: 1111001011001010000000001110101110001110... 95           0.0053953035
    5: 1111000011001010000000001110101110001110... 93           0.0053981843
    6: 1111000011001010000000001110101110001110... 100          0.0054029897
    7: 1111000011001010000000001110001110001110... 95           0.0054072299
    8: 1111000011001010000000001110101110001110... 99           0.0054114191
    9: 1111000011001110000000011110100110001110... 96           0.0054129774

Pickling Hall of Fame to: genetic_alg_settings_evolve_halloffame.pkl
Begin 6 of 20 repetitions
Begin 20 generations
gen	nevals	avg       	std        	min       	max      
0  	0     	0.00553253	6.25713e-05	0.00543318	0.0056357
1  	10    	0.00554332	7.71576e-05	0.00541473	0.00567801
2  	10    	0.0054791 	5.11566e-05	0.00541316	0.00556563
3  	10    	0.0056066 	0.000116303	0.00546201	0.00587074
4  	10    	0.00555324	6.62857e-05	0.00546985	0.00569566
5  	10    	0.00554323	0.000100711	0.00535493	0.00570956
6  	10    	0.00562335	0.000150384	0.00545712	0.00586923
7  	10    	0.00555825	7.5705e-05 	0.00547275	0.00568246
8  	10    	0.00563591	0.000140638	0.00543387	0.00588892
9  	10    	0.0056654 	0.000327853	0.00540044	0.00655122
10 	10    	0.00571945	0.000350969	0.00537112	0.00654244
11 	10    	0.00566869	0.00026312 	0.00542271	0.00639396
12 	10    	0.0057076 	0.000229289	0.00542328	0.00620814
13 	10    	0.00562961	0.000192515	0.00545391	0.0060617 
14 	10    	0.00561034	0.000114492	0.00551116	0.00591664
15 	10    	0.00558723	0.000115676	0.00542814	0.00581488
16 	10    	0.00556043	9.53343e-05	0.00540059	0.00574961
17 	10    	0.00562617	0.000114784	0.005406  	0.00577971
18 	10    	0.00566257	0.000188509	0.00543577	0.00611103
19 	10    	0.00559069	0.000127058	0.0054453 	0.00581553
20 	10    	0.0055986 	7.51091e-05	0.00548289	0.00572339
Runtime: 5.750052157000027 (s)


Final population:
Index: Selected                                    #Selected    CV          
----------------------------------------------------------------------------------------------------
    0: 1111000011001010000100001110001110001100... 98           0.0056112988
    1: 1111000011001110000100111110001110001000... 95           0.0055636372
    2: 1111000011001110000100011110001110001000... 97           0.005565165 
    3: 1111000011011110000100011110001110001010... 100          0.0054828856
    4: 1111000011001110000100011110001110001100... 99           0.0056562628
    5: 1111000011011110000100011110001110001100... 95           0.0057233916
    6: 1111000011001111000100011110001110001110... 100          0.0057134171
    7: 1111000011001110000100111110001110011000... 93           0.0056023602
    8: 1111000011001110000100011110001100001100... 99           0.0055371335
    9: 1111000011011110000100011110001110001010... 94           0.0055304155

Pickling population to: genetic_alg_settings_population_end.pkl

Hall of Fame:
Index: Selected                                    #Selected    CV          
----------------------------------------------------------------------------------------------------
    0: 1111000011001010000000001110001110001110... 100          0.0053054589
    1: 1111000011001110000000011110101100001110... 100          0.0053549346
    2: 1111000011001111000100011110001100001110... 97           0.0053711192
    3: 1111000011001010000000001110001110001010... 94           0.0053721675
    4: 1111000011001010000000001110101110001110... 94           0.0053843825
    5: 1111000011011110000000001110101110001110... 100          0.0053886882
    6: 1111001011001010000000001110101110001110... 95           0.0053953035
    7: 1111000011001010000000001110101110001110... 93           0.0053981843
    8: 1111000011001110000010011110001100001110... 95           0.0054004397
    9: 1111000011001110000100011110001111001010... 99           0.0054005875

Pickling Hall of Fame to: genetic_alg_settings_evolve_halloffame.pkl
Begin 7 of 20 repetitions
Begin 20 generations
gen	nevals	avg      	std        	min       	max       
0  	0     	0.0055986	7.51091e-05	0.00548289	0.00572339
1  	10    	0.00558387	9.43454e-05	0.00541377	0.00572399
2  	10    	0.00562227	0.000161822	0.00542994	0.00601591
3  	10    	0.0057148 	0.000125239	0.00555278	0.00592938
4  	10    	0.00559858	9.76135e-05	0.00545852	0.00576541
5  	10    	0.00565023	0.000142197	0.00541324	0.00590071
6  	10    	0.00575363	0.000205013	0.00549215	0.00626035
7  	10    	0.00580414	0.000206322	0.00554191	0.00617908
8  	10    	0.00576076	0.000286956	0.00545916	0.00643785
9  	10    	0.00568674	0.000146728	0.00544707	0.00592713
10 	10    	0.0058524 	0.000325416	0.00553721	0.00667697
11 	10    	0.00577236	0.000134122	0.00552623	0.00596889
12 	10    	0.00582786	0.000200914	0.0055918 	0.00637224
13 	10    	0.00576235	0.000155675	0.0056228 	0.00611369
14 	10    	0.00570634	8.06391e-05	0.00561117	0.00589616
15 	10    	0.00565976	0.000101989	0.00555239	0.0058814 
16 	10    	0.00565324	0.000155868	0.00550703	0.00604451
17 	10    	0.00585446	0.000329294	0.00552398	0.00659569
18 	10    	0.00571894	0.000174358	0.00550914	0.00604709
19 	10    	0.00568394	0.000195595	0.00548249	0.00611644
20 	10    	0.00562816	6.77408e-05	0.00552133	0.0057596 
Runtime: 5.7299546859976545 (s)


Final population:
Index: Selected                                    #Selected    CV          
----------------------------------------------------------------------------------------------------
    0: 1111000111001110000000111011001110001000... 97           0.0055213264
    1: 1111000001001010000010011111001110001000... 96           0.0055971954
    2: 1111000101001010000000011111001110001000... 99           0.005595416 
    3: 1111000001001110000010101011001110001000... 92           0.005666422 
    4: 1111000001001110000010101111001110001000... 99           0.0055638565
    5: 1111000101001010000001011011001110001000... 99           0.0055930605
    6: 1111000101001110000010011111001110001000... 97           0.0056808025
    7: 1111010101001111000010101111001110001000... 100          0.0057596023
    8: 1111000111001110000010101111001110001000... 97           0.0056990363
    9: 1111000101001110000010111111001110001000... 100          0.0056048977

Pickling population to: genetic_alg_settings_population_end.pkl

Hall of Fame:
Index: Selected                                    #Selected    CV          
----------------------------------------------------------------------------------------------------
    0: 1111000011001010000000001110001110001110... 100          0.0053054589
    1: 1111000011001110000000011110101100001110... 100          0.0053549346
    2: 1111000011001111000100011110001100001110... 97           0.0053711192
    3: 1111000011001010000000001110001110001010... 94           0.0053721675
    4: 1111000011001010000000001110101110001110... 94           0.0053843825
    5: 1111000011011110000000001110101110001110... 100          0.0053886882
    6: 1111001011001010000000001110101110001110... 95           0.0053953035
    7: 1111000011001010000000001110101110001110... 93           0.0053981843
    8: 1111000011001110000010011110001100001110... 95           0.0054004397
    9: 1111000011001110000100011110001111001010... 99           0.0054005875

Pickling Hall of Fame to: genetic_alg_settings_evolve_halloffame.pkl
Begin 8 of 20 repetitions
Begin 20 generations
gen	nevals	avg       	std        	min       	max      
0  	0     	0.00562816	6.77408e-05	0.00552133	0.0057596
1  	10    	0.00563405	0.000100616	0.0055033 	0.00579086
2  	10    	0.00559815	0.000116713	0.0054457 	0.00584291
3  	10    	0.00566263	0.000133357	0.00547838	0.00592517
4  	10    	0.0056342 	0.000158526	0.00540069	0.00590305
5  	10    	0.0055925 	0.000158797	0.00537073	0.00583673
6  	10    	0.00563272	0.000127566	0.00549776	0.00586283
7  	10    	0.00557624	0.000124004	0.00542318	0.00580836
8  	10    	0.00562918	0.000118639	0.0055454 	0.00596645
9  	10    	0.00564765	0.00012225 	0.00547562	0.00593303
10 	10    	0.00565364	0.00016937 	0.00550497	0.00613743
11 	10    	0.00571352	0.000194351	0.00552276	0.00619238
12 	10    	0.00579036	0.000232888	0.00548789	0.00622792
13 	10    	0.00571051	0.000104166	0.00554974	0.00589888
14 	10    	0.00567189	0.000121554	0.00553781	0.00595199
15 	10    	0.00560386	8.33629e-05	0.00548117	0.00577078
16 	10    	0.00570111	0.00022912 	0.00551645	0.00629405
17 	10    	0.0057004 	0.000130574	0.00551373	0.00593295
18 	10    	0.0056682 	9.60705e-05	0.00555613	0.0058846 
19 	10    	0.0056691 	7.88607e-05	0.00555939	0.00580826
20 	10    	0.00568846	0.000151581	0.00544014	0.00588577
Runtime: 5.731255696999142 (s)


Final population:
Index: Selected                                    #Selected    CV          
----------------------------------------------------------------------------------------------------
    0: 1111001101011110000000101110001110001000... 100          0.0055960973
    1: 1111001101011110000000111110001110001000... 100          0.0054401377
    2: 1111001101011111000000111111001100000000... 100          0.0058795815
    3: 1111001001011110000000111110001110001000... 95           0.0058680718
    4: 1111001101011110001000111110001100001000... 96           0.0055627127
    5: 1111001101011110100000111110001110001000... 100          0.0057062616
    6: 1111001101111110000100111110001100001000... 100          0.0058857697
    7: 1111001101011010000000111110001110001000... 97           0.0055436663
    8: 1111001001011110000000111110001110001000... 98           0.0057861264
    9: 1111001101011110000000111110001100001000... 100          0.0056162126

Pickling population to: genetic_alg_settings_population_end.pkl

Hall of Fame:
Index: Selected                                    #Selected    CV          
----------------------------------------------------------------------------------------------------
    0: 1111000011001010000000001110001110001110... 100          0.0053054589
    1: 1111000011001110000000011110101100001110... 100          0.0053549346
    2: 1111000101001110000000111011001110001000... 100          0.0053707338
    3: 1111000011001111000100011110001100001110... 97           0.0053711192
    4: 1111000011001010000000001110001110001010... 94           0.0053721675
    5: 1111000011001010000000001110101110001110... 94           0.0053843825
    6: 1111000011011110000000001110101110001110... 100          0.0053886882
    7: 1111001011001010000000001110101110001110... 95           0.0053953035
    8: 1111000011001010000000001110101110001110... 93           0.0053981843
    9: 1111000011001110000010011110001100001110... 95           0.0054004397

Pickling Hall of Fame to: genetic_alg_settings_evolve_halloffame.pkl
Begin 9 of 20 repetitions
Begin 20 generations
gen	nevals	avg       	std        	min       	max       
0  	0     	0.00568846	0.000151581	0.00544014	0.00588577
1  	10    	0.00564973	0.000165586	0.00549809	0.0061086 
2  	10    	0.00562025	7.43229e-05	0.00547604	0.00576046
3  	10    	0.00564923	0.000103909	0.00543979	0.00583205
4  	10    	0.00569255	9.48547e-05	0.00553407	0.00585811
5  	10    	0.00580996	0.000332911	0.00544905	0.00645227
6  	10    	0.0056958 	0.000121786	0.00549607	0.00594692
7  	10    	0.00573199	0.000297084	0.00546682	0.00632218
8  	10    	0.00562466	9.36568e-05	0.00553559	0.00586276
9  	10    	0.00560419	0.00011795 	0.00544911	0.00582896
10 	10    	0.00558559	0.000108153	0.00542684	0.00576413
11 	10    	0.00564116	0.000248301	0.00533981	0.00626202
12 	10    	0.00557424	0.000138278	0.00541663	0.0059532 
13 	10    	0.00565015	0.000261483	0.00543193	0.00630121
14 	10    	0.00563981	0.000203338	0.00539901	0.00616944
15 	10    	0.00562052	0.00011415 	0.00548872	0.00591571
16 	10    	0.00560418	9.34669e-05	0.00544383	0.00574752
17 	10    	0.00566745	9.36051e-05	0.00548855	0.00579845
18 	10    	0.0058136 	0.000280028	0.0054652 	0.00633572
19 	10    	0.00575636	0.000389592	0.00543176	0.006879  
20 	10    	0.00561745	0.000111877	0.00546845	0.00585119
Runtime: 5.746425670997269 (s)


Final population:
Index: Selected                                    #Selected    CV          
----------------------------------------------------------------------------------------------------
    0: 1111000101011011100000101110001110001010... 100          0.0055929411
    1: 1111000101011011100000101110001110001010... 100          0.005562095 
    2: 1111100101011010100000101110001110001010... 98           0.0056980237
    3: 1111001101011010100000101110001110001010... 98           0.0056274676
    4: 1111000101011010100000101110001110001010... 96           0.0058511899
    5: 1111000101011010100000101110001110001010... 99           0.0055192079
    6: 1111000101011010100000101110001110001010... 100          0.0057161177
    7: 1111000100011010101000101110001110001010... 99           0.0056534033
    8: 1111000101011010100000101110001110001010... 100          0.0054684496
    9: 1111000101011010100010101110001110001110... 100          0.005485572 

Pickling population to: genetic_alg_settings_population_end.pkl

Hall of Fame:
Index: Selected                                    #Selected    CV          
----------------------------------------------------------------------------------------------------
    0: 1111000011001010000000001110001110001110... 100          0.0053054589
    1: 1111001101011010000000101110001100001010... 98           0.0053398094
    2: 1111000011001110000000011110101100001110... 100          0.0053549346
    3: 1111000101001110000000111011001110001000... 100          0.0053707338
    4: 1111000011001111000100011110001100001110... 97           0.0053711192
    5: 1111000011001010000000001110001110001010... 94           0.0053721675
    6: 1111000011001010000000001110101110001110... 94           0.0053843825
    7: 1111000011011110000000001110101110001110... 100          0.0053886882
    8: 1111001011001010000000001110101110001110... 95           0.0053953035
    9: 1111000011001010000000001110101110001110... 93           0.0053981843

Pickling Hall of Fame to: genetic_alg_settings_evolve_halloffame.pkl
Begin 10 of 20 repetitions
Begin 20 generations
gen	nevals	avg       	std        	min       	max       
0  	0     	0.00561745	0.000111877	0.00546845	0.00585119
1  	10    	0.00567114	0.000185811	0.00546316	0.00617074
2  	10    	0.00577113	0.000437385	0.00548295	0.00704122
3  	10    	0.00563946	0.000131388	0.00545791	0.00584209
4  	10    	0.00564058	0.000169109	0.00540298	0.00594468
5  	10    	0.00561052	0.00017778 	0.0054208 	0.006062  
6  	10    	0.00552706	0.000180097	0.00534904	0.00602695
7  	10    	0.00550705	9.15555e-05	0.00538954	0.00573058
8  	10    	0.00548001	9.16944e-05	0.00541772	0.00572361
9  	10    	0.00551771	0.000138214	0.00534023	0.00571488
10 	10    	0.00551097	0.000201568	0.00533374	0.00602959
11 	10    	0.0054833 	8.90233e-05	0.00535745	0.00565072
12 	10    	0.00553544	0.000117788	0.00540098	0.00576751
13 	10    	0.00549094	8.71808e-05	0.00537024	0.00564721
14 	10    	0.00558981	0.000261093	0.00538685	0.00632563
15 	10    	0.00560983	0.000203083	0.0053971 	0.00606173
16 	10    	0.00568101	0.000367797	0.00542819	0.00672387
17 	10    	0.00563786	0.000212888	0.00545401	0.00623367
18 	10    	0.00563964	7.48912e-05	0.00551573	0.0057708 
19 	10    	0.00572275	0.000225181	0.00547973	0.00614639
20 	10    	0.00573116	0.000140264	0.00550609	0.00602222
Runtime: 5.703534407999541 (s)


Final population:
Index: Selected                                    #Selected    CV          
----------------------------------------------------------------------------------------------------
    0: 1111000101111111100000101110001110011010... 100          0.0057306952
    1: 1111000101111111100010101111001110011010... 100          0.0055060902
    2: 1111000101011111100010101110001010011010... 99           0.0060222205
    3: 1111000101111111100010101110001110011010... 98           0.0056681848
    4: 1111000101111111100000101110001110011010... 97           0.0056224045
    5: 1111000101111111100000101110001110011010... 98           0.005734512 
    6: 1111000101111111100000101110001110011010... 97           0.0058144178
    7: 1111000101111111100000001110001110011010... 97           0.0055811453
    8: 1111000100011111100000101110001110011010... 98           0.0058454573
    9: 1111000101111111110000101110001110011010... 100          0.0057865066

Pickling population to: genetic_alg_settings_population_end.pkl

Hall of Fame:
Index: Selected                                    #Selected    CV          
----------------------------------------------------------------------------------------------------
    0: 1111000011001010000000001110001110001110... 100          0.0053054589
    1: 1111000101011011100010101110001110011010... 96           0.005333736 
    2: 1111001101011010000000101110001100001010... 98           0.0053398094
    3: 1111000101011011100010101110001110011010... 95           0.005340233 
    4: 1111000101011011100010101110001110011010... 92           0.0053478438
    5: 1111001101011111100010101110001110011010... 95           0.005348162 
    6: 1111000101011011100010101110001110011010... 95           0.0053490439
    7: 1111000011001110000000011110101100001110... 100          0.0053549346
    8: 1111000111011111100010101110001110011010... 92           0.0053574499
    9: 1111000101011011100010001111001110011010... 95           0.005370245 

Pickling Hall of Fame to: genetic_alg_settings_evolve_halloffame.pkl
Begin 11 of 20 repetitions
Begin 20 generations
gen	nevals	avg       	std        	min       	max       
0  	0     	0.00573116	0.000140264	0.00550609	0.00602222
1  	10    	0.00581129	0.000329116	0.00550864	0.00650364
2  	10    	0.00562188	8.32713e-05	0.00549577	0.0057665 
3  	10    	0.00570965	0.000229289	0.00552569	0.00628529
4  	10    	0.0058011 	0.000236695	0.00551231	0.00628771
5  	10    	0.00581405	0.000423623	0.0055376 	0.00704076
6  	10    	0.00568173	0.000138728	0.0055375 	0.00594776
7  	10    	0.00565292	0.000116448	0.00553752	0.0059597 
8  	10    	0.00560426	7.81956e-05	0.00540557	0.00568322
9  	10    	0.00563267	0.000209665	0.00538993	0.00612231
10 	10    	0.005521  	4.48152e-05	0.00546209	0.00561211
11 	10    	0.00558775	0.000164298	0.00542377	0.00596498
12 	10    	0.00565096	0.000343953	0.00540145	0.00663969
13 	10    	0.0055814 	0.000118371	0.00542013	0.00576544
14 	10    	0.00563545	0.000239902	0.00537192	0.0062134 
15 	10    	0.00565941	0.000395186	0.00537354	0.0066134 
16 	10    	0.0055381 	0.000221305	0.00533435	0.00614621
17 	10    	0.00555235	0.000324151	0.00528436	0.0064184 
18 	10    	0.00569709	0.000334105	0.0053188 	0.00625801
19 	10    	0.00551739	0.00027492 	0.00534523	0.00631367
20 	10    	0.00554577	0.000250273	0.00532396	0.00626468
Runtime: 5.7025797049973335 (s)


Final population:
Index: Selected                                    #Selected    CV          
----------------------------------------------------------------------------------------------------
    0: 1111000111111111100001101110001110011010... 100          0.0054541   
    1: 1111000111111111100000101110001110011010... 96           0.0054241917
    2: 1111000111111111100000101110001110011010... 97           0.0055391465
    3: 1111000111111111100000101110001110011010... 98           0.0056080895
    4: 1111000111111111100001101110001111011010... 100          0.005496213 
    5: 1111100111111111100000100111001110011010... 96           0.00626468  
    6: 1111000111111111100000101110001110011010... 97           0.0054848597
    7: 1111000111111111100000101110001110011010... 98           0.005451565 
    8: 1111000111111111100001101110001110011010... 99           0.0054109315
    9: 1111000111111111100000101110001110011010... 96           0.0053239583

Pickling population to: genetic_alg_settings_population_end.pkl

Hall of Fame:
Index: Selected                                    #Selected    CV          
----------------------------------------------------------------------------------------------------
    0: 1111000111111111100000101110001110011010... 94           0.0052843645
    1: 1111000011001010000000001110001110001110... 100          0.0053054589
    2: 1111000111111111100000101110001110011010... 98           0.0053188041
    3: 1111000111111111100000101110001110011010... 96           0.0053239583
    4: 1111000101011011100010101110001110011010... 96           0.005333736 
    5: 1111000111111111100000101010001110010010... 93           0.00533435  
    6: 1111000111111111100001101110001110011010... 98           0.0053394618
    7: 1111001101011010000000101110001100001010... 98           0.0053398094
    8: 1111000101011011100010101110001110011010... 95           0.005340233 
    9: 1111000111111110100000001010101110011010... 99           0.0053413485

Pickling Hall of Fame to: genetic_alg_settings_evolve_halloffame.pkl
Begin 12 of 20 repetitions
Begin 20 generations
gen	nevals	avg       	std        	min       	max       
0  	0     	0.00554577	0.000250273	0.00532396	0.00626468
1  	10    	0.00556643	0.00029704 	0.00536307	0.00631755
2  	10    	0.00542508	6.18689e-05	0.00531294	0.00555234
3  	10    	0.00548624	0.000194465	0.00529138	0.00594318
4  	10    	0.00559424	0.000319389	0.00534391	0.00628844
5  	10    	0.00563006	0.000270202	0.00531983	0.0061741 
6  	10    	0.00572037	0.000431634	0.00536032	0.00679079
7  	10    	0.00547665	0.000107538	0.00527868	0.00566743
8  	10    	0.00563681	0.000233726	0.00533544	0.00617266
9  	10    	0.0055859 	0.00021982 	0.00522046	0.0060814 
10 	10    	0.00570659	0.00036576 	0.00528031	0.00655931
11 	10    	0.00551642	0.000118924	0.00524035	0.00570136
12 	10    	0.00560188	0.000276881	0.00537982	0.00622392
13 	10    	0.00565517	0.00028304 	0.0053537 	0.00621081
14 	10    	0.00554602	0.000141948	0.00538449	0.00580478
15 	10    	0.0054168 	0.000118194	0.00529377	0.00570937
16 	10    	0.00540225	7.33188e-05	0.00527415	0.00550362
17 	10    	0.00544365	0.000164524	0.00528268	0.00576767
18 	10    	0.00537434	7.49856e-05	0.00526369	0.00552254
19 	10    	0.00541817	9.81443e-05	0.0053128 	0.00567297
20 	10    	0.00541071	6.57508e-05	0.00530258	0.00552013
Runtime: 5.7379721680008515 (s)


Final population:
Index: Selected                                    #Selected    CV          
----------------------------------------------------------------------------------------------------
    0: 1111000111111111100000101111001100011010... 96           0.0054112917
    1: 1111000111111111100000101111101110011010... 99           0.0054726012
    2: 1111000111111111100000101111001110011010... 99           0.0053803802
    3: 1111000111101111111000101110001110011010... 100          0.0055201297
    4: 1111000111111111110000101111001110011010... 100          0.0053025796
    5: 1111000111111111110000101110001110011000... 100          0.0054315936
    6: 1111000111111110100000101110001110011010... 93           0.00532072  
    7: 1111000111111111110000001111001110011010... 99           0.0053768761
    8: 1111000111001111100000101110001100011010... 100          0.0054085767
    9: 1111000111111111111000101111001110011010... 100          0.0054823513

Pickling population to: genetic_alg_settings_population_end.pkl

Hall of Fame:
Index: Selected                                    #Selected    CV          
----------------------------------------------------------------------------------------------------
    0: 1111000111111111100000101110001110011010... 98           0.005220456 
    1: 1111000101111111100000101111001110001010... 93           0.005240351 
    2: 1111000111111111010000101111001110011010... 100          0.0052636899
    3: 1111000111111111110000101111001110011010... 100          0.0052741502
    4: 1111000111111111100000101110001110011010... 96           0.0052786823
    5: 1111000111111111100000101110001110001010... 97           0.0052803138
    6: 1111000111111111110000101111001110011010... 100          0.0052826789
    7: 1111000111111111100000101110001110011010... 94           0.0052843645
    8: 1111000111111111100000101110001110011010... 100          0.0052913764
    9: 1111000111111111100000101111001110011010... 98           0.0052917698

Pickling Hall of Fame to: genetic_alg_settings_evolve_halloffame.pkl
Begin 13 of 20 repetitions
Begin 20 generations
gen	nevals	avg       	std        	min       	max       
0  	0     	0.00541071	6.57508e-05	0.00530258	0.00552013
1  	10    	0.00548137	0.000194934	0.0053051 	0.00597916
2  	10    	0.00563115	0.000223743	0.00538502	0.00603763
3  	10    	0.00557114	0.000387187	0.00532562	0.00668325
4  	10    	0.00539749	5.53723e-05	0.00531273	0.00550671
5  	10    	0.00557002	0.000477059	0.00532628	0.00698985
6  	10    	0.00543006	0.000108392	0.00530393	0.00564405
7  	10    	0.00547774	0.000138404	0.00530676	0.0057823 
8  	10    	0.00553909	0.000274655	0.00529242	0.00631374
9  	10    	0.00543333	9.58979e-05	0.00525827	0.00559597
10 	10    	0.00555607	0.000271397	0.00531795	0.00631871
11 	10    	0.00559508	0.000226874	0.00531553	0.00605222
12 	10    	0.00561075	0.000150343	0.00543244	0.00589091
13 	10    	0.00559775	0.000176309	0.005345  	0.0059652 
14 	10    	0.00558567	9.58073e-05	0.00540668	0.00577615
15 	10    	0.00558188	8.53766e-05	0.00539494	0.0057331 
16 	10    	0.00550643	8.93417e-05	0.00535918	0.00564795
17 	10    	0.00569646	0.000239119	0.00549043	0.00614579
18 	10    	0.00560165	0.00016245 	0.00541099	0.00590574
19 	10    	0.00569861	0.000245894	0.00540191	0.00611334
20 	10    	0.00571818	0.000330467	0.00542977	0.00663239
Runtime: 5.717668618999596 (s)


Final population:
Index: Selected                                    #Selected    CV          
----------------------------------------------------------------------------------------------------
    0: 1111010110110111000000101111001110011010... 99           0.0055091596
    1: 1111010110111111100001101011001110011010... 100          0.0058051061
    2: 1111010110111111000000101011000110011110... 98           0.0057214133
    3: 1111010110111111000000101111001110001010... 100          0.0056600211
    4: 1111010110110111000000101111001110011110... 99           0.00560552  
    5: 1111010110111111000000101011001110011010... 95           0.0054325698
    6: 1111010110111111000000101011001100011010... 92           0.0057999917
    7: 1111010110111111000000101110001110001010... 100          0.0055858081
    8: 1110010110111111000000101111000110011110... 99           0.0066323941
    9: 1111010110110111000000101110001110011010... 99           0.0054297711

Pickling population to: genetic_alg_settings_population_end.pkl

Hall of Fame:
Index: Selected                                    #Selected    CV          
----------------------------------------------------------------------------------------------------
    0: 1111000111111111100000101110001110011010... 98           0.005220456 
    1: 1111000101111111100000101111001110001010... 93           0.005240351 
    2: 1111000111111111000000101111001110011010... 99           0.0052582659
    3: 1111000111111111010000101111001110011010... 100          0.0052636899
    4: 1111000111111111110000101111001110011010... 100          0.0052741502
    5: 1111000111111111100000101110001110011010... 96           0.0052786823
    6: 1111000111111111100000101110001110001010... 97           0.0052803138
    7: 1111000111111111110000101111001110011010... 100          0.0052826789
    8: 1111000111111111100000101110001110011010... 94           0.0052843645
    9: 1111000111111111100000101110001110011010... 100          0.0052913764

Pickling Hall of Fame to: genetic_alg_settings_evolve_halloffame.pkl
Begin 14 of 20 repetitions
Begin 20 generations
gen	nevals	avg       	std        	min       	max       
0  	0     	0.00571818	0.000330467	0.00542977	0.00663239
1  	10    	0.00560685	0.000131393	0.0054651 	0.00589692
2  	10    	0.00560831	0.000109097	0.00546977	0.00583586
3  	10    	0.00563331	0.000122978	0.00547402	0.00585229
4  	10    	0.00557067	4.16434e-05	0.00551526	0.00563327
5  	10    	0.00570688	0.000190265	0.0055015 	0.00613798
6  	10    	0.00568248	0.000174031	0.0053863 	0.00598674
7  	10    	0.00578383	0.000252781	0.00549368	0.00636097
8  	10    	0.00570935	0.00024481 	0.00548355	0.00622211
9  	10    	0.00593416	0.000320856	0.00555791	0.00665922
10 	10    	0.00568431	0.000163022	0.00556731	0.00612589
11 	10    	0.00576751	0.000285065	0.00546771	0.00643296
12 	10    	0.00565728	0.000110421	0.00553524	0.00593368
13 	10    	0.00575613	0.000177455	0.00558044	0.00617537
14 	10    	0.00568584	0.000139203	0.00553689	0.00605515
15 	10    	0.00570293	9.85905e-05	0.00558296	0.00588226
16 	10    	0.00579801	0.000282653	0.00550635	0.00653011
17 	10    	0.00572012	0.000165994	0.00548128	0.00615071
18 	10    	0.00579366	0.000361856	0.00552876	0.00683606
19 	10    	0.00565298	0.000136796	0.00548326	0.00593453
20 	10    	0.00577331	0.000209366	0.00555263	0.00627928
Runtime: 5.75215477600068 (s)


Final population:
Index: Selected                                    #Selected    CV          
----------------------------------------------------------------------------------------------------
    0: 1111000110101100010100101010001110110011... 100          0.0055526314
    1: 1111000100111100000000111010001100110011... 99           0.0059124357
    2: 1111000110111100000100111010001110110011... 98           0.0056174392
    3: 1111010100111100010000101010001110110011... 98           0.0056537969
    4: 1111000100111100010000101000101110110011... 100          0.0062792764
    5: 1111000110111100000100101000001110010011... 100          0.0059778007
    6: 1111010110111100010100001010001110010011... 100          0.0057265799
    7: 1111000110111100000000101010001110110011... 94           0.0056741734
    8: 1111000110111100000000101010001110010011... 99           0.0056568288
    9: 1111000110111100000000101010001110010011... 100          0.0056821463

Pickling population to: genetic_alg_settings_population_end.pkl

Hall of Fame:
Index: Selected                                    #Selected    CV          
----------------------------------------------------------------------------------------------------
    0: 1111000111111111100000101110001110011010... 98           0.005220456 
    1: 1111000101111111100000101111001110001010... 93           0.005240351 
    2: 1111000111111111000000101111001110011010... 99           0.0052582659
    3: 1111000111111111010000101111001110011010... 100          0.0052636899
    4: 1111000111111111110000101111001110011010... 100          0.0052741502
    5: 1111000111111111100000101110001110011010... 96           0.0052786823
    6: 1111000111111111100000101110001110001010... 97           0.0052803138
    7: 1111000111111111110000101111001110011010... 100          0.0052826789
    8: 1111000111111111100000101110001110011010... 94           0.0052843645
    9: 1111000111111111100000101110001110011010... 100          0.0052913764

Pickling Hall of Fame to: genetic_alg_settings_evolve_halloffame.pkl
Begin 15 of 20 repetitions
Begin 20 generations
gen	nevals	avg       	std        	min       	max       
0  	0     	0.00577331	0.000209366	0.00555263	0.00627928
1  	10    	0.00570832	0.000175186	0.00544489	0.00603426
2  	10    	0.00578069	0.000246605	0.00544647	0.00626249
3  	10    	0.00567544	0.000201164	0.00545583	0.00618155
4  	10    	0.00567699	0.000295237	0.00544196	0.006458  
5  	10    	0.00557294	9.36108e-05	0.00546659	0.00572788
6  	10    	0.00574078	0.000355975	0.00542796	0.00647108
7  	10    	0.00577163	0.000327368	0.00543465	0.00651636
8  	10    	0.00565833	0.00026965 	0.00540346	0.00637264
9  	10    	0.00551837	0.000172006	0.00533733	0.00596185
10 	10    	0.00561425	0.000225671	0.00533153	0.00616406
11 	10    	0.00554896	0.000253744	0.0053147 	0.00619503
12 	10    	0.00559625	0.000210136	0.00535982	0.00612893
13 	10    	0.00558254	0.000427552	0.00533543	0.00684009
14 	10    	0.00550259	0.000251856	0.00531758	0.00619439
15 	10    	0.00550748	0.00015508 	0.00535708	0.00581373
16 	10    	0.00550312	0.000134956	0.00527207	0.00581585
17 	10    	0.0054949 	0.000156131	0.00529164	0.00584427
18 	10    	0.00555496	0.000202696	0.00534789	0.00606185
19 	10    	0.00555082	0.000103102	0.00536731	0.00574414
20 	10    	0.00560752	0.000209448	0.00534709	0.006027  
Runtime: 5.7431173990007665 (s)


Final population:
Index: Selected                                    #Selected    CV          
----------------------------------------------------------------------------------------------------
    0: 1111000110001000010000101110001110000011... 99           0.0057332977
    1: 1111000111101000010000101010001110010011... 97           0.005368962 
    2: 1111000111101000010000101010001110000011... 91           0.0054435539
    3: 1110000111101100010000111010001110010011... 99           0.0060269984
    4: 1111010111101100010000101010001110000011... 100          0.0054015791
    5: 1111000111101000110000111010001110010011... 97           0.0057584782
    6: 1111100111101100010000101010001110010010... 100          0.0055662137
    7: 1111000101101100010010101010001110010011... 100          0.0056621747
    8: 1111000111101000010000111010000110000011... 96           0.0057668687
    9: 1111001111101000010000101010101110010011... 100          0.0053470945

Pickling population to: genetic_alg_settings_population_end.pkl

Hall of Fame:
Index: Selected                                    #Selected    CV          
----------------------------------------------------------------------------------------------------
    0: 1111000111111111100000101110001110011010... 98           0.005220456 
    1: 1111000101111111100000101111001110001010... 93           0.005240351 
    2: 1111000111111111000000101111001110011010... 99           0.0052582659
    3: 1111000111111111010000101111001110011010... 100          0.0052636899
    4: 1111000111101000010000101010001110010011... 99           0.0052720708
    5: 1111000111111111110000101111001110011010... 100          0.0052741502
    6: 1111000111111111100000101110001110011010... 96           0.0052786823
    7: 1111000111111111100000101110001110001010... 97           0.0052803138
    8: 1111000111111111110000101111001110011010... 100          0.0052826789
    9: 1111000111111111100000101110001110011010... 94           0.0052843645

Pickling Hall of Fame to: genetic_alg_settings_evolve_halloffame.pkl
Begin 16 of 20 repetitions
Begin 20 generations
gen	nevals	avg       	std        	min       	max     
0  	0     	0.00560752	0.000209448	0.00534709	0.006027
1  	10    	0.00554869	0.000188836	0.00533302	0.00594817
2  	10    	0.0054891 	0.00010191 	0.00529506	0.00565129
3  	10    	0.00547855	0.000166469	0.00531208	0.0058993 
4  	10    	0.00548136	0.00018014 	0.00529815	0.00585003
5  	10    	0.00557341	0.00018806 	0.00534191	0.00603763
6  	10    	0.00561955	0.000200101	0.0053382 	0.00604687
7  	10    	0.0054645 	0.000116792	0.00531599	0.00568168
8  	10    	0.00545337	0.00012946 	0.00529481	0.00580671
9  	10    	0.00545035	0.000108463	0.00530683	0.00566561
10 	10    	0.00543861	0.000177005	0.00528003	0.00592886
11 	10    	0.0054034 	9.09779e-05	0.00523397	0.00552543
12 	10    	0.00548947	0.000118507	0.00531518	0.00570202
13 	10    	0.00556902	0.000247861	0.00534521	0.00625329
14 	10    	0.00548845	0.000106619	0.00535595	0.00572147
15 	10    	0.00548423	0.000150479	0.00536331	0.00579399
16 	10    	0.00547766	0.000107461	0.00526435	0.00563664
17 	10    	0.0055086 	0.000132789	0.00534533	0.00580344
18 	10    	0.00558333	0.00021567 	0.00526399	0.00602983
19 	10    	0.00555013	0.000246156	0.00532209	0.00618024
20 	10    	0.00546843	0.000125293	0.0053222 	0.0056887 
Runtime: 5.727803090001544 (s)


Final population:
Index: Selected                                    #Selected    CV          
----------------------------------------------------------------------------------------------------
    0: 1111001111101100011000001010000110000111... 97           0.0054089994
    1: 1111000111101100111000001010000110000111... 100          0.0053857415
    2: 1111001111101100010000001000000110000010... 96           0.0056622983
    3: 1111001111101100010000001010000110000010... 100          0.005346028 
    4: 1111001111101100011000001010000110000010... 100          0.0053221952
    5: 1111001111101100010000001010000110000111... 100          0.0055566459
    6: 1111001011101100010000001010100110000111... 97           0.0056886967
    7: 1111001111101100011000001010000110000111... 97           0.0053470509
    8: 1111001011101100010000001010001110000010... 99           0.0055076887
    9: 1111001111101100010000001010000110000010... 99           0.0054589695

Pickling population to: genetic_alg_settings_population_end.pkl

Hall of Fame:
Index: Selected                                    #Selected    CV          
----------------------------------------------------------------------------------------------------
    0: 1111000111111111100000101110001110011010... 98           0.005220456 
    1: 1111001111101100010000001110001110000011... 100          0.0052339654
    2: 1111000101111111100000101111001110001010... 93           0.005240351 
    3: 1111000111111111000000101111001110011010... 99           0.0052582659
    4: 1111000111111111010000101111001110011010... 100          0.0052636899
    5: 1111001111101100011000001010000110000111... 98           0.0052639924
    6: 1111001111101100010000001010001110000010... 97           0.005264352 
    7: 1111000111101000010000101010001110010011... 99           0.0052720708
    8: 1111000111111111110000101111001110011010... 100          0.0052741502
    9: 1111000111111111100000101110001110011010... 96           0.0052786823

Pickling Hall of Fame to: genetic_alg_settings_evolve_halloffame.pkl
Begin 17 of 20 repetitions
Begin 20 generations
gen	nevals	avg       	std        	min      	max      
0  	0     	0.00546843	0.000125293	0.0053222	0.0056887
1  	10    	0.00550735	0.000161693	0.00532464	0.00591153
2  	10    	0.00554403	0.000225279	0.00530478	0.00605359
3  	10    	0.00554725	0.000228797	0.00530921	0.00614281
4  	10    	0.00553476	0.000190081	0.00533426	0.00590558
5  	10    	0.00551406	0.000105968	0.00540125	0.00571857
6  	10    	0.00550213	0.000119559	0.00533746	0.00572189
7  	10    	0.00551159	9.64952e-05	0.00537531	0.00569454
8  	10    	0.00555639	0.000170912	0.00541809	0.00599144
9  	10    	0.00547983	0.000114953	0.00532733	0.00571459
10 	10    	0.00538657	8.19156e-05	0.00522667	0.00557206
11 	10    	0.00538532	7.57534e-05	0.00528607	0.00552815
12 	10    	0.005457  	0.000182444	0.00528954	0.0059161 
13 	10    	0.00549886	0.00013057 	0.00537907	0.00581905
14 	10    	0.00550582	0.000218269	0.00526408	0.00608509
15 	10    	0.00543418	4.49638e-05	0.00537555	0.0055209 
16 	10    	0.00549286	0.000106494	0.00533547	0.00567703
17 	10    	0.00542487	6.62872e-05	0.00529977	0.00554239
18 	10    	0.00549642	8.53331e-05	0.00539121	0.00565238
19 	10    	0.00568173	0.000337487	0.00539228	0.00649209
20 	10    	0.00563622	0.000326177	0.00536366	0.00655906
Runtime: 5.721580589000951 (s)


Final population:
Index: Selected                                    #Selected    CV          
----------------------------------------------------------------------------------------------------
    0: 1111111011101100010000011010000110000010... 99           0.0055163398
    1: 1111111111101100010000011010000110000010... 99           0.0054014201
    2: 1111111111101100010000011010000110000010... 100          0.0054196087
    3: 1111111111101100010000011010000110000010... 100          0.0055254811
    4: 1111111011101100010000011010000110000010... 100          0.0057178998
    5: 1111111111101100010000011010000110000010... 100          0.005363658 
    6: 1110111111101100010000010010000110000010... 100          0.0065590583
    7: 1111111101101100010000011010000110000001... 100          0.0055871008
    8: 1111111011101100010000011010000110000010... 98           0.0056253111
    9: 1111111111100100010000011010000110000010... 98           0.0056463199

Pickling population to: genetic_alg_settings_population_end.pkl

Hall of Fame:
Index: Selected                                    #Selected    CV          
----------------------------------------------------------------------------------------------------
    0: 1111000111111111100000101110001110011010... 98           0.005220456 
    1: 1111001111101110010000011010000110000010... 97           0.0052266672
    2: 1111001111101100010000001110001110000011... 100          0.0052339654
    3: 1111000101111111100000101111001110001010... 93           0.005240351 
    4: 1111000111111111000000101111001110011010... 99           0.0052582659
    5: 1111000111111111010000101111001110011010... 100          0.0052636899
    6: 1111001111101100011000001010000110000111... 98           0.0052639924
    7: 1111001111101100010000011010000110000010... 95           0.0052640847
    8: 1111001111101100010000001010001110000010... 97           0.005264352 
    9: 1111000111101000010000101010001110010011... 99           0.0052720708

Pickling Hall of Fame to: genetic_alg_settings_evolve_halloffame.pkl
Begin 18 of 20 repetitions
Begin 20 generations
gen	nevals	avg       	std        	min       	max       
0  	0     	0.00563622	0.000326177	0.00536366	0.00655906
1  	10    	0.00562906	0.000205161	0.0054411 	0.00614605
2  	10    	0.00553994	0.000166313	0.0054185 	0.00597652
3  	10    	0.00574159	0.000453109	0.00536051	0.00694586
4  	10    	0.0056431 	0.000250682	0.00538098	0.00619375
5  	10    	0.00569789	0.000246662	0.00548875	0.00636942
6  	10    	0.00570296	0.000212179	0.00544296	0.00626204
7  	10    	0.00562468	8.51852e-05	0.00552229	0.00582439
8  	10    	0.00579103	0.00034557 	0.00549486	0.00653088
9  	10    	0.00560307	0.000183951	0.00545792	0.00610282
10 	10    	0.0055353 	7.35e-05   	0.0054282 	0.00571201
11 	10    	0.00574378	0.000239537	0.00547425	0.00633984
12 	10    	0.00562398	8.84457e-05	0.00553296	0.00581136
13 	10    	0.00568516	0.000136428	0.00547967	0.00598461
14 	10    	0.00568247	0.000171763	0.00556414	0.00615576
15 	10    	0.00563148	6.95347e-05	0.00555555	0.00579709
16 	10    	0.0057128 	0.000118576	0.00552906	0.00593258
17 	10    	0.00576944	0.000302507	0.00549985	0.00638549
18 	10    	0.0057652 	0.000213244	0.00548872	0.00624456
19 	10    	0.00591946	0.000358069	0.00562277	0.0066634 
20 	10    	0.0057184 	0.000256027	0.00545687	0.00644184
Runtime: 5.7635363600020355 (s)


Final population:
Index: Selected                                    #Selected    CV          
----------------------------------------------------------------------------------------------------
    0: 1111001111101100010001011010010100000010... 95           0.005686672 
    1: 1111001111101100010001011010010100000010... 96           0.0056806207
    2: 1111011111101100010001011010010100000110... 100          0.0054984214
    3: 1110001111101100010001010010010110000010... 95           0.0064418411
    4: 1111101111101100010001011010000110000010... 95           0.0056315206
    5: 1111101111101100010001001010010110000010... 97           0.0056873817
    6: 1111011111101100010001011010110110100010... 100          0.0057410735
    7: 1111101111111100010000001010000110000010... 99           0.0054568731
    8: 1111111111101100010001011010010100000010... 99           0.0057010493
    9: 1111101111101100010001011010000110000010... 98           0.0056585434

Pickling population to: genetic_alg_settings_population_end.pkl

Hall of Fame:
Index: Selected                                    #Selected    CV          
----------------------------------------------------------------------------------------------------
    0: 1111000111111111100000101110001110011010... 98           0.005220456 
    1: 1111001111101110010000011010000110000010... 97           0.0052266672
    2: 1111001111101100010000001110001110000011... 100          0.0052339654
    3: 1111000101111111100000101111001110001010... 93           0.005240351 
    4: 1111000111111111000000101111001110011010... 99           0.0052582659
    5: 1111000111111111010000101111001110011010... 100          0.0052636899
    6: 1111001111101100011000001010000110000111... 98           0.0052639924
    7: 1111001111101100010000011010000110000010... 95           0.0052640847
    8: 1111001111101100010000001010001110000010... 97           0.005264352 
    9: 1111000111101000010000101010001110010011... 99           0.0052720708

Pickling Hall of Fame to: genetic_alg_settings_evolve_halloffame.pkl
Begin 19 of 20 repetitions
Begin 20 generations
gen	nevals	avg      	std        	min       	max       
0  	0     	0.0057184	0.000256027	0.00545687	0.00644184
1  	10    	0.00566318	0.000145919	0.00547075	0.00602466
2  	10    	0.00564333	0.000119209	0.00547618	0.00587129
3  	10    	0.00563972	0.000127186	0.00548486	0.00587815
4  	10    	0.00560815	0.000150499	0.00539173	0.0060048 
5  	10    	0.00562151	0.000245386	0.00542642	0.00629533
6  	10    	0.00564489	0.000154735	0.00545142	0.00601085
7  	10    	0.00567825	0.000258397	0.00548727	0.00621719
8  	10    	0.00559232	0.000106035	0.00541747	0.00584901
9  	10    	0.00566346	0.000277831	0.00540532	0.00641698
10 	10    	0.00567806	0.000312365	0.00550565	0.00660448
11 	10    	0.00574815	0.000325293	0.00551209	0.00659978
12 	10    	0.00561474	0.000101859	0.00544767	0.00576987
13 	10    	0.00572804	0.000279245	0.00549438	0.006539  
14 	10    	0.00565182	0.000124574	0.00545329	0.00588665
15 	10    	0.00559811	7.85561e-05	0.0054588 	0.00569496
16 	10    	0.00571051	0.000277495	0.00544908	0.00644606
17 	10    	0.00572593	0.000247556	0.00546432	0.00627361
18 	10    	0.00571786	0.000243803	0.00541813	0.00618475
19 	10    	0.00574737	0.000341427	0.00546572	0.00664558
20 	10    	0.00567022	8.29264e-05	0.00554356	0.00585061
Runtime: 5.73804935500084 (s)


Final population:
Index: Selected                                    #Selected    CV          
----------------------------------------------------------------------------------------------------
    0: 1111100111101100010101111011000110010010... 99           0.0056787549
    1: 1111100011101100010101111011000110000010... 98           0.0058506073
    2: 1111110111101110010001011011010110000000... 95           0.0057023561
    3: 1111110111101100010000011111010111000000... 99           0.0056749177
    4: 1111110111101110010000011111010110000100... 98           0.0056138295
    5: 1111100111101100010001011011000111000010... 98           0.0056764006
    6: 1111110111101100010001011111000101000010... 100          0.0055435613
    7: 1111100111101110010100111011010110000000... 97           0.0056850601
    8: 1111100111101100010001011011000110000010... 96           0.0055559383
    9: 1111100111101100010101111010000110000010... 99           0.005720813 

Pickling population to: genetic_alg_settings_population_end.pkl

Hall of Fame:
Index: Selected                                    #Selected    CV          
----------------------------------------------------------------------------------------------------
    0: 1111000111111111100000101110001110011010... 98           0.005220456 
    1: 1111001111101110010000011010000110000010... 97           0.0052266672
    2: 1111001111101100010000001110001110000011... 100          0.0052339654
    3: 1111000101111111100000101111001110001010... 93           0.005240351 
    4: 1111000111111111000000101111001110011010... 99           0.0052582659
    5: 1111000111111111010000101111001110011010... 100          0.0052636899
    6: 1111001111101100011000001010000110000111... 98           0.0052639924
    7: 1111001111101100010000011010000110000010... 95           0.0052640847
    8: 1111001111101100010000001010001110000010... 97           0.005264352 
    9: 1111000111101000010000101010001110010011... 99           0.0052720708

Pickling Hall of Fame to: genetic_alg_settings_evolve_halloffame.pkl
Begin 20 of 20 repetitions
Begin 20 generations
gen	nevals	avg       	std        	min       	max       
0  	0     	0.00567022	8.29264e-05	0.00554356	0.00585061
1  	10    	0.0056558 	0.00019144 	0.00544604	0.0061441 
2  	10    	0.00561197	0.000177997	0.00540968	0.00605723
3  	10    	0.0055766 	9.94616e-05	0.00543155	0.00576142
4  	10    	0.00563882	0.000143851	0.00542373	0.00595506
5  	10    	0.00578736	0.0003189  	0.00549455	0.00660655
6  	10    	0.00593948	0.000326902	0.00548222	0.00646631
7  	10    	0.0056817 	0.000171212	0.00541877	0.006033  
8  	10    	0.00558305	0.000120022	0.00541481	0.00582037
9  	10    	0.00554241	7.45843e-05	0.00543832	0.00570427
10 	10    	0.00566922	0.000315211	0.00538499	0.0064767 
11 	10    	0.00562984	0.000188108	0.00544136	0.00608382
12 	10    	0.00559155	9.08118e-05	0.0054845 	0.00580036
13 	10    	0.00555153	8.73067e-05	0.00535483	0.00564599
14 	10    	0.00557547	0.000141345	0.00541983	0.00582713
15 	10    	0.00548698	7.07877e-05	0.00542328	0.00565555
16 	10    	0.00561396	0.000257564	0.00540504	0.00631026
17 	10    	0.00566799	0.000255643	0.00537606	0.00621826
18 	10    	0.0056038 	0.000139838	0.0054185 	0.00587798
19 	10    	0.00564648	0.000143785	0.00545472	0.00592009
20 	10    	0.00570367	0.000226817	0.00553686	0.00633227
Runtime: 5.739164316000824 (s)


Final population:
Index: Selected                                    #Selected    CV          
----------------------------------------------------------------------------------------------------
    0: 1111100111101101010000011011000100000011... 100          0.0055757163
    1: 1111000111101101010001011011010100000011... 100          0.0056099957
    2: 1111000111101101000001011011000100000011... 99           0.0057149719
    3: 1111000111101101010001011011000100000011... 100          0.0055368584
    4: 1111000111101101010000011011010100000011... 100          0.0055536473
    5: 1111000111101101010000011011011100000011... 99           0.0056215588
    6: 1111000111101101010001011011000100000011... 100          0.005838799 
    7: 1111000111101101010001011011000100000011... 99           0.005568187 
    8: 1111000111101101000001011011000000000011... 96           0.0063322656
    9: 1111000111101101010001011011000100000011... 98           0.0056847095

Pickling population to: genetic_alg_settings_population_end.pkl

Hall of Fame:
Index: Selected                                    #Selected    CV          
----------------------------------------------------------------------------------------------------
    0: 1111000111111111100000101110001110011010... 98           0.005220456 
    1: 1111001111101110010000011010000110000010... 97           0.0052266672
    2: 1111001111101100010000001110001110000011... 100          0.0052339654
    3: 1111000101111111100000101111001110001010... 93           0.005240351 
    4: 1111000111111111000000101111001110011010... 99           0.0052582659
    5: 1111000111111111010000101111001110011010... 100          0.0052636899
    6: 1111001111101100011000001010000110000111... 98           0.0052639924
    7: 1111001111101100010000011010000110000010... 95           0.0052640847
    8: 1111001111101100010000001010001110000010... 97           0.005264352 
    9: 1111000111101000010000101010001110010011... 99           0.0052720708

Pickling Hall of Fame to: genetic_alg_settings_evolve_halloffame.pkl
#   DONE  Runtime: 111.01242181899943 (s)

Adding statistics...
  DONE

Result:
Index: Selected                                    #Selected    CV           RMS          wRMS         Estimator                FeatureSelection         Note
--------------------------------------------------------------------------------------------------------------------------------------------------------------------
    0: 1111000111111111100000101110001110011010... 98           0.005220456  0.0043399748 0.0043842852 LinearRegression         GeneticAlgorithm         
    1: 1111001111101110010000011010000110000010... 97           0.0052266672 0.0043651526 0.0043934705 LinearRegression         GeneticAlgorithm         
    2: 1111001111101100010000001110001110000011... 100          0.0052339654 0.004369216  0.0043917231 LinearRegression         GeneticAlgorithm         
    3: 1111000101111111100000101111001110001010... 93           0.005240351  0.0044033519 0.0044469802 LinearRegression         GeneticAlgorithm         
    4: 1111000111111111000000101111001110011010... 99           0.0052582659 0.0043581632 0.0043990081 LinearRegression         GeneticAlgorithm         
    5: 1111000111111111010000101111001110011010... 100          0.0052636899 0.0043257482 0.0043580404 LinearRegression         GeneticAlgorithm         
    6: 1111001111101100011000001010000110000111... 98           0.0052639924 0.0043498995 0.0043732089 LinearRegression         GeneticAlgorithm         
    7: 1111001111101100010000011010000110000010... 95           0.0052640847 0.004433415  0.0044564689 LinearRegression         GeneticAlgorithm         
    8: 1111001111101100010000001010001110000010... 97           0.005264352  0.004400258  0.0044221051 LinearRegression         GeneticAlgorithm         
    9: 1111000111101000010000101010001110010011... 99           0.0052720708 0.0043873216 0.0044149832 LinearRegression         GeneticAlgorithm         

Pickling Hall of Fame to: genetic_alg_settings_halloffame.pkl
